[2023-02-08 00:44:54,717] {taskinstance.py:1179} INFO - Dependencies all met for <TaskInstance: 09_Xcoms.task_3_pull scheduled__2023-01-15T00:00:00+00:00 [queued]>
[2023-02-08 00:44:54,736] {taskinstance.py:1179} INFO - Dependencies all met for <TaskInstance: 09_Xcoms.task_3_pull scheduled__2023-01-15T00:00:00+00:00 [queued]>
[2023-02-08 00:44:54,736] {taskinstance.py:1376} INFO - 
--------------------------------------------------------------------------------
[2023-02-08 00:44:54,737] {taskinstance.py:1377} INFO - Starting attempt 1 of 1
[2023-02-08 00:44:54,737] {taskinstance.py:1378} INFO - 
--------------------------------------------------------------------------------
[2023-02-08 00:44:54,765] {taskinstance.py:1397} INFO - Executing <Task(PythonOperator): task_3_pull> on 2023-01-15 00:00:00+00:00
[2023-02-08 00:44:54,769] {standard_task_runner.py:52} INFO - Started process 53120 to run task
[2023-02-08 00:44:54,775] {standard_task_runner.py:79} INFO - Running: ['airflow', 'tasks', 'run', '09_Xcoms', 'task_3_pull', 'scheduled__2023-01-15T00:00:00+00:00', '--job-id', '1323', '--raw', '--subdir', 'DAGS_FOLDER/09_xcoms.py', '--cfg-path', '/tmp/tmp5my5tbkw', '--error-file', '/tmp/tmpubz493pt']
[2023-02-08 00:44:54,777] {standard_task_runner.py:80} INFO - Job 1323: Subtask task_3_pull
[2023-02-08 00:44:54,999] {task_command.py:371} INFO - Running <TaskInstance: 09_Xcoms.task_3_pull scheduled__2023-01-15T00:00:00+00:00 [running]> on host pc.
[2023-02-08 00:44:55,116] {taskinstance.py:1589} INFO - Exporting the following env vars:
AIRFLOW_CTX_DAG_OWNER=airflow
AIRFLOW_CTX_DAG_ID=09_Xcoms
AIRFLOW_CTX_TASK_ID=task_3_pull
AIRFLOW_CTX_EXECUTION_DATE=2023-01-15T00:00:00+00:00
AIRFLOW_CTX_TRY_NUMBER=1
AIRFLOW_CTX_DAG_RUN_ID=scheduled__2023-01-15T00:00:00+00:00
[2023-02-08 00:44:55,126] {logging_mixin.py:115} INFO - 9
[2023-02-08 00:44:55,126] {python.py:173} INFO - Done. Returned value was: None
[2023-02-08 00:44:55,140] {taskinstance.py:1415} INFO - Marking task as SUCCESS. dag_id=09_Xcoms, task_id=task_3_pull, execution_date=20230115T000000, start_date=20230208T054454, end_date=20230208T054455
[2023-02-08 00:44:55,188] {local_task_job.py:156} INFO - Task exited with return code 0
[2023-02-08 00:44:55,214] {local_task_job.py:273} INFO - 0 downstream tasks scheduled from follow-on schedule check
