[2023-02-05 17:50:53,159] {taskinstance.py:1179} INFO - Dependencies all met for <TaskInstance: orchestration.task_5 scheduled__2023-01-22T00:00:00+00:00 [queued]>
[2023-02-05 17:50:53,169] {taskinstance.py:1179} INFO - Dependencies all met for <TaskInstance: orchestration.task_5 scheduled__2023-01-22T00:00:00+00:00 [queued]>
[2023-02-05 17:50:53,169] {taskinstance.py:1376} INFO - 
--------------------------------------------------------------------------------
[2023-02-05 17:50:53,169] {taskinstance.py:1377} INFO - Starting attempt 1 of 1
[2023-02-05 17:50:53,169] {taskinstance.py:1378} INFO - 
--------------------------------------------------------------------------------
[2023-02-05 17:50:53,193] {taskinstance.py:1397} INFO - Executing <Task(BashOperator): task_5> on 2023-01-22 00:00:00+00:00
[2023-02-05 17:50:53,197] {standard_task_runner.py:52} INFO - Started process 30272 to run task
[2023-02-05 17:50:53,202] {standard_task_runner.py:79} INFO - Running: ['airflow', 'tasks', 'run', 'orchestration', 'task_5', 'scheduled__2023-01-22T00:00:00+00:00', '--job-id', '139', '--raw', '--subdir', 'DAGS_FOLDER/5_orchestration_2.py', '--cfg-path', '/tmp/tmpfmcxx0m2', '--error-file', '/tmp/tmput62177n']
[2023-02-05 17:50:53,203] {standard_task_runner.py:80} INFO - Job 139: Subtask task_5
[2023-02-05 17:50:53,279] {task_command.py:371} INFO - Running <TaskInstance: orchestration.task_5 scheduled__2023-01-22T00:00:00+00:00 [running]> on host pc.
[2023-02-05 17:50:53,370] {taskinstance.py:1589} INFO - Exporting the following env vars:
AIRFLOW_CTX_DAG_OWNER=airflow
AIRFLOW_CTX_DAG_ID=orchestration
AIRFLOW_CTX_TASK_ID=task_5
AIRFLOW_CTX_EXECUTION_DATE=2023-01-22T00:00:00+00:00
AIRFLOW_CTX_TRY_NUMBER=1
AIRFLOW_CTX_DAG_RUN_ID=scheduled__2023-01-22T00:00:00+00:00
[2023-02-05 17:50:53,371] {subprocess.py:62} INFO - Tmp dir root location: 
 /tmp
[2023-02-05 17:50:53,372] {subprocess.py:74} INFO - Running command: ['bash', '-c', "sleep 2 && echo 'Task_5'"]
[2023-02-05 17:50:53,381] {subprocess.py:85} INFO - Output:
[2023-02-05 17:50:55,383] {subprocess.py:92} INFO - Task_5
[2023-02-05 17:50:55,384] {subprocess.py:96} INFO - Command exited with return code 0
[2023-02-05 17:50:55,413] {taskinstance.py:1415} INFO - Marking task as SUCCESS. dag_id=orchestration, task_id=task_5, execution_date=20230122T000000, start_date=20230205T225053, end_date=20230205T225055
[2023-02-05 17:50:55,462] {local_task_job.py:156} INFO - Task exited with return code 0
[2023-02-05 17:50:55,487] {local_task_job.py:273} INFO - 0 downstream tasks scheduled from follow-on schedule check
