[2023-02-08 00:21:46,419] {taskinstance.py:1179} INFO - Dependencies all met for <TaskInstance: 09_Xcoms.task_1_source scheduled__2022-12-18T00:00:00+00:00 [queued]>
[2023-02-08 00:21:46,430] {taskinstance.py:1179} INFO - Dependencies all met for <TaskInstance: 09_Xcoms.task_1_source scheduled__2022-12-18T00:00:00+00:00 [queued]>
[2023-02-08 00:21:46,430] {taskinstance.py:1376} INFO - 
--------------------------------------------------------------------------------
[2023-02-08 00:21:46,430] {taskinstance.py:1377} INFO - Starting attempt 4 of 4
[2023-02-08 00:21:46,430] {taskinstance.py:1378} INFO - 
--------------------------------------------------------------------------------
[2023-02-08 00:21:46,453] {taskinstance.py:1397} INFO - Executing <Task(BashOperator): task_1_source> on 2022-12-18 00:00:00+00:00
[2023-02-08 00:21:46,457] {standard_task_runner.py:52} INFO - Started process 52066 to run task
[2023-02-08 00:21:46,464] {standard_task_runner.py:79} INFO - Running: ['airflow', 'tasks', 'run', '09_Xcoms', 'task_1_source', 'scheduled__2022-12-18T00:00:00+00:00', '--job-id', '1164', '--raw', '--subdir', 'DAGS_FOLDER/09_xcoms.py', '--cfg-path', '/tmp/tmp3416ze_u', '--error-file', '/tmp/tmp11jo5vp6']
[2023-02-08 00:21:46,465] {standard_task_runner.py:80} INFO - Job 1164: Subtask task_1_source
[2023-02-08 00:21:46,559] {task_command.py:371} INFO - Running <TaskInstance: 09_Xcoms.task_1_source scheduled__2022-12-18T00:00:00+00:00 [running]> on host pc.
[2023-02-08 00:21:46,659] {taskinstance.py:1589} INFO - Exporting the following env vars:
AIRFLOW_CTX_DAG_OWNER=airflow
AIRFLOW_CTX_DAG_ID=09_Xcoms
AIRFLOW_CTX_TASK_ID=task_1_source
AIRFLOW_CTX_EXECUTION_DATE=2022-12-18T00:00:00+00:00
AIRFLOW_CTX_TRY_NUMBER=4
AIRFLOW_CTX_DAG_RUN_ID=scheduled__2022-12-18T00:00:00+00:00
[2023-02-08 00:21:46,660] {subprocess.py:62} INFO - Tmp dir root location: 
 /tmp
[2023-02-08 00:21:46,661] {subprocess.py:74} INFO - Running command: ['bash', '-c', 'sleep 5 && echo $((5 * 3))']
[2023-02-08 00:21:46,671] {subprocess.py:85} INFO - Output:
[2023-02-08 00:21:51,674] {subprocess.py:92} INFO - 15
[2023-02-08 00:21:51,675] {subprocess.py:96} INFO - Command exited with return code 0
[2023-02-08 00:21:51,736] {taskinstance.py:1415} INFO - Marking task as SUCCESS. dag_id=09_Xcoms, task_id=task_1_source, execution_date=20221218T000000, start_date=20230208T052146, end_date=20230208T052151
[2023-02-08 00:21:51,989] {local_task_job.py:156} INFO - Task exited with return code 0
[2023-02-08 00:21:52,039] {local_task_job.py:273} INFO - 1 downstream tasks scheduled from follow-on schedule check
