[2023-02-05 21:12:41,714] {taskinstance.py:1179} INFO - Dependencies all met for <TaskInstance: 06_monitoring.task_1 scheduled__2022-11-16T00:00:00+00:00 [queued]>
[2023-02-05 21:12:41,724] {taskinstance.py:1179} INFO - Dependencies all met for <TaskInstance: 06_monitoring.task_1 scheduled__2022-11-16T00:00:00+00:00 [queued]>
[2023-02-05 21:12:41,724] {taskinstance.py:1376} INFO - 
--------------------------------------------------------------------------------
[2023-02-05 21:12:41,724] {taskinstance.py:1377} INFO - Starting attempt 1 of 1
[2023-02-05 21:12:41,724] {taskinstance.py:1378} INFO - 
--------------------------------------------------------------------------------
[2023-02-05 21:12:41,746] {taskinstance.py:1397} INFO - Executing <Task(BashOperator): task_1> on 2022-11-16 00:00:00+00:00
[2023-02-05 21:12:41,749] {standard_task_runner.py:52} INFO - Started process 35132 to run task
[2023-02-05 21:12:41,754] {standard_task_runner.py:79} INFO - Running: ['airflow', 'tasks', 'run', '06_monitoring', 'task_1', 'scheduled__2022-11-16T00:00:00+00:00', '--job-id', '160', '--raw', '--subdir', 'DAGS_FOLDER/06_monitoring.py', '--cfg-path', '/tmp/tmpxfnaf_ds', '--error-file', '/tmp/tmpayahighm']
[2023-02-05 21:12:41,755] {standard_task_runner.py:80} INFO - Job 160: Subtask task_1
[2023-02-05 21:12:41,833] {task_command.py:371} INFO - Running <TaskInstance: 06_monitoring.task_1 scheduled__2022-11-16T00:00:00+00:00 [running]> on host pc.
[2023-02-05 21:12:41,917] {taskinstance.py:1589} INFO - Exporting the following env vars:
AIRFLOW_CTX_DAG_OWNER=airflow
AIRFLOW_CTX_DAG_ID=06_monitoring
AIRFLOW_CTX_TASK_ID=task_1
AIRFLOW_CTX_EXECUTION_DATE=2022-11-16T00:00:00+00:00
AIRFLOW_CTX_TRY_NUMBER=1
AIRFLOW_CTX_DAG_RUN_ID=scheduled__2022-11-16T00:00:00+00:00
[2023-02-05 21:12:41,918] {subprocess.py:62} INFO - Tmp dir root location: 
 /tmp
[2023-02-05 21:12:41,919] {subprocess.py:74} INFO - Running command: ['bash', '-c', "sleep 2 && echo 'First task!'"]
[2023-02-05 21:12:41,933] {subprocess.py:85} INFO - Output:
[2023-02-05 21:12:43,936] {subprocess.py:92} INFO - First task!
[2023-02-05 21:12:43,936] {subprocess.py:96} INFO - Command exited with return code 0
[2023-02-05 21:12:43,968] {taskinstance.py:1415} INFO - Marking task as SUCCESS. dag_id=06_monitoring, task_id=task_1, execution_date=20221116T000000, start_date=20230206T021241, end_date=20230206T021243
[2023-02-05 21:12:44,015] {local_task_job.py:156} INFO - Task exited with return code 0
[2023-02-05 21:12:44,068] {local_task_job.py:273} INFO - 1 downstream tasks scheduled from follow-on schedule check
[2023-02-05 21:16:06,079] {taskinstance.py:1179} INFO - Dependencies all met for <TaskInstance: 06_monitoring.task_1 scheduled__2022-11-16T00:00:00+00:00 [queued]>
[2023-02-05 21:16:06,089] {taskinstance.py:1179} INFO - Dependencies all met for <TaskInstance: 06_monitoring.task_1 scheduled__2022-11-16T00:00:00+00:00 [queued]>
[2023-02-05 21:16:06,089] {taskinstance.py:1376} INFO - 
--------------------------------------------------------------------------------
[2023-02-05 21:16:06,089] {taskinstance.py:1377} INFO - Starting attempt 1 of 1
[2023-02-05 21:16:06,089] {taskinstance.py:1378} INFO - 
--------------------------------------------------------------------------------
[2023-02-05 21:16:06,110] {taskinstance.py:1397} INFO - Executing <Task(BashOperator): task_1> on 2022-11-16 00:00:00+00:00
[2023-02-05 21:16:06,113] {standard_task_runner.py:52} INFO - Started process 35352 to run task
[2023-02-05 21:16:06,118] {standard_task_runner.py:79} INFO - Running: ['airflow', 'tasks', 'run', '06_monitoring', 'task_1', 'scheduled__2022-11-16T00:00:00+00:00', '--job-id', '154', '--raw', '--subdir', 'DAGS_FOLDER/06_monitoring.py', '--cfg-path', '/tmp/tmpx3rs9cxz', '--error-file', '/tmp/tmpeay4mkol']
[2023-02-05 21:16:06,119] {standard_task_runner.py:80} INFO - Job 154: Subtask task_1
[2023-02-05 21:16:06,191] {task_command.py:371} INFO - Running <TaskInstance: 06_monitoring.task_1 scheduled__2022-11-16T00:00:00+00:00 [running]> on host pc.
[2023-02-05 21:16:06,272] {taskinstance.py:1589} INFO - Exporting the following env vars:
AIRFLOW_CTX_DAG_OWNER=airflow
AIRFLOW_CTX_DAG_ID=06_monitoring
AIRFLOW_CTX_TASK_ID=task_1
AIRFLOW_CTX_EXECUTION_DATE=2022-11-16T00:00:00+00:00
AIRFLOW_CTX_TRY_NUMBER=1
AIRFLOW_CTX_DAG_RUN_ID=scheduled__2022-11-16T00:00:00+00:00
[2023-02-05 21:16:06,273] {subprocess.py:62} INFO - Tmp dir root location: 
 /tmp
[2023-02-05 21:16:06,273] {subprocess.py:74} INFO - Running command: ['bash', '-c', "sleep 2 && echo 'First task!'"]
[2023-02-05 21:16:06,281] {subprocess.py:85} INFO - Output:
[2023-02-05 21:16:08,283] {subprocess.py:92} INFO - First task!
[2023-02-05 21:16:08,284] {subprocess.py:96} INFO - Command exited with return code 0
[2023-02-05 21:16:10,187] {taskinstance.py:1415} INFO - Marking task as SUCCESS. dag_id=06_monitoring, task_id=task_1, execution_date=20221116T000000, start_date=20230206T021606, end_date=20230206T021610
[2023-02-05 21:16:10,225] {local_task_job.py:156} INFO - Task exited with return code 0
[2023-02-05 21:16:10,275] {local_task_job.py:273} INFO - 1 downstream tasks scheduled from follow-on schedule check
