[2023-02-07 18:21:59,374] {taskinstance.py:1179} INFO - Dependencies all met for <TaskInstance: 07.1_external_task.external_task_1 scheduled__2022-11-14T00:00:00+00:00 [queued]>
[2023-02-07 18:21:59,388] {taskinstance.py:1179} INFO - Dependencies all met for <TaskInstance: 07.1_external_task.external_task_1 scheduled__2022-11-14T00:00:00+00:00 [queued]>
[2023-02-07 18:21:59,388] {taskinstance.py:1376} INFO - 
--------------------------------------------------------------------------------
[2023-02-07 18:21:59,389] {taskinstance.py:1377} INFO - Starting attempt 1 of 1
[2023-02-07 18:21:59,389] {taskinstance.py:1378} INFO - 
--------------------------------------------------------------------------------
[2023-02-07 18:21:59,414] {taskinstance.py:1397} INFO - Executing <Task(BashOperator): external_task_1> on 2022-11-14 00:00:00+00:00
[2023-02-07 18:21:59,417] {standard_task_runner.py:52} INFO - Started process 31166 to run task
[2023-02-07 18:21:59,423] {standard_task_runner.py:79} INFO - Running: ['airflow', 'tasks', 'run', '07.1_external_task', 'external_task_1', 'scheduled__2022-11-14T00:00:00+00:00', '--job-id', '431', '--raw', '--subdir', 'DAGS_FOLDER/07.1_external_task.py', '--cfg-path', '/tmp/tmp3j_9ml04', '--error-file', '/tmp/tmpuzusymhq']
[2023-02-07 18:21:59,425] {standard_task_runner.py:80} INFO - Job 431: Subtask external_task_1
[2023-02-07 18:21:59,509] {task_command.py:371} INFO - Running <TaskInstance: 07.1_external_task.external_task_1 scheduled__2022-11-14T00:00:00+00:00 [running]> on host pc.
[2023-02-07 18:21:59,598] {taskinstance.py:1589} INFO - Exporting the following env vars:
AIRFLOW_CTX_DAG_OWNER=airflow
AIRFLOW_CTX_DAG_ID=07.1_external_task
AIRFLOW_CTX_TASK_ID=external_task_1
AIRFLOW_CTX_EXECUTION_DATE=2022-11-14T00:00:00+00:00
AIRFLOW_CTX_TRY_NUMBER=1
AIRFLOW_CTX_DAG_RUN_ID=scheduled__2022-11-14T00:00:00+00:00
[2023-02-07 18:21:59,600] {subprocess.py:62} INFO - Tmp dir root location: 
 /tmp
[2023-02-07 18:21:59,601] {subprocess.py:74} INFO - Running command: ['bash', '-c', "sleep 10 && echo 'external task executed!'"]
[2023-02-07 18:21:59,609] {subprocess.py:85} INFO - Output:
[2023-02-07 18:22:09,612] {subprocess.py:92} INFO - external task executed!
[2023-02-07 18:22:09,612] {subprocess.py:96} INFO - Command exited with return code 0
[2023-02-07 18:22:11,011] {taskinstance.py:1415} INFO - Marking task as SUCCESS. dag_id=07.1_external_task, task_id=external_task_1, execution_date=20221114T000000, start_date=20230207T232159, end_date=20230207T232211
[2023-02-07 18:22:11,262] {local_task_job.py:156} INFO - Task exited with return code 0
[2023-02-07 18:22:11,282] {local_task_job.py:273} INFO - 0 downstream tasks scheduled from follow-on schedule check
