[2023-02-22 01:13:09,249] {taskinstance.py:1179} INFO - Dependencies all met for <TaskInstance: steam_dag.save_data scheduled__2022-07-01T00:00:00+00:00 [queued]>
[2023-02-22 01:13:09,260] {taskinstance.py:1179} INFO - Dependencies all met for <TaskInstance: steam_dag.save_data scheduled__2022-07-01T00:00:00+00:00 [queued]>
[2023-02-22 01:13:09,260] {taskinstance.py:1376} INFO - 
--------------------------------------------------------------------------------
[2023-02-22 01:13:09,260] {taskinstance.py:1377} INFO - Starting attempt 9 of 9
[2023-02-22 01:13:09,260] {taskinstance.py:1378} INFO - 
--------------------------------------------------------------------------------
[2023-02-22 01:13:09,287] {taskinstance.py:1397} INFO - Executing <Task(PythonOperator): save_data> on 2022-07-01 00:00:00+00:00
[2023-02-22 01:13:09,292] {standard_task_runner.py:52} INFO - Started process 78656 to run task
[2023-02-22 01:13:09,299] {standard_task_runner.py:79} INFO - Running: ['airflow', 'tasks', 'run', 'steam_dag', 'save_data', 'scheduled__2022-07-01T00:00:00+00:00', '--job-id', '1501', '--raw', '--subdir', 'DAGS_FOLDER/steam_dag.py', '--cfg-path', '/tmp/tmph88gh2e3', '--error-file', '/tmp/tmp5uh4sga3']
[2023-02-22 01:13:09,301] {standard_task_runner.py:80} INFO - Job 1501: Subtask save_data
[2023-02-22 01:13:09,383] {task_command.py:371} INFO - Running <TaskInstance: steam_dag.save_data scheduled__2022-07-01T00:00:00+00:00 [running]> on host pc.
[2023-02-22 01:13:09,710] {taskinstance.py:1589} INFO - Exporting the following env vars:
AIRFLOW_CTX_DAG_OWNER=airflow
AIRFLOW_CTX_DAG_ID=steam_dag
AIRFLOW_CTX_TASK_ID=save_data
AIRFLOW_CTX_EXECUTION_DATE=2022-07-01T00:00:00+00:00
AIRFLOW_CTX_TRY_NUMBER=9
AIRFLOW_CTX_DAG_RUN_ID=scheduled__2022-07-01T00:00:00+00:00
[2023-02-22 01:13:09,738] {logging_mixin.py:115} INFO - Saved as .JSON!
[2023-02-22 01:13:09,768] {logging_mixin.py:115} INFO - Saved as .csv!
[2023-02-22 01:13:09,769] {logging_mixin.py:115} INFO - Today New Games:
[2023-02-22 01:13:09,769] {logging_mixin.py:115} INFO - Digimon World: Next Order [RPG, Party-Based RPG, Simulation, JRPG]
[2023-02-22 01:13:09,769] {logging_mixin.py:115} INFO - Like a Dragon: Ishin! [Action, Adventure, Beat 'em up, Action-Adventure]
[2023-02-22 01:13:09,770] {logging_mixin.py:115} INFO - Like a Dragon: Ishin! [Action, Adventure, Beat 'em up, Action-Adventure]
[2023-02-22 01:13:09,770] {logging_mixin.py:115} INFO - Like a Dragon: Ishin! [Action, Adventure, Beat 'em up, Action-Adventure]
[2023-02-22 01:13:09,770] {logging_mixin.py:115} INFO - Engine Evolution 2022 [Action, Racing, PvP, Quick-Time Events]
[2023-02-22 01:13:09,770] {logging_mixin.py:115} INFO - Atomic Heart [Horror, Mystery, Puzzle, FPS]
[2023-02-22 01:13:09,771] {logging_mixin.py:115} INFO - Rainbow Six® Siege Year 8 Premium Pass [Action, Violent, Gore]
[2023-02-22 01:13:09,771] {logging_mixin.py:115} INFO - My Dream Setup [Design & Illustration, Simulation, Casual, Relaxing]
[2023-02-22 01:13:09,771] {logging_mixin.py:115} INFO - Selene ~Apoptosis~ [Sexual Content, Nudity, Horror, Visual Novel]
[2023-02-22 01:13:09,772] {logging_mixin.py:115} INFO - WILD HEARTS™ [Action, Adventure, Multiplayer, Co-op]
[2023-02-22 01:13:09,772] {logging_mixin.py:115} INFO - Returnal™ [Action, Roguelike, Action Roguelike, Singleplayer]
[2023-02-22 01:13:09,772] {logging_mixin.py:115} INFO - Returnal™ [Action, Roguelike, Action Roguelike, Singleplayer]
[2023-02-22 01:13:09,772] {logging_mixin.py:115} INFO - Tower Escape [Roguelike, Creature Collector, Tower Defense, Deckbuilding]
[2023-02-22 01:13:09,773] {logging_mixin.py:115} INFO - SkyIsland [Action, Adventure, Action-Adventure, Exploration]
[2023-02-22 01:13:09,773] {logging_mixin.py:115} INFO - Labyrinth of Galleria: The Moon Society [RPG, Strategy, Adventure, Dungeon Crawler]
[2023-02-22 01:13:09,773] {logging_mixin.py:115} INFO - Missing Hiker [Horror, Free to Play, Thriller, Psychological Horror]
[2023-02-22 01:13:09,774] {logging_mixin.py:115} INFO - United heist [Co-op Campaign, Puzzle, Adventure, Mystery]
[2023-02-22 01:13:09,774] {logging_mixin.py:115} INFO - Hogwarts Legacy [Magic, Fantasy, Open World, Singleplayer]
[2023-02-22 01:13:09,774] {logging_mixin.py:115} INFO - Gloria Victis: Medieval MMORPG [MMORPG, Medieval, Open World, Massively Multiplayer]
[2023-02-22 01:13:09,774] {logging_mixin.py:115} INFO - Your Only Move Is HUSTLE [2D Fighter, Turn-Based Strategy, Action, Strategy]
[2023-02-22 01:13:09,775] {logging_mixin.py:115} INFO - X Invader: Prologue [Action, Roguelike, Shooter, Action Roguelike]
[2023-02-22 01:13:09,775] {logging_mixin.py:115} INFO - Treason [FPS, PvP, Investigation, Mystery]
[2023-02-22 01:13:09,775] {logging_mixin.py:115} INFO - HELLCARD: Prologue [Card Battler, Dungeon Crawler, Roguelite, Turn-Based]
[2023-02-22 01:13:09,776] {logging_mixin.py:115} INFO - Postmouse [Adventure, 3D Platformer, Singleplayer, Exploration]
[2023-02-22 01:13:09,776] {logging_mixin.py:115} INFO - Bloody Hell [Metroidvania, Bullet Hell, Twin Stick Shooter, Indie]
[2023-02-22 01:13:09,776] {logging_mixin.py:115} INFO - Dead Space [Horror, Third-Person Shooter, Sci-fi, Space]
[2023-02-22 01:13:09,776] {logging_mixin.py:115} INFO - Dead Space [Horror, Third-Person Shooter, Sci-fi, Space]
[2023-02-22 01:13:09,777] {logging_mixin.py:115} INFO - Crosshair V2 [Utilities]
[2023-02-22 01:13:09,777] {logging_mixin.py:115} INFO - Pizza Tower [2D Platformer, Great Soundtrack, Cartoony, Action]
[2023-02-22 01:13:09,777] {logging_mixin.py:115} INFO - Hi-Fi RUSH [Rhythm, Action, Hack and Slash, Singleplayer]
[2023-02-22 01:13:09,778] {logging_mixin.py:115} INFO - Monster Girl2 [Sexual Content, Nudity, Hentai, Mature]
[2023-02-22 01:13:09,778] {logging_mixin.py:115} INFO - WooLoop [Casual, Puzzle, 2.5D, Colorful]
[2023-02-22 01:13:09,779] {logging_mixin.py:115} INFO - I commissioned some bees 0 [Casual, Singleplayer, 2D, Abstract]
[2023-02-22 01:13:09,780] {logging_mixin.py:115} INFO - Gorilla Tag [Psychological Horror, VR, Multiplayer, Parkour]
[2023-02-22 01:13:09,781] {logging_mixin.py:115} INFO - SCP: Labrat [Horror, VR, Multiplayer, Singleplayer]
[2023-02-22 01:13:09,781] {logging_mixin.py:115} INFO - Antimatter Dimensions [Strategy, Idler, Clicker, Casual]
[2023-02-22 01:13:09,781] {logging_mixin.py:115} INFO - Soul Guardians [RPG, Action RPG, 2D Platformer, Side Scroller]
[2023-02-22 01:13:09,782] {logging_mixin.py:115} INFO - Tempo Trigger [Music-Based Procedural Generation, Rhythm, FPS, Score Attack]
[2023-02-22 01:13:09,782] {logging_mixin.py:115} INFO - Rhythm Taichi XR [Rhythm, 3D, Free to Play, Artificial Intelligence]
[2023-02-22 01:13:09,782] {logging_mixin.py:115} INFO - Unknown Pyramid [Roguelike, Horror, Stealth, Action]
[2023-02-22 01:13:09,782] {logging_mixin.py:115} INFO - 最终堡垒FinalFort [Strategy, RTS, Tower Defense, Roguelike]
[2023-02-22 01:13:09,783] {logging_mixin.py:115} INFO - Digimon World: Next Order [RPG, Party-Based RPG, Simulation, JRPG]
[2023-02-22 01:13:09,783] {logging_mixin.py:115} INFO - Carnival of Gods: Oppression [RPG, Tactical RPG, Turn-Based Tactics, Fantasy]
[2023-02-22 01:13:09,783] {logging_mixin.py:115} INFO - FaceValue [Exploration, Puzzle, Third Person, 3D]
[2023-02-22 01:13:09,784] {logging_mixin.py:115} INFO - Dream Bright [Adventure, Singleplayer, 3D Platformer, Atmospheric]
[2023-02-22 01:13:09,784] {logging_mixin.py:115} INFO - Museum of Monoliths [Psychological Horror, Dark, Walking Simulator, Horror]
[2023-02-22 01:13:09,784] {logging_mixin.py:115} INFO - Spellarium 9 Match 3 Puzzle [Adventure, Casual, Puzzle, Hidden Object]
[2023-02-22 01:13:09,785] {logging_mixin.py:115} INFO - Universal Truck Simulator Tow Games [Racing, 4X, Action-Adventure, Arcade]
[2023-02-22 01:13:09,785] {logging_mixin.py:115} INFO - Cyclo Chambers [Action Roguelike, Twin Stick Shooter, Bullet Hell, Roguelite]
[2023-02-22 01:13:09,786] {logging_mixin.py:115} INFO - Speedonauts : Jetpack Speedrun Skiing [Racing, Difficult, Arcade, Fast-Paced]
[2023-02-22 01:13:09,786] {logging_mixin.py:115} INFO - Like a Dragon: Ishin! [Action, Adventure, Beat 'em up, Action-Adventure]
[2023-02-22 01:13:09,786] {logging_mixin.py:115} INFO - Grim Tales: Horizon of Wishes [Adventure, Casual, Point & Click, Exploration]
[2023-02-22 01:13:09,786] {logging_mixin.py:115} INFO - Pick Up The Waste [Simulation, Puzzle, Hand-drawn, Relaxing]
[2023-02-22 01:13:09,787] {logging_mixin.py:115} INFO - CHERNOBYL - Death May Die [Hidden Object, Puzzle, First-Person, Alternate History]
[2023-02-22 01:13:09,787] {logging_mixin.py:115} INFO - Like a Dragon: Ishin! [Action, Adventure, Beat 'em up, Action-Adventure]
[2023-02-22 01:13:09,787] {logging_mixin.py:115} INFO - Comic Company Manager [Time Management, Sandbox, Building, Capitalism]
[2023-02-22 01:13:09,788] {logging_mixin.py:115} INFO - Magnetik [Adventure, Strategy, Puzzle, Action-Adventure]
[2023-02-22 01:13:09,788] {logging_mixin.py:115} INFO - Akka Arrh [Bullet Hell, Shoot 'Em Up, Top-Down Shooter, Shooter]
[2023-02-22 01:13:09,788] {logging_mixin.py:115} INFO - Hidden Post-Apocalyptic 2 Top-Down 3D [Action, Adventure, Casual, Racing]
[2023-02-22 01:13:09,789] {logging_mixin.py:115} INFO - Hidden World 3 Top-Down 3D [Action, Adventure, Casual, RPG]
[2023-02-22 01:13:09,789] {logging_mixin.py:115} INFO - Engine Evolution 2022 [Action, Racing, PvP, Quick-Time Events]
[2023-02-22 01:13:09,789] {logging_mixin.py:115} INFO - Poly Jigsaw: Cats [Casual, Side Scroller, 2D, Cute]
[2023-02-22 01:13:09,789] {logging_mixin.py:115} INFO - Kleebuu Craves Fruit Salad [Puzzle Platformer, Atmospheric, Horror, Precision Platformer]
[2023-02-22 01:13:09,789] {logging_mixin.py:115} INFO - The Final Matrix (CPC/Spectrum) [Retro, Shoot 'Em Up, Top-Down Shooter, Puzzle]
[2023-02-22 01:13:09,789] {logging_mixin.py:115} INFO - SpiderAttack [Action, Arcade, 2D Platformer, 2D]
[2023-02-22 01:13:09,789] {logging_mixin.py:115} INFO - Boundary Walls [Casual, Platformer, 2D Platformer, 2D]
[2023-02-22 01:13:09,789] {logging_mixin.py:115} INFO - GRADIENT [Stylized, Arena Shooter, Open World, Exploration]
[2023-02-22 01:13:09,789] {logging_mixin.py:115} INFO - Golgotha [Simulation, First-Person, Realistic, Atmospheric]
[2023-02-22 01:13:09,789] {logging_mixin.py:115} INFO - Size story [Adventure, Action-Adventure, Puzzle, Roguelike]
[2023-02-22 01:13:09,789] {logging_mixin.py:115} INFO - Bad Hop Baseball [Casual, Sports, Arcade, Turn-Based Tactics]
[2023-02-22 01:13:09,789] {logging_mixin.py:115} INFO - Connected Hearts: The Musketeers Saga Collector's Edition [Inventory Management, Story Rich, Hidden Object, Puzzle]
[2023-02-22 01:13:09,790] {logging_mixin.py:115} INFO - Classic Car Simulator: Car Driving [Action, Simulation, Racing, Indie]
[2023-02-22 01:13:09,790] {logging_mixin.py:115} INFO - Visit the official Steam Store to see more: https://store.steampowered.com/explore/new/
[2023-02-22 01:13:09,790] {python.py:173} INFO - Done. Returned value was: None
[2023-02-22 01:13:09,803] {taskinstance.py:1415} INFO - Marking task as SUCCESS. dag_id=steam_dag, task_id=save_data, execution_date=20220701T000000, start_date=20230222T061309, end_date=20230222T061309
[2023-02-22 01:13:09,873] {local_task_job.py:156} INFO - Task exited with return code 0
[2023-02-22 01:13:10,045] {local_task_job.py:273} INFO - 1 downstream tasks scheduled from follow-on schedule check
