[2023-02-05 21:11:06,572] {taskinstance.py:1179} INFO - Dependencies all met for <TaskInstance: 06_monitoring.task_2 scheduled__2022-11-03T00:00:00+00:00 [queued]>
[2023-02-05 21:11:06,582] {taskinstance.py:1179} INFO - Dependencies all met for <TaskInstance: 06_monitoring.task_2 scheduled__2022-11-03T00:00:00+00:00 [queued]>
[2023-02-05 21:11:06,582] {taskinstance.py:1376} INFO - 
--------------------------------------------------------------------------------
[2023-02-05 21:11:06,582] {taskinstance.py:1377} INFO - Starting attempt 1 of 1
[2023-02-05 21:11:06,582] {taskinstance.py:1378} INFO - 
--------------------------------------------------------------------------------
[2023-02-05 21:11:06,601] {taskinstance.py:1397} INFO - Executing <Task(BashOperator): task_2> on 2022-11-03 00:00:00+00:00
[2023-02-05 21:11:06,604] {standard_task_runner.py:52} INFO - Started process 35007 to run task
[2023-02-05 21:11:06,609] {standard_task_runner.py:79} INFO - Running: ['airflow', 'tasks', 'run', '06_monitoring', 'task_2', 'scheduled__2022-11-03T00:00:00+00:00', '--job-id', '133', '--raw', '--subdir', 'DAGS_FOLDER/06_monitoring.py', '--cfg-path', '/tmp/tmpyf8hdcl_', '--error-file', '/tmp/tmp7k_vgfg8']
[2023-02-05 21:11:06,611] {standard_task_runner.py:80} INFO - Job 133: Subtask task_2
[2023-02-05 21:11:06,689] {task_command.py:371} INFO - Running <TaskInstance: 06_monitoring.task_2 scheduled__2022-11-03T00:00:00+00:00 [running]> on host pc.
[2023-02-05 21:11:06,769] {taskinstance.py:1589} INFO - Exporting the following env vars:
AIRFLOW_CTX_DAG_OWNER=airflow
AIRFLOW_CTX_DAG_ID=06_monitoring
AIRFLOW_CTX_TASK_ID=task_2
AIRFLOW_CTX_EXECUTION_DATE=2022-11-03T00:00:00+00:00
AIRFLOW_CTX_TRY_NUMBER=1
AIRFLOW_CTX_DAG_RUN_ID=scheduled__2022-11-03T00:00:00+00:00
[2023-02-05 21:11:06,770] {subprocess.py:62} INFO - Tmp dir root location: 
 /tmp
[2023-02-05 21:11:06,771] {subprocess.py:74} INFO - Running command: ['bash', '-c', "sleep 2 && echo 'Second task!"]
[2023-02-05 21:11:06,778] {subprocess.py:85} INFO - Output:
[2023-02-05 21:11:06,779] {subprocess.py:92} INFO - bash: -c: line 1: unexpected EOF while looking for matching `''
[2023-02-05 21:11:06,780] {subprocess.py:92} INFO - bash: -c: line 2: syntax error: unexpected end of file
[2023-02-05 21:11:06,780] {subprocess.py:96} INFO - Command exited with return code 2
[2023-02-05 21:11:06,791] {taskinstance.py:1909} ERROR - Task failed with exception
Traceback (most recent call last):
  File "/home/milo/13-airflow/airflowhome/airflowenv/lib/python3.9/site-packages/airflow/operators/bash.py", line 194, in execute
    raise AirflowException(
airflow.exceptions.AirflowException: Bash command failed. The command returned a non-zero exit code 2.
[2023-02-05 21:11:06,794] {taskinstance.py:1415} INFO - Marking task as FAILED. dag_id=06_monitoring, task_id=task_2, execution_date=20221103T000000, start_date=20230206T021106, end_date=20230206T021106
[2023-02-05 21:11:06,811] {standard_task_runner.py:92} ERROR - Failed to execute job 133 for task task_2 (Bash command failed. The command returned a non-zero exit code 2.; 35007)
[2023-02-05 21:11:06,820] {local_task_job.py:156} INFO - Task exited with return code 1
[2023-02-05 21:11:06,864] {local_task_job.py:273} INFO - 0 downstream tasks scheduled from follow-on schedule check
[2023-02-05 21:14:09,152] {taskinstance.py:1179} INFO - Dependencies all met for <TaskInstance: 06_monitoring.task_2 scheduled__2022-11-03T00:00:00+00:00 [queued]>
[2023-02-05 21:14:09,165] {taskinstance.py:1179} INFO - Dependencies all met for <TaskInstance: 06_monitoring.task_2 scheduled__2022-11-03T00:00:00+00:00 [queued]>
[2023-02-05 21:14:09,166] {taskinstance.py:1376} INFO - 
--------------------------------------------------------------------------------
[2023-02-05 21:14:09,166] {taskinstance.py:1377} INFO - Starting attempt 1 of 1
[2023-02-05 21:14:09,166] {taskinstance.py:1378} INFO - 
--------------------------------------------------------------------------------
[2023-02-05 21:14:09,186] {taskinstance.py:1397} INFO - Executing <Task(BashOperator): task_2> on 2022-11-03 00:00:00+00:00
[2023-02-05 21:14:09,191] {standard_task_runner.py:52} INFO - Started process 35221 to run task
[2023-02-05 21:14:09,197] {standard_task_runner.py:79} INFO - Running: ['airflow', 'tasks', 'run', '06_monitoring', 'task_2', 'scheduled__2022-11-03T00:00:00+00:00', '--job-id', '130', '--raw', '--subdir', 'DAGS_FOLDER/06_monitoring.py', '--cfg-path', '/tmp/tmp5393tiii', '--error-file', '/tmp/tmp4q71yglu']
[2023-02-05 21:14:09,198] {standard_task_runner.py:80} INFO - Job 130: Subtask task_2
[2023-02-05 21:14:09,327] {task_command.py:371} INFO - Running <TaskInstance: 06_monitoring.task_2 scheduled__2022-11-03T00:00:00+00:00 [running]> on host pc.
[2023-02-05 21:14:09,412] {taskinstance.py:1589} INFO - Exporting the following env vars:
AIRFLOW_CTX_DAG_OWNER=airflow
AIRFLOW_CTX_DAG_ID=06_monitoring
AIRFLOW_CTX_TASK_ID=task_2
AIRFLOW_CTX_EXECUTION_DATE=2022-11-03T00:00:00+00:00
AIRFLOW_CTX_TRY_NUMBER=1
AIRFLOW_CTX_DAG_RUN_ID=scheduled__2022-11-03T00:00:00+00:00
[2023-02-05 21:14:09,413] {subprocess.py:62} INFO - Tmp dir root location: 
 /tmp
[2023-02-05 21:14:09,414] {subprocess.py:74} INFO - Running command: ['bash', '-c', "sleep 2 && echo 'Second task!"]
[2023-02-05 21:14:09,423] {subprocess.py:85} INFO - Output:
[2023-02-05 21:14:09,424] {subprocess.py:92} INFO - bash: -c: line 1: unexpected EOF while looking for matching `''
[2023-02-05 21:14:09,424] {subprocess.py:92} INFO - bash: -c: line 2: syntax error: unexpected end of file
[2023-02-05 21:14:09,425] {subprocess.py:96} INFO - Command exited with return code 2
[2023-02-05 21:14:09,436] {taskinstance.py:1909} ERROR - Task failed with exception
Traceback (most recent call last):
  File "/home/milo/13-airflow/airflowhome/airflowenv/lib/python3.9/site-packages/airflow/operators/bash.py", line 194, in execute
    raise AirflowException(
airflow.exceptions.AirflowException: Bash command failed. The command returned a non-zero exit code 2.
[2023-02-05 21:14:09,442] {taskinstance.py:1415} INFO - Marking task as FAILED. dag_id=06_monitoring, task_id=task_2, execution_date=20221103T000000, start_date=20230206T021409, end_date=20230206T021409
[2023-02-05 21:14:09,460] {standard_task_runner.py:92} ERROR - Failed to execute job 130 for task task_2 (Bash command failed. The command returned a non-zero exit code 2.; 35221)
[2023-02-05 21:14:09,487] {local_task_job.py:156} INFO - Task exited with return code 1
[2023-02-05 21:14:09,547] {local_task_job.py:273} INFO - 0 downstream tasks scheduled from follow-on schedule check
[2023-02-05 21:33:13,807] {taskinstance.py:1179} INFO - Dependencies all met for <TaskInstance: 06_monitoring.task_2 scheduled__2022-11-03T00:00:00+00:00 [queued]>
[2023-02-05 21:33:13,817] {taskinstance.py:1179} INFO - Dependencies all met for <TaskInstance: 06_monitoring.task_2 scheduled__2022-11-03T00:00:00+00:00 [queued]>
[2023-02-05 21:33:13,818] {taskinstance.py:1376} INFO - 
--------------------------------------------------------------------------------
[2023-02-05 21:33:13,818] {taskinstance.py:1377} INFO - Starting attempt 1 of 1
[2023-02-05 21:33:13,818] {taskinstance.py:1378} INFO - 
--------------------------------------------------------------------------------
[2023-02-05 21:33:13,840] {taskinstance.py:1397} INFO - Executing <Task(BashOperator): task_2> on 2022-11-03 00:00:00+00:00
[2023-02-05 21:33:13,844] {standard_task_runner.py:52} INFO - Started process 36083 to run task
[2023-02-05 21:33:13,851] {standard_task_runner.py:79} INFO - Running: ['airflow', 'tasks', 'run', '06_monitoring', 'task_2', 'scheduled__2022-11-03T00:00:00+00:00', '--job-id', '130', '--raw', '--subdir', 'DAGS_FOLDER/06_monitoring.py', '--cfg-path', '/tmp/tmphorjgojh', '--error-file', '/tmp/tmpzcw4mfby']
[2023-02-05 21:33:13,852] {standard_task_runner.py:80} INFO - Job 130: Subtask task_2
[2023-02-05 21:33:13,927] {task_command.py:371} INFO - Running <TaskInstance: 06_monitoring.task_2 scheduled__2022-11-03T00:00:00+00:00 [running]> on host pc.
[2023-02-05 21:33:14,007] {taskinstance.py:1589} INFO - Exporting the following env vars:
AIRFLOW_CTX_DAG_OWNER=airflow
AIRFLOW_CTX_DAG_ID=06_monitoring
AIRFLOW_CTX_TASK_ID=task_2
AIRFLOW_CTX_EXECUTION_DATE=2022-11-03T00:00:00+00:00
AIRFLOW_CTX_TRY_NUMBER=1
AIRFLOW_CTX_DAG_RUN_ID=scheduled__2022-11-03T00:00:00+00:00
[2023-02-05 21:33:14,008] {subprocess.py:62} INFO - Tmp dir root location: 
 /tmp
[2023-02-05 21:33:14,009] {subprocess.py:74} INFO - Running command: ['bash', '-c', "sleep 2 && echo 'Second task!"]
[2023-02-05 21:33:14,017] {subprocess.py:85} INFO - Output:
[2023-02-05 21:33:14,018] {subprocess.py:92} INFO - bash: -c: line 1: unexpected EOF while looking for matching `''
[2023-02-05 21:33:14,018] {subprocess.py:92} INFO - bash: -c: line 2: syntax error: unexpected end of file
[2023-02-05 21:33:14,018] {subprocess.py:96} INFO - Command exited with return code 2
[2023-02-05 21:33:14,030] {taskinstance.py:1909} ERROR - Task failed with exception
Traceback (most recent call last):
  File "/home/milo/13-airflow/airflowhome/airflowenv/lib/python3.9/site-packages/airflow/operators/bash.py", line 194, in execute
    raise AirflowException(
airflow.exceptions.AirflowException: Bash command failed. The command returned a non-zero exit code 2.
[2023-02-05 21:33:14,033] {taskinstance.py:1415} INFO - Marking task as FAILED. dag_id=06_monitoring, task_id=task_2, execution_date=20221103T000000, start_date=20230206T023313, end_date=20230206T023314
[2023-02-05 21:33:14,049] {standard_task_runner.py:92} ERROR - Failed to execute job 130 for task task_2 (Bash command failed. The command returned a non-zero exit code 2.; 36083)
[2023-02-05 21:33:14,063] {local_task_job.py:156} INFO - Task exited with return code 1
[2023-02-05 21:33:14,106] {local_task_job.py:273} INFO - 0 downstream tasks scheduled from follow-on schedule check
