[2023-02-05 21:28:44,628] {taskinstance.py:1179} INFO - Dependencies all met for <TaskInstance: 06_monitoring.task_2 scheduled__2022-11-03T00:00:00+00:00 [queued]>
[2023-02-05 21:28:44,639] {taskinstance.py:1179} INFO - Dependencies all met for <TaskInstance: 06_monitoring.task_2 scheduled__2022-11-03T00:00:00+00:00 [queued]>
[2023-02-05 21:28:44,639] {taskinstance.py:1376} INFO - 
--------------------------------------------------------------------------------
[2023-02-05 21:28:44,639] {taskinstance.py:1377} INFO - Starting attempt 2 of 2
[2023-02-05 21:28:44,639] {taskinstance.py:1378} INFO - 
--------------------------------------------------------------------------------
[2023-02-05 21:28:44,659] {taskinstance.py:1397} INFO - Executing <Task(BashOperator): task_2> on 2022-11-03 00:00:00+00:00
[2023-02-05 21:28:44,663] {standard_task_runner.py:52} INFO - Started process 35868 to run task
[2023-02-05 21:28:44,668] {standard_task_runner.py:79} INFO - Running: ['airflow', 'tasks', 'run', '06_monitoring', 'task_2', 'scheduled__2022-11-03T00:00:00+00:00', '--job-id', '225', '--raw', '--subdir', 'DAGS_FOLDER/06_monitoring.py', '--cfg-path', '/tmp/tmp_zmrl5k3', '--error-file', '/tmp/tmps5dwouye']
[2023-02-05 21:28:44,670] {standard_task_runner.py:80} INFO - Job 225: Subtask task_2
[2023-02-05 21:28:44,765] {task_command.py:371} INFO - Running <TaskInstance: 06_monitoring.task_2 scheduled__2022-11-03T00:00:00+00:00 [running]> on host pc.
[2023-02-05 21:28:44,851] {taskinstance.py:1589} INFO - Exporting the following env vars:
AIRFLOW_CTX_DAG_OWNER=airflow
AIRFLOW_CTX_DAG_ID=06_monitoring
AIRFLOW_CTX_TASK_ID=task_2
AIRFLOW_CTX_EXECUTION_DATE=2022-11-03T00:00:00+00:00
AIRFLOW_CTX_TRY_NUMBER=2
AIRFLOW_CTX_DAG_RUN_ID=scheduled__2022-11-03T00:00:00+00:00
[2023-02-05 21:28:44,854] {subprocess.py:62} INFO - Tmp dir root location: 
 /tmp
[2023-02-05 21:28:44,854] {subprocess.py:74} INFO - Running command: ['bash', '-c', "sleep 2 && echo 'Second task!'"]
[2023-02-05 21:28:44,862] {subprocess.py:85} INFO - Output:
[2023-02-05 21:28:46,864] {subprocess.py:92} INFO - Second task!
[2023-02-05 21:28:46,865] {subprocess.py:96} INFO - Command exited with return code 0
[2023-02-05 21:28:46,897] {taskinstance.py:1415} INFO - Marking task as SUCCESS. dag_id=06_monitoring, task_id=task_2, execution_date=20221103T000000, start_date=20230206T022844, end_date=20230206T022846
[2023-02-05 21:28:46,928] {local_task_job.py:156} INFO - Task exited with return code 0
[2023-02-05 21:28:46,956] {local_task_job.py:273} INFO - 0 downstream tasks scheduled from follow-on schedule check
[2023-02-05 21:40:23,525] {taskinstance.py:1179} INFO - Dependencies all met for <TaskInstance: 06_monitoring.task_2 scheduled__2022-11-03T00:00:00+00:00 [queued]>
[2023-02-05 21:40:23,536] {taskinstance.py:1179} INFO - Dependencies all met for <TaskInstance: 06_monitoring.task_2 scheduled__2022-11-03T00:00:00+00:00 [queued]>
[2023-02-05 21:40:23,536] {taskinstance.py:1376} INFO - 
--------------------------------------------------------------------------------
[2023-02-05 21:40:23,537] {taskinstance.py:1377} INFO - Starting attempt 2 of 2
[2023-02-05 21:40:23,537] {taskinstance.py:1378} INFO - 
--------------------------------------------------------------------------------
[2023-02-05 21:40:23,558] {taskinstance.py:1397} INFO - Executing <Task(BashOperator): task_2> on 2022-11-03 00:00:00+00:00
[2023-02-05 21:40:23,561] {standard_task_runner.py:52} INFO - Started process 36403 to run task
[2023-02-05 21:40:23,566] {standard_task_runner.py:79} INFO - Running: ['airflow', 'tasks', 'run', '06_monitoring', 'task_2', 'scheduled__2022-11-03T00:00:00+00:00', '--job-id', '160', '--raw', '--subdir', 'DAGS_FOLDER/06_monitoring.py', '--cfg-path', '/tmp/tmppwahkdp9', '--error-file', '/tmp/tmpl6gsddeb']
[2023-02-05 21:40:23,567] {standard_task_runner.py:80} INFO - Job 160: Subtask task_2
[2023-02-05 21:40:23,654] {task_command.py:371} INFO - Running <TaskInstance: 06_monitoring.task_2 scheduled__2022-11-03T00:00:00+00:00 [running]> on host pc.
[2023-02-05 21:40:23,752] {taskinstance.py:1589} INFO - Exporting the following env vars:
AIRFLOW_CTX_DAG_OWNER=airflow
AIRFLOW_CTX_DAG_ID=06_monitoring
AIRFLOW_CTX_TASK_ID=task_2
AIRFLOW_CTX_EXECUTION_DATE=2022-11-03T00:00:00+00:00
AIRFLOW_CTX_TRY_NUMBER=2
AIRFLOW_CTX_DAG_RUN_ID=scheduled__2022-11-03T00:00:00+00:00
[2023-02-05 21:40:23,753] {subprocess.py:62} INFO - Tmp dir root location: 
 /tmp
[2023-02-05 21:40:23,754] {subprocess.py:74} INFO - Running command: ['bash', '-c', "sleep 2 && echo 'Second task!'"]
[2023-02-05 21:40:23,761] {subprocess.py:85} INFO - Output:
[2023-02-05 21:40:25,765] {subprocess.py:92} INFO - Second task!
[2023-02-05 21:40:25,765] {subprocess.py:96} INFO - Command exited with return code 0
[2023-02-05 21:40:25,821] {taskinstance.py:1415} INFO - Marking task as SUCCESS. dag_id=06_monitoring, task_id=task_2, execution_date=20221103T000000, start_date=20230206T024023, end_date=20230206T024025
[2023-02-05 21:40:25,874] {local_task_job.py:156} INFO - Task exited with return code 0
[2023-02-05 21:40:25,921] {local_task_job.py:273} INFO - 1 downstream tasks scheduled from follow-on schedule check
