[2023-02-08 00:36:24,983] {taskinstance.py:1179} INFO - Dependencies all met for <TaskInstance: 09_Xcoms.task_1_source scheduled__2022-12-19T00:00:00+00:00 [queued]>
[2023-02-08 00:36:24,995] {taskinstance.py:1179} INFO - Dependencies all met for <TaskInstance: 09_Xcoms.task_1_source scheduled__2022-12-19T00:00:00+00:00 [queued]>
[2023-02-08 00:36:24,995] {taskinstance.py:1376} INFO - 
--------------------------------------------------------------------------------
[2023-02-08 00:36:24,996] {taskinstance.py:1377} INFO - Starting attempt 5 of 5
[2023-02-08 00:36:24,996] {taskinstance.py:1378} INFO - 
--------------------------------------------------------------------------------
[2023-02-08 00:36:25,019] {taskinstance.py:1397} INFO - Executing <Task(BashOperator): task_1_source> on 2022-12-19 00:00:00+00:00
[2023-02-08 00:36:25,022] {standard_task_runner.py:52} INFO - Started process 52697 to run task
[2023-02-08 00:36:25,029] {standard_task_runner.py:79} INFO - Running: ['airflow', 'tasks', 'run', '09_Xcoms', 'task_1_source', 'scheduled__2022-12-19T00:00:00+00:00', '--job-id', '1242', '--raw', '--subdir', 'DAGS_FOLDER/09_xcoms.py', '--cfg-path', '/tmp/tmpt3ap3h6c', '--error-file', '/tmp/tmprd0rgg41']
[2023-02-08 00:36:25,030] {standard_task_runner.py:80} INFO - Job 1242: Subtask task_1_source
[2023-02-08 00:36:25,126] {task_command.py:371} INFO - Running <TaskInstance: 09_Xcoms.task_1_source scheduled__2022-12-19T00:00:00+00:00 [running]> on host pc.
[2023-02-08 00:36:25,224] {taskinstance.py:1589} INFO - Exporting the following env vars:
AIRFLOW_CTX_DAG_OWNER=airflow
AIRFLOW_CTX_DAG_ID=09_Xcoms
AIRFLOW_CTX_TASK_ID=task_1_source
AIRFLOW_CTX_EXECUTION_DATE=2022-12-19T00:00:00+00:00
AIRFLOW_CTX_TRY_NUMBER=5
AIRFLOW_CTX_DAG_RUN_ID=scheduled__2022-12-19T00:00:00+00:00
[2023-02-08 00:36:25,225] {subprocess.py:62} INFO - Tmp dir root location: 
 /tmp
[2023-02-08 00:36:25,226] {subprocess.py:74} INFO - Running command: ['bash', '-c', 'sleep 5 && echo $((5 * 3))']
[2023-02-08 00:36:25,235] {subprocess.py:85} INFO - Output:
[2023-02-08 00:36:30,238] {subprocess.py:92} INFO - 15
[2023-02-08 00:36:30,238] {subprocess.py:96} INFO - Command exited with return code 0
[2023-02-08 00:36:30,269] {taskinstance.py:1415} INFO - Marking task as SUCCESS. dag_id=09_Xcoms, task_id=task_1_source, execution_date=20221219T000000, start_date=20230208T053624, end_date=20230208T053630
[2023-02-08 00:36:30,300] {local_task_job.py:156} INFO - Task exited with return code 0
[2023-02-08 00:36:30,353] {local_task_job.py:273} INFO - 1 downstream tasks scheduled from follow-on schedule check
