[2023-02-08 00:21:54,348] {taskinstance.py:1179} INFO - Dependencies all met for <TaskInstance: 09_Xcoms.task_1_source scheduled__2022-12-19T00:00:00+00:00 [queued]>
[2023-02-08 00:21:54,360] {taskinstance.py:1179} INFO - Dependencies all met for <TaskInstance: 09_Xcoms.task_1_source scheduled__2022-12-19T00:00:00+00:00 [queued]>
[2023-02-08 00:21:54,361] {taskinstance.py:1376} INFO - 
--------------------------------------------------------------------------------
[2023-02-08 00:21:54,361] {taskinstance.py:1377} INFO - Starting attempt 4 of 4
[2023-02-08 00:21:54,361] {taskinstance.py:1378} INFO - 
--------------------------------------------------------------------------------
[2023-02-08 00:21:54,386] {taskinstance.py:1397} INFO - Executing <Task(BashOperator): task_1_source> on 2022-12-19 00:00:00+00:00
[2023-02-08 00:21:54,390] {standard_task_runner.py:52} INFO - Started process 52071 to run task
[2023-02-08 00:21:54,397] {standard_task_runner.py:79} INFO - Running: ['airflow', 'tasks', 'run', '09_Xcoms', 'task_1_source', 'scheduled__2022-12-19T00:00:00+00:00', '--job-id', '1165', '--raw', '--subdir', 'DAGS_FOLDER/09_xcoms.py', '--cfg-path', '/tmp/tmpqxt_hm3m', '--error-file', '/tmp/tmp8lcg4fzv']
[2023-02-08 00:21:54,398] {standard_task_runner.py:80} INFO - Job 1165: Subtask task_1_source
[2023-02-08 00:21:54,496] {task_command.py:371} INFO - Running <TaskInstance: 09_Xcoms.task_1_source scheduled__2022-12-19T00:00:00+00:00 [running]> on host pc.
[2023-02-08 00:21:54,592] {taskinstance.py:1589} INFO - Exporting the following env vars:
AIRFLOW_CTX_DAG_OWNER=airflow
AIRFLOW_CTX_DAG_ID=09_Xcoms
AIRFLOW_CTX_TASK_ID=task_1_source
AIRFLOW_CTX_EXECUTION_DATE=2022-12-19T00:00:00+00:00
AIRFLOW_CTX_TRY_NUMBER=4
AIRFLOW_CTX_DAG_RUN_ID=scheduled__2022-12-19T00:00:00+00:00
[2023-02-08 00:21:54,594] {subprocess.py:62} INFO - Tmp dir root location: 
 /tmp
[2023-02-08 00:21:54,594] {subprocess.py:74} INFO - Running command: ['bash', '-c', 'sleep 5 && echo $((5 * 3))']
[2023-02-08 00:21:54,605] {subprocess.py:85} INFO - Output:
[2023-02-08 00:21:59,608] {subprocess.py:92} INFO - 15
[2023-02-08 00:21:59,608] {subprocess.py:96} INFO - Command exited with return code 0
[2023-02-08 00:21:59,644] {taskinstance.py:1415} INFO - Marking task as SUCCESS. dag_id=09_Xcoms, task_id=task_1_source, execution_date=20221219T000000, start_date=20230208T052154, end_date=20230208T052159
[2023-02-08 00:21:59,751] {local_task_job.py:156} INFO - Task exited with return code 0
[2023-02-08 00:21:59,819] {local_task_job.py:273} INFO - 1 downstream tasks scheduled from follow-on schedule check
