[2023-02-05 21:29:01,282] {taskinstance.py:1179} INFO - Dependencies all met for <TaskInstance: 06_monitoring.task_2 scheduled__2022-11-07T00:00:00+00:00 [queued]>
[2023-02-05 21:29:01,293] {taskinstance.py:1179} INFO - Dependencies all met for <TaskInstance: 06_monitoring.task_2 scheduled__2022-11-07T00:00:00+00:00 [queued]>
[2023-02-05 21:29:01,293] {taskinstance.py:1376} INFO - 
--------------------------------------------------------------------------------
[2023-02-05 21:29:01,293] {taskinstance.py:1377} INFO - Starting attempt 3 of 3
[2023-02-05 21:29:01,293] {taskinstance.py:1378} INFO - 
--------------------------------------------------------------------------------
[2023-02-05 21:29:01,316] {taskinstance.py:1397} INFO - Executing <Task(BashOperator): task_2> on 2022-11-07 00:00:00+00:00
[2023-02-05 21:29:01,319] {standard_task_runner.py:52} INFO - Started process 35884 to run task
[2023-02-05 21:29:01,324] {standard_task_runner.py:79} INFO - Running: ['airflow', 'tasks', 'run', '06_monitoring', 'task_2', 'scheduled__2022-11-07T00:00:00+00:00', '--job-id', '229', '--raw', '--subdir', 'DAGS_FOLDER/06_monitoring.py', '--cfg-path', '/tmp/tmpa8d6cb_a', '--error-file', '/tmp/tmpznnpuc_3']
[2023-02-05 21:29:01,325] {standard_task_runner.py:80} INFO - Job 229: Subtask task_2
[2023-02-05 21:29:01,403] {task_command.py:371} INFO - Running <TaskInstance: 06_monitoring.task_2 scheduled__2022-11-07T00:00:00+00:00 [running]> on host pc.
[2023-02-05 21:29:01,489] {taskinstance.py:1589} INFO - Exporting the following env vars:
AIRFLOW_CTX_DAG_OWNER=airflow
AIRFLOW_CTX_DAG_ID=06_monitoring
AIRFLOW_CTX_TASK_ID=task_2
AIRFLOW_CTX_EXECUTION_DATE=2022-11-07T00:00:00+00:00
AIRFLOW_CTX_TRY_NUMBER=3
AIRFLOW_CTX_DAG_RUN_ID=scheduled__2022-11-07T00:00:00+00:00
[2023-02-05 21:29:01,490] {subprocess.py:62} INFO - Tmp dir root location: 
 /tmp
[2023-02-05 21:29:01,491] {subprocess.py:74} INFO - Running command: ['bash', '-c', "sleep 2 && echo 'Second task!'"]
[2023-02-05 21:29:01,498] {subprocess.py:85} INFO - Output:
[2023-02-05 21:29:03,501] {subprocess.py:92} INFO - Second task!
[2023-02-05 21:29:03,501] {subprocess.py:96} INFO - Command exited with return code 0
[2023-02-05 21:29:03,533] {taskinstance.py:1415} INFO - Marking task as SUCCESS. dag_id=06_monitoring, task_id=task_2, execution_date=20221107T000000, start_date=20230206T022901, end_date=20230206T022903
[2023-02-05 21:29:03,585] {local_task_job.py:156} INFO - Task exited with return code 0
[2023-02-05 21:29:03,612] {local_task_job.py:273} INFO - 0 downstream tasks scheduled from follow-on schedule check
[2023-02-05 21:57:42,960] {taskinstance.py:1179} INFO - Dependencies all met for <TaskInstance: 06_monitoring.task_2 scheduled__2022-11-07T00:00:00+00:00 [queued]>
[2023-02-05 21:57:42,992] {taskinstance.py:1179} INFO - Dependencies all met for <TaskInstance: 06_monitoring.task_2 scheduled__2022-11-07T00:00:00+00:00 [queued]>
[2023-02-05 21:57:42,994] {taskinstance.py:1376} INFO - 
--------------------------------------------------------------------------------
[2023-02-05 21:57:42,994] {taskinstance.py:1377} INFO - Starting attempt 3 of 3
[2023-02-05 21:57:42,995] {taskinstance.py:1378} INFO - 
--------------------------------------------------------------------------------
[2023-02-05 21:57:43,022] {taskinstance.py:1397} INFO - Executing <Task(BashOperator): task_2> on 2022-11-07 00:00:00+00:00
[2023-02-05 21:57:43,025] {standard_task_runner.py:52} INFO - Started process 36951 to run task
[2023-02-05 21:57:43,031] {standard_task_runner.py:79} INFO - Running: ['airflow', 'tasks', 'run', '06_monitoring', 'task_2', 'scheduled__2022-11-07T00:00:00+00:00', '--job-id', '236', '--raw', '--subdir', 'DAGS_FOLDER/06_monitoring.py', '--cfg-path', '/tmp/tmplr5s_240', '--error-file', '/tmp/tmph9gs7l9p']
[2023-02-05 21:57:43,032] {standard_task_runner.py:80} INFO - Job 236: Subtask task_2
[2023-02-05 21:57:43,115] {task_command.py:371} INFO - Running <TaskInstance: 06_monitoring.task_2 scheduled__2022-11-07T00:00:00+00:00 [running]> on host pc.
[2023-02-05 21:57:43,203] {taskinstance.py:1589} INFO - Exporting the following env vars:
AIRFLOW_CTX_DAG_OWNER=airflow
AIRFLOW_CTX_DAG_ID=06_monitoring
AIRFLOW_CTX_TASK_ID=task_2
AIRFLOW_CTX_EXECUTION_DATE=2022-11-07T00:00:00+00:00
AIRFLOW_CTX_TRY_NUMBER=3
AIRFLOW_CTX_DAG_RUN_ID=scheduled__2022-11-07T00:00:00+00:00
[2023-02-05 21:57:43,204] {subprocess.py:62} INFO - Tmp dir root location: 
 /tmp
[2023-02-05 21:57:43,205] {subprocess.py:74} INFO - Running command: ['bash', '-c', "sleep 2 && echo 'Second task!"]
[2023-02-05 21:57:43,212] {subprocess.py:85} INFO - Output:
[2023-02-05 21:57:43,214] {subprocess.py:92} INFO - bash: -c: line 1: unexpected EOF while looking for matching `''
[2023-02-05 21:57:43,214] {subprocess.py:92} INFO - bash: -c: line 2: syntax error: unexpected end of file
[2023-02-05 21:57:43,214] {subprocess.py:96} INFO - Command exited with return code 2
[2023-02-05 21:57:43,226] {taskinstance.py:1909} ERROR - Task failed with exception
Traceback (most recent call last):
  File "/home/milo/13-airflow/airflowhome/airflowenv/lib/python3.9/site-packages/airflow/operators/bash.py", line 194, in execute
    raise AirflowException(
airflow.exceptions.AirflowException: Bash command failed. The command returned a non-zero exit code 2.
[2023-02-05 21:57:43,229] {taskinstance.py:1415} INFO - Marking task as FAILED. dag_id=06_monitoring, task_id=task_2, execution_date=20221107T000000, start_date=20230206T025742, end_date=20230206T025743
[2023-02-05 21:57:43,246] {standard_task_runner.py:92} ERROR - Failed to execute job 236 for task task_2 (Bash command failed. The command returned a non-zero exit code 2.; 36951)
[2023-02-05 21:57:43,282] {local_task_job.py:156} INFO - Task exited with return code 1
[2023-02-05 21:57:43,330] {local_task_job.py:273} INFO - 0 downstream tasks scheduled from follow-on schedule check
