[2023-02-05 21:20:32,494] {taskinstance.py:1179} INFO - Dependencies all met for <TaskInstance: 06_monitoring.task_2 scheduled__2022-11-07T00:00:00+00:00 [queued]>
[2023-02-05 21:20:33,366] {taskinstance.py:1179} INFO - Dependencies all met for <TaskInstance: 06_monitoring.task_2 scheduled__2022-11-07T00:00:00+00:00 [queued]>
[2023-02-05 21:20:33,366] {taskinstance.py:1376} INFO - 
--------------------------------------------------------------------------------
[2023-02-05 21:20:33,366] {taskinstance.py:1377} INFO - Starting attempt 2 of 2
[2023-02-05 21:20:33,366] {taskinstance.py:1378} INFO - 
--------------------------------------------------------------------------------
[2023-02-05 21:20:33,389] {taskinstance.py:1397} INFO - Executing <Task(BashOperator): task_2> on 2022-11-07 00:00:00+00:00
[2023-02-05 21:20:33,392] {standard_task_runner.py:52} INFO - Started process 35557 to run task
[2023-02-05 21:20:33,397] {standard_task_runner.py:79} INFO - Running: ['airflow', 'tasks', 'run', '06_monitoring', 'task_2', 'scheduled__2022-11-07T00:00:00+00:00', '--job-id', '186', '--raw', '--subdir', 'DAGS_FOLDER/06_monitoring.py', '--cfg-path', '/tmp/tmpl9f_8g3j', '--error-file', '/tmp/tmpld_a5mw2']
[2023-02-05 21:20:33,398] {standard_task_runner.py:80} INFO - Job 186: Subtask task_2
[2023-02-05 21:20:33,475] {task_command.py:371} INFO - Running <TaskInstance: 06_monitoring.task_2 scheduled__2022-11-07T00:00:00+00:00 [running]> on host pc.
[2023-02-05 21:20:33,561] {taskinstance.py:1589} INFO - Exporting the following env vars:
AIRFLOW_CTX_DAG_OWNER=airflow
AIRFLOW_CTX_DAG_ID=06_monitoring
AIRFLOW_CTX_TASK_ID=task_2
AIRFLOW_CTX_EXECUTION_DATE=2022-11-07T00:00:00+00:00
AIRFLOW_CTX_TRY_NUMBER=2
AIRFLOW_CTX_DAG_RUN_ID=scheduled__2022-11-07T00:00:00+00:00
[2023-02-05 21:20:33,562] {subprocess.py:62} INFO - Tmp dir root location: 
 /tmp
[2023-02-05 21:20:33,562] {subprocess.py:74} INFO - Running command: ['bash', '-c', "sleep 2 && echo 'Second task!'"]
[2023-02-05 21:20:33,570] {subprocess.py:85} INFO - Output:
[2023-02-05 21:20:35,572] {subprocess.py:92} INFO - Second task!
[2023-02-05 21:20:35,573] {subprocess.py:96} INFO - Command exited with return code 0
[2023-02-05 21:20:36,474] {taskinstance.py:1415} INFO - Marking task as SUCCESS. dag_id=06_monitoring, task_id=task_2, execution_date=20221107T000000, start_date=20230206T022032, end_date=20230206T022036
[2023-02-05 21:20:37,585] {local_task_job.py:156} INFO - Task exited with return code 0
[2023-02-05 21:20:37,638] {local_task_job.py:273} INFO - 1 downstream tasks scheduled from follow-on schedule check
[2023-02-05 21:40:40,259] {taskinstance.py:1179} INFO - Dependencies all met for <TaskInstance: 06_monitoring.task_2 scheduled__2022-11-07T00:00:00+00:00 [queued]>
[2023-02-05 21:40:40,274] {taskinstance.py:1179} INFO - Dependencies all met for <TaskInstance: 06_monitoring.task_2 scheduled__2022-11-07T00:00:00+00:00 [queued]>
[2023-02-05 21:40:40,275] {taskinstance.py:1376} INFO - 
--------------------------------------------------------------------------------
[2023-02-05 21:40:40,275] {taskinstance.py:1377} INFO - Starting attempt 2 of 2
[2023-02-05 21:40:40,275] {taskinstance.py:1378} INFO - 
--------------------------------------------------------------------------------
[2023-02-05 21:40:40,302] {taskinstance.py:1397} INFO - Executing <Task(BashOperator): task_2> on 2022-11-07 00:00:00+00:00
[2023-02-05 21:40:40,305] {standard_task_runner.py:52} INFO - Started process 36420 to run task
[2023-02-05 21:40:40,310] {standard_task_runner.py:79} INFO - Running: ['airflow', 'tasks', 'run', '06_monitoring', 'task_2', 'scheduled__2022-11-07T00:00:00+00:00', '--job-id', '164', '--raw', '--subdir', 'DAGS_FOLDER/06_monitoring.py', '--cfg-path', '/tmp/tmpm9eac8f7', '--error-file', '/tmp/tmpqkdi80ye']
[2023-02-05 21:40:40,311] {standard_task_runner.py:80} INFO - Job 164: Subtask task_2
[2023-02-05 21:40:40,398] {task_command.py:371} INFO - Running <TaskInstance: 06_monitoring.task_2 scheduled__2022-11-07T00:00:00+00:00 [running]> on host pc.
[2023-02-05 21:40:40,491] {taskinstance.py:1589} INFO - Exporting the following env vars:
AIRFLOW_CTX_DAG_OWNER=airflow
AIRFLOW_CTX_DAG_ID=06_monitoring
AIRFLOW_CTX_TASK_ID=task_2
AIRFLOW_CTX_EXECUTION_DATE=2022-11-07T00:00:00+00:00
AIRFLOW_CTX_TRY_NUMBER=2
AIRFLOW_CTX_DAG_RUN_ID=scheduled__2022-11-07T00:00:00+00:00
[2023-02-05 21:40:40,492] {subprocess.py:62} INFO - Tmp dir root location: 
 /tmp
[2023-02-05 21:40:40,493] {subprocess.py:74} INFO - Running command: ['bash', '-c', "sleep 2 && echo 'Second task!'"]
[2023-02-05 21:40:40,502] {subprocess.py:85} INFO - Output:
[2023-02-05 21:40:42,504] {subprocess.py:92} INFO - Second task!
[2023-02-05 21:40:42,505] {subprocess.py:96} INFO - Command exited with return code 0
[2023-02-05 21:40:42,540] {taskinstance.py:1415} INFO - Marking task as SUCCESS. dag_id=06_monitoring, task_id=task_2, execution_date=20221107T000000, start_date=20230206T024040, end_date=20230206T024042
[2023-02-05 21:40:42,571] {local_task_job.py:156} INFO - Task exited with return code 0
[2023-02-05 21:40:42,625] {local_task_job.py:273} INFO - 1 downstream tasks scheduled from follow-on schedule check
