[2023-02-05 17:45:22,396] {taskinstance.py:1179} INFO - Dependencies all met for <TaskInstance: orchestration.task_2 scheduled__2023-01-05T00:00:00+00:00 [queued]>
[2023-02-05 17:45:22,407] {taskinstance.py:1179} INFO - Dependencies all met for <TaskInstance: orchestration.task_2 scheduled__2023-01-05T00:00:00+00:00 [queued]>
[2023-02-05 17:45:22,407] {taskinstance.py:1376} INFO - 
--------------------------------------------------------------------------------
[2023-02-05 17:45:22,407] {taskinstance.py:1377} INFO - Starting attempt 1 of 1
[2023-02-05 17:45:22,407] {taskinstance.py:1378} INFO - 
--------------------------------------------------------------------------------
[2023-02-05 17:45:22,437] {taskinstance.py:1397} INFO - Executing <Task(BashOperator): task_2> on 2023-01-05 00:00:00+00:00
[2023-02-05 17:45:22,440] {standard_task_runner.py:52} INFO - Started process 29914 to run task
[2023-02-05 17:45:22,445] {standard_task_runner.py:79} INFO - Running: ['airflow', 'tasks', 'run', 'orchestration', 'task_2', 'scheduled__2023-01-05T00:00:00+00:00', '--job-id', '64', '--raw', '--subdir', 'DAGS_FOLDER/5_orchestration_2.py', '--cfg-path', '/tmp/tmpd0p9e7xa', '--error-file', '/tmp/tmputuazah4']
[2023-02-05 17:45:22,446] {standard_task_runner.py:80} INFO - Job 64: Subtask task_2
[2023-02-05 17:45:22,529] {task_command.py:371} INFO - Running <TaskInstance: orchestration.task_2 scheduled__2023-01-05T00:00:00+00:00 [running]> on host pc.
[2023-02-05 17:45:22,626] {taskinstance.py:1589} INFO - Exporting the following env vars:
AIRFLOW_CTX_DAG_OWNER=airflow
AIRFLOW_CTX_DAG_ID=orchestration
AIRFLOW_CTX_TASK_ID=task_2
AIRFLOW_CTX_EXECUTION_DATE=2023-01-05T00:00:00+00:00
AIRFLOW_CTX_TRY_NUMBER=1
AIRFLOW_CTX_DAG_RUN_ID=scheduled__2023-01-05T00:00:00+00:00
[2023-02-05 17:45:22,627] {subprocess.py:62} INFO - Tmp dir root location: 
 /tmp
[2023-02-05 17:45:22,628] {subprocess.py:74} INFO - Running command: ['bash', '-c', "sleep 2 && echo 'Task_2'"]
[2023-02-05 17:45:22,637] {subprocess.py:85} INFO - Output:
[2023-02-05 17:45:24,639] {subprocess.py:92} INFO - Task_2
[2023-02-05 17:45:24,640] {subprocess.py:96} INFO - Command exited with return code 0
[2023-02-05 17:45:24,680] {taskinstance.py:1415} INFO - Marking task as SUCCESS. dag_id=orchestration, task_id=task_2, execution_date=20230105T000000, start_date=20230205T224522, end_date=20230205T224524
[2023-02-05 17:45:24,748] {local_task_job.py:156} INFO - Task exited with return code 0
[2023-02-05 17:45:24,811] {local_task_job.py:273} INFO - 2 downstream tasks scheduled from follow-on schedule check
[2023-02-05 17:56:29,296] {taskinstance.py:1179} INFO - Dependencies all met for <TaskInstance: orchestration.task_2 scheduled__2023-01-05T00:00:00+00:00 [queued]>
[2023-02-05 17:56:29,311] {taskinstance.py:1179} INFO - Dependencies all met for <TaskInstance: orchestration.task_2 scheduled__2023-01-05T00:00:00+00:00 [queued]>
[2023-02-05 17:56:29,311] {taskinstance.py:1376} INFO - 
--------------------------------------------------------------------------------
[2023-02-05 17:56:29,311] {taskinstance.py:1377} INFO - Starting attempt 1 of 1
[2023-02-05 17:56:29,311] {taskinstance.py:1378} INFO - 
--------------------------------------------------------------------------------
[2023-02-05 17:56:29,333] {taskinstance.py:1397} INFO - Executing <Task(BashOperator): task_2> on 2023-01-05 00:00:00+00:00
[2023-02-05 17:56:29,336] {standard_task_runner.py:52} INFO - Started process 30578 to run task
[2023-02-05 17:56:29,341] {standard_task_runner.py:79} INFO - Running: ['airflow', 'tasks', 'run', 'orchestration', 'task_2', 'scheduled__2023-01-05T00:00:00+00:00', '--job-id', '68', '--raw', '--subdir', 'DAGS_FOLDER/5_orchestration_2.py', '--cfg-path', '/tmp/tmpkosgaf_t', '--error-file', '/tmp/tmp9_b6n77s']
[2023-02-05 17:56:29,342] {standard_task_runner.py:80} INFO - Job 68: Subtask task_2
[2023-02-05 17:56:29,427] {task_command.py:371} INFO - Running <TaskInstance: orchestration.task_2 scheduled__2023-01-05T00:00:00+00:00 [running]> on host pc.
[2023-02-05 17:56:29,518] {taskinstance.py:1589} INFO - Exporting the following env vars:
AIRFLOW_CTX_DAG_OWNER=airflow
AIRFLOW_CTX_DAG_ID=orchestration
AIRFLOW_CTX_TASK_ID=task_2
AIRFLOW_CTX_EXECUTION_DATE=2023-01-05T00:00:00+00:00
AIRFLOW_CTX_TRY_NUMBER=1
AIRFLOW_CTX_DAG_RUN_ID=scheduled__2023-01-05T00:00:00+00:00
[2023-02-05 17:56:29,520] {subprocess.py:62} INFO - Tmp dir root location: 
 /tmp
[2023-02-05 17:56:29,521] {subprocess.py:74} INFO - Running command: ['bash', '-c', "sleep 1 && echo 'Task_2'"]
[2023-02-05 17:56:29,528] {subprocess.py:85} INFO - Output:
[2023-02-05 17:56:30,531] {subprocess.py:92} INFO - Task_2
[2023-02-05 17:56:30,531] {subprocess.py:96} INFO - Command exited with return code 0
[2023-02-05 17:56:30,560] {taskinstance.py:1415} INFO - Marking task as SUCCESS. dag_id=orchestration, task_id=task_2, execution_date=20230105T000000, start_date=20230205T225629, end_date=20230205T225630
[2023-02-05 17:56:30,597] {local_task_job.py:156} INFO - Task exited with return code 0
[2023-02-05 17:56:30,652] {local_task_job.py:273} INFO - 2 downstream tasks scheduled from follow-on schedule check
