[2023-02-07 19:07:31,413] {taskinstance.py:1179} INFO - Dependencies all met for <TaskInstance: 07.2_external_task_sensor.task-2 scheduled__2022-11-05T00:00:00+00:00 [queued]>
[2023-02-07 19:07:31,443] {taskinstance.py:1179} INFO - Dependencies all met for <TaskInstance: 07.2_external_task_sensor.task-2 scheduled__2022-11-05T00:00:00+00:00 [queued]>
[2023-02-07 19:07:31,443] {taskinstance.py:1376} INFO - 
--------------------------------------------------------------------------------
[2023-02-07 19:07:31,444] {taskinstance.py:1377} INFO - Starting attempt 1 of 1
[2023-02-07 19:07:31,444] {taskinstance.py:1378} INFO - 
--------------------------------------------------------------------------------
[2023-02-07 19:07:31,473] {taskinstance.py:1397} INFO - Executing <Task(BashOperator): task-2> on 2022-11-05 00:00:00+00:00
[2023-02-07 19:07:31,479] {standard_task_runner.py:52} INFO - Started process 38019 to run task
[2023-02-07 19:07:31,494] {standard_task_runner.py:79} INFO - Running: ['airflow', 'tasks', 'run', '07.2_external_task_sensor', 'task-2', 'scheduled__2022-11-05T00:00:00+00:00', '--job-id', '463', '--raw', '--subdir', 'DAGS_FOLDER/07.2_external_task_sensor.py', '--cfg-path', '/tmp/tmpj9zc4mmo', '--error-file', '/tmp/tmpiu5cbp5t']
[2023-02-07 19:07:31,496] {standard_task_runner.py:80} INFO - Job 463: Subtask task-2
[2023-02-07 19:07:31,871] {task_command.py:371} INFO - Running <TaskInstance: 07.2_external_task_sensor.task-2 scheduled__2022-11-05T00:00:00+00:00 [running]> on host pc.
[2023-02-07 19:07:32,026] {taskinstance.py:1589} INFO - Exporting the following env vars:
AIRFLOW_CTX_DAG_OWNER=airflow
AIRFLOW_CTX_DAG_ID=07.2_external_task_sensor
AIRFLOW_CTX_TASK_ID=task-2
AIRFLOW_CTX_EXECUTION_DATE=2022-11-05T00:00:00+00:00
AIRFLOW_CTX_TRY_NUMBER=1
AIRFLOW_CTX_DAG_RUN_ID=scheduled__2022-11-05T00:00:00+00:00
[2023-02-07 19:07:32,027] {subprocess.py:62} INFO - Tmp dir root location: 
 /tmp
[2023-02-07 19:07:32,028] {subprocess.py:74} INFO - Running command: ['bash', '-c', "sleep 5 && echo 'DAG 2 ended'"]
[2023-02-07 19:07:32,039] {subprocess.py:85} INFO - Output:
[2023-02-07 19:07:37,042] {subprocess.py:92} INFO - DAG 2 ended
[2023-02-07 19:07:37,043] {subprocess.py:96} INFO - Command exited with return code 0
[2023-02-07 19:07:37,077] {taskinstance.py:1415} INFO - Marking task as SUCCESS. dag_id=07.2_external_task_sensor, task_id=task-2, execution_date=20221105T000000, start_date=20230208T000731, end_date=20230208T000737
[2023-02-07 19:07:37,108] {local_task_job.py:156} INFO - Task exited with return code 0
[2023-02-07 19:07:37,133] {local_task_job.py:273} INFO - 0 downstream tasks scheduled from follow-on schedule check
