[2023-02-07 21:17:02,849] {taskinstance.py:1179} INFO - Dependencies all met for <TaskInstance: 8_templating.task_1 scheduled__2022-12-01T00:00:00+00:00 [queued]>
[2023-02-07 21:17:02,862] {taskinstance.py:1179} INFO - Dependencies all met for <TaskInstance: 8_templating.task_1 scheduled__2022-12-01T00:00:00+00:00 [queued]>
[2023-02-07 21:17:02,862] {taskinstance.py:1376} INFO - 
--------------------------------------------------------------------------------
[2023-02-07 21:17:02,862] {taskinstance.py:1377} INFO - Starting attempt 1 of 1
[2023-02-07 21:17:02,862] {taskinstance.py:1378} INFO - 
--------------------------------------------------------------------------------
[2023-02-07 21:17:02,888] {taskinstance.py:1397} INFO - Executing <Task(BashOperator): task_1> on 2022-12-01 00:00:00+00:00
[2023-02-07 21:17:02,891] {standard_task_runner.py:52} INFO - Started process 45706 to run task
[2023-02-07 21:17:02,898] {standard_task_runner.py:79} INFO - Running: ['airflow', 'tasks', 'run', '8_templating', 'task_1', 'scheduled__2022-12-01T00:00:00+00:00', '--job-id', '998', '--raw', '--subdir', 'DAGS_FOLDER/08_templating_jinja.py', '--cfg-path', '/tmp/tmpo497_ae9', '--error-file', '/tmp/tmp8v9s8x5h']
[2023-02-07 21:17:02,900] {standard_task_runner.py:80} INFO - Job 998: Subtask task_1
[2023-02-07 21:17:02,996] {task_command.py:371} INFO - Running <TaskInstance: 8_templating.task_1 scheduled__2022-12-01T00:00:00+00:00 [running]> on host pc.
[2023-02-07 21:17:03,100] {taskinstance.py:1589} INFO - Exporting the following env vars:
AIRFLOW_CTX_DAG_OWNER=airflow
AIRFLOW_CTX_DAG_ID=8_templating
AIRFLOW_CTX_TASK_ID=task_1
AIRFLOW_CTX_EXECUTION_DATE=2022-12-01T00:00:00+00:00
AIRFLOW_CTX_TRY_NUMBER=1
AIRFLOW_CTX_DAG_RUN_ID=scheduled__2022-12-01T00:00:00+00:00
[2023-02-07 21:17:03,101] {subprocess.py:62} INFO - Tmp dir root location: 
 /tmp
[2023-02-07 21:17:03,102] {subprocess.py:74} INFO - Running command: ['bash', '-c', ' \n\n    echo "2022-12-01"\n    echo "file1.txt"\n\n    echo "2022-12-01"\n    echo "file2.txt"\n']
[2023-02-07 21:17:03,112] {subprocess.py:85} INFO - Output:
[2023-02-07 21:17:03,114] {subprocess.py:92} INFO - 2022-12-01
[2023-02-07 21:17:03,114] {subprocess.py:92} INFO - file1.txt
[2023-02-07 21:17:03,114] {subprocess.py:92} INFO - 2022-12-01
[2023-02-07 21:17:03,114] {subprocess.py:92} INFO - file2.txt
[2023-02-07 21:17:03,114] {subprocess.py:96} INFO - Command exited with return code 0
[2023-02-07 21:17:03,145] {taskinstance.py:1415} INFO - Marking task as SUCCESS. dag_id=8_templating, task_id=task_1, execution_date=20221201T000000, start_date=20230208T021702, end_date=20230208T021703
[2023-02-07 21:17:03,195] {local_task_job.py:156} INFO - Task exited with return code 0
[2023-02-07 21:17:03,219] {local_task_job.py:273} INFO - 0 downstream tasks scheduled from follow-on schedule check
