[2023-02-05 23:38:49,261] {taskinstance.py:1179} INFO - Dependencies all met for <TaskInstance: 06_monitoring_trigger_rules.task_3 scheduled__2022-11-10T00:00:00+00:00 [queued]>
[2023-02-05 23:38:49,271] {taskinstance.py:1179} INFO - Dependencies all met for <TaskInstance: 06_monitoring_trigger_rules.task_3 scheduled__2022-11-10T00:00:00+00:00 [queued]>
[2023-02-05 23:38:49,271] {taskinstance.py:1376} INFO - 
--------------------------------------------------------------------------------
[2023-02-05 23:38:49,271] {taskinstance.py:1377} INFO - Starting attempt 1 of 3
[2023-02-05 23:38:49,272] {taskinstance.py:1378} INFO - 
--------------------------------------------------------------------------------
[2023-02-05 23:38:49,293] {taskinstance.py:1397} INFO - Executing <Task(BashOperator): task_3> on 2022-11-10 00:00:00+00:00
[2023-02-05 23:38:49,296] {standard_task_runner.py:52} INFO - Started process 39459 to run task
[2023-02-05 23:38:49,302] {standard_task_runner.py:79} INFO - Running: ['airflow', 'tasks', 'run', '06_monitoring_trigger_rules', 'task_3', 'scheduled__2022-11-10T00:00:00+00:00', '--job-id', '322', '--raw', '--subdir', 'DAGS_FOLDER/06.2_monitoring_trigger_rules.py', '--cfg-path', '/tmp/tmptl5o_4sh', '--error-file', '/tmp/tmp5doed10g']
[2023-02-05 23:38:49,303] {standard_task_runner.py:80} INFO - Job 322: Subtask task_3
[2023-02-05 23:38:49,388] {task_command.py:371} INFO - Running <TaskInstance: 06_monitoring_trigger_rules.task_3 scheduled__2022-11-10T00:00:00+00:00 [running]> on host pc.
[2023-02-05 23:38:49,473] {taskinstance.py:1589} INFO - Exporting the following env vars:
AIRFLOW_CTX_DAG_OWNER=airflow
AIRFLOW_CTX_DAG_ID=06_monitoring_trigger_rules
AIRFLOW_CTX_TASK_ID=task_3
AIRFLOW_CTX_EXECUTION_DATE=2022-11-10T00:00:00+00:00
AIRFLOW_CTX_TRY_NUMBER=1
AIRFLOW_CTX_DAG_RUN_ID=scheduled__2022-11-10T00:00:00+00:00
[2023-02-05 23:38:49,475] {subprocess.py:62} INFO - Tmp dir root location: 
 /tmp
[2023-02-05 23:38:49,475] {subprocess.py:74} INFO - Running command: ['bash', '-c', "sleep 2 && echo 'Third task!'"]
[2023-02-05 23:38:49,484] {subprocess.py:85} INFO - Output:
[2023-02-05 23:38:51,485] {subprocess.py:92} INFO - Third task!
[2023-02-05 23:38:51,486] {subprocess.py:96} INFO - Command exited with return code 0
[2023-02-05 23:38:51,515] {taskinstance.py:1415} INFO - Marking task as SUCCESS. dag_id=06_monitoring_trigger_rules, task_id=task_3, execution_date=20221110T000000, start_date=20230206T043849, end_date=20230206T043851
[2023-02-05 23:38:51,572] {local_task_job.py:156} INFO - Task exited with return code 0
[2023-02-05 23:38:51,624] {local_task_job.py:273} INFO - 1 downstream tasks scheduled from follow-on schedule check
