[2023-02-07 20:08:45,073] {taskinstance.py:1179} INFO - Dependencies all met for <TaskInstance: 07.3_file_sensor.file_task scheduled__2023-01-20T00:00:00+00:00 [queued]>
[2023-02-07 20:08:45,083] {taskinstance.py:1179} INFO - Dependencies all met for <TaskInstance: 07.3_file_sensor.file_task scheduled__2023-01-20T00:00:00+00:00 [queued]>
[2023-02-07 20:08:45,084] {taskinstance.py:1376} INFO - 
--------------------------------------------------------------------------------
[2023-02-07 20:08:45,084] {taskinstance.py:1377} INFO - Starting attempt 1 of 1
[2023-02-07 20:08:45,084] {taskinstance.py:1378} INFO - 
--------------------------------------------------------------------------------
[2023-02-07 20:08:45,106] {taskinstance.py:1397} INFO - Executing <Task(BashOperator): file_task> on 2023-01-20 00:00:00+00:00
[2023-02-07 20:08:45,110] {standard_task_runner.py:52} INFO - Started process 43670 to run task
[2023-02-07 20:08:45,117] {standard_task_runner.py:79} INFO - Running: ['airflow', 'tasks', 'run', '07.3_file_sensor', 'file_task', 'scheduled__2023-01-20T00:00:00+00:00', '--job-id', '959', '--raw', '--subdir', 'DAGS_FOLDER/07.3_file_sensor.py', '--cfg-path', '/tmp/tmpaswco9h8', '--error-file', '/tmp/tmp8z4cq_kz']
[2023-02-07 20:08:45,119] {standard_task_runner.py:80} INFO - Job 959: Subtask file_task
[2023-02-07 20:08:45,216] {task_command.py:371} INFO - Running <TaskInstance: 07.3_file_sensor.file_task scheduled__2023-01-20T00:00:00+00:00 [running]> on host pc.
[2023-02-07 20:08:45,321] {taskinstance.py:1589} INFO - Exporting the following env vars:
AIRFLOW_CTX_DAG_OWNER=airflow
AIRFLOW_CTX_DAG_ID=07.3_file_sensor
AIRFLOW_CTX_TASK_ID=file_task
AIRFLOW_CTX_EXECUTION_DATE=2023-01-20T00:00:00+00:00
AIRFLOW_CTX_TRY_NUMBER=1
AIRFLOW_CTX_DAG_RUN_ID=scheduled__2023-01-20T00:00:00+00:00
[2023-02-07 20:08:45,322] {subprocess.py:62} INFO - Tmp dir root location: 
 /tmp
[2023-02-07 20:08:45,323] {subprocess.py:74} INFO - Running command: ['bash', '-c', 'sleep 10 && touch /tmp/file.txt']
[2023-02-07 20:08:45,334] {subprocess.py:85} INFO - Output:
[2023-02-07 20:08:55,338] {subprocess.py:96} INFO - Command exited with return code 0
[2023-02-07 20:08:55,372] {taskinstance.py:1415} INFO - Marking task as SUCCESS. dag_id=07.3_file_sensor, task_id=file_task, execution_date=20230120T000000, start_date=20230208T010845, end_date=20230208T010855
[2023-02-07 20:08:55,400] {local_task_job.py:156} INFO - Task exited with return code 0
[2023-02-07 20:08:55,441] {local_task_job.py:273} INFO - 1 downstream tasks scheduled from follow-on schedule check
