[2023-02-05 21:26:56,042] {taskinstance.py:1179} INFO - Dependencies all met for <TaskInstance: 06_monitoring.task_1 scheduled__2022-11-09T00:00:00+00:00 [queued]>
[2023-02-05 21:26:56,052] {taskinstance.py:1179} INFO - Dependencies all met for <TaskInstance: 06_monitoring.task_1 scheduled__2022-11-09T00:00:00+00:00 [queued]>
[2023-02-05 21:26:56,053] {taskinstance.py:1376} INFO - 
--------------------------------------------------------------------------------
[2023-02-05 21:26:56,053] {taskinstance.py:1377} INFO - Starting attempt 2 of 2
[2023-02-05 21:26:56,053] {taskinstance.py:1378} INFO - 
--------------------------------------------------------------------------------
[2023-02-05 21:26:56,072] {taskinstance.py:1397} INFO - Executing <Task(BashOperator): task_1> on 2022-11-09 00:00:00+00:00
[2023-02-05 21:26:56,075] {standard_task_runner.py:52} INFO - Started process 35756 to run task
[2023-02-05 21:26:56,080] {standard_task_runner.py:79} INFO - Running: ['airflow', 'tasks', 'run', '06_monitoring', 'task_1', 'scheduled__2022-11-09T00:00:00+00:00', '--job-id', '200', '--raw', '--subdir', 'DAGS_FOLDER/06_monitoring.py', '--cfg-path', '/tmp/tmpn96nesx9', '--error-file', '/tmp/tmpy_t6356c']
[2023-02-05 21:26:56,081] {standard_task_runner.py:80} INFO - Job 200: Subtask task_1
[2023-02-05 21:26:56,162] {task_command.py:371} INFO - Running <TaskInstance: 06_monitoring.task_1 scheduled__2022-11-09T00:00:00+00:00 [running]> on host pc.
[2023-02-05 21:26:56,245] {taskinstance.py:1589} INFO - Exporting the following env vars:
AIRFLOW_CTX_DAG_OWNER=airflow
AIRFLOW_CTX_DAG_ID=06_monitoring
AIRFLOW_CTX_TASK_ID=task_1
AIRFLOW_CTX_EXECUTION_DATE=2022-11-09T00:00:00+00:00
AIRFLOW_CTX_TRY_NUMBER=2
AIRFLOW_CTX_DAG_RUN_ID=scheduled__2022-11-09T00:00:00+00:00
[2023-02-05 21:26:56,246] {subprocess.py:62} INFO - Tmp dir root location: 
 /tmp
[2023-02-05 21:26:56,247] {subprocess.py:74} INFO - Running command: ['bash', '-c', "sleep 2 && echo 'First task!'"]
[2023-02-05 21:26:56,255] {subprocess.py:85} INFO - Output:
[2023-02-05 21:26:58,257] {subprocess.py:92} INFO - First task!
[2023-02-05 21:26:58,258] {subprocess.py:96} INFO - Command exited with return code 0
[2023-02-05 21:26:58,287] {taskinstance.py:1415} INFO - Marking task as SUCCESS. dag_id=06_monitoring, task_id=task_1, execution_date=20221109T000000, start_date=20230206T022656, end_date=20230206T022658
[2023-02-05 21:26:58,341] {local_task_job.py:156} INFO - Task exited with return code 0
[2023-02-05 21:26:58,370] {local_task_job.py:273} INFO - 0 downstream tasks scheduled from follow-on schedule check
[2023-02-05 21:56:47,883] {taskinstance.py:1179} INFO - Dependencies all met for <TaskInstance: 06_monitoring.task_1 scheduled__2022-11-09T00:00:00+00:00 [queued]>
[2023-02-05 21:56:47,893] {taskinstance.py:1179} INFO - Dependencies all met for <TaskInstance: 06_monitoring.task_1 scheduled__2022-11-09T00:00:00+00:00 [queued]>
[2023-02-05 21:56:47,893] {taskinstance.py:1376} INFO - 
--------------------------------------------------------------------------------
[2023-02-05 21:56:47,894] {taskinstance.py:1377} INFO - Starting attempt 2 of 2
[2023-02-05 21:56:47,894] {taskinstance.py:1378} INFO - 
--------------------------------------------------------------------------------
[2023-02-05 21:56:47,961] {taskinstance.py:1397} INFO - Executing <Task(BashOperator): task_1> on 2022-11-09 00:00:00+00:00
[2023-02-05 21:56:47,964] {standard_task_runner.py:52} INFO - Started process 36895 to run task
[2023-02-05 21:56:47,969] {standard_task_runner.py:79} INFO - Running: ['airflow', 'tasks', 'run', '06_monitoring', 'task_1', 'scheduled__2022-11-09T00:00:00+00:00', '--job-id', '223', '--raw', '--subdir', 'DAGS_FOLDER/06_monitoring.py', '--cfg-path', '/tmp/tmpx0ceyh1s', '--error-file', '/tmp/tmpzafx4j2g']
[2023-02-05 21:56:47,970] {standard_task_runner.py:80} INFO - Job 223: Subtask task_1
[2023-02-05 21:56:48,059] {task_command.py:371} INFO - Running <TaskInstance: 06_monitoring.task_1 scheduled__2022-11-09T00:00:00+00:00 [running]> on host pc.
[2023-02-05 21:56:48,149] {taskinstance.py:1589} INFO - Exporting the following env vars:
AIRFLOW_CTX_DAG_OWNER=airflow
AIRFLOW_CTX_DAG_ID=06_monitoring
AIRFLOW_CTX_TASK_ID=task_1
AIRFLOW_CTX_EXECUTION_DATE=2022-11-09T00:00:00+00:00
AIRFLOW_CTX_TRY_NUMBER=2
AIRFLOW_CTX_DAG_RUN_ID=scheduled__2022-11-09T00:00:00+00:00
[2023-02-05 21:56:48,151] {subprocess.py:62} INFO - Tmp dir root location: 
 /tmp
[2023-02-05 21:56:48,152] {subprocess.py:74} INFO - Running command: ['bash', '-c', "sleep 2 && echo 'First task!'"]
[2023-02-05 21:56:48,164] {subprocess.py:85} INFO - Output:
[2023-02-05 21:56:50,167] {subprocess.py:92} INFO - First task!
[2023-02-05 21:56:50,167] {subprocess.py:96} INFO - Command exited with return code 0
[2023-02-05 21:56:50,198] {taskinstance.py:1415} INFO - Marking task as SUCCESS. dag_id=06_monitoring, task_id=task_1, execution_date=20221109T000000, start_date=20230206T025647, end_date=20230206T025650
[2023-02-05 21:56:50,230] {local_task_job.py:156} INFO - Task exited with return code 0
[2023-02-05 21:56:50,285] {local_task_job.py:273} INFO - 1 downstream tasks scheduled from follow-on schedule check
