[2023-02-05 21:11:51,156] {taskinstance.py:1179} INFO - Dependencies all met for <TaskInstance: 06_monitoring.task_1 scheduled__2022-11-09T00:00:00+00:00 [queued]>
[2023-02-05 21:11:51,167] {taskinstance.py:1179} INFO - Dependencies all met for <TaskInstance: 06_monitoring.task_1 scheduled__2022-11-09T00:00:00+00:00 [queued]>
[2023-02-05 21:11:51,167] {taskinstance.py:1376} INFO - 
--------------------------------------------------------------------------------
[2023-02-05 21:11:51,168] {taskinstance.py:1377} INFO - Starting attempt 1 of 1
[2023-02-05 21:11:51,168] {taskinstance.py:1378} INFO - 
--------------------------------------------------------------------------------
[2023-02-05 21:11:51,189] {taskinstance.py:1397} INFO - Executing <Task(BashOperator): task_1> on 2022-11-09 00:00:00+00:00
[2023-02-05 21:11:51,192] {standard_task_runner.py:52} INFO - Started process 35064 to run task
[2023-02-05 21:11:51,197] {standard_task_runner.py:79} INFO - Running: ['airflow', 'tasks', 'run', '06_monitoring', 'task_1', 'scheduled__2022-11-09T00:00:00+00:00', '--job-id', '147', '--raw', '--subdir', 'DAGS_FOLDER/06_monitoring.py', '--cfg-path', '/tmp/tmpf3l51ymf', '--error-file', '/tmp/tmpn4agvw1d']
[2023-02-05 21:11:51,198] {standard_task_runner.py:80} INFO - Job 147: Subtask task_1
[2023-02-05 21:11:51,277] {task_command.py:371} INFO - Running <TaskInstance: 06_monitoring.task_1 scheduled__2022-11-09T00:00:00+00:00 [running]> on host pc.
[2023-02-05 21:11:51,360] {taskinstance.py:1589} INFO - Exporting the following env vars:
AIRFLOW_CTX_DAG_OWNER=airflow
AIRFLOW_CTX_DAG_ID=06_monitoring
AIRFLOW_CTX_TASK_ID=task_1
AIRFLOW_CTX_EXECUTION_DATE=2022-11-09T00:00:00+00:00
AIRFLOW_CTX_TRY_NUMBER=1
AIRFLOW_CTX_DAG_RUN_ID=scheduled__2022-11-09T00:00:00+00:00
[2023-02-05 21:11:51,361] {subprocess.py:62} INFO - Tmp dir root location: 
 /tmp
[2023-02-05 21:11:51,362] {subprocess.py:74} INFO - Running command: ['bash', '-c', "sleep 2 && echo 'First task!'"]
[2023-02-05 21:11:51,369] {subprocess.py:85} INFO - Output:
[2023-02-05 21:11:53,372] {subprocess.py:92} INFO - First task!
[2023-02-05 21:11:53,372] {subprocess.py:96} INFO - Command exited with return code 0
[2023-02-05 21:11:53,401] {taskinstance.py:1415} INFO - Marking task as SUCCESS. dag_id=06_monitoring, task_id=task_1, execution_date=20221109T000000, start_date=20230206T021151, end_date=20230206T021153
[2023-02-05 21:11:53,457] {local_task_job.py:156} INFO - Task exited with return code 0
[2023-02-05 21:11:53,503] {local_task_job.py:273} INFO - 1 downstream tasks scheduled from follow-on schedule check
[2023-02-05 21:14:50,553] {taskinstance.py:1179} INFO - Dependencies all met for <TaskInstance: 06_monitoring.task_1 scheduled__2022-11-09T00:00:00+00:00 [queued]>
[2023-02-05 21:14:50,563] {taskinstance.py:1179} INFO - Dependencies all met for <TaskInstance: 06_monitoring.task_1 scheduled__2022-11-09T00:00:00+00:00 [queued]>
[2023-02-05 21:14:50,564] {taskinstance.py:1376} INFO - 
--------------------------------------------------------------------------------
[2023-02-05 21:14:50,564] {taskinstance.py:1377} INFO - Starting attempt 1 of 1
[2023-02-05 21:14:50,564] {taskinstance.py:1378} INFO - 
--------------------------------------------------------------------------------
[2023-02-05 21:14:50,585] {taskinstance.py:1397} INFO - Executing <Task(BashOperator): task_1> on 2022-11-09 00:00:00+00:00
[2023-02-05 21:14:50,588] {standard_task_runner.py:52} INFO - Started process 35272 to run task
[2023-02-05 21:14:50,593] {standard_task_runner.py:79} INFO - Running: ['airflow', 'tasks', 'run', '06_monitoring', 'task_1', 'scheduled__2022-11-09T00:00:00+00:00', '--job-id', '139', '--raw', '--subdir', 'DAGS_FOLDER/06_monitoring.py', '--cfg-path', '/tmp/tmp6in1vzd6', '--error-file', '/tmp/tmpv51p5wtu']
[2023-02-05 21:14:50,594] {standard_task_runner.py:80} INFO - Job 139: Subtask task_1
[2023-02-05 21:14:50,676] {task_command.py:371} INFO - Running <TaskInstance: 06_monitoring.task_1 scheduled__2022-11-09T00:00:00+00:00 [running]> on host pc.
[2023-02-05 21:14:50,760] {taskinstance.py:1589} INFO - Exporting the following env vars:
AIRFLOW_CTX_DAG_OWNER=airflow
AIRFLOW_CTX_DAG_ID=06_monitoring
AIRFLOW_CTX_TASK_ID=task_1
AIRFLOW_CTX_EXECUTION_DATE=2022-11-09T00:00:00+00:00
AIRFLOW_CTX_TRY_NUMBER=1
AIRFLOW_CTX_DAG_RUN_ID=scheduled__2022-11-09T00:00:00+00:00
[2023-02-05 21:14:50,762] {subprocess.py:62} INFO - Tmp dir root location: 
 /tmp
[2023-02-05 21:14:50,763] {subprocess.py:74} INFO - Running command: ['bash', '-c', "sleep 2 && echo 'First task!'"]
[2023-02-05 21:14:50,770] {subprocess.py:85} INFO - Output:
[2023-02-05 21:14:52,773] {subprocess.py:92} INFO - First task!
[2023-02-05 21:14:52,773] {subprocess.py:96} INFO - Command exited with return code 0
[2023-02-05 21:14:52,804] {taskinstance.py:1415} INFO - Marking task as SUCCESS. dag_id=06_monitoring, task_id=task_1, execution_date=20221109T000000, start_date=20230206T021450, end_date=20230206T021452
[2023-02-05 21:14:52,853] {local_task_job.py:156} INFO - Task exited with return code 0
[2023-02-05 21:14:52,910] {local_task_job.py:273} INFO - 1 downstream tasks scheduled from follow-on schedule check
[2023-02-05 21:33:55,580] {taskinstance.py:1179} INFO - Dependencies all met for <TaskInstance: 06_monitoring.task_1 scheduled__2022-11-09T00:00:00+00:00 [queued]>
[2023-02-05 21:33:55,591] {taskinstance.py:1179} INFO - Dependencies all met for <TaskInstance: 06_monitoring.task_1 scheduled__2022-11-09T00:00:00+00:00 [queued]>
[2023-02-05 21:33:55,591] {taskinstance.py:1376} INFO - 
--------------------------------------------------------------------------------
[2023-02-05 21:33:55,591] {taskinstance.py:1377} INFO - Starting attempt 1 of 1
[2023-02-05 21:33:55,591] {taskinstance.py:1378} INFO - 
--------------------------------------------------------------------------------
[2023-02-05 21:33:55,613] {taskinstance.py:1397} INFO - Executing <Task(BashOperator): task_1> on 2022-11-09 00:00:00+00:00
[2023-02-05 21:33:55,616] {standard_task_runner.py:52} INFO - Started process 36130 to run task
[2023-02-05 21:33:55,622] {standard_task_runner.py:79} INFO - Running: ['airflow', 'tasks', 'run', '06_monitoring', 'task_1', 'scheduled__2022-11-09T00:00:00+00:00', '--job-id', '139', '--raw', '--subdir', 'DAGS_FOLDER/06_monitoring.py', '--cfg-path', '/tmp/tmpcgp816sk', '--error-file', '/tmp/tmprol21ron']
[2023-02-05 21:33:55,623] {standard_task_runner.py:80} INFO - Job 139: Subtask task_1
[2023-02-05 21:33:55,699] {task_command.py:371} INFO - Running <TaskInstance: 06_monitoring.task_1 scheduled__2022-11-09T00:00:00+00:00 [running]> on host pc.
[2023-02-05 21:33:55,782] {taskinstance.py:1589} INFO - Exporting the following env vars:
AIRFLOW_CTX_DAG_OWNER=airflow
AIRFLOW_CTX_DAG_ID=06_monitoring
AIRFLOW_CTX_TASK_ID=task_1
AIRFLOW_CTX_EXECUTION_DATE=2022-11-09T00:00:00+00:00
AIRFLOW_CTX_TRY_NUMBER=1
AIRFLOW_CTX_DAG_RUN_ID=scheduled__2022-11-09T00:00:00+00:00
[2023-02-05 21:33:55,783] {subprocess.py:62} INFO - Tmp dir root location: 
 /tmp
[2023-02-05 21:33:55,784] {subprocess.py:74} INFO - Running command: ['bash', '-c', "sleep 2 && echo 'First task!'"]
[2023-02-05 21:33:55,792] {subprocess.py:85} INFO - Output:
[2023-02-05 21:33:57,795] {subprocess.py:92} INFO - First task!
[2023-02-05 21:33:57,795] {subprocess.py:96} INFO - Command exited with return code 0
[2023-02-05 21:33:58,638] {taskinstance.py:1415} INFO - Marking task as SUCCESS. dag_id=06_monitoring, task_id=task_1, execution_date=20221109T000000, start_date=20230206T023355, end_date=20230206T023358
[2023-02-05 21:33:59,448] {local_task_job.py:156} INFO - Task exited with return code 0
[2023-02-05 21:34:00,425] {local_task_job.py:273} INFO - 1 downstream tasks scheduled from follow-on schedule check
