[2023-02-05 17:45:49,385] {taskinstance.py:1179} INFO - Dependencies all met for <TaskInstance: orchestration.task_5 scheduled__2023-01-04T00:00:00+00:00 [queued]>
[2023-02-05 17:45:49,397] {taskinstance.py:1179} INFO - Dependencies all met for <TaskInstance: orchestration.task_5 scheduled__2023-01-04T00:00:00+00:00 [queued]>
[2023-02-05 17:45:49,398] {taskinstance.py:1376} INFO - 
--------------------------------------------------------------------------------
[2023-02-05 17:45:49,398] {taskinstance.py:1377} INFO - Starting attempt 1 of 1
[2023-02-05 17:45:49,398] {taskinstance.py:1378} INFO - 
--------------------------------------------------------------------------------
[2023-02-05 17:45:49,420] {taskinstance.py:1397} INFO - Executing <Task(BashOperator): task_5> on 2023-01-04 00:00:00+00:00
[2023-02-05 17:45:49,425] {standard_task_runner.py:52} INFO - Started process 29945 to run task
[2023-02-05 17:45:49,430] {standard_task_runner.py:79} INFO - Running: ['airflow', 'tasks', 'run', 'orchestration', 'task_5', 'scheduled__2023-01-04T00:00:00+00:00', '--job-id', '70', '--raw', '--subdir', 'DAGS_FOLDER/5_orchestration_2.py', '--cfg-path', '/tmp/tmp9j3x85lw', '--error-file', '/tmp/tmpmp96alra']
[2023-02-05 17:45:49,432] {standard_task_runner.py:80} INFO - Job 70: Subtask task_5
[2023-02-05 17:45:49,511] {task_command.py:371} INFO - Running <TaskInstance: orchestration.task_5 scheduled__2023-01-04T00:00:00+00:00 [running]> on host pc.
[2023-02-05 17:45:49,611] {taskinstance.py:1589} INFO - Exporting the following env vars:
AIRFLOW_CTX_DAG_OWNER=airflow
AIRFLOW_CTX_DAG_ID=orchestration
AIRFLOW_CTX_TASK_ID=task_5
AIRFLOW_CTX_EXECUTION_DATE=2023-01-04T00:00:00+00:00
AIRFLOW_CTX_TRY_NUMBER=1
AIRFLOW_CTX_DAG_RUN_ID=scheduled__2023-01-04T00:00:00+00:00
[2023-02-05 17:45:49,612] {subprocess.py:62} INFO - Tmp dir root location: 
 /tmp
[2023-02-05 17:45:49,613] {subprocess.py:74} INFO - Running command: ['bash', '-c', "sleep 2 && echo 'Task_5'"]
[2023-02-05 17:45:49,620] {subprocess.py:85} INFO - Output:
[2023-02-05 17:45:51,623] {subprocess.py:92} INFO - Task_5
[2023-02-05 17:45:51,624] {subprocess.py:96} INFO - Command exited with return code 0
[2023-02-05 17:45:51,653] {taskinstance.py:1415} INFO - Marking task as SUCCESS. dag_id=orchestration, task_id=task_5, execution_date=20230104T000000, start_date=20230205T224549, end_date=20230205T224551
[2023-02-05 17:45:51,690] {local_task_job.py:156} INFO - Task exited with return code 0
[2023-02-05 17:45:51,726] {local_task_job.py:273} INFO - 0 downstream tasks scheduled from follow-on schedule check
[2023-02-05 17:56:24,571] {taskinstance.py:1179} INFO - Dependencies all met for <TaskInstance: orchestration.task_5 scheduled__2023-01-04T00:00:00+00:00 [queued]>
[2023-02-05 17:56:24,589] {taskinstance.py:1179} INFO - Dependencies all met for <TaskInstance: orchestration.task_5 scheduled__2023-01-04T00:00:00+00:00 [queued]>
[2023-02-05 17:56:24,589] {taskinstance.py:1376} INFO - 
--------------------------------------------------------------------------------
[2023-02-05 17:56:24,589] {taskinstance.py:1377} INFO - Starting attempt 1 of 1
[2023-02-05 17:56:24,589] {taskinstance.py:1378} INFO - 
--------------------------------------------------------------------------------
[2023-02-05 17:56:24,613] {taskinstance.py:1397} INFO - Executing <Task(BashOperator): task_5> on 2023-01-04 00:00:00+00:00
[2023-02-05 17:56:24,616] {standard_task_runner.py:52} INFO - Started process 30572 to run task
[2023-02-05 17:56:24,621] {standard_task_runner.py:79} INFO - Running: ['airflow', 'tasks', 'run', 'orchestration', 'task_5', 'scheduled__2023-01-04T00:00:00+00:00', '--job-id', '67', '--raw', '--subdir', 'DAGS_FOLDER/5_orchestration_2.py', '--cfg-path', '/tmp/tmpl6nye31a', '--error-file', '/tmp/tmpfqoxyuun']
[2023-02-05 17:56:24,622] {standard_task_runner.py:80} INFO - Job 67: Subtask task_5
[2023-02-05 17:56:24,703] {task_command.py:371} INFO - Running <TaskInstance: orchestration.task_5 scheduled__2023-01-04T00:00:00+00:00 [running]> on host pc.
[2023-02-05 17:56:24,794] {taskinstance.py:1589} INFO - Exporting the following env vars:
AIRFLOW_CTX_DAG_OWNER=airflow
AIRFLOW_CTX_DAG_ID=orchestration
AIRFLOW_CTX_TASK_ID=task_5
AIRFLOW_CTX_EXECUTION_DATE=2023-01-04T00:00:00+00:00
AIRFLOW_CTX_TRY_NUMBER=1
AIRFLOW_CTX_DAG_RUN_ID=scheduled__2023-01-04T00:00:00+00:00
[2023-02-05 17:56:24,795] {subprocess.py:62} INFO - Tmp dir root location: 
 /tmp
[2023-02-05 17:56:24,795] {subprocess.py:74} INFO - Running command: ['bash', '-c', "sleep 1 && echo 'Task_5'"]
[2023-02-05 17:56:24,803] {subprocess.py:85} INFO - Output:
[2023-02-05 17:56:25,806] {subprocess.py:92} INFO - Task_5
[2023-02-05 17:56:25,806] {subprocess.py:96} INFO - Command exited with return code 0
[2023-02-05 17:56:25,836] {taskinstance.py:1415} INFO - Marking task as SUCCESS. dag_id=orchestration, task_id=task_5, execution_date=20230104T000000, start_date=20230205T225624, end_date=20230205T225625
[2023-02-05 17:56:25,879] {local_task_job.py:156} INFO - Task exited with return code 0
[2023-02-05 17:56:25,905] {local_task_job.py:273} INFO - 0 downstream tasks scheduled from follow-on schedule check
