[2023-02-05 17:47:50,533] {taskinstance.py:1179} INFO - Dependencies all met for <TaskInstance: orchestration.task_4 scheduled__2023-01-12T00:00:00+00:00 [queued]>
[2023-02-05 17:47:50,544] {taskinstance.py:1179} INFO - Dependencies all met for <TaskInstance: orchestration.task_4 scheduled__2023-01-12T00:00:00+00:00 [queued]>
[2023-02-05 17:47:50,544] {taskinstance.py:1376} INFO - 
--------------------------------------------------------------------------------
[2023-02-05 17:47:50,544] {taskinstance.py:1377} INFO - Starting attempt 1 of 1
[2023-02-05 17:47:50,544] {taskinstance.py:1378} INFO - 
--------------------------------------------------------------------------------
[2023-02-05 17:47:50,566] {taskinstance.py:1397} INFO - Executing <Task(BashOperator): task_4> on 2023-01-12 00:00:00+00:00
[2023-02-05 17:47:50,569] {standard_task_runner.py:52} INFO - Started process 30083 to run task
[2023-02-05 17:47:50,574] {standard_task_runner.py:79} INFO - Running: ['airflow', 'tasks', 'run', 'orchestration', 'task_4', 'scheduled__2023-01-12T00:00:00+00:00', '--job-id', '98', '--raw', '--subdir', 'DAGS_FOLDER/5_orchestration_2.py', '--cfg-path', '/tmp/tmpt2066_b9', '--error-file', '/tmp/tmp50z266a3']
[2023-02-05 17:47:50,575] {standard_task_runner.py:80} INFO - Job 98: Subtask task_4
[2023-02-05 17:47:50,656] {task_command.py:371} INFO - Running <TaskInstance: orchestration.task_4 scheduled__2023-01-12T00:00:00+00:00 [running]> on host pc.
[2023-02-05 17:47:50,747] {taskinstance.py:1589} INFO - Exporting the following env vars:
AIRFLOW_CTX_DAG_OWNER=airflow
AIRFLOW_CTX_DAG_ID=orchestration
AIRFLOW_CTX_TASK_ID=task_4
AIRFLOW_CTX_EXECUTION_DATE=2023-01-12T00:00:00+00:00
AIRFLOW_CTX_TRY_NUMBER=1
AIRFLOW_CTX_DAG_RUN_ID=scheduled__2023-01-12T00:00:00+00:00
[2023-02-05 17:47:50,748] {subprocess.py:62} INFO - Tmp dir root location: 
 /tmp
[2023-02-05 17:47:50,748] {subprocess.py:74} INFO - Running command: ['bash', '-c', "sleep 2 && echo 'Task_4'"]
[2023-02-05 17:47:50,757] {subprocess.py:85} INFO - Output:
[2023-02-05 17:47:52,758] {subprocess.py:92} INFO - Task_4
[2023-02-05 17:47:52,759] {subprocess.py:96} INFO - Command exited with return code 0
[2023-02-05 17:47:52,789] {taskinstance.py:1415} INFO - Marking task as SUCCESS. dag_id=orchestration, task_id=task_4, execution_date=20230112T000000, start_date=20230205T224750, end_date=20230205T224752
[2023-02-05 17:47:52,834] {local_task_job.py:156} INFO - Task exited with return code 0
[2023-02-05 17:47:52,874] {local_task_job.py:273} INFO - 1 downstream tasks scheduled from follow-on schedule check
[2023-02-05 17:58:41,673] {taskinstance.py:1179} INFO - Dependencies all met for <TaskInstance: orchestration.task_4 scheduled__2023-01-12T00:00:00+00:00 [queued]>
[2023-02-05 17:58:41,689] {taskinstance.py:1179} INFO - Dependencies all met for <TaskInstance: orchestration.task_4 scheduled__2023-01-12T00:00:00+00:00 [queued]>
[2023-02-05 17:58:41,689] {taskinstance.py:1376} INFO - 
--------------------------------------------------------------------------------
[2023-02-05 17:58:41,689] {taskinstance.py:1377} INFO - Starting attempt 1 of 1
[2023-02-05 17:58:41,689] {taskinstance.py:1378} INFO - 
--------------------------------------------------------------------------------
[2023-02-05 17:58:41,709] {taskinstance.py:1397} INFO - Executing <Task(BashOperator): task_4> on 2023-01-12 00:00:00+00:00
[2023-02-05 17:58:41,712] {standard_task_runner.py:52} INFO - Started process 30733 to run task
[2023-02-05 17:58:41,722] {standard_task_runner.py:79} INFO - Running: ['airflow', 'tasks', 'run', 'orchestration', 'task_4', 'scheduled__2023-01-12T00:00:00+00:00', '--job-id', '98', '--raw', '--subdir', 'DAGS_FOLDER/5_orchestration_2.py', '--cfg-path', '/tmp/tmp_j_hmrk1', '--error-file', '/tmp/tmpfj_272oo']
[2023-02-05 17:58:41,723] {standard_task_runner.py:80} INFO - Job 98: Subtask task_4
[2023-02-05 17:58:41,805] {task_command.py:371} INFO - Running <TaskInstance: orchestration.task_4 scheduled__2023-01-12T00:00:00+00:00 [running]> on host pc.
[2023-02-05 17:58:41,886] {taskinstance.py:1589} INFO - Exporting the following env vars:
AIRFLOW_CTX_DAG_OWNER=airflow
AIRFLOW_CTX_DAG_ID=orchestration
AIRFLOW_CTX_TASK_ID=task_4
AIRFLOW_CTX_EXECUTION_DATE=2023-01-12T00:00:00+00:00
AIRFLOW_CTX_TRY_NUMBER=1
AIRFLOW_CTX_DAG_RUN_ID=scheduled__2023-01-12T00:00:00+00:00
[2023-02-05 17:58:41,887] {subprocess.py:62} INFO - Tmp dir root location: 
 /tmp
[2023-02-05 17:58:41,888] {subprocess.py:74} INFO - Running command: ['bash', '-c', "sleep 1 && echo 'Task_4'"]
[2023-02-05 17:58:41,896] {subprocess.py:85} INFO - Output:
[2023-02-05 17:58:42,899] {subprocess.py:92} INFO - Task_4
[2023-02-05 17:58:42,899] {subprocess.py:96} INFO - Command exited with return code 0
[2023-02-05 17:58:42,929] {taskinstance.py:1415} INFO - Marking task as SUCCESS. dag_id=orchestration, task_id=task_4, execution_date=20230112T000000, start_date=20230205T225841, end_date=20230205T225842
[2023-02-05 17:58:42,973] {local_task_job.py:156} INFO - Task exited with return code 0
[2023-02-05 17:58:43,015] {local_task_job.py:273} INFO - 1 downstream tasks scheduled from follow-on schedule check
