[2023-02-05 17:45:31,747] {taskinstance.py:1179} INFO - Dependencies all met for <TaskInstance: orchestration.task_4 scheduled__2023-01-04T00:00:00+00:00 [queued]>
[2023-02-05 17:45:31,758] {taskinstance.py:1179} INFO - Dependencies all met for <TaskInstance: orchestration.task_4 scheduled__2023-01-04T00:00:00+00:00 [queued]>
[2023-02-05 17:45:31,758] {taskinstance.py:1376} INFO - 
--------------------------------------------------------------------------------
[2023-02-05 17:45:31,758] {taskinstance.py:1377} INFO - Starting attempt 1 of 1
[2023-02-05 17:45:31,758] {taskinstance.py:1378} INFO - 
--------------------------------------------------------------------------------
[2023-02-05 17:45:31,786] {taskinstance.py:1397} INFO - Executing <Task(BashOperator): task_4> on 2023-01-04 00:00:00+00:00
[2023-02-05 17:45:31,789] {standard_task_runner.py:52} INFO - Started process 29924 to run task
[2023-02-05 17:45:31,794] {standard_task_runner.py:79} INFO - Running: ['airflow', 'tasks', 'run', 'orchestration', 'task_4', 'scheduled__2023-01-04T00:00:00+00:00', '--job-id', '66', '--raw', '--subdir', 'DAGS_FOLDER/5_orchestration_2.py', '--cfg-path', '/tmp/tmpl3o5ntbd', '--error-file', '/tmp/tmpv3aknr2w']
[2023-02-05 17:45:31,795] {standard_task_runner.py:80} INFO - Job 66: Subtask task_4
[2023-02-05 17:45:31,874] {task_command.py:371} INFO - Running <TaskInstance: orchestration.task_4 scheduled__2023-01-04T00:00:00+00:00 [running]> on host pc.
[2023-02-05 17:45:31,970] {taskinstance.py:1589} INFO - Exporting the following env vars:
AIRFLOW_CTX_DAG_OWNER=airflow
AIRFLOW_CTX_DAG_ID=orchestration
AIRFLOW_CTX_TASK_ID=task_4
AIRFLOW_CTX_EXECUTION_DATE=2023-01-04T00:00:00+00:00
AIRFLOW_CTX_TRY_NUMBER=1
AIRFLOW_CTX_DAG_RUN_ID=scheduled__2023-01-04T00:00:00+00:00
[2023-02-05 17:45:31,971] {subprocess.py:62} INFO - Tmp dir root location: 
 /tmp
[2023-02-05 17:45:31,972] {subprocess.py:74} INFO - Running command: ['bash', '-c', "sleep 2 && echo 'Task_4'"]
[2023-02-05 17:45:31,981] {subprocess.py:85} INFO - Output:
[2023-02-05 17:45:33,984] {subprocess.py:92} INFO - Task_4
[2023-02-05 17:45:33,984] {subprocess.py:96} INFO - Command exited with return code 0
[2023-02-05 17:45:34,111] {taskinstance.py:1415} INFO - Marking task as SUCCESS. dag_id=orchestration, task_id=task_4, execution_date=20230104T000000, start_date=20230205T224531, end_date=20230205T224534
[2023-02-05 17:45:34,364] {local_task_job.py:156} INFO - Task exited with return code 0
[2023-02-05 17:45:34,414] {local_task_job.py:273} INFO - 1 downstream tasks scheduled from follow-on schedule check
[2023-02-05 17:56:21,011] {taskinstance.py:1179} INFO - Dependencies all met for <TaskInstance: orchestration.task_4 scheduled__2023-01-04T00:00:00+00:00 [queued]>
[2023-02-05 17:56:21,039] {taskinstance.py:1179} INFO - Dependencies all met for <TaskInstance: orchestration.task_4 scheduled__2023-01-04T00:00:00+00:00 [queued]>
[2023-02-05 17:56:21,039] {taskinstance.py:1376} INFO - 
--------------------------------------------------------------------------------
[2023-02-05 17:56:21,039] {taskinstance.py:1377} INFO - Starting attempt 1 of 1
[2023-02-05 17:56:21,039] {taskinstance.py:1378} INFO - 
--------------------------------------------------------------------------------
[2023-02-05 17:56:21,085] {taskinstance.py:1397} INFO - Executing <Task(BashOperator): task_4> on 2023-01-04 00:00:00+00:00
[2023-02-05 17:56:21,089] {standard_task_runner.py:52} INFO - Started process 30567 to run task
[2023-02-05 17:56:21,094] {standard_task_runner.py:79} INFO - Running: ['airflow', 'tasks', 'run', 'orchestration', 'task_4', 'scheduled__2023-01-04T00:00:00+00:00', '--job-id', '66', '--raw', '--subdir', 'DAGS_FOLDER/5_orchestration_2.py', '--cfg-path', '/tmp/tmpgajai2xl', '--error-file', '/tmp/tmpv065ibd4']
[2023-02-05 17:56:21,095] {standard_task_runner.py:80} INFO - Job 66: Subtask task_4
[2023-02-05 17:56:21,176] {task_command.py:371} INFO - Running <TaskInstance: orchestration.task_4 scheduled__2023-01-04T00:00:00+00:00 [running]> on host pc.
[2023-02-05 17:56:21,267] {taskinstance.py:1589} INFO - Exporting the following env vars:
AIRFLOW_CTX_DAG_OWNER=airflow
AIRFLOW_CTX_DAG_ID=orchestration
AIRFLOW_CTX_TASK_ID=task_4
AIRFLOW_CTX_EXECUTION_DATE=2023-01-04T00:00:00+00:00
AIRFLOW_CTX_TRY_NUMBER=1
AIRFLOW_CTX_DAG_RUN_ID=scheduled__2023-01-04T00:00:00+00:00
[2023-02-05 17:56:21,268] {subprocess.py:62} INFO - Tmp dir root location: 
 /tmp
[2023-02-05 17:56:21,270] {subprocess.py:74} INFO - Running command: ['bash', '-c', "sleep 1 && echo 'Task_4'"]
[2023-02-05 17:56:21,277] {subprocess.py:85} INFO - Output:
[2023-02-05 17:56:22,280] {subprocess.py:92} INFO - Task_4
[2023-02-05 17:56:22,280] {subprocess.py:96} INFO - Command exited with return code 0
[2023-02-05 17:56:22,309] {taskinstance.py:1415} INFO - Marking task as SUCCESS. dag_id=orchestration, task_id=task_4, execution_date=20230104T000000, start_date=20230205T225621, end_date=20230205T225622
[2023-02-05 17:56:22,349] {local_task_job.py:156} INFO - Task exited with return code 0
[2023-02-05 17:56:22,399] {local_task_job.py:273} INFO - 1 downstream tasks scheduled from follow-on schedule check
