[2023-02-05 21:28:53,075] {taskinstance.py:1179} INFO - Dependencies all met for <TaskInstance: 06_monitoring.task_2 scheduled__2022-11-05T00:00:00+00:00 [queued]>
[2023-02-05 21:28:53,087] {taskinstance.py:1179} INFO - Dependencies all met for <TaskInstance: 06_monitoring.task_2 scheduled__2022-11-05T00:00:00+00:00 [queued]>
[2023-02-05 21:28:53,087] {taskinstance.py:1376} INFO - 
--------------------------------------------------------------------------------
[2023-02-05 21:28:53,087] {taskinstance.py:1377} INFO - Starting attempt 2 of 2
[2023-02-05 21:28:53,087] {taskinstance.py:1378} INFO - 
--------------------------------------------------------------------------------
[2023-02-05 21:28:53,107] {taskinstance.py:1397} INFO - Executing <Task(BashOperator): task_2> on 2022-11-05 00:00:00+00:00
[2023-02-05 21:28:53,110] {standard_task_runner.py:52} INFO - Started process 35876 to run task
[2023-02-05 21:28:53,115] {standard_task_runner.py:79} INFO - Running: ['airflow', 'tasks', 'run', '06_monitoring', 'task_2', 'scheduled__2022-11-05T00:00:00+00:00', '--job-id', '227', '--raw', '--subdir', 'DAGS_FOLDER/06_monitoring.py', '--cfg-path', '/tmp/tmp1u_nhbte', '--error-file', '/tmp/tmp3nm87f_z']
[2023-02-05 21:28:53,117] {standard_task_runner.py:80} INFO - Job 227: Subtask task_2
[2023-02-05 21:28:53,195] {task_command.py:371} INFO - Running <TaskInstance: 06_monitoring.task_2 scheduled__2022-11-05T00:00:00+00:00 [running]> on host pc.
[2023-02-05 21:28:53,276] {taskinstance.py:1589} INFO - Exporting the following env vars:
AIRFLOW_CTX_DAG_OWNER=airflow
AIRFLOW_CTX_DAG_ID=06_monitoring
AIRFLOW_CTX_TASK_ID=task_2
AIRFLOW_CTX_EXECUTION_DATE=2022-11-05T00:00:00+00:00
AIRFLOW_CTX_TRY_NUMBER=2
AIRFLOW_CTX_DAG_RUN_ID=scheduled__2022-11-05T00:00:00+00:00
[2023-02-05 21:28:53,278] {subprocess.py:62} INFO - Tmp dir root location: 
 /tmp
[2023-02-05 21:28:53,278] {subprocess.py:74} INFO - Running command: ['bash', '-c', "sleep 2 && echo 'Second task!'"]
[2023-02-05 21:28:53,289] {subprocess.py:85} INFO - Output:
[2023-02-05 21:28:55,292] {subprocess.py:92} INFO - Second task!
[2023-02-05 21:28:55,292] {subprocess.py:96} INFO - Command exited with return code 0
[2023-02-05 21:28:55,320] {taskinstance.py:1415} INFO - Marking task as SUCCESS. dag_id=06_monitoring, task_id=task_2, execution_date=20221105T000000, start_date=20230206T022853, end_date=20230206T022855
[2023-02-05 21:28:55,375] {local_task_job.py:156} INFO - Task exited with return code 0
[2023-02-05 21:28:55,401] {local_task_job.py:273} INFO - 0 downstream tasks scheduled from follow-on schedule check
[2023-02-05 21:40:31,988] {taskinstance.py:1179} INFO - Dependencies all met for <TaskInstance: 06_monitoring.task_2 scheduled__2022-11-05T00:00:00+00:00 [queued]>
[2023-02-05 21:40:32,009] {taskinstance.py:1179} INFO - Dependencies all met for <TaskInstance: 06_monitoring.task_2 scheduled__2022-11-05T00:00:00+00:00 [queued]>
[2023-02-05 21:40:32,010] {taskinstance.py:1376} INFO - 
--------------------------------------------------------------------------------
[2023-02-05 21:40:32,010] {taskinstance.py:1377} INFO - Starting attempt 2 of 2
[2023-02-05 21:40:32,010] {taskinstance.py:1378} INFO - 
--------------------------------------------------------------------------------
[2023-02-05 21:40:32,033] {taskinstance.py:1397} INFO - Executing <Task(BashOperator): task_2> on 2022-11-05 00:00:00+00:00
[2023-02-05 21:40:32,037] {standard_task_runner.py:52} INFO - Started process 36412 to run task
[2023-02-05 21:40:32,042] {standard_task_runner.py:79} INFO - Running: ['airflow', 'tasks', 'run', '06_monitoring', 'task_2', 'scheduled__2022-11-05T00:00:00+00:00', '--job-id', '162', '--raw', '--subdir', 'DAGS_FOLDER/06_monitoring.py', '--cfg-path', '/tmp/tmpii9gx51v', '--error-file', '/tmp/tmp2wk5g415']
[2023-02-05 21:40:32,044] {standard_task_runner.py:80} INFO - Job 162: Subtask task_2
[2023-02-05 21:40:32,126] {task_command.py:371} INFO - Running <TaskInstance: 06_monitoring.task_2 scheduled__2022-11-05T00:00:00+00:00 [running]> on host pc.
[2023-02-05 21:40:32,208] {taskinstance.py:1589} INFO - Exporting the following env vars:
AIRFLOW_CTX_DAG_OWNER=airflow
AIRFLOW_CTX_DAG_ID=06_monitoring
AIRFLOW_CTX_TASK_ID=task_2
AIRFLOW_CTX_EXECUTION_DATE=2022-11-05T00:00:00+00:00
AIRFLOW_CTX_TRY_NUMBER=2
AIRFLOW_CTX_DAG_RUN_ID=scheduled__2022-11-05T00:00:00+00:00
[2023-02-05 21:40:32,210] {subprocess.py:62} INFO - Tmp dir root location: 
 /tmp
[2023-02-05 21:40:32,211] {subprocess.py:74} INFO - Running command: ['bash', '-c', "sleep 2 && echo 'Second task!'"]
[2023-02-05 21:40:32,218] {subprocess.py:85} INFO - Output:
[2023-02-05 21:40:34,221] {subprocess.py:92} INFO - Second task!
[2023-02-05 21:40:34,221] {subprocess.py:96} INFO - Command exited with return code 0
[2023-02-05 21:40:34,250] {taskinstance.py:1415} INFO - Marking task as SUCCESS. dag_id=06_monitoring, task_id=task_2, execution_date=20221105T000000, start_date=20230206T024031, end_date=20230206T024034
[2023-02-05 21:40:34,302] {local_task_job.py:156} INFO - Task exited with return code 0
[2023-02-05 21:40:34,358] {local_task_job.py:273} INFO - 1 downstream tasks scheduled from follow-on schedule check
