[2023-02-05 17:49:28,692] {taskinstance.py:1179} INFO - Dependencies all met for <TaskInstance: orchestration.task_3 scheduled__2023-01-18T00:00:00+00:00 [queued]>
[2023-02-05 17:49:28,703] {taskinstance.py:1179} INFO - Dependencies all met for <TaskInstance: orchestration.task_3 scheduled__2023-01-18T00:00:00+00:00 [queued]>
[2023-02-05 17:49:28,703] {taskinstance.py:1376} INFO - 
--------------------------------------------------------------------------------
[2023-02-05 17:49:28,703] {taskinstance.py:1377} INFO - Starting attempt 1 of 1
[2023-02-05 17:49:28,703] {taskinstance.py:1378} INFO - 
--------------------------------------------------------------------------------
[2023-02-05 17:49:28,724] {taskinstance.py:1397} INFO - Executing <Task(BashOperator): task_3> on 2023-01-18 00:00:00+00:00
[2023-02-05 17:49:28,727] {standard_task_runner.py:52} INFO - Started process 30184 to run task
[2023-02-05 17:49:28,733] {standard_task_runner.py:79} INFO - Running: ['airflow', 'tasks', 'run', 'orchestration', 'task_3', 'scheduled__2023-01-18T00:00:00+00:00', '--job-id', '120', '--raw', '--subdir', 'DAGS_FOLDER/5_orchestration_2.py', '--cfg-path', '/tmp/tmp204bxayr', '--error-file', '/tmp/tmpgx76hcs_']
[2023-02-05 17:49:28,734] {standard_task_runner.py:80} INFO - Job 120: Subtask task_3
[2023-02-05 17:49:28,811] {task_command.py:371} INFO - Running <TaskInstance: orchestration.task_3 scheduled__2023-01-18T00:00:00+00:00 [running]> on host pc.
[2023-02-05 17:49:28,901] {taskinstance.py:1589} INFO - Exporting the following env vars:
AIRFLOW_CTX_DAG_OWNER=airflow
AIRFLOW_CTX_DAG_ID=orchestration
AIRFLOW_CTX_TASK_ID=task_3
AIRFLOW_CTX_EXECUTION_DATE=2023-01-18T00:00:00+00:00
AIRFLOW_CTX_TRY_NUMBER=1
AIRFLOW_CTX_DAG_RUN_ID=scheduled__2023-01-18T00:00:00+00:00
[2023-02-05 17:49:28,903] {subprocess.py:62} INFO - Tmp dir root location: 
 /tmp
[2023-02-05 17:49:28,903] {subprocess.py:74} INFO - Running command: ['bash', '-c', "sleep 2 && echo 'Task_3'"]
[2023-02-05 17:49:28,914] {subprocess.py:85} INFO - Output:
[2023-02-05 17:49:30,914] {subprocess.py:92} INFO - Task_3
[2023-02-05 17:49:30,915] {subprocess.py:96} INFO - Command exited with return code 0
[2023-02-05 17:49:30,944] {taskinstance.py:1415} INFO - Marking task as SUCCESS. dag_id=orchestration, task_id=task_3, execution_date=20230118T000000, start_date=20230205T224928, end_date=20230205T224930
[2023-02-05 17:49:31,005] {local_task_job.py:156} INFO - Task exited with return code 0
[2023-02-05 17:49:31,066] {local_task_job.py:273} INFO - 0 downstream tasks scheduled from follow-on schedule check
[2023-02-05 18:00:02,823] {taskinstance.py:1179} INFO - Dependencies all met for <TaskInstance: orchestration.task_3 scheduled__2023-01-18T00:00:00+00:00 [queued]>
[2023-02-05 18:00:02,837] {taskinstance.py:1179} INFO - Dependencies all met for <TaskInstance: orchestration.task_3 scheduled__2023-01-18T00:00:00+00:00 [queued]>
[2023-02-05 18:00:02,837] {taskinstance.py:1376} INFO - 
--------------------------------------------------------------------------------
[2023-02-05 18:00:02,837] {taskinstance.py:1377} INFO - Starting attempt 1 of 1
[2023-02-05 18:00:02,837] {taskinstance.py:1378} INFO - 
--------------------------------------------------------------------------------
[2023-02-05 18:00:02,861] {taskinstance.py:1397} INFO - Executing <Task(BashOperator): task_3> on 2023-01-18 00:00:00+00:00
[2023-02-05 18:00:02,864] {standard_task_runner.py:52} INFO - Started process 30844 to run task
[2023-02-05 18:00:02,870] {standard_task_runner.py:79} INFO - Running: ['airflow', 'tasks', 'run', 'orchestration', 'task_3', 'scheduled__2023-01-18T00:00:00+00:00', '--job-id', '121', '--raw', '--subdir', 'DAGS_FOLDER/5_orchestration_2.py', '--cfg-path', '/tmp/tmp3n887l1l', '--error-file', '/tmp/tmpwebfv4ib']
[2023-02-05 18:00:02,871] {standard_task_runner.py:80} INFO - Job 121: Subtask task_3
[2023-02-05 18:00:02,954] {task_command.py:371} INFO - Running <TaskInstance: orchestration.task_3 scheduled__2023-01-18T00:00:00+00:00 [running]> on host pc.
[2023-02-05 18:00:03,035] {taskinstance.py:1589} INFO - Exporting the following env vars:
AIRFLOW_CTX_DAG_OWNER=airflow
AIRFLOW_CTX_DAG_ID=orchestration
AIRFLOW_CTX_TASK_ID=task_3
AIRFLOW_CTX_EXECUTION_DATE=2023-01-18T00:00:00+00:00
AIRFLOW_CTX_TRY_NUMBER=1
AIRFLOW_CTX_DAG_RUN_ID=scheduled__2023-01-18T00:00:00+00:00
[2023-02-05 18:00:03,036] {subprocess.py:62} INFO - Tmp dir root location: 
 /tmp
[2023-02-05 18:00:03,037] {subprocess.py:74} INFO - Running command: ['bash', '-c', "sleep 1 && echo 'Task_3'"]
[2023-02-05 18:00:03,044] {subprocess.py:85} INFO - Output:
[2023-02-05 18:00:04,047] {subprocess.py:92} INFO - Task_3
[2023-02-05 18:00:04,047] {subprocess.py:96} INFO - Command exited with return code 0
[2023-02-05 18:00:04,079] {taskinstance.py:1415} INFO - Marking task as SUCCESS. dag_id=orchestration, task_id=task_3, execution_date=20230118T000000, start_date=20230205T230002, end_date=20230205T230004
[2023-02-05 18:00:04,125] {local_task_job.py:156} INFO - Task exited with return code 0
[2023-02-05 18:00:04,168] {local_task_job.py:273} INFO - 0 downstream tasks scheduled from follow-on schedule check
