[2023-02-22 01:13:05,770] {taskinstance.py:1179} INFO - Dependencies all met for <TaskInstance: steam_dag.games_list scheduled__2022-07-01T00:00:00+00:00 [queued]>
[2023-02-22 01:13:05,782] {taskinstance.py:1179} INFO - Dependencies all met for <TaskInstance: steam_dag.games_list scheduled__2022-07-01T00:00:00+00:00 [queued]>
[2023-02-22 01:13:05,782] {taskinstance.py:1376} INFO - 
--------------------------------------------------------------------------------
[2023-02-22 01:13:05,783] {taskinstance.py:1377} INFO - Starting attempt 5 of 5
[2023-02-22 01:13:05,783] {taskinstance.py:1378} INFO - 
--------------------------------------------------------------------------------
[2023-02-22 01:13:05,814] {taskinstance.py:1397} INFO - Executing <Task(BashOperator): games_list> on 2022-07-01 00:00:00+00:00
[2023-02-22 01:13:05,819] {standard_task_runner.py:52} INFO - Started process 78651 to run task
[2023-02-22 01:13:05,826] {standard_task_runner.py:79} INFO - Running: ['airflow', 'tasks', 'run', 'steam_dag', 'games_list', 'scheduled__2022-07-01T00:00:00+00:00', '--job-id', '1500', '--raw', '--subdir', 'DAGS_FOLDER/steam_dag.py', '--cfg-path', '/tmp/tmps_t7fwfo', '--error-file', '/tmp/tmpmboh8kgm']
[2023-02-22 01:13:05,828] {standard_task_runner.py:80} INFO - Job 1500: Subtask games_list
[2023-02-22 01:13:05,920] {task_command.py:371} INFO - Running <TaskInstance: steam_dag.games_list scheduled__2022-07-01T00:00:00+00:00 [running]> on host pc.
[2023-02-22 01:13:06,176] {taskinstance.py:1589} INFO - Exporting the following env vars:
AIRFLOW_CTX_DAG_OWNER=airflow
AIRFLOW_CTX_DAG_ID=steam_dag
AIRFLOW_CTX_TASK_ID=games_list
AIRFLOW_CTX_EXECUTION_DATE=2022-07-01T00:00:00+00:00
AIRFLOW_CTX_TRY_NUMBER=5
AIRFLOW_CTX_DAG_RUN_ID=scheduled__2022-07-01T00:00:00+00:00
[2023-02-22 01:13:06,177] {subprocess.py:62} INFO - Tmp dir root location: 
 /tmp
[2023-02-22 01:13:06,178] {subprocess.py:74} INFO - Running command: ['bash', '-c', "echo 'Games Fetched!'"]
[2023-02-22 01:13:06,189] {subprocess.py:85} INFO - Output:
[2023-02-22 01:13:06,190] {subprocess.py:92} INFO - Games Fetched!
[2023-02-22 01:13:06,191] {subprocess.py:96} INFO - Command exited with return code 0
[2023-02-22 01:13:06,223] {taskinstance.py:1415} INFO - Marking task as SUCCESS. dag_id=steam_dag, task_id=games_list, execution_date=20220701T000000, start_date=20230222T061305, end_date=20230222T061306
[2023-02-22 01:13:06,278] {local_task_job.py:156} INFO - Task exited with return code 0
[2023-02-22 01:13:06,442] {local_task_job.py:273} INFO - 1 downstream tasks scheduled from follow-on schedule check
