[2023-02-21 06:03:56,958] {taskinstance.py:1179} INFO - Dependencies all met for <TaskInstance: steam_dag.games_list scheduled__2022-07-01T00:00:00+00:00 [queued]>
[2023-02-21 06:03:56,971] {taskinstance.py:1179} INFO - Dependencies all met for <TaskInstance: steam_dag.games_list scheduled__2022-07-01T00:00:00+00:00 [queued]>
[2023-02-21 06:03:56,971] {taskinstance.py:1376} INFO - 
--------------------------------------------------------------------------------
[2023-02-21 06:03:56,972] {taskinstance.py:1377} INFO - Starting attempt 1 of 1
[2023-02-21 06:03:56,972] {taskinstance.py:1378} INFO - 
--------------------------------------------------------------------------------
[2023-02-21 06:03:56,992] {taskinstance.py:1397} INFO - Executing <Task(BashOperator): games_list> on 2022-07-01 00:00:00+00:00
[2023-02-21 06:03:56,997] {standard_task_runner.py:52} INFO - Started process 65398 to run task
[2023-02-21 06:03:57,003] {standard_task_runner.py:79} INFO - Running: ['airflow', 'tasks', 'run', 'steam_dag', 'games_list', 'scheduled__2022-07-01T00:00:00+00:00', '--job-id', '1476', '--raw', '--subdir', 'DAGS_FOLDER/steam_dag.py', '--cfg-path', '/tmp/tmpra_uiz0z', '--error-file', '/tmp/tmptn1ava_0']
[2023-02-21 06:03:57,005] {standard_task_runner.py:80} INFO - Job 1476: Subtask games_list
[2023-02-21 06:03:57,084] {task_command.py:371} INFO - Running <TaskInstance: steam_dag.games_list scheduled__2022-07-01T00:00:00+00:00 [running]> on host pc.
[2023-02-21 06:03:57,310] {taskinstance.py:1589} INFO - Exporting the following env vars:
AIRFLOW_CTX_DAG_OWNER=airflow
AIRFLOW_CTX_DAG_ID=steam_dag
AIRFLOW_CTX_TASK_ID=games_list
AIRFLOW_CTX_EXECUTION_DATE=2022-07-01T00:00:00+00:00
AIRFLOW_CTX_TRY_NUMBER=1
AIRFLOW_CTX_DAG_RUN_ID=scheduled__2022-07-01T00:00:00+00:00
[2023-02-21 06:03:57,311] {subprocess.py:62} INFO - Tmp dir root location: 
 /tmp
[2023-02-21 06:03:57,312] {subprocess.py:74} INFO - Running command: ['bash', '-c', "echo 'Games Fetched!'"]
[2023-02-21 06:03:57,322] {subprocess.py:85} INFO - Output:
[2023-02-21 06:03:57,323] {subprocess.py:92} INFO - Games Fetched!
[2023-02-21 06:03:57,324] {subprocess.py:96} INFO - Command exited with return code 0
[2023-02-21 06:03:57,353] {taskinstance.py:1415} INFO - Marking task as SUCCESS. dag_id=steam_dag, task_id=games_list, execution_date=20220701T000000, start_date=20230221T110356, end_date=20230221T110357
[2023-02-21 06:03:57,415] {local_task_job.py:156} INFO - Task exited with return code 0
[2023-02-21 06:03:57,468] {local_task_job.py:273} INFO - 1 downstream tasks scheduled from follow-on schedule check
