[2023-02-07 19:40:50,902] {taskinstance.py:1179} INFO - Dependencies all met for <TaskInstance: 07.3_file_sensor.waiting_file scheduled__2022-11-03T00:00:00+00:00 [queued]>
[2023-02-07 19:40:50,913] {taskinstance.py:1179} INFO - Dependencies all met for <TaskInstance: 07.3_file_sensor.waiting_file scheduled__2022-11-03T00:00:00+00:00 [queued]>
[2023-02-07 19:40:50,914] {taskinstance.py:1376} INFO - 
--------------------------------------------------------------------------------
[2023-02-07 19:40:50,914] {taskinstance.py:1377} INFO - Starting attempt 1 of 1
[2023-02-07 19:40:50,914] {taskinstance.py:1378} INFO - 
--------------------------------------------------------------------------------
[2023-02-07 19:40:50,936] {taskinstance.py:1397} INFO - Executing <Task(FileSensor): waiting_file> on 2022-11-03 00:00:00+00:00
[2023-02-07 19:40:50,940] {standard_task_runner.py:52} INFO - Started process 42654 to run task
[2023-02-07 19:40:50,946] {standard_task_runner.py:79} INFO - Running: ['airflow', 'tasks', 'run', '07.3_file_sensor', 'waiting_file', 'scheduled__2022-11-03T00:00:00+00:00', '--job-id', '692', '--raw', '--subdir', 'DAGS_FOLDER/07.3_file_sensor.py', '--cfg-path', '/tmp/tmpa1r1wf16', '--error-file', '/tmp/tmpmzjw82nb']
[2023-02-07 19:40:50,948] {standard_task_runner.py:80} INFO - Job 692: Subtask waiting_file
[2023-02-07 19:40:51,041] {task_command.py:371} INFO - Running <TaskInstance: 07.3_file_sensor.waiting_file scheduled__2022-11-03T00:00:00+00:00 [running]> on host pc.
[2023-02-07 19:40:51,137] {taskinstance.py:1589} INFO - Exporting the following env vars:
AIRFLOW_CTX_DAG_OWNER=airflow
AIRFLOW_CTX_DAG_ID=07.3_file_sensor
AIRFLOW_CTX_TASK_ID=waiting_file
AIRFLOW_CTX_EXECUTION_DATE=2022-11-03T00:00:00+00:00
AIRFLOW_CTX_TRY_NUMBER=1
AIRFLOW_CTX_DAG_RUN_ID=scheduled__2022-11-03T00:00:00+00:00
[2023-02-07 19:40:51,145] {base.py:68} INFO - Using connection ID 'fs_default' for task execution.
[2023-02-07 19:40:51,146] {filesystem.py:58} INFO - Poking for file /tmp/file.txt
[2023-02-07 19:40:51,147] {filesystem.py:63} INFO - Found File /tmp/file.txt last modified: 20230207194048
[2023-02-07 19:40:51,147] {base.py:301} INFO - Success criteria met. Exiting.
[2023-02-07 19:40:51,157] {taskinstance.py:1415} INFO - Marking task as SUCCESS. dag_id=07.3_file_sensor, task_id=waiting_file, execution_date=20221103T000000, start_date=20230208T004050, end_date=20230208T004051
[2023-02-07 19:40:51,198] {local_task_job.py:156} INFO - Task exited with return code 0
[2023-02-07 19:40:51,251] {local_task_job.py:273} INFO - 1 downstream tasks scheduled from follow-on schedule check
