[2023-02-05 17:48:12,494] {taskinstance.py:1179} INFO - Dependencies all met for <TaskInstance: orchestration.task_5 scheduled__2023-01-12T00:00:00+00:00 [queued]>
[2023-02-05 17:48:12,508] {taskinstance.py:1179} INFO - Dependencies all met for <TaskInstance: orchestration.task_5 scheduled__2023-01-12T00:00:00+00:00 [queued]>
[2023-02-05 17:48:12,508] {taskinstance.py:1376} INFO - 
--------------------------------------------------------------------------------
[2023-02-05 17:48:12,508] {taskinstance.py:1377} INFO - Starting attempt 1 of 1
[2023-02-05 17:48:12,508] {taskinstance.py:1378} INFO - 
--------------------------------------------------------------------------------
[2023-02-05 17:48:12,538] {taskinstance.py:1397} INFO - Executing <Task(BashOperator): task_5> on 2023-01-12 00:00:00+00:00
[2023-02-05 17:48:12,541] {standard_task_runner.py:52} INFO - Started process 30106 to run task
[2023-02-05 17:48:12,546] {standard_task_runner.py:79} INFO - Running: ['airflow', 'tasks', 'run', 'orchestration', 'task_5', 'scheduled__2023-01-12T00:00:00+00:00', '--job-id', '103', '--raw', '--subdir', 'DAGS_FOLDER/5_orchestration_2.py', '--cfg-path', '/tmp/tmp99j0l0k1', '--error-file', '/tmp/tmpwhyxr_4f']
[2023-02-05 17:48:12,548] {standard_task_runner.py:80} INFO - Job 103: Subtask task_5
[2023-02-05 17:48:12,641] {task_command.py:371} INFO - Running <TaskInstance: orchestration.task_5 scheduled__2023-01-12T00:00:00+00:00 [running]> on host pc.
[2023-02-05 17:48:12,748] {taskinstance.py:1589} INFO - Exporting the following env vars:
AIRFLOW_CTX_DAG_OWNER=airflow
AIRFLOW_CTX_DAG_ID=orchestration
AIRFLOW_CTX_TASK_ID=task_5
AIRFLOW_CTX_EXECUTION_DATE=2023-01-12T00:00:00+00:00
AIRFLOW_CTX_TRY_NUMBER=1
AIRFLOW_CTX_DAG_RUN_ID=scheduled__2023-01-12T00:00:00+00:00
[2023-02-05 17:48:12,749] {subprocess.py:62} INFO - Tmp dir root location: 
 /tmp
[2023-02-05 17:48:12,749] {subprocess.py:74} INFO - Running command: ['bash', '-c', "sleep 2 && echo 'Task_5'"]
[2023-02-05 17:48:12,757] {subprocess.py:85} INFO - Output:
[2023-02-05 17:48:14,760] {subprocess.py:92} INFO - Task_5
[2023-02-05 17:48:14,760] {subprocess.py:96} INFO - Command exited with return code 0
[2023-02-05 17:48:14,789] {taskinstance.py:1415} INFO - Marking task as SUCCESS. dag_id=orchestration, task_id=task_5, execution_date=20230112T000000, start_date=20230205T224812, end_date=20230205T224814
[2023-02-05 17:48:14,847] {local_task_job.py:156} INFO - Task exited with return code 0
[2023-02-05 17:48:14,876] {local_task_job.py:273} INFO - 0 downstream tasks scheduled from follow-on schedule check
[2023-02-05 17:58:45,073] {taskinstance.py:1179} INFO - Dependencies all met for <TaskInstance: orchestration.task_5 scheduled__2023-01-12T00:00:00+00:00 [queued]>
[2023-02-05 17:58:45,089] {taskinstance.py:1179} INFO - Dependencies all met for <TaskInstance: orchestration.task_5 scheduled__2023-01-12T00:00:00+00:00 [queued]>
[2023-02-05 17:58:45,089] {taskinstance.py:1376} INFO - 
--------------------------------------------------------------------------------
[2023-02-05 17:58:45,089] {taskinstance.py:1377} INFO - Starting attempt 1 of 1
[2023-02-05 17:58:45,089] {taskinstance.py:1378} INFO - 
--------------------------------------------------------------------------------
[2023-02-05 17:58:45,110] {taskinstance.py:1397} INFO - Executing <Task(BashOperator): task_5> on 2023-01-12 00:00:00+00:00
[2023-02-05 17:58:45,113] {standard_task_runner.py:52} INFO - Started process 30738 to run task
[2023-02-05 17:58:45,118] {standard_task_runner.py:79} INFO - Running: ['airflow', 'tasks', 'run', 'orchestration', 'task_5', 'scheduled__2023-01-12T00:00:00+00:00', '--job-id', '99', '--raw', '--subdir', 'DAGS_FOLDER/5_orchestration_2.py', '--cfg-path', '/tmp/tmpfns4wjro', '--error-file', '/tmp/tmp6qvvsv4_']
[2023-02-05 17:58:45,119] {standard_task_runner.py:80} INFO - Job 99: Subtask task_5
[2023-02-05 17:58:45,199] {task_command.py:371} INFO - Running <TaskInstance: orchestration.task_5 scheduled__2023-01-12T00:00:00+00:00 [running]> on host pc.
[2023-02-05 17:58:45,283] {taskinstance.py:1589} INFO - Exporting the following env vars:
AIRFLOW_CTX_DAG_OWNER=airflow
AIRFLOW_CTX_DAG_ID=orchestration
AIRFLOW_CTX_TASK_ID=task_5
AIRFLOW_CTX_EXECUTION_DATE=2023-01-12T00:00:00+00:00
AIRFLOW_CTX_TRY_NUMBER=1
AIRFLOW_CTX_DAG_RUN_ID=scheduled__2023-01-12T00:00:00+00:00
[2023-02-05 17:58:45,284] {subprocess.py:62} INFO - Tmp dir root location: 
 /tmp
[2023-02-05 17:58:45,284] {subprocess.py:74} INFO - Running command: ['bash', '-c', "sleep 1 && echo 'Task_5'"]
[2023-02-05 17:58:45,292] {subprocess.py:85} INFO - Output:
[2023-02-05 17:58:46,295] {subprocess.py:92} INFO - Task_5
[2023-02-05 17:58:46,295] {subprocess.py:96} INFO - Command exited with return code 0
[2023-02-05 17:58:46,325] {taskinstance.py:1415} INFO - Marking task as SUCCESS. dag_id=orchestration, task_id=task_5, execution_date=20230112T000000, start_date=20230205T225845, end_date=20230205T225846
[2023-02-05 17:58:46,372] {local_task_job.py:156} INFO - Task exited with return code 0
[2023-02-05 17:58:46,399] {local_task_job.py:273} INFO - 0 downstream tasks scheduled from follow-on schedule check
