[2023-02-05 17:52:48,697] {taskinstance.py:1179} INFO - Dependencies all met for <TaskInstance: orchestration.task_3 scheduled__2023-01-27T00:00:00+00:00 [queued]>
[2023-02-05 17:52:48,709] {taskinstance.py:1179} INFO - Dependencies all met for <TaskInstance: orchestration.task_3 scheduled__2023-01-27T00:00:00+00:00 [queued]>
[2023-02-05 17:52:48,709] {taskinstance.py:1376} INFO - 
--------------------------------------------------------------------------------
[2023-02-05 17:52:48,710] {taskinstance.py:1377} INFO - Starting attempt 1 of 1
[2023-02-05 17:52:48,710] {taskinstance.py:1378} INFO - 
--------------------------------------------------------------------------------
[2023-02-05 17:52:48,735] {taskinstance.py:1397} INFO - Executing <Task(BashOperator): task_3> on 2023-01-27 00:00:00+00:00
[2023-02-05 17:52:48,738] {standard_task_runner.py:52} INFO - Started process 30374 to run task
[2023-02-05 17:52:48,743] {standard_task_runner.py:79} INFO - Running: ['airflow', 'tasks', 'run', 'orchestration', 'task_3', 'scheduled__2023-01-27T00:00:00+00:00', '--job-id', '158', '--raw', '--subdir', 'DAGS_FOLDER/5_orchestration_2.py', '--cfg-path', '/tmp/tmpbxkghm7z', '--error-file', '/tmp/tmpb7t01kn9']
[2023-02-05 17:52:48,744] {standard_task_runner.py:80} INFO - Job 158: Subtask task_3
[2023-02-05 17:52:48,829] {task_command.py:371} INFO - Running <TaskInstance: orchestration.task_3 scheduled__2023-01-27T00:00:00+00:00 [running]> on host pc.
[2023-02-05 17:52:48,929] {taskinstance.py:1589} INFO - Exporting the following env vars:
AIRFLOW_CTX_DAG_OWNER=airflow
AIRFLOW_CTX_DAG_ID=orchestration
AIRFLOW_CTX_TASK_ID=task_3
AIRFLOW_CTX_EXECUTION_DATE=2023-01-27T00:00:00+00:00
AIRFLOW_CTX_TRY_NUMBER=1
AIRFLOW_CTX_DAG_RUN_ID=scheduled__2023-01-27T00:00:00+00:00
[2023-02-05 17:52:48,930] {subprocess.py:62} INFO - Tmp dir root location: 
 /tmp
[2023-02-05 17:52:48,931] {subprocess.py:74} INFO - Running command: ['bash', '-c', "sleep 2 && echo 'Task_3'"]
[2023-02-05 17:52:48,938] {subprocess.py:85} INFO - Output:
[2023-02-05 17:52:50,941] {subprocess.py:92} INFO - Task_3
[2023-02-05 17:52:50,942] {subprocess.py:96} INFO - Command exited with return code 0
[2023-02-05 17:52:50,976] {taskinstance.py:1415} INFO - Marking task as SUCCESS. dag_id=orchestration, task_id=task_3, execution_date=20230127T000000, start_date=20230205T225248, end_date=20230205T225250
[2023-02-05 17:52:51,004] {local_task_job.py:156} INFO - Task exited with return code 0
[2023-02-05 17:52:51,043] {local_task_job.py:273} INFO - 0 downstream tasks scheduled from follow-on schedule check
