[2023-02-04 01:53:07,247] {processor.py:153} INFO - Started process (PID=6595) to work on /home/milo/13-airflow/airflowhome/airflowenv/lib/python3.9/site-packages/airflow/example_dags/example_task_group.py
[2023-02-04 01:53:07,248] {processor.py:641} INFO - Processing file /home/milo/13-airflow/airflowhome/airflowenv/lib/python3.9/site-packages/airflow/example_dags/example_task_group.py for tasks to queue
[2023-02-04 01:53:07,249] {logging_mixin.py:115} INFO - [2023-02-04 01:53:07,248] {dagbag.py:508} INFO - Filling up the DagBag from /home/milo/13-airflow/airflowhome/airflowenv/lib/python3.9/site-packages/airflow/example_dags/example_task_group.py
[2023-02-04 01:53:07,269] {processor.py:651} INFO - DAG(s) dict_keys(['example_task_group']) retrieved from /home/milo/13-airflow/airflowhome/airflowenv/lib/python3.9/site-packages/airflow/example_dags/example_task_group.py
[2023-02-04 01:53:07,389] {logging_mixin.py:115} INFO - [2023-02-04 01:53:07,389] {manager.py:508} INFO - Created Permission View: can read on DAG:example_task_group
[2023-02-04 01:53:07,407] {logging_mixin.py:115} INFO - [2023-02-04 01:53:07,407] {manager.py:508} INFO - Created Permission View: can edit on DAG:example_task_group
[2023-02-04 01:53:07,421] {logging_mixin.py:115} INFO - [2023-02-04 01:53:07,421] {manager.py:508} INFO - Created Permission View: can delete on DAG:example_task_group
[2023-02-04 01:53:07,422] {logging_mixin.py:115} INFO - [2023-02-04 01:53:07,422] {dag.py:2420} INFO - Sync 1 DAGs
[2023-02-04 01:53:07,435] {logging_mixin.py:115} INFO - [2023-02-04 01:53:07,434] {dag.py:2439} INFO - Creating ORM DAG for example_task_group
[2023-02-04 01:53:07,449] {logging_mixin.py:115} INFO - [2023-02-04 01:53:07,449] {dag.py:2968} INFO - Setting next_dagrun for example_task_group to 2023-02-03T06:53:07.449121+00:00, run_after=2023-02-04T06:53:07.449121+00:00
[2023-02-04 01:53:07,473] {processor.py:161} INFO - Processing /home/milo/13-airflow/airflowhome/airflowenv/lib/python3.9/site-packages/airflow/example_dags/example_task_group.py took 0.230 seconds
[2023-02-04 01:53:56,203] {processor.py:153} INFO - Started process (PID=6637) to work on /home/milo/13-airflow/airflowhome/airflowenv/lib/python3.9/site-packages/airflow/example_dags/example_task_group.py
[2023-02-04 01:53:56,206] {processor.py:641} INFO - Processing file /home/milo/13-airflow/airflowhome/airflowenv/lib/python3.9/site-packages/airflow/example_dags/example_task_group.py for tasks to queue
[2023-02-04 01:53:56,206] {logging_mixin.py:115} INFO - [2023-02-04 01:53:56,206] {dagbag.py:508} INFO - Filling up the DagBag from /home/milo/13-airflow/airflowhome/airflowenv/lib/python3.9/site-packages/airflow/example_dags/example_task_group.py
[2023-02-04 01:53:56,242] {processor.py:651} INFO - DAG(s) dict_keys(['example_task_group']) retrieved from /home/milo/13-airflow/airflowhome/airflowenv/lib/python3.9/site-packages/airflow/example_dags/example_task_group.py
[2023-02-04 01:53:56,311] {logging_mixin.py:115} INFO - [2023-02-04 01:53:56,311] {dag.py:2420} INFO - Sync 1 DAGs
[2023-02-04 01:53:56,366] {logging_mixin.py:115} INFO - [2023-02-04 01:53:56,365] {dag.py:2968} INFO - Setting next_dagrun for example_task_group to 2023-02-03T06:53:56.365514+00:00, run_after=2023-02-04T06:53:56.365514+00:00
[2023-02-04 01:53:56,394] {processor.py:161} INFO - Processing /home/milo/13-airflow/airflowhome/airflowenv/lib/python3.9/site-packages/airflow/example_dags/example_task_group.py took 0.210 seconds
[2023-02-04 01:54:39,772] {processor.py:153} INFO - Started process (PID=6678) to work on /home/milo/13-airflow/airflowhome/airflowenv/lib/python3.9/site-packages/airflow/example_dags/example_task_group.py
[2023-02-04 01:54:39,817] {processor.py:641} INFO - Processing file /home/milo/13-airflow/airflowhome/airflowenv/lib/python3.9/site-packages/airflow/example_dags/example_task_group.py for tasks to queue
[2023-02-04 01:54:39,817] {logging_mixin.py:115} INFO - [2023-02-04 01:54:39,817] {dagbag.py:508} INFO - Filling up the DagBag from /home/milo/13-airflow/airflowhome/airflowenv/lib/python3.9/site-packages/airflow/example_dags/example_task_group.py
[2023-02-04 01:54:39,829] {processor.py:651} INFO - DAG(s) dict_keys(['example_task_group']) retrieved from /home/milo/13-airflow/airflowhome/airflowenv/lib/python3.9/site-packages/airflow/example_dags/example_task_group.py
[2023-02-04 01:54:39,859] {logging_mixin.py:115} INFO - [2023-02-04 01:54:39,859] {dag.py:2420} INFO - Sync 1 DAGs
[2023-02-04 01:54:39,887] {logging_mixin.py:115} INFO - [2023-02-04 01:54:39,887] {dag.py:2968} INFO - Setting next_dagrun for example_task_group to 2023-02-03T06:54:39.886649+00:00, run_after=2023-02-04T06:54:39.886649+00:00
[2023-02-04 01:54:42,680] {processor.py:161} INFO - Processing /home/milo/13-airflow/airflowhome/airflowenv/lib/python3.9/site-packages/airflow/example_dags/example_task_group.py took 2.913 seconds
[2023-02-04 01:55:22,011] {processor.py:153} INFO - Started process (PID=6714) to work on /home/milo/13-airflow/airflowhome/airflowenv/lib/python3.9/site-packages/airflow/example_dags/example_task_group.py
[2023-02-04 01:55:22,013] {processor.py:641} INFO - Processing file /home/milo/13-airflow/airflowhome/airflowenv/lib/python3.9/site-packages/airflow/example_dags/example_task_group.py for tasks to queue
[2023-02-04 01:55:22,014] {logging_mixin.py:115} INFO - [2023-02-04 01:55:22,014] {dagbag.py:508} INFO - Filling up the DagBag from /home/milo/13-airflow/airflowhome/airflowenv/lib/python3.9/site-packages/airflow/example_dags/example_task_group.py
[2023-02-04 01:55:22,025] {processor.py:651} INFO - DAG(s) dict_keys(['example_task_group']) retrieved from /home/milo/13-airflow/airflowhome/airflowenv/lib/python3.9/site-packages/airflow/example_dags/example_task_group.py
[2023-02-04 01:55:22,107] {logging_mixin.py:115} INFO - [2023-02-04 01:55:22,106] {dag.py:2420} INFO - Sync 1 DAGs
[2023-02-04 01:55:22,149] {logging_mixin.py:115} INFO - [2023-02-04 01:55:22,149] {dag.py:2968} INFO - Setting next_dagrun for example_task_group to 2023-02-03T06:55:22.148896+00:00, run_after=2023-02-04T06:55:22.148896+00:00
[2023-02-04 01:55:22,378] {processor.py:161} INFO - Processing /home/milo/13-airflow/airflowhome/airflowenv/lib/python3.9/site-packages/airflow/example_dags/example_task_group.py took 0.372 seconds
[2023-02-04 01:56:21,858] {processor.py:153} INFO - Started process (PID=6750) to work on /home/milo/13-airflow/airflowhome/airflowenv/lib/python3.9/site-packages/airflow/example_dags/example_task_group.py
[2023-02-04 01:56:21,860] {processor.py:641} INFO - Processing file /home/milo/13-airflow/airflowhome/airflowenv/lib/python3.9/site-packages/airflow/example_dags/example_task_group.py for tasks to queue
[2023-02-04 01:56:21,861] {logging_mixin.py:115} INFO - [2023-02-04 01:56:21,861] {dagbag.py:508} INFO - Filling up the DagBag from /home/milo/13-airflow/airflowhome/airflowenv/lib/python3.9/site-packages/airflow/example_dags/example_task_group.py
[2023-02-04 01:56:21,872] {processor.py:651} INFO - DAG(s) dict_keys(['example_task_group']) retrieved from /home/milo/13-airflow/airflowhome/airflowenv/lib/python3.9/site-packages/airflow/example_dags/example_task_group.py
[2023-02-04 01:56:21,900] {logging_mixin.py:115} INFO - [2023-02-04 01:56:21,900] {dag.py:2420} INFO - Sync 1 DAGs
[2023-02-04 01:56:21,927] {logging_mixin.py:115} INFO - [2023-02-04 01:56:21,927] {dag.py:2968} INFO - Setting next_dagrun for example_task_group to 2023-02-03T06:56:21.927130+00:00, run_after=2023-02-04T06:56:21.927130+00:00
[2023-02-04 01:56:21,947] {processor.py:161} INFO - Processing /home/milo/13-airflow/airflowhome/airflowenv/lib/python3.9/site-packages/airflow/example_dags/example_task_group.py took 0.094 seconds
[2023-02-04 01:56:56,323] {processor.py:153} INFO - Started process (PID=6776) to work on /home/milo/13-airflow/airflowhome/airflowenv/lib/python3.9/site-packages/airflow/example_dags/example_task_group.py
[2023-02-04 01:56:56,323] {processor.py:641} INFO - Processing file /home/milo/13-airflow/airflowhome/airflowenv/lib/python3.9/site-packages/airflow/example_dags/example_task_group.py for tasks to queue
[2023-02-04 01:56:56,325] {logging_mixin.py:115} INFO - [2023-02-04 01:56:56,325] {dagbag.py:508} INFO - Filling up the DagBag from /home/milo/13-airflow/airflowhome/airflowenv/lib/python3.9/site-packages/airflow/example_dags/example_task_group.py
[2023-02-04 01:56:56,336] {processor.py:651} INFO - DAG(s) dict_keys(['example_task_group']) retrieved from /home/milo/13-airflow/airflowhome/airflowenv/lib/python3.9/site-packages/airflow/example_dags/example_task_group.py
[2023-02-04 01:56:56,365] {logging_mixin.py:115} INFO - [2023-02-04 01:56:56,365] {dag.py:2420} INFO - Sync 1 DAGs
[2023-02-04 01:56:56,396] {logging_mixin.py:115} INFO - [2023-02-04 01:56:56,396] {dag.py:2968} INFO - Setting next_dagrun for example_task_group to 2023-02-03T06:56:56.396365+00:00, run_after=2023-02-04T06:56:56.396365+00:00
[2023-02-04 01:56:57,448] {processor.py:161} INFO - Processing /home/milo/13-airflow/airflowhome/airflowenv/lib/python3.9/site-packages/airflow/example_dags/example_task_group.py took 1.131 seconds
[2023-02-04 01:57:35,211] {processor.py:153} INFO - Started process (PID=6811) to work on /home/milo/13-airflow/airflowhome/airflowenv/lib/python3.9/site-packages/airflow/example_dags/example_task_group.py
[2023-02-04 01:57:35,213] {processor.py:641} INFO - Processing file /home/milo/13-airflow/airflowhome/airflowenv/lib/python3.9/site-packages/airflow/example_dags/example_task_group.py for tasks to queue
[2023-02-04 01:57:35,214] {logging_mixin.py:115} INFO - [2023-02-04 01:57:35,214] {dagbag.py:508} INFO - Filling up the DagBag from /home/milo/13-airflow/airflowhome/airflowenv/lib/python3.9/site-packages/airflow/example_dags/example_task_group.py
[2023-02-04 01:57:35,225] {processor.py:651} INFO - DAG(s) dict_keys(['example_task_group']) retrieved from /home/milo/13-airflow/airflowhome/airflowenv/lib/python3.9/site-packages/airflow/example_dags/example_task_group.py
[2023-02-04 01:57:35,254] {logging_mixin.py:115} INFO - [2023-02-04 01:57:35,254] {dag.py:2420} INFO - Sync 1 DAGs
[2023-02-04 01:57:35,283] {logging_mixin.py:115} INFO - [2023-02-04 01:57:35,283] {dag.py:2968} INFO - Setting next_dagrun for example_task_group to 2023-02-03T06:57:35.282825+00:00, run_after=2023-02-04T06:57:35.282825+00:00
[2023-02-04 01:57:35,305] {processor.py:161} INFO - Processing /home/milo/13-airflow/airflowhome/airflowenv/lib/python3.9/site-packages/airflow/example_dags/example_task_group.py took 0.098 seconds
[2023-02-04 01:58:10,556] {processor.py:153} INFO - Started process (PID=7032) to work on /home/milo/13-airflow/airflowhome/airflowenv/lib/python3.9/site-packages/airflow/example_dags/example_task_group.py
[2023-02-04 01:58:10,557] {processor.py:641} INFO - Processing file /home/milo/13-airflow/airflowhome/airflowenv/lib/python3.9/site-packages/airflow/example_dags/example_task_group.py for tasks to queue
[2023-02-04 01:58:10,558] {logging_mixin.py:115} INFO - [2023-02-04 01:58:10,558] {dagbag.py:508} INFO - Filling up the DagBag from /home/milo/13-airflow/airflowhome/airflowenv/lib/python3.9/site-packages/airflow/example_dags/example_task_group.py
[2023-02-04 01:58:10,570] {processor.py:651} INFO - DAG(s) dict_keys(['example_task_group']) retrieved from /home/milo/13-airflow/airflowhome/airflowenv/lib/python3.9/site-packages/airflow/example_dags/example_task_group.py
[2023-02-04 01:58:10,597] {logging_mixin.py:115} INFO - [2023-02-04 01:58:10,597] {dag.py:2420} INFO - Sync 1 DAGs
[2023-02-04 01:58:10,625] {logging_mixin.py:115} INFO - [2023-02-04 01:58:10,625] {dag.py:2968} INFO - Setting next_dagrun for example_task_group to 2023-02-03T06:58:10.624600+00:00, run_after=2023-02-04T06:58:10.624600+00:00
[2023-02-04 01:58:10,645] {processor.py:161} INFO - Processing /home/milo/13-airflow/airflowhome/airflowenv/lib/python3.9/site-packages/airflow/example_dags/example_task_group.py took 0.094 seconds
[2023-02-04 01:58:44,090] {processor.py:153} INFO - Started process (PID=7073) to work on /home/milo/13-airflow/airflowhome/airflowenv/lib/python3.9/site-packages/airflow/example_dags/example_task_group.py
[2023-02-04 01:58:44,092] {processor.py:641} INFO - Processing file /home/milo/13-airflow/airflowhome/airflowenv/lib/python3.9/site-packages/airflow/example_dags/example_task_group.py for tasks to queue
[2023-02-04 01:58:44,093] {logging_mixin.py:115} INFO - [2023-02-04 01:58:44,092] {dagbag.py:508} INFO - Filling up the DagBag from /home/milo/13-airflow/airflowhome/airflowenv/lib/python3.9/site-packages/airflow/example_dags/example_task_group.py
[2023-02-04 01:58:44,105] {processor.py:651} INFO - DAG(s) dict_keys(['example_task_group']) retrieved from /home/milo/13-airflow/airflowhome/airflowenv/lib/python3.9/site-packages/airflow/example_dags/example_task_group.py
[2023-02-04 01:58:44,133] {logging_mixin.py:115} INFO - [2023-02-04 01:58:44,133] {dag.py:2420} INFO - Sync 1 DAGs
[2023-02-04 01:58:44,162] {logging_mixin.py:115} INFO - [2023-02-04 01:58:44,162] {dag.py:2968} INFO - Setting next_dagrun for example_task_group to 2023-02-03T06:58:44.161546+00:00, run_after=2023-02-04T06:58:44.161546+00:00
[2023-02-04 01:58:44,182] {processor.py:161} INFO - Processing /home/milo/13-airflow/airflowhome/airflowenv/lib/python3.9/site-packages/airflow/example_dags/example_task_group.py took 0.097 seconds
[2023-02-04 01:59:18,280] {processor.py:153} INFO - Started process (PID=7109) to work on /home/milo/13-airflow/airflowhome/airflowenv/lib/python3.9/site-packages/airflow/example_dags/example_task_group.py
[2023-02-04 01:59:18,284] {processor.py:641} INFO - Processing file /home/milo/13-airflow/airflowhome/airflowenv/lib/python3.9/site-packages/airflow/example_dags/example_task_group.py for tasks to queue
[2023-02-04 01:59:18,287] {logging_mixin.py:115} INFO - [2023-02-04 01:59:18,286] {dagbag.py:508} INFO - Filling up the DagBag from /home/milo/13-airflow/airflowhome/airflowenv/lib/python3.9/site-packages/airflow/example_dags/example_task_group.py
[2023-02-04 01:59:18,300] {processor.py:651} INFO - DAG(s) dict_keys(['example_task_group']) retrieved from /home/milo/13-airflow/airflowhome/airflowenv/lib/python3.9/site-packages/airflow/example_dags/example_task_group.py
[2023-02-04 01:59:18,335] {logging_mixin.py:115} INFO - [2023-02-04 01:59:18,335] {dag.py:2420} INFO - Sync 1 DAGs
[2023-02-04 01:59:18,364] {logging_mixin.py:115} INFO - [2023-02-04 01:59:18,364] {dag.py:2968} INFO - Setting next_dagrun for example_task_group to 2023-02-03T06:59:18.363971+00:00, run_after=2023-02-04T06:59:18.363971+00:00
[2023-02-04 01:59:18,386] {processor.py:161} INFO - Processing /home/milo/13-airflow/airflowhome/airflowenv/lib/python3.9/site-packages/airflow/example_dags/example_task_group.py took 0.111 seconds
[2023-02-04 01:59:51,929] {processor.py:153} INFO - Started process (PID=7141) to work on /home/milo/13-airflow/airflowhome/airflowenv/lib/python3.9/site-packages/airflow/example_dags/example_task_group.py
[2023-02-04 01:59:51,930] {processor.py:641} INFO - Processing file /home/milo/13-airflow/airflowhome/airflowenv/lib/python3.9/site-packages/airflow/example_dags/example_task_group.py for tasks to queue
[2023-02-04 01:59:51,931] {logging_mixin.py:115} INFO - [2023-02-04 01:59:51,931] {dagbag.py:508} INFO - Filling up the DagBag from /home/milo/13-airflow/airflowhome/airflowenv/lib/python3.9/site-packages/airflow/example_dags/example_task_group.py
[2023-02-04 01:59:51,942] {processor.py:651} INFO - DAG(s) dict_keys(['example_task_group']) retrieved from /home/milo/13-airflow/airflowhome/airflowenv/lib/python3.9/site-packages/airflow/example_dags/example_task_group.py
[2023-02-04 01:59:51,969] {logging_mixin.py:115} INFO - [2023-02-04 01:59:51,969] {dag.py:2420} INFO - Sync 1 DAGs
[2023-02-04 01:59:51,997] {logging_mixin.py:115} INFO - [2023-02-04 01:59:51,997] {dag.py:2968} INFO - Setting next_dagrun for example_task_group to 2023-02-03T06:59:51.997307+00:00, run_after=2023-02-04T06:59:51.997307+00:00
[2023-02-04 01:59:52,018] {processor.py:161} INFO - Processing /home/milo/13-airflow/airflowhome/airflowenv/lib/python3.9/site-packages/airflow/example_dags/example_task_group.py took 0.093 seconds
[2023-02-04 02:00:27,212] {processor.py:153} INFO - Started process (PID=7178) to work on /home/milo/13-airflow/airflowhome/airflowenv/lib/python3.9/site-packages/airflow/example_dags/example_task_group.py
[2023-02-04 02:00:27,214] {processor.py:641} INFO - Processing file /home/milo/13-airflow/airflowhome/airflowenv/lib/python3.9/site-packages/airflow/example_dags/example_task_group.py for tasks to queue
[2023-02-04 02:00:27,215] {logging_mixin.py:115} INFO - [2023-02-04 02:00:27,215] {dagbag.py:508} INFO - Filling up the DagBag from /home/milo/13-airflow/airflowhome/airflowenv/lib/python3.9/site-packages/airflow/example_dags/example_task_group.py
[2023-02-04 02:00:27,228] {processor.py:651} INFO - DAG(s) dict_keys(['example_task_group']) retrieved from /home/milo/13-airflow/airflowhome/airflowenv/lib/python3.9/site-packages/airflow/example_dags/example_task_group.py
[2023-02-04 02:00:27,260] {logging_mixin.py:115} INFO - [2023-02-04 02:00:27,260] {dag.py:2420} INFO - Sync 1 DAGs
[2023-02-04 02:00:27,289] {logging_mixin.py:115} INFO - [2023-02-04 02:00:27,289] {dag.py:2968} INFO - Setting next_dagrun for example_task_group to 2023-02-03T07:00:27.288773+00:00, run_after=2023-02-04T07:00:27.288773+00:00
[2023-02-04 02:00:27,311] {processor.py:161} INFO - Processing /home/milo/13-airflow/airflowhome/airflowenv/lib/python3.9/site-packages/airflow/example_dags/example_task_group.py took 0.103 seconds
[2023-02-04 02:01:02,569] {processor.py:153} INFO - Started process (PID=7213) to work on /home/milo/13-airflow/airflowhome/airflowenv/lib/python3.9/site-packages/airflow/example_dags/example_task_group.py
[2023-02-04 02:01:02,571] {processor.py:641} INFO - Processing file /home/milo/13-airflow/airflowhome/airflowenv/lib/python3.9/site-packages/airflow/example_dags/example_task_group.py for tasks to queue
[2023-02-04 02:01:02,572] {logging_mixin.py:115} INFO - [2023-02-04 02:01:02,572] {dagbag.py:508} INFO - Filling up the DagBag from /home/milo/13-airflow/airflowhome/airflowenv/lib/python3.9/site-packages/airflow/example_dags/example_task_group.py
[2023-02-04 02:01:02,594] {processor.py:651} INFO - DAG(s) dict_keys(['example_task_group']) retrieved from /home/milo/13-airflow/airflowhome/airflowenv/lib/python3.9/site-packages/airflow/example_dags/example_task_group.py
[2023-02-04 02:01:02,624] {logging_mixin.py:115} INFO - [2023-02-04 02:01:02,624] {dag.py:2420} INFO - Sync 1 DAGs
[2023-02-04 02:01:02,652] {logging_mixin.py:115} INFO - [2023-02-04 02:01:02,652] {dag.py:2968} INFO - Setting next_dagrun for example_task_group to 2023-02-03T07:01:02.652230+00:00, run_after=2023-02-04T07:01:02.652230+00:00
[2023-02-04 02:01:02,672] {processor.py:161} INFO - Processing /home/milo/13-airflow/airflowhome/airflowenv/lib/python3.9/site-packages/airflow/example_dags/example_task_group.py took 0.109 seconds
[2023-02-04 02:01:37,557] {processor.py:153} INFO - Started process (PID=7248) to work on /home/milo/13-airflow/airflowhome/airflowenv/lib/python3.9/site-packages/airflow/example_dags/example_task_group.py
[2023-02-04 02:01:37,560] {processor.py:641} INFO - Processing file /home/milo/13-airflow/airflowhome/airflowenv/lib/python3.9/site-packages/airflow/example_dags/example_task_group.py for tasks to queue
[2023-02-04 02:01:37,562] {logging_mixin.py:115} INFO - [2023-02-04 02:01:37,562] {dagbag.py:508} INFO - Filling up the DagBag from /home/milo/13-airflow/airflowhome/airflowenv/lib/python3.9/site-packages/airflow/example_dags/example_task_group.py
[2023-02-04 02:01:37,574] {processor.py:651} INFO - DAG(s) dict_keys(['example_task_group']) retrieved from /home/milo/13-airflow/airflowhome/airflowenv/lib/python3.9/site-packages/airflow/example_dags/example_task_group.py
[2023-02-04 02:01:37,603] {logging_mixin.py:115} INFO - [2023-02-04 02:01:37,603] {dag.py:2420} INFO - Sync 1 DAGs
[2023-02-04 02:01:37,635] {logging_mixin.py:115} INFO - [2023-02-04 02:01:37,634] {dag.py:2968} INFO - Setting next_dagrun for example_task_group to 2023-02-03T07:01:37.633181+00:00, run_after=2023-02-04T07:01:37.633181+00:00
[2023-02-04 02:01:37,662] {processor.py:161} INFO - Processing /home/milo/13-airflow/airflowhome/airflowenv/lib/python3.9/site-packages/airflow/example_dags/example_task_group.py took 0.118 seconds
[2023-02-04 02:02:12,753] {processor.py:153} INFO - Started process (PID=7284) to work on /home/milo/13-airflow/airflowhome/airflowenv/lib/python3.9/site-packages/airflow/example_dags/example_task_group.py
[2023-02-04 02:02:12,755] {processor.py:641} INFO - Processing file /home/milo/13-airflow/airflowhome/airflowenv/lib/python3.9/site-packages/airflow/example_dags/example_task_group.py for tasks to queue
[2023-02-04 02:02:12,756] {logging_mixin.py:115} INFO - [2023-02-04 02:02:12,755] {dagbag.py:508} INFO - Filling up the DagBag from /home/milo/13-airflow/airflowhome/airflowenv/lib/python3.9/site-packages/airflow/example_dags/example_task_group.py
[2023-02-04 02:02:12,768] {processor.py:651} INFO - DAG(s) dict_keys(['example_task_group']) retrieved from /home/milo/13-airflow/airflowhome/airflowenv/lib/python3.9/site-packages/airflow/example_dags/example_task_group.py
[2023-02-04 02:02:12,798] {logging_mixin.py:115} INFO - [2023-02-04 02:02:12,798] {dag.py:2420} INFO - Sync 1 DAGs
[2023-02-04 02:02:12,828] {logging_mixin.py:115} INFO - [2023-02-04 02:02:12,828] {dag.py:2968} INFO - Setting next_dagrun for example_task_group to 2023-02-03T07:02:12.827906+00:00, run_after=2023-02-04T07:02:12.827906+00:00
[2023-02-04 02:02:12,851] {processor.py:161} INFO - Processing /home/milo/13-airflow/airflowhome/airflowenv/lib/python3.9/site-packages/airflow/example_dags/example_task_group.py took 0.105 seconds
[2023-02-04 02:02:46,636] {processor.py:153} INFO - Started process (PID=7318) to work on /home/milo/13-airflow/airflowhome/airflowenv/lib/python3.9/site-packages/airflow/example_dags/example_task_group.py
[2023-02-04 02:02:46,638] {processor.py:641} INFO - Processing file /home/milo/13-airflow/airflowhome/airflowenv/lib/python3.9/site-packages/airflow/example_dags/example_task_group.py for tasks to queue
[2023-02-04 02:02:46,638] {logging_mixin.py:115} INFO - [2023-02-04 02:02:46,638] {dagbag.py:508} INFO - Filling up the DagBag from /home/milo/13-airflow/airflowhome/airflowenv/lib/python3.9/site-packages/airflow/example_dags/example_task_group.py
[2023-02-04 02:02:46,649] {processor.py:651} INFO - DAG(s) dict_keys(['example_task_group']) retrieved from /home/milo/13-airflow/airflowhome/airflowenv/lib/python3.9/site-packages/airflow/example_dags/example_task_group.py
[2023-02-04 02:02:46,678] {logging_mixin.py:115} INFO - [2023-02-04 02:02:46,677] {dag.py:2420} INFO - Sync 1 DAGs
[2023-02-04 02:02:46,706] {logging_mixin.py:115} INFO - [2023-02-04 02:02:46,706] {dag.py:2968} INFO - Setting next_dagrun for example_task_group to 2023-02-03T07:02:46.705963+00:00, run_after=2023-02-04T07:02:46.705963+00:00
[2023-02-04 02:02:46,730] {processor.py:161} INFO - Processing /home/milo/13-airflow/airflowhome/airflowenv/lib/python3.9/site-packages/airflow/example_dags/example_task_group.py took 0.099 seconds
[2023-02-04 02:03:21,633] {processor.py:153} INFO - Started process (PID=7353) to work on /home/milo/13-airflow/airflowhome/airflowenv/lib/python3.9/site-packages/airflow/example_dags/example_task_group.py
[2023-02-04 02:03:21,635] {processor.py:641} INFO - Processing file /home/milo/13-airflow/airflowhome/airflowenv/lib/python3.9/site-packages/airflow/example_dags/example_task_group.py for tasks to queue
[2023-02-04 02:03:21,636] {logging_mixin.py:115} INFO - [2023-02-04 02:03:21,636] {dagbag.py:508} INFO - Filling up the DagBag from /home/milo/13-airflow/airflowhome/airflowenv/lib/python3.9/site-packages/airflow/example_dags/example_task_group.py
[2023-02-04 02:03:21,647] {processor.py:651} INFO - DAG(s) dict_keys(['example_task_group']) retrieved from /home/milo/13-airflow/airflowhome/airflowenv/lib/python3.9/site-packages/airflow/example_dags/example_task_group.py
[2023-02-04 02:03:21,676] {logging_mixin.py:115} INFO - [2023-02-04 02:03:21,676] {dag.py:2420} INFO - Sync 1 DAGs
[2023-02-04 02:03:21,705] {logging_mixin.py:115} INFO - [2023-02-04 02:03:21,705] {dag.py:2968} INFO - Setting next_dagrun for example_task_group to 2023-02-03T07:03:21.704664+00:00, run_after=2023-02-04T07:03:21.704664+00:00
[2023-02-04 02:03:21,724] {processor.py:161} INFO - Processing /home/milo/13-airflow/airflowhome/airflowenv/lib/python3.9/site-packages/airflow/example_dags/example_task_group.py took 0.096 seconds
[2023-02-04 02:03:54,663] {processor.py:153} INFO - Started process (PID=7386) to work on /home/milo/13-airflow/airflowhome/airflowenv/lib/python3.9/site-packages/airflow/example_dags/example_task_group.py
[2023-02-04 02:03:54,664] {processor.py:641} INFO - Processing file /home/milo/13-airflow/airflowhome/airflowenv/lib/python3.9/site-packages/airflow/example_dags/example_task_group.py for tasks to queue
[2023-02-04 02:03:54,665] {logging_mixin.py:115} INFO - [2023-02-04 02:03:54,665] {dagbag.py:508} INFO - Filling up the DagBag from /home/milo/13-airflow/airflowhome/airflowenv/lib/python3.9/site-packages/airflow/example_dags/example_task_group.py
[2023-02-04 02:03:54,677] {processor.py:651} INFO - DAG(s) dict_keys(['example_task_group']) retrieved from /home/milo/13-airflow/airflowhome/airflowenv/lib/python3.9/site-packages/airflow/example_dags/example_task_group.py
[2023-02-04 02:03:54,705] {logging_mixin.py:115} INFO - [2023-02-04 02:03:54,705] {dag.py:2420} INFO - Sync 1 DAGs
[2023-02-04 02:03:54,733] {logging_mixin.py:115} INFO - [2023-02-04 02:03:54,733] {dag.py:2968} INFO - Setting next_dagrun for example_task_group to 2023-02-03T07:03:54.733036+00:00, run_after=2023-02-04T07:03:54.733036+00:00
[2023-02-04 02:03:54,753] {processor.py:161} INFO - Processing /home/milo/13-airflow/airflowhome/airflowenv/lib/python3.9/site-packages/airflow/example_dags/example_task_group.py took 0.103 seconds
[2023-02-04 02:04:31,269] {processor.py:153} INFO - Started process (PID=7421) to work on /home/milo/13-airflow/airflowhome/airflowenv/lib/python3.9/site-packages/airflow/example_dags/example_task_group.py
[2023-02-04 02:04:31,271] {processor.py:641} INFO - Processing file /home/milo/13-airflow/airflowhome/airflowenv/lib/python3.9/site-packages/airflow/example_dags/example_task_group.py for tasks to queue
[2023-02-04 02:04:31,271] {logging_mixin.py:115} INFO - [2023-02-04 02:04:31,271] {dagbag.py:508} INFO - Filling up the DagBag from /home/milo/13-airflow/airflowhome/airflowenv/lib/python3.9/site-packages/airflow/example_dags/example_task_group.py
[2023-02-04 02:04:31,282] {processor.py:651} INFO - DAG(s) dict_keys(['example_task_group']) retrieved from /home/milo/13-airflow/airflowhome/airflowenv/lib/python3.9/site-packages/airflow/example_dags/example_task_group.py
[2023-02-04 02:04:31,310] {logging_mixin.py:115} INFO - [2023-02-04 02:04:31,310] {dag.py:2420} INFO - Sync 1 DAGs
[2023-02-04 02:04:31,338] {logging_mixin.py:115} INFO - [2023-02-04 02:04:31,338] {dag.py:2968} INFO - Setting next_dagrun for example_task_group to 2023-02-03T07:04:31.337923+00:00, run_after=2023-02-04T07:04:31.337923+00:00
[2023-02-04 02:04:31,358] {processor.py:161} INFO - Processing /home/milo/13-airflow/airflowhome/airflowenv/lib/python3.9/site-packages/airflow/example_dags/example_task_group.py took 0.095 seconds
[2023-02-04 02:05:02,529] {processor.py:153} INFO - Started process (PID=7455) to work on /home/milo/13-airflow/airflowhome/airflowenv/lib/python3.9/site-packages/airflow/example_dags/example_task_group.py
[2023-02-04 02:05:02,529] {processor.py:641} INFO - Processing file /home/milo/13-airflow/airflowhome/airflowenv/lib/python3.9/site-packages/airflow/example_dags/example_task_group.py for tasks to queue
[2023-02-04 02:05:02,530] {logging_mixin.py:115} INFO - [2023-02-04 02:05:02,530] {dagbag.py:508} INFO - Filling up the DagBag from /home/milo/13-airflow/airflowhome/airflowenv/lib/python3.9/site-packages/airflow/example_dags/example_task_group.py
[2023-02-04 02:05:02,542] {processor.py:651} INFO - DAG(s) dict_keys(['example_task_group']) retrieved from /home/milo/13-airflow/airflowhome/airflowenv/lib/python3.9/site-packages/airflow/example_dags/example_task_group.py
[2023-02-04 02:05:02,576] {logging_mixin.py:115} INFO - [2023-02-04 02:05:02,576] {dag.py:2420} INFO - Sync 1 DAGs
[2023-02-04 02:05:02,612] {logging_mixin.py:115} INFO - [2023-02-04 02:05:02,611] {dag.py:2968} INFO - Setting next_dagrun for example_task_group to 2023-02-03T07:05:02.611101+00:00, run_after=2023-02-04T07:05:02.611101+00:00
[2023-02-04 02:05:02,634] {processor.py:161} INFO - Processing /home/milo/13-airflow/airflowhome/airflowenv/lib/python3.9/site-packages/airflow/example_dags/example_task_group.py took 0.110 seconds
[2023-02-04 02:05:35,126] {processor.py:153} INFO - Started process (PID=7487) to work on /home/milo/13-airflow/airflowhome/airflowenv/lib/python3.9/site-packages/airflow/example_dags/example_task_group.py
[2023-02-04 02:05:35,128] {processor.py:641} INFO - Processing file /home/milo/13-airflow/airflowhome/airflowenv/lib/python3.9/site-packages/airflow/example_dags/example_task_group.py for tasks to queue
[2023-02-04 02:05:35,129] {logging_mixin.py:115} INFO - [2023-02-04 02:05:35,129] {dagbag.py:508} INFO - Filling up the DagBag from /home/milo/13-airflow/airflowhome/airflowenv/lib/python3.9/site-packages/airflow/example_dags/example_task_group.py
[2023-02-04 02:05:35,140] {processor.py:651} INFO - DAG(s) dict_keys(['example_task_group']) retrieved from /home/milo/13-airflow/airflowhome/airflowenv/lib/python3.9/site-packages/airflow/example_dags/example_task_group.py
[2023-02-04 02:05:35,169] {logging_mixin.py:115} INFO - [2023-02-04 02:05:35,169] {dag.py:2420} INFO - Sync 1 DAGs
[2023-02-04 02:05:35,197] {logging_mixin.py:115} INFO - [2023-02-04 02:05:35,197] {dag.py:2968} INFO - Setting next_dagrun for example_task_group to 2023-02-03T07:05:35.197227+00:00, run_after=2023-02-04T07:05:35.197227+00:00
[2023-02-04 02:05:35,217] {processor.py:161} INFO - Processing /home/milo/13-airflow/airflowhome/airflowenv/lib/python3.9/site-packages/airflow/example_dags/example_task_group.py took 0.096 seconds
[2023-02-04 02:06:10,406] {processor.py:153} INFO - Started process (PID=7521) to work on /home/milo/13-airflow/airflowhome/airflowenv/lib/python3.9/site-packages/airflow/example_dags/example_task_group.py
[2023-02-04 02:06:10,416] {processor.py:641} INFO - Processing file /home/milo/13-airflow/airflowhome/airflowenv/lib/python3.9/site-packages/airflow/example_dags/example_task_group.py for tasks to queue
[2023-02-04 02:06:10,417] {logging_mixin.py:115} INFO - [2023-02-04 02:06:10,417] {dagbag.py:508} INFO - Filling up the DagBag from /home/milo/13-airflow/airflowhome/airflowenv/lib/python3.9/site-packages/airflow/example_dags/example_task_group.py
[2023-02-04 02:06:10,429] {processor.py:651} INFO - DAG(s) dict_keys(['example_task_group']) retrieved from /home/milo/13-airflow/airflowhome/airflowenv/lib/python3.9/site-packages/airflow/example_dags/example_task_group.py
[2023-02-04 02:06:10,460] {logging_mixin.py:115} INFO - [2023-02-04 02:06:10,460] {dag.py:2420} INFO - Sync 1 DAGs
[2023-02-04 02:06:10,489] {logging_mixin.py:115} INFO - [2023-02-04 02:06:10,489] {dag.py:2968} INFO - Setting next_dagrun for example_task_group to 2023-02-03T07:06:10.489057+00:00, run_after=2023-02-04T07:06:10.489057+00:00
[2023-02-04 02:06:10,515] {processor.py:161} INFO - Processing /home/milo/13-airflow/airflowhome/airflowenv/lib/python3.9/site-packages/airflow/example_dags/example_task_group.py took 0.116 seconds
[2023-02-04 02:06:44,299] {processor.py:153} INFO - Started process (PID=7553) to work on /home/milo/13-airflow/airflowhome/airflowenv/lib/python3.9/site-packages/airflow/example_dags/example_task_group.py
[2023-02-04 02:06:44,301] {processor.py:641} INFO - Processing file /home/milo/13-airflow/airflowhome/airflowenv/lib/python3.9/site-packages/airflow/example_dags/example_task_group.py for tasks to queue
[2023-02-04 02:06:44,302] {logging_mixin.py:115} INFO - [2023-02-04 02:06:44,301] {dagbag.py:508} INFO - Filling up the DagBag from /home/milo/13-airflow/airflowhome/airflowenv/lib/python3.9/site-packages/airflow/example_dags/example_task_group.py
[2023-02-04 02:06:44,313] {processor.py:651} INFO - DAG(s) dict_keys(['example_task_group']) retrieved from /home/milo/13-airflow/airflowhome/airflowenv/lib/python3.9/site-packages/airflow/example_dags/example_task_group.py
[2023-02-04 02:06:44,341] {logging_mixin.py:115} INFO - [2023-02-04 02:06:44,341] {dag.py:2420} INFO - Sync 1 DAGs
[2023-02-04 02:06:44,370] {logging_mixin.py:115} INFO - [2023-02-04 02:06:44,370] {dag.py:2968} INFO - Setting next_dagrun for example_task_group to 2023-02-03T07:06:44.369593+00:00, run_after=2023-02-04T07:06:44.369593+00:00
[2023-02-04 02:06:44,392] {processor.py:161} INFO - Processing /home/milo/13-airflow/airflowhome/airflowenv/lib/python3.9/site-packages/airflow/example_dags/example_task_group.py took 0.098 seconds
[2023-02-04 02:07:17,272] {processor.py:153} INFO - Started process (PID=7585) to work on /home/milo/13-airflow/airflowhome/airflowenv/lib/python3.9/site-packages/airflow/example_dags/example_task_group.py
[2023-02-04 02:07:17,274] {processor.py:641} INFO - Processing file /home/milo/13-airflow/airflowhome/airflowenv/lib/python3.9/site-packages/airflow/example_dags/example_task_group.py for tasks to queue
[2023-02-04 02:07:17,275] {logging_mixin.py:115} INFO - [2023-02-04 02:07:17,275] {dagbag.py:508} INFO - Filling up the DagBag from /home/milo/13-airflow/airflowhome/airflowenv/lib/python3.9/site-packages/airflow/example_dags/example_task_group.py
[2023-02-04 02:07:17,286] {processor.py:651} INFO - DAG(s) dict_keys(['example_task_group']) retrieved from /home/milo/13-airflow/airflowhome/airflowenv/lib/python3.9/site-packages/airflow/example_dags/example_task_group.py
[2023-02-04 02:07:17,314] {logging_mixin.py:115} INFO - [2023-02-04 02:07:17,314] {dag.py:2420} INFO - Sync 1 DAGs
[2023-02-04 02:07:17,341] {logging_mixin.py:115} INFO - [2023-02-04 02:07:17,341] {dag.py:2968} INFO - Setting next_dagrun for example_task_group to 2023-02-03T07:07:17.341332+00:00, run_after=2023-02-04T07:07:17.341332+00:00
[2023-02-04 02:07:17,361] {processor.py:161} INFO - Processing /home/milo/13-airflow/airflowhome/airflowenv/lib/python3.9/site-packages/airflow/example_dags/example_task_group.py took 0.094 seconds
[2023-02-04 02:07:49,473] {processor.py:153} INFO - Started process (PID=7616) to work on /home/milo/13-airflow/airflowhome/airflowenv/lib/python3.9/site-packages/airflow/example_dags/example_task_group.py
[2023-02-04 02:07:49,474] {processor.py:641} INFO - Processing file /home/milo/13-airflow/airflowhome/airflowenv/lib/python3.9/site-packages/airflow/example_dags/example_task_group.py for tasks to queue
[2023-02-04 02:07:49,475] {logging_mixin.py:115} INFO - [2023-02-04 02:07:49,475] {dagbag.py:508} INFO - Filling up the DagBag from /home/milo/13-airflow/airflowhome/airflowenv/lib/python3.9/site-packages/airflow/example_dags/example_task_group.py
[2023-02-04 02:07:49,487] {processor.py:651} INFO - DAG(s) dict_keys(['example_task_group']) retrieved from /home/milo/13-airflow/airflowhome/airflowenv/lib/python3.9/site-packages/airflow/example_dags/example_task_group.py
[2023-02-04 02:07:49,521] {logging_mixin.py:115} INFO - [2023-02-04 02:07:49,521] {dag.py:2420} INFO - Sync 1 DAGs
[2023-02-04 02:07:49,550] {logging_mixin.py:115} INFO - [2023-02-04 02:07:49,549] {dag.py:2968} INFO - Setting next_dagrun for example_task_group to 2023-02-03T07:07:49.549465+00:00, run_after=2023-02-04T07:07:49.549465+00:00
[2023-02-04 02:07:49,574] {processor.py:161} INFO - Processing /home/milo/13-airflow/airflowhome/airflowenv/lib/python3.9/site-packages/airflow/example_dags/example_task_group.py took 0.106 seconds
[2023-02-04 02:08:26,225] {processor.py:153} INFO - Started process (PID=7652) to work on /home/milo/13-airflow/airflowhome/airflowenv/lib/python3.9/site-packages/airflow/example_dags/example_task_group.py
[2023-02-04 02:08:26,230] {processor.py:641} INFO - Processing file /home/milo/13-airflow/airflowhome/airflowenv/lib/python3.9/site-packages/airflow/example_dags/example_task_group.py for tasks to queue
[2023-02-04 02:08:26,231] {logging_mixin.py:115} INFO - [2023-02-04 02:08:26,231] {dagbag.py:508} INFO - Filling up the DagBag from /home/milo/13-airflow/airflowhome/airflowenv/lib/python3.9/site-packages/airflow/example_dags/example_task_group.py
[2023-02-04 02:08:26,246] {processor.py:651} INFO - DAG(s) dict_keys(['example_task_group']) retrieved from /home/milo/13-airflow/airflowhome/airflowenv/lib/python3.9/site-packages/airflow/example_dags/example_task_group.py
[2023-02-04 02:08:26,273] {logging_mixin.py:115} INFO - [2023-02-04 02:08:26,273] {dag.py:2420} INFO - Sync 1 DAGs
[2023-02-04 02:08:26,301] {logging_mixin.py:115} INFO - [2023-02-04 02:08:26,301] {dag.py:2968} INFO - Setting next_dagrun for example_task_group to 2023-02-03T07:08:26.301035+00:00, run_after=2023-02-04T07:08:26.301035+00:00
[2023-02-04 02:08:26,321] {processor.py:161} INFO - Processing /home/milo/13-airflow/airflowhome/airflowenv/lib/python3.9/site-packages/airflow/example_dags/example_task_group.py took 0.100 seconds
[2023-02-04 02:09:00,072] {processor.py:153} INFO - Started process (PID=7688) to work on /home/milo/13-airflow/airflowhome/airflowenv/lib/python3.9/site-packages/airflow/example_dags/example_task_group.py
[2023-02-04 02:09:00,074] {processor.py:641} INFO - Processing file /home/milo/13-airflow/airflowhome/airflowenv/lib/python3.9/site-packages/airflow/example_dags/example_task_group.py for tasks to queue
[2023-02-04 02:09:00,074] {logging_mixin.py:115} INFO - [2023-02-04 02:09:00,074] {dagbag.py:508} INFO - Filling up the DagBag from /home/milo/13-airflow/airflowhome/airflowenv/lib/python3.9/site-packages/airflow/example_dags/example_task_group.py
[2023-02-04 02:09:00,086] {processor.py:651} INFO - DAG(s) dict_keys(['example_task_group']) retrieved from /home/milo/13-airflow/airflowhome/airflowenv/lib/python3.9/site-packages/airflow/example_dags/example_task_group.py
[2023-02-04 02:09:00,113] {logging_mixin.py:115} INFO - [2023-02-04 02:09:00,113] {dag.py:2420} INFO - Sync 1 DAGs
[2023-02-04 02:09:00,141] {logging_mixin.py:115} INFO - [2023-02-04 02:09:00,141] {dag.py:2968} INFO - Setting next_dagrun for example_task_group to 2023-02-03T07:09:00.141123+00:00, run_after=2023-02-04T07:09:00.141123+00:00
[2023-02-04 02:09:00,162] {processor.py:161} INFO - Processing /home/milo/13-airflow/airflowhome/airflowenv/lib/python3.9/site-packages/airflow/example_dags/example_task_group.py took 0.095 seconds
[2023-02-04 02:12:11,464] {processor.py:153} INFO - Started process (PID=7799) to work on /home/milo/13-airflow/airflowhome/airflowenv/lib/python3.9/site-packages/airflow/example_dags/example_task_group.py
[2023-02-04 02:12:11,466] {processor.py:641} INFO - Processing file /home/milo/13-airflow/airflowhome/airflowenv/lib/python3.9/site-packages/airflow/example_dags/example_task_group.py for tasks to queue
[2023-02-04 02:12:11,467] {logging_mixin.py:115} INFO - [2023-02-04 02:12:11,467] {dagbag.py:508} INFO - Filling up the DagBag from /home/milo/13-airflow/airflowhome/airflowenv/lib/python3.9/site-packages/airflow/example_dags/example_task_group.py
[2023-02-04 02:12:11,479] {processor.py:651} INFO - DAG(s) dict_keys(['example_task_group']) retrieved from /home/milo/13-airflow/airflowhome/airflowenv/lib/python3.9/site-packages/airflow/example_dags/example_task_group.py
[2023-02-04 02:12:11,508] {logging_mixin.py:115} INFO - [2023-02-04 02:12:11,508] {dag.py:2420} INFO - Sync 1 DAGs
[2023-02-04 02:12:11,535] {logging_mixin.py:115} INFO - [2023-02-04 02:12:11,535] {dag.py:2968} INFO - Setting next_dagrun for example_task_group to 2023-02-03T07:12:11.535248+00:00, run_after=2023-02-04T07:12:11.535248+00:00
[2023-02-04 02:12:11,556] {processor.py:161} INFO - Processing /home/milo/13-airflow/airflowhome/airflowenv/lib/python3.9/site-packages/airflow/example_dags/example_task_group.py took 0.096 seconds
[2023-02-04 02:21:56,734] {processor.py:153} INFO - Started process (PID=7882) to work on /home/milo/13-airflow/airflowhome/airflowenv/lib/python3.9/site-packages/airflow/example_dags/example_task_group.py
[2023-02-04 02:21:56,736] {processor.py:641} INFO - Processing file /home/milo/13-airflow/airflowhome/airflowenv/lib/python3.9/site-packages/airflow/example_dags/example_task_group.py for tasks to queue
[2023-02-04 02:21:56,736] {logging_mixin.py:115} INFO - [2023-02-04 02:21:56,736] {dagbag.py:508} INFO - Filling up the DagBag from /home/milo/13-airflow/airflowhome/airflowenv/lib/python3.9/site-packages/airflow/example_dags/example_task_group.py
[2023-02-04 02:21:56,749] {processor.py:651} INFO - DAG(s) dict_keys(['example_task_group']) retrieved from /home/milo/13-airflow/airflowhome/airflowenv/lib/python3.9/site-packages/airflow/example_dags/example_task_group.py
[2023-02-04 02:21:56,791] {logging_mixin.py:115} INFO - [2023-02-04 02:21:56,791] {dag.py:2420} INFO - Sync 1 DAGs
[2023-02-04 02:21:56,820] {logging_mixin.py:115} INFO - [2023-02-04 02:21:56,820] {dag.py:2968} INFO - Setting next_dagrun for example_task_group to 2023-02-03T07:21:56.819881+00:00, run_after=2023-02-04T07:21:56.819881+00:00
[2023-02-04 02:21:56,840] {processor.py:161} INFO - Processing /home/milo/13-airflow/airflowhome/airflowenv/lib/python3.9/site-packages/airflow/example_dags/example_task_group.py took 0.110 seconds
