[2023-02-04 01:53:24,818] {processor.py:153} INFO - Started process (PID=6607) to work on /home/milo/13-airflow/airflowhome/airflowenv/lib/python3.9/site-packages/airflow/example_dags/example_nested_branch_dag.py
[2023-02-04 01:53:24,819] {processor.py:641} INFO - Processing file /home/milo/13-airflow/airflowhome/airflowenv/lib/python3.9/site-packages/airflow/example_dags/example_nested_branch_dag.py for tasks to queue
[2023-02-04 01:53:24,819] {logging_mixin.py:115} INFO - [2023-02-04 01:53:24,819] {dagbag.py:508} INFO - Filling up the DagBag from /home/milo/13-airflow/airflowhome/airflowenv/lib/python3.9/site-packages/airflow/example_dags/example_nested_branch_dag.py
[2023-02-04 01:53:24,837] {processor.py:651} INFO - DAG(s) dict_keys(['example_nested_branch_dag']) retrieved from /home/milo/13-airflow/airflowhome/airflowenv/lib/python3.9/site-packages/airflow/example_dags/example_nested_branch_dag.py
[2023-02-04 01:53:28,485] {logging_mixin.py:115} INFO - [2023-02-04 01:53:28,485] {manager.py:508} INFO - Created Permission View: can read on DAG:example_nested_branch_dag
[2023-02-04 01:53:28,507] {logging_mixin.py:115} INFO - [2023-02-04 01:53:28,507] {manager.py:508} INFO - Created Permission View: can edit on DAG:example_nested_branch_dag
[2023-02-04 01:53:28,520] {logging_mixin.py:115} INFO - [2023-02-04 01:53:28,520] {manager.py:508} INFO - Created Permission View: can delete on DAG:example_nested_branch_dag
[2023-02-04 01:53:28,520] {logging_mixin.py:115} INFO - [2023-02-04 01:53:28,520] {dag.py:2420} INFO - Sync 1 DAGs
[2023-02-04 01:53:28,533] {logging_mixin.py:115} INFO - [2023-02-04 01:53:28,533] {dag.py:2439} INFO - Creating ORM DAG for example_nested_branch_dag
[2023-02-04 01:53:28,551] {logging_mixin.py:115} INFO - [2023-02-04 01:53:28,551] {dag.py:2968} INFO - Setting next_dagrun for example_nested_branch_dag to 2023-02-03T00:00:00+00:00, run_after=2023-02-04T00:00:00+00:00
[2023-02-04 01:53:28,593] {processor.py:161} INFO - Processing /home/milo/13-airflow/airflowhome/airflowenv/lib/python3.9/site-packages/airflow/example_dags/example_nested_branch_dag.py took 3.780 seconds
[2023-02-04 01:54:13,038] {processor.py:153} INFO - Started process (PID=6650) to work on /home/milo/13-airflow/airflowhome/airflowenv/lib/python3.9/site-packages/airflow/example_dags/example_nested_branch_dag.py
[2023-02-04 01:54:13,040] {processor.py:641} INFO - Processing file /home/milo/13-airflow/airflowhome/airflowenv/lib/python3.9/site-packages/airflow/example_dags/example_nested_branch_dag.py for tasks to queue
[2023-02-04 01:54:13,041] {logging_mixin.py:115} INFO - [2023-02-04 01:54:13,041] {dagbag.py:508} INFO - Filling up the DagBag from /home/milo/13-airflow/airflowhome/airflowenv/lib/python3.9/site-packages/airflow/example_dags/example_nested_branch_dag.py
[2023-02-04 01:54:13,059] {processor.py:651} INFO - DAG(s) dict_keys(['example_nested_branch_dag']) retrieved from /home/milo/13-airflow/airflowhome/airflowenv/lib/python3.9/site-packages/airflow/example_dags/example_nested_branch_dag.py
[2023-02-04 01:54:13,088] {logging_mixin.py:115} INFO - [2023-02-04 01:54:13,088] {dag.py:2420} INFO - Sync 1 DAGs
[2023-02-04 01:54:13,123] {logging_mixin.py:115} INFO - [2023-02-04 01:54:13,123] {dag.py:2968} INFO - Setting next_dagrun for example_nested_branch_dag to 2023-02-03T00:00:00+00:00, run_after=2023-02-04T00:00:00+00:00
[2023-02-04 01:54:13,145] {processor.py:161} INFO - Processing /home/milo/13-airflow/airflowhome/airflowenv/lib/python3.9/site-packages/airflow/example_dags/example_nested_branch_dag.py took 0.112 seconds
[2023-02-04 01:54:57,074] {processor.py:153} INFO - Started process (PID=6692) to work on /home/milo/13-airflow/airflowhome/airflowenv/lib/python3.9/site-packages/airflow/example_dags/example_nested_branch_dag.py
[2023-02-04 01:54:57,076] {processor.py:641} INFO - Processing file /home/milo/13-airflow/airflowhome/airflowenv/lib/python3.9/site-packages/airflow/example_dags/example_nested_branch_dag.py for tasks to queue
[2023-02-04 01:54:57,077] {logging_mixin.py:115} INFO - [2023-02-04 01:54:57,077] {dagbag.py:508} INFO - Filling up the DagBag from /home/milo/13-airflow/airflowhome/airflowenv/lib/python3.9/site-packages/airflow/example_dags/example_nested_branch_dag.py
[2023-02-04 01:54:57,095] {processor.py:651} INFO - DAG(s) dict_keys(['example_nested_branch_dag']) retrieved from /home/milo/13-airflow/airflowhome/airflowenv/lib/python3.9/site-packages/airflow/example_dags/example_nested_branch_dag.py
[2023-02-04 01:54:57,130] {logging_mixin.py:115} INFO - [2023-02-04 01:54:57,130] {dag.py:2420} INFO - Sync 1 DAGs
[2023-02-04 01:54:57,166] {logging_mixin.py:115} INFO - [2023-02-04 01:54:57,165] {dag.py:2968} INFO - Setting next_dagrun for example_nested_branch_dag to 2023-02-03T00:00:00+00:00, run_after=2023-02-04T00:00:00+00:00
[2023-02-04 01:54:57,185] {processor.py:161} INFO - Processing /home/milo/13-airflow/airflowhome/airflowenv/lib/python3.9/site-packages/airflow/example_dags/example_nested_branch_dag.py took 0.116 seconds
[2023-02-04 01:55:59,555] {processor.py:153} INFO - Started process (PID=6737) to work on /home/milo/13-airflow/airflowhome/airflowenv/lib/python3.9/site-packages/airflow/example_dags/example_nested_branch_dag.py
[2023-02-04 01:55:59,557] {processor.py:641} INFO - Processing file /home/milo/13-airflow/airflowhome/airflowenv/lib/python3.9/site-packages/airflow/example_dags/example_nested_branch_dag.py for tasks to queue
[2023-02-04 01:55:59,558] {logging_mixin.py:115} INFO - [2023-02-04 01:55:59,558] {dagbag.py:508} INFO - Filling up the DagBag from /home/milo/13-airflow/airflowhome/airflowenv/lib/python3.9/site-packages/airflow/example_dags/example_nested_branch_dag.py
[2023-02-04 01:55:59,587] {processor.py:651} INFO - DAG(s) dict_keys(['example_nested_branch_dag']) retrieved from /home/milo/13-airflow/airflowhome/airflowenv/lib/python3.9/site-packages/airflow/example_dags/example_nested_branch_dag.py
[2023-02-04 01:55:59,615] {logging_mixin.py:115} INFO - [2023-02-04 01:55:59,615] {dag.py:2420} INFO - Sync 1 DAGs
[2023-02-04 01:55:59,647] {logging_mixin.py:115} INFO - [2023-02-04 01:55:59,647] {dag.py:2968} INFO - Setting next_dagrun for example_nested_branch_dag to 2023-02-03T00:00:00+00:00, run_after=2023-02-04T00:00:00+00:00
[2023-02-04 01:56:00,458] {processor.py:161} INFO - Processing /home/milo/13-airflow/airflowhome/airflowenv/lib/python3.9/site-packages/airflow/example_dags/example_nested_branch_dag.py took 0.909 seconds
[2023-02-04 01:56:48,385] {processor.py:153} INFO - Started process (PID=6771) to work on /home/milo/13-airflow/airflowhome/airflowenv/lib/python3.9/site-packages/airflow/example_dags/example_nested_branch_dag.py
[2023-02-04 01:56:48,387] {processor.py:641} INFO - Processing file /home/milo/13-airflow/airflowhome/airflowenv/lib/python3.9/site-packages/airflow/example_dags/example_nested_branch_dag.py for tasks to queue
[2023-02-04 01:56:48,388] {logging_mixin.py:115} INFO - [2023-02-04 01:56:48,388] {dagbag.py:508} INFO - Filling up the DagBag from /home/milo/13-airflow/airflowhome/airflowenv/lib/python3.9/site-packages/airflow/example_dags/example_nested_branch_dag.py
[2023-02-04 01:56:48,407] {processor.py:651} INFO - DAG(s) dict_keys(['example_nested_branch_dag']) retrieved from /home/milo/13-airflow/airflowhome/airflowenv/lib/python3.9/site-packages/airflow/example_dags/example_nested_branch_dag.py
[2023-02-04 01:56:48,435] {logging_mixin.py:115} INFO - [2023-02-04 01:56:48,435] {dag.py:2420} INFO - Sync 1 DAGs
[2023-02-04 01:56:48,467] {logging_mixin.py:115} INFO - [2023-02-04 01:56:48,467] {dag.py:2968} INFO - Setting next_dagrun for example_nested_branch_dag to 2023-02-03T00:00:00+00:00, run_after=2023-02-04T00:00:00+00:00
[2023-02-04 01:56:48,487] {processor.py:161} INFO - Processing /home/milo/13-airflow/airflowhome/airflowenv/lib/python3.9/site-packages/airflow/example_dags/example_nested_branch_dag.py took 0.108 seconds
[2023-02-04 01:57:31,105] {processor.py:153} INFO - Started process (PID=6807) to work on /home/milo/13-airflow/airflowhome/airflowenv/lib/python3.9/site-packages/airflow/example_dags/example_nested_branch_dag.py
[2023-02-04 01:57:31,107] {processor.py:641} INFO - Processing file /home/milo/13-airflow/airflowhome/airflowenv/lib/python3.9/site-packages/airflow/example_dags/example_nested_branch_dag.py for tasks to queue
[2023-02-04 01:57:31,115] {logging_mixin.py:115} INFO - [2023-02-04 01:57:31,108] {dagbag.py:508} INFO - Filling up the DagBag from /home/milo/13-airflow/airflowhome/airflowenv/lib/python3.9/site-packages/airflow/example_dags/example_nested_branch_dag.py
[2023-02-04 01:57:31,132] {processor.py:651} INFO - DAG(s) dict_keys(['example_nested_branch_dag']) retrieved from /home/milo/13-airflow/airflowhome/airflowenv/lib/python3.9/site-packages/airflow/example_dags/example_nested_branch_dag.py
[2023-02-04 01:57:31,159] {logging_mixin.py:115} INFO - [2023-02-04 01:57:31,159] {dag.py:2420} INFO - Sync 1 DAGs
[2023-02-04 01:57:31,190] {logging_mixin.py:115} INFO - [2023-02-04 01:57:31,189] {dag.py:2968} INFO - Setting next_dagrun for example_nested_branch_dag to 2023-02-03T00:00:00+00:00, run_after=2023-02-04T00:00:00+00:00
[2023-02-04 01:57:31,210] {processor.py:161} INFO - Processing /home/milo/13-airflow/airflowhome/airflowenv/lib/python3.9/site-packages/airflow/example_dags/example_nested_branch_dag.py took 0.109 seconds
[2023-02-04 01:58:06,133] {processor.py:153} INFO - Started process (PID=7028) to work on /home/milo/13-airflow/airflowhome/airflowenv/lib/python3.9/site-packages/airflow/example_dags/example_nested_branch_dag.py
[2023-02-04 01:58:06,135] {processor.py:641} INFO - Processing file /home/milo/13-airflow/airflowhome/airflowenv/lib/python3.9/site-packages/airflow/example_dags/example_nested_branch_dag.py for tasks to queue
[2023-02-04 01:58:06,136] {logging_mixin.py:115} INFO - [2023-02-04 01:58:06,136] {dagbag.py:508} INFO - Filling up the DagBag from /home/milo/13-airflow/airflowhome/airflowenv/lib/python3.9/site-packages/airflow/example_dags/example_nested_branch_dag.py
[2023-02-04 01:58:06,153] {processor.py:651} INFO - DAG(s) dict_keys(['example_nested_branch_dag']) retrieved from /home/milo/13-airflow/airflowhome/airflowenv/lib/python3.9/site-packages/airflow/example_dags/example_nested_branch_dag.py
[2023-02-04 01:58:06,179] {logging_mixin.py:115} INFO - [2023-02-04 01:58:06,179] {dag.py:2420} INFO - Sync 1 DAGs
[2023-02-04 01:58:06,210] {logging_mixin.py:115} INFO - [2023-02-04 01:58:06,210] {dag.py:2968} INFO - Setting next_dagrun for example_nested_branch_dag to 2023-02-03T00:00:00+00:00, run_after=2023-02-04T00:00:00+00:00
[2023-02-04 01:58:06,230] {processor.py:161} INFO - Processing /home/milo/13-airflow/airflowhome/airflowenv/lib/python3.9/site-packages/airflow/example_dags/example_nested_branch_dag.py took 0.102 seconds
[2023-02-04 01:58:41,696] {processor.py:153} INFO - Started process (PID=7071) to work on /home/milo/13-airflow/airflowhome/airflowenv/lib/python3.9/site-packages/airflow/example_dags/example_nested_branch_dag.py
[2023-02-04 01:58:41,700] {processor.py:641} INFO - Processing file /home/milo/13-airflow/airflowhome/airflowenv/lib/python3.9/site-packages/airflow/example_dags/example_nested_branch_dag.py for tasks to queue
[2023-02-04 01:58:41,701] {logging_mixin.py:115} INFO - [2023-02-04 01:58:41,701] {dagbag.py:508} INFO - Filling up the DagBag from /home/milo/13-airflow/airflowhome/airflowenv/lib/python3.9/site-packages/airflow/example_dags/example_nested_branch_dag.py
[2023-02-04 01:58:41,719] {processor.py:651} INFO - DAG(s) dict_keys(['example_nested_branch_dag']) retrieved from /home/milo/13-airflow/airflowhome/airflowenv/lib/python3.9/site-packages/airflow/example_dags/example_nested_branch_dag.py
[2023-02-04 01:58:41,746] {logging_mixin.py:115} INFO - [2023-02-04 01:58:41,746] {dag.py:2420} INFO - Sync 1 DAGs
[2023-02-04 01:58:41,778] {logging_mixin.py:115} INFO - [2023-02-04 01:58:41,777] {dag.py:2968} INFO - Setting next_dagrun for example_nested_branch_dag to 2023-02-03T00:00:00+00:00, run_after=2023-02-04T00:00:00+00:00
[2023-02-04 01:58:41,796] {processor.py:161} INFO - Processing /home/milo/13-airflow/airflowhome/airflowenv/lib/python3.9/site-packages/airflow/example_dags/example_nested_branch_dag.py took 0.105 seconds
[2023-02-04 01:59:16,759] {processor.py:153} INFO - Started process (PID=7107) to work on /home/milo/13-airflow/airflowhome/airflowenv/lib/python3.9/site-packages/airflow/example_dags/example_nested_branch_dag.py
[2023-02-04 01:59:16,761] {processor.py:641} INFO - Processing file /home/milo/13-airflow/airflowhome/airflowenv/lib/python3.9/site-packages/airflow/example_dags/example_nested_branch_dag.py for tasks to queue
[2023-02-04 01:59:16,761] {logging_mixin.py:115} INFO - [2023-02-04 01:59:16,761] {dagbag.py:508} INFO - Filling up the DagBag from /home/milo/13-airflow/airflowhome/airflowenv/lib/python3.9/site-packages/airflow/example_dags/example_nested_branch_dag.py
[2023-02-04 01:59:16,780] {processor.py:651} INFO - DAG(s) dict_keys(['example_nested_branch_dag']) retrieved from /home/milo/13-airflow/airflowhome/airflowenv/lib/python3.9/site-packages/airflow/example_dags/example_nested_branch_dag.py
[2023-02-04 01:59:16,810] {logging_mixin.py:115} INFO - [2023-02-04 01:59:16,810] {dag.py:2420} INFO - Sync 1 DAGs
[2023-02-04 01:59:16,843] {logging_mixin.py:115} INFO - [2023-02-04 01:59:16,843] {dag.py:2968} INFO - Setting next_dagrun for example_nested_branch_dag to 2023-02-03T00:00:00+00:00, run_after=2023-02-04T00:00:00+00:00
[2023-02-04 01:59:16,864] {processor.py:161} INFO - Processing /home/milo/13-airflow/airflowhome/airflowenv/lib/python3.9/site-packages/airflow/example_dags/example_nested_branch_dag.py took 0.110 seconds
[2023-02-04 01:59:53,747] {processor.py:153} INFO - Started process (PID=7143) to work on /home/milo/13-airflow/airflowhome/airflowenv/lib/python3.9/site-packages/airflow/example_dags/example_nested_branch_dag.py
[2023-02-04 01:59:53,748] {processor.py:641} INFO - Processing file /home/milo/13-airflow/airflowhome/airflowenv/lib/python3.9/site-packages/airflow/example_dags/example_nested_branch_dag.py for tasks to queue
[2023-02-04 01:59:53,749] {logging_mixin.py:115} INFO - [2023-02-04 01:59:53,749] {dagbag.py:508} INFO - Filling up the DagBag from /home/milo/13-airflow/airflowhome/airflowenv/lib/python3.9/site-packages/airflow/example_dags/example_nested_branch_dag.py
[2023-02-04 01:59:53,767] {processor.py:651} INFO - DAG(s) dict_keys(['example_nested_branch_dag']) retrieved from /home/milo/13-airflow/airflowhome/airflowenv/lib/python3.9/site-packages/airflow/example_dags/example_nested_branch_dag.py
[2023-02-04 01:59:53,809] {logging_mixin.py:115} INFO - [2023-02-04 01:59:53,809] {dag.py:2420} INFO - Sync 1 DAGs
[2023-02-04 01:59:53,854] {logging_mixin.py:115} INFO - [2023-02-04 01:59:53,854] {dag.py:2968} INFO - Setting next_dagrun for example_nested_branch_dag to 2023-02-03T00:00:00+00:00, run_after=2023-02-04T00:00:00+00:00
[2023-02-04 01:59:53,877] {processor.py:161} INFO - Processing /home/milo/13-airflow/airflowhome/airflowenv/lib/python3.9/site-packages/airflow/example_dags/example_nested_branch_dag.py took 0.135 seconds
[2023-02-04 02:00:30,469] {processor.py:153} INFO - Started process (PID=7181) to work on /home/milo/13-airflow/airflowhome/airflowenv/lib/python3.9/site-packages/airflow/example_dags/example_nested_branch_dag.py
[2023-02-04 02:00:30,471] {processor.py:641} INFO - Processing file /home/milo/13-airflow/airflowhome/airflowenv/lib/python3.9/site-packages/airflow/example_dags/example_nested_branch_dag.py for tasks to queue
[2023-02-04 02:00:30,472] {logging_mixin.py:115} INFO - [2023-02-04 02:00:30,472] {dagbag.py:508} INFO - Filling up the DagBag from /home/milo/13-airflow/airflowhome/airflowenv/lib/python3.9/site-packages/airflow/example_dags/example_nested_branch_dag.py
[2023-02-04 02:00:30,492] {processor.py:651} INFO - DAG(s) dict_keys(['example_nested_branch_dag']) retrieved from /home/milo/13-airflow/airflowhome/airflowenv/lib/python3.9/site-packages/airflow/example_dags/example_nested_branch_dag.py
[2023-02-04 02:00:30,522] {logging_mixin.py:115} INFO - [2023-02-04 02:00:30,522] {dag.py:2420} INFO - Sync 1 DAGs
[2023-02-04 02:00:30,565] {logging_mixin.py:115} INFO - [2023-02-04 02:00:30,565] {dag.py:2968} INFO - Setting next_dagrun for example_nested_branch_dag to 2023-02-03T00:00:00+00:00, run_after=2023-02-04T00:00:00+00:00
[2023-02-04 02:00:30,599] {processor.py:161} INFO - Processing /home/milo/13-airflow/airflowhome/airflowenv/lib/python3.9/site-packages/airflow/example_dags/example_nested_branch_dag.py took 0.140 seconds
[2023-02-04 02:01:07,438] {processor.py:153} INFO - Started process (PID=7217) to work on /home/milo/13-airflow/airflowhome/airflowenv/lib/python3.9/site-packages/airflow/example_dags/example_nested_branch_dag.py
[2023-02-04 02:01:07,440] {processor.py:641} INFO - Processing file /home/milo/13-airflow/airflowhome/airflowenv/lib/python3.9/site-packages/airflow/example_dags/example_nested_branch_dag.py for tasks to queue
[2023-02-04 02:01:07,441] {logging_mixin.py:115} INFO - [2023-02-04 02:01:07,441] {dagbag.py:508} INFO - Filling up the DagBag from /home/milo/13-airflow/airflowhome/airflowenv/lib/python3.9/site-packages/airflow/example_dags/example_nested_branch_dag.py
[2023-02-04 02:01:07,458] {processor.py:651} INFO - DAG(s) dict_keys(['example_nested_branch_dag']) retrieved from /home/milo/13-airflow/airflowhome/airflowenv/lib/python3.9/site-packages/airflow/example_dags/example_nested_branch_dag.py
[2023-02-04 02:01:07,486] {logging_mixin.py:115} INFO - [2023-02-04 02:01:07,486] {dag.py:2420} INFO - Sync 1 DAGs
[2023-02-04 02:01:07,519] {logging_mixin.py:115} INFO - [2023-02-04 02:01:07,519] {dag.py:2968} INFO - Setting next_dagrun for example_nested_branch_dag to 2023-02-03T00:00:00+00:00, run_after=2023-02-04T00:00:00+00:00
[2023-02-04 02:01:07,539] {processor.py:161} INFO - Processing /home/milo/13-airflow/airflowhome/airflowenv/lib/python3.9/site-packages/airflow/example_dags/example_nested_branch_dag.py took 0.106 seconds
[2023-02-04 02:01:42,132] {processor.py:153} INFO - Started process (PID=7253) to work on /home/milo/13-airflow/airflowhome/airflowenv/lib/python3.9/site-packages/airflow/example_dags/example_nested_branch_dag.py
[2023-02-04 02:01:42,134] {processor.py:641} INFO - Processing file /home/milo/13-airflow/airflowhome/airflowenv/lib/python3.9/site-packages/airflow/example_dags/example_nested_branch_dag.py for tasks to queue
[2023-02-04 02:01:42,134] {logging_mixin.py:115} INFO - [2023-02-04 02:01:42,134] {dagbag.py:508} INFO - Filling up the DagBag from /home/milo/13-airflow/airflowhome/airflowenv/lib/python3.9/site-packages/airflow/example_dags/example_nested_branch_dag.py
[2023-02-04 02:01:42,152] {processor.py:651} INFO - DAG(s) dict_keys(['example_nested_branch_dag']) retrieved from /home/milo/13-airflow/airflowhome/airflowenv/lib/python3.9/site-packages/airflow/example_dags/example_nested_branch_dag.py
[2023-02-04 02:01:42,177] {logging_mixin.py:115} INFO - [2023-02-04 02:01:42,177] {dag.py:2420} INFO - Sync 1 DAGs
[2023-02-04 02:01:42,209] {logging_mixin.py:115} INFO - [2023-02-04 02:01:42,208] {dag.py:2968} INFO - Setting next_dagrun for example_nested_branch_dag to 2023-02-03T00:00:00+00:00, run_after=2023-02-04T00:00:00+00:00
[2023-02-04 02:01:42,234] {processor.py:161} INFO - Processing /home/milo/13-airflow/airflowhome/airflowenv/lib/python3.9/site-packages/airflow/example_dags/example_nested_branch_dag.py took 0.108 seconds
[2023-02-04 02:02:16,765] {processor.py:153} INFO - Started process (PID=7288) to work on /home/milo/13-airflow/airflowhome/airflowenv/lib/python3.9/site-packages/airflow/example_dags/example_nested_branch_dag.py
[2023-02-04 02:02:16,768] {processor.py:641} INFO - Processing file /home/milo/13-airflow/airflowhome/airflowenv/lib/python3.9/site-packages/airflow/example_dags/example_nested_branch_dag.py for tasks to queue
[2023-02-04 02:02:16,769] {logging_mixin.py:115} INFO - [2023-02-04 02:02:16,769] {dagbag.py:508} INFO - Filling up the DagBag from /home/milo/13-airflow/airflowhome/airflowenv/lib/python3.9/site-packages/airflow/example_dags/example_nested_branch_dag.py
[2023-02-04 02:02:16,796] {processor.py:651} INFO - DAG(s) dict_keys(['example_nested_branch_dag']) retrieved from /home/milo/13-airflow/airflowhome/airflowenv/lib/python3.9/site-packages/airflow/example_dags/example_nested_branch_dag.py
[2023-02-04 02:02:16,823] {logging_mixin.py:115} INFO - [2023-02-04 02:02:16,823] {dag.py:2420} INFO - Sync 1 DAGs
[2023-02-04 02:02:16,853] {logging_mixin.py:115} INFO - [2023-02-04 02:02:16,853] {dag.py:2968} INFO - Setting next_dagrun for example_nested_branch_dag to 2023-02-03T00:00:00+00:00, run_after=2023-02-04T00:00:00+00:00
[2023-02-04 02:02:16,872] {processor.py:161} INFO - Processing /home/milo/13-airflow/airflowhome/airflowenv/lib/python3.9/site-packages/airflow/example_dags/example_nested_branch_dag.py took 0.111 seconds
[2023-02-04 02:02:52,484] {processor.py:153} INFO - Started process (PID=7324) to work on /home/milo/13-airflow/airflowhome/airflowenv/lib/python3.9/site-packages/airflow/example_dags/example_nested_branch_dag.py
[2023-02-04 02:02:52,486] {processor.py:641} INFO - Processing file /home/milo/13-airflow/airflowhome/airflowenv/lib/python3.9/site-packages/airflow/example_dags/example_nested_branch_dag.py for tasks to queue
[2023-02-04 02:02:52,486] {logging_mixin.py:115} INFO - [2023-02-04 02:02:52,486] {dagbag.py:508} INFO - Filling up the DagBag from /home/milo/13-airflow/airflowhome/airflowenv/lib/python3.9/site-packages/airflow/example_dags/example_nested_branch_dag.py
[2023-02-04 02:02:52,504] {processor.py:651} INFO - DAG(s) dict_keys(['example_nested_branch_dag']) retrieved from /home/milo/13-airflow/airflowhome/airflowenv/lib/python3.9/site-packages/airflow/example_dags/example_nested_branch_dag.py
[2023-02-04 02:02:52,530] {logging_mixin.py:115} INFO - [2023-02-04 02:02:52,530] {dag.py:2420} INFO - Sync 1 DAGs
[2023-02-04 02:02:52,561] {logging_mixin.py:115} INFO - [2023-02-04 02:02:52,561] {dag.py:2968} INFO - Setting next_dagrun for example_nested_branch_dag to 2023-02-03T00:00:00+00:00, run_after=2023-02-04T00:00:00+00:00
[2023-02-04 02:02:52,581] {processor.py:161} INFO - Processing /home/milo/13-airflow/airflowhome/airflowenv/lib/python3.9/site-packages/airflow/example_dags/example_nested_branch_dag.py took 0.106 seconds
[2023-02-04 02:03:27,842] {processor.py:153} INFO - Started process (PID=7359) to work on /home/milo/13-airflow/airflowhome/airflowenv/lib/python3.9/site-packages/airflow/example_dags/example_nested_branch_dag.py
[2023-02-04 02:03:27,844] {processor.py:641} INFO - Processing file /home/milo/13-airflow/airflowhome/airflowenv/lib/python3.9/site-packages/airflow/example_dags/example_nested_branch_dag.py for tasks to queue
[2023-02-04 02:03:27,845] {logging_mixin.py:115} INFO - [2023-02-04 02:03:27,844] {dagbag.py:508} INFO - Filling up the DagBag from /home/milo/13-airflow/airflowhome/airflowenv/lib/python3.9/site-packages/airflow/example_dags/example_nested_branch_dag.py
[2023-02-04 02:03:27,865] {processor.py:651} INFO - DAG(s) dict_keys(['example_nested_branch_dag']) retrieved from /home/milo/13-airflow/airflowhome/airflowenv/lib/python3.9/site-packages/airflow/example_dags/example_nested_branch_dag.py
[2023-02-04 02:03:27,892] {logging_mixin.py:115} INFO - [2023-02-04 02:03:27,892] {dag.py:2420} INFO - Sync 1 DAGs
[2023-02-04 02:03:27,923] {logging_mixin.py:115} INFO - [2023-02-04 02:03:27,923] {dag.py:2968} INFO - Setting next_dagrun for example_nested_branch_dag to 2023-02-03T00:00:00+00:00, run_after=2023-02-04T00:00:00+00:00
[2023-02-04 02:03:27,943] {processor.py:161} INFO - Processing /home/milo/13-airflow/airflowhome/airflowenv/lib/python3.9/site-packages/airflow/example_dags/example_nested_branch_dag.py took 0.107 seconds
[2023-02-04 02:04:02,418] {processor.py:153} INFO - Started process (PID=7394) to work on /home/milo/13-airflow/airflowhome/airflowenv/lib/python3.9/site-packages/airflow/example_dags/example_nested_branch_dag.py
[2023-02-04 02:04:02,420] {processor.py:641} INFO - Processing file /home/milo/13-airflow/airflowhome/airflowenv/lib/python3.9/site-packages/airflow/example_dags/example_nested_branch_dag.py for tasks to queue
[2023-02-04 02:04:02,421] {logging_mixin.py:115} INFO - [2023-02-04 02:04:02,421] {dagbag.py:508} INFO - Filling up the DagBag from /home/milo/13-airflow/airflowhome/airflowenv/lib/python3.9/site-packages/airflow/example_dags/example_nested_branch_dag.py
[2023-02-04 02:04:02,440] {processor.py:651} INFO - DAG(s) dict_keys(['example_nested_branch_dag']) retrieved from /home/milo/13-airflow/airflowhome/airflowenv/lib/python3.9/site-packages/airflow/example_dags/example_nested_branch_dag.py
[2023-02-04 02:04:02,467] {logging_mixin.py:115} INFO - [2023-02-04 02:04:02,467] {dag.py:2420} INFO - Sync 1 DAGs
[2023-02-04 02:04:02,499] {logging_mixin.py:115} INFO - [2023-02-04 02:04:02,498] {dag.py:2968} INFO - Setting next_dagrun for example_nested_branch_dag to 2023-02-03T00:00:00+00:00, run_after=2023-02-04T00:00:00+00:00
[2023-02-04 02:04:02,621] {processor.py:161} INFO - Processing /home/milo/13-airflow/airflowhome/airflowenv/lib/python3.9/site-packages/airflow/example_dags/example_nested_branch_dag.py took 0.208 seconds
[2023-02-04 02:04:41,686] {processor.py:153} INFO - Started process (PID=7431) to work on /home/milo/13-airflow/airflowhome/airflowenv/lib/python3.9/site-packages/airflow/example_dags/example_nested_branch_dag.py
[2023-02-04 02:04:41,688] {processor.py:641} INFO - Processing file /home/milo/13-airflow/airflowhome/airflowenv/lib/python3.9/site-packages/airflow/example_dags/example_nested_branch_dag.py for tasks to queue
[2023-02-04 02:04:41,689] {logging_mixin.py:115} INFO - [2023-02-04 02:04:41,689] {dagbag.py:508} INFO - Filling up the DagBag from /home/milo/13-airflow/airflowhome/airflowenv/lib/python3.9/site-packages/airflow/example_dags/example_nested_branch_dag.py
[2023-02-04 02:04:41,707] {processor.py:651} INFO - DAG(s) dict_keys(['example_nested_branch_dag']) retrieved from /home/milo/13-airflow/airflowhome/airflowenv/lib/python3.9/site-packages/airflow/example_dags/example_nested_branch_dag.py
[2023-02-04 02:04:41,734] {logging_mixin.py:115} INFO - [2023-02-04 02:04:41,734] {dag.py:2420} INFO - Sync 1 DAGs
[2023-02-04 02:04:41,766] {logging_mixin.py:115} INFO - [2023-02-04 02:04:41,766] {dag.py:2968} INFO - Setting next_dagrun for example_nested_branch_dag to 2023-02-03T00:00:00+00:00, run_after=2023-02-04T00:00:00+00:00
[2023-02-04 02:04:41,787] {processor.py:161} INFO - Processing /home/milo/13-airflow/airflowhome/airflowenv/lib/python3.9/site-packages/airflow/example_dags/example_nested_branch_dag.py took 0.106 seconds
[2023-02-04 02:05:17,647] {processor.py:153} INFO - Started process (PID=7469) to work on /home/milo/13-airflow/airflowhome/airflowenv/lib/python3.9/site-packages/airflow/example_dags/example_nested_branch_dag.py
[2023-02-04 02:05:17,656] {processor.py:641} INFO - Processing file /home/milo/13-airflow/airflowhome/airflowenv/lib/python3.9/site-packages/airflow/example_dags/example_nested_branch_dag.py for tasks to queue
[2023-02-04 02:05:17,657] {logging_mixin.py:115} INFO - [2023-02-04 02:05:17,657] {dagbag.py:508} INFO - Filling up the DagBag from /home/milo/13-airflow/airflowhome/airflowenv/lib/python3.9/site-packages/airflow/example_dags/example_nested_branch_dag.py
[2023-02-04 02:05:17,675] {processor.py:651} INFO - DAG(s) dict_keys(['example_nested_branch_dag']) retrieved from /home/milo/13-airflow/airflowhome/airflowenv/lib/python3.9/site-packages/airflow/example_dags/example_nested_branch_dag.py
[2023-02-04 02:05:17,703] {logging_mixin.py:115} INFO - [2023-02-04 02:05:17,703] {dag.py:2420} INFO - Sync 1 DAGs
[2023-02-04 02:05:17,736] {logging_mixin.py:115} INFO - [2023-02-04 02:05:17,736] {dag.py:2968} INFO - Setting next_dagrun for example_nested_branch_dag to 2023-02-03T00:00:00+00:00, run_after=2023-02-04T00:00:00+00:00
[2023-02-04 02:05:17,756] {processor.py:161} INFO - Processing /home/milo/13-airflow/airflowhome/airflowenv/lib/python3.9/site-packages/airflow/example_dags/example_nested_branch_dag.py took 0.114 seconds
[2023-02-04 02:05:52,006] {processor.py:153} INFO - Started process (PID=7503) to work on /home/milo/13-airflow/airflowhome/airflowenv/lib/python3.9/site-packages/airflow/example_dags/example_nested_branch_dag.py
[2023-02-04 02:05:52,008] {processor.py:641} INFO - Processing file /home/milo/13-airflow/airflowhome/airflowenv/lib/python3.9/site-packages/airflow/example_dags/example_nested_branch_dag.py for tasks to queue
[2023-02-04 02:05:52,009] {logging_mixin.py:115} INFO - [2023-02-04 02:05:52,009] {dagbag.py:508} INFO - Filling up the DagBag from /home/milo/13-airflow/airflowhome/airflowenv/lib/python3.9/site-packages/airflow/example_dags/example_nested_branch_dag.py
[2023-02-04 02:05:52,026] {processor.py:651} INFO - DAG(s) dict_keys(['example_nested_branch_dag']) retrieved from /home/milo/13-airflow/airflowhome/airflowenv/lib/python3.9/site-packages/airflow/example_dags/example_nested_branch_dag.py
[2023-02-04 02:05:52,052] {logging_mixin.py:115} INFO - [2023-02-04 02:05:52,052] {dag.py:2420} INFO - Sync 1 DAGs
[2023-02-04 02:05:52,083] {logging_mixin.py:115} INFO - [2023-02-04 02:05:52,083] {dag.py:2968} INFO - Setting next_dagrun for example_nested_branch_dag to 2023-02-03T00:00:00+00:00, run_after=2023-02-04T00:00:00+00:00
[2023-02-04 02:05:52,103] {processor.py:161} INFO - Processing /home/milo/13-airflow/airflowhome/airflowenv/lib/python3.9/site-packages/airflow/example_dags/example_nested_branch_dag.py took 0.101 seconds
[2023-02-04 02:06:29,169] {processor.py:153} INFO - Started process (PID=7539) to work on /home/milo/13-airflow/airflowhome/airflowenv/lib/python3.9/site-packages/airflow/example_dags/example_nested_branch_dag.py
[2023-02-04 02:06:29,180] {processor.py:641} INFO - Processing file /home/milo/13-airflow/airflowhome/airflowenv/lib/python3.9/site-packages/airflow/example_dags/example_nested_branch_dag.py for tasks to queue
[2023-02-04 02:06:29,180] {logging_mixin.py:115} INFO - [2023-02-04 02:06:29,180] {dagbag.py:508} INFO - Filling up the DagBag from /home/milo/13-airflow/airflowhome/airflowenv/lib/python3.9/site-packages/airflow/example_dags/example_nested_branch_dag.py
[2023-02-04 02:06:29,201] {processor.py:651} INFO - DAG(s) dict_keys(['example_nested_branch_dag']) retrieved from /home/milo/13-airflow/airflowhome/airflowenv/lib/python3.9/site-packages/airflow/example_dags/example_nested_branch_dag.py
[2023-02-04 02:06:29,247] {logging_mixin.py:115} INFO - [2023-02-04 02:06:29,247] {dag.py:2420} INFO - Sync 1 DAGs
[2023-02-04 02:06:29,294] {logging_mixin.py:115} INFO - [2023-02-04 02:06:29,294] {dag.py:2968} INFO - Setting next_dagrun for example_nested_branch_dag to 2023-02-03T00:00:00+00:00, run_after=2023-02-04T00:00:00+00:00
[2023-02-04 02:06:29,324] {processor.py:161} INFO - Processing /home/milo/13-airflow/airflowhome/airflowenv/lib/python3.9/site-packages/airflow/example_dags/example_nested_branch_dag.py took 0.161 seconds
[2023-02-04 02:07:07,465] {processor.py:153} INFO - Started process (PID=7575) to work on /home/milo/13-airflow/airflowhome/airflowenv/lib/python3.9/site-packages/airflow/example_dags/example_nested_branch_dag.py
[2023-02-04 02:07:07,467] {processor.py:641} INFO - Processing file /home/milo/13-airflow/airflowhome/airflowenv/lib/python3.9/site-packages/airflow/example_dags/example_nested_branch_dag.py for tasks to queue
[2023-02-04 02:07:07,468] {logging_mixin.py:115} INFO - [2023-02-04 02:07:07,468] {dagbag.py:508} INFO - Filling up the DagBag from /home/milo/13-airflow/airflowhome/airflowenv/lib/python3.9/site-packages/airflow/example_dags/example_nested_branch_dag.py
[2023-02-04 02:07:07,492] {processor.py:651} INFO - DAG(s) dict_keys(['example_nested_branch_dag']) retrieved from /home/milo/13-airflow/airflowhome/airflowenv/lib/python3.9/site-packages/airflow/example_dags/example_nested_branch_dag.py
[2023-02-04 02:07:07,518] {logging_mixin.py:115} INFO - [2023-02-04 02:07:07,518] {dag.py:2420} INFO - Sync 1 DAGs
[2023-02-04 02:07:07,548] {logging_mixin.py:115} INFO - [2023-02-04 02:07:07,548] {dag.py:2968} INFO - Setting next_dagrun for example_nested_branch_dag to 2023-02-03T00:00:00+00:00, run_after=2023-02-04T00:00:00+00:00
[2023-02-04 02:07:07,569] {processor.py:161} INFO - Processing /home/milo/13-airflow/airflowhome/airflowenv/lib/python3.9/site-packages/airflow/example_dags/example_nested_branch_dag.py took 0.109 seconds
[2023-02-04 02:07:41,725] {processor.py:153} INFO - Started process (PID=7609) to work on /home/milo/13-airflow/airflowhome/airflowenv/lib/python3.9/site-packages/airflow/example_dags/example_nested_branch_dag.py
[2023-02-04 02:07:41,725] {processor.py:641} INFO - Processing file /home/milo/13-airflow/airflowhome/airflowenv/lib/python3.9/site-packages/airflow/example_dags/example_nested_branch_dag.py for tasks to queue
[2023-02-04 02:07:41,726] {logging_mixin.py:115} INFO - [2023-02-04 02:07:41,726] {dagbag.py:508} INFO - Filling up the DagBag from /home/milo/13-airflow/airflowhome/airflowenv/lib/python3.9/site-packages/airflow/example_dags/example_nested_branch_dag.py
[2023-02-04 02:07:41,744] {processor.py:651} INFO - DAG(s) dict_keys(['example_nested_branch_dag']) retrieved from /home/milo/13-airflow/airflowhome/airflowenv/lib/python3.9/site-packages/airflow/example_dags/example_nested_branch_dag.py
[2023-02-04 02:07:41,777] {logging_mixin.py:115} INFO - [2023-02-04 02:07:41,777] {dag.py:2420} INFO - Sync 1 DAGs
[2023-02-04 02:07:41,812] {logging_mixin.py:115} INFO - [2023-02-04 02:07:41,812] {dag.py:2968} INFO - Setting next_dagrun for example_nested_branch_dag to 2023-02-03T00:00:00+00:00, run_after=2023-02-04T00:00:00+00:00
[2023-02-04 02:07:41,851] {processor.py:161} INFO - Processing /home/milo/13-airflow/airflowhome/airflowenv/lib/python3.9/site-packages/airflow/example_dags/example_nested_branch_dag.py took 0.131 seconds
[2023-02-04 02:08:18,486] {processor.py:153} INFO - Started process (PID=7645) to work on /home/milo/13-airflow/airflowhome/airflowenv/lib/python3.9/site-packages/airflow/example_dags/example_nested_branch_dag.py
[2023-02-04 02:08:18,488] {processor.py:641} INFO - Processing file /home/milo/13-airflow/airflowhome/airflowenv/lib/python3.9/site-packages/airflow/example_dags/example_nested_branch_dag.py for tasks to queue
[2023-02-04 02:08:18,488] {logging_mixin.py:115} INFO - [2023-02-04 02:08:18,488] {dagbag.py:508} INFO - Filling up the DagBag from /home/milo/13-airflow/airflowhome/airflowenv/lib/python3.9/site-packages/airflow/example_dags/example_nested_branch_dag.py
[2023-02-04 02:08:18,506] {processor.py:651} INFO - DAG(s) dict_keys(['example_nested_branch_dag']) retrieved from /home/milo/13-airflow/airflowhome/airflowenv/lib/python3.9/site-packages/airflow/example_dags/example_nested_branch_dag.py
[2023-02-04 02:08:18,533] {logging_mixin.py:115} INFO - [2023-02-04 02:08:18,532] {dag.py:2420} INFO - Sync 1 DAGs
[2023-02-04 02:08:18,562] {logging_mixin.py:115} INFO - [2023-02-04 02:08:18,562] {dag.py:2968} INFO - Setting next_dagrun for example_nested_branch_dag to 2023-02-03T00:00:00+00:00, run_after=2023-02-04T00:00:00+00:00
[2023-02-04 02:08:18,582] {processor.py:161} INFO - Processing /home/milo/13-airflow/airflowhome/airflowenv/lib/python3.9/site-packages/airflow/example_dags/example_nested_branch_dag.py took 0.101 seconds
[2023-02-04 02:08:55,101] {processor.py:153} INFO - Started process (PID=7680) to work on /home/milo/13-airflow/airflowhome/airflowenv/lib/python3.9/site-packages/airflow/example_dags/example_nested_branch_dag.py
[2023-02-04 02:08:55,103] {processor.py:641} INFO - Processing file /home/milo/13-airflow/airflowhome/airflowenv/lib/python3.9/site-packages/airflow/example_dags/example_nested_branch_dag.py for tasks to queue
[2023-02-04 02:08:55,104] {logging_mixin.py:115} INFO - [2023-02-04 02:08:55,104] {dagbag.py:508} INFO - Filling up the DagBag from /home/milo/13-airflow/airflowhome/airflowenv/lib/python3.9/site-packages/airflow/example_dags/example_nested_branch_dag.py
[2023-02-04 02:08:55,124] {processor.py:651} INFO - DAG(s) dict_keys(['example_nested_branch_dag']) retrieved from /home/milo/13-airflow/airflowhome/airflowenv/lib/python3.9/site-packages/airflow/example_dags/example_nested_branch_dag.py
[2023-02-04 02:08:55,150] {logging_mixin.py:115} INFO - [2023-02-04 02:08:55,150] {dag.py:2420} INFO - Sync 1 DAGs
[2023-02-04 02:08:55,182] {logging_mixin.py:115} INFO - [2023-02-04 02:08:55,182] {dag.py:2968} INFO - Setting next_dagrun for example_nested_branch_dag to 2023-02-03T00:00:00+00:00, run_after=2023-02-04T00:00:00+00:00
[2023-02-04 02:08:55,203] {processor.py:161} INFO - Processing /home/milo/13-airflow/airflowhome/airflowenv/lib/python3.9/site-packages/airflow/example_dags/example_nested_branch_dag.py took 0.107 seconds
[2023-02-04 02:22:09,735] {processor.py:153} INFO - Started process (PID=7895) to work on /home/milo/13-airflow/airflowhome/airflowenv/lib/python3.9/site-packages/airflow/example_dags/example_nested_branch_dag.py
[2023-02-04 02:22:09,736] {processor.py:641} INFO - Processing file /home/milo/13-airflow/airflowhome/airflowenv/lib/python3.9/site-packages/airflow/example_dags/example_nested_branch_dag.py for tasks to queue
[2023-02-04 02:22:09,738] {logging_mixin.py:115} INFO - [2023-02-04 02:22:09,738] {dagbag.py:508} INFO - Filling up the DagBag from /home/milo/13-airflow/airflowhome/airflowenv/lib/python3.9/site-packages/airflow/example_dags/example_nested_branch_dag.py
[2023-02-04 02:22:09,755] {processor.py:651} INFO - DAG(s) dict_keys(['example_nested_branch_dag']) retrieved from /home/milo/13-airflow/airflowhome/airflowenv/lib/python3.9/site-packages/airflow/example_dags/example_nested_branch_dag.py
[2023-02-04 02:22:09,782] {logging_mixin.py:115} INFO - [2023-02-04 02:22:09,782] {dag.py:2420} INFO - Sync 1 DAGs
[2023-02-04 02:22:09,813] {logging_mixin.py:115} INFO - [2023-02-04 02:22:09,813] {dag.py:2968} INFO - Setting next_dagrun for example_nested_branch_dag to 2023-02-03T00:00:00+00:00, run_after=2023-02-04T00:00:00+00:00
[2023-02-04 02:22:09,832] {processor.py:161} INFO - Processing /home/milo/13-airflow/airflowhome/airflowenv/lib/python3.9/site-packages/airflow/example_dags/example_nested_branch_dag.py took 0.103 seconds
