[2023-02-04 01:53:32,695] {processor.py:153} INFO - Started process (PID=6615) to work on /home/milo/13-airflow/airflowhome/airflowenv/lib/python3.9/site-packages/airflow/example_dags/example_task_group_decorator.py
[2023-02-04 01:53:32,695] {processor.py:641} INFO - Processing file /home/milo/13-airflow/airflowhome/airflowenv/lib/python3.9/site-packages/airflow/example_dags/example_task_group_decorator.py for tasks to queue
[2023-02-04 01:53:32,696] {logging_mixin.py:115} INFO - [2023-02-04 01:53:32,696] {dagbag.py:508} INFO - Filling up the DagBag from /home/milo/13-airflow/airflowhome/airflowenv/lib/python3.9/site-packages/airflow/example_dags/example_task_group_decorator.py
[2023-02-04 01:53:32,739] {processor.py:651} INFO - DAG(s) dict_keys(['example_task_group_decorator']) retrieved from /home/milo/13-airflow/airflowhome/airflowenv/lib/python3.9/site-packages/airflow/example_dags/example_task_group_decorator.py
[2023-02-04 01:53:32,844] {logging_mixin.py:115} INFO - [2023-02-04 01:53:32,844] {manager.py:508} INFO - Created Permission View: can read on DAG:example_task_group_decorator
[2023-02-04 01:53:32,858] {logging_mixin.py:115} INFO - [2023-02-04 01:53:32,858] {manager.py:508} INFO - Created Permission View: can edit on DAG:example_task_group_decorator
[2023-02-04 01:53:32,870] {logging_mixin.py:115} INFO - [2023-02-04 01:53:32,870] {manager.py:508} INFO - Created Permission View: can delete on DAG:example_task_group_decorator
[2023-02-04 01:53:32,871] {logging_mixin.py:115} INFO - [2023-02-04 01:53:32,871] {dag.py:2420} INFO - Sync 1 DAGs
[2023-02-04 01:53:32,884] {logging_mixin.py:115} INFO - [2023-02-04 01:53:32,883] {dag.py:2439} INFO - Creating ORM DAG for example_task_group_decorator
[2023-02-04 01:53:32,899] {logging_mixin.py:115} INFO - [2023-02-04 01:53:32,898] {dag.py:2968} INFO - Setting next_dagrun for example_task_group_decorator to 2023-02-03T06:53:32.898483+00:00, run_after=2023-02-04T06:53:32.898483+00:00
[2023-02-04 01:53:32,922] {processor.py:161} INFO - Processing /home/milo/13-airflow/airflowhome/airflowenv/lib/python3.9/site-packages/airflow/example_dags/example_task_group_decorator.py took 0.232 seconds
[2023-02-04 01:54:18,295] {processor.py:153} INFO - Started process (PID=6654) to work on /home/milo/13-airflow/airflowhome/airflowenv/lib/python3.9/site-packages/airflow/example_dags/example_task_group_decorator.py
[2023-02-04 01:54:18,297] {processor.py:641} INFO - Processing file /home/milo/13-airflow/airflowhome/airflowenv/lib/python3.9/site-packages/airflow/example_dags/example_task_group_decorator.py for tasks to queue
[2023-02-04 01:54:18,298] {logging_mixin.py:115} INFO - [2023-02-04 01:54:18,298] {dagbag.py:508} INFO - Filling up the DagBag from /home/milo/13-airflow/airflowhome/airflowenv/lib/python3.9/site-packages/airflow/example_dags/example_task_group_decorator.py
[2023-02-04 01:54:18,340] {processor.py:651} INFO - DAG(s) dict_keys(['example_task_group_decorator']) retrieved from /home/milo/13-airflow/airflowhome/airflowenv/lib/python3.9/site-packages/airflow/example_dags/example_task_group_decorator.py
[2023-02-04 01:54:18,417] {logging_mixin.py:115} INFO - [2023-02-04 01:54:18,417] {dag.py:2420} INFO - Sync 1 DAGs
[2023-02-04 01:54:18,444] {logging_mixin.py:115} INFO - [2023-02-04 01:54:18,444] {dag.py:2968} INFO - Setting next_dagrun for example_task_group_decorator to 2023-02-03T06:54:18.444307+00:00, run_after=2023-02-04T06:54:18.444307+00:00
[2023-02-04 01:54:20,339] {processor.py:161} INFO - Processing /home/milo/13-airflow/airflowhome/airflowenv/lib/python3.9/site-packages/airflow/example_dags/example_task_group_decorator.py took 2.048 seconds
[2023-02-04 01:55:01,249] {processor.py:153} INFO - Started process (PID=6696) to work on /home/milo/13-airflow/airflowhome/airflowenv/lib/python3.9/site-packages/airflow/example_dags/example_task_group_decorator.py
[2023-02-04 01:55:01,251] {processor.py:641} INFO - Processing file /home/milo/13-airflow/airflowhome/airflowenv/lib/python3.9/site-packages/airflow/example_dags/example_task_group_decorator.py for tasks to queue
[2023-02-04 01:55:01,252] {logging_mixin.py:115} INFO - [2023-02-04 01:55:01,251] {dagbag.py:508} INFO - Filling up the DagBag from /home/milo/13-airflow/airflowhome/airflowenv/lib/python3.9/site-packages/airflow/example_dags/example_task_group_decorator.py
[2023-02-04 01:55:01,298] {processor.py:651} INFO - DAG(s) dict_keys(['example_task_group_decorator']) retrieved from /home/milo/13-airflow/airflowhome/airflowenv/lib/python3.9/site-packages/airflow/example_dags/example_task_group_decorator.py
[2023-02-04 01:55:01,400] {logging_mixin.py:115} INFO - [2023-02-04 01:55:01,400] {dag.py:2420} INFO - Sync 1 DAGs
[2023-02-04 01:55:01,443] {logging_mixin.py:115} INFO - [2023-02-04 01:55:01,443] {dag.py:2968} INFO - Setting next_dagrun for example_task_group_decorator to 2023-02-03T06:55:01.442633+00:00, run_after=2023-02-04T06:55:01.442633+00:00
[2023-02-04 01:55:01,470] {processor.py:161} INFO - Processing /home/milo/13-airflow/airflowhome/airflowenv/lib/python3.9/site-packages/airflow/example_dags/example_task_group_decorator.py took 0.227 seconds
[2023-02-04 01:56:09,595] {processor.py:153} INFO - Started process (PID=6741) to work on /home/milo/13-airflow/airflowhome/airflowenv/lib/python3.9/site-packages/airflow/example_dags/example_task_group_decorator.py
[2023-02-04 01:56:09,597] {processor.py:641} INFO - Processing file /home/milo/13-airflow/airflowhome/airflowenv/lib/python3.9/site-packages/airflow/example_dags/example_task_group_decorator.py for tasks to queue
[2023-02-04 01:56:09,598] {logging_mixin.py:115} INFO - [2023-02-04 01:56:09,598] {dagbag.py:508} INFO - Filling up the DagBag from /home/milo/13-airflow/airflowhome/airflowenv/lib/python3.9/site-packages/airflow/example_dags/example_task_group_decorator.py
[2023-02-04 01:56:09,640] {processor.py:651} INFO - DAG(s) dict_keys(['example_task_group_decorator']) retrieved from /home/milo/13-airflow/airflowhome/airflowenv/lib/python3.9/site-packages/airflow/example_dags/example_task_group_decorator.py
[2023-02-04 01:56:09,716] {logging_mixin.py:115} INFO - [2023-02-04 01:56:09,716] {dag.py:2420} INFO - Sync 1 DAGs
[2023-02-04 01:56:09,742] {logging_mixin.py:115} INFO - [2023-02-04 01:56:09,742] {dag.py:2968} INFO - Setting next_dagrun for example_task_group_decorator to 2023-02-03T06:56:09.741743+00:00, run_after=2023-02-04T06:56:09.741743+00:00
[2023-02-04 01:56:09,765] {processor.py:161} INFO - Processing /home/milo/13-airflow/airflowhome/airflowenv/lib/python3.9/site-packages/airflow/example_dags/example_task_group_decorator.py took 0.174 seconds
[2023-02-04 01:57:00,110] {processor.py:153} INFO - Started process (PID=6779) to work on /home/milo/13-airflow/airflowhome/airflowenv/lib/python3.9/site-packages/airflow/example_dags/example_task_group_decorator.py
[2023-02-04 01:57:00,112] {processor.py:641} INFO - Processing file /home/milo/13-airflow/airflowhome/airflowenv/lib/python3.9/site-packages/airflow/example_dags/example_task_group_decorator.py for tasks to queue
[2023-02-04 01:57:00,113] {logging_mixin.py:115} INFO - [2023-02-04 01:57:00,112] {dagbag.py:508} INFO - Filling up the DagBag from /home/milo/13-airflow/airflowhome/airflowenv/lib/python3.9/site-packages/airflow/example_dags/example_task_group_decorator.py
[2023-02-04 01:57:00,154] {processor.py:651} INFO - DAG(s) dict_keys(['example_task_group_decorator']) retrieved from /home/milo/13-airflow/airflowhome/airflowenv/lib/python3.9/site-packages/airflow/example_dags/example_task_group_decorator.py
[2023-02-04 01:57:00,234] {logging_mixin.py:115} INFO - [2023-02-04 01:57:00,234] {dag.py:2420} INFO - Sync 1 DAGs
[2023-02-04 01:57:00,262] {logging_mixin.py:115} INFO - [2023-02-04 01:57:00,262] {dag.py:2968} INFO - Setting next_dagrun for example_task_group_decorator to 2023-02-03T06:57:00.262173+00:00, run_after=2023-02-04T06:57:00.262173+00:00
[2023-02-04 01:57:00,967] {processor.py:161} INFO - Processing /home/milo/13-airflow/airflowhome/airflowenv/lib/python3.9/site-packages/airflow/example_dags/example_task_group_decorator.py took 0.862 seconds
[2023-02-04 01:57:37,023] {processor.py:153} INFO - Started process (PID=6813) to work on /home/milo/13-airflow/airflowhome/airflowenv/lib/python3.9/site-packages/airflow/example_dags/example_task_group_decorator.py
[2023-02-04 01:57:37,025] {processor.py:641} INFO - Processing file /home/milo/13-airflow/airflowhome/airflowenv/lib/python3.9/site-packages/airflow/example_dags/example_task_group_decorator.py for tasks to queue
[2023-02-04 01:57:37,026] {logging_mixin.py:115} INFO - [2023-02-04 01:57:37,026] {dagbag.py:508} INFO - Filling up the DagBag from /home/milo/13-airflow/airflowhome/airflowenv/lib/python3.9/site-packages/airflow/example_dags/example_task_group_decorator.py
[2023-02-04 01:57:37,069] {processor.py:651} INFO - DAG(s) dict_keys(['example_task_group_decorator']) retrieved from /home/milo/13-airflow/airflowhome/airflowenv/lib/python3.9/site-packages/airflow/example_dags/example_task_group_decorator.py
[2023-02-04 01:57:37,143] {logging_mixin.py:115} INFO - [2023-02-04 01:57:37,143] {dag.py:2420} INFO - Sync 1 DAGs
[2023-02-04 01:57:37,179] {logging_mixin.py:115} INFO - [2023-02-04 01:57:37,179] {dag.py:2968} INFO - Setting next_dagrun for example_task_group_decorator to 2023-02-03T06:57:37.171009+00:00, run_after=2023-02-04T06:57:37.171009+00:00
[2023-02-04 01:57:37,202] {processor.py:161} INFO - Processing /home/milo/13-airflow/airflowhome/airflowenv/lib/python3.9/site-packages/airflow/example_dags/example_task_group_decorator.py took 0.184 seconds
[2023-02-04 01:58:12,951] {processor.py:153} INFO - Started process (PID=7036) to work on /home/milo/13-airflow/airflowhome/airflowenv/lib/python3.9/site-packages/airflow/example_dags/example_task_group_decorator.py
[2023-02-04 01:58:12,952] {processor.py:641} INFO - Processing file /home/milo/13-airflow/airflowhome/airflowenv/lib/python3.9/site-packages/airflow/example_dags/example_task_group_decorator.py for tasks to queue
[2023-02-04 01:58:12,953] {logging_mixin.py:115} INFO - [2023-02-04 01:58:12,953] {dagbag.py:508} INFO - Filling up the DagBag from /home/milo/13-airflow/airflowhome/airflowenv/lib/python3.9/site-packages/airflow/example_dags/example_task_group_decorator.py
[2023-02-04 01:58:12,995] {processor.py:651} INFO - DAG(s) dict_keys(['example_task_group_decorator']) retrieved from /home/milo/13-airflow/airflowhome/airflowenv/lib/python3.9/site-packages/airflow/example_dags/example_task_group_decorator.py
[2023-02-04 01:58:13,069] {logging_mixin.py:115} INFO - [2023-02-04 01:58:13,069] {dag.py:2420} INFO - Sync 1 DAGs
[2023-02-04 01:58:13,093] {logging_mixin.py:115} INFO - [2023-02-04 01:58:13,093] {dag.py:2968} INFO - Setting next_dagrun for example_task_group_decorator to 2023-02-03T06:58:13.093266+00:00, run_after=2023-02-04T06:58:13.093266+00:00
[2023-02-04 01:58:13,114] {processor.py:161} INFO - Processing /home/milo/13-airflow/airflowhome/airflowenv/lib/python3.9/site-packages/airflow/example_dags/example_task_group_decorator.py took 0.169 seconds
[2023-02-04 01:58:49,446] {processor.py:153} INFO - Started process (PID=7078) to work on /home/milo/13-airflow/airflowhome/airflowenv/lib/python3.9/site-packages/airflow/example_dags/example_task_group_decorator.py
[2023-02-04 01:58:49,448] {processor.py:641} INFO - Processing file /home/milo/13-airflow/airflowhome/airflowenv/lib/python3.9/site-packages/airflow/example_dags/example_task_group_decorator.py for tasks to queue
[2023-02-04 01:58:49,448] {logging_mixin.py:115} INFO - [2023-02-04 01:58:49,448] {dagbag.py:508} INFO - Filling up the DagBag from /home/milo/13-airflow/airflowhome/airflowenv/lib/python3.9/site-packages/airflow/example_dags/example_task_group_decorator.py
[2023-02-04 01:58:49,490] {processor.py:651} INFO - DAG(s) dict_keys(['example_task_group_decorator']) retrieved from /home/milo/13-airflow/airflowhome/airflowenv/lib/python3.9/site-packages/airflow/example_dags/example_task_group_decorator.py
[2023-02-04 01:58:49,568] {logging_mixin.py:115} INFO - [2023-02-04 01:58:49,568] {dag.py:2420} INFO - Sync 1 DAGs
[2023-02-04 01:58:49,592] {logging_mixin.py:115} INFO - [2023-02-04 01:58:49,592] {dag.py:2968} INFO - Setting next_dagrun for example_task_group_decorator to 2023-02-03T06:58:49.591611+00:00, run_after=2023-02-04T06:58:49.591611+00:00
[2023-02-04 01:58:49,612] {processor.py:161} INFO - Processing /home/milo/13-airflow/airflowhome/airflowenv/lib/python3.9/site-packages/airflow/example_dags/example_task_group_decorator.py took 0.171 seconds
[2023-02-04 01:59:23,533] {processor.py:153} INFO - Started process (PID=7114) to work on /home/milo/13-airflow/airflowhome/airflowenv/lib/python3.9/site-packages/airflow/example_dags/example_task_group_decorator.py
[2023-02-04 01:59:23,535] {processor.py:641} INFO - Processing file /home/milo/13-airflow/airflowhome/airflowenv/lib/python3.9/site-packages/airflow/example_dags/example_task_group_decorator.py for tasks to queue
[2023-02-04 01:59:23,536] {logging_mixin.py:115} INFO - [2023-02-04 01:59:23,536] {dagbag.py:508} INFO - Filling up the DagBag from /home/milo/13-airflow/airflowhome/airflowenv/lib/python3.9/site-packages/airflow/example_dags/example_task_group_decorator.py
[2023-02-04 01:59:23,578] {processor.py:651} INFO - DAG(s) dict_keys(['example_task_group_decorator']) retrieved from /home/milo/13-airflow/airflowhome/airflowenv/lib/python3.9/site-packages/airflow/example_dags/example_task_group_decorator.py
[2023-02-04 01:59:23,652] {logging_mixin.py:115} INFO - [2023-02-04 01:59:23,651] {dag.py:2420} INFO - Sync 1 DAGs
[2023-02-04 01:59:23,680] {logging_mixin.py:115} INFO - [2023-02-04 01:59:23,680] {dag.py:2968} INFO - Setting next_dagrun for example_task_group_decorator to 2023-02-03T06:59:23.680114+00:00, run_after=2023-02-04T06:59:23.680114+00:00
[2023-02-04 01:59:23,714] {processor.py:161} INFO - Processing /home/milo/13-airflow/airflowhome/airflowenv/lib/python3.9/site-packages/airflow/example_dags/example_task_group_decorator.py took 0.185 seconds
[2023-02-04 01:59:59,507] {processor.py:153} INFO - Started process (PID=7150) to work on /home/milo/13-airflow/airflowhome/airflowenv/lib/python3.9/site-packages/airflow/example_dags/example_task_group_decorator.py
[2023-02-04 01:59:59,509] {processor.py:641} INFO - Processing file /home/milo/13-airflow/airflowhome/airflowenv/lib/python3.9/site-packages/airflow/example_dags/example_task_group_decorator.py for tasks to queue
[2023-02-04 01:59:59,510] {logging_mixin.py:115} INFO - [2023-02-04 01:59:59,510] {dagbag.py:508} INFO - Filling up the DagBag from /home/milo/13-airflow/airflowhome/airflowenv/lib/python3.9/site-packages/airflow/example_dags/example_task_group_decorator.py
[2023-02-04 01:59:59,555] {processor.py:651} INFO - DAG(s) dict_keys(['example_task_group_decorator']) retrieved from /home/milo/13-airflow/airflowhome/airflowenv/lib/python3.9/site-packages/airflow/example_dags/example_task_group_decorator.py
[2023-02-04 01:59:59,586] {logging_mixin.py:115} INFO - [2023-02-04 01:59:59,586] {dag.py:2420} INFO - Sync 1 DAGs
[2023-02-04 01:59:59,618] {logging_mixin.py:115} INFO - [2023-02-04 01:59:59,618] {dag.py:2968} INFO - Setting next_dagrun for example_task_group_decorator to 2023-02-03T06:59:59.618206+00:00, run_after=2023-02-04T06:59:59.618206+00:00
[2023-02-04 01:59:59,648] {processor.py:161} INFO - Processing /home/milo/13-airflow/airflowhome/airflowenv/lib/python3.9/site-packages/airflow/example_dags/example_task_group_decorator.py took 0.147 seconds
[2023-02-04 02:00:36,213] {processor.py:153} INFO - Started process (PID=7186) to work on /home/milo/13-airflow/airflowhome/airflowenv/lib/python3.9/site-packages/airflow/example_dags/example_task_group_decorator.py
[2023-02-04 02:00:36,216] {processor.py:641} INFO - Processing file /home/milo/13-airflow/airflowhome/airflowenv/lib/python3.9/site-packages/airflow/example_dags/example_task_group_decorator.py for tasks to queue
[2023-02-04 02:00:36,218] {logging_mixin.py:115} INFO - [2023-02-04 02:00:36,217] {dagbag.py:508} INFO - Filling up the DagBag from /home/milo/13-airflow/airflowhome/airflowenv/lib/python3.9/site-packages/airflow/example_dags/example_task_group_decorator.py
[2023-02-04 02:00:36,263] {processor.py:651} INFO - DAG(s) dict_keys(['example_task_group_decorator']) retrieved from /home/milo/13-airflow/airflowhome/airflowenv/lib/python3.9/site-packages/airflow/example_dags/example_task_group_decorator.py
[2023-02-04 02:00:36,292] {logging_mixin.py:115} INFO - [2023-02-04 02:00:36,292] {dag.py:2420} INFO - Sync 1 DAGs
[2023-02-04 02:00:36,322] {logging_mixin.py:115} INFO - [2023-02-04 02:00:36,322] {dag.py:2968} INFO - Setting next_dagrun for example_task_group_decorator to 2023-02-03T07:00:36.321821+00:00, run_after=2023-02-04T07:00:36.321821+00:00
[2023-02-04 02:00:36,342] {processor.py:161} INFO - Processing /home/milo/13-airflow/airflowhome/airflowenv/lib/python3.9/site-packages/airflow/example_dags/example_task_group_decorator.py took 0.134 seconds
[2023-02-04 02:01:11,294] {processor.py:153} INFO - Started process (PID=7222) to work on /home/milo/13-airflow/airflowhome/airflowenv/lib/python3.9/site-packages/airflow/example_dags/example_task_group_decorator.py
[2023-02-04 02:01:11,295] {processor.py:641} INFO - Processing file /home/milo/13-airflow/airflowhome/airflowenv/lib/python3.9/site-packages/airflow/example_dags/example_task_group_decorator.py for tasks to queue
[2023-02-04 02:01:11,296] {logging_mixin.py:115} INFO - [2023-02-04 02:01:11,296] {dagbag.py:508} INFO - Filling up the DagBag from /home/milo/13-airflow/airflowhome/airflowenv/lib/python3.9/site-packages/airflow/example_dags/example_task_group_decorator.py
[2023-02-04 02:01:11,338] {processor.py:651} INFO - DAG(s) dict_keys(['example_task_group_decorator']) retrieved from /home/milo/13-airflow/airflowhome/airflowenv/lib/python3.9/site-packages/airflow/example_dags/example_task_group_decorator.py
[2023-02-04 02:01:11,368] {logging_mixin.py:115} INFO - [2023-02-04 02:01:11,367] {dag.py:2420} INFO - Sync 1 DAGs
[2023-02-04 02:01:11,395] {logging_mixin.py:115} INFO - [2023-02-04 02:01:11,395] {dag.py:2968} INFO - Setting next_dagrun for example_task_group_decorator to 2023-02-03T07:01:11.394919+00:00, run_after=2023-02-04T07:01:11.394919+00:00
[2023-02-04 02:01:11,415] {processor.py:161} INFO - Processing /home/milo/13-airflow/airflowhome/airflowenv/lib/python3.9/site-packages/airflow/example_dags/example_task_group_decorator.py took 0.127 seconds
[2023-02-04 02:01:49,169] {processor.py:153} INFO - Started process (PID=7259) to work on /home/milo/13-airflow/airflowhome/airflowenv/lib/python3.9/site-packages/airflow/example_dags/example_task_group_decorator.py
[2023-02-04 02:01:49,171] {processor.py:641} INFO - Processing file /home/milo/13-airflow/airflowhome/airflowenv/lib/python3.9/site-packages/airflow/example_dags/example_task_group_decorator.py for tasks to queue
[2023-02-04 02:01:49,171] {logging_mixin.py:115} INFO - [2023-02-04 02:01:49,171] {dagbag.py:508} INFO - Filling up the DagBag from /home/milo/13-airflow/airflowhome/airflowenv/lib/python3.9/site-packages/airflow/example_dags/example_task_group_decorator.py
[2023-02-04 02:01:49,213] {processor.py:651} INFO - DAG(s) dict_keys(['example_task_group_decorator']) retrieved from /home/milo/13-airflow/airflowhome/airflowenv/lib/python3.9/site-packages/airflow/example_dags/example_task_group_decorator.py
[2023-02-04 02:01:49,243] {logging_mixin.py:115} INFO - [2023-02-04 02:01:49,243] {dag.py:2420} INFO - Sync 1 DAGs
[2023-02-04 02:01:49,270] {logging_mixin.py:115} INFO - [2023-02-04 02:01:49,270] {dag.py:2968} INFO - Setting next_dagrun for example_task_group_decorator to 2023-02-03T07:01:49.270231+00:00, run_after=2023-02-04T07:01:49.270231+00:00
[2023-02-04 02:01:49,291] {processor.py:161} INFO - Processing /home/milo/13-airflow/airflowhome/airflowenv/lib/python3.9/site-packages/airflow/example_dags/example_task_group_decorator.py took 0.127 seconds
[2023-02-04 02:02:22,993] {processor.py:153} INFO - Started process (PID=7294) to work on /home/milo/13-airflow/airflowhome/airflowenv/lib/python3.9/site-packages/airflow/example_dags/example_task_group_decorator.py
[2023-02-04 02:02:22,994] {processor.py:641} INFO - Processing file /home/milo/13-airflow/airflowhome/airflowenv/lib/python3.9/site-packages/airflow/example_dags/example_task_group_decorator.py for tasks to queue
[2023-02-04 02:02:22,995] {logging_mixin.py:115} INFO - [2023-02-04 02:02:22,995] {dagbag.py:508} INFO - Filling up the DagBag from /home/milo/13-airflow/airflowhome/airflowenv/lib/python3.9/site-packages/airflow/example_dags/example_task_group_decorator.py
[2023-02-04 02:02:23,044] {processor.py:651} INFO - DAG(s) dict_keys(['example_task_group_decorator']) retrieved from /home/milo/13-airflow/airflowhome/airflowenv/lib/python3.9/site-packages/airflow/example_dags/example_task_group_decorator.py
[2023-02-04 02:02:23,074] {logging_mixin.py:115} INFO - [2023-02-04 02:02:23,074] {dag.py:2420} INFO - Sync 1 DAGs
[2023-02-04 02:02:23,102] {logging_mixin.py:115} INFO - [2023-02-04 02:02:23,101] {dag.py:2968} INFO - Setting next_dagrun for example_task_group_decorator to 2023-02-03T07:02:23.101458+00:00, run_after=2023-02-04T07:02:23.101458+00:00
[2023-02-04 02:02:23,122] {processor.py:161} INFO - Processing /home/milo/13-airflow/airflowhome/airflowenv/lib/python3.9/site-packages/airflow/example_dags/example_task_group_decorator.py took 0.133 seconds
[2023-02-04 02:02:59,644] {processor.py:153} INFO - Started process (PID=7331) to work on /home/milo/13-airflow/airflowhome/airflowenv/lib/python3.9/site-packages/airflow/example_dags/example_task_group_decorator.py
[2023-02-04 02:02:59,645] {processor.py:641} INFO - Processing file /home/milo/13-airflow/airflowhome/airflowenv/lib/python3.9/site-packages/airflow/example_dags/example_task_group_decorator.py for tasks to queue
[2023-02-04 02:02:59,646] {logging_mixin.py:115} INFO - [2023-02-04 02:02:59,646] {dagbag.py:508} INFO - Filling up the DagBag from /home/milo/13-airflow/airflowhome/airflowenv/lib/python3.9/site-packages/airflow/example_dags/example_task_group_decorator.py
[2023-02-04 02:02:59,687] {processor.py:651} INFO - DAG(s) dict_keys(['example_task_group_decorator']) retrieved from /home/milo/13-airflow/airflowhome/airflowenv/lib/python3.9/site-packages/airflow/example_dags/example_task_group_decorator.py
[2023-02-04 02:02:59,762] {logging_mixin.py:115} INFO - [2023-02-04 02:02:59,761] {dag.py:2420} INFO - Sync 1 DAGs
[2023-02-04 02:02:59,785] {logging_mixin.py:115} INFO - [2023-02-04 02:02:59,785] {dag.py:2968} INFO - Setting next_dagrun for example_task_group_decorator to 2023-02-03T07:02:59.785282+00:00, run_after=2023-02-04T07:02:59.785282+00:00
[2023-02-04 02:02:59,808] {processor.py:161} INFO - Processing /home/milo/13-airflow/airflowhome/airflowenv/lib/python3.9/site-packages/airflow/example_dags/example_task_group_decorator.py took 0.169 seconds
[2023-02-04 02:03:37,240] {processor.py:153} INFO - Started process (PID=7368) to work on /home/milo/13-airflow/airflowhome/airflowenv/lib/python3.9/site-packages/airflow/example_dags/example_task_group_decorator.py
[2023-02-04 02:03:37,242] {processor.py:641} INFO - Processing file /home/milo/13-airflow/airflowhome/airflowenv/lib/python3.9/site-packages/airflow/example_dags/example_task_group_decorator.py for tasks to queue
[2023-02-04 02:03:37,243] {logging_mixin.py:115} INFO - [2023-02-04 02:03:37,243] {dagbag.py:508} INFO - Filling up the DagBag from /home/milo/13-airflow/airflowhome/airflowenv/lib/python3.9/site-packages/airflow/example_dags/example_task_group_decorator.py
[2023-02-04 02:03:37,283] {processor.py:651} INFO - DAG(s) dict_keys(['example_task_group_decorator']) retrieved from /home/milo/13-airflow/airflowhome/airflowenv/lib/python3.9/site-packages/airflow/example_dags/example_task_group_decorator.py
[2023-02-04 02:03:37,357] {logging_mixin.py:115} INFO - [2023-02-04 02:03:37,357] {dag.py:2420} INFO - Sync 1 DAGs
[2023-02-04 02:03:37,381] {logging_mixin.py:115} INFO - [2023-02-04 02:03:37,381] {dag.py:2968} INFO - Setting next_dagrun for example_task_group_decorator to 2023-02-03T07:03:37.381283+00:00, run_after=2023-02-04T07:03:37.381283+00:00
[2023-02-04 02:03:37,403] {processor.py:161} INFO - Processing /home/milo/13-airflow/airflowhome/airflowenv/lib/python3.9/site-packages/airflow/example_dags/example_task_group_decorator.py took 0.168 seconds
[2023-02-04 02:04:15,077] {processor.py:153} INFO - Started process (PID=7405) to work on /home/milo/13-airflow/airflowhome/airflowenv/lib/python3.9/site-packages/airflow/example_dags/example_task_group_decorator.py
[2023-02-04 02:04:15,079] {processor.py:641} INFO - Processing file /home/milo/13-airflow/airflowhome/airflowenv/lib/python3.9/site-packages/airflow/example_dags/example_task_group_decorator.py for tasks to queue
[2023-02-04 02:04:15,080] {logging_mixin.py:115} INFO - [2023-02-04 02:04:15,080] {dagbag.py:508} INFO - Filling up the DagBag from /home/milo/13-airflow/airflowhome/airflowenv/lib/python3.9/site-packages/airflow/example_dags/example_task_group_decorator.py
[2023-02-04 02:04:15,122] {processor.py:651} INFO - DAG(s) dict_keys(['example_task_group_decorator']) retrieved from /home/milo/13-airflow/airflowhome/airflowenv/lib/python3.9/site-packages/airflow/example_dags/example_task_group_decorator.py
[2023-02-04 02:04:15,165] {logging_mixin.py:115} INFO - [2023-02-04 02:04:15,164] {dag.py:2420} INFO - Sync 1 DAGs
[2023-02-04 02:04:15,198] {logging_mixin.py:115} INFO - [2023-02-04 02:04:15,198] {dag.py:2968} INFO - Setting next_dagrun for example_task_group_decorator to 2023-02-03T07:04:15.198255+00:00, run_after=2023-02-04T07:04:15.198255+00:00
[2023-02-04 02:04:15,229] {processor.py:161} INFO - Processing /home/milo/13-airflow/airflowhome/airflowenv/lib/python3.9/site-packages/airflow/example_dags/example_task_group_decorator.py took 0.157 seconds
[2023-02-04 02:04:53,269] {processor.py:153} INFO - Started process (PID=7442) to work on /home/milo/13-airflow/airflowhome/airflowenv/lib/python3.9/site-packages/airflow/example_dags/example_task_group_decorator.py
[2023-02-04 02:04:53,271] {processor.py:641} INFO - Processing file /home/milo/13-airflow/airflowhome/airflowenv/lib/python3.9/site-packages/airflow/example_dags/example_task_group_decorator.py for tasks to queue
[2023-02-04 02:04:53,272] {logging_mixin.py:115} INFO - [2023-02-04 02:04:53,272] {dagbag.py:508} INFO - Filling up the DagBag from /home/milo/13-airflow/airflowhome/airflowenv/lib/python3.9/site-packages/airflow/example_dags/example_task_group_decorator.py
[2023-02-04 02:04:53,322] {processor.py:651} INFO - DAG(s) dict_keys(['example_task_group_decorator']) retrieved from /home/milo/13-airflow/airflowhome/airflowenv/lib/python3.9/site-packages/airflow/example_dags/example_task_group_decorator.py
[2023-02-04 02:04:53,351] {logging_mixin.py:115} INFO - [2023-02-04 02:04:53,351] {dag.py:2420} INFO - Sync 1 DAGs
[2023-02-04 02:04:53,378] {logging_mixin.py:115} INFO - [2023-02-04 02:04:53,378] {dag.py:2968} INFO - Setting next_dagrun for example_task_group_decorator to 2023-02-03T07:04:53.378232+00:00, run_after=2023-02-04T07:04:53.378232+00:00
[2023-02-04 02:04:53,401] {processor.py:161} INFO - Processing /home/milo/13-airflow/airflowhome/airflowenv/lib/python3.9/site-packages/airflow/example_dags/example_task_group_decorator.py took 0.137 seconds
[2023-02-04 02:05:28,385] {processor.py:153} INFO - Started process (PID=7480) to work on /home/milo/13-airflow/airflowhome/airflowenv/lib/python3.9/site-packages/airflow/example_dags/example_task_group_decorator.py
[2023-02-04 02:05:28,387] {processor.py:641} INFO - Processing file /home/milo/13-airflow/airflowhome/airflowenv/lib/python3.9/site-packages/airflow/example_dags/example_task_group_decorator.py for tasks to queue
[2023-02-04 02:05:28,387] {logging_mixin.py:115} INFO - [2023-02-04 02:05:28,387] {dagbag.py:508} INFO - Filling up the DagBag from /home/milo/13-airflow/airflowhome/airflowenv/lib/python3.9/site-packages/airflow/example_dags/example_task_group_decorator.py
[2023-02-04 02:05:28,428] {processor.py:651} INFO - DAG(s) dict_keys(['example_task_group_decorator']) retrieved from /home/milo/13-airflow/airflowhome/airflowenv/lib/python3.9/site-packages/airflow/example_dags/example_task_group_decorator.py
[2023-02-04 02:05:28,458] {logging_mixin.py:115} INFO - [2023-02-04 02:05:28,457] {dag.py:2420} INFO - Sync 1 DAGs
[2023-02-04 02:05:28,485] {logging_mixin.py:115} INFO - [2023-02-04 02:05:28,485] {dag.py:2968} INFO - Setting next_dagrun for example_task_group_decorator to 2023-02-03T07:05:28.484710+00:00, run_after=2023-02-04T07:05:28.484710+00:00
[2023-02-04 02:05:28,510] {processor.py:161} INFO - Processing /home/milo/13-airflow/airflowhome/airflowenv/lib/python3.9/site-packages/airflow/example_dags/example_task_group_decorator.py took 0.129 seconds
[2023-02-04 02:06:07,416] {processor.py:153} INFO - Started process (PID=7518) to work on /home/milo/13-airflow/airflowhome/airflowenv/lib/python3.9/site-packages/airflow/example_dags/example_task_group_decorator.py
[2023-02-04 02:06:07,417] {processor.py:641} INFO - Processing file /home/milo/13-airflow/airflowhome/airflowenv/lib/python3.9/site-packages/airflow/example_dags/example_task_group_decorator.py for tasks to queue
[2023-02-04 02:06:07,418] {logging_mixin.py:115} INFO - [2023-02-04 02:06:07,418] {dagbag.py:508} INFO - Filling up the DagBag from /home/milo/13-airflow/airflowhome/airflowenv/lib/python3.9/site-packages/airflow/example_dags/example_task_group_decorator.py
[2023-02-04 02:06:07,462] {processor.py:651} INFO - DAG(s) dict_keys(['example_task_group_decorator']) retrieved from /home/milo/13-airflow/airflowhome/airflowenv/lib/python3.9/site-packages/airflow/example_dags/example_task_group_decorator.py
[2023-02-04 02:06:07,491] {logging_mixin.py:115} INFO - [2023-02-04 02:06:07,491] {dag.py:2420} INFO - Sync 1 DAGs
[2023-02-04 02:06:07,519] {logging_mixin.py:115} INFO - [2023-02-04 02:06:07,519] {dag.py:2968} INFO - Setting next_dagrun for example_task_group_decorator to 2023-02-03T07:06:07.518591+00:00, run_after=2023-02-04T07:06:07.518591+00:00
[2023-02-04 02:06:07,541] {processor.py:161} INFO - Processing /home/milo/13-airflow/airflowhome/airflowenv/lib/python3.9/site-packages/airflow/example_dags/example_task_group_decorator.py took 0.131 seconds
[2023-02-04 02:06:46,803] {processor.py:153} INFO - Started process (PID=7555) to work on /home/milo/13-airflow/airflowhome/airflowenv/lib/python3.9/site-packages/airflow/example_dags/example_task_group_decorator.py
[2023-02-04 02:06:46,817] {processor.py:641} INFO - Processing file /home/milo/13-airflow/airflowhome/airflowenv/lib/python3.9/site-packages/airflow/example_dags/example_task_group_decorator.py for tasks to queue
[2023-02-04 02:06:46,818] {logging_mixin.py:115} INFO - [2023-02-04 02:06:46,818] {dagbag.py:508} INFO - Filling up the DagBag from /home/milo/13-airflow/airflowhome/airflowenv/lib/python3.9/site-packages/airflow/example_dags/example_task_group_decorator.py
[2023-02-04 02:06:46,860] {processor.py:651} INFO - DAG(s) dict_keys(['example_task_group_decorator']) retrieved from /home/milo/13-airflow/airflowhome/airflowenv/lib/python3.9/site-packages/airflow/example_dags/example_task_group_decorator.py
[2023-02-04 02:06:46,905] {logging_mixin.py:115} INFO - [2023-02-04 02:06:46,905] {dag.py:2420} INFO - Sync 1 DAGs
[2023-02-04 02:06:46,937] {logging_mixin.py:115} INFO - [2023-02-04 02:06:46,936] {dag.py:2968} INFO - Setting next_dagrun for example_task_group_decorator to 2023-02-03T07:06:46.936395+00:00, run_after=2023-02-04T07:06:46.936395+00:00
[2023-02-04 02:06:46,959] {processor.py:161} INFO - Processing /home/milo/13-airflow/airflowhome/airflowenv/lib/python3.9/site-packages/airflow/example_dags/example_task_group_decorator.py took 0.161 seconds
[2023-02-04 02:07:24,874] {processor.py:153} INFO - Started process (PID=7593) to work on /home/milo/13-airflow/airflowhome/airflowenv/lib/python3.9/site-packages/airflow/example_dags/example_task_group_decorator.py
[2023-02-04 02:07:24,876] {processor.py:641} INFO - Processing file /home/milo/13-airflow/airflowhome/airflowenv/lib/python3.9/site-packages/airflow/example_dags/example_task_group_decorator.py for tasks to queue
[2023-02-04 02:07:24,877] {logging_mixin.py:115} INFO - [2023-02-04 02:07:24,876] {dagbag.py:508} INFO - Filling up the DagBag from /home/milo/13-airflow/airflowhome/airflowenv/lib/python3.9/site-packages/airflow/example_dags/example_task_group_decorator.py
[2023-02-04 02:07:24,920] {processor.py:651} INFO - DAG(s) dict_keys(['example_task_group_decorator']) retrieved from /home/milo/13-airflow/airflowhome/airflowenv/lib/python3.9/site-packages/airflow/example_dags/example_task_group_decorator.py
[2023-02-04 02:07:24,951] {logging_mixin.py:115} INFO - [2023-02-04 02:07:24,951] {dag.py:2420} INFO - Sync 1 DAGs
[2023-02-04 02:07:24,981] {logging_mixin.py:115} INFO - [2023-02-04 02:07:24,981] {dag.py:2968} INFO - Setting next_dagrun for example_task_group_decorator to 2023-02-03T07:07:24.980807+00:00, run_after=2023-02-04T07:07:24.980807+00:00
[2023-02-04 02:07:25,007] {processor.py:161} INFO - Processing /home/milo/13-airflow/airflowhome/airflowenv/lib/python3.9/site-packages/airflow/example_dags/example_task_group_decorator.py took 0.139 seconds
[2023-02-04 02:08:02,774] {processor.py:153} INFO - Started process (PID=7630) to work on /home/milo/13-airflow/airflowhome/airflowenv/lib/python3.9/site-packages/airflow/example_dags/example_task_group_decorator.py
[2023-02-04 02:08:02,776] {processor.py:641} INFO - Processing file /home/milo/13-airflow/airflowhome/airflowenv/lib/python3.9/site-packages/airflow/example_dags/example_task_group_decorator.py for tasks to queue
[2023-02-04 02:08:02,777] {logging_mixin.py:115} INFO - [2023-02-04 02:08:02,777] {dagbag.py:508} INFO - Filling up the DagBag from /home/milo/13-airflow/airflowhome/airflowenv/lib/python3.9/site-packages/airflow/example_dags/example_task_group_decorator.py
[2023-02-04 02:08:02,820] {processor.py:651} INFO - DAG(s) dict_keys(['example_task_group_decorator']) retrieved from /home/milo/13-airflow/airflowhome/airflowenv/lib/python3.9/site-packages/airflow/example_dags/example_task_group_decorator.py
[2023-02-04 02:08:02,896] {logging_mixin.py:115} INFO - [2023-02-04 02:08:02,896] {dag.py:2420} INFO - Sync 1 DAGs
[2023-02-04 02:08:02,923] {logging_mixin.py:115} INFO - [2023-02-04 02:08:02,922] {dag.py:2968} INFO - Setting next_dagrun for example_task_group_decorator to 2023-02-03T07:08:02.922461+00:00, run_after=2023-02-04T07:08:02.922461+00:00
[2023-02-04 02:08:02,948] {processor.py:161} INFO - Processing /home/milo/13-airflow/airflowhome/airflowenv/lib/python3.9/site-packages/airflow/example_dags/example_task_group_decorator.py took 0.179 seconds
[2023-02-04 02:08:39,197] {processor.py:153} INFO - Started process (PID=7665) to work on /home/milo/13-airflow/airflowhome/airflowenv/lib/python3.9/site-packages/airflow/example_dags/example_task_group_decorator.py
[2023-02-04 02:08:39,199] {processor.py:641} INFO - Processing file /home/milo/13-airflow/airflowhome/airflowenv/lib/python3.9/site-packages/airflow/example_dags/example_task_group_decorator.py for tasks to queue
[2023-02-04 02:08:39,200] {logging_mixin.py:115} INFO - [2023-02-04 02:08:39,200] {dagbag.py:508} INFO - Filling up the DagBag from /home/milo/13-airflow/airflowhome/airflowenv/lib/python3.9/site-packages/airflow/example_dags/example_task_group_decorator.py
[2023-02-04 02:08:39,249] {processor.py:651} INFO - DAG(s) dict_keys(['example_task_group_decorator']) retrieved from /home/milo/13-airflow/airflowhome/airflowenv/lib/python3.9/site-packages/airflow/example_dags/example_task_group_decorator.py
[2023-02-04 02:08:39,287] {logging_mixin.py:115} INFO - [2023-02-04 02:08:39,287] {dag.py:2420} INFO - Sync 1 DAGs
[2023-02-04 02:08:39,326] {logging_mixin.py:115} INFO - [2023-02-04 02:08:39,326] {dag.py:2968} INFO - Setting next_dagrun for example_task_group_decorator to 2023-02-03T07:08:39.325910+00:00, run_after=2023-02-04T07:08:39.325910+00:00
[2023-02-04 02:08:39,350] {processor.py:161} INFO - Processing /home/milo/13-airflow/airflowhome/airflowenv/lib/python3.9/site-packages/airflow/example_dags/example_task_group_decorator.py took 0.158 seconds
[2023-02-04 02:09:13,551] {processor.py:153} INFO - Started process (PID=7732) to work on /home/milo/13-airflow/airflowhome/airflowenv/lib/python3.9/site-packages/airflow/example_dags/example_task_group_decorator.py
[2023-02-04 02:09:13,556] {processor.py:641} INFO - Processing file /home/milo/13-airflow/airflowhome/airflowenv/lib/python3.9/site-packages/airflow/example_dags/example_task_group_decorator.py for tasks to queue
[2023-02-04 02:09:13,557] {logging_mixin.py:115} INFO - [2023-02-04 02:09:13,557] {dagbag.py:508} INFO - Filling up the DagBag from /home/milo/13-airflow/airflowhome/airflowenv/lib/python3.9/site-packages/airflow/example_dags/example_task_group_decorator.py
[2023-02-04 02:09:13,601] {processor.py:651} INFO - DAG(s) dict_keys(['example_task_group_decorator']) retrieved from /home/milo/13-airflow/airflowhome/airflowenv/lib/python3.9/site-packages/airflow/example_dags/example_task_group_decorator.py
[2023-02-04 02:09:13,632] {logging_mixin.py:115} INFO - [2023-02-04 02:09:13,631] {dag.py:2420} INFO - Sync 1 DAGs
[2023-02-04 02:09:13,663] {logging_mixin.py:115} INFO - [2023-02-04 02:09:13,663] {dag.py:2968} INFO - Setting next_dagrun for example_task_group_decorator to 2023-02-03T07:09:13.662703+00:00, run_after=2023-02-04T07:09:13.662703+00:00
[2023-02-04 02:09:13,745] {processor.py:161} INFO - Processing /home/milo/13-airflow/airflowhome/airflowenv/lib/python3.9/site-packages/airflow/example_dags/example_task_group_decorator.py took 0.200 seconds
[2023-02-04 02:22:13,743] {processor.py:153} INFO - Started process (PID=7901) to work on /home/milo/13-airflow/airflowhome/airflowenv/lib/python3.9/site-packages/airflow/example_dags/example_task_group_decorator.py
[2023-02-04 02:22:13,745] {processor.py:641} INFO - Processing file /home/milo/13-airflow/airflowhome/airflowenv/lib/python3.9/site-packages/airflow/example_dags/example_task_group_decorator.py for tasks to queue
[2023-02-04 02:22:13,746] {logging_mixin.py:115} INFO - [2023-02-04 02:22:13,746] {dagbag.py:508} INFO - Filling up the DagBag from /home/milo/13-airflow/airflowhome/airflowenv/lib/python3.9/site-packages/airflow/example_dags/example_task_group_decorator.py
[2023-02-04 02:22:13,792] {processor.py:651} INFO - DAG(s) dict_keys(['example_task_group_decorator']) retrieved from /home/milo/13-airflow/airflowhome/airflowenv/lib/python3.9/site-packages/airflow/example_dags/example_task_group_decorator.py
[2023-02-04 02:22:13,891] {logging_mixin.py:115} INFO - [2023-02-04 02:22:13,891] {dag.py:2420} INFO - Sync 1 DAGs
[2023-02-04 02:22:13,917] {logging_mixin.py:115} INFO - [2023-02-04 02:22:13,916] {dag.py:2968} INFO - Setting next_dagrun for example_task_group_decorator to 2023-02-03T07:22:13.916338+00:00, run_after=2023-02-04T07:22:13.916338+00:00
[2023-02-04 02:22:13,967] {processor.py:161} INFO - Processing /home/milo/13-airflow/airflowhome/airflowenv/lib/python3.9/site-packages/airflow/example_dags/example_task_group_decorator.py took 0.228 seconds
