[2023-02-04 01:53:34,037] {processor.py:153} INFO - Started process (PID=6616) to work on /home/milo/13-airflow/airflowhome/airflowenv/lib/python3.9/site-packages/airflow/example_dags/example_branch_python_dop_operator_3.py
[2023-02-04 01:53:34,037] {processor.py:641} INFO - Processing file /home/milo/13-airflow/airflowhome/airflowenv/lib/python3.9/site-packages/airflow/example_dags/example_branch_python_dop_operator_3.py for tasks to queue
[2023-02-04 01:53:34,038] {logging_mixin.py:115} INFO - [2023-02-04 01:53:34,038] {dagbag.py:508} INFO - Filling up the DagBag from /home/milo/13-airflow/airflowhome/airflowenv/lib/python3.9/site-packages/airflow/example_dags/example_branch_python_dop_operator_3.py
[2023-02-04 01:53:34,055] {processor.py:651} INFO - DAG(s) dict_keys(['example_branch_dop_operator_v3']) retrieved from /home/milo/13-airflow/airflowhome/airflowenv/lib/python3.9/site-packages/airflow/example_dags/example_branch_python_dop_operator_3.py
[2023-02-04 01:53:34,155] {logging_mixin.py:115} INFO - [2023-02-04 01:53:34,155] {manager.py:508} INFO - Created Permission View: can read on DAG:example_branch_dop_operator_v3
[2023-02-04 01:53:34,171] {logging_mixin.py:115} INFO - [2023-02-04 01:53:34,171] {manager.py:508} INFO - Created Permission View: can edit on DAG:example_branch_dop_operator_v3
[2023-02-04 01:53:34,184] {logging_mixin.py:115} INFO - [2023-02-04 01:53:34,183] {manager.py:508} INFO - Created Permission View: can delete on DAG:example_branch_dop_operator_v3
[2023-02-04 01:53:34,184] {logging_mixin.py:115} INFO - [2023-02-04 01:53:34,184] {dag.py:2420} INFO - Sync 1 DAGs
[2023-02-04 01:53:34,196] {logging_mixin.py:115} INFO - [2023-02-04 01:53:34,196] {dag.py:2439} INFO - Creating ORM DAG for example_branch_dop_operator_v3
[2023-02-04 01:53:34,221] {logging_mixin.py:115} INFO - [2023-02-04 01:53:34,221] {dag.py:2968} INFO - Setting next_dagrun for example_branch_dop_operator_v3 to 2023-02-04T06:52:00+00:00, run_after=2023-02-04T06:53:00+00:00
[2023-02-04 01:53:34,294] {processor.py:161} INFO - Processing /home/milo/13-airflow/airflowhome/airflowenv/lib/python3.9/site-packages/airflow/example_dags/example_branch_python_dop_operator_3.py took 0.262 seconds
[2023-02-04 01:54:26,731] {processor.py:153} INFO - Started process (PID=6663) to work on /home/milo/13-airflow/airflowhome/airflowenv/lib/python3.9/site-packages/airflow/example_dags/example_branch_python_dop_operator_3.py
[2023-02-04 01:54:26,733] {processor.py:641} INFO - Processing file /home/milo/13-airflow/airflowhome/airflowenv/lib/python3.9/site-packages/airflow/example_dags/example_branch_python_dop_operator_3.py for tasks to queue
[2023-02-04 01:54:26,733] {logging_mixin.py:115} INFO - [2023-02-04 01:54:26,733] {dagbag.py:508} INFO - Filling up the DagBag from /home/milo/13-airflow/airflowhome/airflowenv/lib/python3.9/site-packages/airflow/example_dags/example_branch_python_dop_operator_3.py
[2023-02-04 01:54:26,750] {processor.py:651} INFO - DAG(s) dict_keys(['example_branch_dop_operator_v3']) retrieved from /home/milo/13-airflow/airflowhome/airflowenv/lib/python3.9/site-packages/airflow/example_dags/example_branch_python_dop_operator_3.py
[2023-02-04 01:54:26,775] {logging_mixin.py:115} INFO - [2023-02-04 01:54:26,775] {dag.py:2420} INFO - Sync 1 DAGs
[2023-02-04 01:54:26,813] {logging_mixin.py:115} INFO - [2023-02-04 01:54:26,813] {dag.py:2968} INFO - Setting next_dagrun for example_branch_dop_operator_v3 to 2023-02-04T06:53:00+00:00, run_after=2023-02-04T06:54:00+00:00
[2023-02-04 01:54:26,833] {processor.py:161} INFO - Processing /home/milo/13-airflow/airflowhome/airflowenv/lib/python3.9/site-packages/airflow/example_dags/example_branch_python_dop_operator_3.py took 0.107 seconds
[2023-02-04 01:55:06,756] {processor.py:153} INFO - Started process (PID=6704) to work on /home/milo/13-airflow/airflowhome/airflowenv/lib/python3.9/site-packages/airflow/example_dags/example_branch_python_dop_operator_3.py
[2023-02-04 01:55:06,758] {processor.py:641} INFO - Processing file /home/milo/13-airflow/airflowhome/airflowenv/lib/python3.9/site-packages/airflow/example_dags/example_branch_python_dop_operator_3.py for tasks to queue
[2023-02-04 01:55:06,758] {logging_mixin.py:115} INFO - [2023-02-04 01:55:06,758] {dagbag.py:508} INFO - Filling up the DagBag from /home/milo/13-airflow/airflowhome/airflowenv/lib/python3.9/site-packages/airflow/example_dags/example_branch_python_dop_operator_3.py
[2023-02-04 01:55:06,775] {processor.py:651} INFO - DAG(s) dict_keys(['example_branch_dop_operator_v3']) retrieved from /home/milo/13-airflow/airflowhome/airflowenv/lib/python3.9/site-packages/airflow/example_dags/example_branch_python_dop_operator_3.py
[2023-02-04 01:55:06,800] {logging_mixin.py:115} INFO - [2023-02-04 01:55:06,800] {dag.py:2420} INFO - Sync 1 DAGs
[2023-02-04 01:55:06,842] {logging_mixin.py:115} INFO - [2023-02-04 01:55:06,842] {dag.py:2968} INFO - Setting next_dagrun for example_branch_dop_operator_v3 to 2023-02-04T06:54:00+00:00, run_after=2023-02-04T06:55:00+00:00
[2023-02-04 01:55:06,872] {processor.py:161} INFO - Processing /home/milo/13-airflow/airflowhome/airflowenv/lib/python3.9/site-packages/airflow/example_dags/example_branch_python_dop_operator_3.py took 0.121 seconds
[2023-02-04 01:56:10,835] {processor.py:153} INFO - Started process (PID=6742) to work on /home/milo/13-airflow/airflowhome/airflowenv/lib/python3.9/site-packages/airflow/example_dags/example_branch_python_dop_operator_3.py
[2023-02-04 01:56:10,837] {processor.py:641} INFO - Processing file /home/milo/13-airflow/airflowhome/airflowenv/lib/python3.9/site-packages/airflow/example_dags/example_branch_python_dop_operator_3.py for tasks to queue
[2023-02-04 01:56:10,838] {logging_mixin.py:115} INFO - [2023-02-04 01:56:10,838] {dagbag.py:508} INFO - Filling up the DagBag from /home/milo/13-airflow/airflowhome/airflowenv/lib/python3.9/site-packages/airflow/example_dags/example_branch_python_dop_operator_3.py
[2023-02-04 01:56:10,855] {processor.py:651} INFO - DAG(s) dict_keys(['example_branch_dop_operator_v3']) retrieved from /home/milo/13-airflow/airflowhome/airflowenv/lib/python3.9/site-packages/airflow/example_dags/example_branch_python_dop_operator_3.py
[2023-02-04 01:56:10,880] {logging_mixin.py:115} INFO - [2023-02-04 01:56:10,879] {dag.py:2420} INFO - Sync 1 DAGs
[2023-02-04 01:56:10,918] {logging_mixin.py:115} INFO - [2023-02-04 01:56:10,917] {dag.py:2968} INFO - Setting next_dagrun for example_branch_dop_operator_v3 to 2023-02-04T06:55:00+00:00, run_after=2023-02-04T06:56:00+00:00
[2023-02-04 01:56:10,937] {processor.py:161} INFO - Processing /home/milo/13-airflow/airflowhome/airflowenv/lib/python3.9/site-packages/airflow/example_dags/example_branch_python_dop_operator_3.py took 0.107 seconds
[2023-02-04 01:57:02,413] {processor.py:153} INFO - Started process (PID=6780) to work on /home/milo/13-airflow/airflowhome/airflowenv/lib/python3.9/site-packages/airflow/example_dags/example_branch_python_dop_operator_3.py
[2023-02-04 01:57:02,415] {processor.py:641} INFO - Processing file /home/milo/13-airflow/airflowhome/airflowenv/lib/python3.9/site-packages/airflow/example_dags/example_branch_python_dop_operator_3.py for tasks to queue
[2023-02-04 01:57:02,415] {logging_mixin.py:115} INFO - [2023-02-04 01:57:02,415] {dagbag.py:508} INFO - Filling up the DagBag from /home/milo/13-airflow/airflowhome/airflowenv/lib/python3.9/site-packages/airflow/example_dags/example_branch_python_dop_operator_3.py
[2023-02-04 01:57:02,433] {processor.py:651} INFO - DAG(s) dict_keys(['example_branch_dop_operator_v3']) retrieved from /home/milo/13-airflow/airflowhome/airflowenv/lib/python3.9/site-packages/airflow/example_dags/example_branch_python_dop_operator_3.py
[2023-02-04 01:57:02,461] {logging_mixin.py:115} INFO - [2023-02-04 01:57:02,461] {dag.py:2420} INFO - Sync 1 DAGs
[2023-02-04 01:57:02,501] {logging_mixin.py:115} INFO - [2023-02-04 01:57:02,501] {dag.py:2968} INFO - Setting next_dagrun for example_branch_dop_operator_v3 to 2023-02-04T06:56:00+00:00, run_after=2023-02-04T06:57:00+00:00
[2023-02-04 01:57:02,523] {processor.py:161} INFO - Processing /home/milo/13-airflow/airflowhome/airflowenv/lib/python3.9/site-packages/airflow/example_dags/example_branch_python_dop_operator_3.py took 0.116 seconds
[2023-02-04 01:57:37,418] {processor.py:153} INFO - Started process (PID=6814) to work on /home/milo/13-airflow/airflowhome/airflowenv/lib/python3.9/site-packages/airflow/example_dags/example_branch_python_dop_operator_3.py
[2023-02-04 01:57:37,420] {processor.py:641} INFO - Processing file /home/milo/13-airflow/airflowhome/airflowenv/lib/python3.9/site-packages/airflow/example_dags/example_branch_python_dop_operator_3.py for tasks to queue
[2023-02-04 01:57:37,421] {logging_mixin.py:115} INFO - [2023-02-04 01:57:37,421] {dagbag.py:508} INFO - Filling up the DagBag from /home/milo/13-airflow/airflowhome/airflowenv/lib/python3.9/site-packages/airflow/example_dags/example_branch_python_dop_operator_3.py
[2023-02-04 01:57:37,438] {processor.py:651} INFO - DAG(s) dict_keys(['example_branch_dop_operator_v3']) retrieved from /home/milo/13-airflow/airflowhome/airflowenv/lib/python3.9/site-packages/airflow/example_dags/example_branch_python_dop_operator_3.py
[2023-02-04 01:57:37,462] {logging_mixin.py:115} INFO - [2023-02-04 01:57:37,461] {dag.py:2420} INFO - Sync 1 DAGs
[2023-02-04 01:57:37,499] {logging_mixin.py:115} INFO - [2023-02-04 01:57:37,499] {dag.py:2968} INFO - Setting next_dagrun for example_branch_dop_operator_v3 to 2023-02-04T06:56:00+00:00, run_after=2023-02-04T06:57:00+00:00
[2023-02-04 01:57:37,519] {processor.py:161} INFO - Processing /home/milo/13-airflow/airflowhome/airflowenv/lib/python3.9/site-packages/airflow/example_dags/example_branch_python_dop_operator_3.py took 0.105 seconds
[2023-02-04 01:58:14,188] {processor.py:153} INFO - Started process (PID=7039) to work on /home/milo/13-airflow/airflowhome/airflowenv/lib/python3.9/site-packages/airflow/example_dags/example_branch_python_dop_operator_3.py
[2023-02-04 01:58:14,190] {processor.py:641} INFO - Processing file /home/milo/13-airflow/airflowhome/airflowenv/lib/python3.9/site-packages/airflow/example_dags/example_branch_python_dop_operator_3.py for tasks to queue
[2023-02-04 01:58:14,191] {logging_mixin.py:115} INFO - [2023-02-04 01:58:14,190] {dagbag.py:508} INFO - Filling up the DagBag from /home/milo/13-airflow/airflowhome/airflowenv/lib/python3.9/site-packages/airflow/example_dags/example_branch_python_dop_operator_3.py
[2023-02-04 01:58:14,208] {processor.py:651} INFO - DAG(s) dict_keys(['example_branch_dop_operator_v3']) retrieved from /home/milo/13-airflow/airflowhome/airflowenv/lib/python3.9/site-packages/airflow/example_dags/example_branch_python_dop_operator_3.py
[2023-02-04 01:58:14,241] {logging_mixin.py:115} INFO - [2023-02-04 01:58:14,241] {dag.py:2420} INFO - Sync 1 DAGs
[2023-02-04 01:58:14,279] {logging_mixin.py:115} INFO - [2023-02-04 01:58:14,279] {dag.py:2968} INFO - Setting next_dagrun for example_branch_dop_operator_v3 to 2023-02-04T06:57:00+00:00, run_after=2023-02-04T06:58:00+00:00
[2023-02-04 01:58:14,299] {processor.py:161} INFO - Processing /home/milo/13-airflow/airflowhome/airflowenv/lib/python3.9/site-packages/airflow/example_dags/example_branch_python_dop_operator_3.py took 0.116 seconds
[2023-02-04 01:58:50,692] {processor.py:153} INFO - Started process (PID=7079) to work on /home/milo/13-airflow/airflowhome/airflowenv/lib/python3.9/site-packages/airflow/example_dags/example_branch_python_dop_operator_3.py
[2023-02-04 01:58:50,693] {processor.py:641} INFO - Processing file /home/milo/13-airflow/airflowhome/airflowenv/lib/python3.9/site-packages/airflow/example_dags/example_branch_python_dop_operator_3.py for tasks to queue
[2023-02-04 01:58:50,694] {logging_mixin.py:115} INFO - [2023-02-04 01:58:50,694] {dagbag.py:508} INFO - Filling up the DagBag from /home/milo/13-airflow/airflowhome/airflowenv/lib/python3.9/site-packages/airflow/example_dags/example_branch_python_dop_operator_3.py
[2023-02-04 01:58:50,713] {processor.py:651} INFO - DAG(s) dict_keys(['example_branch_dop_operator_v3']) retrieved from /home/milo/13-airflow/airflowhome/airflowenv/lib/python3.9/site-packages/airflow/example_dags/example_branch_python_dop_operator_3.py
[2023-02-04 01:58:50,738] {logging_mixin.py:115} INFO - [2023-02-04 01:58:50,738] {dag.py:2420} INFO - Sync 1 DAGs
[2023-02-04 01:58:50,776] {logging_mixin.py:115} INFO - [2023-02-04 01:58:50,776] {dag.py:2968} INFO - Setting next_dagrun for example_branch_dop_operator_v3 to 2023-02-04T06:57:00+00:00, run_after=2023-02-04T06:58:00+00:00
[2023-02-04 01:58:50,807] {processor.py:161} INFO - Processing /home/milo/13-airflow/airflowhome/airflowenv/lib/python3.9/site-packages/airflow/example_dags/example_branch_python_dop_operator_3.py took 0.121 seconds
[2023-02-04 01:59:24,791] {processor.py:153} INFO - Started process (PID=7115) to work on /home/milo/13-airflow/airflowhome/airflowenv/lib/python3.9/site-packages/airflow/example_dags/example_branch_python_dop_operator_3.py
[2023-02-04 01:59:24,793] {processor.py:641} INFO - Processing file /home/milo/13-airflow/airflowhome/airflowenv/lib/python3.9/site-packages/airflow/example_dags/example_branch_python_dop_operator_3.py for tasks to queue
[2023-02-04 01:59:24,794] {logging_mixin.py:115} INFO - [2023-02-04 01:59:24,794] {dagbag.py:508} INFO - Filling up the DagBag from /home/milo/13-airflow/airflowhome/airflowenv/lib/python3.9/site-packages/airflow/example_dags/example_branch_python_dop_operator_3.py
[2023-02-04 01:59:24,812] {processor.py:651} INFO - DAG(s) dict_keys(['example_branch_dop_operator_v3']) retrieved from /home/milo/13-airflow/airflowhome/airflowenv/lib/python3.9/site-packages/airflow/example_dags/example_branch_python_dop_operator_3.py
[2023-02-04 01:59:24,838] {logging_mixin.py:115} INFO - [2023-02-04 01:59:24,838] {dag.py:2420} INFO - Sync 1 DAGs
[2023-02-04 01:59:24,877] {logging_mixin.py:115} INFO - [2023-02-04 01:59:24,877] {dag.py:2968} INFO - Setting next_dagrun for example_branch_dop_operator_v3 to 2023-02-04T06:58:00+00:00, run_after=2023-02-04T06:59:00+00:00
[2023-02-04 01:59:24,898] {processor.py:161} INFO - Processing /home/milo/13-airflow/airflowhome/airflowenv/lib/python3.9/site-packages/airflow/example_dags/example_branch_python_dop_operator_3.py took 0.111 seconds
[2023-02-04 02:00:02,345] {processor.py:153} INFO - Started process (PID=7154) to work on /home/milo/13-airflow/airflowhome/airflowenv/lib/python3.9/site-packages/airflow/example_dags/example_branch_python_dop_operator_3.py
[2023-02-04 02:00:02,347] {processor.py:641} INFO - Processing file /home/milo/13-airflow/airflowhome/airflowenv/lib/python3.9/site-packages/airflow/example_dags/example_branch_python_dop_operator_3.py for tasks to queue
[2023-02-04 02:00:02,348] {logging_mixin.py:115} INFO - [2023-02-04 02:00:02,348] {dagbag.py:508} INFO - Filling up the DagBag from /home/milo/13-airflow/airflowhome/airflowenv/lib/python3.9/site-packages/airflow/example_dags/example_branch_python_dop_operator_3.py
[2023-02-04 02:00:02,365] {processor.py:651} INFO - DAG(s) dict_keys(['example_branch_dop_operator_v3']) retrieved from /home/milo/13-airflow/airflowhome/airflowenv/lib/python3.9/site-packages/airflow/example_dags/example_branch_python_dop_operator_3.py
[2023-02-04 02:00:02,391] {logging_mixin.py:115} INFO - [2023-02-04 02:00:02,391] {dag.py:2420} INFO - Sync 1 DAGs
[2023-02-04 02:00:02,431] {logging_mixin.py:115} INFO - [2023-02-04 02:00:02,430] {dag.py:2968} INFO - Setting next_dagrun for example_branch_dop_operator_v3 to 2023-02-04T06:59:00+00:00, run_after=2023-02-04T07:00:00+00:00
[2023-02-04 02:00:02,453] {processor.py:161} INFO - Processing /home/milo/13-airflow/airflowhome/airflowenv/lib/python3.9/site-packages/airflow/example_dags/example_branch_python_dop_operator_3.py took 0.112 seconds
[2023-02-04 02:00:39,445] {processor.py:153} INFO - Started process (PID=7190) to work on /home/milo/13-airflow/airflowhome/airflowenv/lib/python3.9/site-packages/airflow/example_dags/example_branch_python_dop_operator_3.py
[2023-02-04 02:00:39,447] {processor.py:641} INFO - Processing file /home/milo/13-airflow/airflowhome/airflowenv/lib/python3.9/site-packages/airflow/example_dags/example_branch_python_dop_operator_3.py for tasks to queue
[2023-02-04 02:00:39,448] {logging_mixin.py:115} INFO - [2023-02-04 02:00:39,448] {dagbag.py:508} INFO - Filling up the DagBag from /home/milo/13-airflow/airflowhome/airflowenv/lib/python3.9/site-packages/airflow/example_dags/example_branch_python_dop_operator_3.py
[2023-02-04 02:00:39,466] {processor.py:651} INFO - DAG(s) dict_keys(['example_branch_dop_operator_v3']) retrieved from /home/milo/13-airflow/airflowhome/airflowenv/lib/python3.9/site-packages/airflow/example_dags/example_branch_python_dop_operator_3.py
[2023-02-04 02:00:39,492] {logging_mixin.py:115} INFO - [2023-02-04 02:00:39,492] {dag.py:2420} INFO - Sync 1 DAGs
[2023-02-04 02:00:39,529] {logging_mixin.py:115} INFO - [2023-02-04 02:00:39,528] {dag.py:2968} INFO - Setting next_dagrun for example_branch_dop_operator_v3 to 2023-02-04T06:59:00+00:00, run_after=2023-02-04T07:00:00+00:00
[2023-02-04 02:00:39,548] {processor.py:161} INFO - Processing /home/milo/13-airflow/airflowhome/airflowenv/lib/python3.9/site-packages/airflow/example_dags/example_branch_python_dop_operator_3.py took 0.108 seconds
[2023-02-04 02:01:14,239] {processor.py:153} INFO - Started process (PID=7225) to work on /home/milo/13-airflow/airflowhome/airflowenv/lib/python3.9/site-packages/airflow/example_dags/example_branch_python_dop_operator_3.py
[2023-02-04 02:01:14,241] {processor.py:641} INFO - Processing file /home/milo/13-airflow/airflowhome/airflowenv/lib/python3.9/site-packages/airflow/example_dags/example_branch_python_dop_operator_3.py for tasks to queue
[2023-02-04 02:01:14,242] {logging_mixin.py:115} INFO - [2023-02-04 02:01:14,242] {dagbag.py:508} INFO - Filling up the DagBag from /home/milo/13-airflow/airflowhome/airflowenv/lib/python3.9/site-packages/airflow/example_dags/example_branch_python_dop_operator_3.py
[2023-02-04 02:01:14,259] {processor.py:651} INFO - DAG(s) dict_keys(['example_branch_dop_operator_v3']) retrieved from /home/milo/13-airflow/airflowhome/airflowenv/lib/python3.9/site-packages/airflow/example_dags/example_branch_python_dop_operator_3.py
[2023-02-04 02:01:14,285] {logging_mixin.py:115} INFO - [2023-02-04 02:01:14,285] {dag.py:2420} INFO - Sync 1 DAGs
[2023-02-04 02:01:14,324] {logging_mixin.py:115} INFO - [2023-02-04 02:01:14,324] {dag.py:2968} INFO - Setting next_dagrun for example_branch_dop_operator_v3 to 2023-02-04T07:00:00+00:00, run_after=2023-02-04T07:01:00+00:00
[2023-02-04 02:01:14,345] {processor.py:161} INFO - Processing /home/milo/13-airflow/airflowhome/airflowenv/lib/python3.9/site-packages/airflow/example_dags/example_branch_python_dop_operator_3.py took 0.111 seconds
[2023-02-04 02:01:49,451] {processor.py:153} INFO - Started process (PID=7260) to work on /home/milo/13-airflow/airflowhome/airflowenv/lib/python3.9/site-packages/airflow/example_dags/example_branch_python_dop_operator_3.py
[2023-02-04 02:01:49,453] {processor.py:641} INFO - Processing file /home/milo/13-airflow/airflowhome/airflowenv/lib/python3.9/site-packages/airflow/example_dags/example_branch_python_dop_operator_3.py for tasks to queue
[2023-02-04 02:01:49,454] {logging_mixin.py:115} INFO - [2023-02-04 02:01:49,454] {dagbag.py:508} INFO - Filling up the DagBag from /home/milo/13-airflow/airflowhome/airflowenv/lib/python3.9/site-packages/airflow/example_dags/example_branch_python_dop_operator_3.py
[2023-02-04 02:01:49,470] {processor.py:651} INFO - DAG(s) dict_keys(['example_branch_dop_operator_v3']) retrieved from /home/milo/13-airflow/airflowhome/airflowenv/lib/python3.9/site-packages/airflow/example_dags/example_branch_python_dop_operator_3.py
[2023-02-04 02:01:49,497] {logging_mixin.py:115} INFO - [2023-02-04 02:01:49,497] {dag.py:2420} INFO - Sync 1 DAGs
[2023-02-04 02:01:49,534] {logging_mixin.py:115} INFO - [2023-02-04 02:01:49,534] {dag.py:2968} INFO - Setting next_dagrun for example_branch_dop_operator_v3 to 2023-02-04T07:00:00+00:00, run_after=2023-02-04T07:01:00+00:00
[2023-02-04 02:01:49,556] {processor.py:161} INFO - Processing /home/milo/13-airflow/airflowhome/airflowenv/lib/python3.9/site-packages/airflow/example_dags/example_branch_python_dop_operator_3.py took 0.109 seconds
[2023-02-04 02:02:24,246] {processor.py:153} INFO - Started process (PID=7295) to work on /home/milo/13-airflow/airflowhome/airflowenv/lib/python3.9/site-packages/airflow/example_dags/example_branch_python_dop_operator_3.py
[2023-02-04 02:02:24,247] {processor.py:641} INFO - Processing file /home/milo/13-airflow/airflowhome/airflowenv/lib/python3.9/site-packages/airflow/example_dags/example_branch_python_dop_operator_3.py for tasks to queue
[2023-02-04 02:02:24,248] {logging_mixin.py:115} INFO - [2023-02-04 02:02:24,247] {dagbag.py:508} INFO - Filling up the DagBag from /home/milo/13-airflow/airflowhome/airflowenv/lib/python3.9/site-packages/airflow/example_dags/example_branch_python_dop_operator_3.py
[2023-02-04 02:02:24,293] {processor.py:651} INFO - DAG(s) dict_keys(['example_branch_dop_operator_v3']) retrieved from /home/milo/13-airflow/airflowhome/airflowenv/lib/python3.9/site-packages/airflow/example_dags/example_branch_python_dop_operator_3.py
[2023-02-04 02:02:24,318] {logging_mixin.py:115} INFO - [2023-02-04 02:02:24,318] {dag.py:2420} INFO - Sync 1 DAGs
[2023-02-04 02:02:24,358] {logging_mixin.py:115} INFO - [2023-02-04 02:02:24,358] {dag.py:2968} INFO - Setting next_dagrun for example_branch_dop_operator_v3 to 2023-02-04T07:01:00+00:00, run_after=2023-02-04T07:02:00+00:00
[2023-02-04 02:02:24,379] {processor.py:161} INFO - Processing /home/milo/13-airflow/airflowhome/airflowenv/lib/python3.9/site-packages/airflow/example_dags/example_branch_python_dop_operator_3.py took 0.147 seconds
[2023-02-04 02:03:00,882] {processor.py:153} INFO - Started process (PID=7332) to work on /home/milo/13-airflow/airflowhome/airflowenv/lib/python3.9/site-packages/airflow/example_dags/example_branch_python_dop_operator_3.py
[2023-02-04 02:03:00,884] {processor.py:641} INFO - Processing file /home/milo/13-airflow/airflowhome/airflowenv/lib/python3.9/site-packages/airflow/example_dags/example_branch_python_dop_operator_3.py for tasks to queue
[2023-02-04 02:03:00,885] {logging_mixin.py:115} INFO - [2023-02-04 02:03:00,885] {dagbag.py:508} INFO - Filling up the DagBag from /home/milo/13-airflow/airflowhome/airflowenv/lib/python3.9/site-packages/airflow/example_dags/example_branch_python_dop_operator_3.py
[2023-02-04 02:03:00,902] {processor.py:651} INFO - DAG(s) dict_keys(['example_branch_dop_operator_v3']) retrieved from /home/milo/13-airflow/airflowhome/airflowenv/lib/python3.9/site-packages/airflow/example_dags/example_branch_python_dop_operator_3.py
[2023-02-04 02:03:00,928] {logging_mixin.py:115} INFO - [2023-02-04 02:03:00,928] {dag.py:2420} INFO - Sync 1 DAGs
[2023-02-04 02:03:00,966] {logging_mixin.py:115} INFO - [2023-02-04 02:03:00,966] {dag.py:2968} INFO - Setting next_dagrun for example_branch_dop_operator_v3 to 2023-02-04T07:02:00+00:00, run_after=2023-02-04T07:03:00+00:00
[2023-02-04 02:03:00,991] {processor.py:161} INFO - Processing /home/milo/13-airflow/airflowhome/airflowenv/lib/python3.9/site-packages/airflow/example_dags/example_branch_python_dop_operator_3.py took 0.113 seconds
[2023-02-04 02:03:38,479] {processor.py:153} INFO - Started process (PID=7369) to work on /home/milo/13-airflow/airflowhome/airflowenv/lib/python3.9/site-packages/airflow/example_dags/example_branch_python_dop_operator_3.py
[2023-02-04 02:03:38,481] {processor.py:641} INFO - Processing file /home/milo/13-airflow/airflowhome/airflowenv/lib/python3.9/site-packages/airflow/example_dags/example_branch_python_dop_operator_3.py for tasks to queue
[2023-02-04 02:03:38,482] {logging_mixin.py:115} INFO - [2023-02-04 02:03:38,482] {dagbag.py:508} INFO - Filling up the DagBag from /home/milo/13-airflow/airflowhome/airflowenv/lib/python3.9/site-packages/airflow/example_dags/example_branch_python_dop_operator_3.py
[2023-02-04 02:03:38,499] {processor.py:651} INFO - DAG(s) dict_keys(['example_branch_dop_operator_v3']) retrieved from /home/milo/13-airflow/airflowhome/airflowenv/lib/python3.9/site-packages/airflow/example_dags/example_branch_python_dop_operator_3.py
[2023-02-04 02:03:38,527] {logging_mixin.py:115} INFO - [2023-02-04 02:03:38,527] {dag.py:2420} INFO - Sync 1 DAGs
[2023-02-04 02:03:38,565] {logging_mixin.py:115} INFO - [2023-02-04 02:03:38,564] {dag.py:2968} INFO - Setting next_dagrun for example_branch_dop_operator_v3 to 2023-02-04T07:02:00+00:00, run_after=2023-02-04T07:03:00+00:00
[2023-02-04 02:03:38,585] {processor.py:161} INFO - Processing /home/milo/13-airflow/airflowhome/airflowenv/lib/python3.9/site-packages/airflow/example_dags/example_branch_python_dop_operator_3.py took 0.112 seconds
[2023-02-04 02:04:15,594] {processor.py:153} INFO - Started process (PID=7406) to work on /home/milo/13-airflow/airflowhome/airflowenv/lib/python3.9/site-packages/airflow/example_dags/example_branch_python_dop_operator_3.py
[2023-02-04 02:04:15,595] {processor.py:641} INFO - Processing file /home/milo/13-airflow/airflowhome/airflowenv/lib/python3.9/site-packages/airflow/example_dags/example_branch_python_dop_operator_3.py for tasks to queue
[2023-02-04 02:04:15,596] {logging_mixin.py:115} INFO - [2023-02-04 02:04:15,596] {dagbag.py:508} INFO - Filling up the DagBag from /home/milo/13-airflow/airflowhome/airflowenv/lib/python3.9/site-packages/airflow/example_dags/example_branch_python_dop_operator_3.py
[2023-02-04 02:04:15,612] {processor.py:651} INFO - DAG(s) dict_keys(['example_branch_dop_operator_v3']) retrieved from /home/milo/13-airflow/airflowhome/airflowenv/lib/python3.9/site-packages/airflow/example_dags/example_branch_python_dop_operator_3.py
[2023-02-04 02:04:15,638] {logging_mixin.py:115} INFO - [2023-02-04 02:04:15,638] {dag.py:2420} INFO - Sync 1 DAGs
[2023-02-04 02:04:15,687] {logging_mixin.py:115} INFO - [2023-02-04 02:04:15,687] {dag.py:2968} INFO - Setting next_dagrun for example_branch_dop_operator_v3 to 2023-02-04T07:03:00+00:00, run_after=2023-02-04T07:04:00+00:00
[2023-02-04 02:04:15,708] {processor.py:161} INFO - Processing /home/milo/13-airflow/airflowhome/airflowenv/lib/python3.9/site-packages/airflow/example_dags/example_branch_python_dop_operator_3.py took 0.119 seconds
[2023-02-04 02:04:54,531] {processor.py:153} INFO - Started process (PID=7443) to work on /home/milo/13-airflow/airflowhome/airflowenv/lib/python3.9/site-packages/airflow/example_dags/example_branch_python_dop_operator_3.py
[2023-02-04 02:04:54,532] {processor.py:641} INFO - Processing file /home/milo/13-airflow/airflowhome/airflowenv/lib/python3.9/site-packages/airflow/example_dags/example_branch_python_dop_operator_3.py for tasks to queue
[2023-02-04 02:04:54,532] {logging_mixin.py:115} INFO - [2023-02-04 02:04:54,532] {dagbag.py:508} INFO - Filling up the DagBag from /home/milo/13-airflow/airflowhome/airflowenv/lib/python3.9/site-packages/airflow/example_dags/example_branch_python_dop_operator_3.py
[2023-02-04 02:04:54,552] {processor.py:651} INFO - DAG(s) dict_keys(['example_branch_dop_operator_v3']) retrieved from /home/milo/13-airflow/airflowhome/airflowenv/lib/python3.9/site-packages/airflow/example_dags/example_branch_python_dop_operator_3.py
[2023-02-04 02:04:54,578] {logging_mixin.py:115} INFO - [2023-02-04 02:04:54,578] {dag.py:2420} INFO - Sync 1 DAGs
[2023-02-04 02:04:54,620] {logging_mixin.py:115} INFO - [2023-02-04 02:04:54,620] {dag.py:2968} INFO - Setting next_dagrun for example_branch_dop_operator_v3 to 2023-02-04T07:03:00+00:00, run_after=2023-02-04T07:04:00+00:00
[2023-02-04 02:04:54,639] {processor.py:161} INFO - Processing /home/milo/13-airflow/airflowhome/airflowenv/lib/python3.9/site-packages/airflow/example_dags/example_branch_python_dop_operator_3.py took 0.114 seconds
[2023-02-04 02:05:32,358] {processor.py:153} INFO - Started process (PID=7484) to work on /home/milo/13-airflow/airflowhome/airflowenv/lib/python3.9/site-packages/airflow/example_dags/example_branch_python_dop_operator_3.py
[2023-02-04 02:05:32,360] {processor.py:641} INFO - Processing file /home/milo/13-airflow/airflowhome/airflowenv/lib/python3.9/site-packages/airflow/example_dags/example_branch_python_dop_operator_3.py for tasks to queue
[2023-02-04 02:05:32,360] {logging_mixin.py:115} INFO - [2023-02-04 02:05:32,360] {dagbag.py:508} INFO - Filling up the DagBag from /home/milo/13-airflow/airflowhome/airflowenv/lib/python3.9/site-packages/airflow/example_dags/example_branch_python_dop_operator_3.py
[2023-02-04 02:05:32,377] {processor.py:651} INFO - DAG(s) dict_keys(['example_branch_dop_operator_v3']) retrieved from /home/milo/13-airflow/airflowhome/airflowenv/lib/python3.9/site-packages/airflow/example_dags/example_branch_python_dop_operator_3.py
[2023-02-04 02:05:32,403] {logging_mixin.py:115} INFO - [2023-02-04 02:05:32,403] {dag.py:2420} INFO - Sync 1 DAGs
[2023-02-04 02:05:32,441] {logging_mixin.py:115} INFO - [2023-02-04 02:05:32,440] {dag.py:2968} INFO - Setting next_dagrun for example_branch_dop_operator_v3 to 2023-02-04T07:04:00+00:00, run_after=2023-02-04T07:05:00+00:00
[2023-02-04 02:05:32,461] {processor.py:161} INFO - Processing /home/milo/13-airflow/airflowhome/airflowenv/lib/python3.9/site-packages/airflow/example_dags/example_branch_python_dop_operator_3.py took 0.109 seconds
[2023-02-04 02:06:08,654] {processor.py:153} INFO - Started process (PID=7519) to work on /home/milo/13-airflow/airflowhome/airflowenv/lib/python3.9/site-packages/airflow/example_dags/example_branch_python_dop_operator_3.py
[2023-02-04 02:06:08,656] {processor.py:641} INFO - Processing file /home/milo/13-airflow/airflowhome/airflowenv/lib/python3.9/site-packages/airflow/example_dags/example_branch_python_dop_operator_3.py for tasks to queue
[2023-02-04 02:06:08,657] {logging_mixin.py:115} INFO - [2023-02-04 02:06:08,657] {dagbag.py:508} INFO - Filling up the DagBag from /home/milo/13-airflow/airflowhome/airflowenv/lib/python3.9/site-packages/airflow/example_dags/example_branch_python_dop_operator_3.py
[2023-02-04 02:06:08,673] {processor.py:651} INFO - DAG(s) dict_keys(['example_branch_dop_operator_v3']) retrieved from /home/milo/13-airflow/airflowhome/airflowenv/lib/python3.9/site-packages/airflow/example_dags/example_branch_python_dop_operator_3.py
[2023-02-04 02:06:08,733] {logging_mixin.py:115} INFO - [2023-02-04 02:06:08,733] {dag.py:2420} INFO - Sync 1 DAGs
[2023-02-04 02:06:08,794] {logging_mixin.py:115} INFO - [2023-02-04 02:06:08,794] {dag.py:2968} INFO - Setting next_dagrun for example_branch_dop_operator_v3 to 2023-02-04T07:05:00+00:00, run_after=2023-02-04T07:06:00+00:00
[2023-02-04 02:06:08,814] {processor.py:161} INFO - Processing /home/milo/13-airflow/airflowhome/airflowenv/lib/python3.9/site-packages/airflow/example_dags/example_branch_python_dop_operator_3.py took 0.165 seconds
[2023-02-04 02:06:47,055] {processor.py:153} INFO - Started process (PID=7556) to work on /home/milo/13-airflow/airflowhome/airflowenv/lib/python3.9/site-packages/airflow/example_dags/example_branch_python_dop_operator_3.py
[2023-02-04 02:06:47,057] {processor.py:641} INFO - Processing file /home/milo/13-airflow/airflowhome/airflowenv/lib/python3.9/site-packages/airflow/example_dags/example_branch_python_dop_operator_3.py for tasks to queue
[2023-02-04 02:06:47,058] {logging_mixin.py:115} INFO - [2023-02-04 02:06:47,058] {dagbag.py:508} INFO - Filling up the DagBag from /home/milo/13-airflow/airflowhome/airflowenv/lib/python3.9/site-packages/airflow/example_dags/example_branch_python_dop_operator_3.py
[2023-02-04 02:06:47,074] {processor.py:651} INFO - DAG(s) dict_keys(['example_branch_dop_operator_v3']) retrieved from /home/milo/13-airflow/airflowhome/airflowenv/lib/python3.9/site-packages/airflow/example_dags/example_branch_python_dop_operator_3.py
[2023-02-04 02:06:47,100] {logging_mixin.py:115} INFO - [2023-02-04 02:06:47,100] {dag.py:2420} INFO - Sync 1 DAGs
[2023-02-04 02:06:47,137] {logging_mixin.py:115} INFO - [2023-02-04 02:06:47,137] {dag.py:2968} INFO - Setting next_dagrun for example_branch_dop_operator_v3 to 2023-02-04T07:05:00+00:00, run_after=2023-02-04T07:06:00+00:00
[2023-02-04 02:06:47,156] {processor.py:161} INFO - Processing /home/milo/13-airflow/airflowhome/airflowenv/lib/python3.9/site-packages/airflow/example_dags/example_branch_python_dop_operator_3.py took 0.106 seconds
[2023-02-04 02:07:26,113] {processor.py:153} INFO - Started process (PID=7594) to work on /home/milo/13-airflow/airflowhome/airflowenv/lib/python3.9/site-packages/airflow/example_dags/example_branch_python_dop_operator_3.py
[2023-02-04 02:07:26,114] {processor.py:641} INFO - Processing file /home/milo/13-airflow/airflowhome/airflowenv/lib/python3.9/site-packages/airflow/example_dags/example_branch_python_dop_operator_3.py for tasks to queue
[2023-02-04 02:07:26,115] {logging_mixin.py:115} INFO - [2023-02-04 02:07:26,115] {dagbag.py:508} INFO - Filling up the DagBag from /home/milo/13-airflow/airflowhome/airflowenv/lib/python3.9/site-packages/airflow/example_dags/example_branch_python_dop_operator_3.py
[2023-02-04 02:07:26,131] {processor.py:651} INFO - DAG(s) dict_keys(['example_branch_dop_operator_v3']) retrieved from /home/milo/13-airflow/airflowhome/airflowenv/lib/python3.9/site-packages/airflow/example_dags/example_branch_python_dop_operator_3.py
[2023-02-04 02:07:26,158] {logging_mixin.py:115} INFO - [2023-02-04 02:07:26,158] {dag.py:2420} INFO - Sync 1 DAGs
[2023-02-04 02:07:26,208] {logging_mixin.py:115} INFO - [2023-02-04 02:07:26,208] {dag.py:2968} INFO - Setting next_dagrun for example_branch_dop_operator_v3 to 2023-02-04T07:06:00+00:00, run_after=2023-02-04T07:07:00+00:00
[2023-02-04 02:07:26,240] {processor.py:161} INFO - Processing /home/milo/13-airflow/airflowhome/airflowenv/lib/python3.9/site-packages/airflow/example_dags/example_branch_python_dop_operator_3.py took 0.132 seconds
[2023-02-04 02:08:04,014] {processor.py:153} INFO - Started process (PID=7631) to work on /home/milo/13-airflow/airflowhome/airflowenv/lib/python3.9/site-packages/airflow/example_dags/example_branch_python_dop_operator_3.py
[2023-02-04 02:08:04,016] {processor.py:641} INFO - Processing file /home/milo/13-airflow/airflowhome/airflowenv/lib/python3.9/site-packages/airflow/example_dags/example_branch_python_dop_operator_3.py for tasks to queue
[2023-02-04 02:08:04,017] {logging_mixin.py:115} INFO - [2023-02-04 02:08:04,017] {dagbag.py:508} INFO - Filling up the DagBag from /home/milo/13-airflow/airflowhome/airflowenv/lib/python3.9/site-packages/airflow/example_dags/example_branch_python_dop_operator_3.py
[2023-02-04 02:08:04,036] {processor.py:651} INFO - DAG(s) dict_keys(['example_branch_dop_operator_v3']) retrieved from /home/milo/13-airflow/airflowhome/airflowenv/lib/python3.9/site-packages/airflow/example_dags/example_branch_python_dop_operator_3.py
[2023-02-04 02:08:04,062] {logging_mixin.py:115} INFO - [2023-02-04 02:08:04,062] {dag.py:2420} INFO - Sync 1 DAGs
[2023-02-04 02:08:04,100] {logging_mixin.py:115} INFO - [2023-02-04 02:08:04,100] {dag.py:2968} INFO - Setting next_dagrun for example_branch_dop_operator_v3 to 2023-02-04T07:07:00+00:00, run_after=2023-02-04T07:08:00+00:00
[2023-02-04 02:08:04,120] {processor.py:161} INFO - Processing /home/milo/13-airflow/airflowhome/airflowenv/lib/python3.9/site-packages/airflow/example_dags/example_branch_python_dop_operator_3.py took 0.111 seconds
[2023-02-04 02:08:40,444] {processor.py:153} INFO - Started process (PID=7666) to work on /home/milo/13-airflow/airflowhome/airflowenv/lib/python3.9/site-packages/airflow/example_dags/example_branch_python_dop_operator_3.py
[2023-02-04 02:08:40,446] {processor.py:641} INFO - Processing file /home/milo/13-airflow/airflowhome/airflowenv/lib/python3.9/site-packages/airflow/example_dags/example_branch_python_dop_operator_3.py for tasks to queue
[2023-02-04 02:08:40,447] {logging_mixin.py:115} INFO - [2023-02-04 02:08:40,447] {dagbag.py:508} INFO - Filling up the DagBag from /home/milo/13-airflow/airflowhome/airflowenv/lib/python3.9/site-packages/airflow/example_dags/example_branch_python_dop_operator_3.py
[2023-02-04 02:08:40,464] {processor.py:651} INFO - DAG(s) dict_keys(['example_branch_dop_operator_v3']) retrieved from /home/milo/13-airflow/airflowhome/airflowenv/lib/python3.9/site-packages/airflow/example_dags/example_branch_python_dop_operator_3.py
[2023-02-04 02:08:40,490] {logging_mixin.py:115} INFO - [2023-02-04 02:08:40,490] {dag.py:2420} INFO - Sync 1 DAGs
[2023-02-04 02:08:40,529] {logging_mixin.py:115} INFO - [2023-02-04 02:08:40,529] {dag.py:2968} INFO - Setting next_dagrun for example_branch_dop_operator_v3 to 2023-02-04T07:07:00+00:00, run_after=2023-02-04T07:08:00+00:00
[2023-02-04 02:08:40,549] {processor.py:161} INFO - Processing /home/milo/13-airflow/airflowhome/airflowenv/lib/python3.9/site-packages/airflow/example_dags/example_branch_python_dop_operator_3.py took 0.110 seconds
[2023-02-04 02:09:16,496] {processor.py:153} INFO - Started process (PID=7735) to work on /home/milo/13-airflow/airflowhome/airflowenv/lib/python3.9/site-packages/airflow/example_dags/example_branch_python_dop_operator_3.py
[2023-02-04 02:09:16,518] {processor.py:641} INFO - Processing file /home/milo/13-airflow/airflowhome/airflowenv/lib/python3.9/site-packages/airflow/example_dags/example_branch_python_dop_operator_3.py for tasks to queue
[2023-02-04 02:09:16,519] {logging_mixin.py:115} INFO - [2023-02-04 02:09:16,519] {dagbag.py:508} INFO - Filling up the DagBag from /home/milo/13-airflow/airflowhome/airflowenv/lib/python3.9/site-packages/airflow/example_dags/example_branch_python_dop_operator_3.py
[2023-02-04 02:09:16,536] {processor.py:651} INFO - DAG(s) dict_keys(['example_branch_dop_operator_v3']) retrieved from /home/milo/13-airflow/airflowhome/airflowenv/lib/python3.9/site-packages/airflow/example_dags/example_branch_python_dop_operator_3.py
[2023-02-04 02:09:16,562] {logging_mixin.py:115} INFO - [2023-02-04 02:09:16,562] {dag.py:2420} INFO - Sync 1 DAGs
[2023-02-04 02:09:16,600] {logging_mixin.py:115} INFO - [2023-02-04 02:09:16,600] {dag.py:2968} INFO - Setting next_dagrun for example_branch_dop_operator_v3 to 2023-02-04T07:08:00+00:00, run_after=2023-02-04T07:09:00+00:00
[2023-02-04 02:09:16,640] {processor.py:161} INFO - Processing /home/milo/13-airflow/airflowhome/airflowenv/lib/python3.9/site-packages/airflow/example_dags/example_branch_python_dop_operator_3.py took 0.149 seconds
[2023-02-04 02:22:15,088] {processor.py:153} INFO - Started process (PID=7903) to work on /home/milo/13-airflow/airflowhome/airflowenv/lib/python3.9/site-packages/airflow/example_dags/example_branch_python_dop_operator_3.py
[2023-02-04 02:22:15,090] {processor.py:641} INFO - Processing file /home/milo/13-airflow/airflowhome/airflowenv/lib/python3.9/site-packages/airflow/example_dags/example_branch_python_dop_operator_3.py for tasks to queue
[2023-02-04 02:22:15,090] {logging_mixin.py:115} INFO - [2023-02-04 02:22:15,090] {dagbag.py:508} INFO - Filling up the DagBag from /home/milo/13-airflow/airflowhome/airflowenv/lib/python3.9/site-packages/airflow/example_dags/example_branch_python_dop_operator_3.py
[2023-02-04 02:22:15,111] {processor.py:651} INFO - DAG(s) dict_keys(['example_branch_dop_operator_v3']) retrieved from /home/milo/13-airflow/airflowhome/airflowenv/lib/python3.9/site-packages/airflow/example_dags/example_branch_python_dop_operator_3.py
[2023-02-04 02:22:15,146] {logging_mixin.py:115} INFO - [2023-02-04 02:22:15,146] {dag.py:2420} INFO - Sync 1 DAGs
[2023-02-04 02:22:15,216] {logging_mixin.py:115} INFO - [2023-02-04 02:22:15,216] {dag.py:2968} INFO - Setting next_dagrun for example_branch_dop_operator_v3 to 2023-02-04T07:21:00+00:00, run_after=2023-02-04T07:22:00+00:00
[2023-02-04 02:22:15,280] {processor.py:161} INFO - Processing /home/milo/13-airflow/airflowhome/airflowenv/lib/python3.9/site-packages/airflow/example_dags/example_branch_python_dop_operator_3.py took 0.198 seconds
