[2023-02-04 01:52:56,306] {processor.py:153} INFO - Started process (PID=6592) to work on /home/milo/13-airflow/airflowhome/airflowenv/lib/python3.9/site-packages/airflow/example_dags/example_branch_operator_decorator.py
[2023-02-04 01:52:56,307] {processor.py:641} INFO - Processing file /home/milo/13-airflow/airflowhome/airflowenv/lib/python3.9/site-packages/airflow/example_dags/example_branch_operator_decorator.py for tasks to queue
[2023-02-04 01:52:56,308] {logging_mixin.py:115} INFO - [2023-02-04 01:52:56,308] {dagbag.py:508} INFO - Filling up the DagBag from /home/milo/13-airflow/airflowhome/airflowenv/lib/python3.9/site-packages/airflow/example_dags/example_branch_operator_decorator.py
[2023-02-04 01:52:56,338] {processor.py:651} INFO - DAG(s) dict_keys(['example_branch_python_operator_decorator']) retrieved from /home/milo/13-airflow/airflowhome/airflowenv/lib/python3.9/site-packages/airflow/example_dags/example_branch_operator_decorator.py
[2023-02-04 01:53:00,236] {logging_mixin.py:115} INFO - [2023-02-04 01:53:00,236] {manager.py:508} INFO - Created Permission View: can read on DAG:example_branch_python_operator_decorator
[2023-02-04 01:53:00,710] {logging_mixin.py:115} INFO - [2023-02-04 01:53:00,709] {manager.py:508} INFO - Created Permission View: can edit on DAG:example_branch_python_operator_decorator
[2023-02-04 01:53:00,722] {logging_mixin.py:115} INFO - [2023-02-04 01:53:00,722] {manager.py:508} INFO - Created Permission View: can delete on DAG:example_branch_python_operator_decorator
[2023-02-04 01:53:00,722] {logging_mixin.py:115} INFO - [2023-02-04 01:53:00,722] {dag.py:2420} INFO - Sync 1 DAGs
[2023-02-04 01:53:00,734] {logging_mixin.py:115} INFO - [2023-02-04 01:53:00,734] {dag.py:2439} INFO - Creating ORM DAG for example_branch_python_operator_decorator
[2023-02-04 01:53:00,752] {logging_mixin.py:115} INFO - [2023-02-04 01:53:00,752] {dag.py:2968} INFO - Setting next_dagrun for example_branch_python_operator_decorator to 2023-02-03T00:00:00+00:00, run_after=2023-02-04T00:00:00+00:00
[2023-02-04 01:53:00,775] {processor.py:161} INFO - Processing /home/milo/13-airflow/airflowhome/airflowenv/lib/python3.9/site-packages/airflow/example_dags/example_branch_operator_decorator.py took 4.473 seconds
[2023-02-04 01:53:54,424] {processor.py:153} INFO - Started process (PID=6635) to work on /home/milo/13-airflow/airflowhome/airflowenv/lib/python3.9/site-packages/airflow/example_dags/example_branch_operator_decorator.py
[2023-02-04 01:53:54,428] {processor.py:641} INFO - Processing file /home/milo/13-airflow/airflowhome/airflowenv/lib/python3.9/site-packages/airflow/example_dags/example_branch_operator_decorator.py for tasks to queue
[2023-02-04 01:53:54,429] {logging_mixin.py:115} INFO - [2023-02-04 01:53:54,429] {dagbag.py:508} INFO - Filling up the DagBag from /home/milo/13-airflow/airflowhome/airflowenv/lib/python3.9/site-packages/airflow/example_dags/example_branch_operator_decorator.py
[2023-02-04 01:53:54,460] {processor.py:651} INFO - DAG(s) dict_keys(['example_branch_python_operator_decorator']) retrieved from /home/milo/13-airflow/airflowhome/airflowenv/lib/python3.9/site-packages/airflow/example_dags/example_branch_operator_decorator.py
[2023-02-04 01:53:54,487] {logging_mixin.py:115} INFO - [2023-02-04 01:53:54,487] {dag.py:2420} INFO - Sync 1 DAGs
[2023-02-04 01:53:54,517] {logging_mixin.py:115} INFO - [2023-02-04 01:53:54,517] {dag.py:2968} INFO - Setting next_dagrun for example_branch_python_operator_decorator to 2023-02-03T00:00:00+00:00, run_after=2023-02-04T00:00:00+00:00
[2023-02-04 01:53:54,536] {processor.py:161} INFO - Processing /home/milo/13-airflow/airflowhome/airflowenv/lib/python3.9/site-packages/airflow/example_dags/example_branch_operator_decorator.py took 0.118 seconds
[2023-02-04 01:54:37,265] {processor.py:153} INFO - Started process (PID=6676) to work on /home/milo/13-airflow/airflowhome/airflowenv/lib/python3.9/site-packages/airflow/example_dags/example_branch_operator_decorator.py
[2023-02-04 01:54:37,267] {processor.py:641} INFO - Processing file /home/milo/13-airflow/airflowhome/airflowenv/lib/python3.9/site-packages/airflow/example_dags/example_branch_operator_decorator.py for tasks to queue
[2023-02-04 01:54:37,268] {logging_mixin.py:115} INFO - [2023-02-04 01:54:37,268] {dagbag.py:508} INFO - Filling up the DagBag from /home/milo/13-airflow/airflowhome/airflowenv/lib/python3.9/site-packages/airflow/example_dags/example_branch_operator_decorator.py
[2023-02-04 01:54:37,301] {processor.py:651} INFO - DAG(s) dict_keys(['example_branch_python_operator_decorator']) retrieved from /home/milo/13-airflow/airflowhome/airflowenv/lib/python3.9/site-packages/airflow/example_dags/example_branch_operator_decorator.py
[2023-02-04 01:54:37,334] {logging_mixin.py:115} INFO - [2023-02-04 01:54:37,334] {dag.py:2420} INFO - Sync 1 DAGs
[2023-02-04 01:54:37,370] {logging_mixin.py:115} INFO - [2023-02-04 01:54:37,369] {dag.py:2968} INFO - Setting next_dagrun for example_branch_python_operator_decorator to 2023-02-03T00:00:00+00:00, run_after=2023-02-04T00:00:00+00:00
[2023-02-04 01:54:37,410] {processor.py:161} INFO - Processing /home/milo/13-airflow/airflowhome/airflowenv/lib/python3.9/site-packages/airflow/example_dags/example_branch_operator_decorator.py took 0.152 seconds
[2023-02-04 01:55:18,125] {processor.py:153} INFO - Started process (PID=6712) to work on /home/milo/13-airflow/airflowhome/airflowenv/lib/python3.9/site-packages/airflow/example_dags/example_branch_operator_decorator.py
[2023-02-04 01:55:18,127] {processor.py:641} INFO - Processing file /home/milo/13-airflow/airflowhome/airflowenv/lib/python3.9/site-packages/airflow/example_dags/example_branch_operator_decorator.py for tasks to queue
[2023-02-04 01:55:18,128] {logging_mixin.py:115} INFO - [2023-02-04 01:55:18,128] {dagbag.py:508} INFO - Filling up the DagBag from /home/milo/13-airflow/airflowhome/airflowenv/lib/python3.9/site-packages/airflow/example_dags/example_branch_operator_decorator.py
[2023-02-04 01:55:18,159] {processor.py:651} INFO - DAG(s) dict_keys(['example_branch_python_operator_decorator']) retrieved from /home/milo/13-airflow/airflowhome/airflowenv/lib/python3.9/site-packages/airflow/example_dags/example_branch_operator_decorator.py
[2023-02-04 01:55:18,186] {logging_mixin.py:115} INFO - [2023-02-04 01:55:18,186] {dag.py:2420} INFO - Sync 1 DAGs
[2023-02-04 01:55:18,221] {logging_mixin.py:115} INFO - [2023-02-04 01:55:18,221] {dag.py:2968} INFO - Setting next_dagrun for example_branch_python_operator_decorator to 2023-02-03T00:00:00+00:00, run_after=2023-02-04T00:00:00+00:00
[2023-02-04 01:55:19,039] {processor.py:161} INFO - Processing /home/milo/13-airflow/airflowhome/airflowenv/lib/python3.9/site-packages/airflow/example_dags/example_branch_operator_decorator.py took 0.919 seconds
[2023-02-04 01:55:56,706] {processor.py:153} INFO - Started process (PID=6734) to work on /home/milo/13-airflow/airflowhome/airflowenv/lib/python3.9/site-packages/airflow/example_dags/example_branch_operator_decorator.py
[2023-02-04 01:55:56,708] {processor.py:641} INFO - Processing file /home/milo/13-airflow/airflowhome/airflowenv/lib/python3.9/site-packages/airflow/example_dags/example_branch_operator_decorator.py for tasks to queue
[2023-02-04 01:55:56,709] {logging_mixin.py:115} INFO - [2023-02-04 01:55:56,709] {dagbag.py:508} INFO - Filling up the DagBag from /home/milo/13-airflow/airflowhome/airflowenv/lib/python3.9/site-packages/airflow/example_dags/example_branch_operator_decorator.py
[2023-02-04 01:55:56,744] {processor.py:651} INFO - DAG(s) dict_keys(['example_branch_python_operator_decorator']) retrieved from /home/milo/13-airflow/airflowhome/airflowenv/lib/python3.9/site-packages/airflow/example_dags/example_branch_operator_decorator.py
[2023-02-04 01:55:56,772] {logging_mixin.py:115} INFO - [2023-02-04 01:55:56,772] {dag.py:2420} INFO - Sync 1 DAGs
[2023-02-04 01:55:56,802] {logging_mixin.py:115} INFO - [2023-02-04 01:55:56,802] {dag.py:2968} INFO - Setting next_dagrun for example_branch_python_operator_decorator to 2023-02-03T00:00:00+00:00, run_after=2023-02-04T00:00:00+00:00
[2023-02-04 01:55:57,243] {processor.py:161} INFO - Processing /home/milo/13-airflow/airflowhome/airflowenv/lib/python3.9/site-packages/airflow/example_dags/example_branch_operator_decorator.py took 0.553 seconds
[2023-02-04 01:56:45,896] {processor.py:153} INFO - Started process (PID=6769) to work on /home/milo/13-airflow/airflowhome/airflowenv/lib/python3.9/site-packages/airflow/example_dags/example_branch_operator_decorator.py
[2023-02-04 01:56:45,898] {processor.py:641} INFO - Processing file /home/milo/13-airflow/airflowhome/airflowenv/lib/python3.9/site-packages/airflow/example_dags/example_branch_operator_decorator.py for tasks to queue
[2023-02-04 01:56:45,899] {logging_mixin.py:115} INFO - [2023-02-04 01:56:45,899] {dagbag.py:508} INFO - Filling up the DagBag from /home/milo/13-airflow/airflowhome/airflowenv/lib/python3.9/site-packages/airflow/example_dags/example_branch_operator_decorator.py
[2023-02-04 01:56:45,930] {processor.py:651} INFO - DAG(s) dict_keys(['example_branch_python_operator_decorator']) retrieved from /home/milo/13-airflow/airflowhome/airflowenv/lib/python3.9/site-packages/airflow/example_dags/example_branch_operator_decorator.py
[2023-02-04 01:56:45,958] {logging_mixin.py:115} INFO - [2023-02-04 01:56:45,958] {dag.py:2420} INFO - Sync 1 DAGs
[2023-02-04 01:56:45,989] {logging_mixin.py:115} INFO - [2023-02-04 01:56:45,989] {dag.py:2968} INFO - Setting next_dagrun for example_branch_python_operator_decorator to 2023-02-03T00:00:00+00:00, run_after=2023-02-04T00:00:00+00:00
[2023-02-04 01:56:46,011] {processor.py:161} INFO - Processing /home/milo/13-airflow/airflowhome/airflowenv/lib/python3.9/site-packages/airflow/example_dags/example_branch_operator_decorator.py took 0.120 seconds
[2023-02-04 01:57:28,625] {processor.py:153} INFO - Started process (PID=6805) to work on /home/milo/13-airflow/airflowhome/airflowenv/lib/python3.9/site-packages/airflow/example_dags/example_branch_operator_decorator.py
[2023-02-04 01:57:28,626] {processor.py:641} INFO - Processing file /home/milo/13-airflow/airflowhome/airflowenv/lib/python3.9/site-packages/airflow/example_dags/example_branch_operator_decorator.py for tasks to queue
[2023-02-04 01:57:28,627] {logging_mixin.py:115} INFO - [2023-02-04 01:57:28,627] {dagbag.py:508} INFO - Filling up the DagBag from /home/milo/13-airflow/airflowhome/airflowenv/lib/python3.9/site-packages/airflow/example_dags/example_branch_operator_decorator.py
[2023-02-04 01:57:28,658] {processor.py:651} INFO - DAG(s) dict_keys(['example_branch_python_operator_decorator']) retrieved from /home/milo/13-airflow/airflowhome/airflowenv/lib/python3.9/site-packages/airflow/example_dags/example_branch_operator_decorator.py
[2023-02-04 01:57:28,685] {logging_mixin.py:115} INFO - [2023-02-04 01:57:28,685] {dag.py:2420} INFO - Sync 1 DAGs
[2023-02-04 01:57:28,717] {logging_mixin.py:115} INFO - [2023-02-04 01:57:28,717] {dag.py:2968} INFO - Setting next_dagrun for example_branch_python_operator_decorator to 2023-02-03T00:00:00+00:00, run_after=2023-02-04T00:00:00+00:00
[2023-02-04 01:57:28,737] {processor.py:161} INFO - Processing /home/milo/13-airflow/airflowhome/airflowenv/lib/python3.9/site-packages/airflow/example_dags/example_branch_operator_decorator.py took 0.117 seconds
[2023-02-04 01:58:03,682] {processor.py:153} INFO - Started process (PID=7025) to work on /home/milo/13-airflow/airflowhome/airflowenv/lib/python3.9/site-packages/airflow/example_dags/example_branch_operator_decorator.py
[2023-02-04 01:58:03,684] {processor.py:641} INFO - Processing file /home/milo/13-airflow/airflowhome/airflowenv/lib/python3.9/site-packages/airflow/example_dags/example_branch_operator_decorator.py for tasks to queue
[2023-02-04 01:58:03,684] {logging_mixin.py:115} INFO - [2023-02-04 01:58:03,684] {dagbag.py:508} INFO - Filling up the DagBag from /home/milo/13-airflow/airflowhome/airflowenv/lib/python3.9/site-packages/airflow/example_dags/example_branch_operator_decorator.py
[2023-02-04 01:58:03,716] {processor.py:651} INFO - DAG(s) dict_keys(['example_branch_python_operator_decorator']) retrieved from /home/milo/13-airflow/airflowhome/airflowenv/lib/python3.9/site-packages/airflow/example_dags/example_branch_operator_decorator.py
[2023-02-04 01:58:03,743] {logging_mixin.py:115} INFO - [2023-02-04 01:58:03,743] {dag.py:2420} INFO - Sync 1 DAGs
[2023-02-04 01:58:03,777] {logging_mixin.py:115} INFO - [2023-02-04 01:58:03,777] {dag.py:2968} INFO - Setting next_dagrun for example_branch_python_operator_decorator to 2023-02-03T00:00:00+00:00, run_after=2023-02-04T00:00:00+00:00
[2023-02-04 01:58:03,796] {processor.py:161} INFO - Processing /home/milo/13-airflow/airflowhome/airflowenv/lib/python3.9/site-packages/airflow/example_dags/example_branch_operator_decorator.py took 0.120 seconds
[2023-02-04 01:58:38,006] {processor.py:153} INFO - Started process (PID=7067) to work on /home/milo/13-airflow/airflowhome/airflowenv/lib/python3.9/site-packages/airflow/example_dags/example_branch_operator_decorator.py
[2023-02-04 01:58:38,008] {processor.py:641} INFO - Processing file /home/milo/13-airflow/airflowhome/airflowenv/lib/python3.9/site-packages/airflow/example_dags/example_branch_operator_decorator.py for tasks to queue
[2023-02-04 01:58:38,009] {logging_mixin.py:115} INFO - [2023-02-04 01:58:38,009] {dagbag.py:508} INFO - Filling up the DagBag from /home/milo/13-airflow/airflowhome/airflowenv/lib/python3.9/site-packages/airflow/example_dags/example_branch_operator_decorator.py
[2023-02-04 01:58:38,041] {processor.py:651} INFO - DAG(s) dict_keys(['example_branch_python_operator_decorator']) retrieved from /home/milo/13-airflow/airflowhome/airflowenv/lib/python3.9/site-packages/airflow/example_dags/example_branch_operator_decorator.py
[2023-02-04 01:58:38,071] {logging_mixin.py:115} INFO - [2023-02-04 01:58:38,070] {dag.py:2420} INFO - Sync 1 DAGs
[2023-02-04 01:58:38,101] {logging_mixin.py:115} INFO - [2023-02-04 01:58:38,100] {dag.py:2968} INFO - Setting next_dagrun for example_branch_python_operator_decorator to 2023-02-03T00:00:00+00:00, run_after=2023-02-04T00:00:00+00:00
[2023-02-04 01:58:38,120] {processor.py:161} INFO - Processing /home/milo/13-airflow/airflowhome/airflowenv/lib/python3.9/site-packages/airflow/example_dags/example_branch_operator_decorator.py took 0.119 seconds
[2023-02-04 01:59:13,023] {processor.py:153} INFO - Started process (PID=7104) to work on /home/milo/13-airflow/airflowhome/airflowenv/lib/python3.9/site-packages/airflow/example_dags/example_branch_operator_decorator.py
[2023-02-04 01:59:13,025] {processor.py:641} INFO - Processing file /home/milo/13-airflow/airflowhome/airflowenv/lib/python3.9/site-packages/airflow/example_dags/example_branch_operator_decorator.py for tasks to queue
[2023-02-04 01:59:13,026] {logging_mixin.py:115} INFO - [2023-02-04 01:59:13,026] {dagbag.py:508} INFO - Filling up the DagBag from /home/milo/13-airflow/airflowhome/airflowenv/lib/python3.9/site-packages/airflow/example_dags/example_branch_operator_decorator.py
[2023-02-04 01:59:13,056] {processor.py:651} INFO - DAG(s) dict_keys(['example_branch_python_operator_decorator']) retrieved from /home/milo/13-airflow/airflowhome/airflowenv/lib/python3.9/site-packages/airflow/example_dags/example_branch_operator_decorator.py
[2023-02-04 01:59:13,083] {logging_mixin.py:115} INFO - [2023-02-04 01:59:13,083] {dag.py:2420} INFO - Sync 1 DAGs
[2023-02-04 01:59:13,113] {logging_mixin.py:115} INFO - [2023-02-04 01:59:13,113] {dag.py:2968} INFO - Setting next_dagrun for example_branch_python_operator_decorator to 2023-02-03T00:00:00+00:00, run_after=2023-02-04T00:00:00+00:00
[2023-02-04 01:59:13,136] {processor.py:161} INFO - Processing /home/milo/13-airflow/airflowhome/airflowenv/lib/python3.9/site-packages/airflow/example_dags/example_branch_operator_decorator.py took 0.118 seconds
[2023-02-04 01:59:46,766] {processor.py:153} INFO - Started process (PID=7136) to work on /home/milo/13-airflow/airflowhome/airflowenv/lib/python3.9/site-packages/airflow/example_dags/example_branch_operator_decorator.py
[2023-02-04 01:59:46,768] {processor.py:641} INFO - Processing file /home/milo/13-airflow/airflowhome/airflowenv/lib/python3.9/site-packages/airflow/example_dags/example_branch_operator_decorator.py for tasks to queue
[2023-02-04 01:59:46,768] {logging_mixin.py:115} INFO - [2023-02-04 01:59:46,768] {dagbag.py:508} INFO - Filling up the DagBag from /home/milo/13-airflow/airflowhome/airflowenv/lib/python3.9/site-packages/airflow/example_dags/example_branch_operator_decorator.py
[2023-02-04 01:59:46,800] {processor.py:651} INFO - DAG(s) dict_keys(['example_branch_python_operator_decorator']) retrieved from /home/milo/13-airflow/airflowhome/airflowenv/lib/python3.9/site-packages/airflow/example_dags/example_branch_operator_decorator.py
[2023-02-04 01:59:46,827] {logging_mixin.py:115} INFO - [2023-02-04 01:59:46,827] {dag.py:2420} INFO - Sync 1 DAGs
[2023-02-04 01:59:46,858] {logging_mixin.py:115} INFO - [2023-02-04 01:59:46,858] {dag.py:2968} INFO - Setting next_dagrun for example_branch_python_operator_decorator to 2023-02-03T00:00:00+00:00, run_after=2023-02-04T00:00:00+00:00
[2023-02-04 01:59:46,877] {processor.py:161} INFO - Processing /home/milo/13-airflow/airflowhome/airflowenv/lib/python3.9/site-packages/airflow/example_dags/example_branch_operator_decorator.py took 0.116 seconds
[2023-02-04 02:00:22,754] {processor.py:153} INFO - Started process (PID=7174) to work on /home/milo/13-airflow/airflowhome/airflowenv/lib/python3.9/site-packages/airflow/example_dags/example_branch_operator_decorator.py
[2023-02-04 02:00:22,757] {processor.py:641} INFO - Processing file /home/milo/13-airflow/airflowhome/airflowenv/lib/python3.9/site-packages/airflow/example_dags/example_branch_operator_decorator.py for tasks to queue
[2023-02-04 02:00:22,765] {logging_mixin.py:115} INFO - [2023-02-04 02:00:22,765] {dagbag.py:508} INFO - Filling up the DagBag from /home/milo/13-airflow/airflowhome/airflowenv/lib/python3.9/site-packages/airflow/example_dags/example_branch_operator_decorator.py
[2023-02-04 02:00:22,836] {processor.py:651} INFO - DAG(s) dict_keys(['example_branch_python_operator_decorator']) retrieved from /home/milo/13-airflow/airflowhome/airflowenv/lib/python3.9/site-packages/airflow/example_dags/example_branch_operator_decorator.py
[2023-02-04 02:00:22,911] {logging_mixin.py:115} INFO - [2023-02-04 02:00:22,911] {dag.py:2420} INFO - Sync 1 DAGs
[2023-02-04 02:00:22,994] {logging_mixin.py:115} INFO - [2023-02-04 02:00:22,993] {dag.py:2968} INFO - Setting next_dagrun for example_branch_python_operator_decorator to 2023-02-03T00:00:00+00:00, run_after=2023-02-04T00:00:00+00:00
[2023-02-04 02:00:23,052] {processor.py:161} INFO - Processing /home/milo/13-airflow/airflowhome/airflowenv/lib/python3.9/site-packages/airflow/example_dags/example_branch_operator_decorator.py took 0.303 seconds
[2023-02-04 02:00:57,312] {processor.py:153} INFO - Started process (PID=7208) to work on /home/milo/13-airflow/airflowhome/airflowenv/lib/python3.9/site-packages/airflow/example_dags/example_branch_operator_decorator.py
[2023-02-04 02:00:57,315] {processor.py:641} INFO - Processing file /home/milo/13-airflow/airflowhome/airflowenv/lib/python3.9/site-packages/airflow/example_dags/example_branch_operator_decorator.py for tasks to queue
[2023-02-04 02:00:57,316] {logging_mixin.py:115} INFO - [2023-02-04 02:00:57,315] {dagbag.py:508} INFO - Filling up the DagBag from /home/milo/13-airflow/airflowhome/airflowenv/lib/python3.9/site-packages/airflow/example_dags/example_branch_operator_decorator.py
[2023-02-04 02:00:57,348] {processor.py:651} INFO - DAG(s) dict_keys(['example_branch_python_operator_decorator']) retrieved from /home/milo/13-airflow/airflowhome/airflowenv/lib/python3.9/site-packages/airflow/example_dags/example_branch_operator_decorator.py
[2023-02-04 02:00:57,375] {logging_mixin.py:115} INFO - [2023-02-04 02:00:57,375] {dag.py:2420} INFO - Sync 1 DAGs
[2023-02-04 02:00:57,406] {logging_mixin.py:115} INFO - [2023-02-04 02:00:57,406] {dag.py:2968} INFO - Setting next_dagrun for example_branch_python_operator_decorator to 2023-02-03T00:00:00+00:00, run_after=2023-02-04T00:00:00+00:00
[2023-02-04 02:00:57,425] {processor.py:161} INFO - Processing /home/milo/13-airflow/airflowhome/airflowenv/lib/python3.9/site-packages/airflow/example_dags/example_branch_operator_decorator.py took 0.119 seconds
[2023-02-04 02:01:31,883] {processor.py:153} INFO - Started process (PID=7243) to work on /home/milo/13-airflow/airflowhome/airflowenv/lib/python3.9/site-packages/airflow/example_dags/example_branch_operator_decorator.py
[2023-02-04 02:01:31,897] {processor.py:641} INFO - Processing file /home/milo/13-airflow/airflowhome/airflowenv/lib/python3.9/site-packages/airflow/example_dags/example_branch_operator_decorator.py for tasks to queue
[2023-02-04 02:01:31,898] {logging_mixin.py:115} INFO - [2023-02-04 02:01:31,898] {dagbag.py:508} INFO - Filling up the DagBag from /home/milo/13-airflow/airflowhome/airflowenv/lib/python3.9/site-packages/airflow/example_dags/example_branch_operator_decorator.py
[2023-02-04 02:01:31,943] {processor.py:651} INFO - DAG(s) dict_keys(['example_branch_python_operator_decorator']) retrieved from /home/milo/13-airflow/airflowhome/airflowenv/lib/python3.9/site-packages/airflow/example_dags/example_branch_operator_decorator.py
[2023-02-04 02:01:31,975] {logging_mixin.py:115} INFO - [2023-02-04 02:01:31,974] {dag.py:2420} INFO - Sync 1 DAGs
[2023-02-04 02:01:32,032] {logging_mixin.py:115} INFO - [2023-02-04 02:01:32,032] {dag.py:2968} INFO - Setting next_dagrun for example_branch_python_operator_decorator to 2023-02-03T00:00:00+00:00, run_after=2023-02-04T00:00:00+00:00
[2023-02-04 02:01:32,132] {processor.py:161} INFO - Processing /home/milo/13-airflow/airflowhome/airflowenv/lib/python3.9/site-packages/airflow/example_dags/example_branch_operator_decorator.py took 0.254 seconds
[2023-02-04 02:02:06,354] {processor.py:153} INFO - Started process (PID=7278) to work on /home/milo/13-airflow/airflowhome/airflowenv/lib/python3.9/site-packages/airflow/example_dags/example_branch_operator_decorator.py
[2023-02-04 02:02:06,356] {processor.py:641} INFO - Processing file /home/milo/13-airflow/airflowhome/airflowenv/lib/python3.9/site-packages/airflow/example_dags/example_branch_operator_decorator.py for tasks to queue
[2023-02-04 02:02:06,357] {logging_mixin.py:115} INFO - [2023-02-04 02:02:06,357] {dagbag.py:508} INFO - Filling up the DagBag from /home/milo/13-airflow/airflowhome/airflowenv/lib/python3.9/site-packages/airflow/example_dags/example_branch_operator_decorator.py
[2023-02-04 02:02:06,388] {processor.py:651} INFO - DAG(s) dict_keys(['example_branch_python_operator_decorator']) retrieved from /home/milo/13-airflow/airflowhome/airflowenv/lib/python3.9/site-packages/airflow/example_dags/example_branch_operator_decorator.py
[2023-02-04 02:02:06,417] {logging_mixin.py:115} INFO - [2023-02-04 02:02:06,417] {dag.py:2420} INFO - Sync 1 DAGs
[2023-02-04 02:02:06,450] {logging_mixin.py:115} INFO - [2023-02-04 02:02:06,449] {dag.py:2968} INFO - Setting next_dagrun for example_branch_python_operator_decorator to 2023-02-03T00:00:00+00:00, run_after=2023-02-04T00:00:00+00:00
[2023-02-04 02:02:06,473] {processor.py:161} INFO - Processing /home/milo/13-airflow/airflowhome/airflowenv/lib/python3.9/site-packages/airflow/example_dags/example_branch_operator_decorator.py took 0.124 seconds
[2023-02-04 02:02:41,380] {processor.py:153} INFO - Started process (PID=7313) to work on /home/milo/13-airflow/airflowhome/airflowenv/lib/python3.9/site-packages/airflow/example_dags/example_branch_operator_decorator.py
[2023-02-04 02:02:41,382] {processor.py:641} INFO - Processing file /home/milo/13-airflow/airflowhome/airflowenv/lib/python3.9/site-packages/airflow/example_dags/example_branch_operator_decorator.py for tasks to queue
[2023-02-04 02:02:41,383] {logging_mixin.py:115} INFO - [2023-02-04 02:02:41,383] {dagbag.py:508} INFO - Filling up the DagBag from /home/milo/13-airflow/airflowhome/airflowenv/lib/python3.9/site-packages/airflow/example_dags/example_branch_operator_decorator.py
[2023-02-04 02:02:41,414] {processor.py:651} INFO - DAG(s) dict_keys(['example_branch_python_operator_decorator']) retrieved from /home/milo/13-airflow/airflowhome/airflowenv/lib/python3.9/site-packages/airflow/example_dags/example_branch_operator_decorator.py
[2023-02-04 02:02:41,440] {logging_mixin.py:115} INFO - [2023-02-04 02:02:41,440] {dag.py:2420} INFO - Sync 1 DAGs
[2023-02-04 02:02:41,471] {logging_mixin.py:115} INFO - [2023-02-04 02:02:41,471] {dag.py:2968} INFO - Setting next_dagrun for example_branch_python_operator_decorator to 2023-02-03T00:00:00+00:00, run_after=2023-02-04T00:00:00+00:00
[2023-02-04 02:02:41,491] {processor.py:161} INFO - Processing /home/milo/13-airflow/airflowhome/airflowenv/lib/python3.9/site-packages/airflow/example_dags/example_branch_operator_decorator.py took 0.116 seconds
[2023-02-04 02:03:16,324] {processor.py:153} INFO - Started process (PID=7348) to work on /home/milo/13-airflow/airflowhome/airflowenv/lib/python3.9/site-packages/airflow/example_dags/example_branch_operator_decorator.py
[2023-02-04 02:03:16,325] {processor.py:641} INFO - Processing file /home/milo/13-airflow/airflowhome/airflowenv/lib/python3.9/site-packages/airflow/example_dags/example_branch_operator_decorator.py for tasks to queue
[2023-02-04 02:03:16,326] {logging_mixin.py:115} INFO - [2023-02-04 02:03:16,326] {dagbag.py:508} INFO - Filling up the DagBag from /home/milo/13-airflow/airflowhome/airflowenv/lib/python3.9/site-packages/airflow/example_dags/example_branch_operator_decorator.py
[2023-02-04 02:03:16,357] {processor.py:651} INFO - DAG(s) dict_keys(['example_branch_python_operator_decorator']) retrieved from /home/milo/13-airflow/airflowhome/airflowenv/lib/python3.9/site-packages/airflow/example_dags/example_branch_operator_decorator.py
[2023-02-04 02:03:16,384] {logging_mixin.py:115} INFO - [2023-02-04 02:03:16,384] {dag.py:2420} INFO - Sync 1 DAGs
[2023-02-04 02:03:16,414] {logging_mixin.py:115} INFO - [2023-02-04 02:03:16,414] {dag.py:2968} INFO - Setting next_dagrun for example_branch_python_operator_decorator to 2023-02-03T00:00:00+00:00, run_after=2023-02-04T00:00:00+00:00
[2023-02-04 02:03:16,434] {processor.py:161} INFO - Processing /home/milo/13-airflow/airflowhome/airflowenv/lib/python3.9/site-packages/airflow/example_dags/example_branch_operator_decorator.py took 0.115 seconds
[2023-02-04 02:03:49,427] {processor.py:153} INFO - Started process (PID=7381) to work on /home/milo/13-airflow/airflowhome/airflowenv/lib/python3.9/site-packages/airflow/example_dags/example_branch_operator_decorator.py
[2023-02-04 02:03:49,428] {processor.py:641} INFO - Processing file /home/milo/13-airflow/airflowhome/airflowenv/lib/python3.9/site-packages/airflow/example_dags/example_branch_operator_decorator.py for tasks to queue
[2023-02-04 02:03:49,428] {logging_mixin.py:115} INFO - [2023-02-04 02:03:49,428] {dagbag.py:508} INFO - Filling up the DagBag from /home/milo/13-airflow/airflowhome/airflowenv/lib/python3.9/site-packages/airflow/example_dags/example_branch_operator_decorator.py
[2023-02-04 02:03:49,459] {processor.py:651} INFO - DAG(s) dict_keys(['example_branch_python_operator_decorator']) retrieved from /home/milo/13-airflow/airflowhome/airflowenv/lib/python3.9/site-packages/airflow/example_dags/example_branch_operator_decorator.py
[2023-02-04 02:03:49,485] {logging_mixin.py:115} INFO - [2023-02-04 02:03:49,485] {dag.py:2420} INFO - Sync 1 DAGs
[2023-02-04 02:03:49,516] {logging_mixin.py:115} INFO - [2023-02-04 02:03:49,515] {dag.py:2968} INFO - Setting next_dagrun for example_branch_python_operator_decorator to 2023-02-03T00:00:00+00:00, run_after=2023-02-04T00:00:00+00:00
[2023-02-04 02:03:49,535] {processor.py:161} INFO - Processing /home/milo/13-airflow/airflowhome/airflowenv/lib/python3.9/site-packages/airflow/example_dags/example_branch_operator_decorator.py took 0.113 seconds
[2023-02-04 02:04:25,222] {processor.py:153} INFO - Started process (PID=7415) to work on /home/milo/13-airflow/airflowhome/airflowenv/lib/python3.9/site-packages/airflow/example_dags/example_branch_operator_decorator.py
[2023-02-04 02:04:25,242] {processor.py:641} INFO - Processing file /home/milo/13-airflow/airflowhome/airflowenv/lib/python3.9/site-packages/airflow/example_dags/example_branch_operator_decorator.py for tasks to queue
[2023-02-04 02:04:25,243] {logging_mixin.py:115} INFO - [2023-02-04 02:04:25,242] {dagbag.py:508} INFO - Filling up the DagBag from /home/milo/13-airflow/airflowhome/airflowenv/lib/python3.9/site-packages/airflow/example_dags/example_branch_operator_decorator.py
[2023-02-04 02:04:25,280] {processor.py:651} INFO - DAG(s) dict_keys(['example_branch_python_operator_decorator']) retrieved from /home/milo/13-airflow/airflowhome/airflowenv/lib/python3.9/site-packages/airflow/example_dags/example_branch_operator_decorator.py
[2023-02-04 02:04:25,306] {logging_mixin.py:115} INFO - [2023-02-04 02:04:25,306] {dag.py:2420} INFO - Sync 1 DAGs
[2023-02-04 02:04:25,345] {logging_mixin.py:115} INFO - [2023-02-04 02:04:25,345] {dag.py:2968} INFO - Setting next_dagrun for example_branch_python_operator_decorator to 2023-02-03T00:00:00+00:00, run_after=2023-02-04T00:00:00+00:00
[2023-02-04 02:04:25,369] {processor.py:161} INFO - Processing /home/milo/13-airflow/airflowhome/airflowenv/lib/python3.9/site-packages/airflow/example_dags/example_branch_operator_decorator.py took 0.153 seconds
[2023-02-04 02:04:56,649] {processor.py:153} INFO - Started process (PID=7445) to work on /home/milo/13-airflow/airflowhome/airflowenv/lib/python3.9/site-packages/airflow/example_dags/example_branch_operator_decorator.py
[2023-02-04 02:04:56,650] {processor.py:641} INFO - Processing file /home/milo/13-airflow/airflowhome/airflowenv/lib/python3.9/site-packages/airflow/example_dags/example_branch_operator_decorator.py for tasks to queue
[2023-02-04 02:04:56,651] {logging_mixin.py:115} INFO - [2023-02-04 02:04:56,651] {dagbag.py:508} INFO - Filling up the DagBag from /home/milo/13-airflow/airflowhome/airflowenv/lib/python3.9/site-packages/airflow/example_dags/example_branch_operator_decorator.py
[2023-02-04 02:04:56,685] {processor.py:651} INFO - DAG(s) dict_keys(['example_branch_python_operator_decorator']) retrieved from /home/milo/13-airflow/airflowhome/airflowenv/lib/python3.9/site-packages/airflow/example_dags/example_branch_operator_decorator.py
[2023-02-04 02:04:56,718] {logging_mixin.py:115} INFO - [2023-02-04 02:04:56,718] {dag.py:2420} INFO - Sync 1 DAGs
[2023-02-04 02:04:56,754] {logging_mixin.py:115} INFO - [2023-02-04 02:04:56,754] {dag.py:2968} INFO - Setting next_dagrun for example_branch_python_operator_decorator to 2023-02-03T00:00:00+00:00, run_after=2023-02-04T00:00:00+00:00
[2023-02-04 02:04:56,776] {processor.py:161} INFO - Processing /home/milo/13-airflow/airflowhome/airflowenv/lib/python3.9/site-packages/airflow/example_dags/example_branch_operator_decorator.py took 0.132 seconds
[2023-02-04 02:05:29,874] {processor.py:153} INFO - Started process (PID=7482) to work on /home/milo/13-airflow/airflowhome/airflowenv/lib/python3.9/site-packages/airflow/example_dags/example_branch_operator_decorator.py
[2023-02-04 02:05:29,875] {processor.py:641} INFO - Processing file /home/milo/13-airflow/airflowhome/airflowenv/lib/python3.9/site-packages/airflow/example_dags/example_branch_operator_decorator.py for tasks to queue
[2023-02-04 02:05:29,875] {logging_mixin.py:115} INFO - [2023-02-04 02:05:29,875] {dagbag.py:508} INFO - Filling up the DagBag from /home/milo/13-airflow/airflowhome/airflowenv/lib/python3.9/site-packages/airflow/example_dags/example_branch_operator_decorator.py
[2023-02-04 02:05:29,908] {processor.py:651} INFO - DAG(s) dict_keys(['example_branch_python_operator_decorator']) retrieved from /home/milo/13-airflow/airflowhome/airflowenv/lib/python3.9/site-packages/airflow/example_dags/example_branch_operator_decorator.py
[2023-02-04 02:05:29,935] {logging_mixin.py:115} INFO - [2023-02-04 02:05:29,935] {dag.py:2420} INFO - Sync 1 DAGs
[2023-02-04 02:05:29,965] {logging_mixin.py:115} INFO - [2023-02-04 02:05:29,965] {dag.py:2968} INFO - Setting next_dagrun for example_branch_python_operator_decorator to 2023-02-03T00:00:00+00:00, run_after=2023-02-04T00:00:00+00:00
[2023-02-04 02:05:29,984] {processor.py:161} INFO - Processing /home/milo/13-airflow/airflowhome/airflowenv/lib/python3.9/site-packages/airflow/example_dags/example_branch_operator_decorator.py took 0.116 seconds
[2023-02-04 02:06:03,913] {processor.py:153} INFO - Started process (PID=7515) to work on /home/milo/13-airflow/airflowhome/airflowenv/lib/python3.9/site-packages/airflow/example_dags/example_branch_operator_decorator.py
[2023-02-04 02:06:03,914] {processor.py:641} INFO - Processing file /home/milo/13-airflow/airflowhome/airflowenv/lib/python3.9/site-packages/airflow/example_dags/example_branch_operator_decorator.py for tasks to queue
[2023-02-04 02:06:03,915] {logging_mixin.py:115} INFO - [2023-02-04 02:06:03,915] {dagbag.py:508} INFO - Filling up the DagBag from /home/milo/13-airflow/airflowhome/airflowenv/lib/python3.9/site-packages/airflow/example_dags/example_branch_operator_decorator.py
[2023-02-04 02:06:03,946] {processor.py:651} INFO - DAG(s) dict_keys(['example_branch_python_operator_decorator']) retrieved from /home/milo/13-airflow/airflowhome/airflowenv/lib/python3.9/site-packages/airflow/example_dags/example_branch_operator_decorator.py
[2023-02-04 02:06:03,972] {logging_mixin.py:115} INFO - [2023-02-04 02:06:03,972] {dag.py:2420} INFO - Sync 1 DAGs
[2023-02-04 02:06:04,003] {logging_mixin.py:115} INFO - [2023-02-04 02:06:04,003] {dag.py:2968} INFO - Setting next_dagrun for example_branch_python_operator_decorator to 2023-02-03T00:00:00+00:00, run_after=2023-02-04T00:00:00+00:00
[2023-02-04 02:06:04,024] {processor.py:161} INFO - Processing /home/milo/13-airflow/airflowhome/airflowenv/lib/python3.9/site-packages/airflow/example_dags/example_branch_operator_decorator.py took 0.116 seconds
[2023-02-04 02:06:38,065] {processor.py:153} INFO - Started process (PID=7548) to work on /home/milo/13-airflow/airflowhome/airflowenv/lib/python3.9/site-packages/airflow/example_dags/example_branch_operator_decorator.py
[2023-02-04 02:06:38,067] {processor.py:641} INFO - Processing file /home/milo/13-airflow/airflowhome/airflowenv/lib/python3.9/site-packages/airflow/example_dags/example_branch_operator_decorator.py for tasks to queue
[2023-02-04 02:06:38,068] {logging_mixin.py:115} INFO - [2023-02-04 02:06:38,068] {dagbag.py:508} INFO - Filling up the DagBag from /home/milo/13-airflow/airflowhome/airflowenv/lib/python3.9/site-packages/airflow/example_dags/example_branch_operator_decorator.py
[2023-02-04 02:06:38,098] {processor.py:651} INFO - DAG(s) dict_keys(['example_branch_python_operator_decorator']) retrieved from /home/milo/13-airflow/airflowhome/airflowenv/lib/python3.9/site-packages/airflow/example_dags/example_branch_operator_decorator.py
[2023-02-04 02:06:38,125] {logging_mixin.py:115} INFO - [2023-02-04 02:06:38,125] {dag.py:2420} INFO - Sync 1 DAGs
[2023-02-04 02:06:38,155] {logging_mixin.py:115} INFO - [2023-02-04 02:06:38,154] {dag.py:2968} INFO - Setting next_dagrun for example_branch_python_operator_decorator to 2023-02-03T00:00:00+00:00, run_after=2023-02-04T00:00:00+00:00
[2023-02-04 02:06:38,174] {processor.py:161} INFO - Processing /home/milo/13-airflow/airflowhome/airflowenv/lib/python3.9/site-packages/airflow/example_dags/example_branch_operator_decorator.py took 0.114 seconds
[2023-02-04 02:07:11,504] {processor.py:153} INFO - Started process (PID=7579) to work on /home/milo/13-airflow/airflowhome/airflowenv/lib/python3.9/site-packages/airflow/example_dags/example_branch_operator_decorator.py
[2023-02-04 02:07:11,505] {processor.py:641} INFO - Processing file /home/milo/13-airflow/airflowhome/airflowenv/lib/python3.9/site-packages/airflow/example_dags/example_branch_operator_decorator.py for tasks to queue
[2023-02-04 02:07:11,506] {logging_mixin.py:115} INFO - [2023-02-04 02:07:11,506] {dagbag.py:508} INFO - Filling up the DagBag from /home/milo/13-airflow/airflowhome/airflowenv/lib/python3.9/site-packages/airflow/example_dags/example_branch_operator_decorator.py
[2023-02-04 02:07:11,536] {processor.py:651} INFO - DAG(s) dict_keys(['example_branch_python_operator_decorator']) retrieved from /home/milo/13-airflow/airflowhome/airflowenv/lib/python3.9/site-packages/airflow/example_dags/example_branch_operator_decorator.py
[2023-02-04 02:07:11,563] {logging_mixin.py:115} INFO - [2023-02-04 02:07:11,563] {dag.py:2420} INFO - Sync 1 DAGs
[2023-02-04 02:07:11,593] {logging_mixin.py:115} INFO - [2023-02-04 02:07:11,593] {dag.py:2968} INFO - Setting next_dagrun for example_branch_python_operator_decorator to 2023-02-03T00:00:00+00:00, run_after=2023-02-04T00:00:00+00:00
[2023-02-04 02:07:11,613] {processor.py:161} INFO - Processing /home/milo/13-airflow/airflowhome/airflowenv/lib/python3.9/site-packages/airflow/example_dags/example_branch_operator_decorator.py took 0.142 seconds
[2023-02-04 02:07:44,484] {processor.py:153} INFO - Started process (PID=7612) to work on /home/milo/13-airflow/airflowhome/airflowenv/lib/python3.9/site-packages/airflow/example_dags/example_branch_operator_decorator.py
[2023-02-04 02:07:44,486] {processor.py:641} INFO - Processing file /home/milo/13-airflow/airflowhome/airflowenv/lib/python3.9/site-packages/airflow/example_dags/example_branch_operator_decorator.py for tasks to queue
[2023-02-04 02:07:44,487] {logging_mixin.py:115} INFO - [2023-02-04 02:07:44,486] {dagbag.py:508} INFO - Filling up the DagBag from /home/milo/13-airflow/airflowhome/airflowenv/lib/python3.9/site-packages/airflow/example_dags/example_branch_operator_decorator.py
[2023-02-04 02:07:44,520] {processor.py:651} INFO - DAG(s) dict_keys(['example_branch_python_operator_decorator']) retrieved from /home/milo/13-airflow/airflowhome/airflowenv/lib/python3.9/site-packages/airflow/example_dags/example_branch_operator_decorator.py
[2023-02-04 02:07:44,556] {logging_mixin.py:115} INFO - [2023-02-04 02:07:44,555] {dag.py:2420} INFO - Sync 1 DAGs
[2023-02-04 02:07:44,590] {logging_mixin.py:115} INFO - [2023-02-04 02:07:44,590] {dag.py:2968} INFO - Setting next_dagrun for example_branch_python_operator_decorator to 2023-02-03T00:00:00+00:00, run_after=2023-02-04T00:00:00+00:00
[2023-02-04 02:07:44,618] {processor.py:161} INFO - Processing /home/milo/13-airflow/airflowhome/airflowenv/lib/python3.9/site-packages/airflow/example_dags/example_branch_operator_decorator.py took 0.139 seconds
[2023-02-04 02:08:20,010] {processor.py:153} INFO - Started process (PID=7647) to work on /home/milo/13-airflow/airflowhome/airflowenv/lib/python3.9/site-packages/airflow/example_dags/example_branch_operator_decorator.py
[2023-02-04 02:08:20,012] {processor.py:641} INFO - Processing file /home/milo/13-airflow/airflowhome/airflowenv/lib/python3.9/site-packages/airflow/example_dags/example_branch_operator_decorator.py for tasks to queue
[2023-02-04 02:08:20,013] {logging_mixin.py:115} INFO - [2023-02-04 02:08:20,013] {dagbag.py:508} INFO - Filling up the DagBag from /home/milo/13-airflow/airflowhome/airflowenv/lib/python3.9/site-packages/airflow/example_dags/example_branch_operator_decorator.py
[2023-02-04 02:08:20,046] {processor.py:651} INFO - DAG(s) dict_keys(['example_branch_python_operator_decorator']) retrieved from /home/milo/13-airflow/airflowhome/airflowenv/lib/python3.9/site-packages/airflow/example_dags/example_branch_operator_decorator.py
[2023-02-04 02:08:20,074] {logging_mixin.py:115} INFO - [2023-02-04 02:08:20,074] {dag.py:2420} INFO - Sync 1 DAGs
[2023-02-04 02:08:20,106] {logging_mixin.py:115} INFO - [2023-02-04 02:08:20,106] {dag.py:2968} INFO - Setting next_dagrun for example_branch_python_operator_decorator to 2023-02-03T00:00:00+00:00, run_after=2023-02-04T00:00:00+00:00
[2023-02-04 02:08:20,128] {processor.py:161} INFO - Processing /home/milo/13-airflow/airflowhome/airflowenv/lib/python3.9/site-packages/airflow/example_dags/example_branch_operator_decorator.py took 0.123 seconds
[2023-02-04 02:08:57,611] {processor.py:153} INFO - Started process (PID=7683) to work on /home/milo/13-airflow/airflowhome/airflowenv/lib/python3.9/site-packages/airflow/example_dags/example_branch_operator_decorator.py
[2023-02-04 02:08:57,613] {processor.py:641} INFO - Processing file /home/milo/13-airflow/airflowhome/airflowenv/lib/python3.9/site-packages/airflow/example_dags/example_branch_operator_decorator.py for tasks to queue
[2023-02-04 02:08:57,614] {logging_mixin.py:115} INFO - [2023-02-04 02:08:57,614] {dagbag.py:508} INFO - Filling up the DagBag from /home/milo/13-airflow/airflowhome/airflowenv/lib/python3.9/site-packages/airflow/example_dags/example_branch_operator_decorator.py
[2023-02-04 02:08:57,662] {processor.py:651} INFO - DAG(s) dict_keys(['example_branch_python_operator_decorator']) retrieved from /home/milo/13-airflow/airflowhome/airflowenv/lib/python3.9/site-packages/airflow/example_dags/example_branch_operator_decorator.py
[2023-02-04 02:08:57,689] {logging_mixin.py:115} INFO - [2023-02-04 02:08:57,689] {dag.py:2420} INFO - Sync 1 DAGs
[2023-02-04 02:08:57,719] {logging_mixin.py:115} INFO - [2023-02-04 02:08:57,719] {dag.py:2968} INFO - Setting next_dagrun for example_branch_python_operator_decorator to 2023-02-03T00:00:00+00:00, run_after=2023-02-04T00:00:00+00:00
[2023-02-04 02:08:57,754] {processor.py:161} INFO - Processing /home/milo/13-airflow/airflowhome/airflowenv/lib/python3.9/site-packages/airflow/example_dags/example_branch_operator_decorator.py took 0.148 seconds
[2023-02-04 02:12:08,888] {processor.py:153} INFO - Started process (PID=7797) to work on /home/milo/13-airflow/airflowhome/airflowenv/lib/python3.9/site-packages/airflow/example_dags/example_branch_operator_decorator.py
[2023-02-04 02:12:08,891] {processor.py:641} INFO - Processing file /home/milo/13-airflow/airflowhome/airflowenv/lib/python3.9/site-packages/airflow/example_dags/example_branch_operator_decorator.py for tasks to queue
[2023-02-04 02:12:08,891] {logging_mixin.py:115} INFO - [2023-02-04 02:12:08,891] {dagbag.py:508} INFO - Filling up the DagBag from /home/milo/13-airflow/airflowhome/airflowenv/lib/python3.9/site-packages/airflow/example_dags/example_branch_operator_decorator.py
[2023-02-04 02:12:08,955] {processor.py:651} INFO - DAG(s) dict_keys(['example_branch_python_operator_decorator']) retrieved from /home/milo/13-airflow/airflowhome/airflowenv/lib/python3.9/site-packages/airflow/example_dags/example_branch_operator_decorator.py
[2023-02-04 02:12:09,013] {logging_mixin.py:115} INFO - [2023-02-04 02:12:09,013] {dag.py:2420} INFO - Sync 1 DAGs
[2023-02-04 02:12:09,085] {logging_mixin.py:115} INFO - [2023-02-04 02:12:09,085] {dag.py:2968} INFO - Setting next_dagrun for example_branch_python_operator_decorator to 2023-02-03T00:00:00+00:00, run_after=2023-02-04T00:00:00+00:00
[2023-02-04 02:12:09,121] {processor.py:161} INFO - Processing /home/milo/13-airflow/airflowhome/airflowenv/lib/python3.9/site-packages/airflow/example_dags/example_branch_operator_decorator.py took 0.248 seconds
[2023-02-04 02:21:54,136] {processor.py:153} INFO - Started process (PID=7880) to work on /home/milo/13-airflow/airflowhome/airflowenv/lib/python3.9/site-packages/airflow/example_dags/example_branch_operator_decorator.py
[2023-02-04 02:21:54,139] {processor.py:641} INFO - Processing file /home/milo/13-airflow/airflowhome/airflowenv/lib/python3.9/site-packages/airflow/example_dags/example_branch_operator_decorator.py for tasks to queue
[2023-02-04 02:21:54,140] {logging_mixin.py:115} INFO - [2023-02-04 02:21:54,140] {dagbag.py:508} INFO - Filling up the DagBag from /home/milo/13-airflow/airflowhome/airflowenv/lib/python3.9/site-packages/airflow/example_dags/example_branch_operator_decorator.py
[2023-02-04 02:21:54,221] {processor.py:651} INFO - DAG(s) dict_keys(['example_branch_python_operator_decorator']) retrieved from /home/milo/13-airflow/airflowhome/airflowenv/lib/python3.9/site-packages/airflow/example_dags/example_branch_operator_decorator.py
[2023-02-04 02:21:54,339] {logging_mixin.py:115} INFO - [2023-02-04 02:21:54,339] {dag.py:2420} INFO - Sync 1 DAGs
[2023-02-04 02:21:54,410] {logging_mixin.py:115} INFO - [2023-02-04 02:21:54,410] {dag.py:2968} INFO - Setting next_dagrun for example_branch_python_operator_decorator to 2023-02-03T00:00:00+00:00, run_after=2023-02-04T00:00:00+00:00
[2023-02-04 02:21:54,495] {processor.py:161} INFO - Processing /home/milo/13-airflow/airflowhome/airflowenv/lib/python3.9/site-packages/airflow/example_dags/example_branch_operator_decorator.py took 0.383 seconds
