[2023-02-04 01:53:28,818] {processor.py:153} INFO - Started process (PID=6611) to work on /home/milo/13-airflow/airflowhome/airflowenv/lib/python3.9/site-packages/airflow/example_dags/example_time_delta_sensor_async.py
[2023-02-04 01:53:28,818] {processor.py:641} INFO - Processing file /home/milo/13-airflow/airflowhome/airflowenv/lib/python3.9/site-packages/airflow/example_dags/example_time_delta_sensor_async.py for tasks to queue
[2023-02-04 01:53:28,819] {logging_mixin.py:115} INFO - [2023-02-04 01:53:28,819] {dagbag.py:508} INFO - Filling up the DagBag from /home/milo/13-airflow/airflowhome/airflowenv/lib/python3.9/site-packages/airflow/example_dags/example_time_delta_sensor_async.py
[2023-02-04 01:53:28,828] {processor.py:651} INFO - DAG(s) dict_keys(['example_time_delta_sensor_async']) retrieved from /home/milo/13-airflow/airflowhome/airflowenv/lib/python3.9/site-packages/airflow/example_dags/example_time_delta_sensor_async.py
[2023-02-04 01:53:28,950] {logging_mixin.py:115} INFO - [2023-02-04 01:53:28,949] {manager.py:508} INFO - Created Permission View: can read on DAG:example_time_delta_sensor_async
[2023-02-04 01:53:28,966] {logging_mixin.py:115} INFO - [2023-02-04 01:53:28,965] {manager.py:508} INFO - Created Permission View: can edit on DAG:example_time_delta_sensor_async
[2023-02-04 01:53:28,978] {logging_mixin.py:115} INFO - [2023-02-04 01:53:28,978] {manager.py:508} INFO - Created Permission View: can delete on DAG:example_time_delta_sensor_async
[2023-02-04 01:53:28,979] {logging_mixin.py:115} INFO - [2023-02-04 01:53:28,979] {dag.py:2420} INFO - Sync 1 DAGs
[2023-02-04 01:53:28,990] {logging_mixin.py:115} INFO - [2023-02-04 01:53:28,990] {dag.py:2439} INFO - Creating ORM DAG for example_time_delta_sensor_async
[2023-02-04 01:53:29,005] {logging_mixin.py:115} INFO - [2023-02-04 01:53:29,005] {dag.py:2968} INFO - Setting next_dagrun for example_time_delta_sensor_async to None, run_after=None
[2023-02-04 01:53:29,027] {processor.py:161} INFO - Processing /home/milo/13-airflow/airflowhome/airflowenv/lib/python3.9/site-packages/airflow/example_dags/example_time_delta_sensor_async.py took 0.215 seconds
[2023-02-04 01:54:14,267] {processor.py:153} INFO - Started process (PID=6651) to work on /home/milo/13-airflow/airflowhome/airflowenv/lib/python3.9/site-packages/airflow/example_dags/example_time_delta_sensor_async.py
[2023-02-04 01:54:14,269] {processor.py:641} INFO - Processing file /home/milo/13-airflow/airflowhome/airflowenv/lib/python3.9/site-packages/airflow/example_dags/example_time_delta_sensor_async.py for tasks to queue
[2023-02-04 01:54:14,270] {logging_mixin.py:115} INFO - [2023-02-04 01:54:14,270] {dagbag.py:508} INFO - Filling up the DagBag from /home/milo/13-airflow/airflowhome/airflowenv/lib/python3.9/site-packages/airflow/example_dags/example_time_delta_sensor_async.py
[2023-02-04 01:54:14,278] {processor.py:651} INFO - DAG(s) dict_keys(['example_time_delta_sensor_async']) retrieved from /home/milo/13-airflow/airflowhome/airflowenv/lib/python3.9/site-packages/airflow/example_dags/example_time_delta_sensor_async.py
[2023-02-04 01:54:14,314] {logging_mixin.py:115} INFO - [2023-02-04 01:54:14,313] {dag.py:2420} INFO - Sync 1 DAGs
[2023-02-04 01:54:14,343] {logging_mixin.py:115} INFO - [2023-02-04 01:54:14,343] {dag.py:2968} INFO - Setting next_dagrun for example_time_delta_sensor_async to None, run_after=None
[2023-02-04 01:54:14,362] {processor.py:161} INFO - Processing /home/milo/13-airflow/airflowhome/airflowenv/lib/python3.9/site-packages/airflow/example_dags/example_time_delta_sensor_async.py took 0.100 seconds
[2023-02-04 01:54:58,315] {processor.py:153} INFO - Started process (PID=6693) to work on /home/milo/13-airflow/airflowhome/airflowenv/lib/python3.9/site-packages/airflow/example_dags/example_time_delta_sensor_async.py
[2023-02-04 01:54:58,317] {processor.py:641} INFO - Processing file /home/milo/13-airflow/airflowhome/airflowenv/lib/python3.9/site-packages/airflow/example_dags/example_time_delta_sensor_async.py for tasks to queue
[2023-02-04 01:54:58,318] {logging_mixin.py:115} INFO - [2023-02-04 01:54:58,318] {dagbag.py:508} INFO - Filling up the DagBag from /home/milo/13-airflow/airflowhome/airflowenv/lib/python3.9/site-packages/airflow/example_dags/example_time_delta_sensor_async.py
[2023-02-04 01:54:58,327] {processor.py:651} INFO - DAG(s) dict_keys(['example_time_delta_sensor_async']) retrieved from /home/milo/13-airflow/airflowhome/airflowenv/lib/python3.9/site-packages/airflow/example_dags/example_time_delta_sensor_async.py
[2023-02-04 01:54:58,366] {logging_mixin.py:115} INFO - [2023-02-04 01:54:58,366] {dag.py:2420} INFO - Sync 1 DAGs
[2023-02-04 01:54:58,399] {logging_mixin.py:115} INFO - [2023-02-04 01:54:58,399] {dag.py:2968} INFO - Setting next_dagrun for example_time_delta_sensor_async to None, run_after=None
[2023-02-04 01:54:58,425] {processor.py:161} INFO - Processing /home/milo/13-airflow/airflowhome/airflowenv/lib/python3.9/site-packages/airflow/example_dags/example_time_delta_sensor_async.py took 0.114 seconds
[2023-02-04 01:56:03,342] {processor.py:153} INFO - Started process (PID=6738) to work on /home/milo/13-airflow/airflowhome/airflowenv/lib/python3.9/site-packages/airflow/example_dags/example_time_delta_sensor_async.py
[2023-02-04 01:56:03,376] {processor.py:641} INFO - Processing file /home/milo/13-airflow/airflowhome/airflowenv/lib/python3.9/site-packages/airflow/example_dags/example_time_delta_sensor_async.py for tasks to queue
[2023-02-04 01:56:03,377] {logging_mixin.py:115} INFO - [2023-02-04 01:56:03,377] {dagbag.py:508} INFO - Filling up the DagBag from /home/milo/13-airflow/airflowhome/airflowenv/lib/python3.9/site-packages/airflow/example_dags/example_time_delta_sensor_async.py
[2023-02-04 01:56:03,385] {processor.py:651} INFO - DAG(s) dict_keys(['example_time_delta_sensor_async']) retrieved from /home/milo/13-airflow/airflowhome/airflowenv/lib/python3.9/site-packages/airflow/example_dags/example_time_delta_sensor_async.py
[2023-02-04 01:56:03,420] {logging_mixin.py:115} INFO - [2023-02-04 01:56:03,419] {dag.py:2420} INFO - Sync 1 DAGs
[2023-02-04 01:56:03,448] {logging_mixin.py:115} INFO - [2023-02-04 01:56:03,448] {dag.py:2968} INFO - Setting next_dagrun for example_time_delta_sensor_async to None, run_after=None
[2023-02-04 01:56:04,299] {processor.py:161} INFO - Processing /home/milo/13-airflow/airflowhome/airflowenv/lib/python3.9/site-packages/airflow/example_dags/example_time_delta_sensor_async.py took 0.962 seconds
[2023-02-04 01:56:49,639] {processor.py:153} INFO - Started process (PID=6772) to work on /home/milo/13-airflow/airflowhome/airflowenv/lib/python3.9/site-packages/airflow/example_dags/example_time_delta_sensor_async.py
[2023-02-04 01:56:49,644] {processor.py:641} INFO - Processing file /home/milo/13-airflow/airflowhome/airflowenv/lib/python3.9/site-packages/airflow/example_dags/example_time_delta_sensor_async.py for tasks to queue
[2023-02-04 01:56:49,645] {logging_mixin.py:115} INFO - [2023-02-04 01:56:49,644] {dagbag.py:508} INFO - Filling up the DagBag from /home/milo/13-airflow/airflowhome/airflowenv/lib/python3.9/site-packages/airflow/example_dags/example_time_delta_sensor_async.py
[2023-02-04 01:56:49,653] {processor.py:651} INFO - DAG(s) dict_keys(['example_time_delta_sensor_async']) retrieved from /home/milo/13-airflow/airflowhome/airflowenv/lib/python3.9/site-packages/airflow/example_dags/example_time_delta_sensor_async.py
[2023-02-04 01:56:49,689] {logging_mixin.py:115} INFO - [2023-02-04 01:56:49,688] {dag.py:2420} INFO - Sync 1 DAGs
[2023-02-04 01:56:49,718] {logging_mixin.py:115} INFO - [2023-02-04 01:56:49,717] {dag.py:2968} INFO - Setting next_dagrun for example_time_delta_sensor_async to None, run_after=None
[2023-02-04 01:56:50,211] {processor.py:161} INFO - Processing /home/milo/13-airflow/airflowhome/airflowenv/lib/python3.9/site-packages/airflow/example_dags/example_time_delta_sensor_async.py took 0.577 seconds
[2023-02-04 01:57:32,344] {processor.py:153} INFO - Started process (PID=6808) to work on /home/milo/13-airflow/airflowhome/airflowenv/lib/python3.9/site-packages/airflow/example_dags/example_time_delta_sensor_async.py
[2023-02-04 01:57:32,346] {processor.py:641} INFO - Processing file /home/milo/13-airflow/airflowhome/airflowenv/lib/python3.9/site-packages/airflow/example_dags/example_time_delta_sensor_async.py for tasks to queue
[2023-02-04 01:57:32,347] {logging_mixin.py:115} INFO - [2023-02-04 01:57:32,347] {dagbag.py:508} INFO - Filling up the DagBag from /home/milo/13-airflow/airflowhome/airflowenv/lib/python3.9/site-packages/airflow/example_dags/example_time_delta_sensor_async.py
[2023-02-04 01:57:32,355] {processor.py:651} INFO - DAG(s) dict_keys(['example_time_delta_sensor_async']) retrieved from /home/milo/13-airflow/airflowhome/airflowenv/lib/python3.9/site-packages/airflow/example_dags/example_time_delta_sensor_async.py
[2023-02-04 01:57:32,394] {logging_mixin.py:115} INFO - [2023-02-04 01:57:32,394] {dag.py:2420} INFO - Sync 1 DAGs
[2023-02-04 01:57:32,432] {logging_mixin.py:115} INFO - [2023-02-04 01:57:32,432] {dag.py:2968} INFO - Setting next_dagrun for example_time_delta_sensor_async to None, run_after=None
[2023-02-04 01:57:32,454] {processor.py:161} INFO - Processing /home/milo/13-airflow/airflowhome/airflowenv/lib/python3.9/site-packages/airflow/example_dags/example_time_delta_sensor_async.py took 0.114 seconds
[2023-02-04 01:58:07,378] {processor.py:153} INFO - Started process (PID=7029) to work on /home/milo/13-airflow/airflowhome/airflowenv/lib/python3.9/site-packages/airflow/example_dags/example_time_delta_sensor_async.py
[2023-02-04 01:58:07,379] {processor.py:641} INFO - Processing file /home/milo/13-airflow/airflowhome/airflowenv/lib/python3.9/site-packages/airflow/example_dags/example_time_delta_sensor_async.py for tasks to queue
[2023-02-04 01:58:07,380] {logging_mixin.py:115} INFO - [2023-02-04 01:58:07,380] {dagbag.py:508} INFO - Filling up the DagBag from /home/milo/13-airflow/airflowhome/airflowenv/lib/python3.9/site-packages/airflow/example_dags/example_time_delta_sensor_async.py
[2023-02-04 01:58:07,389] {processor.py:651} INFO - DAG(s) dict_keys(['example_time_delta_sensor_async']) retrieved from /home/milo/13-airflow/airflowhome/airflowenv/lib/python3.9/site-packages/airflow/example_dags/example_time_delta_sensor_async.py
[2023-02-04 01:58:07,424] {logging_mixin.py:115} INFO - [2023-02-04 01:58:07,424] {dag.py:2420} INFO - Sync 1 DAGs
[2023-02-04 01:58:07,451] {logging_mixin.py:115} INFO - [2023-02-04 01:58:07,451] {dag.py:2968} INFO - Setting next_dagrun for example_time_delta_sensor_async to None, run_after=None
[2023-02-04 01:58:07,471] {processor.py:161} INFO - Processing /home/milo/13-airflow/airflowhome/airflowenv/lib/python3.9/site-packages/airflow/example_dags/example_time_delta_sensor_async.py took 0.098 seconds
[2023-02-04 01:58:45,327] {processor.py:153} INFO - Started process (PID=7074) to work on /home/milo/13-airflow/airflowhome/airflowenv/lib/python3.9/site-packages/airflow/example_dags/example_time_delta_sensor_async.py
[2023-02-04 01:58:45,329] {processor.py:641} INFO - Processing file /home/milo/13-airflow/airflowhome/airflowenv/lib/python3.9/site-packages/airflow/example_dags/example_time_delta_sensor_async.py for tasks to queue
[2023-02-04 01:58:45,329] {logging_mixin.py:115} INFO - [2023-02-04 01:58:45,329] {dagbag.py:508} INFO - Filling up the DagBag from /home/milo/13-airflow/airflowhome/airflowenv/lib/python3.9/site-packages/airflow/example_dags/example_time_delta_sensor_async.py
[2023-02-04 01:58:45,338] {processor.py:651} INFO - DAG(s) dict_keys(['example_time_delta_sensor_async']) retrieved from /home/milo/13-airflow/airflowhome/airflowenv/lib/python3.9/site-packages/airflow/example_dags/example_time_delta_sensor_async.py
[2023-02-04 01:58:45,373] {logging_mixin.py:115} INFO - [2023-02-04 01:58:45,373] {dag.py:2420} INFO - Sync 1 DAGs
[2023-02-04 01:58:45,400] {logging_mixin.py:115} INFO - [2023-02-04 01:58:45,400] {dag.py:2968} INFO - Setting next_dagrun for example_time_delta_sensor_async to None, run_after=None
[2023-02-04 01:58:45,420] {processor.py:161} INFO - Processing /home/milo/13-airflow/airflowhome/airflowenv/lib/python3.9/site-packages/airflow/example_dags/example_time_delta_sensor_async.py took 0.098 seconds
[2023-02-04 01:59:19,535] {processor.py:153} INFO - Started process (PID=7110) to work on /home/milo/13-airflow/airflowhome/airflowenv/lib/python3.9/site-packages/airflow/example_dags/example_time_delta_sensor_async.py
[2023-02-04 01:59:19,536] {processor.py:641} INFO - Processing file /home/milo/13-airflow/airflowhome/airflowenv/lib/python3.9/site-packages/airflow/example_dags/example_time_delta_sensor_async.py for tasks to queue
[2023-02-04 01:59:19,537] {logging_mixin.py:115} INFO - [2023-02-04 01:59:19,537] {dagbag.py:508} INFO - Filling up the DagBag from /home/milo/13-airflow/airflowhome/airflowenv/lib/python3.9/site-packages/airflow/example_dags/example_time_delta_sensor_async.py
[2023-02-04 01:59:19,546] {processor.py:651} INFO - DAG(s) dict_keys(['example_time_delta_sensor_async']) retrieved from /home/milo/13-airflow/airflowhome/airflowenv/lib/python3.9/site-packages/airflow/example_dags/example_time_delta_sensor_async.py
[2023-02-04 01:59:19,580] {logging_mixin.py:115} INFO - [2023-02-04 01:59:19,580] {dag.py:2420} INFO - Sync 1 DAGs
[2023-02-04 01:59:19,608] {logging_mixin.py:115} INFO - [2023-02-04 01:59:19,608] {dag.py:2968} INFO - Setting next_dagrun for example_time_delta_sensor_async to None, run_after=None
[2023-02-04 01:59:19,628] {processor.py:161} INFO - Processing /home/milo/13-airflow/airflowhome/airflowenv/lib/python3.9/site-packages/airflow/example_dags/example_time_delta_sensor_async.py took 0.098 seconds
[2023-02-04 01:59:55,942] {processor.py:153} INFO - Started process (PID=7145) to work on /home/milo/13-airflow/airflowhome/airflowenv/lib/python3.9/site-packages/airflow/example_dags/example_time_delta_sensor_async.py
[2023-02-04 01:59:55,943] {processor.py:641} INFO - Processing file /home/milo/13-airflow/airflowhome/airflowenv/lib/python3.9/site-packages/airflow/example_dags/example_time_delta_sensor_async.py for tasks to queue
[2023-02-04 01:59:55,944] {logging_mixin.py:115} INFO - [2023-02-04 01:59:55,944] {dagbag.py:508} INFO - Filling up the DagBag from /home/milo/13-airflow/airflowhome/airflowenv/lib/python3.9/site-packages/airflow/example_dags/example_time_delta_sensor_async.py
[2023-02-04 01:59:55,953] {processor.py:651} INFO - DAG(s) dict_keys(['example_time_delta_sensor_async']) retrieved from /home/milo/13-airflow/airflowhome/airflowenv/lib/python3.9/site-packages/airflow/example_dags/example_time_delta_sensor_async.py
[2023-02-04 01:59:55,989] {logging_mixin.py:115} INFO - [2023-02-04 01:59:55,989] {dag.py:2420} INFO - Sync 1 DAGs
[2023-02-04 01:59:56,023] {logging_mixin.py:115} INFO - [2023-02-04 01:59:56,023] {dag.py:2968} INFO - Setting next_dagrun for example_time_delta_sensor_async to None, run_after=None
[2023-02-04 01:59:56,044] {processor.py:161} INFO - Processing /home/milo/13-airflow/airflowhome/airflowenv/lib/python3.9/site-packages/airflow/example_dags/example_time_delta_sensor_async.py took 0.107 seconds
[2023-02-04 02:00:32,495] {processor.py:153} INFO - Started process (PID=7183) to work on /home/milo/13-airflow/airflowhome/airflowenv/lib/python3.9/site-packages/airflow/example_dags/example_time_delta_sensor_async.py
[2023-02-04 02:00:32,498] {processor.py:641} INFO - Processing file /home/milo/13-airflow/airflowhome/airflowenv/lib/python3.9/site-packages/airflow/example_dags/example_time_delta_sensor_async.py for tasks to queue
[2023-02-04 02:00:32,499] {logging_mixin.py:115} INFO - [2023-02-04 02:00:32,499] {dagbag.py:508} INFO - Filling up the DagBag from /home/milo/13-airflow/airflowhome/airflowenv/lib/python3.9/site-packages/airflow/example_dags/example_time_delta_sensor_async.py
[2023-02-04 02:00:32,509] {processor.py:651} INFO - DAG(s) dict_keys(['example_time_delta_sensor_async']) retrieved from /home/milo/13-airflow/airflowhome/airflowenv/lib/python3.9/site-packages/airflow/example_dags/example_time_delta_sensor_async.py
[2023-02-04 02:00:32,548] {logging_mixin.py:115} INFO - [2023-02-04 02:00:32,548] {dag.py:2420} INFO - Sync 1 DAGs
[2023-02-04 02:00:32,577] {logging_mixin.py:115} INFO - [2023-02-04 02:00:32,576] {dag.py:2968} INFO - Setting next_dagrun for example_time_delta_sensor_async to None, run_after=None
[2023-02-04 02:00:32,602] {processor.py:161} INFO - Processing /home/milo/13-airflow/airflowhome/airflowenv/lib/python3.9/site-packages/airflow/example_dags/example_time_delta_sensor_async.py took 0.113 seconds
[2023-02-04 02:01:08,555] {processor.py:153} INFO - Started process (PID=7219) to work on /home/milo/13-airflow/airflowhome/airflowenv/lib/python3.9/site-packages/airflow/example_dags/example_time_delta_sensor_async.py
[2023-02-04 02:01:08,556] {processor.py:641} INFO - Processing file /home/milo/13-airflow/airflowhome/airflowenv/lib/python3.9/site-packages/airflow/example_dags/example_time_delta_sensor_async.py for tasks to queue
[2023-02-04 02:01:08,559] {logging_mixin.py:115} INFO - [2023-02-04 02:01:08,559] {dagbag.py:508} INFO - Filling up the DagBag from /home/milo/13-airflow/airflowhome/airflowenv/lib/python3.9/site-packages/airflow/example_dags/example_time_delta_sensor_async.py
[2023-02-04 02:01:08,568] {processor.py:651} INFO - DAG(s) dict_keys(['example_time_delta_sensor_async']) retrieved from /home/milo/13-airflow/airflowhome/airflowenv/lib/python3.9/site-packages/airflow/example_dags/example_time_delta_sensor_async.py
[2023-02-04 02:01:08,603] {logging_mixin.py:115} INFO - [2023-02-04 02:01:08,603] {dag.py:2420} INFO - Sync 1 DAGs
[2023-02-04 02:01:08,631] {logging_mixin.py:115} INFO - [2023-02-04 02:01:08,631] {dag.py:2968} INFO - Setting next_dagrun for example_time_delta_sensor_async to None, run_after=None
[2023-02-04 02:01:08,654] {processor.py:161} INFO - Processing /home/milo/13-airflow/airflowhome/airflowenv/lib/python3.9/site-packages/airflow/example_dags/example_time_delta_sensor_async.py took 0.105 seconds
[2023-02-04 02:01:43,367] {processor.py:153} INFO - Started process (PID=7254) to work on /home/milo/13-airflow/airflowhome/airflowenv/lib/python3.9/site-packages/airflow/example_dags/example_time_delta_sensor_async.py
[2023-02-04 02:01:43,369] {processor.py:641} INFO - Processing file /home/milo/13-airflow/airflowhome/airflowenv/lib/python3.9/site-packages/airflow/example_dags/example_time_delta_sensor_async.py for tasks to queue
[2023-02-04 02:01:43,370] {logging_mixin.py:115} INFO - [2023-02-04 02:01:43,370] {dagbag.py:508} INFO - Filling up the DagBag from /home/milo/13-airflow/airflowhome/airflowenv/lib/python3.9/site-packages/airflow/example_dags/example_time_delta_sensor_async.py
[2023-02-04 02:01:43,379] {processor.py:651} INFO - DAG(s) dict_keys(['example_time_delta_sensor_async']) retrieved from /home/milo/13-airflow/airflowhome/airflowenv/lib/python3.9/site-packages/airflow/example_dags/example_time_delta_sensor_async.py
[2023-02-04 02:01:43,414] {logging_mixin.py:115} INFO - [2023-02-04 02:01:43,413] {dag.py:2420} INFO - Sync 1 DAGs
[2023-02-04 02:01:43,441] {logging_mixin.py:115} INFO - [2023-02-04 02:01:43,441] {dag.py:2968} INFO - Setting next_dagrun for example_time_delta_sensor_async to None, run_after=None
[2023-02-04 02:01:43,461] {processor.py:161} INFO - Processing /home/milo/13-airflow/airflowhome/airflowenv/lib/python3.9/site-packages/airflow/example_dags/example_time_delta_sensor_async.py took 0.099 seconds
[2023-02-04 02:02:18,002] {processor.py:153} INFO - Started process (PID=7289) to work on /home/milo/13-airflow/airflowhome/airflowenv/lib/python3.9/site-packages/airflow/example_dags/example_time_delta_sensor_async.py
[2023-02-04 02:02:18,004] {processor.py:641} INFO - Processing file /home/milo/13-airflow/airflowhome/airflowenv/lib/python3.9/site-packages/airflow/example_dags/example_time_delta_sensor_async.py for tasks to queue
[2023-02-04 02:02:18,005] {logging_mixin.py:115} INFO - [2023-02-04 02:02:18,005] {dagbag.py:508} INFO - Filling up the DagBag from /home/milo/13-airflow/airflowhome/airflowenv/lib/python3.9/site-packages/airflow/example_dags/example_time_delta_sensor_async.py
[2023-02-04 02:02:18,014] {processor.py:651} INFO - DAG(s) dict_keys(['example_time_delta_sensor_async']) retrieved from /home/milo/13-airflow/airflowhome/airflowenv/lib/python3.9/site-packages/airflow/example_dags/example_time_delta_sensor_async.py
[2023-02-04 02:02:18,048] {logging_mixin.py:115} INFO - [2023-02-04 02:02:18,048] {dag.py:2420} INFO - Sync 1 DAGs
[2023-02-04 02:02:18,075] {logging_mixin.py:115} INFO - [2023-02-04 02:02:18,075] {dag.py:2968} INFO - Setting next_dagrun for example_time_delta_sensor_async to None, run_after=None
[2023-02-04 02:02:18,094] {processor.py:161} INFO - Processing /home/milo/13-airflow/airflowhome/airflowenv/lib/python3.9/site-packages/airflow/example_dags/example_time_delta_sensor_async.py took 0.097 seconds
[2023-02-04 02:02:53,721] {processor.py:153} INFO - Started process (PID=7325) to work on /home/milo/13-airflow/airflowhome/airflowenv/lib/python3.9/site-packages/airflow/example_dags/example_time_delta_sensor_async.py
[2023-02-04 02:02:53,722] {processor.py:641} INFO - Processing file /home/milo/13-airflow/airflowhome/airflowenv/lib/python3.9/site-packages/airflow/example_dags/example_time_delta_sensor_async.py for tasks to queue
[2023-02-04 02:02:53,723] {logging_mixin.py:115} INFO - [2023-02-04 02:02:53,723] {dagbag.py:508} INFO - Filling up the DagBag from /home/milo/13-airflow/airflowhome/airflowenv/lib/python3.9/site-packages/airflow/example_dags/example_time_delta_sensor_async.py
[2023-02-04 02:02:53,731] {processor.py:651} INFO - DAG(s) dict_keys(['example_time_delta_sensor_async']) retrieved from /home/milo/13-airflow/airflowhome/airflowenv/lib/python3.9/site-packages/airflow/example_dags/example_time_delta_sensor_async.py
[2023-02-04 02:02:53,766] {logging_mixin.py:115} INFO - [2023-02-04 02:02:53,766] {dag.py:2420} INFO - Sync 1 DAGs
[2023-02-04 02:02:53,794] {logging_mixin.py:115} INFO - [2023-02-04 02:02:53,794] {dag.py:2968} INFO - Setting next_dagrun for example_time_delta_sensor_async to None, run_after=None
[2023-02-04 02:02:53,814] {processor.py:161} INFO - Processing /home/milo/13-airflow/airflowhome/airflowenv/lib/python3.9/site-packages/airflow/example_dags/example_time_delta_sensor_async.py took 0.098 seconds
[2023-02-04 02:03:28,410] {processor.py:153} INFO - Started process (PID=7360) to work on /home/milo/13-airflow/airflowhome/airflowenv/lib/python3.9/site-packages/airflow/example_dags/example_time_delta_sensor_async.py
[2023-02-04 02:03:28,412] {processor.py:641} INFO - Processing file /home/milo/13-airflow/airflowhome/airflowenv/lib/python3.9/site-packages/airflow/example_dags/example_time_delta_sensor_async.py for tasks to queue
[2023-02-04 02:03:28,412] {logging_mixin.py:115} INFO - [2023-02-04 02:03:28,412] {dagbag.py:508} INFO - Filling up the DagBag from /home/milo/13-airflow/airflowhome/airflowenv/lib/python3.9/site-packages/airflow/example_dags/example_time_delta_sensor_async.py
[2023-02-04 02:03:28,421] {processor.py:651} INFO - DAG(s) dict_keys(['example_time_delta_sensor_async']) retrieved from /home/milo/13-airflow/airflowhome/airflowenv/lib/python3.9/site-packages/airflow/example_dags/example_time_delta_sensor_async.py
[2023-02-04 02:03:28,456] {logging_mixin.py:115} INFO - [2023-02-04 02:03:28,456] {dag.py:2420} INFO - Sync 1 DAGs
[2023-02-04 02:03:28,484] {logging_mixin.py:115} INFO - [2023-02-04 02:03:28,484] {dag.py:2968} INFO - Setting next_dagrun for example_time_delta_sensor_async to None, run_after=None
[2023-02-04 02:03:28,506] {processor.py:161} INFO - Processing /home/milo/13-airflow/airflowhome/airflowenv/lib/python3.9/site-packages/airflow/example_dags/example_time_delta_sensor_async.py took 0.101 seconds
[2023-02-04 02:04:03,651] {processor.py:153} INFO - Started process (PID=7395) to work on /home/milo/13-airflow/airflowhome/airflowenv/lib/python3.9/site-packages/airflow/example_dags/example_time_delta_sensor_async.py
[2023-02-04 02:04:03,653] {processor.py:641} INFO - Processing file /home/milo/13-airflow/airflowhome/airflowenv/lib/python3.9/site-packages/airflow/example_dags/example_time_delta_sensor_async.py for tasks to queue
[2023-02-04 02:04:03,654] {logging_mixin.py:115} INFO - [2023-02-04 02:04:03,653] {dagbag.py:508} INFO - Filling up the DagBag from /home/milo/13-airflow/airflowhome/airflowenv/lib/python3.9/site-packages/airflow/example_dags/example_time_delta_sensor_async.py
[2023-02-04 02:04:03,662] {processor.py:651} INFO - DAG(s) dict_keys(['example_time_delta_sensor_async']) retrieved from /home/milo/13-airflow/airflowhome/airflowenv/lib/python3.9/site-packages/airflow/example_dags/example_time_delta_sensor_async.py
[2023-02-04 02:04:03,697] {logging_mixin.py:115} INFO - [2023-02-04 02:04:03,697] {dag.py:2420} INFO - Sync 1 DAGs
[2023-02-04 02:04:03,725] {logging_mixin.py:115} INFO - [2023-02-04 02:04:03,724] {dag.py:2968} INFO - Setting next_dagrun for example_time_delta_sensor_async to None, run_after=None
[2023-02-04 02:04:03,745] {processor.py:161} INFO - Processing /home/milo/13-airflow/airflowhome/airflowenv/lib/python3.9/site-packages/airflow/example_dags/example_time_delta_sensor_async.py took 0.099 seconds
[2023-02-04 02:04:42,941] {processor.py:153} INFO - Started process (PID=7432) to work on /home/milo/13-airflow/airflowhome/airflowenv/lib/python3.9/site-packages/airflow/example_dags/example_time_delta_sensor_async.py
[2023-02-04 02:04:42,942] {processor.py:641} INFO - Processing file /home/milo/13-airflow/airflowhome/airflowenv/lib/python3.9/site-packages/airflow/example_dags/example_time_delta_sensor_async.py for tasks to queue
[2023-02-04 02:04:42,943] {logging_mixin.py:115} INFO - [2023-02-04 02:04:42,943] {dagbag.py:508} INFO - Filling up the DagBag from /home/milo/13-airflow/airflowhome/airflowenv/lib/python3.9/site-packages/airflow/example_dags/example_time_delta_sensor_async.py
[2023-02-04 02:04:42,952] {processor.py:651} INFO - DAG(s) dict_keys(['example_time_delta_sensor_async']) retrieved from /home/milo/13-airflow/airflowhome/airflowenv/lib/python3.9/site-packages/airflow/example_dags/example_time_delta_sensor_async.py
[2023-02-04 02:04:42,987] {logging_mixin.py:115} INFO - [2023-02-04 02:04:42,987] {dag.py:2420} INFO - Sync 1 DAGs
[2023-02-04 02:04:43,015] {logging_mixin.py:115} INFO - [2023-02-04 02:04:43,015] {dag.py:2968} INFO - Setting next_dagrun for example_time_delta_sensor_async to None, run_after=None
[2023-02-04 02:04:43,036] {processor.py:161} INFO - Processing /home/milo/13-airflow/airflowhome/airflowenv/lib/python3.9/site-packages/airflow/example_dags/example_time_delta_sensor_async.py took 0.100 seconds
[2023-02-04 02:05:23,080] {processor.py:153} INFO - Started process (PID=7474) to work on /home/milo/13-airflow/airflowhome/airflowenv/lib/python3.9/site-packages/airflow/example_dags/example_time_delta_sensor_async.py
[2023-02-04 02:05:23,081] {processor.py:641} INFO - Processing file /home/milo/13-airflow/airflowhome/airflowenv/lib/python3.9/site-packages/airflow/example_dags/example_time_delta_sensor_async.py for tasks to queue
[2023-02-04 02:05:23,082] {logging_mixin.py:115} INFO - [2023-02-04 02:05:23,082] {dagbag.py:508} INFO - Filling up the DagBag from /home/milo/13-airflow/airflowhome/airflowenv/lib/python3.9/site-packages/airflow/example_dags/example_time_delta_sensor_async.py
[2023-02-04 02:05:23,090] {processor.py:651} INFO - DAG(s) dict_keys(['example_time_delta_sensor_async']) retrieved from /home/milo/13-airflow/airflowhome/airflowenv/lib/python3.9/site-packages/airflow/example_dags/example_time_delta_sensor_async.py
[2023-02-04 02:05:23,137] {logging_mixin.py:115} INFO - [2023-02-04 02:05:23,137] {dag.py:2420} INFO - Sync 1 DAGs
[2023-02-04 02:05:23,165] {logging_mixin.py:115} INFO - [2023-02-04 02:05:23,165] {dag.py:2968} INFO - Setting next_dagrun for example_time_delta_sensor_async to None, run_after=None
[2023-02-04 02:05:23,186] {processor.py:161} INFO - Processing /home/milo/13-airflow/airflowhome/airflowenv/lib/python3.9/site-packages/airflow/example_dags/example_time_delta_sensor_async.py took 0.112 seconds
[2023-02-04 02:06:00,023] {processor.py:153} INFO - Started process (PID=7512) to work on /home/milo/13-airflow/airflowhome/airflowenv/lib/python3.9/site-packages/airflow/example_dags/example_time_delta_sensor_async.py
[2023-02-04 02:06:00,033] {processor.py:641} INFO - Processing file /home/milo/13-airflow/airflowhome/airflowenv/lib/python3.9/site-packages/airflow/example_dags/example_time_delta_sensor_async.py for tasks to queue
[2023-02-04 02:06:00,034] {logging_mixin.py:115} INFO - [2023-02-04 02:06:00,034] {dagbag.py:508} INFO - Filling up the DagBag from /home/milo/13-airflow/airflowhome/airflowenv/lib/python3.9/site-packages/airflow/example_dags/example_time_delta_sensor_async.py
[2023-02-04 02:06:00,042] {processor.py:651} INFO - DAG(s) dict_keys(['example_time_delta_sensor_async']) retrieved from /home/milo/13-airflow/airflowhome/airflowenv/lib/python3.9/site-packages/airflow/example_dags/example_time_delta_sensor_async.py
[2023-02-04 02:06:00,092] {logging_mixin.py:115} INFO - [2023-02-04 02:06:00,092] {dag.py:2420} INFO - Sync 1 DAGs
[2023-02-04 02:06:00,126] {logging_mixin.py:115} INFO - [2023-02-04 02:06:00,126] {dag.py:2968} INFO - Setting next_dagrun for example_time_delta_sensor_async to None, run_after=None
[2023-02-04 02:06:00,151] {processor.py:161} INFO - Processing /home/milo/13-airflow/airflowhome/airflowenv/lib/python3.9/site-packages/airflow/example_dags/example_time_delta_sensor_async.py took 0.133 seconds
[2023-02-04 02:06:36,499] {processor.py:153} INFO - Started process (PID=7546) to work on /home/milo/13-airflow/airflowhome/airflowenv/lib/python3.9/site-packages/airflow/example_dags/example_time_delta_sensor_async.py
[2023-02-04 02:06:36,500] {processor.py:641} INFO - Processing file /home/milo/13-airflow/airflowhome/airflowenv/lib/python3.9/site-packages/airflow/example_dags/example_time_delta_sensor_async.py for tasks to queue
[2023-02-04 02:06:36,501] {logging_mixin.py:115} INFO - [2023-02-04 02:06:36,500] {dagbag.py:508} INFO - Filling up the DagBag from /home/milo/13-airflow/airflowhome/airflowenv/lib/python3.9/site-packages/airflow/example_dags/example_time_delta_sensor_async.py
[2023-02-04 02:06:36,509] {processor.py:651} INFO - DAG(s) dict_keys(['example_time_delta_sensor_async']) retrieved from /home/milo/13-airflow/airflowhome/airflowenv/lib/python3.9/site-packages/airflow/example_dags/example_time_delta_sensor_async.py
[2023-02-04 02:06:36,544] {logging_mixin.py:115} INFO - [2023-02-04 02:06:36,544] {dag.py:2420} INFO - Sync 1 DAGs
[2023-02-04 02:06:36,572] {logging_mixin.py:115} INFO - [2023-02-04 02:06:36,571] {dag.py:2968} INFO - Setting next_dagrun for example_time_delta_sensor_async to None, run_after=None
[2023-02-04 02:06:36,592] {processor.py:161} INFO - Processing /home/milo/13-airflow/airflowhome/airflowenv/lib/python3.9/site-packages/airflow/example_dags/example_time_delta_sensor_async.py took 0.099 seconds
[2023-02-04 02:07:14,789] {processor.py:153} INFO - Started process (PID=7583) to work on /home/milo/13-airflow/airflowhome/airflowenv/lib/python3.9/site-packages/airflow/example_dags/example_time_delta_sensor_async.py
[2023-02-04 02:07:14,790] {processor.py:641} INFO - Processing file /home/milo/13-airflow/airflowhome/airflowenv/lib/python3.9/site-packages/airflow/example_dags/example_time_delta_sensor_async.py for tasks to queue
[2023-02-04 02:07:14,791] {logging_mixin.py:115} INFO - [2023-02-04 02:07:14,791] {dagbag.py:508} INFO - Filling up the DagBag from /home/milo/13-airflow/airflowhome/airflowenv/lib/python3.9/site-packages/airflow/example_dags/example_time_delta_sensor_async.py
[2023-02-04 02:07:14,800] {processor.py:651} INFO - DAG(s) dict_keys(['example_time_delta_sensor_async']) retrieved from /home/milo/13-airflow/airflowhome/airflowenv/lib/python3.9/site-packages/airflow/example_dags/example_time_delta_sensor_async.py
[2023-02-04 02:07:14,835] {logging_mixin.py:115} INFO - [2023-02-04 02:07:14,835] {dag.py:2420} INFO - Sync 1 DAGs
[2023-02-04 02:07:14,863] {logging_mixin.py:115} INFO - [2023-02-04 02:07:14,862] {dag.py:2968} INFO - Setting next_dagrun for example_time_delta_sensor_async to None, run_after=None
[2023-02-04 02:07:14,882] {processor.py:161} INFO - Processing /home/milo/13-airflow/airflowhome/airflowenv/lib/python3.9/site-packages/airflow/example_dags/example_time_delta_sensor_async.py took 0.098 seconds
[2023-02-04 02:07:53,523] {processor.py:153} INFO - Started process (PID=7620) to work on /home/milo/13-airflow/airflowhome/airflowenv/lib/python3.9/site-packages/airflow/example_dags/example_time_delta_sensor_async.py
[2023-02-04 02:07:53,524] {processor.py:641} INFO - Processing file /home/milo/13-airflow/airflowhome/airflowenv/lib/python3.9/site-packages/airflow/example_dags/example_time_delta_sensor_async.py for tasks to queue
[2023-02-04 02:07:53,525] {logging_mixin.py:115} INFO - [2023-02-04 02:07:53,525] {dagbag.py:508} INFO - Filling up the DagBag from /home/milo/13-airflow/airflowhome/airflowenv/lib/python3.9/site-packages/airflow/example_dags/example_time_delta_sensor_async.py
[2023-02-04 02:07:53,535] {processor.py:651} INFO - DAG(s) dict_keys(['example_time_delta_sensor_async']) retrieved from /home/milo/13-airflow/airflowhome/airflowenv/lib/python3.9/site-packages/airflow/example_dags/example_time_delta_sensor_async.py
[2023-02-04 02:07:53,571] {logging_mixin.py:115} INFO - [2023-02-04 02:07:53,570] {dag.py:2420} INFO - Sync 1 DAGs
[2023-02-04 02:07:53,599] {logging_mixin.py:115} INFO - [2023-02-04 02:07:53,599] {dag.py:2968} INFO - Setting next_dagrun for example_time_delta_sensor_async to None, run_after=None
[2023-02-04 02:07:53,625] {processor.py:161} INFO - Processing /home/milo/13-airflow/airflowhome/airflowenv/lib/python3.9/site-packages/airflow/example_dags/example_time_delta_sensor_async.py took 0.108 seconds
[2023-02-04 02:08:29,685] {processor.py:153} INFO - Started process (PID=7656) to work on /home/milo/13-airflow/airflowhome/airflowenv/lib/python3.9/site-packages/airflow/example_dags/example_time_delta_sensor_async.py
[2023-02-04 02:08:29,687] {processor.py:641} INFO - Processing file /home/milo/13-airflow/airflowhome/airflowenv/lib/python3.9/site-packages/airflow/example_dags/example_time_delta_sensor_async.py for tasks to queue
[2023-02-04 02:08:29,687] {logging_mixin.py:115} INFO - [2023-02-04 02:08:29,687] {dagbag.py:508} INFO - Filling up the DagBag from /home/milo/13-airflow/airflowhome/airflowenv/lib/python3.9/site-packages/airflow/example_dags/example_time_delta_sensor_async.py
[2023-02-04 02:08:29,695] {processor.py:651} INFO - DAG(s) dict_keys(['example_time_delta_sensor_async']) retrieved from /home/milo/13-airflow/airflowhome/airflowenv/lib/python3.9/site-packages/airflow/example_dags/example_time_delta_sensor_async.py
[2023-02-04 02:08:29,730] {logging_mixin.py:115} INFO - [2023-02-04 02:08:29,730] {dag.py:2420} INFO - Sync 1 DAGs
[2023-02-04 02:08:29,757] {logging_mixin.py:115} INFO - [2023-02-04 02:08:29,757] {dag.py:2968} INFO - Setting next_dagrun for example_time_delta_sensor_async to None, run_after=None
[2023-02-04 02:08:29,777] {processor.py:161} INFO - Processing /home/milo/13-airflow/airflowhome/airflowenv/lib/python3.9/site-packages/airflow/example_dags/example_time_delta_sensor_async.py took 0.099 seconds
[2023-02-04 02:09:04,369] {processor.py:153} INFO - Started process (PID=7723) to work on /home/milo/13-airflow/airflowhome/airflowenv/lib/python3.9/site-packages/airflow/example_dags/example_time_delta_sensor_async.py
[2023-02-04 02:09:04,371] {processor.py:641} INFO - Processing file /home/milo/13-airflow/airflowhome/airflowenv/lib/python3.9/site-packages/airflow/example_dags/example_time_delta_sensor_async.py for tasks to queue
[2023-02-04 02:09:04,372] {logging_mixin.py:115} INFO - [2023-02-04 02:09:04,372] {dagbag.py:508} INFO - Filling up the DagBag from /home/milo/13-airflow/airflowhome/airflowenv/lib/python3.9/site-packages/airflow/example_dags/example_time_delta_sensor_async.py
[2023-02-04 02:09:04,380] {processor.py:651} INFO - DAG(s) dict_keys(['example_time_delta_sensor_async']) retrieved from /home/milo/13-airflow/airflowhome/airflowenv/lib/python3.9/site-packages/airflow/example_dags/example_time_delta_sensor_async.py
[2023-02-04 02:09:04,415] {logging_mixin.py:115} INFO - [2023-02-04 02:09:04,415] {dag.py:2420} INFO - Sync 1 DAGs
[2023-02-04 02:09:04,443] {logging_mixin.py:115} INFO - [2023-02-04 02:09:04,443] {dag.py:2968} INFO - Setting next_dagrun for example_time_delta_sensor_async to None, run_after=None
[2023-02-04 02:09:04,463] {processor.py:161} INFO - Processing /home/milo/13-airflow/airflowhome/airflowenv/lib/python3.9/site-packages/airflow/example_dags/example_time_delta_sensor_async.py took 0.098 seconds
[2023-02-04 02:22:10,971] {processor.py:153} INFO - Started process (PID=7896) to work on /home/milo/13-airflow/airflowhome/airflowenv/lib/python3.9/site-packages/airflow/example_dags/example_time_delta_sensor_async.py
[2023-02-04 02:22:10,973] {processor.py:641} INFO - Processing file /home/milo/13-airflow/airflowhome/airflowenv/lib/python3.9/site-packages/airflow/example_dags/example_time_delta_sensor_async.py for tasks to queue
[2023-02-04 02:22:10,974] {logging_mixin.py:115} INFO - [2023-02-04 02:22:10,974] {dagbag.py:508} INFO - Filling up the DagBag from /home/milo/13-airflow/airflowhome/airflowenv/lib/python3.9/site-packages/airflow/example_dags/example_time_delta_sensor_async.py
[2023-02-04 02:22:10,983] {processor.py:651} INFO - DAG(s) dict_keys(['example_time_delta_sensor_async']) retrieved from /home/milo/13-airflow/airflowhome/airflowenv/lib/python3.9/site-packages/airflow/example_dags/example_time_delta_sensor_async.py
[2023-02-04 02:22:11,017] {logging_mixin.py:115} INFO - [2023-02-04 02:22:11,017] {dag.py:2420} INFO - Sync 1 DAGs
[2023-02-04 02:22:11,046] {logging_mixin.py:115} INFO - [2023-02-04 02:22:11,046] {dag.py:2968} INFO - Setting next_dagrun for example_time_delta_sensor_async to None, run_after=None
[2023-02-04 02:22:11,065] {processor.py:161} INFO - Processing /home/milo/13-airflow/airflowhome/airflowenv/lib/python3.9/site-packages/airflow/example_dags/example_time_delta_sensor_async.py took 0.099 seconds
