[2023-02-04 01:53:13,851] {processor.py:153} INFO - Started process (PID=6601) to work on /home/milo/13-airflow/airflowhome/airflowenv/lib/python3.9/site-packages/airflow/example_dags/example_branch_day_of_week_operator.py
[2023-02-04 01:53:13,852] {processor.py:641} INFO - Processing file /home/milo/13-airflow/airflowhome/airflowenv/lib/python3.9/site-packages/airflow/example_dags/example_branch_day_of_week_operator.py for tasks to queue
[2023-02-04 01:53:13,853] {logging_mixin.py:115} INFO - [2023-02-04 01:53:13,852] {dagbag.py:508} INFO - Filling up the DagBag from /home/milo/13-airflow/airflowhome/airflowenv/lib/python3.9/site-packages/airflow/example_dags/example_branch_day_of_week_operator.py
[2023-02-04 01:53:13,874] {processor.py:651} INFO - DAG(s) dict_keys(['example_weekday_branch_operator']) retrieved from /home/milo/13-airflow/airflowhome/airflowenv/lib/python3.9/site-packages/airflow/example_dags/example_branch_day_of_week_operator.py
[2023-02-04 01:53:13,974] {logging_mixin.py:115} INFO - [2023-02-04 01:53:13,974] {manager.py:508} INFO - Created Permission View: can read on DAG:example_weekday_branch_operator
[2023-02-04 01:53:13,990] {logging_mixin.py:115} INFO - [2023-02-04 01:53:13,989] {manager.py:508} INFO - Created Permission View: can edit on DAG:example_weekday_branch_operator
[2023-02-04 01:53:14,003] {logging_mixin.py:115} INFO - [2023-02-04 01:53:14,003] {manager.py:508} INFO - Created Permission View: can delete on DAG:example_weekday_branch_operator
[2023-02-04 01:53:14,003] {logging_mixin.py:115} INFO - [2023-02-04 01:53:14,003] {dag.py:2420} INFO - Sync 1 DAGs
[2023-02-04 01:53:14,016] {logging_mixin.py:115} INFO - [2023-02-04 01:53:14,016] {dag.py:2439} INFO - Creating ORM DAG for example_weekday_branch_operator
[2023-02-04 01:53:14,038] {logging_mixin.py:115} INFO - [2023-02-04 01:53:14,038] {dag.py:2968} INFO - Setting next_dagrun for example_weekday_branch_operator to 2023-02-03T00:00:00+00:00, run_after=2023-02-04T00:00:00+00:00
[2023-02-04 01:53:14,072] {processor.py:161} INFO - Processing /home/milo/13-airflow/airflowhome/airflowenv/lib/python3.9/site-packages/airflow/example_dags/example_branch_day_of_week_operator.py took 0.226 seconds
[2023-02-04 01:54:02,181] {processor.py:153} INFO - Started process (PID=6644) to work on /home/milo/13-airflow/airflowhome/airflowenv/lib/python3.9/site-packages/airflow/example_dags/example_branch_day_of_week_operator.py
[2023-02-04 01:54:02,183] {processor.py:641} INFO - Processing file /home/milo/13-airflow/airflowhome/airflowenv/lib/python3.9/site-packages/airflow/example_dags/example_branch_day_of_week_operator.py for tasks to queue
[2023-02-04 01:54:02,184] {logging_mixin.py:115} INFO - [2023-02-04 01:54:02,184] {dagbag.py:508} INFO - Filling up the DagBag from /home/milo/13-airflow/airflowhome/airflowenv/lib/python3.9/site-packages/airflow/example_dags/example_branch_day_of_week_operator.py
[2023-02-04 01:54:02,198] {processor.py:651} INFO - DAG(s) dict_keys(['example_weekday_branch_operator']) retrieved from /home/milo/13-airflow/airflowhome/airflowenv/lib/python3.9/site-packages/airflow/example_dags/example_branch_day_of_week_operator.py
[2023-02-04 01:54:02,233] {logging_mixin.py:115} INFO - [2023-02-04 01:54:02,233] {dag.py:2420} INFO - Sync 1 DAGs
[2023-02-04 01:54:02,264] {logging_mixin.py:115} INFO - [2023-02-04 01:54:02,263] {dag.py:2968} INFO - Setting next_dagrun for example_weekday_branch_operator to 2023-02-03T00:00:00+00:00, run_after=2023-02-04T00:00:00+00:00
[2023-02-04 01:54:02,284] {processor.py:161} INFO - Processing /home/milo/13-airflow/airflowhome/airflowenv/lib/python3.9/site-packages/airflow/example_dags/example_branch_day_of_week_operator.py took 0.107 seconds
[2023-02-04 01:54:49,324] {processor.py:153} INFO - Started process (PID=6684) to work on /home/milo/13-airflow/airflowhome/airflowenv/lib/python3.9/site-packages/airflow/example_dags/example_branch_day_of_week_operator.py
[2023-02-04 01:54:49,326] {processor.py:641} INFO - Processing file /home/milo/13-airflow/airflowhome/airflowenv/lib/python3.9/site-packages/airflow/example_dags/example_branch_day_of_week_operator.py for tasks to queue
[2023-02-04 01:54:49,326] {logging_mixin.py:115} INFO - [2023-02-04 01:54:49,326] {dagbag.py:508} INFO - Filling up the DagBag from /home/milo/13-airflow/airflowhome/airflowenv/lib/python3.9/site-packages/airflow/example_dags/example_branch_day_of_week_operator.py
[2023-02-04 01:54:49,341] {processor.py:651} INFO - DAG(s) dict_keys(['example_weekday_branch_operator']) retrieved from /home/milo/13-airflow/airflowhome/airflowenv/lib/python3.9/site-packages/airflow/example_dags/example_branch_day_of_week_operator.py
[2023-02-04 01:54:49,367] {logging_mixin.py:115} INFO - [2023-02-04 01:54:49,367] {dag.py:2420} INFO - Sync 1 DAGs
[2023-02-04 01:54:49,406] {logging_mixin.py:115} INFO - [2023-02-04 01:54:49,405] {dag.py:2968} INFO - Setting next_dagrun for example_weekday_branch_operator to 2023-02-03T00:00:00+00:00, run_after=2023-02-04T00:00:00+00:00
[2023-02-04 01:54:49,436] {processor.py:161} INFO - Processing /home/milo/13-airflow/airflowhome/airflowenv/lib/python3.9/site-packages/airflow/example_dags/example_branch_day_of_week_operator.py took 0.117 seconds
[2023-02-04 01:55:38,709] {processor.py:153} INFO - Started process (PID=6723) to work on /home/milo/13-airflow/airflowhome/airflowenv/lib/python3.9/site-packages/airflow/example_dags/example_branch_day_of_week_operator.py
[2023-02-04 01:55:38,710] {processor.py:641} INFO - Processing file /home/milo/13-airflow/airflowhome/airflowenv/lib/python3.9/site-packages/airflow/example_dags/example_branch_day_of_week_operator.py for tasks to queue
[2023-02-04 01:55:38,711] {logging_mixin.py:115} INFO - [2023-02-04 01:55:38,711] {dagbag.py:508} INFO - Filling up the DagBag from /home/milo/13-airflow/airflowhome/airflowenv/lib/python3.9/site-packages/airflow/example_dags/example_branch_day_of_week_operator.py
[2023-02-04 01:55:38,725] {processor.py:651} INFO - DAG(s) dict_keys(['example_weekday_branch_operator']) retrieved from /home/milo/13-airflow/airflowhome/airflowenv/lib/python3.9/site-packages/airflow/example_dags/example_branch_day_of_week_operator.py
[2023-02-04 01:55:38,749] {logging_mixin.py:115} INFO - [2023-02-04 01:55:38,748] {dag.py:2420} INFO - Sync 1 DAGs
[2023-02-04 01:55:38,779] {logging_mixin.py:115} INFO - [2023-02-04 01:55:38,778] {dag.py:2968} INFO - Setting next_dagrun for example_weekday_branch_operator to 2023-02-03T00:00:00+00:00, run_after=2023-02-04T00:00:00+00:00
[2023-02-04 01:55:39,660] {processor.py:161} INFO - Processing /home/milo/13-airflow/airflowhome/airflowenv/lib/python3.9/site-packages/airflow/example_dags/example_branch_day_of_week_operator.py took 0.956 seconds
[2023-02-04 01:56:28,269] {processor.py:153} INFO - Started process (PID=6756) to work on /home/milo/13-airflow/airflowhome/airflowenv/lib/python3.9/site-packages/airflow/example_dags/example_branch_day_of_week_operator.py
[2023-02-04 01:56:28,271] {processor.py:641} INFO - Processing file /home/milo/13-airflow/airflowhome/airflowenv/lib/python3.9/site-packages/airflow/example_dags/example_branch_day_of_week_operator.py for tasks to queue
[2023-02-04 01:56:28,271] {logging_mixin.py:115} INFO - [2023-02-04 01:56:28,271] {dagbag.py:508} INFO - Filling up the DagBag from /home/milo/13-airflow/airflowhome/airflowenv/lib/python3.9/site-packages/airflow/example_dags/example_branch_day_of_week_operator.py
[2023-02-04 01:56:28,286] {processor.py:651} INFO - DAG(s) dict_keys(['example_weekday_branch_operator']) retrieved from /home/milo/13-airflow/airflowhome/airflowenv/lib/python3.9/site-packages/airflow/example_dags/example_branch_day_of_week_operator.py
[2023-02-04 01:56:28,314] {logging_mixin.py:115} INFO - [2023-02-04 01:56:28,314] {dag.py:2420} INFO - Sync 1 DAGs
[2023-02-04 01:56:28,346] {logging_mixin.py:115} INFO - [2023-02-04 01:56:28,346] {dag.py:2968} INFO - Setting next_dagrun for example_weekday_branch_operator to 2023-02-03T00:00:00+00:00, run_after=2023-02-04T00:00:00+00:00
[2023-02-04 01:56:28,374] {processor.py:161} INFO - Processing /home/milo/13-airflow/airflowhome/airflowenv/lib/python3.9/site-packages/airflow/example_dags/example_branch_day_of_week_operator.py took 0.110 seconds
[2023-02-04 01:57:15,377] {processor.py:153} INFO - Started process (PID=6792) to work on /home/milo/13-airflow/airflowhome/airflowenv/lib/python3.9/site-packages/airflow/example_dags/example_branch_day_of_week_operator.py
[2023-02-04 01:57:15,379] {processor.py:641} INFO - Processing file /home/milo/13-airflow/airflowhome/airflowenv/lib/python3.9/site-packages/airflow/example_dags/example_branch_day_of_week_operator.py for tasks to queue
[2023-02-04 01:57:15,379] {logging_mixin.py:115} INFO - [2023-02-04 01:57:15,379] {dagbag.py:508} INFO - Filling up the DagBag from /home/milo/13-airflow/airflowhome/airflowenv/lib/python3.9/site-packages/airflow/example_dags/example_branch_day_of_week_operator.py
[2023-02-04 01:57:15,398] {processor.py:651} INFO - DAG(s) dict_keys(['example_weekday_branch_operator']) retrieved from /home/milo/13-airflow/airflowhome/airflowenv/lib/python3.9/site-packages/airflow/example_dags/example_branch_day_of_week_operator.py
[2023-02-04 01:57:15,424] {logging_mixin.py:115} INFO - [2023-02-04 01:57:15,424] {dag.py:2420} INFO - Sync 1 DAGs
[2023-02-04 01:57:15,458] {logging_mixin.py:115} INFO - [2023-02-04 01:57:15,458] {dag.py:2968} INFO - Setting next_dagrun for example_weekday_branch_operator to 2023-02-03T00:00:00+00:00, run_after=2023-02-04T00:00:00+00:00
[2023-02-04 01:57:15,480] {processor.py:161} INFO - Processing /home/milo/13-airflow/airflowhome/airflowenv/lib/python3.9/site-packages/airflow/example_dags/example_branch_day_of_week_operator.py took 0.108 seconds
[2023-02-04 01:57:49,643] {processor.py:153} INFO - Started process (PID=7002) to work on /home/milo/13-airflow/airflowhome/airflowenv/lib/python3.9/site-packages/airflow/example_dags/example_branch_day_of_week_operator.py
[2023-02-04 01:57:49,644] {processor.py:641} INFO - Processing file /home/milo/13-airflow/airflowhome/airflowenv/lib/python3.9/site-packages/airflow/example_dags/example_branch_day_of_week_operator.py for tasks to queue
[2023-02-04 01:57:49,645] {logging_mixin.py:115} INFO - [2023-02-04 01:57:49,645] {dagbag.py:508} INFO - Filling up the DagBag from /home/milo/13-airflow/airflowhome/airflowenv/lib/python3.9/site-packages/airflow/example_dags/example_branch_day_of_week_operator.py
[2023-02-04 01:57:49,660] {processor.py:651} INFO - DAG(s) dict_keys(['example_weekday_branch_operator']) retrieved from /home/milo/13-airflow/airflowhome/airflowenv/lib/python3.9/site-packages/airflow/example_dags/example_branch_day_of_week_operator.py
[2023-02-04 01:57:49,685] {logging_mixin.py:115} INFO - [2023-02-04 01:57:49,685] {dag.py:2420} INFO - Sync 1 DAGs
[2023-02-04 01:57:49,716] {logging_mixin.py:115} INFO - [2023-02-04 01:57:49,716] {dag.py:2968} INFO - Setting next_dagrun for example_weekday_branch_operator to 2023-02-03T00:00:00+00:00, run_after=2023-02-04T00:00:00+00:00
[2023-02-04 01:57:49,738] {processor.py:161} INFO - Processing /home/milo/13-airflow/airflowhome/airflowenv/lib/python3.9/site-packages/airflow/example_dags/example_branch_day_of_week_operator.py took 0.102 seconds
[2023-02-04 01:58:25,004] {processor.py:153} INFO - Started process (PID=7054) to work on /home/milo/13-airflow/airflowhome/airflowenv/lib/python3.9/site-packages/airflow/example_dags/example_branch_day_of_week_operator.py
[2023-02-04 01:58:25,006] {processor.py:641} INFO - Processing file /home/milo/13-airflow/airflowhome/airflowenv/lib/python3.9/site-packages/airflow/example_dags/example_branch_day_of_week_operator.py for tasks to queue
[2023-02-04 01:58:25,007] {logging_mixin.py:115} INFO - [2023-02-04 01:58:25,007] {dagbag.py:508} INFO - Filling up the DagBag from /home/milo/13-airflow/airflowhome/airflowenv/lib/python3.9/site-packages/airflow/example_dags/example_branch_day_of_week_operator.py
[2023-02-04 01:58:25,022] {processor.py:651} INFO - DAG(s) dict_keys(['example_weekday_branch_operator']) retrieved from /home/milo/13-airflow/airflowhome/airflowenv/lib/python3.9/site-packages/airflow/example_dags/example_branch_day_of_week_operator.py
[2023-02-04 01:58:25,047] {logging_mixin.py:115} INFO - [2023-02-04 01:58:25,047] {dag.py:2420} INFO - Sync 1 DAGs
[2023-02-04 01:58:25,077] {logging_mixin.py:115} INFO - [2023-02-04 01:58:25,077] {dag.py:2968} INFO - Setting next_dagrun for example_weekday_branch_operator to 2023-02-03T00:00:00+00:00, run_after=2023-02-04T00:00:00+00:00
[2023-02-04 01:58:25,096] {processor.py:161} INFO - Processing /home/milo/13-airflow/airflowhome/airflowenv/lib/python3.9/site-packages/airflow/example_dags/example_branch_day_of_week_operator.py took 0.103 seconds
[2023-02-04 01:59:02,241] {processor.py:153} INFO - Started process (PID=7091) to work on /home/milo/13-airflow/airflowhome/airflowenv/lib/python3.9/site-packages/airflow/example_dags/example_branch_day_of_week_operator.py
[2023-02-04 01:59:02,243] {processor.py:641} INFO - Processing file /home/milo/13-airflow/airflowhome/airflowenv/lib/python3.9/site-packages/airflow/example_dags/example_branch_day_of_week_operator.py for tasks to queue
[2023-02-04 01:59:02,244] {logging_mixin.py:115} INFO - [2023-02-04 01:59:02,244] {dagbag.py:508} INFO - Filling up the DagBag from /home/milo/13-airflow/airflowhome/airflowenv/lib/python3.9/site-packages/airflow/example_dags/example_branch_day_of_week_operator.py
[2023-02-04 01:59:02,258] {processor.py:651} INFO - DAG(s) dict_keys(['example_weekday_branch_operator']) retrieved from /home/milo/13-airflow/airflowhome/airflowenv/lib/python3.9/site-packages/airflow/example_dags/example_branch_day_of_week_operator.py
[2023-02-04 01:59:02,284] {logging_mixin.py:115} INFO - [2023-02-04 01:59:02,283] {dag.py:2420} INFO - Sync 1 DAGs
[2023-02-04 01:59:02,315] {logging_mixin.py:115} INFO - [2023-02-04 01:59:02,315] {dag.py:2968} INFO - Setting next_dagrun for example_weekday_branch_operator to 2023-02-03T00:00:00+00:00, run_after=2023-02-04T00:00:00+00:00
[2023-02-04 01:59:02,334] {processor.py:161} INFO - Processing /home/milo/13-airflow/airflowhome/airflowenv/lib/python3.9/site-packages/airflow/example_dags/example_branch_day_of_week_operator.py took 0.097 seconds
[2023-02-04 01:59:34,030] {processor.py:153} INFO - Started process (PID=7124) to work on /home/milo/13-airflow/airflowhome/airflowenv/lib/python3.9/site-packages/airflow/example_dags/example_branch_day_of_week_operator.py
[2023-02-04 01:59:34,033] {processor.py:641} INFO - Processing file /home/milo/13-airflow/airflowhome/airflowenv/lib/python3.9/site-packages/airflow/example_dags/example_branch_day_of_week_operator.py for tasks to queue
[2023-02-04 01:59:34,034] {logging_mixin.py:115} INFO - [2023-02-04 01:59:34,034] {dagbag.py:508} INFO - Filling up the DagBag from /home/milo/13-airflow/airflowhome/airflowenv/lib/python3.9/site-packages/airflow/example_dags/example_branch_day_of_week_operator.py
[2023-02-04 01:59:34,061] {processor.py:651} INFO - DAG(s) dict_keys(['example_weekday_branch_operator']) retrieved from /home/milo/13-airflow/airflowhome/airflowenv/lib/python3.9/site-packages/airflow/example_dags/example_branch_day_of_week_operator.py
[2023-02-04 01:59:34,088] {logging_mixin.py:115} INFO - [2023-02-04 01:59:34,087] {dag.py:2420} INFO - Sync 1 DAGs
[2023-02-04 01:59:34,118] {logging_mixin.py:115} INFO - [2023-02-04 01:59:34,118] {dag.py:2968} INFO - Setting next_dagrun for example_weekday_branch_operator to 2023-02-03T00:00:00+00:00, run_after=2023-02-04T00:00:00+00:00
[2023-02-04 01:59:34,138] {processor.py:161} INFO - Processing /home/milo/13-airflow/airflowhome/airflowenv/lib/python3.9/site-packages/airflow/example_dags/example_branch_day_of_week_operator.py took 0.128 seconds
[2023-02-04 02:00:08,505] {processor.py:153} INFO - Started process (PID=7160) to work on /home/milo/13-airflow/airflowhome/airflowenv/lib/python3.9/site-packages/airflow/example_dags/example_branch_day_of_week_operator.py
[2023-02-04 02:00:08,506] {processor.py:641} INFO - Processing file /home/milo/13-airflow/airflowhome/airflowenv/lib/python3.9/site-packages/airflow/example_dags/example_branch_day_of_week_operator.py for tasks to queue
[2023-02-04 02:00:08,507] {logging_mixin.py:115} INFO - [2023-02-04 02:00:08,507] {dagbag.py:508} INFO - Filling up the DagBag from /home/milo/13-airflow/airflowhome/airflowenv/lib/python3.9/site-packages/airflow/example_dags/example_branch_day_of_week_operator.py
[2023-02-04 02:00:08,522] {processor.py:651} INFO - DAG(s) dict_keys(['example_weekday_branch_operator']) retrieved from /home/milo/13-airflow/airflowhome/airflowenv/lib/python3.9/site-packages/airflow/example_dags/example_branch_day_of_week_operator.py
[2023-02-04 02:00:08,547] {logging_mixin.py:115} INFO - [2023-02-04 02:00:08,547] {dag.py:2420} INFO - Sync 1 DAGs
[2023-02-04 02:00:08,580] {logging_mixin.py:115} INFO - [2023-02-04 02:00:08,580] {dag.py:2968} INFO - Setting next_dagrun for example_weekday_branch_operator to 2023-02-03T00:00:00+00:00, run_after=2023-02-04T00:00:00+00:00
[2023-02-04 02:00:08,601] {processor.py:161} INFO - Processing /home/milo/13-airflow/airflowhome/airflowenv/lib/python3.9/site-packages/airflow/example_dags/example_branch_day_of_week_operator.py took 0.100 seconds
[2023-02-04 02:00:46,567] {processor.py:153} INFO - Started process (PID=7196) to work on /home/milo/13-airflow/airflowhome/airflowenv/lib/python3.9/site-packages/airflow/example_dags/example_branch_day_of_week_operator.py
[2023-02-04 02:00:46,569] {processor.py:641} INFO - Processing file /home/milo/13-airflow/airflowhome/airflowenv/lib/python3.9/site-packages/airflow/example_dags/example_branch_day_of_week_operator.py for tasks to queue
[2023-02-04 02:00:46,570] {logging_mixin.py:115} INFO - [2023-02-04 02:00:46,570] {dagbag.py:508} INFO - Filling up the DagBag from /home/milo/13-airflow/airflowhome/airflowenv/lib/python3.9/site-packages/airflow/example_dags/example_branch_day_of_week_operator.py
[2023-02-04 02:00:46,598] {processor.py:651} INFO - DAG(s) dict_keys(['example_weekday_branch_operator']) retrieved from /home/milo/13-airflow/airflowhome/airflowenv/lib/python3.9/site-packages/airflow/example_dags/example_branch_day_of_week_operator.py
[2023-02-04 02:00:46,625] {logging_mixin.py:115} INFO - [2023-02-04 02:00:46,625] {dag.py:2420} INFO - Sync 1 DAGs
[2023-02-04 02:00:46,656] {logging_mixin.py:115} INFO - [2023-02-04 02:00:46,656] {dag.py:2968} INFO - Setting next_dagrun for example_weekday_branch_operator to 2023-02-03T00:00:00+00:00, run_after=2023-02-04T00:00:00+00:00
[2023-02-04 02:00:46,675] {processor.py:161} INFO - Processing /home/milo/13-airflow/airflowhome/airflowenv/lib/python3.9/site-packages/airflow/example_dags/example_branch_day_of_week_operator.py took 0.114 seconds
[2023-02-04 02:01:20,292] {processor.py:153} INFO - Started process (PID=7231) to work on /home/milo/13-airflow/airflowhome/airflowenv/lib/python3.9/site-packages/airflow/example_dags/example_branch_day_of_week_operator.py
[2023-02-04 02:01:20,294] {processor.py:641} INFO - Processing file /home/milo/13-airflow/airflowhome/airflowenv/lib/python3.9/site-packages/airflow/example_dags/example_branch_day_of_week_operator.py for tasks to queue
[2023-02-04 02:01:20,295] {logging_mixin.py:115} INFO - [2023-02-04 02:01:20,294] {dagbag.py:508} INFO - Filling up the DagBag from /home/milo/13-airflow/airflowhome/airflowenv/lib/python3.9/site-packages/airflow/example_dags/example_branch_day_of_week_operator.py
[2023-02-04 02:01:20,310] {processor.py:651} INFO - DAG(s) dict_keys(['example_weekday_branch_operator']) retrieved from /home/milo/13-airflow/airflowhome/airflowenv/lib/python3.9/site-packages/airflow/example_dags/example_branch_day_of_week_operator.py
[2023-02-04 02:01:20,337] {logging_mixin.py:115} INFO - [2023-02-04 02:01:20,337] {dag.py:2420} INFO - Sync 1 DAGs
[2023-02-04 02:01:20,369] {logging_mixin.py:115} INFO - [2023-02-04 02:01:20,368] {dag.py:2968} INFO - Setting next_dagrun for example_weekday_branch_operator to 2023-02-03T00:00:00+00:00, run_after=2023-02-04T00:00:00+00:00
[2023-02-04 02:01:20,389] {processor.py:161} INFO - Processing /home/milo/13-airflow/airflowhome/airflowenv/lib/python3.9/site-packages/airflow/example_dags/example_branch_day_of_week_operator.py took 0.102 seconds
[2023-02-04 02:01:53,509] {processor.py:153} INFO - Started process (PID=7264) to work on /home/milo/13-airflow/airflowhome/airflowenv/lib/python3.9/site-packages/airflow/example_dags/example_branch_day_of_week_operator.py
[2023-02-04 02:01:53,509] {processor.py:641} INFO - Processing file /home/milo/13-airflow/airflowhome/airflowenv/lib/python3.9/site-packages/airflow/example_dags/example_branch_day_of_week_operator.py for tasks to queue
[2023-02-04 02:01:53,510] {logging_mixin.py:115} INFO - [2023-02-04 02:01:53,510] {dagbag.py:508} INFO - Filling up the DagBag from /home/milo/13-airflow/airflowhome/airflowenv/lib/python3.9/site-packages/airflow/example_dags/example_branch_day_of_week_operator.py
[2023-02-04 02:01:53,527] {processor.py:651} INFO - DAG(s) dict_keys(['example_weekday_branch_operator']) retrieved from /home/milo/13-airflow/airflowhome/airflowenv/lib/python3.9/site-packages/airflow/example_dags/example_branch_day_of_week_operator.py
[2023-02-04 02:01:53,553] {logging_mixin.py:115} INFO - [2023-02-04 02:01:53,553] {dag.py:2420} INFO - Sync 1 DAGs
[2023-02-04 02:01:53,585] {logging_mixin.py:115} INFO - [2023-02-04 02:01:53,585] {dag.py:2968} INFO - Setting next_dagrun for example_weekday_branch_operator to 2023-02-03T00:00:00+00:00, run_after=2023-02-04T00:00:00+00:00
[2023-02-04 02:01:53,605] {processor.py:161} INFO - Processing /home/milo/13-airflow/airflowhome/airflowenv/lib/python3.9/site-packages/airflow/example_dags/example_branch_day_of_week_operator.py took 0.101 seconds
[2023-02-04 02:02:28,314] {processor.py:153} INFO - Started process (PID=7299) to work on /home/milo/13-airflow/airflowhome/airflowenv/lib/python3.9/site-packages/airflow/example_dags/example_branch_day_of_week_operator.py
[2023-02-04 02:02:28,315] {processor.py:641} INFO - Processing file /home/milo/13-airflow/airflowhome/airflowenv/lib/python3.9/site-packages/airflow/example_dags/example_branch_day_of_week_operator.py for tasks to queue
[2023-02-04 02:02:28,316] {logging_mixin.py:115} INFO - [2023-02-04 02:02:28,316] {dagbag.py:508} INFO - Filling up the DagBag from /home/milo/13-airflow/airflowhome/airflowenv/lib/python3.9/site-packages/airflow/example_dags/example_branch_day_of_week_operator.py
[2023-02-04 02:02:28,330] {processor.py:651} INFO - DAG(s) dict_keys(['example_weekday_branch_operator']) retrieved from /home/milo/13-airflow/airflowhome/airflowenv/lib/python3.9/site-packages/airflow/example_dags/example_branch_day_of_week_operator.py
[2023-02-04 02:02:28,360] {logging_mixin.py:115} INFO - [2023-02-04 02:02:28,360] {dag.py:2420} INFO - Sync 1 DAGs
[2023-02-04 02:02:28,392] {logging_mixin.py:115} INFO - [2023-02-04 02:02:28,392] {dag.py:2968} INFO - Setting next_dagrun for example_weekday_branch_operator to 2023-02-03T00:00:00+00:00, run_after=2023-02-04T00:00:00+00:00
[2023-02-04 02:02:28,412] {processor.py:161} INFO - Processing /home/milo/13-airflow/airflowhome/airflowenv/lib/python3.9/site-packages/airflow/example_dags/example_branch_day_of_week_operator.py took 0.103 seconds
[2023-02-04 02:03:03,862] {processor.py:153} INFO - Started process (PID=7336) to work on /home/milo/13-airflow/airflowhome/airflowenv/lib/python3.9/site-packages/airflow/example_dags/example_branch_day_of_week_operator.py
[2023-02-04 02:03:03,864] {processor.py:641} INFO - Processing file /home/milo/13-airflow/airflowhome/airflowenv/lib/python3.9/site-packages/airflow/example_dags/example_branch_day_of_week_operator.py for tasks to queue
[2023-02-04 02:03:03,865] {logging_mixin.py:115} INFO - [2023-02-04 02:03:03,865] {dagbag.py:508} INFO - Filling up the DagBag from /home/milo/13-airflow/airflowhome/airflowenv/lib/python3.9/site-packages/airflow/example_dags/example_branch_day_of_week_operator.py
[2023-02-04 02:03:03,878] {processor.py:651} INFO - DAG(s) dict_keys(['example_weekday_branch_operator']) retrieved from /home/milo/13-airflow/airflowhome/airflowenv/lib/python3.9/site-packages/airflow/example_dags/example_branch_day_of_week_operator.py
[2023-02-04 02:03:03,904] {logging_mixin.py:115} INFO - [2023-02-04 02:03:03,904] {dag.py:2420} INFO - Sync 1 DAGs
[2023-02-04 02:03:03,935] {logging_mixin.py:115} INFO - [2023-02-04 02:03:03,935] {dag.py:2968} INFO - Setting next_dagrun for example_weekday_branch_operator to 2023-02-03T00:00:00+00:00, run_after=2023-02-04T00:00:00+00:00
[2023-02-04 02:03:03,954] {processor.py:161} INFO - Processing /home/milo/13-airflow/airflowhome/airflowenv/lib/python3.9/site-packages/airflow/example_dags/example_branch_day_of_week_operator.py took 0.097 seconds
[2023-02-04 02:03:38,919] {processor.py:153} INFO - Started process (PID=7370) to work on /home/milo/13-airflow/airflowhome/airflowenv/lib/python3.9/site-packages/airflow/example_dags/example_branch_day_of_week_operator.py
[2023-02-04 02:03:38,921] {processor.py:641} INFO - Processing file /home/milo/13-airflow/airflowhome/airflowenv/lib/python3.9/site-packages/airflow/example_dags/example_branch_day_of_week_operator.py for tasks to queue
[2023-02-04 02:03:38,922] {logging_mixin.py:115} INFO - [2023-02-04 02:03:38,922] {dagbag.py:508} INFO - Filling up the DagBag from /home/milo/13-airflow/airflowhome/airflowenv/lib/python3.9/site-packages/airflow/example_dags/example_branch_day_of_week_operator.py
[2023-02-04 02:03:38,935] {processor.py:651} INFO - DAG(s) dict_keys(['example_weekday_branch_operator']) retrieved from /home/milo/13-airflow/airflowhome/airflowenv/lib/python3.9/site-packages/airflow/example_dags/example_branch_day_of_week_operator.py
[2023-02-04 02:03:38,961] {logging_mixin.py:115} INFO - [2023-02-04 02:03:38,961] {dag.py:2420} INFO - Sync 1 DAGs
[2023-02-04 02:03:38,992] {logging_mixin.py:115} INFO - [2023-02-04 02:03:38,992] {dag.py:2968} INFO - Setting next_dagrun for example_weekday_branch_operator to 2023-02-03T00:00:00+00:00, run_after=2023-02-04T00:00:00+00:00
[2023-02-04 02:03:39,013] {processor.py:161} INFO - Processing /home/milo/13-airflow/airflowhome/airflowenv/lib/python3.9/site-packages/airflow/example_dags/example_branch_day_of_week_operator.py took 0.098 seconds
[2023-02-04 02:04:12,372] {processor.py:153} INFO - Started process (PID=7403) to work on /home/milo/13-airflow/airflowhome/airflowenv/lib/python3.9/site-packages/airflow/example_dags/example_branch_day_of_week_operator.py
[2023-02-04 02:04:12,375] {processor.py:641} INFO - Processing file /home/milo/13-airflow/airflowhome/airflowenv/lib/python3.9/site-packages/airflow/example_dags/example_branch_day_of_week_operator.py for tasks to queue
[2023-02-04 02:04:12,376] {logging_mixin.py:115} INFO - [2023-02-04 02:04:12,375] {dagbag.py:508} INFO - Filling up the DagBag from /home/milo/13-airflow/airflowhome/airflowenv/lib/python3.9/site-packages/airflow/example_dags/example_branch_day_of_week_operator.py
[2023-02-04 02:04:12,398] {processor.py:651} INFO - DAG(s) dict_keys(['example_weekday_branch_operator']) retrieved from /home/milo/13-airflow/airflowhome/airflowenv/lib/python3.9/site-packages/airflow/example_dags/example_branch_day_of_week_operator.py
[2023-02-04 02:04:12,455] {logging_mixin.py:115} INFO - [2023-02-04 02:04:12,455] {dag.py:2420} INFO - Sync 1 DAGs
[2023-02-04 02:04:12,507] {logging_mixin.py:115} INFO - [2023-02-04 02:04:12,507] {dag.py:2968} INFO - Setting next_dagrun for example_weekday_branch_operator to 2023-02-03T00:00:00+00:00, run_after=2023-02-04T00:00:00+00:00
[2023-02-04 02:04:12,577] {processor.py:161} INFO - Processing /home/milo/13-airflow/airflowhome/airflowenv/lib/python3.9/site-packages/airflow/example_dags/example_branch_day_of_week_operator.py took 0.214 seconds
[2023-02-04 02:04:45,611] {processor.py:153} INFO - Started process (PID=7435) to work on /home/milo/13-airflow/airflowhome/airflowenv/lib/python3.9/site-packages/airflow/example_dags/example_branch_day_of_week_operator.py
[2023-02-04 02:04:45,613] {processor.py:641} INFO - Processing file /home/milo/13-airflow/airflowhome/airflowenv/lib/python3.9/site-packages/airflow/example_dags/example_branch_day_of_week_operator.py for tasks to queue
[2023-02-04 02:04:45,613] {logging_mixin.py:115} INFO - [2023-02-04 02:04:45,613] {dagbag.py:508} INFO - Filling up the DagBag from /home/milo/13-airflow/airflowhome/airflowenv/lib/python3.9/site-packages/airflow/example_dags/example_branch_day_of_week_operator.py
[2023-02-04 02:04:45,627] {processor.py:651} INFO - DAG(s) dict_keys(['example_weekday_branch_operator']) retrieved from /home/milo/13-airflow/airflowhome/airflowenv/lib/python3.9/site-packages/airflow/example_dags/example_branch_day_of_week_operator.py
[2023-02-04 02:04:45,653] {logging_mixin.py:115} INFO - [2023-02-04 02:04:45,653] {dag.py:2420} INFO - Sync 1 DAGs
[2023-02-04 02:04:45,684] {logging_mixin.py:115} INFO - [2023-02-04 02:04:45,684] {dag.py:2968} INFO - Setting next_dagrun for example_weekday_branch_operator to 2023-02-03T00:00:00+00:00, run_after=2023-02-04T00:00:00+00:00
[2023-02-04 02:04:45,705] {processor.py:161} INFO - Processing /home/milo/13-airflow/airflowhome/airflowenv/lib/python3.9/site-packages/airflow/example_dags/example_branch_day_of_week_operator.py took 0.099 seconds
[2023-02-04 02:05:20,700] {processor.py:153} INFO - Started process (PID=7472) to work on /home/milo/13-airflow/airflowhome/airflowenv/lib/python3.9/site-packages/airflow/example_dags/example_branch_day_of_week_operator.py
[2023-02-04 02:05:20,702] {processor.py:641} INFO - Processing file /home/milo/13-airflow/airflowhome/airflowenv/lib/python3.9/site-packages/airflow/example_dags/example_branch_day_of_week_operator.py for tasks to queue
[2023-02-04 02:05:20,703] {logging_mixin.py:115} INFO - [2023-02-04 02:05:20,702] {dagbag.py:508} INFO - Filling up the DagBag from /home/milo/13-airflow/airflowhome/airflowenv/lib/python3.9/site-packages/airflow/example_dags/example_branch_day_of_week_operator.py
[2023-02-04 02:05:20,716] {processor.py:651} INFO - DAG(s) dict_keys(['example_weekday_branch_operator']) retrieved from /home/milo/13-airflow/airflowhome/airflowenv/lib/python3.9/site-packages/airflow/example_dags/example_branch_day_of_week_operator.py
[2023-02-04 02:05:20,742] {logging_mixin.py:115} INFO - [2023-02-04 02:05:20,742] {dag.py:2420} INFO - Sync 1 DAGs
[2023-02-04 02:05:20,773] {logging_mixin.py:115} INFO - [2023-02-04 02:05:20,773] {dag.py:2968} INFO - Setting next_dagrun for example_weekday_branch_operator to 2023-02-03T00:00:00+00:00, run_after=2023-02-04T00:00:00+00:00
[2023-02-04 02:05:20,794] {processor.py:161} INFO - Processing /home/milo/13-airflow/airflowhome/airflowenv/lib/python3.9/site-packages/airflow/example_dags/example_branch_day_of_week_operator.py took 0.099 seconds
[2023-02-04 02:05:54,768] {processor.py:153} INFO - Started process (PID=7506) to work on /home/milo/13-airflow/airflowhome/airflowenv/lib/python3.9/site-packages/airflow/example_dags/example_branch_day_of_week_operator.py
[2023-02-04 02:05:54,771] {processor.py:641} INFO - Processing file /home/milo/13-airflow/airflowhome/airflowenv/lib/python3.9/site-packages/airflow/example_dags/example_branch_day_of_week_operator.py for tasks to queue
[2023-02-04 02:05:54,772] {logging_mixin.py:115} INFO - [2023-02-04 02:05:54,772] {dagbag.py:508} INFO - Filling up the DagBag from /home/milo/13-airflow/airflowhome/airflowenv/lib/python3.9/site-packages/airflow/example_dags/example_branch_day_of_week_operator.py
[2023-02-04 02:05:54,790] {processor.py:651} INFO - DAG(s) dict_keys(['example_weekday_branch_operator']) retrieved from /home/milo/13-airflow/airflowhome/airflowenv/lib/python3.9/site-packages/airflow/example_dags/example_branch_day_of_week_operator.py
[2023-02-04 02:05:54,818] {logging_mixin.py:115} INFO - [2023-02-04 02:05:54,818] {dag.py:2420} INFO - Sync 1 DAGs
[2023-02-04 02:05:54,853] {logging_mixin.py:115} INFO - [2023-02-04 02:05:54,852] {dag.py:2968} INFO - Setting next_dagrun for example_weekday_branch_operator to 2023-02-03T00:00:00+00:00, run_after=2023-02-04T00:00:00+00:00
[2023-02-04 02:05:54,873] {processor.py:161} INFO - Processing /home/milo/13-airflow/airflowhome/airflowenv/lib/python3.9/site-packages/airflow/example_dags/example_branch_day_of_week_operator.py took 0.110 seconds
[2023-02-04 02:06:33,649] {processor.py:153} INFO - Started process (PID=7543) to work on /home/milo/13-airflow/airflowhome/airflowenv/lib/python3.9/site-packages/airflow/example_dags/example_branch_day_of_week_operator.py
[2023-02-04 02:06:33,651] {processor.py:641} INFO - Processing file /home/milo/13-airflow/airflowhome/airflowenv/lib/python3.9/site-packages/airflow/example_dags/example_branch_day_of_week_operator.py for tasks to queue
[2023-02-04 02:06:33,652] {logging_mixin.py:115} INFO - [2023-02-04 02:06:33,651] {dagbag.py:508} INFO - Filling up the DagBag from /home/milo/13-airflow/airflowhome/airflowenv/lib/python3.9/site-packages/airflow/example_dags/example_branch_day_of_week_operator.py
[2023-02-04 02:06:33,669] {processor.py:651} INFO - DAG(s) dict_keys(['example_weekday_branch_operator']) retrieved from /home/milo/13-airflow/airflowhome/airflowenv/lib/python3.9/site-packages/airflow/example_dags/example_branch_day_of_week_operator.py
[2023-02-04 02:06:33,697] {logging_mixin.py:115} INFO - [2023-02-04 02:06:33,697] {dag.py:2420} INFO - Sync 1 DAGs
[2023-02-04 02:06:33,731] {logging_mixin.py:115} INFO - [2023-02-04 02:06:33,731] {dag.py:2968} INFO - Setting next_dagrun for example_weekday_branch_operator to 2023-02-03T00:00:00+00:00, run_after=2023-02-04T00:00:00+00:00
[2023-02-04 02:06:33,751] {processor.py:161} INFO - Processing /home/milo/13-airflow/airflowhome/airflowenv/lib/python3.9/site-packages/airflow/example_dags/example_branch_day_of_week_operator.py took 0.112 seconds
[2023-02-04 02:07:12,722] {processor.py:153} INFO - Started process (PID=7580) to work on /home/milo/13-airflow/airflowhome/airflowenv/lib/python3.9/site-packages/airflow/example_dags/example_branch_day_of_week_operator.py
[2023-02-04 02:07:12,734] {processor.py:641} INFO - Processing file /home/milo/13-airflow/airflowhome/airflowenv/lib/python3.9/site-packages/airflow/example_dags/example_branch_day_of_week_operator.py for tasks to queue
[2023-02-04 02:07:12,735] {logging_mixin.py:115} INFO - [2023-02-04 02:07:12,735] {dagbag.py:508} INFO - Filling up the DagBag from /home/milo/13-airflow/airflowhome/airflowenv/lib/python3.9/site-packages/airflow/example_dags/example_branch_day_of_week_operator.py
[2023-02-04 02:07:12,749] {processor.py:651} INFO - DAG(s) dict_keys(['example_weekday_branch_operator']) retrieved from /home/milo/13-airflow/airflowhome/airflowenv/lib/python3.9/site-packages/airflow/example_dags/example_branch_day_of_week_operator.py
[2023-02-04 02:07:12,775] {logging_mixin.py:115} INFO - [2023-02-04 02:07:12,775] {dag.py:2420} INFO - Sync 1 DAGs
[2023-02-04 02:07:12,806] {logging_mixin.py:115} INFO - [2023-02-04 02:07:12,806] {dag.py:2968} INFO - Setting next_dagrun for example_weekday_branch_operator to 2023-02-03T00:00:00+00:00, run_after=2023-02-04T00:00:00+00:00
[2023-02-04 02:07:12,826] {processor.py:161} INFO - Processing /home/milo/13-airflow/airflowhome/airflowenv/lib/python3.9/site-packages/airflow/example_dags/example_branch_day_of_week_operator.py took 0.117 seconds
[2023-02-04 02:07:45,748] {processor.py:153} INFO - Started process (PID=7613) to work on /home/milo/13-airflow/airflowhome/airflowenv/lib/python3.9/site-packages/airflow/example_dags/example_branch_day_of_week_operator.py
[2023-02-04 02:07:45,748] {processor.py:641} INFO - Processing file /home/milo/13-airflow/airflowhome/airflowenv/lib/python3.9/site-packages/airflow/example_dags/example_branch_day_of_week_operator.py for tasks to queue
[2023-02-04 02:07:45,749] {logging_mixin.py:115} INFO - [2023-02-04 02:07:45,749] {dagbag.py:508} INFO - Filling up the DagBag from /home/milo/13-airflow/airflowhome/airflowenv/lib/python3.9/site-packages/airflow/example_dags/example_branch_day_of_week_operator.py
[2023-02-04 02:07:45,764] {processor.py:651} INFO - DAG(s) dict_keys(['example_weekday_branch_operator']) retrieved from /home/milo/13-airflow/airflowhome/airflowenv/lib/python3.9/site-packages/airflow/example_dags/example_branch_day_of_week_operator.py
[2023-02-04 02:07:45,789] {logging_mixin.py:115} INFO - [2023-02-04 02:07:45,789] {dag.py:2420} INFO - Sync 1 DAGs
[2023-02-04 02:07:45,822] {logging_mixin.py:115} INFO - [2023-02-04 02:07:45,822] {dag.py:2968} INFO - Setting next_dagrun for example_weekday_branch_operator to 2023-02-03T00:00:00+00:00, run_after=2023-02-04T00:00:00+00:00
[2023-02-04 02:07:45,843] {processor.py:161} INFO - Processing /home/milo/13-airflow/airflowhome/airflowenv/lib/python3.9/site-packages/airflow/example_dags/example_branch_day_of_week_operator.py took 0.100 seconds
[2023-02-04 02:08:22,503] {processor.py:153} INFO - Started process (PID=7649) to work on /home/milo/13-airflow/airflowhome/airflowenv/lib/python3.9/site-packages/airflow/example_dags/example_branch_day_of_week_operator.py
[2023-02-04 02:08:22,506] {processor.py:641} INFO - Processing file /home/milo/13-airflow/airflowhome/airflowenv/lib/python3.9/site-packages/airflow/example_dags/example_branch_day_of_week_operator.py for tasks to queue
[2023-02-04 02:08:22,507] {logging_mixin.py:115} INFO - [2023-02-04 02:08:22,507] {dagbag.py:508} INFO - Filling up the DagBag from /home/milo/13-airflow/airflowhome/airflowenv/lib/python3.9/site-packages/airflow/example_dags/example_branch_day_of_week_operator.py
[2023-02-04 02:08:22,522] {processor.py:651} INFO - DAG(s) dict_keys(['example_weekday_branch_operator']) retrieved from /home/milo/13-airflow/airflowhome/airflowenv/lib/python3.9/site-packages/airflow/example_dags/example_branch_day_of_week_operator.py
[2023-02-04 02:08:22,561] {logging_mixin.py:115} INFO - [2023-02-04 02:08:22,561] {dag.py:2420} INFO - Sync 1 DAGs
[2023-02-04 02:08:22,592] {logging_mixin.py:115} INFO - [2023-02-04 02:08:22,592] {dag.py:2968} INFO - Setting next_dagrun for example_weekday_branch_operator to 2023-02-03T00:00:00+00:00, run_after=2023-02-04T00:00:00+00:00
[2023-02-04 02:08:22,625] {processor.py:161} INFO - Processing /home/milo/13-airflow/airflowhome/airflowenv/lib/python3.9/site-packages/airflow/example_dags/example_branch_day_of_week_operator.py took 0.127 seconds
[2023-02-04 02:08:59,131] {processor.py:153} INFO - Started process (PID=7686) to work on /home/milo/13-airflow/airflowhome/airflowenv/lib/python3.9/site-packages/airflow/example_dags/example_branch_day_of_week_operator.py
[2023-02-04 02:08:59,133] {processor.py:641} INFO - Processing file /home/milo/13-airflow/airflowhome/airflowenv/lib/python3.9/site-packages/airflow/example_dags/example_branch_day_of_week_operator.py for tasks to queue
[2023-02-04 02:08:59,134] {logging_mixin.py:115} INFO - [2023-02-04 02:08:59,134] {dagbag.py:508} INFO - Filling up the DagBag from /home/milo/13-airflow/airflowhome/airflowenv/lib/python3.9/site-packages/airflow/example_dags/example_branch_day_of_week_operator.py
[2023-02-04 02:08:59,150] {processor.py:651} INFO - DAG(s) dict_keys(['example_weekday_branch_operator']) retrieved from /home/milo/13-airflow/airflowhome/airflowenv/lib/python3.9/site-packages/airflow/example_dags/example_branch_day_of_week_operator.py
[2023-02-04 02:08:59,178] {logging_mixin.py:115} INFO - [2023-02-04 02:08:59,178] {dag.py:2420} INFO - Sync 1 DAGs
[2023-02-04 02:08:59,209] {logging_mixin.py:115} INFO - [2023-02-04 02:08:59,209] {dag.py:2968} INFO - Setting next_dagrun for example_weekday_branch_operator to 2023-02-03T00:00:00+00:00, run_after=2023-02-04T00:00:00+00:00
[2023-02-04 02:08:59,229] {processor.py:161} INFO - Processing /home/milo/13-airflow/airflowhome/airflowenv/lib/python3.9/site-packages/airflow/example_dags/example_branch_day_of_week_operator.py took 0.118 seconds
[2023-02-04 02:22:03,131] {processor.py:153} INFO - Started process (PID=7889) to work on /home/milo/13-airflow/airflowhome/airflowenv/lib/python3.9/site-packages/airflow/example_dags/example_branch_day_of_week_operator.py
[2023-02-04 02:22:03,133] {processor.py:641} INFO - Processing file /home/milo/13-airflow/airflowhome/airflowenv/lib/python3.9/site-packages/airflow/example_dags/example_branch_day_of_week_operator.py for tasks to queue
[2023-02-04 02:22:03,134] {logging_mixin.py:115} INFO - [2023-02-04 02:22:03,134] {dagbag.py:508} INFO - Filling up the DagBag from /home/milo/13-airflow/airflowhome/airflowenv/lib/python3.9/site-packages/airflow/example_dags/example_branch_day_of_week_operator.py
[2023-02-04 02:22:03,148] {processor.py:651} INFO - DAG(s) dict_keys(['example_weekday_branch_operator']) retrieved from /home/milo/13-airflow/airflowhome/airflowenv/lib/python3.9/site-packages/airflow/example_dags/example_branch_day_of_week_operator.py
[2023-02-04 02:22:03,173] {logging_mixin.py:115} INFO - [2023-02-04 02:22:03,173] {dag.py:2420} INFO - Sync 1 DAGs
[2023-02-04 02:22:03,208] {logging_mixin.py:115} INFO - [2023-02-04 02:22:03,208] {dag.py:2968} INFO - Setting next_dagrun for example_weekday_branch_operator to 2023-02-03T00:00:00+00:00, run_after=2023-02-04T00:00:00+00:00
[2023-02-04 02:22:03,231] {processor.py:161} INFO - Processing /home/milo/13-airflow/airflowhome/airflowenv/lib/python3.9/site-packages/airflow/example_dags/example_branch_day_of_week_operator.py took 0.105 seconds
