[2023-02-04 01:52:51,943] {processor.py:153} INFO - Started process (PID=6591) to work on /home/milo/13-airflow/airflowhome/airflowenv/lib/python3.9/site-packages/airflow/example_dags/example_branch_labels.py
[2023-02-04 01:52:51,944] {processor.py:641} INFO - Processing file /home/milo/13-airflow/airflowhome/airflowenv/lib/python3.9/site-packages/airflow/example_dags/example_branch_labels.py for tasks to queue
[2023-02-04 01:52:51,945] {logging_mixin.py:115} INFO - [2023-02-04 01:52:51,945] {dagbag.py:508} INFO - Filling up the DagBag from /home/milo/13-airflow/airflowhome/airflowenv/lib/python3.9/site-packages/airflow/example_dags/example_branch_labels.py
[2023-02-04 01:52:51,966] {processor.py:651} INFO - DAG(s) dict_keys(['example_branch_labels']) retrieved from /home/milo/13-airflow/airflowhome/airflowenv/lib/python3.9/site-packages/airflow/example_dags/example_branch_labels.py
[2023-02-04 01:52:55,087] {logging_mixin.py:115} INFO - [2023-02-04 01:52:55,087] {manager.py:508} INFO - Created Permission View: can read on DAG:example_branch_labels
[2023-02-04 01:52:55,103] {logging_mixin.py:115} INFO - [2023-02-04 01:52:55,102] {manager.py:508} INFO - Created Permission View: can edit on DAG:example_branch_labels
[2023-02-04 01:52:55,116] {logging_mixin.py:115} INFO - [2023-02-04 01:52:55,116] {manager.py:508} INFO - Created Permission View: can delete on DAG:example_branch_labels
[2023-02-04 01:52:55,116] {logging_mixin.py:115} INFO - [2023-02-04 01:52:55,116] {dag.py:2420} INFO - Sync 1 DAGs
[2023-02-04 01:52:55,128] {logging_mixin.py:115} INFO - [2023-02-04 01:52:55,128] {dag.py:2439} INFO - Creating ORM DAG for example_branch_labels
[2023-02-04 01:52:55,145] {logging_mixin.py:115} INFO - [2023-02-04 01:52:55,144] {dag.py:2968} INFO - Setting next_dagrun for example_branch_labels to 2023-02-03T00:00:00+00:00, run_after=2023-02-04T00:00:00+00:00
[2023-02-04 01:52:55,171] {processor.py:161} INFO - Processing /home/milo/13-airflow/airflowhome/airflowenv/lib/python3.9/site-packages/airflow/example_dags/example_branch_labels.py took 3.238 seconds
[2023-02-04 01:53:53,181] {processor.py:153} INFO - Started process (PID=6634) to work on /home/milo/13-airflow/airflowhome/airflowenv/lib/python3.9/site-packages/airflow/example_dags/example_branch_labels.py
[2023-02-04 01:53:53,183] {processor.py:641} INFO - Processing file /home/milo/13-airflow/airflowhome/airflowenv/lib/python3.9/site-packages/airflow/example_dags/example_branch_labels.py for tasks to queue
[2023-02-04 01:53:53,184] {logging_mixin.py:115} INFO - [2023-02-04 01:53:53,184] {dagbag.py:508} INFO - Filling up the DagBag from /home/milo/13-airflow/airflowhome/airflowenv/lib/python3.9/site-packages/airflow/example_dags/example_branch_labels.py
[2023-02-04 01:53:53,202] {processor.py:651} INFO - DAG(s) dict_keys(['example_branch_labels']) retrieved from /home/milo/13-airflow/airflowhome/airflowenv/lib/python3.9/site-packages/airflow/example_dags/example_branch_labels.py
[2023-02-04 01:53:53,236] {logging_mixin.py:115} INFO - [2023-02-04 01:53:53,235] {dag.py:2420} INFO - Sync 1 DAGs
[2023-02-04 01:53:53,270] {logging_mixin.py:115} INFO - [2023-02-04 01:53:53,269] {dag.py:2968} INFO - Setting next_dagrun for example_branch_labels to 2023-02-03T00:00:00+00:00, run_after=2023-02-04T00:00:00+00:00
[2023-02-04 01:53:53,292] {processor.py:161} INFO - Processing /home/milo/13-airflow/airflowhome/airflowenv/lib/python3.9/site-packages/airflow/example_dags/example_branch_labels.py took 0.115 seconds
[2023-02-04 01:54:35,984] {processor.py:153} INFO - Started process (PID=6675) to work on /home/milo/13-airflow/airflowhome/airflowenv/lib/python3.9/site-packages/airflow/example_dags/example_branch_labels.py
[2023-02-04 01:54:35,986] {processor.py:641} INFO - Processing file /home/milo/13-airflow/airflowhome/airflowenv/lib/python3.9/site-packages/airflow/example_dags/example_branch_labels.py for tasks to queue
[2023-02-04 01:54:35,987] {logging_mixin.py:115} INFO - [2023-02-04 01:54:35,987] {dagbag.py:508} INFO - Filling up the DagBag from /home/milo/13-airflow/airflowhome/airflowenv/lib/python3.9/site-packages/airflow/example_dags/example_branch_labels.py
[2023-02-04 01:54:36,002] {processor.py:651} INFO - DAG(s) dict_keys(['example_branch_labels']) retrieved from /home/milo/13-airflow/airflowhome/airflowenv/lib/python3.9/site-packages/airflow/example_dags/example_branch_labels.py
[2023-02-04 01:54:36,038] {logging_mixin.py:115} INFO - [2023-02-04 01:54:36,038] {dag.py:2420} INFO - Sync 1 DAGs
[2023-02-04 01:54:36,074] {logging_mixin.py:115} INFO - [2023-02-04 01:54:36,074] {dag.py:2968} INFO - Setting next_dagrun for example_branch_labels to 2023-02-03T00:00:00+00:00, run_after=2023-02-04T00:00:00+00:00
[2023-02-04 01:54:36,098] {processor.py:161} INFO - Processing /home/milo/13-airflow/airflowhome/airflowenv/lib/python3.9/site-packages/airflow/example_dags/example_branch_labels.py took 0.119 seconds
[2023-02-04 01:55:13,450] {processor.py:153} INFO - Started process (PID=6711) to work on /home/milo/13-airflow/airflowhome/airflowenv/lib/python3.9/site-packages/airflow/example_dags/example_branch_labels.py
[2023-02-04 01:55:13,684] {processor.py:641} INFO - Processing file /home/milo/13-airflow/airflowhome/airflowenv/lib/python3.9/site-packages/airflow/example_dags/example_branch_labels.py for tasks to queue
[2023-02-04 01:55:13,685] {logging_mixin.py:115} INFO - [2023-02-04 01:55:13,685] {dagbag.py:508} INFO - Filling up the DagBag from /home/milo/13-airflow/airflowhome/airflowenv/lib/python3.9/site-packages/airflow/example_dags/example_branch_labels.py
[2023-02-04 01:55:13,697] {processor.py:651} INFO - DAG(s) dict_keys(['example_branch_labels']) retrieved from /home/milo/13-airflow/airflowhome/airflowenv/lib/python3.9/site-packages/airflow/example_dags/example_branch_labels.py
[2023-02-04 01:55:15,755] {logging_mixin.py:115} INFO - [2023-02-04 01:55:15,755] {dag.py:2420} INFO - Sync 1 DAGs
[2023-02-04 01:55:15,785] {logging_mixin.py:115} INFO - [2023-02-04 01:55:15,785] {dag.py:2968} INFO - Setting next_dagrun for example_branch_labels to 2023-02-03T00:00:00+00:00, run_after=2023-02-04T00:00:00+00:00
[2023-02-04 01:55:16,877] {processor.py:161} INFO - Processing /home/milo/13-airflow/airflowhome/airflowenv/lib/python3.9/site-packages/airflow/example_dags/example_branch_labels.py took 3.431 seconds
[2023-02-04 01:55:55,554] {processor.py:153} INFO - Started process (PID=6733) to work on /home/milo/13-airflow/airflowhome/airflowenv/lib/python3.9/site-packages/airflow/example_dags/example_branch_labels.py
[2023-02-04 01:55:55,556] {processor.py:641} INFO - Processing file /home/milo/13-airflow/airflowhome/airflowenv/lib/python3.9/site-packages/airflow/example_dags/example_branch_labels.py for tasks to queue
[2023-02-04 01:55:55,556] {logging_mixin.py:115} INFO - [2023-02-04 01:55:55,556] {dagbag.py:508} INFO - Filling up the DagBag from /home/milo/13-airflow/airflowhome/airflowenv/lib/python3.9/site-packages/airflow/example_dags/example_branch_labels.py
[2023-02-04 01:55:55,567] {processor.py:651} INFO - DAG(s) dict_keys(['example_branch_labels']) retrieved from /home/milo/13-airflow/airflowhome/airflowenv/lib/python3.9/site-packages/airflow/example_dags/example_branch_labels.py
[2023-02-04 01:55:55,594] {logging_mixin.py:115} INFO - [2023-02-04 01:55:55,594] {dag.py:2420} INFO - Sync 1 DAGs
[2023-02-04 01:55:55,624] {logging_mixin.py:115} INFO - [2023-02-04 01:55:55,624] {dag.py:2968} INFO - Setting next_dagrun for example_branch_labels to 2023-02-03T00:00:00+00:00, run_after=2023-02-04T00:00:00+00:00
[2023-02-04 01:55:55,643] {processor.py:161} INFO - Processing /home/milo/13-airflow/airflowhome/airflowenv/lib/python3.9/site-packages/airflow/example_dags/example_branch_labels.py took 0.094 seconds
[2023-02-04 01:56:45,041] {processor.py:153} INFO - Started process (PID=6768) to work on /home/milo/13-airflow/airflowhome/airflowenv/lib/python3.9/site-packages/airflow/example_dags/example_branch_labels.py
[2023-02-04 01:56:45,044] {processor.py:641} INFO - Processing file /home/milo/13-airflow/airflowhome/airflowenv/lib/python3.9/site-packages/airflow/example_dags/example_branch_labels.py for tasks to queue
[2023-02-04 01:56:45,045] {logging_mixin.py:115} INFO - [2023-02-04 01:56:45,045] {dagbag.py:508} INFO - Filling up the DagBag from /home/milo/13-airflow/airflowhome/airflowenv/lib/python3.9/site-packages/airflow/example_dags/example_branch_labels.py
[2023-02-04 01:56:45,056] {processor.py:651} INFO - DAG(s) dict_keys(['example_branch_labels']) retrieved from /home/milo/13-airflow/airflowhome/airflowenv/lib/python3.9/site-packages/airflow/example_dags/example_branch_labels.py
[2023-02-04 01:56:45,086] {logging_mixin.py:115} INFO - [2023-02-04 01:56:45,086] {dag.py:2420} INFO - Sync 1 DAGs
[2023-02-04 01:56:45,118] {logging_mixin.py:115} INFO - [2023-02-04 01:56:45,118] {dag.py:2968} INFO - Setting next_dagrun for example_branch_labels to 2023-02-03T00:00:00+00:00, run_after=2023-02-04T00:00:00+00:00
[2023-02-04 01:56:45,138] {processor.py:161} INFO - Processing /home/milo/13-airflow/airflowhome/airflowenv/lib/python3.9/site-packages/airflow/example_dags/example_branch_labels.py took 0.102 seconds
[2023-02-04 01:57:28,001] {processor.py:153} INFO - Started process (PID=6804) to work on /home/milo/13-airflow/airflowhome/airflowenv/lib/python3.9/site-packages/airflow/example_dags/example_branch_labels.py
[2023-02-04 01:57:28,003] {processor.py:641} INFO - Processing file /home/milo/13-airflow/airflowhome/airflowenv/lib/python3.9/site-packages/airflow/example_dags/example_branch_labels.py for tasks to queue
[2023-02-04 01:57:28,004] {logging_mixin.py:115} INFO - [2023-02-04 01:57:28,004] {dagbag.py:508} INFO - Filling up the DagBag from /home/milo/13-airflow/airflowhome/airflowenv/lib/python3.9/site-packages/airflow/example_dags/example_branch_labels.py
[2023-02-04 01:57:28,015] {processor.py:651} INFO - DAG(s) dict_keys(['example_branch_labels']) retrieved from /home/milo/13-airflow/airflowhome/airflowenv/lib/python3.9/site-packages/airflow/example_dags/example_branch_labels.py
[2023-02-04 01:57:28,041] {logging_mixin.py:115} INFO - [2023-02-04 01:57:28,041] {dag.py:2420} INFO - Sync 1 DAGs
[2023-02-04 01:57:28,079] {logging_mixin.py:115} INFO - [2023-02-04 01:57:28,079] {dag.py:2968} INFO - Setting next_dagrun for example_branch_labels to 2023-02-03T00:00:00+00:00, run_after=2023-02-04T00:00:00+00:00
[2023-02-04 01:57:28,098] {processor.py:161} INFO - Processing /home/milo/13-airflow/airflowhome/airflowenv/lib/python3.9/site-packages/airflow/example_dags/example_branch_labels.py took 0.103 seconds
[2023-02-04 01:58:02,442] {processor.py:153} INFO - Started process (PID=7024) to work on /home/milo/13-airflow/airflowhome/airflowenv/lib/python3.9/site-packages/airflow/example_dags/example_branch_labels.py
[2023-02-04 01:58:02,444] {processor.py:641} INFO - Processing file /home/milo/13-airflow/airflowhome/airflowenv/lib/python3.9/site-packages/airflow/example_dags/example_branch_labels.py for tasks to queue
[2023-02-04 01:58:02,445] {logging_mixin.py:115} INFO - [2023-02-04 01:58:02,444] {dagbag.py:508} INFO - Filling up the DagBag from /home/milo/13-airflow/airflowhome/airflowenv/lib/python3.9/site-packages/airflow/example_dags/example_branch_labels.py
[2023-02-04 01:58:02,456] {processor.py:651} INFO - DAG(s) dict_keys(['example_branch_labels']) retrieved from /home/milo/13-airflow/airflowhome/airflowenv/lib/python3.9/site-packages/airflow/example_dags/example_branch_labels.py
[2023-02-04 01:58:02,482] {logging_mixin.py:115} INFO - [2023-02-04 01:58:02,482] {dag.py:2420} INFO - Sync 1 DAGs
[2023-02-04 01:58:02,515] {logging_mixin.py:115} INFO - [2023-02-04 01:58:02,514] {dag.py:2968} INFO - Setting next_dagrun for example_branch_labels to 2023-02-03T00:00:00+00:00, run_after=2023-02-04T00:00:00+00:00
[2023-02-04 01:58:02,535] {processor.py:161} INFO - Processing /home/milo/13-airflow/airflowhome/airflowenv/lib/python3.9/site-packages/airflow/example_dags/example_branch_labels.py took 0.097 seconds
[2023-02-04 01:58:36,765] {processor.py:153} INFO - Started process (PID=7066) to work on /home/milo/13-airflow/airflowhome/airflowenv/lib/python3.9/site-packages/airflow/example_dags/example_branch_labels.py
[2023-02-04 01:58:36,767] {processor.py:641} INFO - Processing file /home/milo/13-airflow/airflowhome/airflowenv/lib/python3.9/site-packages/airflow/example_dags/example_branch_labels.py for tasks to queue
[2023-02-04 01:58:36,768] {logging_mixin.py:115} INFO - [2023-02-04 01:58:36,768] {dagbag.py:508} INFO - Filling up the DagBag from /home/milo/13-airflow/airflowhome/airflowenv/lib/python3.9/site-packages/airflow/example_dags/example_branch_labels.py
[2023-02-04 01:58:36,780] {processor.py:651} INFO - DAG(s) dict_keys(['example_branch_labels']) retrieved from /home/milo/13-airflow/airflowhome/airflowenv/lib/python3.9/site-packages/airflow/example_dags/example_branch_labels.py
[2023-02-04 01:58:36,808] {logging_mixin.py:115} INFO - [2023-02-04 01:58:36,807] {dag.py:2420} INFO - Sync 1 DAGs
[2023-02-04 01:58:36,838] {logging_mixin.py:115} INFO - [2023-02-04 01:58:36,838] {dag.py:2968} INFO - Setting next_dagrun for example_branch_labels to 2023-02-03T00:00:00+00:00, run_after=2023-02-04T00:00:00+00:00
[2023-02-04 01:58:36,857] {processor.py:161} INFO - Processing /home/milo/13-airflow/airflowhome/airflowenv/lib/python3.9/site-packages/airflow/example_dags/example_branch_labels.py took 0.098 seconds
[2023-02-04 01:59:12,643] {processor.py:153} INFO - Started process (PID=7103) to work on /home/milo/13-airflow/airflowhome/airflowenv/lib/python3.9/site-packages/airflow/example_dags/example_branch_labels.py
[2023-02-04 01:59:12,645] {processor.py:641} INFO - Processing file /home/milo/13-airflow/airflowhome/airflowenv/lib/python3.9/site-packages/airflow/example_dags/example_branch_labels.py for tasks to queue
[2023-02-04 01:59:12,646] {logging_mixin.py:115} INFO - [2023-02-04 01:59:12,645] {dagbag.py:508} INFO - Filling up the DagBag from /home/milo/13-airflow/airflowhome/airflowenv/lib/python3.9/site-packages/airflow/example_dags/example_branch_labels.py
[2023-02-04 01:59:12,658] {processor.py:651} INFO - DAG(s) dict_keys(['example_branch_labels']) retrieved from /home/milo/13-airflow/airflowhome/airflowenv/lib/python3.9/site-packages/airflow/example_dags/example_branch_labels.py
[2023-02-04 01:59:12,684] {logging_mixin.py:115} INFO - [2023-02-04 01:59:12,684] {dag.py:2420} INFO - Sync 1 DAGs
[2023-02-04 01:59:12,716] {logging_mixin.py:115} INFO - [2023-02-04 01:59:12,715] {dag.py:2968} INFO - Setting next_dagrun for example_branch_labels to 2023-02-03T00:00:00+00:00, run_after=2023-02-04T00:00:00+00:00
[2023-02-04 01:59:12,737] {processor.py:161} INFO - Processing /home/milo/13-airflow/airflowhome/airflowenv/lib/python3.9/site-packages/airflow/example_dags/example_branch_labels.py took 0.099 seconds
[2023-02-04 01:59:45,525] {processor.py:153} INFO - Started process (PID=7135) to work on /home/milo/13-airflow/airflowhome/airflowenv/lib/python3.9/site-packages/airflow/example_dags/example_branch_labels.py
[2023-02-04 01:59:45,527] {processor.py:641} INFO - Processing file /home/milo/13-airflow/airflowhome/airflowenv/lib/python3.9/site-packages/airflow/example_dags/example_branch_labels.py for tasks to queue
[2023-02-04 01:59:45,528] {logging_mixin.py:115} INFO - [2023-02-04 01:59:45,528] {dagbag.py:508} INFO - Filling up the DagBag from /home/milo/13-airflow/airflowhome/airflowenv/lib/python3.9/site-packages/airflow/example_dags/example_branch_labels.py
[2023-02-04 01:59:45,540] {processor.py:651} INFO - DAG(s) dict_keys(['example_branch_labels']) retrieved from /home/milo/13-airflow/airflowhome/airflowenv/lib/python3.9/site-packages/airflow/example_dags/example_branch_labels.py
[2023-02-04 01:59:45,567] {logging_mixin.py:115} INFO - [2023-02-04 01:59:45,567] {dag.py:2420} INFO - Sync 1 DAGs
[2023-02-04 01:59:45,598] {logging_mixin.py:115} INFO - [2023-02-04 01:59:45,598] {dag.py:2968} INFO - Setting next_dagrun for example_branch_labels to 2023-02-03T00:00:00+00:00, run_after=2023-02-04T00:00:00+00:00
[2023-02-04 01:59:45,617] {processor.py:161} INFO - Processing /home/milo/13-airflow/airflowhome/airflowenv/lib/python3.9/site-packages/airflow/example_dags/example_branch_labels.py took 0.097 seconds
[2023-02-04 02:00:21,952] {processor.py:153} INFO - Started process (PID=7173) to work on /home/milo/13-airflow/airflowhome/airflowenv/lib/python3.9/site-packages/airflow/example_dags/example_branch_labels.py
[2023-02-04 02:00:21,954] {processor.py:641} INFO - Processing file /home/milo/13-airflow/airflowhome/airflowenv/lib/python3.9/site-packages/airflow/example_dags/example_branch_labels.py for tasks to queue
[2023-02-04 02:00:21,954] {logging_mixin.py:115} INFO - [2023-02-04 02:00:21,954] {dagbag.py:508} INFO - Filling up the DagBag from /home/milo/13-airflow/airflowhome/airflowenv/lib/python3.9/site-packages/airflow/example_dags/example_branch_labels.py
[2023-02-04 02:00:21,966] {processor.py:651} INFO - DAG(s) dict_keys(['example_branch_labels']) retrieved from /home/milo/13-airflow/airflowhome/airflowenv/lib/python3.9/site-packages/airflow/example_dags/example_branch_labels.py
[2023-02-04 02:00:21,993] {logging_mixin.py:115} INFO - [2023-02-04 02:00:21,993] {dag.py:2420} INFO - Sync 1 DAGs
[2023-02-04 02:00:22,024] {logging_mixin.py:115} INFO - [2023-02-04 02:00:22,023] {dag.py:2968} INFO - Setting next_dagrun for example_branch_labels to 2023-02-03T00:00:00+00:00, run_after=2023-02-04T00:00:00+00:00
[2023-02-04 02:00:22,043] {processor.py:161} INFO - Processing /home/milo/13-airflow/airflowhome/airflowenv/lib/python3.9/site-packages/airflow/example_dags/example_branch_labels.py took 0.096 seconds
[2023-02-04 02:00:56,932] {processor.py:153} INFO - Started process (PID=7206) to work on /home/milo/13-airflow/airflowhome/airflowenv/lib/python3.9/site-packages/airflow/example_dags/example_branch_labels.py
[2023-02-04 02:00:56,934] {processor.py:641} INFO - Processing file /home/milo/13-airflow/airflowhome/airflowenv/lib/python3.9/site-packages/airflow/example_dags/example_branch_labels.py for tasks to queue
[2023-02-04 02:00:56,935] {logging_mixin.py:115} INFO - [2023-02-04 02:00:56,935] {dagbag.py:508} INFO - Filling up the DagBag from /home/milo/13-airflow/airflowhome/airflowenv/lib/python3.9/site-packages/airflow/example_dags/example_branch_labels.py
[2023-02-04 02:00:56,947] {processor.py:651} INFO - DAG(s) dict_keys(['example_branch_labels']) retrieved from /home/milo/13-airflow/airflowhome/airflowenv/lib/python3.9/site-packages/airflow/example_dags/example_branch_labels.py
[2023-02-04 02:00:56,975] {logging_mixin.py:115} INFO - [2023-02-04 02:00:56,974] {dag.py:2420} INFO - Sync 1 DAGs
[2023-02-04 02:00:57,008] {logging_mixin.py:115} INFO - [2023-02-04 02:00:57,008] {dag.py:2968} INFO - Setting next_dagrun for example_branch_labels to 2023-02-03T00:00:00+00:00, run_after=2023-02-04T00:00:00+00:00
[2023-02-04 02:00:57,027] {processor.py:161} INFO - Processing /home/milo/13-airflow/airflowhome/airflowenv/lib/python3.9/site-packages/airflow/example_dags/example_branch_labels.py took 0.100 seconds
[2023-02-04 02:01:28,561] {processor.py:153} INFO - Started process (PID=7240) to work on /home/milo/13-airflow/airflowhome/airflowenv/lib/python3.9/site-packages/airflow/example_dags/example_branch_labels.py
[2023-02-04 02:01:28,562] {processor.py:641} INFO - Processing file /home/milo/13-airflow/airflowhome/airflowenv/lib/python3.9/site-packages/airflow/example_dags/example_branch_labels.py for tasks to queue
[2023-02-04 02:01:28,563] {logging_mixin.py:115} INFO - [2023-02-04 02:01:28,563] {dagbag.py:508} INFO - Filling up the DagBag from /home/milo/13-airflow/airflowhome/airflowenv/lib/python3.9/site-packages/airflow/example_dags/example_branch_labels.py
[2023-02-04 02:01:28,575] {processor.py:651} INFO - DAG(s) dict_keys(['example_branch_labels']) retrieved from /home/milo/13-airflow/airflowhome/airflowenv/lib/python3.9/site-packages/airflow/example_dags/example_branch_labels.py
[2023-02-04 02:01:28,602] {logging_mixin.py:115} INFO - [2023-02-04 02:01:28,602] {dag.py:2420} INFO - Sync 1 DAGs
[2023-02-04 02:01:28,645] {logging_mixin.py:115} INFO - [2023-02-04 02:01:28,644] {dag.py:2968} INFO - Setting next_dagrun for example_branch_labels to 2023-02-03T00:00:00+00:00, run_after=2023-02-04T00:00:00+00:00
[2023-02-04 02:01:28,665] {processor.py:161} INFO - Processing /home/milo/13-airflow/airflowhome/airflowenv/lib/python3.9/site-packages/airflow/example_dags/example_branch_labels.py took 0.110 seconds
[2023-02-04 02:02:01,364] {processor.py:153} INFO - Started process (PID=7274) to work on /home/milo/13-airflow/airflowhome/airflowenv/lib/python3.9/site-packages/airflow/example_dags/example_branch_labels.py
[2023-02-04 02:02:01,366] {processor.py:641} INFO - Processing file /home/milo/13-airflow/airflowhome/airflowenv/lib/python3.9/site-packages/airflow/example_dags/example_branch_labels.py for tasks to queue
[2023-02-04 02:02:01,367] {logging_mixin.py:115} INFO - [2023-02-04 02:02:01,366] {dagbag.py:508} INFO - Filling up the DagBag from /home/milo/13-airflow/airflowhome/airflowenv/lib/python3.9/site-packages/airflow/example_dags/example_branch_labels.py
[2023-02-04 02:02:01,379] {processor.py:651} INFO - DAG(s) dict_keys(['example_branch_labels']) retrieved from /home/milo/13-airflow/airflowhome/airflowenv/lib/python3.9/site-packages/airflow/example_dags/example_branch_labels.py
[2023-02-04 02:02:01,406] {logging_mixin.py:115} INFO - [2023-02-04 02:02:01,405] {dag.py:2420} INFO - Sync 1 DAGs
[2023-02-04 02:02:01,437] {logging_mixin.py:115} INFO - [2023-02-04 02:02:01,436] {dag.py:2968} INFO - Setting next_dagrun for example_branch_labels to 2023-02-03T00:00:00+00:00, run_after=2023-02-04T00:00:00+00:00
[2023-02-04 02:02:01,457] {processor.py:161} INFO - Processing /home/milo/13-airflow/airflowhome/airflowenv/lib/python3.9/site-packages/airflow/example_dags/example_branch_labels.py took 0.098 seconds
[2023-02-04 02:02:37,381] {processor.py:153} INFO - Started process (PID=7308) to work on /home/milo/13-airflow/airflowhome/airflowenv/lib/python3.9/site-packages/airflow/example_dags/example_branch_labels.py
[2023-02-04 02:02:37,383] {processor.py:641} INFO - Processing file /home/milo/13-airflow/airflowhome/airflowenv/lib/python3.9/site-packages/airflow/example_dags/example_branch_labels.py for tasks to queue
[2023-02-04 02:02:37,384] {logging_mixin.py:115} INFO - [2023-02-04 02:02:37,383] {dagbag.py:508} INFO - Filling up the DagBag from /home/milo/13-airflow/airflowhome/airflowenv/lib/python3.9/site-packages/airflow/example_dags/example_branch_labels.py
[2023-02-04 02:02:37,395] {processor.py:651} INFO - DAG(s) dict_keys(['example_branch_labels']) retrieved from /home/milo/13-airflow/airflowhome/airflowenv/lib/python3.9/site-packages/airflow/example_dags/example_branch_labels.py
[2023-02-04 02:02:37,422] {logging_mixin.py:115} INFO - [2023-02-04 02:02:37,421] {dag.py:2420} INFO - Sync 1 DAGs
[2023-02-04 02:02:37,453] {logging_mixin.py:115} INFO - [2023-02-04 02:02:37,452] {dag.py:2968} INFO - Setting next_dagrun for example_branch_labels to 2023-02-03T00:00:00+00:00, run_after=2023-02-04T00:00:00+00:00
[2023-02-04 02:02:37,471] {processor.py:161} INFO - Processing /home/milo/13-airflow/airflowhome/airflowenv/lib/python3.9/site-packages/airflow/example_dags/example_branch_labels.py took 0.095 seconds
[2023-02-04 02:03:11,347] {processor.py:153} INFO - Started process (PID=7343) to work on /home/milo/13-airflow/airflowhome/airflowenv/lib/python3.9/site-packages/airflow/example_dags/example_branch_labels.py
[2023-02-04 02:03:11,349] {processor.py:641} INFO - Processing file /home/milo/13-airflow/airflowhome/airflowenv/lib/python3.9/site-packages/airflow/example_dags/example_branch_labels.py for tasks to queue
[2023-02-04 02:03:11,350] {logging_mixin.py:115} INFO - [2023-02-04 02:03:11,350] {dagbag.py:508} INFO - Filling up the DagBag from /home/milo/13-airflow/airflowhome/airflowenv/lib/python3.9/site-packages/airflow/example_dags/example_branch_labels.py
[2023-02-04 02:03:11,360] {processor.py:651} INFO - DAG(s) dict_keys(['example_branch_labels']) retrieved from /home/milo/13-airflow/airflowhome/airflowenv/lib/python3.9/site-packages/airflow/example_dags/example_branch_labels.py
[2023-02-04 02:03:11,387] {logging_mixin.py:115} INFO - [2023-02-04 02:03:11,387] {dag.py:2420} INFO - Sync 1 DAGs
[2023-02-04 02:03:11,417] {logging_mixin.py:115} INFO - [2023-02-04 02:03:11,417] {dag.py:2968} INFO - Setting next_dagrun for example_branch_labels to 2023-02-03T00:00:00+00:00, run_after=2023-02-04T00:00:00+00:00
[2023-02-04 02:03:11,436] {processor.py:161} INFO - Processing /home/milo/13-airflow/airflowhome/airflowenv/lib/python3.9/site-packages/airflow/example_dags/example_branch_labels.py took 0.094 seconds
[2023-02-04 02:03:44,174] {processor.py:153} INFO - Started process (PID=7376) to work on /home/milo/13-airflow/airflowhome/airflowenv/lib/python3.9/site-packages/airflow/example_dags/example_branch_labels.py
[2023-02-04 02:03:44,174] {processor.py:641} INFO - Processing file /home/milo/13-airflow/airflowhome/airflowenv/lib/python3.9/site-packages/airflow/example_dags/example_branch_labels.py for tasks to queue
[2023-02-04 02:03:44,175] {logging_mixin.py:115} INFO - [2023-02-04 02:03:44,175] {dagbag.py:508} INFO - Filling up the DagBag from /home/milo/13-airflow/airflowhome/airflowenv/lib/python3.9/site-packages/airflow/example_dags/example_branch_labels.py
[2023-02-04 02:03:44,186] {processor.py:651} INFO - DAG(s) dict_keys(['example_branch_labels']) retrieved from /home/milo/13-airflow/airflowhome/airflowenv/lib/python3.9/site-packages/airflow/example_dags/example_branch_labels.py
[2023-02-04 02:03:44,216] {logging_mixin.py:115} INFO - [2023-02-04 02:03:44,216] {dag.py:2420} INFO - Sync 1 DAGs
[2023-02-04 02:03:44,255] {logging_mixin.py:115} INFO - [2023-02-04 02:03:44,255] {dag.py:2968} INFO - Setting next_dagrun for example_branch_labels to 2023-02-03T00:00:00+00:00, run_after=2023-02-04T00:00:00+00:00
[2023-02-04 02:03:44,275] {processor.py:161} INFO - Processing /home/milo/13-airflow/airflowhome/airflowenv/lib/python3.9/site-packages/airflow/example_dags/example_branch_labels.py took 0.107 seconds
[2023-02-04 02:04:18,006] {processor.py:153} INFO - Started process (PID=7408) to work on /home/milo/13-airflow/airflowhome/airflowenv/lib/python3.9/site-packages/airflow/example_dags/example_branch_labels.py
[2023-02-04 02:04:18,008] {processor.py:641} INFO - Processing file /home/milo/13-airflow/airflowhome/airflowenv/lib/python3.9/site-packages/airflow/example_dags/example_branch_labels.py for tasks to queue
[2023-02-04 02:04:18,009] {logging_mixin.py:115} INFO - [2023-02-04 02:04:18,008] {dagbag.py:508} INFO - Filling up the DagBag from /home/milo/13-airflow/airflowhome/airflowenv/lib/python3.9/site-packages/airflow/example_dags/example_branch_labels.py
[2023-02-04 02:04:18,020] {processor.py:651} INFO - DAG(s) dict_keys(['example_branch_labels']) retrieved from /home/milo/13-airflow/airflowhome/airflowenv/lib/python3.9/site-packages/airflow/example_dags/example_branch_labels.py
[2023-02-04 02:04:18,047] {logging_mixin.py:115} INFO - [2023-02-04 02:04:18,047] {dag.py:2420} INFO - Sync 1 DAGs
[2023-02-04 02:04:18,078] {logging_mixin.py:115} INFO - [2023-02-04 02:04:18,078] {dag.py:2968} INFO - Setting next_dagrun for example_branch_labels to 2023-02-03T00:00:00+00:00, run_after=2023-02-04T00:00:00+00:00
[2023-02-04 02:04:18,097] {processor.py:161} INFO - Processing /home/milo/13-airflow/airflowhome/airflowenv/lib/python3.9/site-packages/airflow/example_dags/example_branch_labels.py took 0.097 seconds
[2023-02-04 02:04:51,640] {processor.py:153} INFO - Started process (PID=7440) to work on /home/milo/13-airflow/airflowhome/airflowenv/lib/python3.9/site-packages/airflow/example_dags/example_branch_labels.py
[2023-02-04 02:04:51,642] {processor.py:641} INFO - Processing file /home/milo/13-airflow/airflowhome/airflowenv/lib/python3.9/site-packages/airflow/example_dags/example_branch_labels.py for tasks to queue
[2023-02-04 02:04:51,643] {logging_mixin.py:115} INFO - [2023-02-04 02:04:51,643] {dagbag.py:508} INFO - Filling up the DagBag from /home/milo/13-airflow/airflowhome/airflowenv/lib/python3.9/site-packages/airflow/example_dags/example_branch_labels.py
[2023-02-04 02:04:51,654] {processor.py:651} INFO - DAG(s) dict_keys(['example_branch_labels']) retrieved from /home/milo/13-airflow/airflowhome/airflowenv/lib/python3.9/site-packages/airflow/example_dags/example_branch_labels.py
[2023-02-04 02:04:51,681] {logging_mixin.py:115} INFO - [2023-02-04 02:04:51,681] {dag.py:2420} INFO - Sync 1 DAGs
[2023-02-04 02:04:51,713] {logging_mixin.py:115} INFO - [2023-02-04 02:04:51,712] {dag.py:2968} INFO - Setting next_dagrun for example_branch_labels to 2023-02-03T00:00:00+00:00, run_after=2023-02-04T00:00:00+00:00
[2023-02-04 02:04:51,731] {processor.py:161} INFO - Processing /home/milo/13-airflow/airflowhome/airflowenv/lib/python3.9/site-packages/airflow/example_dags/example_branch_labels.py took 0.105 seconds
[2023-02-04 02:05:25,406] {processor.py:153} INFO - Started process (PID=7477) to work on /home/milo/13-airflow/airflowhome/airflowenv/lib/python3.9/site-packages/airflow/example_dags/example_branch_labels.py
[2023-02-04 02:05:25,406] {processor.py:641} INFO - Processing file /home/milo/13-airflow/airflowhome/airflowenv/lib/python3.9/site-packages/airflow/example_dags/example_branch_labels.py for tasks to queue
[2023-02-04 02:05:25,407] {logging_mixin.py:115} INFO - [2023-02-04 02:05:25,407] {dagbag.py:508} INFO - Filling up the DagBag from /home/milo/13-airflow/airflowhome/airflowenv/lib/python3.9/site-packages/airflow/example_dags/example_branch_labels.py
[2023-02-04 02:05:25,420] {processor.py:651} INFO - DAG(s) dict_keys(['example_branch_labels']) retrieved from /home/milo/13-airflow/airflowhome/airflowenv/lib/python3.9/site-packages/airflow/example_dags/example_branch_labels.py
[2023-02-04 02:05:25,446] {logging_mixin.py:115} INFO - [2023-02-04 02:05:25,446] {dag.py:2420} INFO - Sync 1 DAGs
[2023-02-04 02:05:25,477] {logging_mixin.py:115} INFO - [2023-02-04 02:05:25,476] {dag.py:2968} INFO - Setting next_dagrun for example_branch_labels to 2023-02-03T00:00:00+00:00, run_after=2023-02-04T00:00:00+00:00
[2023-02-04 02:05:25,495] {processor.py:161} INFO - Processing /home/milo/13-airflow/airflowhome/airflowenv/lib/python3.9/site-packages/airflow/example_dags/example_branch_labels.py took 0.094 seconds
[2023-02-04 02:05:57,635] {processor.py:153} INFO - Started process (PID=7510) to work on /home/milo/13-airflow/airflowhome/airflowenv/lib/python3.9/site-packages/airflow/example_dags/example_branch_labels.py
[2023-02-04 02:05:57,636] {processor.py:641} INFO - Processing file /home/milo/13-airflow/airflowhome/airflowenv/lib/python3.9/site-packages/airflow/example_dags/example_branch_labels.py for tasks to queue
[2023-02-04 02:05:57,637] {logging_mixin.py:115} INFO - [2023-02-04 02:05:57,636] {dagbag.py:508} INFO - Filling up the DagBag from /home/milo/13-airflow/airflowhome/airflowenv/lib/python3.9/site-packages/airflow/example_dags/example_branch_labels.py
[2023-02-04 02:05:57,648] {processor.py:651} INFO - DAG(s) dict_keys(['example_branch_labels']) retrieved from /home/milo/13-airflow/airflowhome/airflowenv/lib/python3.9/site-packages/airflow/example_dags/example_branch_labels.py
[2023-02-04 02:05:57,676] {logging_mixin.py:115} INFO - [2023-02-04 02:05:57,676] {dag.py:2420} INFO - Sync 1 DAGs
[2023-02-04 02:05:57,715] {logging_mixin.py:115} INFO - [2023-02-04 02:05:57,715] {dag.py:2968} INFO - Setting next_dagrun for example_branch_labels to 2023-02-03T00:00:00+00:00, run_after=2023-02-04T00:00:00+00:00
[2023-02-04 02:05:57,736] {processor.py:161} INFO - Processing /home/milo/13-airflow/airflowhome/airflowenv/lib/python3.9/site-packages/airflow/example_dags/example_branch_labels.py took 0.106 seconds
[2023-02-04 02:06:32,499] {processor.py:153} INFO - Started process (PID=7542) to work on /home/milo/13-airflow/airflowhome/airflowenv/lib/python3.9/site-packages/airflow/example_dags/example_branch_labels.py
[2023-02-04 02:06:32,501] {processor.py:641} INFO - Processing file /home/milo/13-airflow/airflowhome/airflowenv/lib/python3.9/site-packages/airflow/example_dags/example_branch_labels.py for tasks to queue
[2023-02-04 02:06:32,502] {logging_mixin.py:115} INFO - [2023-02-04 02:06:32,502] {dagbag.py:508} INFO - Filling up the DagBag from /home/milo/13-airflow/airflowhome/airflowenv/lib/python3.9/site-packages/airflow/example_dags/example_branch_labels.py
[2023-02-04 02:06:32,513] {processor.py:651} INFO - DAG(s) dict_keys(['example_branch_labels']) retrieved from /home/milo/13-airflow/airflowhome/airflowenv/lib/python3.9/site-packages/airflow/example_dags/example_branch_labels.py
[2023-02-04 02:06:32,540] {logging_mixin.py:115} INFO - [2023-02-04 02:06:32,540] {dag.py:2420} INFO - Sync 1 DAGs
[2023-02-04 02:06:32,572] {logging_mixin.py:115} INFO - [2023-02-04 02:06:32,572] {dag.py:2968} INFO - Setting next_dagrun for example_branch_labels to 2023-02-03T00:00:00+00:00, run_after=2023-02-04T00:00:00+00:00
[2023-02-04 02:06:32,591] {processor.py:161} INFO - Processing /home/milo/13-airflow/airflowhome/airflowenv/lib/python3.9/site-packages/airflow/example_dags/example_branch_labels.py took 0.096 seconds
[2023-02-04 02:07:10,240] {processor.py:153} INFO - Started process (PID=7578) to work on /home/milo/13-airflow/airflowhome/airflowenv/lib/python3.9/site-packages/airflow/example_dags/example_branch_labels.py
[2023-02-04 02:07:10,242] {processor.py:641} INFO - Processing file /home/milo/13-airflow/airflowhome/airflowenv/lib/python3.9/site-packages/airflow/example_dags/example_branch_labels.py for tasks to queue
[2023-02-04 02:07:10,243] {logging_mixin.py:115} INFO - [2023-02-04 02:07:10,243] {dagbag.py:508} INFO - Filling up the DagBag from /home/milo/13-airflow/airflowhome/airflowenv/lib/python3.9/site-packages/airflow/example_dags/example_branch_labels.py
[2023-02-04 02:07:10,254] {processor.py:651} INFO - DAG(s) dict_keys(['example_branch_labels']) retrieved from /home/milo/13-airflow/airflowhome/airflowenv/lib/python3.9/site-packages/airflow/example_dags/example_branch_labels.py
[2023-02-04 02:07:10,281] {logging_mixin.py:115} INFO - [2023-02-04 02:07:10,281] {dag.py:2420} INFO - Sync 1 DAGs
[2023-02-04 02:07:10,311] {logging_mixin.py:115} INFO - [2023-02-04 02:07:10,311] {dag.py:2968} INFO - Setting next_dagrun for example_branch_labels to 2023-02-03T00:00:00+00:00, run_after=2023-02-04T00:00:00+00:00
[2023-02-04 02:07:10,332] {processor.py:161} INFO - Processing /home/milo/13-airflow/airflowhome/airflowenv/lib/python3.9/site-packages/airflow/example_dags/example_branch_labels.py took 0.101 seconds
[2023-02-04 02:07:43,947] {processor.py:153} INFO - Started process (PID=7611) to work on /home/milo/13-airflow/airflowhome/airflowenv/lib/python3.9/site-packages/airflow/example_dags/example_branch_labels.py
[2023-02-04 02:07:43,949] {processor.py:641} INFO - Processing file /home/milo/13-airflow/airflowhome/airflowenv/lib/python3.9/site-packages/airflow/example_dags/example_branch_labels.py for tasks to queue
[2023-02-04 02:07:43,950] {logging_mixin.py:115} INFO - [2023-02-04 02:07:43,950] {dagbag.py:508} INFO - Filling up the DagBag from /home/milo/13-airflow/airflowhome/airflowenv/lib/python3.9/site-packages/airflow/example_dags/example_branch_labels.py
[2023-02-04 02:07:43,961] {processor.py:651} INFO - DAG(s) dict_keys(['example_branch_labels']) retrieved from /home/milo/13-airflow/airflowhome/airflowenv/lib/python3.9/site-packages/airflow/example_dags/example_branch_labels.py
[2023-02-04 02:07:43,989] {logging_mixin.py:115} INFO - [2023-02-04 02:07:43,989] {dag.py:2420} INFO - Sync 1 DAGs
[2023-02-04 02:07:44,021] {logging_mixin.py:115} INFO - [2023-02-04 02:07:44,020] {dag.py:2968} INFO - Setting next_dagrun for example_branch_labels to 2023-02-03T00:00:00+00:00, run_after=2023-02-04T00:00:00+00:00
[2023-02-04 02:07:44,041] {processor.py:161} INFO - Processing /home/milo/13-airflow/airflowhome/airflowenv/lib/python3.9/site-packages/airflow/example_dags/example_branch_labels.py took 0.099 seconds
[2023-02-04 02:08:18,864] {processor.py:153} INFO - Started process (PID=7646) to work on /home/milo/13-airflow/airflowhome/airflowenv/lib/python3.9/site-packages/airflow/example_dags/example_branch_labels.py
[2023-02-04 02:08:18,866] {processor.py:641} INFO - Processing file /home/milo/13-airflow/airflowhome/airflowenv/lib/python3.9/site-packages/airflow/example_dags/example_branch_labels.py for tasks to queue
[2023-02-04 02:08:18,866] {logging_mixin.py:115} INFO - [2023-02-04 02:08:18,866] {dagbag.py:508} INFO - Filling up the DagBag from /home/milo/13-airflow/airflowhome/airflowenv/lib/python3.9/site-packages/airflow/example_dags/example_branch_labels.py
[2023-02-04 02:08:18,877] {processor.py:651} INFO - DAG(s) dict_keys(['example_branch_labels']) retrieved from /home/milo/13-airflow/airflowhome/airflowenv/lib/python3.9/site-packages/airflow/example_dags/example_branch_labels.py
[2023-02-04 02:08:18,904] {logging_mixin.py:115} INFO - [2023-02-04 02:08:18,904] {dag.py:2420} INFO - Sync 1 DAGs
[2023-02-04 02:08:18,935] {logging_mixin.py:115} INFO - [2023-02-04 02:08:18,935] {dag.py:2968} INFO - Setting next_dagrun for example_branch_labels to 2023-02-03T00:00:00+00:00, run_after=2023-02-04T00:00:00+00:00
[2023-02-04 02:08:18,954] {processor.py:161} INFO - Processing /home/milo/13-airflow/airflowhome/airflowenv/lib/python3.9/site-packages/airflow/example_dags/example_branch_labels.py took 0.096 seconds
[2023-02-04 02:08:51,829] {processor.py:153} INFO - Started process (PID=7677) to work on /home/milo/13-airflow/airflowhome/airflowenv/lib/python3.9/site-packages/airflow/example_dags/example_branch_labels.py
[2023-02-04 02:08:51,830] {processor.py:641} INFO - Processing file /home/milo/13-airflow/airflowhome/airflowenv/lib/python3.9/site-packages/airflow/example_dags/example_branch_labels.py for tasks to queue
[2023-02-04 02:08:51,831] {logging_mixin.py:115} INFO - [2023-02-04 02:08:51,830] {dagbag.py:508} INFO - Filling up the DagBag from /home/milo/13-airflow/airflowhome/airflowenv/lib/python3.9/site-packages/airflow/example_dags/example_branch_labels.py
[2023-02-04 02:08:51,842] {processor.py:651} INFO - DAG(s) dict_keys(['example_branch_labels']) retrieved from /home/milo/13-airflow/airflowhome/airflowenv/lib/python3.9/site-packages/airflow/example_dags/example_branch_labels.py
[2023-02-04 02:08:51,870] {logging_mixin.py:115} INFO - [2023-02-04 02:08:51,870] {dag.py:2420} INFO - Sync 1 DAGs
[2023-02-04 02:08:51,901] {logging_mixin.py:115} INFO - [2023-02-04 02:08:51,901] {dag.py:2968} INFO - Setting next_dagrun for example_branch_labels to 2023-02-03T00:00:00+00:00, run_after=2023-02-04T00:00:00+00:00
[2023-02-04 02:08:51,921] {processor.py:161} INFO - Processing /home/milo/13-airflow/airflowhome/airflowenv/lib/python3.9/site-packages/airflow/example_dags/example_branch_labels.py took 0.097 seconds
[2023-02-04 02:12:04,380] {processor.py:153} INFO - Started process (PID=7796) to work on /home/milo/13-airflow/airflowhome/airflowenv/lib/python3.9/site-packages/airflow/example_dags/example_branch_labels.py
[2023-02-04 02:12:04,435] {processor.py:641} INFO - Processing file /home/milo/13-airflow/airflowhome/airflowenv/lib/python3.9/site-packages/airflow/example_dags/example_branch_labels.py for tasks to queue
[2023-02-04 02:12:04,436] {logging_mixin.py:115} INFO - [2023-02-04 02:12:04,435] {dagbag.py:508} INFO - Filling up the DagBag from /home/milo/13-airflow/airflowhome/airflowenv/lib/python3.9/site-packages/airflow/example_dags/example_branch_labels.py
[2023-02-04 02:12:04,454] {processor.py:651} INFO - DAG(s) dict_keys(['example_branch_labels']) retrieved from /home/milo/13-airflow/airflowhome/airflowenv/lib/python3.9/site-packages/airflow/example_dags/example_branch_labels.py
[2023-02-04 02:12:04,512] {logging_mixin.py:115} INFO - [2023-02-04 02:12:04,512] {dag.py:2420} INFO - Sync 1 DAGs
[2023-02-04 02:12:04,577] {logging_mixin.py:115} INFO - [2023-02-04 02:12:04,576] {dag.py:2968} INFO - Setting next_dagrun for example_branch_labels to 2023-02-03T00:00:00+00:00, run_after=2023-02-04T00:00:00+00:00
[2023-02-04 02:12:07,217] {processor.py:161} INFO - Processing /home/milo/13-airflow/airflowhome/airflowenv/lib/python3.9/site-packages/airflow/example_dags/example_branch_labels.py took 2.852 seconds
[2023-02-04 02:21:52,776] {processor.py:153} INFO - Started process (PID=7879) to work on /home/milo/13-airflow/airflowhome/airflowenv/lib/python3.9/site-packages/airflow/example_dags/example_branch_labels.py
[2023-02-04 02:21:52,782] {processor.py:641} INFO - Processing file /home/milo/13-airflow/airflowhome/airflowenv/lib/python3.9/site-packages/airflow/example_dags/example_branch_labels.py for tasks to queue
[2023-02-04 02:21:52,783] {logging_mixin.py:115} INFO - [2023-02-04 02:21:52,783] {dagbag.py:508} INFO - Filling up the DagBag from /home/milo/13-airflow/airflowhome/airflowenv/lib/python3.9/site-packages/airflow/example_dags/example_branch_labels.py
[2023-02-04 02:21:52,815] {processor.py:651} INFO - DAG(s) dict_keys(['example_branch_labels']) retrieved from /home/milo/13-airflow/airflowhome/airflowenv/lib/python3.9/site-packages/airflow/example_dags/example_branch_labels.py
[2023-02-04 02:21:52,898] {logging_mixin.py:115} INFO - [2023-02-04 02:21:52,898] {dag.py:2420} INFO - Sync 1 DAGs
[2023-02-04 02:21:52,966] {logging_mixin.py:115} INFO - [2023-02-04 02:21:52,966] {dag.py:2968} INFO - Setting next_dagrun for example_branch_labels to 2023-02-03T00:00:00+00:00, run_after=2023-02-04T00:00:00+00:00
[2023-02-04 02:21:53,008] {processor.py:161} INFO - Processing /home/milo/13-airflow/airflowhome/airflowenv/lib/python3.9/site-packages/airflow/example_dags/example_branch_labels.py took 0.264 seconds
