[2023-02-04 01:52:50,708] {processor.py:153} INFO - Started process (PID=6590) to work on /home/milo/13-airflow/airflowhome/airflowenv/lib/python3.9/site-packages/airflow/example_dags/example_kubernetes_executor.py
[2023-02-04 01:52:50,709] {processor.py:641} INFO - Processing file /home/milo/13-airflow/airflowhome/airflowenv/lib/python3.9/site-packages/airflow/example_dags/example_kubernetes_executor.py for tasks to queue
[2023-02-04 01:52:50,710] {logging_mixin.py:115} INFO - [2023-02-04 01:52:50,710] {dagbag.py:508} INFO - Filling up the DagBag from /home/milo/13-airflow/airflowhome/airflowenv/lib/python3.9/site-packages/airflow/example_dags/example_kubernetes_executor.py
[2023-02-04 01:52:50,775] {logging_mixin.py:115} INFO - [2023-02-04 01:52:50,775] {example_kubernetes_executor.py:39} WARNING - The example_kubernetes_executor example DAG requires the kubernetes provider. Please install it with: pip install apache-airflow[cncf.kubernetes]
[2023-02-04 01:52:50,775] {processor.py:653} WARNING - No viable dags retrieved from /home/milo/13-airflow/airflowhome/airflowenv/lib/python3.9/site-packages/airflow/example_dags/example_kubernetes_executor.py
[2023-02-04 01:52:50,825] {processor.py:161} INFO - Processing /home/milo/13-airflow/airflowhome/airflowenv/lib/python3.9/site-packages/airflow/example_dags/example_kubernetes_executor.py took 0.142 seconds
[2023-02-04 01:53:52,040] {processor.py:153} INFO - Started process (PID=6633) to work on /home/milo/13-airflow/airflowhome/airflowenv/lib/python3.9/site-packages/airflow/example_dags/example_kubernetes_executor.py
[2023-02-04 01:53:52,042] {processor.py:641} INFO - Processing file /home/milo/13-airflow/airflowhome/airflowenv/lib/python3.9/site-packages/airflow/example_dags/example_kubernetes_executor.py for tasks to queue
[2023-02-04 01:53:52,043] {logging_mixin.py:115} INFO - [2023-02-04 01:53:52,043] {dagbag.py:508} INFO - Filling up the DagBag from /home/milo/13-airflow/airflowhome/airflowenv/lib/python3.9/site-packages/airflow/example_dags/example_kubernetes_executor.py
[2023-02-04 01:53:52,066] {logging_mixin.py:115} INFO - [2023-02-04 01:53:52,066] {example_kubernetes_executor.py:39} WARNING - The example_kubernetes_executor example DAG requires the kubernetes provider. Please install it with: pip install apache-airflow[cncf.kubernetes]
[2023-02-04 01:53:52,067] {processor.py:653} WARNING - No viable dags retrieved from /home/milo/13-airflow/airflowhome/airflowenv/lib/python3.9/site-packages/airflow/example_dags/example_kubernetes_executor.py
[2023-02-04 01:53:52,083] {processor.py:161} INFO - Processing /home/milo/13-airflow/airflowhome/airflowenv/lib/python3.9/site-packages/airflow/example_dags/example_kubernetes_executor.py took 0.048 seconds
[2023-02-04 01:54:35,380] {processor.py:153} INFO - Started process (PID=6674) to work on /home/milo/13-airflow/airflowhome/airflowenv/lib/python3.9/site-packages/airflow/example_dags/example_kubernetes_executor.py
[2023-02-04 01:54:35,382] {processor.py:641} INFO - Processing file /home/milo/13-airflow/airflowhome/airflowenv/lib/python3.9/site-packages/airflow/example_dags/example_kubernetes_executor.py for tasks to queue
[2023-02-04 01:54:35,383] {logging_mixin.py:115} INFO - [2023-02-04 01:54:35,383] {dagbag.py:508} INFO - Filling up the DagBag from /home/milo/13-airflow/airflowhome/airflowenv/lib/python3.9/site-packages/airflow/example_dags/example_kubernetes_executor.py
[2023-02-04 01:54:35,424] {logging_mixin.py:115} INFO - [2023-02-04 01:54:35,424] {example_kubernetes_executor.py:39} WARNING - The example_kubernetes_executor example DAG requires the kubernetes provider. Please install it with: pip install apache-airflow[cncf.kubernetes]
[2023-02-04 01:54:35,424] {processor.py:653} WARNING - No viable dags retrieved from /home/milo/13-airflow/airflowhome/airflowenv/lib/python3.9/site-packages/airflow/example_dags/example_kubernetes_executor.py
[2023-02-04 01:54:35,480] {processor.py:161} INFO - Processing /home/milo/13-airflow/airflowhome/airflowenv/lib/python3.9/site-packages/airflow/example_dags/example_kubernetes_executor.py took 0.106 seconds
[2023-02-04 01:55:13,163] {processor.py:153} INFO - Started process (PID=6710) to work on /home/milo/13-airflow/airflowhome/airflowenv/lib/python3.9/site-packages/airflow/example_dags/example_kubernetes_executor.py
[2023-02-04 01:55:13,183] {processor.py:641} INFO - Processing file /home/milo/13-airflow/airflowhome/airflowenv/lib/python3.9/site-packages/airflow/example_dags/example_kubernetes_executor.py for tasks to queue
[2023-02-04 01:55:13,184] {logging_mixin.py:115} INFO - [2023-02-04 01:55:13,184] {dagbag.py:508} INFO - Filling up the DagBag from /home/milo/13-airflow/airflowhome/airflowenv/lib/python3.9/site-packages/airflow/example_dags/example_kubernetes_executor.py
[2023-02-04 01:55:13,207] {logging_mixin.py:115} INFO - [2023-02-04 01:55:13,207] {example_kubernetes_executor.py:39} WARNING - The example_kubernetes_executor example DAG requires the kubernetes provider. Please install it with: pip install apache-airflow[cncf.kubernetes]
[2023-02-04 01:55:13,207] {processor.py:653} WARNING - No viable dags retrieved from /home/milo/13-airflow/airflowhome/airflowenv/lib/python3.9/site-packages/airflow/example_dags/example_kubernetes_executor.py
[2023-02-04 01:55:13,224] {processor.py:161} INFO - Processing /home/milo/13-airflow/airflowhome/airflowenv/lib/python3.9/site-packages/airflow/example_dags/example_kubernetes_executor.py took 0.078 seconds
[2023-02-04 01:55:54,400] {processor.py:153} INFO - Started process (PID=6732) to work on /home/milo/13-airflow/airflowhome/airflowenv/lib/python3.9/site-packages/airflow/example_dags/example_kubernetes_executor.py
[2023-02-04 01:55:54,407] {processor.py:641} INFO - Processing file /home/milo/13-airflow/airflowhome/airflowenv/lib/python3.9/site-packages/airflow/example_dags/example_kubernetes_executor.py for tasks to queue
[2023-02-04 01:55:54,408] {logging_mixin.py:115} INFO - [2023-02-04 01:55:54,408] {dagbag.py:508} INFO - Filling up the DagBag from /home/milo/13-airflow/airflowhome/airflowenv/lib/python3.9/site-packages/airflow/example_dags/example_kubernetes_executor.py
[2023-02-04 01:55:54,431] {logging_mixin.py:115} INFO - [2023-02-04 01:55:54,431] {example_kubernetes_executor.py:39} WARNING - The example_kubernetes_executor example DAG requires the kubernetes provider. Please install it with: pip install apache-airflow[cncf.kubernetes]
[2023-02-04 01:55:54,431] {processor.py:653} WARNING - No viable dags retrieved from /home/milo/13-airflow/airflowhome/airflowenv/lib/python3.9/site-packages/airflow/example_dags/example_kubernetes_executor.py
[2023-02-04 01:55:54,448] {processor.py:161} INFO - Processing /home/milo/13-airflow/airflowhome/airflowenv/lib/python3.9/site-packages/airflow/example_dags/example_kubernetes_executor.py took 0.053 seconds
[2023-02-04 01:56:44,154] {processor.py:153} INFO - Started process (PID=6767) to work on /home/milo/13-airflow/airflowhome/airflowenv/lib/python3.9/site-packages/airflow/example_dags/example_kubernetes_executor.py
[2023-02-04 01:56:44,156] {processor.py:641} INFO - Processing file /home/milo/13-airflow/airflowhome/airflowenv/lib/python3.9/site-packages/airflow/example_dags/example_kubernetes_executor.py for tasks to queue
[2023-02-04 01:56:44,157] {logging_mixin.py:115} INFO - [2023-02-04 01:56:44,157] {dagbag.py:508} INFO - Filling up the DagBag from /home/milo/13-airflow/airflowhome/airflowenv/lib/python3.9/site-packages/airflow/example_dags/example_kubernetes_executor.py
[2023-02-04 01:56:44,182] {logging_mixin.py:115} INFO - [2023-02-04 01:56:44,182] {example_kubernetes_executor.py:39} WARNING - The example_kubernetes_executor example DAG requires the kubernetes provider. Please install it with: pip install apache-airflow[cncf.kubernetes]
[2023-02-04 01:56:44,182] {processor.py:653} WARNING - No viable dags retrieved from /home/milo/13-airflow/airflowhome/airflowenv/lib/python3.9/site-packages/airflow/example_dags/example_kubernetes_executor.py
[2023-02-04 01:56:44,201] {processor.py:161} INFO - Processing /home/milo/13-airflow/airflowhome/airflowenv/lib/python3.9/site-packages/airflow/example_dags/example_kubernetes_executor.py took 0.051 seconds
[2023-02-04 01:57:26,861] {processor.py:153} INFO - Started process (PID=6803) to work on /home/milo/13-airflow/airflowhome/airflowenv/lib/python3.9/site-packages/airflow/example_dags/example_kubernetes_executor.py
[2023-02-04 01:57:26,863] {processor.py:641} INFO - Processing file /home/milo/13-airflow/airflowhome/airflowenv/lib/python3.9/site-packages/airflow/example_dags/example_kubernetes_executor.py for tasks to queue
[2023-02-04 01:57:26,863] {logging_mixin.py:115} INFO - [2023-02-04 01:57:26,863] {dagbag.py:508} INFO - Filling up the DagBag from /home/milo/13-airflow/airflowhome/airflowenv/lib/python3.9/site-packages/airflow/example_dags/example_kubernetes_executor.py
[2023-02-04 01:57:26,887] {logging_mixin.py:115} INFO - [2023-02-04 01:57:26,887] {example_kubernetes_executor.py:39} WARNING - The example_kubernetes_executor example DAG requires the kubernetes provider. Please install it with: pip install apache-airflow[cncf.kubernetes]
[2023-02-04 01:57:26,887] {processor.py:653} WARNING - No viable dags retrieved from /home/milo/13-airflow/airflowhome/airflowenv/lib/python3.9/site-packages/airflow/example_dags/example_kubernetes_executor.py
[2023-02-04 01:57:26,904] {processor.py:161} INFO - Processing /home/milo/13-airflow/airflowhome/airflowenv/lib/python3.9/site-packages/airflow/example_dags/example_kubernetes_executor.py took 0.048 seconds
[2023-02-04 01:58:01,304] {processor.py:153} INFO - Started process (PID=7023) to work on /home/milo/13-airflow/airflowhome/airflowenv/lib/python3.9/site-packages/airflow/example_dags/example_kubernetes_executor.py
[2023-02-04 01:58:01,306] {processor.py:641} INFO - Processing file /home/milo/13-airflow/airflowhome/airflowenv/lib/python3.9/site-packages/airflow/example_dags/example_kubernetes_executor.py for tasks to queue
[2023-02-04 01:58:01,307] {logging_mixin.py:115} INFO - [2023-02-04 01:58:01,307] {dagbag.py:508} INFO - Filling up the DagBag from /home/milo/13-airflow/airflowhome/airflowenv/lib/python3.9/site-packages/airflow/example_dags/example_kubernetes_executor.py
[2023-02-04 01:58:01,330] {logging_mixin.py:115} INFO - [2023-02-04 01:58:01,330] {example_kubernetes_executor.py:39} WARNING - The example_kubernetes_executor example DAG requires the kubernetes provider. Please install it with: pip install apache-airflow[cncf.kubernetes]
[2023-02-04 01:58:01,330] {processor.py:653} WARNING - No viable dags retrieved from /home/milo/13-airflow/airflowhome/airflowenv/lib/python3.9/site-packages/airflow/example_dags/example_kubernetes_executor.py
[2023-02-04 01:58:01,346] {processor.py:161} INFO - Processing /home/milo/13-airflow/airflowhome/airflowenv/lib/python3.9/site-packages/airflow/example_dags/example_kubernetes_executor.py took 0.047 seconds
[2023-02-04 01:58:36,539] {processor.py:153} INFO - Started process (PID=7065) to work on /home/milo/13-airflow/airflowhome/airflowenv/lib/python3.9/site-packages/airflow/example_dags/example_kubernetes_executor.py
[2023-02-04 01:58:36,541] {processor.py:641} INFO - Processing file /home/milo/13-airflow/airflowhome/airflowenv/lib/python3.9/site-packages/airflow/example_dags/example_kubernetes_executor.py for tasks to queue
[2023-02-04 01:58:36,542] {logging_mixin.py:115} INFO - [2023-02-04 01:58:36,542] {dagbag.py:508} INFO - Filling up the DagBag from /home/milo/13-airflow/airflowhome/airflowenv/lib/python3.9/site-packages/airflow/example_dags/example_kubernetes_executor.py
[2023-02-04 01:58:36,565] {logging_mixin.py:115} INFO - [2023-02-04 01:58:36,565] {example_kubernetes_executor.py:39} WARNING - The example_kubernetes_executor example DAG requires the kubernetes provider. Please install it with: pip install apache-airflow[cncf.kubernetes]
[2023-02-04 01:58:36,566] {processor.py:653} WARNING - No viable dags retrieved from /home/milo/13-airflow/airflowhome/airflowenv/lib/python3.9/site-packages/airflow/example_dags/example_kubernetes_executor.py
[2023-02-04 01:58:36,582] {processor.py:161} INFO - Processing /home/milo/13-airflow/airflowhome/airflowenv/lib/python3.9/site-packages/airflow/example_dags/example_kubernetes_executor.py took 0.048 seconds
[2023-02-04 01:59:09,025] {processor.py:153} INFO - Started process (PID=7100) to work on /home/milo/13-airflow/airflowhome/airflowenv/lib/python3.9/site-packages/airflow/example_dags/example_kubernetes_executor.py
[2023-02-04 01:59:09,028] {processor.py:641} INFO - Processing file /home/milo/13-airflow/airflowhome/airflowenv/lib/python3.9/site-packages/airflow/example_dags/example_kubernetes_executor.py for tasks to queue
[2023-02-04 01:59:09,028] {logging_mixin.py:115} INFO - [2023-02-04 01:59:09,028] {dagbag.py:508} INFO - Filling up the DagBag from /home/milo/13-airflow/airflowhome/airflowenv/lib/python3.9/site-packages/airflow/example_dags/example_kubernetes_executor.py
[2023-02-04 01:59:09,063] {logging_mixin.py:115} INFO - [2023-02-04 01:59:09,062] {example_kubernetes_executor.py:39} WARNING - The example_kubernetes_executor example DAG requires the kubernetes provider. Please install it with: pip install apache-airflow[cncf.kubernetes]
[2023-02-04 01:59:09,063] {processor.py:653} WARNING - No viable dags retrieved from /home/milo/13-airflow/airflowhome/airflowenv/lib/python3.9/site-packages/airflow/example_dags/example_kubernetes_executor.py
[2023-02-04 01:59:09,079] {processor.py:161} INFO - Processing /home/milo/13-airflow/airflowhome/airflowenv/lib/python3.9/site-packages/airflow/example_dags/example_kubernetes_executor.py took 0.059 seconds
[2023-02-04 01:59:44,362] {processor.py:153} INFO - Started process (PID=7134) to work on /home/milo/13-airflow/airflowhome/airflowenv/lib/python3.9/site-packages/airflow/example_dags/example_kubernetes_executor.py
[2023-02-04 01:59:44,364] {processor.py:641} INFO - Processing file /home/milo/13-airflow/airflowhome/airflowenv/lib/python3.9/site-packages/airflow/example_dags/example_kubernetes_executor.py for tasks to queue
[2023-02-04 01:59:44,365] {logging_mixin.py:115} INFO - [2023-02-04 01:59:44,365] {dagbag.py:508} INFO - Filling up the DagBag from /home/milo/13-airflow/airflowhome/airflowenv/lib/python3.9/site-packages/airflow/example_dags/example_kubernetes_executor.py
[2023-02-04 01:59:44,388] {logging_mixin.py:115} INFO - [2023-02-04 01:59:44,388] {example_kubernetes_executor.py:39} WARNING - The example_kubernetes_executor example DAG requires the kubernetes provider. Please install it with: pip install apache-airflow[cncf.kubernetes]
[2023-02-04 01:59:44,388] {processor.py:653} WARNING - No viable dags retrieved from /home/milo/13-airflow/airflowhome/airflowenv/lib/python3.9/site-packages/airflow/example_dags/example_kubernetes_executor.py
[2023-02-04 01:59:44,405] {processor.py:161} INFO - Processing /home/milo/13-airflow/airflowhome/airflowenv/lib/python3.9/site-packages/airflow/example_dags/example_kubernetes_executor.py took 0.047 seconds
[2023-02-04 02:00:16,796] {processor.py:153} INFO - Started process (PID=7168) to work on /home/milo/13-airflow/airflowhome/airflowenv/lib/python3.9/site-packages/airflow/example_dags/example_kubernetes_executor.py
[2023-02-04 02:00:16,796] {processor.py:641} INFO - Processing file /home/milo/13-airflow/airflowhome/airflowenv/lib/python3.9/site-packages/airflow/example_dags/example_kubernetes_executor.py for tasks to queue
[2023-02-04 02:00:16,805] {logging_mixin.py:115} INFO - [2023-02-04 02:00:16,805] {dagbag.py:508} INFO - Filling up the DagBag from /home/milo/13-airflow/airflowhome/airflowenv/lib/python3.9/site-packages/airflow/example_dags/example_kubernetes_executor.py
[2023-02-04 02:00:16,830] {logging_mixin.py:115} INFO - [2023-02-04 02:00:16,830] {example_kubernetes_executor.py:39} WARNING - The example_kubernetes_executor example DAG requires the kubernetes provider. Please install it with: pip install apache-airflow[cncf.kubernetes]
[2023-02-04 02:00:16,830] {processor.py:653} WARNING - No viable dags retrieved from /home/milo/13-airflow/airflowhome/airflowenv/lib/python3.9/site-packages/airflow/example_dags/example_kubernetes_executor.py
[2023-02-04 02:00:16,847] {processor.py:161} INFO - Processing /home/milo/13-airflow/airflowhome/airflowenv/lib/python3.9/site-packages/airflow/example_dags/example_kubernetes_executor.py took 0.057 seconds
[2023-02-04 02:00:49,688] {processor.py:153} INFO - Started process (PID=7200) to work on /home/milo/13-airflow/airflowhome/airflowenv/lib/python3.9/site-packages/airflow/example_dags/example_kubernetes_executor.py
[2023-02-04 02:00:49,690] {processor.py:641} INFO - Processing file /home/milo/13-airflow/airflowhome/airflowenv/lib/python3.9/site-packages/airflow/example_dags/example_kubernetes_executor.py for tasks to queue
[2023-02-04 02:00:49,691] {logging_mixin.py:115} INFO - [2023-02-04 02:00:49,691] {dagbag.py:508} INFO - Filling up the DagBag from /home/milo/13-airflow/airflowhome/airflowenv/lib/python3.9/site-packages/airflow/example_dags/example_kubernetes_executor.py
[2023-02-04 02:00:49,716] {logging_mixin.py:115} INFO - [2023-02-04 02:00:49,715] {example_kubernetes_executor.py:39} WARNING - The example_kubernetes_executor example DAG requires the kubernetes provider. Please install it with: pip install apache-airflow[cncf.kubernetes]
[2023-02-04 02:00:49,716] {processor.py:653} WARNING - No viable dags retrieved from /home/milo/13-airflow/airflowhome/airflowenv/lib/python3.9/site-packages/airflow/example_dags/example_kubernetes_executor.py
[2023-02-04 02:00:49,733] {processor.py:161} INFO - Processing /home/milo/13-airflow/airflowhome/airflowenv/lib/python3.9/site-packages/airflow/example_dags/example_kubernetes_executor.py took 0.050 seconds
[2023-02-04 02:01:23,495] {processor.py:153} INFO - Started process (PID=7234) to work on /home/milo/13-airflow/airflowhome/airflowenv/lib/python3.9/site-packages/airflow/example_dags/example_kubernetes_executor.py
[2023-02-04 02:01:23,495] {processor.py:641} INFO - Processing file /home/milo/13-airflow/airflowhome/airflowenv/lib/python3.9/site-packages/airflow/example_dags/example_kubernetes_executor.py for tasks to queue
[2023-02-04 02:01:23,497] {logging_mixin.py:115} INFO - [2023-02-04 02:01:23,496] {dagbag.py:508} INFO - Filling up the DagBag from /home/milo/13-airflow/airflowhome/airflowenv/lib/python3.9/site-packages/airflow/example_dags/example_kubernetes_executor.py
[2023-02-04 02:01:23,547] {logging_mixin.py:115} INFO - [2023-02-04 02:01:23,547] {example_kubernetes_executor.py:39} WARNING - The example_kubernetes_executor example DAG requires the kubernetes provider. Please install it with: pip install apache-airflow[cncf.kubernetes]
[2023-02-04 02:01:23,547] {processor.py:653} WARNING - No viable dags retrieved from /home/milo/13-airflow/airflowhome/airflowenv/lib/python3.9/site-packages/airflow/example_dags/example_kubernetes_executor.py
[2023-02-04 02:01:23,572] {processor.py:161} INFO - Processing /home/milo/13-airflow/airflowhome/airflowenv/lib/python3.9/site-packages/airflow/example_dags/example_kubernetes_executor.py took 0.083 seconds
[2023-02-04 02:01:57,203] {processor.py:153} INFO - Started process (PID=7269) to work on /home/milo/13-airflow/airflowhome/airflowenv/lib/python3.9/site-packages/airflow/example_dags/example_kubernetes_executor.py
[2023-02-04 02:01:57,204] {processor.py:641} INFO - Processing file /home/milo/13-airflow/airflowhome/airflowenv/lib/python3.9/site-packages/airflow/example_dags/example_kubernetes_executor.py for tasks to queue
[2023-02-04 02:01:57,205] {logging_mixin.py:115} INFO - [2023-02-04 02:01:57,205] {dagbag.py:508} INFO - Filling up the DagBag from /home/milo/13-airflow/airflowhome/airflowenv/lib/python3.9/site-packages/airflow/example_dags/example_kubernetes_executor.py
[2023-02-04 02:01:57,231] {logging_mixin.py:115} INFO - [2023-02-04 02:01:57,231] {example_kubernetes_executor.py:39} WARNING - The example_kubernetes_executor example DAG requires the kubernetes provider. Please install it with: pip install apache-airflow[cncf.kubernetes]
[2023-02-04 02:01:57,231] {processor.py:653} WARNING - No viable dags retrieved from /home/milo/13-airflow/airflowhome/airflowenv/lib/python3.9/site-packages/airflow/example_dags/example_kubernetes_executor.py
[2023-02-04 02:01:57,252] {processor.py:161} INFO - Processing /home/milo/13-airflow/airflowhome/airflowenv/lib/python3.9/site-packages/airflow/example_dags/example_kubernetes_executor.py took 0.054 seconds
[2023-02-04 02:02:31,087] {processor.py:153} INFO - Started process (PID=7302) to work on /home/milo/13-airflow/airflowhome/airflowenv/lib/python3.9/site-packages/airflow/example_dags/example_kubernetes_executor.py
[2023-02-04 02:02:31,090] {processor.py:641} INFO - Processing file /home/milo/13-airflow/airflowhome/airflowenv/lib/python3.9/site-packages/airflow/example_dags/example_kubernetes_executor.py for tasks to queue
[2023-02-04 02:02:31,090] {logging_mixin.py:115} INFO - [2023-02-04 02:02:31,090] {dagbag.py:508} INFO - Filling up the DagBag from /home/milo/13-airflow/airflowhome/airflowenv/lib/python3.9/site-packages/airflow/example_dags/example_kubernetes_executor.py
[2023-02-04 02:02:31,116] {logging_mixin.py:115} INFO - [2023-02-04 02:02:31,115] {example_kubernetes_executor.py:39} WARNING - The example_kubernetes_executor example DAG requires the kubernetes provider. Please install it with: pip install apache-airflow[cncf.kubernetes]
[2023-02-04 02:02:31,116] {processor.py:653} WARNING - No viable dags retrieved from /home/milo/13-airflow/airflowhome/airflowenv/lib/python3.9/site-packages/airflow/example_dags/example_kubernetes_executor.py
[2023-02-04 02:02:31,137] {processor.py:161} INFO - Processing /home/milo/13-airflow/airflowhome/airflowenv/lib/python3.9/site-packages/airflow/example_dags/example_kubernetes_executor.py took 0.065 seconds
[2023-02-04 02:03:02,396] {processor.py:153} INFO - Started process (PID=7334) to work on /home/milo/13-airflow/airflowhome/airflowenv/lib/python3.9/site-packages/airflow/example_dags/example_kubernetes_executor.py
[2023-02-04 02:03:02,397] {processor.py:641} INFO - Processing file /home/milo/13-airflow/airflowhome/airflowenv/lib/python3.9/site-packages/airflow/example_dags/example_kubernetes_executor.py for tasks to queue
[2023-02-04 02:03:02,398] {logging_mixin.py:115} INFO - [2023-02-04 02:03:02,398] {dagbag.py:508} INFO - Filling up the DagBag from /home/milo/13-airflow/airflowhome/airflowenv/lib/python3.9/site-packages/airflow/example_dags/example_kubernetes_executor.py
[2023-02-04 02:03:02,421] {logging_mixin.py:115} INFO - [2023-02-04 02:03:02,420] {example_kubernetes_executor.py:39} WARNING - The example_kubernetes_executor example DAG requires the kubernetes provider. Please install it with: pip install apache-airflow[cncf.kubernetes]
[2023-02-04 02:03:02,421] {processor.py:653} WARNING - No viable dags retrieved from /home/milo/13-airflow/airflowhome/airflowenv/lib/python3.9/site-packages/airflow/example_dags/example_kubernetes_executor.py
[2023-02-04 02:03:02,437] {processor.py:161} INFO - Processing /home/milo/13-airflow/airflowhome/airflowenv/lib/python3.9/site-packages/airflow/example_dags/example_kubernetes_executor.py took 0.046 seconds
[2023-02-04 02:03:34,919] {processor.py:153} INFO - Started process (PID=7366) to work on /home/milo/13-airflow/airflowhome/airflowenv/lib/python3.9/site-packages/airflow/example_dags/example_kubernetes_executor.py
[2023-02-04 02:03:34,921] {processor.py:641} INFO - Processing file /home/milo/13-airflow/airflowhome/airflowenv/lib/python3.9/site-packages/airflow/example_dags/example_kubernetes_executor.py for tasks to queue
[2023-02-04 02:03:34,922] {logging_mixin.py:115} INFO - [2023-02-04 02:03:34,922] {dagbag.py:508} INFO - Filling up the DagBag from /home/milo/13-airflow/airflowhome/airflowenv/lib/python3.9/site-packages/airflow/example_dags/example_kubernetes_executor.py
[2023-02-04 02:03:34,945] {logging_mixin.py:115} INFO - [2023-02-04 02:03:34,944] {example_kubernetes_executor.py:39} WARNING - The example_kubernetes_executor example DAG requires the kubernetes provider. Please install it with: pip install apache-airflow[cncf.kubernetes]
[2023-02-04 02:03:34,945] {processor.py:653} WARNING - No viable dags retrieved from /home/milo/13-airflow/airflowhome/airflowenv/lib/python3.9/site-packages/airflow/example_dags/example_kubernetes_executor.py
[2023-02-04 02:03:34,961] {processor.py:161} INFO - Processing /home/milo/13-airflow/airflowhome/airflowenv/lib/python3.9/site-packages/airflow/example_dags/example_kubernetes_executor.py took 0.047 seconds
[2023-02-04 02:04:10,435] {processor.py:153} INFO - Started process (PID=7401) to work on /home/milo/13-airflow/airflowhome/airflowenv/lib/python3.9/site-packages/airflow/example_dags/example_kubernetes_executor.py
[2023-02-04 02:04:10,437] {processor.py:641} INFO - Processing file /home/milo/13-airflow/airflowhome/airflowenv/lib/python3.9/site-packages/airflow/example_dags/example_kubernetes_executor.py for tasks to queue
[2023-02-04 02:04:10,438] {logging_mixin.py:115} INFO - [2023-02-04 02:04:10,438] {dagbag.py:508} INFO - Filling up the DagBag from /home/milo/13-airflow/airflowhome/airflowenv/lib/python3.9/site-packages/airflow/example_dags/example_kubernetes_executor.py
[2023-02-04 02:04:10,463] {logging_mixin.py:115} INFO - [2023-02-04 02:04:10,463] {example_kubernetes_executor.py:39} WARNING - The example_kubernetes_executor example DAG requires the kubernetes provider. Please install it with: pip install apache-airflow[cncf.kubernetes]
[2023-02-04 02:04:10,463] {processor.py:653} WARNING - No viable dags retrieved from /home/milo/13-airflow/airflowhome/airflowenv/lib/python3.9/site-packages/airflow/example_dags/example_kubernetes_executor.py
[2023-02-04 02:04:10,481] {processor.py:161} INFO - Processing /home/milo/13-airflow/airflowhome/airflowenv/lib/python3.9/site-packages/airflow/example_dags/example_kubernetes_executor.py took 0.052 seconds
[2023-02-04 02:04:44,186] {processor.py:153} INFO - Started process (PID=7433) to work on /home/milo/13-airflow/airflowhome/airflowenv/lib/python3.9/site-packages/airflow/example_dags/example_kubernetes_executor.py
[2023-02-04 02:04:44,188] {processor.py:641} INFO - Processing file /home/milo/13-airflow/airflowhome/airflowenv/lib/python3.9/site-packages/airflow/example_dags/example_kubernetes_executor.py for tasks to queue
[2023-02-04 02:04:44,188] {logging_mixin.py:115} INFO - [2023-02-04 02:04:44,188] {dagbag.py:508} INFO - Filling up the DagBag from /home/milo/13-airflow/airflowhome/airflowenv/lib/python3.9/site-packages/airflow/example_dags/example_kubernetes_executor.py
[2023-02-04 02:04:44,210] {logging_mixin.py:115} INFO - [2023-02-04 02:04:44,210] {example_kubernetes_executor.py:39} WARNING - The example_kubernetes_executor example DAG requires the kubernetes provider. Please install it with: pip install apache-airflow[cncf.kubernetes]
[2023-02-04 02:04:44,211] {processor.py:653} WARNING - No viable dags retrieved from /home/milo/13-airflow/airflowhome/airflowenv/lib/python3.9/site-packages/airflow/example_dags/example_kubernetes_executor.py
[2023-02-04 02:04:44,229] {processor.py:161} INFO - Processing /home/milo/13-airflow/airflowhome/airflowenv/lib/python3.9/site-packages/airflow/example_dags/example_kubernetes_executor.py took 0.048 seconds
[2023-02-04 02:05:18,307] {processor.py:153} INFO - Started process (PID=7470) to work on /home/milo/13-airflow/airflowhome/airflowenv/lib/python3.9/site-packages/airflow/example_dags/example_kubernetes_executor.py
[2023-02-04 02:05:18,309] {processor.py:641} INFO - Processing file /home/milo/13-airflow/airflowhome/airflowenv/lib/python3.9/site-packages/airflow/example_dags/example_kubernetes_executor.py for tasks to queue
[2023-02-04 02:05:18,310] {logging_mixin.py:115} INFO - [2023-02-04 02:05:18,309] {dagbag.py:508} INFO - Filling up the DagBag from /home/milo/13-airflow/airflowhome/airflowenv/lib/python3.9/site-packages/airflow/example_dags/example_kubernetes_executor.py
[2023-02-04 02:05:18,333] {logging_mixin.py:115} INFO - [2023-02-04 02:05:18,332] {example_kubernetes_executor.py:39} WARNING - The example_kubernetes_executor example DAG requires the kubernetes provider. Please install it with: pip install apache-airflow[cncf.kubernetes]
[2023-02-04 02:05:18,333] {processor.py:653} WARNING - No viable dags retrieved from /home/milo/13-airflow/airflowhome/airflowenv/lib/python3.9/site-packages/airflow/example_dags/example_kubernetes_executor.py
[2023-02-04 02:05:18,350] {processor.py:161} INFO - Processing /home/milo/13-airflow/airflowhome/airflowenv/lib/python3.9/site-packages/airflow/example_dags/example_kubernetes_executor.py took 0.048 seconds
[2023-02-04 02:05:53,252] {processor.py:153} INFO - Started process (PID=7504) to work on /home/milo/13-airflow/airflowhome/airflowenv/lib/python3.9/site-packages/airflow/example_dags/example_kubernetes_executor.py
[2023-02-04 02:05:53,264] {processor.py:641} INFO - Processing file /home/milo/13-airflow/airflowhome/airflowenv/lib/python3.9/site-packages/airflow/example_dags/example_kubernetes_executor.py for tasks to queue
[2023-02-04 02:05:53,264] {logging_mixin.py:115} INFO - [2023-02-04 02:05:53,264] {dagbag.py:508} INFO - Filling up the DagBag from /home/milo/13-airflow/airflowhome/airflowenv/lib/python3.9/site-packages/airflow/example_dags/example_kubernetes_executor.py
[2023-02-04 02:05:53,298] {logging_mixin.py:115} INFO - [2023-02-04 02:05:53,298] {example_kubernetes_executor.py:39} WARNING - The example_kubernetes_executor example DAG requires the kubernetes provider. Please install it with: pip install apache-airflow[cncf.kubernetes]
[2023-02-04 02:05:53,298] {processor.py:653} WARNING - No viable dags retrieved from /home/milo/13-airflow/airflowhome/airflowenv/lib/python3.9/site-packages/airflow/example_dags/example_kubernetes_executor.py
[2023-02-04 02:05:53,315] {processor.py:161} INFO - Processing /home/milo/13-airflow/airflowhome/airflowenv/lib/python3.9/site-packages/airflow/example_dags/example_kubernetes_executor.py took 0.068 seconds
[2023-02-04 02:06:26,172] {processor.py:153} INFO - Started process (PID=7536) to work on /home/milo/13-airflow/airflowhome/airflowenv/lib/python3.9/site-packages/airflow/example_dags/example_kubernetes_executor.py
[2023-02-04 02:06:26,173] {processor.py:641} INFO - Processing file /home/milo/13-airflow/airflowhome/airflowenv/lib/python3.9/site-packages/airflow/example_dags/example_kubernetes_executor.py for tasks to queue
[2023-02-04 02:06:26,173] {logging_mixin.py:115} INFO - [2023-02-04 02:06:26,173] {dagbag.py:508} INFO - Filling up the DagBag from /home/milo/13-airflow/airflowhome/airflowenv/lib/python3.9/site-packages/airflow/example_dags/example_kubernetes_executor.py
[2023-02-04 02:06:26,198] {logging_mixin.py:115} INFO - [2023-02-04 02:06:26,198] {example_kubernetes_executor.py:39} WARNING - The example_kubernetes_executor example DAG requires the kubernetes provider. Please install it with: pip install apache-airflow[cncf.kubernetes]
[2023-02-04 02:06:26,199] {processor.py:653} WARNING - No viable dags retrieved from /home/milo/13-airflow/airflowhome/airflowenv/lib/python3.9/site-packages/airflow/example_dags/example_kubernetes_executor.py
[2023-02-04 02:06:26,219] {processor.py:161} INFO - Processing /home/milo/13-airflow/airflowhome/airflowenv/lib/python3.9/site-packages/airflow/example_dags/example_kubernetes_executor.py took 0.052 seconds
[2023-02-04 02:07:03,854] {processor.py:153} INFO - Started process (PID=7572) to work on /home/milo/13-airflow/airflowhome/airflowenv/lib/python3.9/site-packages/airflow/example_dags/example_kubernetes_executor.py
[2023-02-04 02:07:03,856] {processor.py:641} INFO - Processing file /home/milo/13-airflow/airflowhome/airflowenv/lib/python3.9/site-packages/airflow/example_dags/example_kubernetes_executor.py for tasks to queue
[2023-02-04 02:07:03,856] {logging_mixin.py:115} INFO - [2023-02-04 02:07:03,856] {dagbag.py:508} INFO - Filling up the DagBag from /home/milo/13-airflow/airflowhome/airflowenv/lib/python3.9/site-packages/airflow/example_dags/example_kubernetes_executor.py
[2023-02-04 02:07:03,879] {logging_mixin.py:115} INFO - [2023-02-04 02:07:03,878] {example_kubernetes_executor.py:39} WARNING - The example_kubernetes_executor example DAG requires the kubernetes provider. Please install it with: pip install apache-airflow[cncf.kubernetes]
[2023-02-04 02:07:03,879] {processor.py:653} WARNING - No viable dags retrieved from /home/milo/13-airflow/airflowhome/airflowenv/lib/python3.9/site-packages/airflow/example_dags/example_kubernetes_executor.py
[2023-02-04 02:07:03,895] {processor.py:161} INFO - Processing /home/milo/13-airflow/airflowhome/airflowenv/lib/python3.9/site-packages/airflow/example_dags/example_kubernetes_executor.py took 0.055 seconds
[2023-02-04 02:07:38,113] {processor.py:153} INFO - Started process (PID=7606) to work on /home/milo/13-airflow/airflowhome/airflowenv/lib/python3.9/site-packages/airflow/example_dags/example_kubernetes_executor.py
[2023-02-04 02:07:38,115] {processor.py:641} INFO - Processing file /home/milo/13-airflow/airflowhome/airflowenv/lib/python3.9/site-packages/airflow/example_dags/example_kubernetes_executor.py for tasks to queue
[2023-02-04 02:07:38,116] {logging_mixin.py:115} INFO - [2023-02-04 02:07:38,116] {dagbag.py:508} INFO - Filling up the DagBag from /home/milo/13-airflow/airflowhome/airflowenv/lib/python3.9/site-packages/airflow/example_dags/example_kubernetes_executor.py
[2023-02-04 02:07:38,140] {logging_mixin.py:115} INFO - [2023-02-04 02:07:38,140] {example_kubernetes_executor.py:39} WARNING - The example_kubernetes_executor example DAG requires the kubernetes provider. Please install it with: pip install apache-airflow[cncf.kubernetes]
[2023-02-04 02:07:38,141] {processor.py:653} WARNING - No viable dags retrieved from /home/milo/13-airflow/airflowhome/airflowenv/lib/python3.9/site-packages/airflow/example_dags/example_kubernetes_executor.py
[2023-02-04 02:07:38,158] {processor.py:161} INFO - Processing /home/milo/13-airflow/airflowhome/airflowenv/lib/python3.9/site-packages/airflow/example_dags/example_kubernetes_executor.py took 0.049 seconds
[2023-02-04 02:08:15,683] {processor.py:153} INFO - Started process (PID=7642) to work on /home/milo/13-airflow/airflowhome/airflowenv/lib/python3.9/site-packages/airflow/example_dags/example_kubernetes_executor.py
[2023-02-04 02:08:15,684] {processor.py:641} INFO - Processing file /home/milo/13-airflow/airflowhome/airflowenv/lib/python3.9/site-packages/airflow/example_dags/example_kubernetes_executor.py for tasks to queue
[2023-02-04 02:08:15,685] {logging_mixin.py:115} INFO - [2023-02-04 02:08:15,685] {dagbag.py:508} INFO - Filling up the DagBag from /home/milo/13-airflow/airflowhome/airflowenv/lib/python3.9/site-packages/airflow/example_dags/example_kubernetes_executor.py
[2023-02-04 02:08:15,710] {logging_mixin.py:115} INFO - [2023-02-04 02:08:15,710] {example_kubernetes_executor.py:39} WARNING - The example_kubernetes_executor example DAG requires the kubernetes provider. Please install it with: pip install apache-airflow[cncf.kubernetes]
[2023-02-04 02:08:15,710] {processor.py:653} WARNING - No viable dags retrieved from /home/milo/13-airflow/airflowhome/airflowenv/lib/python3.9/site-packages/airflow/example_dags/example_kubernetes_executor.py
[2023-02-04 02:08:15,731] {processor.py:161} INFO - Processing /home/milo/13-airflow/airflowhome/airflowenv/lib/python3.9/site-packages/airflow/example_dags/example_kubernetes_executor.py took 0.053 seconds
[2023-02-04 02:08:50,688] {processor.py:153} INFO - Started process (PID=7676) to work on /home/milo/13-airflow/airflowhome/airflowenv/lib/python3.9/site-packages/airflow/example_dags/example_kubernetes_executor.py
[2023-02-04 02:08:50,691] {processor.py:641} INFO - Processing file /home/milo/13-airflow/airflowhome/airflowenv/lib/python3.9/site-packages/airflow/example_dags/example_kubernetes_executor.py for tasks to queue
[2023-02-04 02:08:50,692] {logging_mixin.py:115} INFO - [2023-02-04 02:08:50,691] {dagbag.py:508} INFO - Filling up the DagBag from /home/milo/13-airflow/airflowhome/airflowenv/lib/python3.9/site-packages/airflow/example_dags/example_kubernetes_executor.py
[2023-02-04 02:08:50,717] {logging_mixin.py:115} INFO - [2023-02-04 02:08:50,717] {example_kubernetes_executor.py:39} WARNING - The example_kubernetes_executor example DAG requires the kubernetes provider. Please install it with: pip install apache-airflow[cncf.kubernetes]
[2023-02-04 02:08:50,717] {processor.py:653} WARNING - No viable dags retrieved from /home/milo/13-airflow/airflowhome/airflowenv/lib/python3.9/site-packages/airflow/example_dags/example_kubernetes_executor.py
[2023-02-04 02:08:50,737] {processor.py:161} INFO - Processing /home/milo/13-airflow/airflowhome/airflowenv/lib/python3.9/site-packages/airflow/example_dags/example_kubernetes_executor.py took 0.053 seconds
[2023-02-04 02:12:03,773] {processor.py:153} INFO - Started process (PID=7795) to work on /home/milo/13-airflow/airflowhome/airflowenv/lib/python3.9/site-packages/airflow/example_dags/example_kubernetes_executor.py
[2023-02-04 02:12:03,800] {processor.py:641} INFO - Processing file /home/milo/13-airflow/airflowhome/airflowenv/lib/python3.9/site-packages/airflow/example_dags/example_kubernetes_executor.py for tasks to queue
[2023-02-04 02:12:03,801] {logging_mixin.py:115} INFO - [2023-02-04 02:12:03,801] {dagbag.py:508} INFO - Filling up the DagBag from /home/milo/13-airflow/airflowhome/airflowenv/lib/python3.9/site-packages/airflow/example_dags/example_kubernetes_executor.py
[2023-02-04 02:12:03,840] {logging_mixin.py:115} INFO - [2023-02-04 02:12:03,840] {example_kubernetes_executor.py:39} WARNING - The example_kubernetes_executor example DAG requires the kubernetes provider. Please install it with: pip install apache-airflow[cncf.kubernetes]
[2023-02-04 02:12:03,841] {processor.py:653} WARNING - No viable dags retrieved from /home/milo/13-airflow/airflowhome/airflowenv/lib/python3.9/site-packages/airflow/example_dags/example_kubernetes_executor.py
[2023-02-04 02:12:03,900] {processor.py:161} INFO - Processing /home/milo/13-airflow/airflowhome/airflowenv/lib/python3.9/site-packages/airflow/example_dags/example_kubernetes_executor.py took 0.157 seconds
[2023-02-04 02:21:51,486] {processor.py:153} INFO - Started process (PID=7878) to work on /home/milo/13-airflow/airflowhome/airflowenv/lib/python3.9/site-packages/airflow/example_dags/example_kubernetes_executor.py
[2023-02-04 02:21:51,508] {processor.py:641} INFO - Processing file /home/milo/13-airflow/airflowhome/airflowenv/lib/python3.9/site-packages/airflow/example_dags/example_kubernetes_executor.py for tasks to queue
[2023-02-04 02:21:51,509] {logging_mixin.py:115} INFO - [2023-02-04 02:21:51,508] {dagbag.py:508} INFO - Filling up the DagBag from /home/milo/13-airflow/airflowhome/airflowenv/lib/python3.9/site-packages/airflow/example_dags/example_kubernetes_executor.py
[2023-02-04 02:21:51,563] {logging_mixin.py:115} INFO - [2023-02-04 02:21:51,563] {example_kubernetes_executor.py:39} WARNING - The example_kubernetes_executor example DAG requires the kubernetes provider. Please install it with: pip install apache-airflow[cncf.kubernetes]
[2023-02-04 02:21:51,563] {processor.py:653} WARNING - No viable dags retrieved from /home/milo/13-airflow/airflowhome/airflowenv/lib/python3.9/site-packages/airflow/example_dags/example_kubernetes_executor.py
[2023-02-04 02:21:51,601] {processor.py:161} INFO - Processing /home/milo/13-airflow/airflowhome/airflowenv/lib/python3.9/site-packages/airflow/example_dags/example_kubernetes_executor.py took 0.120 seconds
