[2023-02-04 01:53:23,463] {processor.py:153} INFO - Started process (PID=6606) to work on /home/milo/13-airflow/airflowhome/airflowenv/lib/python3.9/site-packages/airflow/example_dags/example_branch_operator.py
[2023-02-04 01:53:23,464] {processor.py:641} INFO - Processing file /home/milo/13-airflow/airflowhome/airflowenv/lib/python3.9/site-packages/airflow/example_dags/example_branch_operator.py for tasks to queue
[2023-02-04 01:53:23,465] {logging_mixin.py:115} INFO - [2023-02-04 01:53:23,465] {dagbag.py:508} INFO - Filling up the DagBag from /home/milo/13-airflow/airflowhome/airflowenv/lib/python3.9/site-packages/airflow/example_dags/example_branch_operator.py
[2023-02-04 01:53:23,483] {processor.py:651} INFO - DAG(s) dict_keys(['example_branch_operator']) retrieved from /home/milo/13-airflow/airflowhome/airflowenv/lib/python3.9/site-packages/airflow/example_dags/example_branch_operator.py
[2023-02-04 01:53:23,589] {logging_mixin.py:115} INFO - [2023-02-04 01:53:23,588] {manager.py:508} INFO - Created Permission View: can read on DAG:example_branch_operator
[2023-02-04 01:53:23,603] {logging_mixin.py:115} INFO - [2023-02-04 01:53:23,603] {manager.py:508} INFO - Created Permission View: can edit on DAG:example_branch_operator
[2023-02-04 01:53:23,616] {logging_mixin.py:115} INFO - [2023-02-04 01:53:23,616] {manager.py:508} INFO - Created Permission View: can delete on DAG:example_branch_operator
[2023-02-04 01:53:23,616] {logging_mixin.py:115} INFO - [2023-02-04 01:53:23,616] {dag.py:2420} INFO - Sync 1 DAGs
[2023-02-04 01:53:23,628] {logging_mixin.py:115} INFO - [2023-02-04 01:53:23,628] {dag.py:2439} INFO - Creating ORM DAG for example_branch_operator
[2023-02-04 01:53:23,645] {logging_mixin.py:115} INFO - [2023-02-04 01:53:23,644] {dag.py:2968} INFO - Setting next_dagrun for example_branch_operator to 2023-02-03T00:00:00+00:00, run_after=2023-02-04T00:00:00+00:00
[2023-02-04 01:53:23,666] {processor.py:161} INFO - Processing /home/milo/13-airflow/airflowhome/airflowenv/lib/python3.9/site-packages/airflow/example_dags/example_branch_operator.py took 0.209 seconds
[2023-02-04 01:54:12,426] {processor.py:153} INFO - Started process (PID=6649) to work on /home/milo/13-airflow/airflowhome/airflowenv/lib/python3.9/site-packages/airflow/example_dags/example_branch_operator.py
[2023-02-04 01:54:12,428] {processor.py:641} INFO - Processing file /home/milo/13-airflow/airflowhome/airflowenv/lib/python3.9/site-packages/airflow/example_dags/example_branch_operator.py for tasks to queue
[2023-02-04 01:54:12,429] {logging_mixin.py:115} INFO - [2023-02-04 01:54:12,428] {dagbag.py:508} INFO - Filling up the DagBag from /home/milo/13-airflow/airflowhome/airflowenv/lib/python3.9/site-packages/airflow/example_dags/example_branch_operator.py
[2023-02-04 01:54:12,447] {processor.py:651} INFO - DAG(s) dict_keys(['example_branch_operator']) retrieved from /home/milo/13-airflow/airflowhome/airflowenv/lib/python3.9/site-packages/airflow/example_dags/example_branch_operator.py
[2023-02-04 01:54:12,474] {logging_mixin.py:115} INFO - [2023-02-04 01:54:12,474] {dag.py:2420} INFO - Sync 1 DAGs
[2023-02-04 01:54:12,506] {logging_mixin.py:115} INFO - [2023-02-04 01:54:12,506] {dag.py:2968} INFO - Setting next_dagrun for example_branch_operator to 2023-02-03T00:00:00+00:00, run_after=2023-02-04T00:00:00+00:00
[2023-02-04 01:54:12,526] {processor.py:161} INFO - Processing /home/milo/13-airflow/airflowhome/airflowenv/lib/python3.9/site-packages/airflow/example_dags/example_branch_operator.py took 0.106 seconds
[2023-02-04 01:54:55,832] {processor.py:153} INFO - Started process (PID=6690) to work on /home/milo/13-airflow/airflowhome/airflowenv/lib/python3.9/site-packages/airflow/example_dags/example_branch_operator.py
[2023-02-04 01:54:55,834] {processor.py:641} INFO - Processing file /home/milo/13-airflow/airflowhome/airflowenv/lib/python3.9/site-packages/airflow/example_dags/example_branch_operator.py for tasks to queue
[2023-02-04 01:54:55,835] {logging_mixin.py:115} INFO - [2023-02-04 01:54:55,835] {dagbag.py:508} INFO - Filling up the DagBag from /home/milo/13-airflow/airflowhome/airflowenv/lib/python3.9/site-packages/airflow/example_dags/example_branch_operator.py
[2023-02-04 01:54:55,854] {processor.py:651} INFO - DAG(s) dict_keys(['example_branch_operator']) retrieved from /home/milo/13-airflow/airflowhome/airflowenv/lib/python3.9/site-packages/airflow/example_dags/example_branch_operator.py
[2023-02-04 01:54:55,885] {logging_mixin.py:115} INFO - [2023-02-04 01:54:55,885] {dag.py:2420} INFO - Sync 1 DAGs
[2023-02-04 01:54:55,921] {logging_mixin.py:115} INFO - [2023-02-04 01:54:55,921] {dag.py:2968} INFO - Setting next_dagrun for example_branch_operator to 2023-02-03T00:00:00+00:00, run_after=2023-02-04T00:00:00+00:00
[2023-02-04 01:54:55,943] {processor.py:161} INFO - Processing /home/milo/13-airflow/airflowhome/airflowenv/lib/python3.9/site-packages/airflow/example_dags/example_branch_operator.py took 0.116 seconds
[2023-02-04 01:55:58,334] {processor.py:153} INFO - Started process (PID=6736) to work on /home/milo/13-airflow/airflowhome/airflowenv/lib/python3.9/site-packages/airflow/example_dags/example_branch_operator.py
[2023-02-04 01:55:58,335] {processor.py:641} INFO - Processing file /home/milo/13-airflow/airflowhome/airflowenv/lib/python3.9/site-packages/airflow/example_dags/example_branch_operator.py for tasks to queue
[2023-02-04 01:55:58,336] {logging_mixin.py:115} INFO - [2023-02-04 01:55:58,336] {dagbag.py:508} INFO - Filling up the DagBag from /home/milo/13-airflow/airflowhome/airflowenv/lib/python3.9/site-packages/airflow/example_dags/example_branch_operator.py
[2023-02-04 01:55:58,354] {processor.py:651} INFO - DAG(s) dict_keys(['example_branch_operator']) retrieved from /home/milo/13-airflow/airflowhome/airflowenv/lib/python3.9/site-packages/airflow/example_dags/example_branch_operator.py
[2023-02-04 01:55:58,386] {logging_mixin.py:115} INFO - [2023-02-04 01:55:58,386] {dag.py:2420} INFO - Sync 1 DAGs
[2023-02-04 01:55:58,417] {logging_mixin.py:115} INFO - [2023-02-04 01:55:58,417] {dag.py:2968} INFO - Setting next_dagrun for example_branch_operator to 2023-02-03T00:00:00+00:00, run_after=2023-02-04T00:00:00+00:00
[2023-02-04 01:55:59,417] {processor.py:161} INFO - Processing /home/milo/13-airflow/airflowhome/airflowenv/lib/python3.9/site-packages/airflow/example_dags/example_branch_operator.py took 1.089 seconds
[2023-02-04 01:56:47,139] {processor.py:153} INFO - Started process (PID=6770) to work on /home/milo/13-airflow/airflowhome/airflowenv/lib/python3.9/site-packages/airflow/example_dags/example_branch_operator.py
[2023-02-04 01:56:47,143] {processor.py:641} INFO - Processing file /home/milo/13-airflow/airflowhome/airflowenv/lib/python3.9/site-packages/airflow/example_dags/example_branch_operator.py for tasks to queue
[2023-02-04 01:56:47,144] {logging_mixin.py:115} INFO - [2023-02-04 01:56:47,144] {dagbag.py:508} INFO - Filling up the DagBag from /home/milo/13-airflow/airflowhome/airflowenv/lib/python3.9/site-packages/airflow/example_dags/example_branch_operator.py
[2023-02-04 01:56:47,164] {processor.py:651} INFO - DAG(s) dict_keys(['example_branch_operator']) retrieved from /home/milo/13-airflow/airflowhome/airflowenv/lib/python3.9/site-packages/airflow/example_dags/example_branch_operator.py
[2023-02-04 01:56:47,193] {logging_mixin.py:115} INFO - [2023-02-04 01:56:47,193] {dag.py:2420} INFO - Sync 1 DAGs
[2023-02-04 01:56:47,228] {logging_mixin.py:115} INFO - [2023-02-04 01:56:47,227] {dag.py:2968} INFO - Setting next_dagrun for example_branch_operator to 2023-02-03T00:00:00+00:00, run_after=2023-02-04T00:00:00+00:00
[2023-02-04 01:56:47,252] {processor.py:161} INFO - Processing /home/milo/13-airflow/airflowhome/airflowenv/lib/python3.9/site-packages/airflow/example_dags/example_branch_operator.py took 0.118 seconds
[2023-02-04 01:57:29,874] {processor.py:153} INFO - Started process (PID=6806) to work on /home/milo/13-airflow/airflowhome/airflowenv/lib/python3.9/site-packages/airflow/example_dags/example_branch_operator.py
[2023-02-04 01:57:29,888] {processor.py:641} INFO - Processing file /home/milo/13-airflow/airflowhome/airflowenv/lib/python3.9/site-packages/airflow/example_dags/example_branch_operator.py for tasks to queue
[2023-02-04 01:57:29,889] {logging_mixin.py:115} INFO - [2023-02-04 01:57:29,889] {dagbag.py:508} INFO - Filling up the DagBag from /home/milo/13-airflow/airflowhome/airflowenv/lib/python3.9/site-packages/airflow/example_dags/example_branch_operator.py
[2023-02-04 01:57:29,913] {processor.py:651} INFO - DAG(s) dict_keys(['example_branch_operator']) retrieved from /home/milo/13-airflow/airflowhome/airflowenv/lib/python3.9/site-packages/airflow/example_dags/example_branch_operator.py
[2023-02-04 01:57:29,947] {logging_mixin.py:115} INFO - [2023-02-04 01:57:29,947] {dag.py:2420} INFO - Sync 1 DAGs
[2023-02-04 01:57:29,977] {logging_mixin.py:115} INFO - [2023-02-04 01:57:29,977] {dag.py:2968} INFO - Setting next_dagrun for example_branch_operator to 2023-02-03T00:00:00+00:00, run_after=2023-02-04T00:00:00+00:00
[2023-02-04 01:57:29,997] {processor.py:161} INFO - Processing /home/milo/13-airflow/airflowhome/airflowenv/lib/python3.9/site-packages/airflow/example_dags/example_branch_operator.py took 0.135 seconds
[2023-02-04 01:58:05,303] {processor.py:153} INFO - Started process (PID=7027) to work on /home/milo/13-airflow/airflowhome/airflowenv/lib/python3.9/site-packages/airflow/example_dags/example_branch_operator.py
[2023-02-04 01:58:05,305] {processor.py:641} INFO - Processing file /home/milo/13-airflow/airflowhome/airflowenv/lib/python3.9/site-packages/airflow/example_dags/example_branch_operator.py for tasks to queue
[2023-02-04 01:58:05,305] {logging_mixin.py:115} INFO - [2023-02-04 01:58:05,305] {dagbag.py:508} INFO - Filling up the DagBag from /home/milo/13-airflow/airflowhome/airflowenv/lib/python3.9/site-packages/airflow/example_dags/example_branch_operator.py
[2023-02-04 01:58:05,323] {processor.py:651} INFO - DAG(s) dict_keys(['example_branch_operator']) retrieved from /home/milo/13-airflow/airflowhome/airflowenv/lib/python3.9/site-packages/airflow/example_dags/example_branch_operator.py
[2023-02-04 01:58:05,350] {logging_mixin.py:115} INFO - [2023-02-04 01:58:05,350] {dag.py:2420} INFO - Sync 1 DAGs
[2023-02-04 01:58:05,380] {logging_mixin.py:115} INFO - [2023-02-04 01:58:05,380] {dag.py:2968} INFO - Setting next_dagrun for example_branch_operator to 2023-02-03T00:00:00+00:00, run_after=2023-02-04T00:00:00+00:00
[2023-02-04 01:58:05,400] {processor.py:161} INFO - Processing /home/milo/13-airflow/airflowhome/airflowenv/lib/python3.9/site-packages/airflow/example_dags/example_branch_operator.py took 0.102 seconds
[2023-02-04 01:58:40,496] {processor.py:153} INFO - Started process (PID=7069) to work on /home/milo/13-airflow/airflowhome/airflowenv/lib/python3.9/site-packages/airflow/example_dags/example_branch_operator.py
[2023-02-04 01:58:40,497] {processor.py:641} INFO - Processing file /home/milo/13-airflow/airflowhome/airflowenv/lib/python3.9/site-packages/airflow/example_dags/example_branch_operator.py for tasks to queue
[2023-02-04 01:58:40,498] {logging_mixin.py:115} INFO - [2023-02-04 01:58:40,498] {dagbag.py:508} INFO - Filling up the DagBag from /home/milo/13-airflow/airflowhome/airflowenv/lib/python3.9/site-packages/airflow/example_dags/example_branch_operator.py
[2023-02-04 01:58:40,517] {processor.py:651} INFO - DAG(s) dict_keys(['example_branch_operator']) retrieved from /home/milo/13-airflow/airflowhome/airflowenv/lib/python3.9/site-packages/airflow/example_dags/example_branch_operator.py
[2023-02-04 01:58:40,543] {logging_mixin.py:115} INFO - [2023-02-04 01:58:40,543] {dag.py:2420} INFO - Sync 1 DAGs
[2023-02-04 01:58:40,577] {logging_mixin.py:115} INFO - [2023-02-04 01:58:40,577] {dag.py:2968} INFO - Setting next_dagrun for example_branch_operator to 2023-02-03T00:00:00+00:00, run_after=2023-02-04T00:00:00+00:00
[2023-02-04 01:58:40,598] {processor.py:161} INFO - Processing /home/milo/13-airflow/airflowhome/airflowenv/lib/python3.9/site-packages/airflow/example_dags/example_branch_operator.py took 0.106 seconds
[2023-02-04 01:59:15,519] {processor.py:153} INFO - Started process (PID=7106) to work on /home/milo/13-airflow/airflowhome/airflowenv/lib/python3.9/site-packages/airflow/example_dags/example_branch_operator.py
[2023-02-04 01:59:15,521] {processor.py:641} INFO - Processing file /home/milo/13-airflow/airflowhome/airflowenv/lib/python3.9/site-packages/airflow/example_dags/example_branch_operator.py for tasks to queue
[2023-02-04 01:59:15,522] {logging_mixin.py:115} INFO - [2023-02-04 01:59:15,522] {dagbag.py:508} INFO - Filling up the DagBag from /home/milo/13-airflow/airflowhome/airflowenv/lib/python3.9/site-packages/airflow/example_dags/example_branch_operator.py
[2023-02-04 01:59:15,541] {processor.py:651} INFO - DAG(s) dict_keys(['example_branch_operator']) retrieved from /home/milo/13-airflow/airflowhome/airflowenv/lib/python3.9/site-packages/airflow/example_dags/example_branch_operator.py
[2023-02-04 01:59:15,570] {logging_mixin.py:115} INFO - [2023-02-04 01:59:15,569] {dag.py:2420} INFO - Sync 1 DAGs
[2023-02-04 01:59:15,602] {logging_mixin.py:115} INFO - [2023-02-04 01:59:15,601] {dag.py:2968} INFO - Setting next_dagrun for example_branch_operator to 2023-02-03T00:00:00+00:00, run_after=2023-02-04T00:00:00+00:00
[2023-02-04 01:59:15,622] {processor.py:161} INFO - Processing /home/milo/13-airflow/airflowhome/airflowenv/lib/python3.9/site-packages/airflow/example_dags/example_branch_operator.py took 0.108 seconds
[2023-02-04 01:59:52,503] {processor.py:153} INFO - Started process (PID=7142) to work on /home/milo/13-airflow/airflowhome/airflowenv/lib/python3.9/site-packages/airflow/example_dags/example_branch_operator.py
[2023-02-04 01:59:52,505] {processor.py:641} INFO - Processing file /home/milo/13-airflow/airflowhome/airflowenv/lib/python3.9/site-packages/airflow/example_dags/example_branch_operator.py for tasks to queue
[2023-02-04 01:59:52,506] {logging_mixin.py:115} INFO - [2023-02-04 01:59:52,506] {dagbag.py:508} INFO - Filling up the DagBag from /home/milo/13-airflow/airflowhome/airflowenv/lib/python3.9/site-packages/airflow/example_dags/example_branch_operator.py
[2023-02-04 01:59:52,526] {processor.py:651} INFO - DAG(s) dict_keys(['example_branch_operator']) retrieved from /home/milo/13-airflow/airflowhome/airflowenv/lib/python3.9/site-packages/airflow/example_dags/example_branch_operator.py
[2023-02-04 01:59:52,554] {logging_mixin.py:115} INFO - [2023-02-04 01:59:52,554] {dag.py:2420} INFO - Sync 1 DAGs
[2023-02-04 01:59:52,586] {logging_mixin.py:115} INFO - [2023-02-04 01:59:52,586] {dag.py:2968} INFO - Setting next_dagrun for example_branch_operator to 2023-02-03T00:00:00+00:00, run_after=2023-02-04T00:00:00+00:00
[2023-02-04 01:59:52,607] {processor.py:161} INFO - Processing /home/milo/13-airflow/airflowhome/airflowenv/lib/python3.9/site-packages/airflow/example_dags/example_branch_operator.py took 0.109 seconds
[2023-02-04 02:00:29,223] {processor.py:153} INFO - Started process (PID=7180) to work on /home/milo/13-airflow/airflowhome/airflowenv/lib/python3.9/site-packages/airflow/example_dags/example_branch_operator.py
[2023-02-04 02:00:29,227] {processor.py:641} INFO - Processing file /home/milo/13-airflow/airflowhome/airflowenv/lib/python3.9/site-packages/airflow/example_dags/example_branch_operator.py for tasks to queue
[2023-02-04 02:00:29,228] {logging_mixin.py:115} INFO - [2023-02-04 02:00:29,228] {dagbag.py:508} INFO - Filling up the DagBag from /home/milo/13-airflow/airflowhome/airflowenv/lib/python3.9/site-packages/airflow/example_dags/example_branch_operator.py
[2023-02-04 02:00:29,247] {processor.py:651} INFO - DAG(s) dict_keys(['example_branch_operator']) retrieved from /home/milo/13-airflow/airflowhome/airflowenv/lib/python3.9/site-packages/airflow/example_dags/example_branch_operator.py
[2023-02-04 02:00:29,275] {logging_mixin.py:115} INFO - [2023-02-04 02:00:29,275] {dag.py:2420} INFO - Sync 1 DAGs
[2023-02-04 02:00:29,306] {logging_mixin.py:115} INFO - [2023-02-04 02:00:29,306] {dag.py:2968} INFO - Setting next_dagrun for example_branch_operator to 2023-02-03T00:00:00+00:00, run_after=2023-02-04T00:00:00+00:00
[2023-02-04 02:00:29,327] {processor.py:161} INFO - Processing /home/milo/13-airflow/airflowhome/airflowenv/lib/python3.9/site-packages/airflow/example_dags/example_branch_operator.py took 0.110 seconds
[2023-02-04 02:01:06,199] {processor.py:153} INFO - Started process (PID=7216) to work on /home/milo/13-airflow/airflowhome/airflowenv/lib/python3.9/site-packages/airflow/example_dags/example_branch_operator.py
[2023-02-04 02:01:06,201] {processor.py:641} INFO - Processing file /home/milo/13-airflow/airflowhome/airflowenv/lib/python3.9/site-packages/airflow/example_dags/example_branch_operator.py for tasks to queue
[2023-02-04 02:01:06,202] {logging_mixin.py:115} INFO - [2023-02-04 02:01:06,202] {dagbag.py:508} INFO - Filling up the DagBag from /home/milo/13-airflow/airflowhome/airflowenv/lib/python3.9/site-packages/airflow/example_dags/example_branch_operator.py
[2023-02-04 02:01:06,220] {processor.py:651} INFO - DAG(s) dict_keys(['example_branch_operator']) retrieved from /home/milo/13-airflow/airflowhome/airflowenv/lib/python3.9/site-packages/airflow/example_dags/example_branch_operator.py
[2023-02-04 02:01:06,255] {logging_mixin.py:115} INFO - [2023-02-04 02:01:06,255] {dag.py:2420} INFO - Sync 1 DAGs
[2023-02-04 02:01:06,286] {logging_mixin.py:115} INFO - [2023-02-04 02:01:06,286] {dag.py:2968} INFO - Setting next_dagrun for example_branch_operator to 2023-02-03T00:00:00+00:00, run_after=2023-02-04T00:00:00+00:00
[2023-02-04 02:01:06,304] {processor.py:161} INFO - Processing /home/milo/13-airflow/airflowhome/airflowenv/lib/python3.9/site-packages/airflow/example_dags/example_branch_operator.py took 0.109 seconds
[2023-02-04 02:01:40,881] {processor.py:153} INFO - Started process (PID=7252) to work on /home/milo/13-airflow/airflowhome/airflowenv/lib/python3.9/site-packages/airflow/example_dags/example_branch_operator.py
[2023-02-04 02:01:40,883] {processor.py:641} INFO - Processing file /home/milo/13-airflow/airflowhome/airflowenv/lib/python3.9/site-packages/airflow/example_dags/example_branch_operator.py for tasks to queue
[2023-02-04 02:01:40,884] {logging_mixin.py:115} INFO - [2023-02-04 02:01:40,884] {dagbag.py:508} INFO - Filling up the DagBag from /home/milo/13-airflow/airflowhome/airflowenv/lib/python3.9/site-packages/airflow/example_dags/example_branch_operator.py
[2023-02-04 02:01:40,902] {processor.py:651} INFO - DAG(s) dict_keys(['example_branch_operator']) retrieved from /home/milo/13-airflow/airflowhome/airflowenv/lib/python3.9/site-packages/airflow/example_dags/example_branch_operator.py
[2023-02-04 02:01:40,931] {logging_mixin.py:115} INFO - [2023-02-04 02:01:40,931] {dag.py:2420} INFO - Sync 1 DAGs
[2023-02-04 02:01:40,963] {logging_mixin.py:115} INFO - [2023-02-04 02:01:40,963] {dag.py:2968} INFO - Setting next_dagrun for example_branch_operator to 2023-02-03T00:00:00+00:00, run_after=2023-02-04T00:00:00+00:00
[2023-02-04 02:01:40,983] {processor.py:161} INFO - Processing /home/milo/13-airflow/airflowhome/airflowenv/lib/python3.9/site-packages/airflow/example_dags/example_branch_operator.py took 0.108 seconds
[2023-02-04 02:02:15,509] {processor.py:153} INFO - Started process (PID=7287) to work on /home/milo/13-airflow/airflowhome/airflowenv/lib/python3.9/site-packages/airflow/example_dags/example_branch_operator.py
[2023-02-04 02:02:15,511] {processor.py:641} INFO - Processing file /home/milo/13-airflow/airflowhome/airflowenv/lib/python3.9/site-packages/airflow/example_dags/example_branch_operator.py for tasks to queue
[2023-02-04 02:02:15,511] {logging_mixin.py:115} INFO - [2023-02-04 02:02:15,511] {dagbag.py:508} INFO - Filling up the DagBag from /home/milo/13-airflow/airflowhome/airflowenv/lib/python3.9/site-packages/airflow/example_dags/example_branch_operator.py
[2023-02-04 02:02:15,534] {processor.py:651} INFO - DAG(s) dict_keys(['example_branch_operator']) retrieved from /home/milo/13-airflow/airflowhome/airflowenv/lib/python3.9/site-packages/airflow/example_dags/example_branch_operator.py
[2023-02-04 02:02:15,562] {logging_mixin.py:115} INFO - [2023-02-04 02:02:15,562] {dag.py:2420} INFO - Sync 1 DAGs
[2023-02-04 02:02:15,593] {logging_mixin.py:115} INFO - [2023-02-04 02:02:15,593] {dag.py:2968} INFO - Setting next_dagrun for example_branch_operator to 2023-02-03T00:00:00+00:00, run_after=2023-02-04T00:00:00+00:00
[2023-02-04 02:02:15,612] {processor.py:161} INFO - Processing /home/milo/13-airflow/airflowhome/airflowenv/lib/python3.9/site-packages/airflow/example_dags/example_branch_operator.py took 0.108 seconds
[2023-02-04 02:02:50,275] {processor.py:153} INFO - Started process (PID=7321) to work on /home/milo/13-airflow/airflowhome/airflowenv/lib/python3.9/site-packages/airflow/example_dags/example_branch_operator.py
[2023-02-04 02:02:50,277] {processor.py:641} INFO - Processing file /home/milo/13-airflow/airflowhome/airflowenv/lib/python3.9/site-packages/airflow/example_dags/example_branch_operator.py for tasks to queue
[2023-02-04 02:02:50,277] {logging_mixin.py:115} INFO - [2023-02-04 02:02:50,277] {dagbag.py:508} INFO - Filling up the DagBag from /home/milo/13-airflow/airflowhome/airflowenv/lib/python3.9/site-packages/airflow/example_dags/example_branch_operator.py
[2023-02-04 02:02:50,295] {processor.py:651} INFO - DAG(s) dict_keys(['example_branch_operator']) retrieved from /home/milo/13-airflow/airflowhome/airflowenv/lib/python3.9/site-packages/airflow/example_dags/example_branch_operator.py
[2023-02-04 02:02:50,323] {logging_mixin.py:115} INFO - [2023-02-04 02:02:50,323] {dag.py:2420} INFO - Sync 1 DAGs
[2023-02-04 02:02:50,354] {logging_mixin.py:115} INFO - [2023-02-04 02:02:50,354] {dag.py:2968} INFO - Setting next_dagrun for example_branch_operator to 2023-02-03T00:00:00+00:00, run_after=2023-02-04T00:00:00+00:00
[2023-02-04 02:02:50,374] {processor.py:161} INFO - Processing /home/milo/13-airflow/airflowhome/airflowenv/lib/python3.9/site-packages/airflow/example_dags/example_branch_operator.py took 0.104 seconds
[2023-02-04 02:03:26,602] {processor.py:153} INFO - Started process (PID=7358) to work on /home/milo/13-airflow/airflowhome/airflowenv/lib/python3.9/site-packages/airflow/example_dags/example_branch_operator.py
[2023-02-04 02:03:26,603] {processor.py:641} INFO - Processing file /home/milo/13-airflow/airflowhome/airflowenv/lib/python3.9/site-packages/airflow/example_dags/example_branch_operator.py for tasks to queue
[2023-02-04 02:03:26,604] {logging_mixin.py:115} INFO - [2023-02-04 02:03:26,604] {dagbag.py:508} INFO - Filling up the DagBag from /home/milo/13-airflow/airflowhome/airflowenv/lib/python3.9/site-packages/airflow/example_dags/example_branch_operator.py
[2023-02-04 02:03:26,623] {processor.py:651} INFO - DAG(s) dict_keys(['example_branch_operator']) retrieved from /home/milo/13-airflow/airflowhome/airflowenv/lib/python3.9/site-packages/airflow/example_dags/example_branch_operator.py
[2023-02-04 02:03:26,651] {logging_mixin.py:115} INFO - [2023-02-04 02:03:26,651] {dag.py:2420} INFO - Sync 1 DAGs
[2023-02-04 02:03:26,683] {logging_mixin.py:115} INFO - [2023-02-04 02:03:26,683] {dag.py:2968} INFO - Setting next_dagrun for example_branch_operator to 2023-02-03T00:00:00+00:00, run_after=2023-02-04T00:00:00+00:00
[2023-02-04 02:03:26,703] {processor.py:161} INFO - Processing /home/milo/13-airflow/airflowhome/airflowenv/lib/python3.9/site-packages/airflow/example_dags/example_branch_operator.py took 0.107 seconds
[2023-02-04 02:04:01,180] {processor.py:153} INFO - Started process (PID=7393) to work on /home/milo/13-airflow/airflowhome/airflowenv/lib/python3.9/site-packages/airflow/example_dags/example_branch_operator.py
[2023-02-04 02:04:01,182] {processor.py:641} INFO - Processing file /home/milo/13-airflow/airflowhome/airflowenv/lib/python3.9/site-packages/airflow/example_dags/example_branch_operator.py for tasks to queue
[2023-02-04 02:04:01,183] {logging_mixin.py:115} INFO - [2023-02-04 02:04:01,183] {dagbag.py:508} INFO - Filling up the DagBag from /home/milo/13-airflow/airflowhome/airflowenv/lib/python3.9/site-packages/airflow/example_dags/example_branch_operator.py
[2023-02-04 02:04:01,201] {processor.py:651} INFO - DAG(s) dict_keys(['example_branch_operator']) retrieved from /home/milo/13-airflow/airflowhome/airflowenv/lib/python3.9/site-packages/airflow/example_dags/example_branch_operator.py
[2023-02-04 02:04:01,228] {logging_mixin.py:115} INFO - [2023-02-04 02:04:01,228] {dag.py:2420} INFO - Sync 1 DAGs
[2023-02-04 02:04:01,269] {logging_mixin.py:115} INFO - [2023-02-04 02:04:01,269] {dag.py:2968} INFO - Setting next_dagrun for example_branch_operator to 2023-02-03T00:00:00+00:00, run_after=2023-02-04T00:00:00+00:00
[2023-02-04 02:04:01,289] {processor.py:161} INFO - Processing /home/milo/13-airflow/airflowhome/airflowenv/lib/python3.9/site-packages/airflow/example_dags/example_branch_operator.py took 0.114 seconds
[2023-02-04 02:04:41,406] {processor.py:153} INFO - Started process (PID=7430) to work on /home/milo/13-airflow/airflowhome/airflowenv/lib/python3.9/site-packages/airflow/example_dags/example_branch_operator.py
[2023-02-04 02:04:41,408] {processor.py:641} INFO - Processing file /home/milo/13-airflow/airflowhome/airflowenv/lib/python3.9/site-packages/airflow/example_dags/example_branch_operator.py for tasks to queue
[2023-02-04 02:04:41,409] {logging_mixin.py:115} INFO - [2023-02-04 02:04:41,409] {dagbag.py:508} INFO - Filling up the DagBag from /home/milo/13-airflow/airflowhome/airflowenv/lib/python3.9/site-packages/airflow/example_dags/example_branch_operator.py
[2023-02-04 02:04:41,428] {processor.py:651} INFO - DAG(s) dict_keys(['example_branch_operator']) retrieved from /home/milo/13-airflow/airflowhome/airflowenv/lib/python3.9/site-packages/airflow/example_dags/example_branch_operator.py
[2023-02-04 02:04:41,456] {logging_mixin.py:115} INFO - [2023-02-04 02:04:41,456] {dag.py:2420} INFO - Sync 1 DAGs
[2023-02-04 02:04:41,488] {logging_mixin.py:115} INFO - [2023-02-04 02:04:41,487] {dag.py:2968} INFO - Setting next_dagrun for example_branch_operator to 2023-02-03T00:00:00+00:00, run_after=2023-02-04T00:00:00+00:00
[2023-02-04 02:04:41,508] {processor.py:161} INFO - Processing /home/milo/13-airflow/airflowhome/airflowenv/lib/python3.9/site-packages/airflow/example_dags/example_branch_operator.py took 0.107 seconds
[2023-02-04 02:05:16,407] {processor.py:153} INFO - Started process (PID=7468) to work on /home/milo/13-airflow/airflowhome/airflowenv/lib/python3.9/site-packages/airflow/example_dags/example_branch_operator.py
[2023-02-04 02:05:16,408] {processor.py:641} INFO - Processing file /home/milo/13-airflow/airflowhome/airflowenv/lib/python3.9/site-packages/airflow/example_dags/example_branch_operator.py for tasks to queue
[2023-02-04 02:05:16,409] {logging_mixin.py:115} INFO - [2023-02-04 02:05:16,409] {dagbag.py:508} INFO - Filling up the DagBag from /home/milo/13-airflow/airflowhome/airflowenv/lib/python3.9/site-packages/airflow/example_dags/example_branch_operator.py
[2023-02-04 02:05:16,427] {processor.py:651} INFO - DAG(s) dict_keys(['example_branch_operator']) retrieved from /home/milo/13-airflow/airflowhome/airflowenv/lib/python3.9/site-packages/airflow/example_dags/example_branch_operator.py
[2023-02-04 02:05:16,455] {logging_mixin.py:115} INFO - [2023-02-04 02:05:16,455] {dag.py:2420} INFO - Sync 1 DAGs
[2023-02-04 02:05:16,487] {logging_mixin.py:115} INFO - [2023-02-04 02:05:16,487] {dag.py:2968} INFO - Setting next_dagrun for example_branch_operator to 2023-02-03T00:00:00+00:00, run_after=2023-02-04T00:00:00+00:00
[2023-02-04 02:05:16,509] {processor.py:161} INFO - Processing /home/milo/13-airflow/airflowhome/airflowenv/lib/python3.9/site-packages/airflow/example_dags/example_branch_operator.py took 0.107 seconds
[2023-02-04 02:05:50,768] {processor.py:153} INFO - Started process (PID=7502) to work on /home/milo/13-airflow/airflowhome/airflowenv/lib/python3.9/site-packages/airflow/example_dags/example_branch_operator.py
[2023-02-04 02:05:50,769] {processor.py:641} INFO - Processing file /home/milo/13-airflow/airflowhome/airflowenv/lib/python3.9/site-packages/airflow/example_dags/example_branch_operator.py for tasks to queue
[2023-02-04 02:05:50,770] {logging_mixin.py:115} INFO - [2023-02-04 02:05:50,769] {dagbag.py:508} INFO - Filling up the DagBag from /home/milo/13-airflow/airflowhome/airflowenv/lib/python3.9/site-packages/airflow/example_dags/example_branch_operator.py
[2023-02-04 02:05:50,788] {processor.py:651} INFO - DAG(s) dict_keys(['example_branch_operator']) retrieved from /home/milo/13-airflow/airflowhome/airflowenv/lib/python3.9/site-packages/airflow/example_dags/example_branch_operator.py
[2023-02-04 02:05:50,816] {logging_mixin.py:115} INFO - [2023-02-04 02:05:50,816] {dag.py:2420} INFO - Sync 1 DAGs
[2023-02-04 02:05:50,848] {logging_mixin.py:115} INFO - [2023-02-04 02:05:50,848] {dag.py:2968} INFO - Setting next_dagrun for example_branch_operator to 2023-02-03T00:00:00+00:00, run_after=2023-02-04T00:00:00+00:00
[2023-02-04 02:05:50,868] {processor.py:161} INFO - Processing /home/milo/13-airflow/airflowhome/airflowenv/lib/python3.9/site-packages/airflow/example_dags/example_branch_operator.py took 0.105 seconds
[2023-02-04 02:06:27,922] {processor.py:153} INFO - Started process (PID=7538) to work on /home/milo/13-airflow/airflowhome/airflowenv/lib/python3.9/site-packages/airflow/example_dags/example_branch_operator.py
[2023-02-04 02:06:27,926] {processor.py:641} INFO - Processing file /home/milo/13-airflow/airflowhome/airflowenv/lib/python3.9/site-packages/airflow/example_dags/example_branch_operator.py for tasks to queue
[2023-02-04 02:06:27,927] {logging_mixin.py:115} INFO - [2023-02-04 02:06:27,927] {dagbag.py:508} INFO - Filling up the DagBag from /home/milo/13-airflow/airflowhome/airflowenv/lib/python3.9/site-packages/airflow/example_dags/example_branch_operator.py
[2023-02-04 02:06:27,947] {processor.py:651} INFO - DAG(s) dict_keys(['example_branch_operator']) retrieved from /home/milo/13-airflow/airflowhome/airflowenv/lib/python3.9/site-packages/airflow/example_dags/example_branch_operator.py
[2023-02-04 02:06:27,976] {logging_mixin.py:115} INFO - [2023-02-04 02:06:27,976] {dag.py:2420} INFO - Sync 1 DAGs
[2023-02-04 02:06:28,007] {logging_mixin.py:115} INFO - [2023-02-04 02:06:28,007] {dag.py:2968} INFO - Setting next_dagrun for example_branch_operator to 2023-02-03T00:00:00+00:00, run_after=2023-02-04T00:00:00+00:00
[2023-02-04 02:06:28,028] {processor.py:161} INFO - Processing /home/milo/13-airflow/airflowhome/airflowenv/lib/python3.9/site-packages/airflow/example_dags/example_branch_operator.py took 0.111 seconds
[2023-02-04 02:07:06,230] {processor.py:153} INFO - Started process (PID=7574) to work on /home/milo/13-airflow/airflowhome/airflowenv/lib/python3.9/site-packages/airflow/example_dags/example_branch_operator.py
[2023-02-04 02:07:06,239] {processor.py:641} INFO - Processing file /home/milo/13-airflow/airflowhome/airflowenv/lib/python3.9/site-packages/airflow/example_dags/example_branch_operator.py for tasks to queue
[2023-02-04 02:07:06,240] {logging_mixin.py:115} INFO - [2023-02-04 02:07:06,240] {dagbag.py:508} INFO - Filling up the DagBag from /home/milo/13-airflow/airflowhome/airflowenv/lib/python3.9/site-packages/airflow/example_dags/example_branch_operator.py
[2023-02-04 02:07:06,259] {processor.py:651} INFO - DAG(s) dict_keys(['example_branch_operator']) retrieved from /home/milo/13-airflow/airflowhome/airflowenv/lib/python3.9/site-packages/airflow/example_dags/example_branch_operator.py
[2023-02-04 02:07:06,293] {logging_mixin.py:115} INFO - [2023-02-04 02:07:06,293] {dag.py:2420} INFO - Sync 1 DAGs
[2023-02-04 02:07:06,348] {logging_mixin.py:115} INFO - [2023-02-04 02:07:06,348] {dag.py:2968} INFO - Setting next_dagrun for example_branch_operator to 2023-02-03T00:00:00+00:00, run_after=2023-02-04T00:00:00+00:00
[2023-02-04 02:07:06,369] {processor.py:161} INFO - Processing /home/milo/13-airflow/airflowhome/airflowenv/lib/python3.9/site-packages/airflow/example_dags/example_branch_operator.py took 0.149 seconds
[2023-02-04 02:07:40,483] {processor.py:153} INFO - Started process (PID=7608) to work on /home/milo/13-airflow/airflowhome/airflowenv/lib/python3.9/site-packages/airflow/example_dags/example_branch_operator.py
[2023-02-04 02:07:40,486] {processor.py:641} INFO - Processing file /home/milo/13-airflow/airflowhome/airflowenv/lib/python3.9/site-packages/airflow/example_dags/example_branch_operator.py for tasks to queue
[2023-02-04 02:07:40,487] {logging_mixin.py:115} INFO - [2023-02-04 02:07:40,487] {dagbag.py:508} INFO - Filling up the DagBag from /home/milo/13-airflow/airflowhome/airflowenv/lib/python3.9/site-packages/airflow/example_dags/example_branch_operator.py
[2023-02-04 02:07:40,505] {processor.py:651} INFO - DAG(s) dict_keys(['example_branch_operator']) retrieved from /home/milo/13-airflow/airflowhome/airflowenv/lib/python3.9/site-packages/airflow/example_dags/example_branch_operator.py
[2023-02-04 02:07:40,533] {logging_mixin.py:115} INFO - [2023-02-04 02:07:40,532] {dag.py:2420} INFO - Sync 1 DAGs
[2023-02-04 02:07:40,567] {logging_mixin.py:115} INFO - [2023-02-04 02:07:40,567] {dag.py:2968} INFO - Setting next_dagrun for example_branch_operator to 2023-02-03T00:00:00+00:00, run_after=2023-02-04T00:00:00+00:00
[2023-02-04 02:07:40,589] {processor.py:161} INFO - Processing /home/milo/13-airflow/airflowhome/airflowenv/lib/python3.9/site-packages/airflow/example_dags/example_branch_operator.py took 0.110 seconds
[2023-02-04 02:08:17,248] {processor.py:153} INFO - Started process (PID=7644) to work on /home/milo/13-airflow/airflowhome/airflowenv/lib/python3.9/site-packages/airflow/example_dags/example_branch_operator.py
[2023-02-04 02:08:17,250] {processor.py:641} INFO - Processing file /home/milo/13-airflow/airflowhome/airflowenv/lib/python3.9/site-packages/airflow/example_dags/example_branch_operator.py for tasks to queue
[2023-02-04 02:08:17,251] {logging_mixin.py:115} INFO - [2023-02-04 02:08:17,250] {dagbag.py:508} INFO - Filling up the DagBag from /home/milo/13-airflow/airflowhome/airflowenv/lib/python3.9/site-packages/airflow/example_dags/example_branch_operator.py
[2023-02-04 02:08:17,269] {processor.py:651} INFO - DAG(s) dict_keys(['example_branch_operator']) retrieved from /home/milo/13-airflow/airflowhome/airflowenv/lib/python3.9/site-packages/airflow/example_dags/example_branch_operator.py
[2023-02-04 02:08:17,296] {logging_mixin.py:115} INFO - [2023-02-04 02:08:17,296] {dag.py:2420} INFO - Sync 1 DAGs
[2023-02-04 02:08:17,330] {logging_mixin.py:115} INFO - [2023-02-04 02:08:17,330] {dag.py:2968} INFO - Setting next_dagrun for example_branch_operator to 2023-02-03T00:00:00+00:00, run_after=2023-02-04T00:00:00+00:00
[2023-02-04 02:08:17,364] {processor.py:161} INFO - Processing /home/milo/13-airflow/airflowhome/airflowenv/lib/python3.9/site-packages/airflow/example_dags/example_branch_operator.py took 0.121 seconds
[2023-02-04 02:08:53,865] {processor.py:153} INFO - Started process (PID=7679) to work on /home/milo/13-airflow/airflowhome/airflowenv/lib/python3.9/site-packages/airflow/example_dags/example_branch_operator.py
[2023-02-04 02:08:53,866] {processor.py:641} INFO - Processing file /home/milo/13-airflow/airflowhome/airflowenv/lib/python3.9/site-packages/airflow/example_dags/example_branch_operator.py for tasks to queue
[2023-02-04 02:08:53,867] {logging_mixin.py:115} INFO - [2023-02-04 02:08:53,867] {dagbag.py:508} INFO - Filling up the DagBag from /home/milo/13-airflow/airflowhome/airflowenv/lib/python3.9/site-packages/airflow/example_dags/example_branch_operator.py
[2023-02-04 02:08:53,885] {processor.py:651} INFO - DAG(s) dict_keys(['example_branch_operator']) retrieved from /home/milo/13-airflow/airflowhome/airflowenv/lib/python3.9/site-packages/airflow/example_dags/example_branch_operator.py
[2023-02-04 02:08:53,913] {logging_mixin.py:115} INFO - [2023-02-04 02:08:53,913] {dag.py:2420} INFO - Sync 1 DAGs
[2023-02-04 02:08:53,945] {logging_mixin.py:115} INFO - [2023-02-04 02:08:53,944] {dag.py:2968} INFO - Setting next_dagrun for example_branch_operator to 2023-02-03T00:00:00+00:00, run_after=2023-02-04T00:00:00+00:00
[2023-02-04 02:08:53,964] {processor.py:161} INFO - Processing /home/milo/13-airflow/airflowhome/airflowenv/lib/python3.9/site-packages/airflow/example_dags/example_branch_operator.py took 0.104 seconds
[2023-02-04 02:22:08,484] {processor.py:153} INFO - Started process (PID=7894) to work on /home/milo/13-airflow/airflowhome/airflowenv/lib/python3.9/site-packages/airflow/example_dags/example_branch_operator.py
[2023-02-04 02:22:08,486] {processor.py:641} INFO - Processing file /home/milo/13-airflow/airflowhome/airflowenv/lib/python3.9/site-packages/airflow/example_dags/example_branch_operator.py for tasks to queue
[2023-02-04 02:22:08,486] {logging_mixin.py:115} INFO - [2023-02-04 02:22:08,486] {dagbag.py:508} INFO - Filling up the DagBag from /home/milo/13-airflow/airflowhome/airflowenv/lib/python3.9/site-packages/airflow/example_dags/example_branch_operator.py
[2023-02-04 02:22:08,505] {processor.py:651} INFO - DAG(s) dict_keys(['example_branch_operator']) retrieved from /home/milo/13-airflow/airflowhome/airflowenv/lib/python3.9/site-packages/airflow/example_dags/example_branch_operator.py
[2023-02-04 02:22:08,533] {logging_mixin.py:115} INFO - [2023-02-04 02:22:08,533] {dag.py:2420} INFO - Sync 1 DAGs
[2023-02-04 02:22:08,568] {logging_mixin.py:115} INFO - [2023-02-04 02:22:08,567] {dag.py:2968} INFO - Setting next_dagrun for example_branch_operator to 2023-02-03T00:00:00+00:00, run_after=2023-02-04T00:00:00+00:00
[2023-02-04 02:22:08,587] {processor.py:161} INFO - Processing /home/milo/13-airflow/airflowhome/airflowenv/lib/python3.9/site-packages/airflow/example_dags/example_branch_operator.py took 0.108 seconds
