[2023-02-04 01:53:37,777] {processor.py:153} INFO - Started process (PID=6619) to work on /home/milo/13-airflow/airflowhome/airflowenv/lib/python3.9/site-packages/airflow/example_dags/example_latest_only_with_trigger.py
[2023-02-04 01:53:37,778] {processor.py:641} INFO - Processing file /home/milo/13-airflow/airflowhome/airflowenv/lib/python3.9/site-packages/airflow/example_dags/example_latest_only_with_trigger.py for tasks to queue
[2023-02-04 01:53:37,778] {logging_mixin.py:115} INFO - [2023-02-04 01:53:37,778] {dagbag.py:508} INFO - Filling up the DagBag from /home/milo/13-airflow/airflowhome/airflowenv/lib/python3.9/site-packages/airflow/example_dags/example_latest_only_with_trigger.py
[2023-02-04 01:53:37,787] {processor.py:651} INFO - DAG(s) dict_keys(['latest_only_with_trigger']) retrieved from /home/milo/13-airflow/airflowhome/airflowenv/lib/python3.9/site-packages/airflow/example_dags/example_latest_only_with_trigger.py
[2023-02-04 01:53:40,665] {logging_mixin.py:115} INFO - [2023-02-04 01:53:40,665] {manager.py:508} INFO - Created Permission View: can read on DAG:latest_only_with_trigger
[2023-02-04 01:53:40,683] {logging_mixin.py:115} INFO - [2023-02-04 01:53:40,683] {manager.py:508} INFO - Created Permission View: can edit on DAG:latest_only_with_trigger
[2023-02-04 01:53:40,696] {logging_mixin.py:115} INFO - [2023-02-04 01:53:40,696] {manager.py:508} INFO - Created Permission View: can delete on DAG:latest_only_with_trigger
[2023-02-04 01:53:40,696] {logging_mixin.py:115} INFO - [2023-02-04 01:53:40,696] {dag.py:2420} INFO - Sync 1 DAGs
[2023-02-04 01:53:40,710] {logging_mixin.py:115} INFO - [2023-02-04 01:53:40,710] {dag.py:2439} INFO - Creating ORM DAG for latest_only_with_trigger
[2023-02-04 01:53:40,724] {logging_mixin.py:115} INFO - [2023-02-04 01:53:40,724] {dag.py:2968} INFO - Setting next_dagrun for latest_only_with_trigger to 2023-02-04T02:53:40.724029+00:00, run_after=2023-02-04T06:53:40.724029+00:00
[2023-02-04 01:53:40,747] {processor.py:161} INFO - Processing /home/milo/13-airflow/airflowhome/airflowenv/lib/python3.9/site-packages/airflow/example_dags/example_latest_only_with_trigger.py took 2.976 seconds
[2023-02-04 01:54:29,509] {processor.py:153} INFO - Started process (PID=6666) to work on /home/milo/13-airflow/airflowhome/airflowenv/lib/python3.9/site-packages/airflow/example_dags/example_latest_only_with_trigger.py
[2023-02-04 01:54:29,512] {processor.py:641} INFO - Processing file /home/milo/13-airflow/airflowhome/airflowenv/lib/python3.9/site-packages/airflow/example_dags/example_latest_only_with_trigger.py for tasks to queue
[2023-02-04 01:54:29,513] {logging_mixin.py:115} INFO - [2023-02-04 01:54:29,513] {dagbag.py:508} INFO - Filling up the DagBag from /home/milo/13-airflow/airflowhome/airflowenv/lib/python3.9/site-packages/airflow/example_dags/example_latest_only_with_trigger.py
[2023-02-04 01:54:29,522] {processor.py:651} INFO - DAG(s) dict_keys(['latest_only_with_trigger']) retrieved from /home/milo/13-airflow/airflowhome/airflowenv/lib/python3.9/site-packages/airflow/example_dags/example_latest_only_with_trigger.py
[2023-02-04 01:54:29,551] {logging_mixin.py:115} INFO - [2023-02-04 01:54:29,550] {dag.py:2420} INFO - Sync 1 DAGs
[2023-02-04 01:54:29,580] {logging_mixin.py:115} INFO - [2023-02-04 01:54:29,580] {dag.py:2968} INFO - Setting next_dagrun for latest_only_with_trigger to 2023-02-04T02:54:29.579777+00:00, run_after=2023-02-04T06:54:29.579777+00:00
[2023-02-04 01:54:29,604] {processor.py:161} INFO - Processing /home/milo/13-airflow/airflowhome/airflowenv/lib/python3.9/site-packages/airflow/example_dags/example_latest_only_with_trigger.py took 0.100 seconds
[2023-02-04 01:55:09,406] {processor.py:153} INFO - Started process (PID=6707) to work on /home/milo/13-airflow/airflowhome/airflowenv/lib/python3.9/site-packages/airflow/example_dags/example_latest_only_with_trigger.py
[2023-02-04 01:55:09,407] {processor.py:641} INFO - Processing file /home/milo/13-airflow/airflowhome/airflowenv/lib/python3.9/site-packages/airflow/example_dags/example_latest_only_with_trigger.py for tasks to queue
[2023-02-04 01:55:09,408] {logging_mixin.py:115} INFO - [2023-02-04 01:55:09,408] {dagbag.py:508} INFO - Filling up the DagBag from /home/milo/13-airflow/airflowhome/airflowenv/lib/python3.9/site-packages/airflow/example_dags/example_latest_only_with_trigger.py
[2023-02-04 01:55:09,417] {processor.py:651} INFO - DAG(s) dict_keys(['latest_only_with_trigger']) retrieved from /home/milo/13-airflow/airflowhome/airflowenv/lib/python3.9/site-packages/airflow/example_dags/example_latest_only_with_trigger.py
[2023-02-04 01:55:09,448] {logging_mixin.py:115} INFO - [2023-02-04 01:55:09,448] {dag.py:2420} INFO - Sync 1 DAGs
[2023-02-04 01:55:09,486] {logging_mixin.py:115} INFO - [2023-02-04 01:55:09,485] {dag.py:2968} INFO - Setting next_dagrun for latest_only_with_trigger to 2023-02-04T02:55:09.485399+00:00, run_after=2023-02-04T06:55:09.485399+00:00
[2023-02-04 01:55:09,508] {processor.py:161} INFO - Processing /home/milo/13-airflow/airflowhome/airflowenv/lib/python3.9/site-packages/airflow/example_dags/example_latest_only_with_trigger.py took 0.107 seconds
[2023-02-04 01:56:15,464] {processor.py:153} INFO - Started process (PID=6745) to work on /home/milo/13-airflow/airflowhome/airflowenv/lib/python3.9/site-packages/airflow/example_dags/example_latest_only_with_trigger.py
[2023-02-04 01:56:15,466] {processor.py:641} INFO - Processing file /home/milo/13-airflow/airflowhome/airflowenv/lib/python3.9/site-packages/airflow/example_dags/example_latest_only_with_trigger.py for tasks to queue
[2023-02-04 01:56:15,467] {logging_mixin.py:115} INFO - [2023-02-04 01:56:15,467] {dagbag.py:508} INFO - Filling up the DagBag from /home/milo/13-airflow/airflowhome/airflowenv/lib/python3.9/site-packages/airflow/example_dags/example_latest_only_with_trigger.py
[2023-02-04 01:56:15,476] {processor.py:651} INFO - DAG(s) dict_keys(['latest_only_with_trigger']) retrieved from /home/milo/13-airflow/airflowhome/airflowenv/lib/python3.9/site-packages/airflow/example_dags/example_latest_only_with_trigger.py
[2023-02-04 01:56:15,506] {logging_mixin.py:115} INFO - [2023-02-04 01:56:15,506] {dag.py:2420} INFO - Sync 1 DAGs
[2023-02-04 01:56:15,536] {logging_mixin.py:115} INFO - [2023-02-04 01:56:15,536] {dag.py:2968} INFO - Setting next_dagrun for latest_only_with_trigger to 2023-02-04T02:56:15.535953+00:00, run_after=2023-02-04T06:56:15.535953+00:00
[2023-02-04 01:56:16,399] {processor.py:161} INFO - Processing /home/milo/13-airflow/airflowhome/airflowenv/lib/python3.9/site-packages/airflow/example_dags/example_latest_only_with_trigger.py took 0.939 seconds
[2023-02-04 01:57:05,284] {processor.py:153} INFO - Started process (PID=6783) to work on /home/milo/13-airflow/airflowhome/airflowenv/lib/python3.9/site-packages/airflow/example_dags/example_latest_only_with_trigger.py
[2023-02-04 01:57:05,286] {processor.py:641} INFO - Processing file /home/milo/13-airflow/airflowhome/airflowenv/lib/python3.9/site-packages/airflow/example_dags/example_latest_only_with_trigger.py for tasks to queue
[2023-02-04 01:57:05,287] {logging_mixin.py:115} INFO - [2023-02-04 01:57:05,287] {dagbag.py:508} INFO - Filling up the DagBag from /home/milo/13-airflow/airflowhome/airflowenv/lib/python3.9/site-packages/airflow/example_dags/example_latest_only_with_trigger.py
[2023-02-04 01:57:05,297] {processor.py:651} INFO - DAG(s) dict_keys(['latest_only_with_trigger']) retrieved from /home/milo/13-airflow/airflowhome/airflowenv/lib/python3.9/site-packages/airflow/example_dags/example_latest_only_with_trigger.py
[2023-02-04 01:57:05,325] {logging_mixin.py:115} INFO - [2023-02-04 01:57:05,325] {dag.py:2420} INFO - Sync 1 DAGs
[2023-02-04 01:57:05,355] {logging_mixin.py:115} INFO - [2023-02-04 01:57:05,355] {dag.py:2968} INFO - Setting next_dagrun for latest_only_with_trigger to 2023-02-04T02:57:05.354636+00:00, run_after=2023-02-04T06:57:05.354636+00:00
[2023-02-04 01:57:05,377] {processor.py:161} INFO - Processing /home/milo/13-airflow/airflowhome/airflowenv/lib/python3.9/site-packages/airflow/example_dags/example_latest_only_with_trigger.py took 0.098 seconds
[2023-02-04 01:57:41,514] {processor.py:153} INFO - Started process (PID=6818) to work on /home/milo/13-airflow/airflowhome/airflowenv/lib/python3.9/site-packages/airflow/example_dags/example_latest_only_with_trigger.py
[2023-02-04 01:57:41,516] {processor.py:641} INFO - Processing file /home/milo/13-airflow/airflowhome/airflowenv/lib/python3.9/site-packages/airflow/example_dags/example_latest_only_with_trigger.py for tasks to queue
[2023-02-04 01:57:41,517] {logging_mixin.py:115} INFO - [2023-02-04 01:57:41,517] {dagbag.py:508} INFO - Filling up the DagBag from /home/milo/13-airflow/airflowhome/airflowenv/lib/python3.9/site-packages/airflow/example_dags/example_latest_only_with_trigger.py
[2023-02-04 01:57:41,529] {processor.py:651} INFO - DAG(s) dict_keys(['latest_only_with_trigger']) retrieved from /home/milo/13-airflow/airflowhome/airflowenv/lib/python3.9/site-packages/airflow/example_dags/example_latest_only_with_trigger.py
[2023-02-04 01:57:41,556] {logging_mixin.py:115} INFO - [2023-02-04 01:57:41,556] {dag.py:2420} INFO - Sync 1 DAGs
[2023-02-04 01:57:41,585] {logging_mixin.py:115} INFO - [2023-02-04 01:57:41,585] {dag.py:2968} INFO - Setting next_dagrun for latest_only_with_trigger to 2023-02-04T02:57:41.585086+00:00, run_after=2023-02-04T06:57:41.585086+00:00
[2023-02-04 01:57:41,605] {processor.py:161} INFO - Processing /home/milo/13-airflow/airflowhome/airflowenv/lib/python3.9/site-packages/airflow/example_dags/example_latest_only_with_trigger.py took 0.096 seconds
[2023-02-04 01:58:17,622] {processor.py:153} INFO - Started process (PID=7043) to work on /home/milo/13-airflow/airflowhome/airflowenv/lib/python3.9/site-packages/airflow/example_dags/example_latest_only_with_trigger.py
[2023-02-04 01:58:17,625] {processor.py:641} INFO - Processing file /home/milo/13-airflow/airflowhome/airflowenv/lib/python3.9/site-packages/airflow/example_dags/example_latest_only_with_trigger.py for tasks to queue
[2023-02-04 01:58:17,626] {logging_mixin.py:115} INFO - [2023-02-04 01:58:17,626] {dagbag.py:508} INFO - Filling up the DagBag from /home/milo/13-airflow/airflowhome/airflowenv/lib/python3.9/site-packages/airflow/example_dags/example_latest_only_with_trigger.py
[2023-02-04 01:58:17,635] {processor.py:651} INFO - DAG(s) dict_keys(['latest_only_with_trigger']) retrieved from /home/milo/13-airflow/airflowhome/airflowenv/lib/python3.9/site-packages/airflow/example_dags/example_latest_only_with_trigger.py
[2023-02-04 01:58:17,662] {logging_mixin.py:115} INFO - [2023-02-04 01:58:17,662] {dag.py:2420} INFO - Sync 1 DAGs
[2023-02-04 01:58:17,691] {logging_mixin.py:115} INFO - [2023-02-04 01:58:17,691] {dag.py:2968} INFO - Setting next_dagrun for latest_only_with_trigger to 2023-02-04T02:58:17.691036+00:00, run_after=2023-02-04T06:58:17.691036+00:00
[2023-02-04 01:58:17,711] {processor.py:161} INFO - Processing /home/milo/13-airflow/airflowhome/airflowenv/lib/python3.9/site-packages/airflow/example_dags/example_latest_only_with_trigger.py took 0.095 seconds
[2023-02-04 01:58:53,458] {processor.py:153} INFO - Started process (PID=7082) to work on /home/milo/13-airflow/airflowhome/airflowenv/lib/python3.9/site-packages/airflow/example_dags/example_latest_only_with_trigger.py
[2023-02-04 01:58:53,460] {processor.py:641} INFO - Processing file /home/milo/13-airflow/airflowhome/airflowenv/lib/python3.9/site-packages/airflow/example_dags/example_latest_only_with_trigger.py for tasks to queue
[2023-02-04 01:58:53,461] {logging_mixin.py:115} INFO - [2023-02-04 01:58:53,461] {dagbag.py:508} INFO - Filling up the DagBag from /home/milo/13-airflow/airflowhome/airflowenv/lib/python3.9/site-packages/airflow/example_dags/example_latest_only_with_trigger.py
[2023-02-04 01:58:53,471] {processor.py:651} INFO - DAG(s) dict_keys(['latest_only_with_trigger']) retrieved from /home/milo/13-airflow/airflowhome/airflowenv/lib/python3.9/site-packages/airflow/example_dags/example_latest_only_with_trigger.py
[2023-02-04 01:58:53,498] {logging_mixin.py:115} INFO - [2023-02-04 01:58:53,497] {dag.py:2420} INFO - Sync 1 DAGs
[2023-02-04 01:58:53,526] {logging_mixin.py:115} INFO - [2023-02-04 01:58:53,526] {dag.py:2968} INFO - Setting next_dagrun for latest_only_with_trigger to 2023-02-04T02:58:53.525890+00:00, run_after=2023-02-04T06:58:53.525890+00:00
[2023-02-04 01:58:53,546] {processor.py:161} INFO - Processing /home/milo/13-airflow/airflowhome/airflowenv/lib/python3.9/site-packages/airflow/example_dags/example_latest_only_with_trigger.py took 0.093 seconds
[2023-02-04 01:59:32,395] {processor.py:153} INFO - Started process (PID=7122) to work on /home/milo/13-airflow/airflowhome/airflowenv/lib/python3.9/site-packages/airflow/example_dags/example_latest_only_with_trigger.py
[2023-02-04 01:59:32,397] {processor.py:641} INFO - Processing file /home/milo/13-airflow/airflowhome/airflowenv/lib/python3.9/site-packages/airflow/example_dags/example_latest_only_with_trigger.py for tasks to queue
[2023-02-04 01:59:32,398] {logging_mixin.py:115} INFO - [2023-02-04 01:59:32,398] {dagbag.py:508} INFO - Filling up the DagBag from /home/milo/13-airflow/airflowhome/airflowenv/lib/python3.9/site-packages/airflow/example_dags/example_latest_only_with_trigger.py
[2023-02-04 01:59:32,408] {processor.py:651} INFO - DAG(s) dict_keys(['latest_only_with_trigger']) retrieved from /home/milo/13-airflow/airflowhome/airflowenv/lib/python3.9/site-packages/airflow/example_dags/example_latest_only_with_trigger.py
[2023-02-04 01:59:32,434] {logging_mixin.py:115} INFO - [2023-02-04 01:59:32,434] {dag.py:2420} INFO - Sync 1 DAGs
[2023-02-04 01:59:32,463] {logging_mixin.py:115} INFO - [2023-02-04 01:59:32,463] {dag.py:2968} INFO - Setting next_dagrun for latest_only_with_trigger to 2023-02-04T02:59:32.463126+00:00, run_after=2023-02-04T06:59:32.463126+00:00
[2023-02-04 01:59:32,483] {processor.py:161} INFO - Processing /home/milo/13-airflow/airflowhome/airflowenv/lib/python3.9/site-packages/airflow/example_dags/example_latest_only_with_trigger.py took 0.092 seconds
[2023-02-04 02:00:09,764] {processor.py:153} INFO - Started process (PID=7161) to work on /home/milo/13-airflow/airflowhome/airflowenv/lib/python3.9/site-packages/airflow/example_dags/example_latest_only_with_trigger.py
[2023-02-04 02:00:09,766] {processor.py:641} INFO - Processing file /home/milo/13-airflow/airflowhome/airflowenv/lib/python3.9/site-packages/airflow/example_dags/example_latest_only_with_trigger.py for tasks to queue
[2023-02-04 02:00:09,767] {logging_mixin.py:115} INFO - [2023-02-04 02:00:09,767] {dagbag.py:508} INFO - Filling up the DagBag from /home/milo/13-airflow/airflowhome/airflowenv/lib/python3.9/site-packages/airflow/example_dags/example_latest_only_with_trigger.py
[2023-02-04 02:00:09,777] {processor.py:651} INFO - DAG(s) dict_keys(['latest_only_with_trigger']) retrieved from /home/milo/13-airflow/airflowhome/airflowenv/lib/python3.9/site-packages/airflow/example_dags/example_latest_only_with_trigger.py
[2023-02-04 02:00:09,810] {logging_mixin.py:115} INFO - [2023-02-04 02:00:09,810] {dag.py:2420} INFO - Sync 1 DAGs
[2023-02-04 02:00:09,840] {logging_mixin.py:115} INFO - [2023-02-04 02:00:09,840] {dag.py:2968} INFO - Setting next_dagrun for latest_only_with_trigger to 2023-02-04T03:00:09.839587+00:00, run_after=2023-02-04T07:00:09.839587+00:00
[2023-02-04 02:00:09,861] {processor.py:161} INFO - Processing /home/milo/13-airflow/airflowhome/airflowenv/lib/python3.9/site-packages/airflow/example_dags/example_latest_only_with_trigger.py took 0.108 seconds
[2023-02-04 02:00:48,072] {processor.py:153} INFO - Started process (PID=7198) to work on /home/milo/13-airflow/airflowhome/airflowenv/lib/python3.9/site-packages/airflow/example_dags/example_latest_only_with_trigger.py
[2023-02-04 02:00:48,074] {processor.py:641} INFO - Processing file /home/milo/13-airflow/airflowhome/airflowenv/lib/python3.9/site-packages/airflow/example_dags/example_latest_only_with_trigger.py for tasks to queue
[2023-02-04 02:00:48,074] {logging_mixin.py:115} INFO - [2023-02-04 02:00:48,074] {dagbag.py:508} INFO - Filling up the DagBag from /home/milo/13-airflow/airflowhome/airflowenv/lib/python3.9/site-packages/airflow/example_dags/example_latest_only_with_trigger.py
[2023-02-04 02:00:48,107] {processor.py:651} INFO - DAG(s) dict_keys(['latest_only_with_trigger']) retrieved from /home/milo/13-airflow/airflowhome/airflowenv/lib/python3.9/site-packages/airflow/example_dags/example_latest_only_with_trigger.py
[2023-02-04 02:00:48,145] {logging_mixin.py:115} INFO - [2023-02-04 02:00:48,145] {dag.py:2420} INFO - Sync 1 DAGs
[2023-02-04 02:00:48,177] {logging_mixin.py:115} INFO - [2023-02-04 02:00:48,177] {dag.py:2968} INFO - Setting next_dagrun for latest_only_with_trigger to 2023-02-04T03:00:48.177324+00:00, run_after=2023-02-04T07:00:48.177324+00:00
[2023-02-04 02:00:48,207] {processor.py:161} INFO - Processing /home/milo/13-airflow/airflowhome/airflowenv/lib/python3.9/site-packages/airflow/example_dags/example_latest_only_with_trigger.py took 0.140 seconds
[2023-02-04 02:01:26,282] {processor.py:153} INFO - Started process (PID=7238) to work on /home/milo/13-airflow/airflowhome/airflowenv/lib/python3.9/site-packages/airflow/example_dags/example_latest_only_with_trigger.py
[2023-02-04 02:01:26,283] {processor.py:641} INFO - Processing file /home/milo/13-airflow/airflowhome/airflowenv/lib/python3.9/site-packages/airflow/example_dags/example_latest_only_with_trigger.py for tasks to queue
[2023-02-04 02:01:26,284] {logging_mixin.py:115} INFO - [2023-02-04 02:01:26,284] {dagbag.py:508} INFO - Filling up the DagBag from /home/milo/13-airflow/airflowhome/airflowenv/lib/python3.9/site-packages/airflow/example_dags/example_latest_only_with_trigger.py
[2023-02-04 02:01:26,294] {processor.py:651} INFO - DAG(s) dict_keys(['latest_only_with_trigger']) retrieved from /home/milo/13-airflow/airflowhome/airflowenv/lib/python3.9/site-packages/airflow/example_dags/example_latest_only_with_trigger.py
[2023-02-04 02:01:26,320] {logging_mixin.py:115} INFO - [2023-02-04 02:01:26,320] {dag.py:2420} INFO - Sync 1 DAGs
[2023-02-04 02:01:26,348] {logging_mixin.py:115} INFO - [2023-02-04 02:01:26,348] {dag.py:2968} INFO - Setting next_dagrun for latest_only_with_trigger to 2023-02-04T03:01:26.348119+00:00, run_after=2023-02-04T07:01:26.348119+00:00
[2023-02-04 02:01:26,368] {processor.py:161} INFO - Processing /home/milo/13-airflow/airflowhome/airflowenv/lib/python3.9/site-packages/airflow/example_dags/example_latest_only_with_trigger.py took 0.091 seconds
[2023-02-04 02:02:02,615] {processor.py:153} INFO - Started process (PID=7275) to work on /home/milo/13-airflow/airflowhome/airflowenv/lib/python3.9/site-packages/airflow/example_dags/example_latest_only_with_trigger.py
[2023-02-04 02:02:02,617] {processor.py:641} INFO - Processing file /home/milo/13-airflow/airflowhome/airflowenv/lib/python3.9/site-packages/airflow/example_dags/example_latest_only_with_trigger.py for tasks to queue
[2023-02-04 02:02:02,618] {logging_mixin.py:115} INFO - [2023-02-04 02:02:02,618] {dagbag.py:508} INFO - Filling up the DagBag from /home/milo/13-airflow/airflowhome/airflowenv/lib/python3.9/site-packages/airflow/example_dags/example_latest_only_with_trigger.py
[2023-02-04 02:02:02,628] {processor.py:651} INFO - DAG(s) dict_keys(['latest_only_with_trigger']) retrieved from /home/milo/13-airflow/airflowhome/airflowenv/lib/python3.9/site-packages/airflow/example_dags/example_latest_only_with_trigger.py
[2023-02-04 02:02:02,655] {logging_mixin.py:115} INFO - [2023-02-04 02:02:02,655] {dag.py:2420} INFO - Sync 1 DAGs
[2023-02-04 02:02:02,682] {logging_mixin.py:115} INFO - [2023-02-04 02:02:02,682] {dag.py:2968} INFO - Setting next_dagrun for latest_only_with_trigger to 2023-02-04T03:02:02.682328+00:00, run_after=2023-02-04T07:02:02.682328+00:00
[2023-02-04 02:02:02,706] {processor.py:161} INFO - Processing /home/milo/13-airflow/airflowhome/airflowenv/lib/python3.9/site-packages/airflow/example_dags/example_latest_only_with_trigger.py took 0.096 seconds
[2023-02-04 02:02:37,689] {processor.py:153} INFO - Started process (PID=7309) to work on /home/milo/13-airflow/airflowhome/airflowenv/lib/python3.9/site-packages/airflow/example_dags/example_latest_only_with_trigger.py
[2023-02-04 02:02:37,690] {processor.py:641} INFO - Processing file /home/milo/13-airflow/airflowhome/airflowenv/lib/python3.9/site-packages/airflow/example_dags/example_latest_only_with_trigger.py for tasks to queue
[2023-02-04 02:02:37,691] {logging_mixin.py:115} INFO - [2023-02-04 02:02:37,691] {dagbag.py:508} INFO - Filling up the DagBag from /home/milo/13-airflow/airflowhome/airflowenv/lib/python3.9/site-packages/airflow/example_dags/example_latest_only_with_trigger.py
[2023-02-04 02:02:37,700] {processor.py:651} INFO - DAG(s) dict_keys(['latest_only_with_trigger']) retrieved from /home/milo/13-airflow/airflowhome/airflowenv/lib/python3.9/site-packages/airflow/example_dags/example_latest_only_with_trigger.py
[2023-02-04 02:02:37,724] {logging_mixin.py:115} INFO - [2023-02-04 02:02:37,724] {dag.py:2420} INFO - Sync 1 DAGs
[2023-02-04 02:02:37,752] {logging_mixin.py:115} INFO - [2023-02-04 02:02:37,752] {dag.py:2968} INFO - Setting next_dagrun for latest_only_with_trigger to 2023-02-04T03:02:37.751787+00:00, run_after=2023-02-04T07:02:37.751787+00:00
[2023-02-04 02:02:37,772] {processor.py:161} INFO - Processing /home/milo/13-airflow/airflowhome/airflowenv/lib/python3.9/site-packages/airflow/example_dags/example_latest_only_with_trigger.py took 0.089 seconds
[2023-02-04 02:03:12,489] {processor.py:153} INFO - Started process (PID=7344) to work on /home/milo/13-airflow/airflowhome/airflowenv/lib/python3.9/site-packages/airflow/example_dags/example_latest_only_with_trigger.py
[2023-02-04 02:03:12,490] {processor.py:641} INFO - Processing file /home/milo/13-airflow/airflowhome/airflowenv/lib/python3.9/site-packages/airflow/example_dags/example_latest_only_with_trigger.py for tasks to queue
[2023-02-04 02:03:12,490] {logging_mixin.py:115} INFO - [2023-02-04 02:03:12,490] {dagbag.py:508} INFO - Filling up the DagBag from /home/milo/13-airflow/airflowhome/airflowenv/lib/python3.9/site-packages/airflow/example_dags/example_latest_only_with_trigger.py
[2023-02-04 02:03:12,499] {processor.py:651} INFO - DAG(s) dict_keys(['latest_only_with_trigger']) retrieved from /home/milo/13-airflow/airflowhome/airflowenv/lib/python3.9/site-packages/airflow/example_dags/example_latest_only_with_trigger.py
[2023-02-04 02:03:12,526] {logging_mixin.py:115} INFO - [2023-02-04 02:03:12,526] {dag.py:2420} INFO - Sync 1 DAGs
[2023-02-04 02:03:12,555] {logging_mixin.py:115} INFO - [2023-02-04 02:03:12,555] {dag.py:2968} INFO - Setting next_dagrun for latest_only_with_trigger to 2023-02-04T03:03:12.554697+00:00, run_after=2023-02-04T07:03:12.554697+00:00
[2023-02-04 02:03:12,575] {processor.py:161} INFO - Processing /home/milo/13-airflow/airflowhome/airflowenv/lib/python3.9/site-packages/airflow/example_dags/example_latest_only_with_trigger.py took 0.092 seconds
[2023-02-04 02:03:46,579] {processor.py:153} INFO - Started process (PID=7378) to work on /home/milo/13-airflow/airflowhome/airflowenv/lib/python3.9/site-packages/airflow/example_dags/example_latest_only_with_trigger.py
[2023-02-04 02:03:46,591] {processor.py:641} INFO - Processing file /home/milo/13-airflow/airflowhome/airflowenv/lib/python3.9/site-packages/airflow/example_dags/example_latest_only_with_trigger.py for tasks to queue
[2023-02-04 02:03:46,592] {logging_mixin.py:115} INFO - [2023-02-04 02:03:46,591] {dagbag.py:508} INFO - Filling up the DagBag from /home/milo/13-airflow/airflowhome/airflowenv/lib/python3.9/site-packages/airflow/example_dags/example_latest_only_with_trigger.py
[2023-02-04 02:03:46,602] {processor.py:651} INFO - DAG(s) dict_keys(['latest_only_with_trigger']) retrieved from /home/milo/13-airflow/airflowhome/airflowenv/lib/python3.9/site-packages/airflow/example_dags/example_latest_only_with_trigger.py
[2023-02-04 02:03:46,638] {logging_mixin.py:115} INFO - [2023-02-04 02:03:46,638] {dag.py:2420} INFO - Sync 1 DAGs
[2023-02-04 02:03:46,667] {logging_mixin.py:115} INFO - [2023-02-04 02:03:46,667] {dag.py:2968} INFO - Setting next_dagrun for latest_only_with_trigger to 2023-02-04T03:03:46.667030+00:00, run_after=2023-02-04T07:03:46.667030+00:00
[2023-02-04 02:03:46,687] {processor.py:161} INFO - Processing /home/milo/13-airflow/airflowhome/airflowenv/lib/python3.9/site-packages/airflow/example_dags/example_latest_only_with_trigger.py took 0.113 seconds
[2023-02-04 02:04:23,187] {processor.py:153} INFO - Started process (PID=7413) to work on /home/milo/13-airflow/airflowhome/airflowenv/lib/python3.9/site-packages/airflow/example_dags/example_latest_only_with_trigger.py
[2023-02-04 02:04:23,188] {processor.py:641} INFO - Processing file /home/milo/13-airflow/airflowhome/airflowenv/lib/python3.9/site-packages/airflow/example_dags/example_latest_only_with_trigger.py for tasks to queue
[2023-02-04 02:04:23,189] {logging_mixin.py:115} INFO - [2023-02-04 02:04:23,189] {dagbag.py:508} INFO - Filling up the DagBag from /home/milo/13-airflow/airflowhome/airflowenv/lib/python3.9/site-packages/airflow/example_dags/example_latest_only_with_trigger.py
[2023-02-04 02:04:23,198] {processor.py:651} INFO - DAG(s) dict_keys(['latest_only_with_trigger']) retrieved from /home/milo/13-airflow/airflowhome/airflowenv/lib/python3.9/site-packages/airflow/example_dags/example_latest_only_with_trigger.py
[2023-02-04 02:04:23,249] {logging_mixin.py:115} INFO - [2023-02-04 02:04:23,249] {dag.py:2420} INFO - Sync 1 DAGs
[2023-02-04 02:04:23,279] {logging_mixin.py:115} INFO - [2023-02-04 02:04:23,279] {dag.py:2968} INFO - Setting next_dagrun for latest_only_with_trigger to 2023-02-04T03:04:23.278711+00:00, run_after=2023-02-04T07:04:23.278711+00:00
[2023-02-04 02:04:23,303] {processor.py:161} INFO - Processing /home/milo/13-airflow/airflowhome/airflowenv/lib/python3.9/site-packages/airflow/example_dags/example_latest_only_with_trigger.py took 0.121 seconds
[2023-02-04 02:05:00,912] {processor.py:153} INFO - Started process (PID=7450) to work on /home/milo/13-airflow/airflowhome/airflowenv/lib/python3.9/site-packages/airflow/example_dags/example_latest_only_with_trigger.py
[2023-02-04 02:05:00,913] {processor.py:641} INFO - Processing file /home/milo/13-airflow/airflowhome/airflowenv/lib/python3.9/site-packages/airflow/example_dags/example_latest_only_with_trigger.py for tasks to queue
[2023-02-04 02:05:00,914] {logging_mixin.py:115} INFO - [2023-02-04 02:05:00,913] {dagbag.py:508} INFO - Filling up the DagBag from /home/milo/13-airflow/airflowhome/airflowenv/lib/python3.9/site-packages/airflow/example_dags/example_latest_only_with_trigger.py
[2023-02-04 02:05:00,922] {processor.py:651} INFO - DAG(s) dict_keys(['latest_only_with_trigger']) retrieved from /home/milo/13-airflow/airflowhome/airflowenv/lib/python3.9/site-packages/airflow/example_dags/example_latest_only_with_trigger.py
[2023-02-04 02:05:00,960] {logging_mixin.py:115} INFO - [2023-02-04 02:05:00,960] {dag.py:2420} INFO - Sync 1 DAGs
[2023-02-04 02:05:00,991] {logging_mixin.py:115} INFO - [2023-02-04 02:05:00,991] {dag.py:2968} INFO - Setting next_dagrun for latest_only_with_trigger to 2023-02-04T03:05:00.990695+00:00, run_after=2023-02-04T07:05:00.990695+00:00
[2023-02-04 02:05:01,020] {processor.py:161} INFO - Processing /home/milo/13-airflow/airflowhome/airflowenv/lib/python3.9/site-packages/airflow/example_dags/example_latest_only_with_trigger.py took 0.113 seconds
[2023-02-04 02:05:36,798] {processor.py:153} INFO - Started process (PID=7489) to work on /home/milo/13-airflow/airflowhome/airflowenv/lib/python3.9/site-packages/airflow/example_dags/example_latest_only_with_trigger.py
[2023-02-04 02:05:36,799] {processor.py:641} INFO - Processing file /home/milo/13-airflow/airflowhome/airflowenv/lib/python3.9/site-packages/airflow/example_dags/example_latest_only_with_trigger.py for tasks to queue
[2023-02-04 02:05:36,800] {logging_mixin.py:115} INFO - [2023-02-04 02:05:36,800] {dagbag.py:508} INFO - Filling up the DagBag from /home/milo/13-airflow/airflowhome/airflowenv/lib/python3.9/site-packages/airflow/example_dags/example_latest_only_with_trigger.py
[2023-02-04 02:05:36,809] {processor.py:651} INFO - DAG(s) dict_keys(['latest_only_with_trigger']) retrieved from /home/milo/13-airflow/airflowhome/airflowenv/lib/python3.9/site-packages/airflow/example_dags/example_latest_only_with_trigger.py
[2023-02-04 02:05:36,837] {logging_mixin.py:115} INFO - [2023-02-04 02:05:36,837] {dag.py:2420} INFO - Sync 1 DAGs
[2023-02-04 02:05:36,870] {logging_mixin.py:115} INFO - [2023-02-04 02:05:36,870] {dag.py:2968} INFO - Setting next_dagrun for latest_only_with_trigger to 2023-02-04T03:05:36.869737+00:00, run_after=2023-02-04T07:05:36.869737+00:00
[2023-02-04 02:05:36,895] {processor.py:161} INFO - Processing /home/milo/13-airflow/airflowhome/airflowenv/lib/python3.9/site-packages/airflow/example_dags/example_latest_only_with_trigger.py took 0.103 seconds
[2023-02-04 02:06:15,658] {processor.py:153} INFO - Started process (PID=7526) to work on /home/milo/13-airflow/airflowhome/airflowenv/lib/python3.9/site-packages/airflow/example_dags/example_latest_only_with_trigger.py
[2023-02-04 02:06:15,669] {processor.py:641} INFO - Processing file /home/milo/13-airflow/airflowhome/airflowenv/lib/python3.9/site-packages/airflow/example_dags/example_latest_only_with_trigger.py for tasks to queue
[2023-02-04 02:06:15,670] {logging_mixin.py:115} INFO - [2023-02-04 02:06:15,670] {dagbag.py:508} INFO - Filling up the DagBag from /home/milo/13-airflow/airflowhome/airflowenv/lib/python3.9/site-packages/airflow/example_dags/example_latest_only_with_trigger.py
[2023-02-04 02:06:15,679] {processor.py:651} INFO - DAG(s) dict_keys(['latest_only_with_trigger']) retrieved from /home/milo/13-airflow/airflowhome/airflowenv/lib/python3.9/site-packages/airflow/example_dags/example_latest_only_with_trigger.py
[2023-02-04 02:06:15,707] {logging_mixin.py:115} INFO - [2023-02-04 02:06:15,707] {dag.py:2420} INFO - Sync 1 DAGs
[2023-02-04 02:06:15,738] {logging_mixin.py:115} INFO - [2023-02-04 02:06:15,738] {dag.py:2968} INFO - Setting next_dagrun for latest_only_with_trigger to 2023-02-04T03:06:15.737622+00:00, run_after=2023-02-04T07:06:15.737622+00:00
[2023-02-04 02:06:15,761] {processor.py:161} INFO - Processing /home/milo/13-airflow/airflowhome/airflowenv/lib/python3.9/site-packages/airflow/example_dags/example_latest_only_with_trigger.py took 0.108 seconds
[2023-02-04 02:06:54,612] {processor.py:153} INFO - Started process (PID=7562) to work on /home/milo/13-airflow/airflowhome/airflowenv/lib/python3.9/site-packages/airflow/example_dags/example_latest_only_with_trigger.py
[2023-02-04 02:06:54,614] {processor.py:641} INFO - Processing file /home/milo/13-airflow/airflowhome/airflowenv/lib/python3.9/site-packages/airflow/example_dags/example_latest_only_with_trigger.py for tasks to queue
[2023-02-04 02:06:54,615] {logging_mixin.py:115} INFO - [2023-02-04 02:06:54,615] {dagbag.py:508} INFO - Filling up the DagBag from /home/milo/13-airflow/airflowhome/airflowenv/lib/python3.9/site-packages/airflow/example_dags/example_latest_only_with_trigger.py
[2023-02-04 02:06:54,624] {processor.py:651} INFO - DAG(s) dict_keys(['latest_only_with_trigger']) retrieved from /home/milo/13-airflow/airflowhome/airflowenv/lib/python3.9/site-packages/airflow/example_dags/example_latest_only_with_trigger.py
[2023-02-04 02:06:54,650] {logging_mixin.py:115} INFO - [2023-02-04 02:06:54,650] {dag.py:2420} INFO - Sync 1 DAGs
[2023-02-04 02:06:54,679] {logging_mixin.py:115} INFO - [2023-02-04 02:06:54,679] {dag.py:2968} INFO - Setting next_dagrun for latest_only_with_trigger to 2023-02-04T03:06:54.678949+00:00, run_after=2023-02-04T07:06:54.678949+00:00
[2023-02-04 02:06:54,699] {processor.py:161} INFO - Processing /home/milo/13-airflow/airflowhome/airflowenv/lib/python3.9/site-packages/airflow/example_dags/example_latest_only_with_trigger.py took 0.094 seconds
[2023-02-04 02:07:31,091] {processor.py:153} INFO - Started process (PID=7599) to work on /home/milo/13-airflow/airflowhome/airflowenv/lib/python3.9/site-packages/airflow/example_dags/example_latest_only_with_trigger.py
[2023-02-04 02:07:31,100] {processor.py:641} INFO - Processing file /home/milo/13-airflow/airflowhome/airflowenv/lib/python3.9/site-packages/airflow/example_dags/example_latest_only_with_trigger.py for tasks to queue
[2023-02-04 02:07:31,101] {logging_mixin.py:115} INFO - [2023-02-04 02:07:31,100] {dagbag.py:508} INFO - Filling up the DagBag from /home/milo/13-airflow/airflowhome/airflowenv/lib/python3.9/site-packages/airflow/example_dags/example_latest_only_with_trigger.py
[2023-02-04 02:07:31,110] {processor.py:651} INFO - DAG(s) dict_keys(['latest_only_with_trigger']) retrieved from /home/milo/13-airflow/airflowhome/airflowenv/lib/python3.9/site-packages/airflow/example_dags/example_latest_only_with_trigger.py
[2023-02-04 02:07:31,141] {logging_mixin.py:115} INFO - [2023-02-04 02:07:31,141] {dag.py:2420} INFO - Sync 1 DAGs
[2023-02-04 02:07:31,176] {logging_mixin.py:115} INFO - [2023-02-04 02:07:31,176] {dag.py:2968} INFO - Setting next_dagrun for latest_only_with_trigger to 2023-02-04T03:07:31.175683+00:00, run_after=2023-02-04T07:07:31.175683+00:00
[2023-02-04 02:07:31,195] {processor.py:161} INFO - Processing /home/milo/13-airflow/airflowhome/airflowenv/lib/python3.9/site-packages/airflow/example_dags/example_latest_only_with_trigger.py took 0.109 seconds
[2023-02-04 02:08:08,720] {processor.py:153} INFO - Started process (PID=7636) to work on /home/milo/13-airflow/airflowhome/airflowenv/lib/python3.9/site-packages/airflow/example_dags/example_latest_only_with_trigger.py
[2023-02-04 02:08:08,722] {processor.py:641} INFO - Processing file /home/milo/13-airflow/airflowhome/airflowenv/lib/python3.9/site-packages/airflow/example_dags/example_latest_only_with_trigger.py for tasks to queue
[2023-02-04 02:08:08,723] {logging_mixin.py:115} INFO - [2023-02-04 02:08:08,723] {dagbag.py:508} INFO - Filling up the DagBag from /home/milo/13-airflow/airflowhome/airflowenv/lib/python3.9/site-packages/airflow/example_dags/example_latest_only_with_trigger.py
[2023-02-04 02:08:08,733] {processor.py:651} INFO - DAG(s) dict_keys(['latest_only_with_trigger']) retrieved from /home/milo/13-airflow/airflowhome/airflowenv/lib/python3.9/site-packages/airflow/example_dags/example_latest_only_with_trigger.py
[2023-02-04 02:08:08,759] {logging_mixin.py:115} INFO - [2023-02-04 02:08:08,759] {dag.py:2420} INFO - Sync 1 DAGs
[2023-02-04 02:08:08,788] {logging_mixin.py:115} INFO - [2023-02-04 02:08:08,788] {dag.py:2968} INFO - Setting next_dagrun for latest_only_with_trigger to 2023-02-04T03:08:08.788379+00:00, run_after=2023-02-04T07:08:08.788379+00:00
[2023-02-04 02:08:08,808] {processor.py:161} INFO - Processing /home/milo/13-airflow/airflowhome/airflowenv/lib/python3.9/site-packages/airflow/example_dags/example_latest_only_with_trigger.py took 0.093 seconds
[2023-02-04 02:08:44,930] {processor.py:153} INFO - Started process (PID=7671) to work on /home/milo/13-airflow/airflowhome/airflowenv/lib/python3.9/site-packages/airflow/example_dags/example_latest_only_with_trigger.py
[2023-02-04 02:08:44,931] {processor.py:641} INFO - Processing file /home/milo/13-airflow/airflowhome/airflowenv/lib/python3.9/site-packages/airflow/example_dags/example_latest_only_with_trigger.py for tasks to queue
[2023-02-04 02:08:44,932] {logging_mixin.py:115} INFO - [2023-02-04 02:08:44,932] {dagbag.py:508} INFO - Filling up the DagBag from /home/milo/13-airflow/airflowhome/airflowenv/lib/python3.9/site-packages/airflow/example_dags/example_latest_only_with_trigger.py
[2023-02-04 02:08:44,941] {processor.py:651} INFO - DAG(s) dict_keys(['latest_only_with_trigger']) retrieved from /home/milo/13-airflow/airflowhome/airflowenv/lib/python3.9/site-packages/airflow/example_dags/example_latest_only_with_trigger.py
[2023-02-04 02:08:44,968] {logging_mixin.py:115} INFO - [2023-02-04 02:08:44,967] {dag.py:2420} INFO - Sync 1 DAGs
[2023-02-04 02:08:44,996] {logging_mixin.py:115} INFO - [2023-02-04 02:08:44,996] {dag.py:2968} INFO - Setting next_dagrun for latest_only_with_trigger to 2023-02-04T03:08:44.995718+00:00, run_after=2023-02-04T07:08:44.995718+00:00
[2023-02-04 02:08:45,016] {processor.py:161} INFO - Processing /home/milo/13-airflow/airflowhome/airflowenv/lib/python3.9/site-packages/airflow/example_dags/example_latest_only_with_trigger.py took 0.092 seconds
[2023-02-04 02:22:17,778] {processor.py:153} INFO - Started process (PID=7906) to work on /home/milo/13-airflow/airflowhome/airflowenv/lib/python3.9/site-packages/airflow/example_dags/example_latest_only_with_trigger.py
[2023-02-04 02:22:17,787] {processor.py:641} INFO - Processing file /home/milo/13-airflow/airflowhome/airflowenv/lib/python3.9/site-packages/airflow/example_dags/example_latest_only_with_trigger.py for tasks to queue
[2023-02-04 02:22:17,788] {logging_mixin.py:115} INFO - [2023-02-04 02:22:17,787] {dagbag.py:508} INFO - Filling up the DagBag from /home/milo/13-airflow/airflowhome/airflowenv/lib/python3.9/site-packages/airflow/example_dags/example_latest_only_with_trigger.py
[2023-02-04 02:22:17,797] {processor.py:651} INFO - DAG(s) dict_keys(['latest_only_with_trigger']) retrieved from /home/milo/13-airflow/airflowhome/airflowenv/lib/python3.9/site-packages/airflow/example_dags/example_latest_only_with_trigger.py
[2023-02-04 02:22:17,829] {logging_mixin.py:115} INFO - [2023-02-04 02:22:17,828] {dag.py:2420} INFO - Sync 1 DAGs
[2023-02-04 02:22:17,858] {logging_mixin.py:115} INFO - [2023-02-04 02:22:17,858] {dag.py:2968} INFO - Setting next_dagrun for latest_only_with_trigger to 2023-02-04T03:22:17.858374+00:00, run_after=2023-02-04T07:22:17.858374+00:00
[2023-02-04 02:22:17,884] {processor.py:161} INFO - Processing /home/milo/13-airflow/airflowhome/airflowenv/lib/python3.9/site-packages/airflow/example_dags/example_latest_only_with_trigger.py took 0.111 seconds
