[2023-02-04 01:53:10,872] {processor.py:153} INFO - Started process (PID=6598) to work on /home/milo/13-airflow/airflowhome/airflowenv/lib/python3.9/site-packages/airflow/example_dags/example_skip_dag.py
[2023-02-04 01:53:10,873] {processor.py:641} INFO - Processing file /home/milo/13-airflow/airflowhome/airflowenv/lib/python3.9/site-packages/airflow/example_dags/example_skip_dag.py for tasks to queue
[2023-02-04 01:53:10,874] {logging_mixin.py:115} INFO - [2023-02-04 01:53:10,874] {dagbag.py:508} INFO - Filling up the DagBag from /home/milo/13-airflow/airflowhome/airflowenv/lib/python3.9/site-packages/airflow/example_dags/example_skip_dag.py
[2023-02-04 01:53:10,883] {processor.py:651} INFO - DAG(s) dict_keys(['example_skip_dag']) retrieved from /home/milo/13-airflow/airflowhome/airflowenv/lib/python3.9/site-packages/airflow/example_dags/example_skip_dag.py
[2023-02-04 01:53:10,985] {logging_mixin.py:115} INFO - [2023-02-04 01:53:10,985] {manager.py:508} INFO - Created Permission View: can read on DAG:example_skip_dag
[2023-02-04 01:53:11,000] {logging_mixin.py:115} INFO - [2023-02-04 01:53:11,000] {manager.py:508} INFO - Created Permission View: can edit on DAG:example_skip_dag
[2023-02-04 01:53:11,013] {logging_mixin.py:115} INFO - [2023-02-04 01:53:11,013] {manager.py:508} INFO - Created Permission View: can delete on DAG:example_skip_dag
[2023-02-04 01:53:11,013] {logging_mixin.py:115} INFO - [2023-02-04 01:53:11,013] {dag.py:2420} INFO - Sync 1 DAGs
[2023-02-04 01:53:11,025] {logging_mixin.py:115} INFO - [2023-02-04 01:53:11,024] {dag.py:2439} INFO - Creating ORM DAG for example_skip_dag
[2023-02-04 01:53:11,038] {logging_mixin.py:115} INFO - [2023-02-04 01:53:11,038] {dag.py:2968} INFO - Setting next_dagrun for example_skip_dag to 2023-02-03T06:53:11.038328+00:00, run_after=2023-02-04T06:53:11.038328+00:00
[2023-02-04 01:53:11,058] {processor.py:161} INFO - Processing /home/milo/13-airflow/airflowhome/airflowenv/lib/python3.9/site-packages/airflow/example_dags/example_skip_dag.py took 0.191 seconds
[2023-02-04 01:53:59,015] {processor.py:153} INFO - Started process (PID=6641) to work on /home/milo/13-airflow/airflowhome/airflowenv/lib/python3.9/site-packages/airflow/example_dags/example_skip_dag.py
[2023-02-04 01:53:59,017] {processor.py:641} INFO - Processing file /home/milo/13-airflow/airflowhome/airflowenv/lib/python3.9/site-packages/airflow/example_dags/example_skip_dag.py for tasks to queue
[2023-02-04 01:53:59,018] {logging_mixin.py:115} INFO - [2023-02-04 01:53:59,018] {dagbag.py:508} INFO - Filling up the DagBag from /home/milo/13-airflow/airflowhome/airflowenv/lib/python3.9/site-packages/airflow/example_dags/example_skip_dag.py
[2023-02-04 01:53:59,028] {processor.py:651} INFO - DAG(s) dict_keys(['example_skip_dag']) retrieved from /home/milo/13-airflow/airflowhome/airflowenv/lib/python3.9/site-packages/airflow/example_dags/example_skip_dag.py
[2023-02-04 01:53:59,060] {logging_mixin.py:115} INFO - [2023-02-04 01:53:59,060] {dag.py:2420} INFO - Sync 1 DAGs
[2023-02-04 01:53:59,090] {logging_mixin.py:115} INFO - [2023-02-04 01:53:59,090] {dag.py:2968} INFO - Setting next_dagrun for example_skip_dag to 2023-02-03T06:53:59.090080+00:00, run_after=2023-02-04T06:53:59.090080+00:00
[2023-02-04 01:53:59,111] {processor.py:161} INFO - Processing /home/milo/13-airflow/airflowhome/airflowenv/lib/python3.9/site-packages/airflow/example_dags/example_skip_dag.py took 0.101 seconds
[2023-02-04 01:54:45,996] {processor.py:153} INFO - Started process (PID=6681) to work on /home/milo/13-airflow/airflowhome/airflowenv/lib/python3.9/site-packages/airflow/example_dags/example_skip_dag.py
[2023-02-04 01:54:45,998] {processor.py:641} INFO - Processing file /home/milo/13-airflow/airflowhome/airflowenv/lib/python3.9/site-packages/airflow/example_dags/example_skip_dag.py for tasks to queue
[2023-02-04 01:54:45,999] {logging_mixin.py:115} INFO - [2023-02-04 01:54:45,999] {dagbag.py:508} INFO - Filling up the DagBag from /home/milo/13-airflow/airflowhome/airflowenv/lib/python3.9/site-packages/airflow/example_dags/example_skip_dag.py
[2023-02-04 01:54:46,008] {processor.py:651} INFO - DAG(s) dict_keys(['example_skip_dag']) retrieved from /home/milo/13-airflow/airflowhome/airflowenv/lib/python3.9/site-packages/airflow/example_dags/example_skip_dag.py
[2023-02-04 01:54:46,036] {logging_mixin.py:115} INFO - [2023-02-04 01:54:46,035] {dag.py:2420} INFO - Sync 1 DAGs
[2023-02-04 01:54:46,068] {logging_mixin.py:115} INFO - [2023-02-04 01:54:46,068] {dag.py:2968} INFO - Setting next_dagrun for example_skip_dag to 2023-02-03T06:54:46.067663+00:00, run_after=2023-02-04T06:54:46.067663+00:00
[2023-02-04 01:54:46,088] {processor.py:161} INFO - Processing /home/milo/13-airflow/airflowhome/airflowenv/lib/python3.9/site-packages/airflow/example_dags/example_skip_dag.py took 0.096 seconds
[2023-02-04 01:55:31,115] {processor.py:153} INFO - Started process (PID=6720) to work on /home/milo/13-airflow/airflowhome/airflowenv/lib/python3.9/site-packages/airflow/example_dags/example_skip_dag.py
[2023-02-04 01:55:31,117] {processor.py:641} INFO - Processing file /home/milo/13-airflow/airflowhome/airflowenv/lib/python3.9/site-packages/airflow/example_dags/example_skip_dag.py for tasks to queue
[2023-02-04 01:55:31,118] {logging_mixin.py:115} INFO - [2023-02-04 01:55:31,117] {dagbag.py:508} INFO - Filling up the DagBag from /home/milo/13-airflow/airflowhome/airflowenv/lib/python3.9/site-packages/airflow/example_dags/example_skip_dag.py
[2023-02-04 01:55:31,134] {processor.py:651} INFO - DAG(s) dict_keys(['example_skip_dag']) retrieved from /home/milo/13-airflow/airflowhome/airflowenv/lib/python3.9/site-packages/airflow/example_dags/example_skip_dag.py
[2023-02-04 01:55:31,173] {logging_mixin.py:115} INFO - [2023-02-04 01:55:31,173] {dag.py:2420} INFO - Sync 1 DAGs
[2023-02-04 01:55:31,201] {logging_mixin.py:115} INFO - [2023-02-04 01:55:31,201] {dag.py:2968} INFO - Setting next_dagrun for example_skip_dag to 2023-02-03T06:55:31.200894+00:00, run_after=2023-02-04T06:55:31.200894+00:00
[2023-02-04 01:55:32,009] {processor.py:161} INFO - Processing /home/milo/13-airflow/airflowhome/airflowenv/lib/python3.9/site-packages/airflow/example_dags/example_skip_dag.py took 0.900 seconds
[2023-02-04 01:56:24,619] {processor.py:153} INFO - Started process (PID=6753) to work on /home/milo/13-airflow/airflowhome/airflowenv/lib/python3.9/site-packages/airflow/example_dags/example_skip_dag.py
[2023-02-04 01:56:24,620] {processor.py:641} INFO - Processing file /home/milo/13-airflow/airflowhome/airflowenv/lib/python3.9/site-packages/airflow/example_dags/example_skip_dag.py for tasks to queue
[2023-02-04 01:56:24,622] {logging_mixin.py:115} INFO - [2023-02-04 01:56:24,622] {dagbag.py:508} INFO - Filling up the DagBag from /home/milo/13-airflow/airflowhome/airflowenv/lib/python3.9/site-packages/airflow/example_dags/example_skip_dag.py
[2023-02-04 01:56:24,630] {processor.py:651} INFO - DAG(s) dict_keys(['example_skip_dag']) retrieved from /home/milo/13-airflow/airflowhome/airflowenv/lib/python3.9/site-packages/airflow/example_dags/example_skip_dag.py
[2023-02-04 01:56:24,658] {logging_mixin.py:115} INFO - [2023-02-04 01:56:24,658] {dag.py:2420} INFO - Sync 1 DAGs
[2023-02-04 01:56:24,686] {logging_mixin.py:115} INFO - [2023-02-04 01:56:24,686] {dag.py:2968} INFO - Setting next_dagrun for example_skip_dag to 2023-02-03T06:56:24.686210+00:00, run_after=2023-02-04T06:56:24.686210+00:00
[2023-02-04 01:56:24,706] {processor.py:161} INFO - Processing /home/milo/13-airflow/airflowhome/airflowenv/lib/python3.9/site-packages/airflow/example_dags/example_skip_dag.py took 0.092 seconds
[2023-02-04 01:57:12,418] {processor.py:153} INFO - Started process (PID=6789) to work on /home/milo/13-airflow/airflowhome/airflowenv/lib/python3.9/site-packages/airflow/example_dags/example_skip_dag.py
[2023-02-04 01:57:12,420] {processor.py:641} INFO - Processing file /home/milo/13-airflow/airflowhome/airflowenv/lib/python3.9/site-packages/airflow/example_dags/example_skip_dag.py for tasks to queue
[2023-02-04 01:57:12,420] {logging_mixin.py:115} INFO - [2023-02-04 01:57:12,420] {dagbag.py:508} INFO - Filling up the DagBag from /home/milo/13-airflow/airflowhome/airflowenv/lib/python3.9/site-packages/airflow/example_dags/example_skip_dag.py
[2023-02-04 01:57:12,429] {processor.py:651} INFO - DAG(s) dict_keys(['example_skip_dag']) retrieved from /home/milo/13-airflow/airflowhome/airflowenv/lib/python3.9/site-packages/airflow/example_dags/example_skip_dag.py
[2023-02-04 01:57:12,456] {logging_mixin.py:115} INFO - [2023-02-04 01:57:12,456] {dag.py:2420} INFO - Sync 1 DAGs
[2023-02-04 01:57:12,484] {logging_mixin.py:115} INFO - [2023-02-04 01:57:12,483] {dag.py:2968} INFO - Setting next_dagrun for example_skip_dag to 2023-02-03T06:57:12.483579+00:00, run_after=2023-02-04T06:57:12.483579+00:00
[2023-02-04 01:57:12,508] {processor.py:161} INFO - Processing /home/milo/13-airflow/airflowhome/airflowenv/lib/python3.9/site-packages/airflow/example_dags/example_skip_dag.py took 0.095 seconds
[2023-02-04 01:57:46,022] {processor.py:153} INFO - Started process (PID=6832) to work on /home/milo/13-airflow/airflowhome/airflowenv/lib/python3.9/site-packages/airflow/example_dags/example_skip_dag.py
[2023-02-04 01:57:46,023] {processor.py:641} INFO - Processing file /home/milo/13-airflow/airflowhome/airflowenv/lib/python3.9/site-packages/airflow/example_dags/example_skip_dag.py for tasks to queue
[2023-02-04 01:57:46,024] {logging_mixin.py:115} INFO - [2023-02-04 01:57:46,023] {dagbag.py:508} INFO - Filling up the DagBag from /home/milo/13-airflow/airflowhome/airflowenv/lib/python3.9/site-packages/airflow/example_dags/example_skip_dag.py
[2023-02-04 01:57:46,032] {processor.py:651} INFO - DAG(s) dict_keys(['example_skip_dag']) retrieved from /home/milo/13-airflow/airflowhome/airflowenv/lib/python3.9/site-packages/airflow/example_dags/example_skip_dag.py
[2023-02-04 01:57:46,064] {logging_mixin.py:115} INFO - [2023-02-04 01:57:46,064] {dag.py:2420} INFO - Sync 1 DAGs
[2023-02-04 01:57:46,108] {logging_mixin.py:115} INFO - [2023-02-04 01:57:46,108] {dag.py:2968} INFO - Setting next_dagrun for example_skip_dag to 2023-02-03T06:57:46.108027+00:00, run_after=2023-02-04T06:57:46.108027+00:00
[2023-02-04 01:57:46,142] {processor.py:161} INFO - Processing /home/milo/13-airflow/airflowhome/airflowenv/lib/python3.9/site-packages/airflow/example_dags/example_skip_dag.py took 0.125 seconds
[2023-02-04 01:58:21,378] {processor.py:153} INFO - Started process (PID=7047) to work on /home/milo/13-airflow/airflowhome/airflowenv/lib/python3.9/site-packages/airflow/example_dags/example_skip_dag.py
[2023-02-04 01:58:21,380] {processor.py:641} INFO - Processing file /home/milo/13-airflow/airflowhome/airflowenv/lib/python3.9/site-packages/airflow/example_dags/example_skip_dag.py for tasks to queue
[2023-02-04 01:58:21,381] {logging_mixin.py:115} INFO - [2023-02-04 01:58:21,381] {dagbag.py:508} INFO - Filling up the DagBag from /home/milo/13-airflow/airflowhome/airflowenv/lib/python3.9/site-packages/airflow/example_dags/example_skip_dag.py
[2023-02-04 01:58:21,390] {processor.py:651} INFO - DAG(s) dict_keys(['example_skip_dag']) retrieved from /home/milo/13-airflow/airflowhome/airflowenv/lib/python3.9/site-packages/airflow/example_dags/example_skip_dag.py
[2023-02-04 01:58:21,423] {logging_mixin.py:115} INFO - [2023-02-04 01:58:21,423] {dag.py:2420} INFO - Sync 1 DAGs
[2023-02-04 01:58:21,454] {logging_mixin.py:115} INFO - [2023-02-04 01:58:21,454] {dag.py:2968} INFO - Setting next_dagrun for example_skip_dag to 2023-02-03T06:58:21.453970+00:00, run_after=2023-02-04T06:58:21.453970+00:00
[2023-02-04 01:58:21,475] {processor.py:161} INFO - Processing /home/milo/13-airflow/airflowhome/airflowenv/lib/python3.9/site-packages/airflow/example_dags/example_skip_dag.py took 0.105 seconds
[2023-02-04 01:58:55,852] {processor.py:153} INFO - Started process (PID=7084) to work on /home/milo/13-airflow/airflowhome/airflowenv/lib/python3.9/site-packages/airflow/example_dags/example_skip_dag.py
[2023-02-04 01:58:55,854] {processor.py:641} INFO - Processing file /home/milo/13-airflow/airflowhome/airflowenv/lib/python3.9/site-packages/airflow/example_dags/example_skip_dag.py for tasks to queue
[2023-02-04 01:58:55,855] {logging_mixin.py:115} INFO - [2023-02-04 01:58:55,855] {dagbag.py:508} INFO - Filling up the DagBag from /home/milo/13-airflow/airflowhome/airflowenv/lib/python3.9/site-packages/airflow/example_dags/example_skip_dag.py
[2023-02-04 01:58:55,864] {processor.py:651} INFO - DAG(s) dict_keys(['example_skip_dag']) retrieved from /home/milo/13-airflow/airflowhome/airflowenv/lib/python3.9/site-packages/airflow/example_dags/example_skip_dag.py
[2023-02-04 01:58:55,891] {logging_mixin.py:115} INFO - [2023-02-04 01:58:55,891] {dag.py:2420} INFO - Sync 1 DAGs
[2023-02-04 01:58:55,919] {logging_mixin.py:115} INFO - [2023-02-04 01:58:55,919] {dag.py:2968} INFO - Setting next_dagrun for example_skip_dag to 2023-02-03T06:58:55.918653+00:00, run_after=2023-02-04T06:58:55.918653+00:00
[2023-02-04 01:58:55,940] {processor.py:161} INFO - Processing /home/milo/13-airflow/airflowhome/airflowenv/lib/python3.9/site-packages/airflow/example_dags/example_skip_dag.py took 0.093 seconds
[2023-02-04 01:59:28,762] {processor.py:153} INFO - Started process (PID=7119) to work on /home/milo/13-airflow/airflowhome/airflowenv/lib/python3.9/site-packages/airflow/example_dags/example_skip_dag.py
[2023-02-04 01:59:28,763] {processor.py:641} INFO - Processing file /home/milo/13-airflow/airflowhome/airflowenv/lib/python3.9/site-packages/airflow/example_dags/example_skip_dag.py for tasks to queue
[2023-02-04 01:59:28,764] {logging_mixin.py:115} INFO - [2023-02-04 01:59:28,764] {dagbag.py:508} INFO - Filling up the DagBag from /home/milo/13-airflow/airflowhome/airflowenv/lib/python3.9/site-packages/airflow/example_dags/example_skip_dag.py
[2023-02-04 01:59:28,773] {processor.py:651} INFO - DAG(s) dict_keys(['example_skip_dag']) retrieved from /home/milo/13-airflow/airflowhome/airflowenv/lib/python3.9/site-packages/airflow/example_dags/example_skip_dag.py
[2023-02-04 01:59:28,808] {logging_mixin.py:115} INFO - [2023-02-04 01:59:28,808] {dag.py:2420} INFO - Sync 1 DAGs
[2023-02-04 01:59:28,836] {logging_mixin.py:115} INFO - [2023-02-04 01:59:28,836] {dag.py:2968} INFO - Setting next_dagrun for example_skip_dag to 2023-02-03T06:59:28.835621+00:00, run_after=2023-02-04T06:59:28.835621+00:00
[2023-02-04 01:59:28,855] {processor.py:161} INFO - Processing /home/milo/13-airflow/airflowhome/airflowenv/lib/python3.9/site-packages/airflow/example_dags/example_skip_dag.py took 0.098 seconds
[2023-02-04 02:00:01,100] {processor.py:153} INFO - Started process (PID=7152) to work on /home/milo/13-airflow/airflowhome/airflowenv/lib/python3.9/site-packages/airflow/example_dags/example_skip_dag.py
[2023-02-04 02:00:01,101] {processor.py:641} INFO - Processing file /home/milo/13-airflow/airflowhome/airflowenv/lib/python3.9/site-packages/airflow/example_dags/example_skip_dag.py for tasks to queue
[2023-02-04 02:00:01,103] {logging_mixin.py:115} INFO - [2023-02-04 02:00:01,103] {dagbag.py:508} INFO - Filling up the DagBag from /home/milo/13-airflow/airflowhome/airflowenv/lib/python3.9/site-packages/airflow/example_dags/example_skip_dag.py
[2023-02-04 02:00:01,114] {processor.py:651} INFO - DAG(s) dict_keys(['example_skip_dag']) retrieved from /home/milo/13-airflow/airflowhome/airflowenv/lib/python3.9/site-packages/airflow/example_dags/example_skip_dag.py
[2023-02-04 02:00:01,151] {logging_mixin.py:115} INFO - [2023-02-04 02:00:01,151] {dag.py:2420} INFO - Sync 1 DAGs
[2023-02-04 02:00:01,181] {logging_mixin.py:115} INFO - [2023-02-04 02:00:01,181] {dag.py:2968} INFO - Setting next_dagrun for example_skip_dag to 2023-02-03T07:00:01.180878+00:00, run_after=2023-02-04T07:00:01.180878+00:00
[2023-02-04 02:00:01,201] {processor.py:161} INFO - Processing /home/milo/13-airflow/airflowhome/airflowenv/lib/python3.9/site-packages/airflow/example_dags/example_skip_dag.py took 0.107 seconds
[2023-02-04 02:00:37,650] {processor.py:153} INFO - Started process (PID=7188) to work on /home/milo/13-airflow/airflowhome/airflowenv/lib/python3.9/site-packages/airflow/example_dags/example_skip_dag.py
[2023-02-04 02:00:37,652] {processor.py:641} INFO - Processing file /home/milo/13-airflow/airflowhome/airflowenv/lib/python3.9/site-packages/airflow/example_dags/example_skip_dag.py for tasks to queue
[2023-02-04 02:00:37,653] {logging_mixin.py:115} INFO - [2023-02-04 02:00:37,653] {dagbag.py:508} INFO - Filling up the DagBag from /home/milo/13-airflow/airflowhome/airflowenv/lib/python3.9/site-packages/airflow/example_dags/example_skip_dag.py
[2023-02-04 02:00:37,663] {processor.py:651} INFO - DAG(s) dict_keys(['example_skip_dag']) retrieved from /home/milo/13-airflow/airflowhome/airflowenv/lib/python3.9/site-packages/airflow/example_dags/example_skip_dag.py
[2023-02-04 02:00:37,690] {logging_mixin.py:115} INFO - [2023-02-04 02:00:37,690] {dag.py:2420} INFO - Sync 1 DAGs
[2023-02-04 02:00:37,721] {logging_mixin.py:115} INFO - [2023-02-04 02:00:37,721] {dag.py:2968} INFO - Setting next_dagrun for example_skip_dag to 2023-02-03T07:00:37.721158+00:00, run_after=2023-02-04T07:00:37.721158+00:00
[2023-02-04 02:00:37,743] {processor.py:161} INFO - Processing /home/milo/13-airflow/airflowhome/airflowenv/lib/python3.9/site-packages/airflow/example_dags/example_skip_dag.py took 0.100 seconds
[2023-02-04 02:01:12,531] {processor.py:153} INFO - Started process (PID=7223) to work on /home/milo/13-airflow/airflowhome/airflowenv/lib/python3.9/site-packages/airflow/example_dags/example_skip_dag.py
[2023-02-04 02:01:12,533] {processor.py:641} INFO - Processing file /home/milo/13-airflow/airflowhome/airflowenv/lib/python3.9/site-packages/airflow/example_dags/example_skip_dag.py for tasks to queue
[2023-02-04 02:01:12,534] {logging_mixin.py:115} INFO - [2023-02-04 02:01:12,534] {dagbag.py:508} INFO - Filling up the DagBag from /home/milo/13-airflow/airflowhome/airflowenv/lib/python3.9/site-packages/airflow/example_dags/example_skip_dag.py
[2023-02-04 02:01:12,543] {processor.py:651} INFO - DAG(s) dict_keys(['example_skip_dag']) retrieved from /home/milo/13-airflow/airflowhome/airflowenv/lib/python3.9/site-packages/airflow/example_dags/example_skip_dag.py
[2023-02-04 02:01:12,571] {logging_mixin.py:115} INFO - [2023-02-04 02:01:12,571] {dag.py:2420} INFO - Sync 1 DAGs
[2023-02-04 02:01:12,599] {logging_mixin.py:115} INFO - [2023-02-04 02:01:12,599] {dag.py:2968} INFO - Setting next_dagrun for example_skip_dag to 2023-02-03T07:01:12.599003+00:00, run_after=2023-02-04T07:01:12.599003+00:00
[2023-02-04 02:01:12,624] {processor.py:161} INFO - Processing /home/milo/13-airflow/airflowhome/airflowenv/lib/python3.9/site-packages/airflow/example_dags/example_skip_dag.py took 0.097 seconds
[2023-02-04 02:01:45,454] {processor.py:153} INFO - Started process (PID=7256) to work on /home/milo/13-airflow/airflowhome/airflowenv/lib/python3.9/site-packages/airflow/example_dags/example_skip_dag.py
[2023-02-04 02:01:45,467] {processor.py:641} INFO - Processing file /home/milo/13-airflow/airflowhome/airflowenv/lib/python3.9/site-packages/airflow/example_dags/example_skip_dag.py for tasks to queue
[2023-02-04 02:01:45,467] {logging_mixin.py:115} INFO - [2023-02-04 02:01:45,467] {dagbag.py:508} INFO - Filling up the DagBag from /home/milo/13-airflow/airflowhome/airflowenv/lib/python3.9/site-packages/airflow/example_dags/example_skip_dag.py
[2023-02-04 02:01:45,476] {processor.py:651} INFO - DAG(s) dict_keys(['example_skip_dag']) retrieved from /home/milo/13-airflow/airflowhome/airflowenv/lib/python3.9/site-packages/airflow/example_dags/example_skip_dag.py
[2023-02-04 02:01:45,503] {logging_mixin.py:115} INFO - [2023-02-04 02:01:45,503] {dag.py:2420} INFO - Sync 1 DAGs
[2023-02-04 02:01:45,532] {logging_mixin.py:115} INFO - [2023-02-04 02:01:45,532] {dag.py:2968} INFO - Setting next_dagrun for example_skip_dag to 2023-02-03T07:01:45.531811+00:00, run_after=2023-02-04T07:01:45.531811+00:00
[2023-02-04 02:01:45,552] {processor.py:161} INFO - Processing /home/milo/13-airflow/airflowhome/airflowenv/lib/python3.9/site-packages/airflow/example_dags/example_skip_dag.py took 0.104 seconds
[2023-02-04 02:02:20,481] {processor.py:153} INFO - Started process (PID=7291) to work on /home/milo/13-airflow/airflowhome/airflowenv/lib/python3.9/site-packages/airflow/example_dags/example_skip_dag.py
[2023-02-04 02:02:20,483] {processor.py:641} INFO - Processing file /home/milo/13-airflow/airflowhome/airflowenv/lib/python3.9/site-packages/airflow/example_dags/example_skip_dag.py for tasks to queue
[2023-02-04 02:02:20,484] {logging_mixin.py:115} INFO - [2023-02-04 02:02:20,484] {dagbag.py:508} INFO - Filling up the DagBag from /home/milo/13-airflow/airflowhome/airflowenv/lib/python3.9/site-packages/airflow/example_dags/example_skip_dag.py
[2023-02-04 02:02:20,493] {processor.py:651} INFO - DAG(s) dict_keys(['example_skip_dag']) retrieved from /home/milo/13-airflow/airflowhome/airflowenv/lib/python3.9/site-packages/airflow/example_dags/example_skip_dag.py
[2023-02-04 02:02:20,522] {logging_mixin.py:115} INFO - [2023-02-04 02:02:20,522] {dag.py:2420} INFO - Sync 1 DAGs
[2023-02-04 02:02:20,551] {logging_mixin.py:115} INFO - [2023-02-04 02:02:20,550] {dag.py:2968} INFO - Setting next_dagrun for example_skip_dag to 2023-02-03T07:02:20.550512+00:00, run_after=2023-02-04T07:02:20.550512+00:00
[2023-02-04 02:02:20,572] {processor.py:161} INFO - Processing /home/milo/13-airflow/airflowhome/airflowenv/lib/python3.9/site-packages/airflow/example_dags/example_skip_dag.py took 0.097 seconds
[2023-02-04 02:02:51,524] {processor.py:153} INFO - Started process (PID=7322) to work on /home/milo/13-airflow/airflowhome/airflowenv/lib/python3.9/site-packages/airflow/example_dags/example_skip_dag.py
[2023-02-04 02:02:51,525] {processor.py:641} INFO - Processing file /home/milo/13-airflow/airflowhome/airflowenv/lib/python3.9/site-packages/airflow/example_dags/example_skip_dag.py for tasks to queue
[2023-02-04 02:02:51,526] {logging_mixin.py:115} INFO - [2023-02-04 02:02:51,526] {dagbag.py:508} INFO - Filling up the DagBag from /home/milo/13-airflow/airflowhome/airflowenv/lib/python3.9/site-packages/airflow/example_dags/example_skip_dag.py
[2023-02-04 02:02:51,534] {processor.py:651} INFO - DAG(s) dict_keys(['example_skip_dag']) retrieved from /home/milo/13-airflow/airflowhome/airflowenv/lib/python3.9/site-packages/airflow/example_dags/example_skip_dag.py
[2023-02-04 02:02:51,562] {logging_mixin.py:115} INFO - [2023-02-04 02:02:51,562] {dag.py:2420} INFO - Sync 1 DAGs
[2023-02-04 02:02:51,590] {logging_mixin.py:115} INFO - [2023-02-04 02:02:51,590] {dag.py:2968} INFO - Setting next_dagrun for example_skip_dag to 2023-02-03T07:02:51.590026+00:00, run_after=2023-02-04T07:02:51.590026+00:00
[2023-02-04 02:02:51,610] {processor.py:161} INFO - Processing /home/milo/13-airflow/airflowhome/airflowenv/lib/python3.9/site-packages/airflow/example_dags/example_skip_dag.py took 0.100 seconds
[2023-02-04 02:03:24,411] {processor.py:153} INFO - Started process (PID=7356) to work on /home/milo/13-airflow/airflowhome/airflowenv/lib/python3.9/site-packages/airflow/example_dags/example_skip_dag.py
[2023-02-04 02:03:24,413] {processor.py:641} INFO - Processing file /home/milo/13-airflow/airflowhome/airflowenv/lib/python3.9/site-packages/airflow/example_dags/example_skip_dag.py for tasks to queue
[2023-02-04 02:03:24,414] {logging_mixin.py:115} INFO - [2023-02-04 02:03:24,414] {dagbag.py:508} INFO - Filling up the DagBag from /home/milo/13-airflow/airflowhome/airflowenv/lib/python3.9/site-packages/airflow/example_dags/example_skip_dag.py
[2023-02-04 02:03:24,422] {processor.py:651} INFO - DAG(s) dict_keys(['example_skip_dag']) retrieved from /home/milo/13-airflow/airflowhome/airflowenv/lib/python3.9/site-packages/airflow/example_dags/example_skip_dag.py
[2023-02-04 02:03:24,459] {logging_mixin.py:115} INFO - [2023-02-04 02:03:24,458] {dag.py:2420} INFO - Sync 1 DAGs
[2023-02-04 02:03:24,490] {logging_mixin.py:115} INFO - [2023-02-04 02:03:24,490] {dag.py:2968} INFO - Setting next_dagrun for example_skip_dag to 2023-02-03T07:03:24.489730+00:00, run_after=2023-02-04T07:03:24.489730+00:00
[2023-02-04 02:03:24,512] {processor.py:161} INFO - Processing /home/milo/13-airflow/airflowhome/airflowenv/lib/python3.9/site-packages/airflow/example_dags/example_skip_dag.py took 0.106 seconds
[2023-02-04 02:03:59,471] {processor.py:153} INFO - Started process (PID=7391) to work on /home/milo/13-airflow/airflowhome/airflowenv/lib/python3.9/site-packages/airflow/example_dags/example_skip_dag.py
[2023-02-04 02:03:59,473] {processor.py:641} INFO - Processing file /home/milo/13-airflow/airflowhome/airflowenv/lib/python3.9/site-packages/airflow/example_dags/example_skip_dag.py for tasks to queue
[2023-02-04 02:03:59,474] {logging_mixin.py:115} INFO - [2023-02-04 02:03:59,473] {dagbag.py:508} INFO - Filling up the DagBag from /home/milo/13-airflow/airflowhome/airflowenv/lib/python3.9/site-packages/airflow/example_dags/example_skip_dag.py
[2023-02-04 02:03:59,482] {processor.py:651} INFO - DAG(s) dict_keys(['example_skip_dag']) retrieved from /home/milo/13-airflow/airflowhome/airflowenv/lib/python3.9/site-packages/airflow/example_dags/example_skip_dag.py
[2023-02-04 02:03:59,510] {logging_mixin.py:115} INFO - [2023-02-04 02:03:59,510] {dag.py:2420} INFO - Sync 1 DAGs
[2023-02-04 02:03:59,538] {logging_mixin.py:115} INFO - [2023-02-04 02:03:59,538] {dag.py:2968} INFO - Setting next_dagrun for example_skip_dag to 2023-02-03T07:03:59.537666+00:00, run_after=2023-02-04T07:03:59.537666+00:00
[2023-02-04 02:03:59,562] {processor.py:161} INFO - Processing /home/milo/13-airflow/airflowhome/airflowenv/lib/python3.9/site-packages/airflow/example_dags/example_skip_dag.py took 0.096 seconds
[2023-02-04 02:04:34,221] {processor.py:153} INFO - Started process (PID=7424) to work on /home/milo/13-airflow/airflowhome/airflowenv/lib/python3.9/site-packages/airflow/example_dags/example_skip_dag.py
[2023-02-04 02:04:34,222] {processor.py:641} INFO - Processing file /home/milo/13-airflow/airflowhome/airflowenv/lib/python3.9/site-packages/airflow/example_dags/example_skip_dag.py for tasks to queue
[2023-02-04 02:04:34,223] {logging_mixin.py:115} INFO - [2023-02-04 02:04:34,223] {dagbag.py:508} INFO - Filling up the DagBag from /home/milo/13-airflow/airflowhome/airflowenv/lib/python3.9/site-packages/airflow/example_dags/example_skip_dag.py
[2023-02-04 02:04:34,240] {processor.py:651} INFO - DAG(s) dict_keys(['example_skip_dag']) retrieved from /home/milo/13-airflow/airflowhome/airflowenv/lib/python3.9/site-packages/airflow/example_dags/example_skip_dag.py
[2023-02-04 02:04:34,270] {logging_mixin.py:115} INFO - [2023-02-04 02:04:34,270] {dag.py:2420} INFO - Sync 1 DAGs
[2023-02-04 02:04:34,299] {logging_mixin.py:115} INFO - [2023-02-04 02:04:34,299] {dag.py:2968} INFO - Setting next_dagrun for example_skip_dag to 2023-02-03T07:04:34.298990+00:00, run_after=2023-02-04T07:04:34.298990+00:00
[2023-02-04 02:04:34,322] {processor.py:161} INFO - Processing /home/milo/13-airflow/airflowhome/airflowenv/lib/python3.9/site-packages/airflow/example_dags/example_skip_dag.py took 0.106 seconds
[2023-02-04 02:05:10,297] {processor.py:153} INFO - Started process (PID=7462) to work on /home/milo/13-airflow/airflowhome/airflowenv/lib/python3.9/site-packages/airflow/example_dags/example_skip_dag.py
[2023-02-04 02:05:10,298] {processor.py:641} INFO - Processing file /home/milo/13-airflow/airflowhome/airflowenv/lib/python3.9/site-packages/airflow/example_dags/example_skip_dag.py for tasks to queue
[2023-02-04 02:05:10,299] {logging_mixin.py:115} INFO - [2023-02-04 02:05:10,299] {dagbag.py:508} INFO - Filling up the DagBag from /home/milo/13-airflow/airflowhome/airflowenv/lib/python3.9/site-packages/airflow/example_dags/example_skip_dag.py
[2023-02-04 02:05:10,311] {processor.py:651} INFO - DAG(s) dict_keys(['example_skip_dag']) retrieved from /home/milo/13-airflow/airflowhome/airflowenv/lib/python3.9/site-packages/airflow/example_dags/example_skip_dag.py
[2023-02-04 02:05:10,341] {logging_mixin.py:115} INFO - [2023-02-04 02:05:10,341] {dag.py:2420} INFO - Sync 1 DAGs
[2023-02-04 02:05:10,370] {logging_mixin.py:115} INFO - [2023-02-04 02:05:10,370] {dag.py:2968} INFO - Setting next_dagrun for example_skip_dag to 2023-02-03T07:05:10.370251+00:00, run_after=2023-02-04T07:05:10.370251+00:00
[2023-02-04 02:05:10,394] {processor.py:161} INFO - Processing /home/milo/13-airflow/airflowhome/airflowenv/lib/python3.9/site-packages/airflow/example_dags/example_skip_dag.py took 0.102 seconds
[2023-02-04 02:05:45,534] {processor.py:153} INFO - Started process (PID=7497) to work on /home/milo/13-airflow/airflowhome/airflowenv/lib/python3.9/site-packages/airflow/example_dags/example_skip_dag.py
[2023-02-04 02:05:45,536] {processor.py:641} INFO - Processing file /home/milo/13-airflow/airflowhome/airflowenv/lib/python3.9/site-packages/airflow/example_dags/example_skip_dag.py for tasks to queue
[2023-02-04 02:05:45,537] {logging_mixin.py:115} INFO - [2023-02-04 02:05:45,537] {dagbag.py:508} INFO - Filling up the DagBag from /home/milo/13-airflow/airflowhome/airflowenv/lib/python3.9/site-packages/airflow/example_dags/example_skip_dag.py
[2023-02-04 02:05:45,546] {processor.py:651} INFO - DAG(s) dict_keys(['example_skip_dag']) retrieved from /home/milo/13-airflow/airflowhome/airflowenv/lib/python3.9/site-packages/airflow/example_dags/example_skip_dag.py
[2023-02-04 02:05:45,574] {logging_mixin.py:115} INFO - [2023-02-04 02:05:45,574] {dag.py:2420} INFO - Sync 1 DAGs
[2023-02-04 02:05:45,603] {logging_mixin.py:115} INFO - [2023-02-04 02:05:45,602] {dag.py:2968} INFO - Setting next_dagrun for example_skip_dag to 2023-02-03T07:05:45.602488+00:00, run_after=2023-02-04T07:05:45.602488+00:00
[2023-02-04 02:05:45,623] {processor.py:161} INFO - Processing /home/milo/13-airflow/airflowhome/airflowenv/lib/python3.9/site-packages/airflow/example_dags/example_skip_dag.py took 0.093 seconds
[2023-02-04 02:06:18,922] {processor.py:153} INFO - Started process (PID=7529) to work on /home/milo/13-airflow/airflowhome/airflowenv/lib/python3.9/site-packages/airflow/example_dags/example_skip_dag.py
[2023-02-04 02:06:18,924] {processor.py:641} INFO - Processing file /home/milo/13-airflow/airflowhome/airflowenv/lib/python3.9/site-packages/airflow/example_dags/example_skip_dag.py for tasks to queue
[2023-02-04 02:06:18,925] {logging_mixin.py:115} INFO - [2023-02-04 02:06:18,925] {dagbag.py:508} INFO - Filling up the DagBag from /home/milo/13-airflow/airflowhome/airflowenv/lib/python3.9/site-packages/airflow/example_dags/example_skip_dag.py
[2023-02-04 02:06:18,938] {processor.py:651} INFO - DAG(s) dict_keys(['example_skip_dag']) retrieved from /home/milo/13-airflow/airflowhome/airflowenv/lib/python3.9/site-packages/airflow/example_dags/example_skip_dag.py
[2023-02-04 02:06:18,966] {logging_mixin.py:115} INFO - [2023-02-04 02:06:18,965] {dag.py:2420} INFO - Sync 1 DAGs
[2023-02-04 02:06:18,994] {logging_mixin.py:115} INFO - [2023-02-04 02:06:18,993] {dag.py:2968} INFO - Setting next_dagrun for example_skip_dag to 2023-02-03T07:06:18.993575+00:00, run_after=2023-02-04T07:06:18.993575+00:00
[2023-02-04 02:06:19,014] {processor.py:161} INFO - Processing /home/milo/13-airflow/airflowhome/airflowenv/lib/python3.9/site-packages/airflow/example_dags/example_skip_dag.py took 0.097 seconds
[2023-02-04 02:06:56,997] {processor.py:153} INFO - Started process (PID=7564) to work on /home/milo/13-airflow/airflowhome/airflowenv/lib/python3.9/site-packages/airflow/example_dags/example_skip_dag.py
[2023-02-04 02:06:56,999] {processor.py:641} INFO - Processing file /home/milo/13-airflow/airflowhome/airflowenv/lib/python3.9/site-packages/airflow/example_dags/example_skip_dag.py for tasks to queue
[2023-02-04 02:06:57,000] {logging_mixin.py:115} INFO - [2023-02-04 02:06:56,999] {dagbag.py:508} INFO - Filling up the DagBag from /home/milo/13-airflow/airflowhome/airflowenv/lib/python3.9/site-packages/airflow/example_dags/example_skip_dag.py
[2023-02-04 02:06:57,008] {processor.py:651} INFO - DAG(s) dict_keys(['example_skip_dag']) retrieved from /home/milo/13-airflow/airflowhome/airflowenv/lib/python3.9/site-packages/airflow/example_dags/example_skip_dag.py
[2023-02-04 02:06:57,037] {logging_mixin.py:115} INFO - [2023-02-04 02:06:57,036] {dag.py:2420} INFO - Sync 1 DAGs
[2023-02-04 02:06:57,070] {logging_mixin.py:115} INFO - [2023-02-04 02:06:57,070] {dag.py:2968} INFO - Setting next_dagrun for example_skip_dag to 2023-02-03T07:06:57.069726+00:00, run_after=2023-02-04T07:06:57.069726+00:00
[2023-02-04 02:06:57,091] {processor.py:161} INFO - Processing /home/milo/13-airflow/airflowhome/airflowenv/lib/python3.9/site-packages/airflow/example_dags/example_skip_dag.py took 0.099 seconds
[2023-02-04 02:07:27,969] {processor.py:153} INFO - Started process (PID=7596) to work on /home/milo/13-airflow/airflowhome/airflowenv/lib/python3.9/site-packages/airflow/example_dags/example_skip_dag.py
[2023-02-04 02:07:27,970] {processor.py:641} INFO - Processing file /home/milo/13-airflow/airflowhome/airflowenv/lib/python3.9/site-packages/airflow/example_dags/example_skip_dag.py for tasks to queue
[2023-02-04 02:07:27,971] {logging_mixin.py:115} INFO - [2023-02-04 02:07:27,971] {dagbag.py:508} INFO - Filling up the DagBag from /home/milo/13-airflow/airflowhome/airflowenv/lib/python3.9/site-packages/airflow/example_dags/example_skip_dag.py
[2023-02-04 02:07:27,980] {processor.py:651} INFO - DAG(s) dict_keys(['example_skip_dag']) retrieved from /home/milo/13-airflow/airflowhome/airflowenv/lib/python3.9/site-packages/airflow/example_dags/example_skip_dag.py
[2023-02-04 02:07:28,009] {logging_mixin.py:115} INFO - [2023-02-04 02:07:28,009] {dag.py:2420} INFO - Sync 1 DAGs
[2023-02-04 02:07:28,038] {logging_mixin.py:115} INFO - [2023-02-04 02:07:28,038] {dag.py:2968} INFO - Setting next_dagrun for example_skip_dag to 2023-02-03T07:07:28.038152+00:00, run_after=2023-02-04T07:07:28.038152+00:00
[2023-02-04 02:07:28,059] {processor.py:161} INFO - Processing /home/milo/13-airflow/airflowhome/airflowenv/lib/python3.9/site-packages/airflow/example_dags/example_skip_dag.py took 0.095 seconds
[2023-02-04 02:08:01,536] {processor.py:153} INFO - Started process (PID=7629) to work on /home/milo/13-airflow/airflowhome/airflowenv/lib/python3.9/site-packages/airflow/example_dags/example_skip_dag.py
[2023-02-04 02:08:01,539] {processor.py:641} INFO - Processing file /home/milo/13-airflow/airflowhome/airflowenv/lib/python3.9/site-packages/airflow/example_dags/example_skip_dag.py for tasks to queue
[2023-02-04 02:08:01,543] {logging_mixin.py:115} INFO - [2023-02-04 02:08:01,542] {dagbag.py:508} INFO - Filling up the DagBag from /home/milo/13-airflow/airflowhome/airflowenv/lib/python3.9/site-packages/airflow/example_dags/example_skip_dag.py
[2023-02-04 02:08:01,553] {processor.py:651} INFO - DAG(s) dict_keys(['example_skip_dag']) retrieved from /home/milo/13-airflow/airflowhome/airflowenv/lib/python3.9/site-packages/airflow/example_dags/example_skip_dag.py
[2023-02-04 02:08:01,587] {logging_mixin.py:115} INFO - [2023-02-04 02:08:01,587] {dag.py:2420} INFO - Sync 1 DAGs
[2023-02-04 02:08:01,616] {logging_mixin.py:115} INFO - [2023-02-04 02:08:01,616] {dag.py:2968} INFO - Setting next_dagrun for example_skip_dag to 2023-02-03T07:08:01.616279+00:00, run_after=2023-02-04T07:08:01.616279+00:00
[2023-02-04 02:08:01,643] {processor.py:161} INFO - Processing /home/milo/13-airflow/airflowhome/airflowenv/lib/python3.9/site-packages/airflow/example_dags/example_skip_dag.py took 0.112 seconds
[2023-02-04 02:08:38,227] {processor.py:153} INFO - Started process (PID=7664) to work on /home/milo/13-airflow/airflowhome/airflowenv/lib/python3.9/site-packages/airflow/example_dags/example_skip_dag.py
[2023-02-04 02:08:38,231] {processor.py:641} INFO - Processing file /home/milo/13-airflow/airflowhome/airflowenv/lib/python3.9/site-packages/airflow/example_dags/example_skip_dag.py for tasks to queue
[2023-02-04 02:08:38,232] {logging_mixin.py:115} INFO - [2023-02-04 02:08:38,232] {dagbag.py:508} INFO - Filling up the DagBag from /home/milo/13-airflow/airflowhome/airflowenv/lib/python3.9/site-packages/airflow/example_dags/example_skip_dag.py
[2023-02-04 02:08:38,243] {processor.py:651} INFO - DAG(s) dict_keys(['example_skip_dag']) retrieved from /home/milo/13-airflow/airflowhome/airflowenv/lib/python3.9/site-packages/airflow/example_dags/example_skip_dag.py
[2023-02-04 02:08:38,271] {logging_mixin.py:115} INFO - [2023-02-04 02:08:38,271] {dag.py:2420} INFO - Sync 1 DAGs
[2023-02-04 02:08:38,301] {logging_mixin.py:115} INFO - [2023-02-04 02:08:38,301] {dag.py:2968} INFO - Setting next_dagrun for example_skip_dag to 2023-02-03T07:08:38.300850+00:00, run_after=2023-02-04T07:08:38.300850+00:00
[2023-02-04 02:08:38,343] {processor.py:161} INFO - Processing /home/milo/13-airflow/airflowhome/airflowenv/lib/python3.9/site-packages/airflow/example_dags/example_skip_dag.py took 0.121 seconds
[2023-02-04 02:09:09,928] {processor.py:153} INFO - Started process (PID=7729) to work on /home/milo/13-airflow/airflowhome/airflowenv/lib/python3.9/site-packages/airflow/example_dags/example_skip_dag.py
[2023-02-04 02:09:09,929] {processor.py:641} INFO - Processing file /home/milo/13-airflow/airflowhome/airflowenv/lib/python3.9/site-packages/airflow/example_dags/example_skip_dag.py for tasks to queue
[2023-02-04 02:09:09,930] {logging_mixin.py:115} INFO - [2023-02-04 02:09:09,929] {dagbag.py:508} INFO - Filling up the DagBag from /home/milo/13-airflow/airflowhome/airflowenv/lib/python3.9/site-packages/airflow/example_dags/example_skip_dag.py
[2023-02-04 02:09:09,938] {processor.py:651} INFO - DAG(s) dict_keys(['example_skip_dag']) retrieved from /home/milo/13-airflow/airflowhome/airflowenv/lib/python3.9/site-packages/airflow/example_dags/example_skip_dag.py
[2023-02-04 02:09:09,966] {logging_mixin.py:115} INFO - [2023-02-04 02:09:09,966] {dag.py:2420} INFO - Sync 1 DAGs
[2023-02-04 02:09:09,994] {logging_mixin.py:115} INFO - [2023-02-04 02:09:09,994] {dag.py:2968} INFO - Setting next_dagrun for example_skip_dag to 2023-02-03T07:09:09.994338+00:00, run_after=2023-02-04T07:09:09.994338+00:00
[2023-02-04 02:09:10,014] {processor.py:161} INFO - Processing /home/milo/13-airflow/airflowhome/airflowenv/lib/python3.9/site-packages/airflow/example_dags/example_skip_dag.py took 0.091 seconds
[2023-02-04 02:12:14,041] {processor.py:153} INFO - Started process (PID=7802) to work on /home/milo/13-airflow/airflowhome/airflowenv/lib/python3.9/site-packages/airflow/example_dags/example_skip_dag.py
[2023-02-04 02:12:14,043] {processor.py:641} INFO - Processing file /home/milo/13-airflow/airflowhome/airflowenv/lib/python3.9/site-packages/airflow/example_dags/example_skip_dag.py for tasks to queue
[2023-02-04 02:12:14,044] {logging_mixin.py:115} INFO - [2023-02-04 02:12:14,043] {dagbag.py:508} INFO - Filling up the DagBag from /home/milo/13-airflow/airflowhome/airflowenv/lib/python3.9/site-packages/airflow/example_dags/example_skip_dag.py
[2023-02-04 02:12:14,053] {processor.py:651} INFO - DAG(s) dict_keys(['example_skip_dag']) retrieved from /home/milo/13-airflow/airflowhome/airflowenv/lib/python3.9/site-packages/airflow/example_dags/example_skip_dag.py
[2023-02-04 02:12:14,090] {logging_mixin.py:115} INFO - [2023-02-04 02:12:14,090] {dag.py:2420} INFO - Sync 1 DAGs
[2023-02-04 02:12:14,119] {logging_mixin.py:115} INFO - [2023-02-04 02:12:14,119] {dag.py:2968} INFO - Setting next_dagrun for example_skip_dag to 2023-02-03T07:12:14.119338+00:00, run_after=2023-02-04T07:12:14.119338+00:00
[2023-02-04 02:12:14,141] {processor.py:161} INFO - Processing /home/milo/13-airflow/airflowhome/airflowenv/lib/python3.9/site-packages/airflow/example_dags/example_skip_dag.py took 0.105 seconds
[2023-02-04 02:21:59,852] {processor.py:153} INFO - Started process (PID=7886) to work on /home/milo/13-airflow/airflowhome/airflowenv/lib/python3.9/site-packages/airflow/example_dags/example_skip_dag.py
[2023-02-04 02:21:59,853] {processor.py:641} INFO - Processing file /home/milo/13-airflow/airflowhome/airflowenv/lib/python3.9/site-packages/airflow/example_dags/example_skip_dag.py for tasks to queue
[2023-02-04 02:21:59,864] {logging_mixin.py:115} INFO - [2023-02-04 02:21:59,864] {dagbag.py:508} INFO - Filling up the DagBag from /home/milo/13-airflow/airflowhome/airflowenv/lib/python3.9/site-packages/airflow/example_dags/example_skip_dag.py
[2023-02-04 02:21:59,872] {processor.py:651} INFO - DAG(s) dict_keys(['example_skip_dag']) retrieved from /home/milo/13-airflow/airflowhome/airflowenv/lib/python3.9/site-packages/airflow/example_dags/example_skip_dag.py
[2023-02-04 02:21:59,903] {logging_mixin.py:115} INFO - [2023-02-04 02:21:59,903] {dag.py:2420} INFO - Sync 1 DAGs
[2023-02-04 02:21:59,933] {logging_mixin.py:115} INFO - [2023-02-04 02:21:59,932] {dag.py:2968} INFO - Setting next_dagrun for example_skip_dag to 2023-02-03T07:21:59.932419+00:00, run_after=2023-02-04T07:21:59.932419+00:00
[2023-02-04 02:21:59,953] {processor.py:161} INFO - Processing /home/milo/13-airflow/airflowhome/airflowenv/lib/python3.9/site-packages/airflow/example_dags/example_skip_dag.py took 0.108 seconds
