[2023-02-04 01:53:15,192] {processor.py:153} INFO - Started process (PID=6602) to work on /home/milo/13-airflow/airflowhome/airflowenv/lib/python3.9/site-packages/airflow/example_dags/example_latest_only.py
[2023-02-04 01:53:15,193] {processor.py:641} INFO - Processing file /home/milo/13-airflow/airflowhome/airflowenv/lib/python3.9/site-packages/airflow/example_dags/example_latest_only.py for tasks to queue
[2023-02-04 01:53:15,194] {logging_mixin.py:115} INFO - [2023-02-04 01:53:15,194] {dagbag.py:508} INFO - Filling up the DagBag from /home/milo/13-airflow/airflowhome/airflowenv/lib/python3.9/site-packages/airflow/example_dags/example_latest_only.py
[2023-02-04 01:53:15,204] {processor.py:651} INFO - DAG(s) dict_keys(['latest_only']) retrieved from /home/milo/13-airflow/airflowhome/airflowenv/lib/python3.9/site-packages/airflow/example_dags/example_latest_only.py
[2023-02-04 01:53:18,208] {logging_mixin.py:115} INFO - [2023-02-04 01:53:18,207] {manager.py:508} INFO - Created Permission View: can read on DAG:latest_only
[2023-02-04 01:53:18,224] {logging_mixin.py:115} INFO - [2023-02-04 01:53:18,224] {manager.py:508} INFO - Created Permission View: can edit on DAG:latest_only
[2023-02-04 01:53:18,257] {logging_mixin.py:115} INFO - [2023-02-04 01:53:18,256] {manager.py:508} INFO - Created Permission View: can delete on DAG:latest_only
[2023-02-04 01:53:18,257] {logging_mixin.py:115} INFO - [2023-02-04 01:53:18,257] {dag.py:2420} INFO - Sync 1 DAGs
[2023-02-04 01:53:18,269] {logging_mixin.py:115} INFO - [2023-02-04 01:53:18,269] {dag.py:2439} INFO - Creating ORM DAG for latest_only
[2023-02-04 01:53:18,283] {logging_mixin.py:115} INFO - [2023-02-04 01:53:18,282] {dag.py:2968} INFO - Setting next_dagrun for latest_only to 2023-02-04T02:53:18.282389+00:00, run_after=2023-02-04T06:53:18.282389+00:00
[2023-02-04 01:53:18,303] {processor.py:161} INFO - Processing /home/milo/13-airflow/airflowhome/airflowenv/lib/python3.9/site-packages/airflow/example_dags/example_latest_only.py took 3.116 seconds
[2023-02-04 01:54:03,427] {processor.py:153} INFO - Started process (PID=6645) to work on /home/milo/13-airflow/airflowhome/airflowenv/lib/python3.9/site-packages/airflow/example_dags/example_latest_only.py
[2023-02-04 01:54:03,428] {processor.py:641} INFO - Processing file /home/milo/13-airflow/airflowhome/airflowenv/lib/python3.9/site-packages/airflow/example_dags/example_latest_only.py for tasks to queue
[2023-02-04 01:54:03,429] {logging_mixin.py:115} INFO - [2023-02-04 01:54:03,429] {dagbag.py:508} INFO - Filling up the DagBag from /home/milo/13-airflow/airflowhome/airflowenv/lib/python3.9/site-packages/airflow/example_dags/example_latest_only.py
[2023-02-04 01:54:03,438] {processor.py:651} INFO - DAG(s) dict_keys(['latest_only']) retrieved from /home/milo/13-airflow/airflowhome/airflowenv/lib/python3.9/site-packages/airflow/example_dags/example_latest_only.py
[2023-02-04 01:54:03,464] {logging_mixin.py:115} INFO - [2023-02-04 01:54:03,464] {dag.py:2420} INFO - Sync 1 DAGs
[2023-02-04 01:54:03,493] {logging_mixin.py:115} INFO - [2023-02-04 01:54:03,493] {dag.py:2968} INFO - Setting next_dagrun for latest_only to 2023-02-04T02:54:03.492626+00:00, run_after=2023-02-04T06:54:03.492626+00:00
[2023-02-04 01:54:03,513] {processor.py:161} INFO - Processing /home/milo/13-airflow/airflowhome/airflowenv/lib/python3.9/site-packages/airflow/example_dags/example_latest_only.py took 0.091 seconds
[2023-02-04 01:54:50,572] {processor.py:153} INFO - Started process (PID=6685) to work on /home/milo/13-airflow/airflowhome/airflowenv/lib/python3.9/site-packages/airflow/example_dags/example_latest_only.py
[2023-02-04 01:54:50,573] {processor.py:641} INFO - Processing file /home/milo/13-airflow/airflowhome/airflowenv/lib/python3.9/site-packages/airflow/example_dags/example_latest_only.py for tasks to queue
[2023-02-04 01:54:50,574] {logging_mixin.py:115} INFO - [2023-02-04 01:54:50,574] {dagbag.py:508} INFO - Filling up the DagBag from /home/milo/13-airflow/airflowhome/airflowenv/lib/python3.9/site-packages/airflow/example_dags/example_latest_only.py
[2023-02-04 01:54:50,587] {processor.py:651} INFO - DAG(s) dict_keys(['latest_only']) retrieved from /home/milo/13-airflow/airflowhome/airflowenv/lib/python3.9/site-packages/airflow/example_dags/example_latest_only.py
[2023-02-04 01:54:50,616] {logging_mixin.py:115} INFO - [2023-02-04 01:54:50,615] {dag.py:2420} INFO - Sync 1 DAGs
[2023-02-04 01:54:50,652] {logging_mixin.py:115} INFO - [2023-02-04 01:54:50,652] {dag.py:2968} INFO - Setting next_dagrun for latest_only to 2023-02-04T02:54:50.651742+00:00, run_after=2023-02-04T06:54:50.651742+00:00
[2023-02-04 01:54:50,675] {processor.py:161} INFO - Processing /home/milo/13-airflow/airflowhome/airflowenv/lib/python3.9/site-packages/airflow/example_dags/example_latest_only.py took 0.108 seconds
[2023-02-04 01:55:40,752] {processor.py:153} INFO - Started process (PID=6724) to work on /home/milo/13-airflow/airflowhome/airflowenv/lib/python3.9/site-packages/airflow/example_dags/example_latest_only.py
[2023-02-04 01:55:40,754] {processor.py:641} INFO - Processing file /home/milo/13-airflow/airflowhome/airflowenv/lib/python3.9/site-packages/airflow/example_dags/example_latest_only.py for tasks to queue
[2023-02-04 01:55:40,755] {logging_mixin.py:115} INFO - [2023-02-04 01:55:40,755] {dagbag.py:508} INFO - Filling up the DagBag from /home/milo/13-airflow/airflowhome/airflowenv/lib/python3.9/site-packages/airflow/example_dags/example_latest_only.py
[2023-02-04 01:55:40,763] {processor.py:651} INFO - DAG(s) dict_keys(['latest_only']) retrieved from /home/milo/13-airflow/airflowhome/airflowenv/lib/python3.9/site-packages/airflow/example_dags/example_latest_only.py
[2023-02-04 01:55:40,789] {logging_mixin.py:115} INFO - [2023-02-04 01:55:40,789] {dag.py:2420} INFO - Sync 1 DAGs
[2023-02-04 01:55:40,818] {logging_mixin.py:115} INFO - [2023-02-04 01:55:40,818] {dag.py:2968} INFO - Setting next_dagrun for latest_only to 2023-02-04T02:55:40.817786+00:00, run_after=2023-02-04T06:55:40.817786+00:00
[2023-02-04 01:55:41,456] {processor.py:161} INFO - Processing /home/milo/13-airflow/airflowhome/airflowenv/lib/python3.9/site-packages/airflow/example_dags/example_latest_only.py took 0.709 seconds
[2023-02-04 01:56:29,508] {processor.py:153} INFO - Started process (PID=6757) to work on /home/milo/13-airflow/airflowhome/airflowenv/lib/python3.9/site-packages/airflow/example_dags/example_latest_only.py
[2023-02-04 01:56:29,510] {processor.py:641} INFO - Processing file /home/milo/13-airflow/airflowhome/airflowenv/lib/python3.9/site-packages/airflow/example_dags/example_latest_only.py for tasks to queue
[2023-02-04 01:56:29,511] {logging_mixin.py:115} INFO - [2023-02-04 01:56:29,511] {dagbag.py:508} INFO - Filling up the DagBag from /home/milo/13-airflow/airflowhome/airflowenv/lib/python3.9/site-packages/airflow/example_dags/example_latest_only.py
[2023-02-04 01:56:29,519] {processor.py:651} INFO - DAG(s) dict_keys(['latest_only']) retrieved from /home/milo/13-airflow/airflowhome/airflowenv/lib/python3.9/site-packages/airflow/example_dags/example_latest_only.py
[2023-02-04 01:56:29,546] {logging_mixin.py:115} INFO - [2023-02-04 01:56:29,546] {dag.py:2420} INFO - Sync 1 DAGs
[2023-02-04 01:56:29,576] {logging_mixin.py:115} INFO - [2023-02-04 01:56:29,576] {dag.py:2968} INFO - Setting next_dagrun for latest_only to 2023-02-04T02:56:29.575839+00:00, run_after=2023-02-04T06:56:29.575839+00:00
[2023-02-04 01:56:29,596] {processor.py:161} INFO - Processing /home/milo/13-airflow/airflowhome/airflowenv/lib/python3.9/site-packages/airflow/example_dags/example_latest_only.py took 0.092 seconds
[2023-02-04 01:57:16,620] {processor.py:153} INFO - Started process (PID=6793) to work on /home/milo/13-airflow/airflowhome/airflowenv/lib/python3.9/site-packages/airflow/example_dags/example_latest_only.py
[2023-02-04 01:57:16,622] {processor.py:641} INFO - Processing file /home/milo/13-airflow/airflowhome/airflowenv/lib/python3.9/site-packages/airflow/example_dags/example_latest_only.py for tasks to queue
[2023-02-04 01:57:16,623] {logging_mixin.py:115} INFO - [2023-02-04 01:57:16,623] {dagbag.py:508} INFO - Filling up the DagBag from /home/milo/13-airflow/airflowhome/airflowenv/lib/python3.9/site-packages/airflow/example_dags/example_latest_only.py
[2023-02-04 01:57:16,631] {processor.py:651} INFO - DAG(s) dict_keys(['latest_only']) retrieved from /home/milo/13-airflow/airflowhome/airflowenv/lib/python3.9/site-packages/airflow/example_dags/example_latest_only.py
[2023-02-04 01:57:16,657] {logging_mixin.py:115} INFO - [2023-02-04 01:57:16,657] {dag.py:2420} INFO - Sync 1 DAGs
[2023-02-04 01:57:16,685] {logging_mixin.py:115} INFO - [2023-02-04 01:57:16,685] {dag.py:2968} INFO - Setting next_dagrun for latest_only to 2023-02-04T02:57:16.684866+00:00, run_after=2023-02-04T06:57:16.684866+00:00
[2023-02-04 01:57:16,705] {processor.py:161} INFO - Processing /home/milo/13-airflow/airflowhome/airflowenv/lib/python3.9/site-packages/airflow/example_dags/example_latest_only.py took 0.090 seconds
[2023-02-04 01:57:50,919] {processor.py:153} INFO - Started process (PID=7003) to work on /home/milo/13-airflow/airflowhome/airflowenv/lib/python3.9/site-packages/airflow/example_dags/example_latest_only.py
[2023-02-04 01:57:50,921] {processor.py:641} INFO - Processing file /home/milo/13-airflow/airflowhome/airflowenv/lib/python3.9/site-packages/airflow/example_dags/example_latest_only.py for tasks to queue
[2023-02-04 01:57:50,922] {logging_mixin.py:115} INFO - [2023-02-04 01:57:50,922] {dagbag.py:508} INFO - Filling up the DagBag from /home/milo/13-airflow/airflowhome/airflowenv/lib/python3.9/site-packages/airflow/example_dags/example_latest_only.py
[2023-02-04 01:57:50,931] {processor.py:651} INFO - DAG(s) dict_keys(['latest_only']) retrieved from /home/milo/13-airflow/airflowhome/airflowenv/lib/python3.9/site-packages/airflow/example_dags/example_latest_only.py
[2023-02-04 01:57:50,958] {logging_mixin.py:115} INFO - [2023-02-04 01:57:50,958] {dag.py:2420} INFO - Sync 1 DAGs
[2023-02-04 01:57:50,986] {logging_mixin.py:115} INFO - [2023-02-04 01:57:50,986] {dag.py:2968} INFO - Setting next_dagrun for latest_only to 2023-02-04T02:57:50.986221+00:00, run_after=2023-02-04T06:57:50.986221+00:00
[2023-02-04 01:57:51,006] {processor.py:161} INFO - Processing /home/milo/13-airflow/airflowhome/airflowenv/lib/python3.9/site-packages/airflow/example_dags/example_latest_only.py took 0.117 seconds
[2023-02-04 01:58:26,619] {processor.py:153} INFO - Started process (PID=7056) to work on /home/milo/13-airflow/airflowhome/airflowenv/lib/python3.9/site-packages/airflow/example_dags/example_latest_only.py
[2023-02-04 01:58:26,621] {processor.py:641} INFO - Processing file /home/milo/13-airflow/airflowhome/airflowenv/lib/python3.9/site-packages/airflow/example_dags/example_latest_only.py for tasks to queue
[2023-02-04 01:58:26,622] {logging_mixin.py:115} INFO - [2023-02-04 01:58:26,622] {dagbag.py:508} INFO - Filling up the DagBag from /home/milo/13-airflow/airflowhome/airflowenv/lib/python3.9/site-packages/airflow/example_dags/example_latest_only.py
[2023-02-04 01:58:26,631] {processor.py:651} INFO - DAG(s) dict_keys(['latest_only']) retrieved from /home/milo/13-airflow/airflowhome/airflowenv/lib/python3.9/site-packages/airflow/example_dags/example_latest_only.py
[2023-02-04 01:58:26,658] {logging_mixin.py:115} INFO - [2023-02-04 01:58:26,658] {dag.py:2420} INFO - Sync 1 DAGs
[2023-02-04 01:58:26,688] {logging_mixin.py:115} INFO - [2023-02-04 01:58:26,688] {dag.py:2968} INFO - Setting next_dagrun for latest_only to 2023-02-04T02:58:26.688039+00:00, run_after=2023-02-04T06:58:26.688039+00:00
[2023-02-04 01:58:26,708] {processor.py:161} INFO - Processing /home/milo/13-airflow/airflowhome/airflowenv/lib/python3.9/site-packages/airflow/example_dags/example_latest_only.py took 0.094 seconds
[2023-02-04 01:59:02,613] {processor.py:153} INFO - Started process (PID=7092) to work on /home/milo/13-airflow/airflowhome/airflowenv/lib/python3.9/site-packages/airflow/example_dags/example_latest_only.py
[2023-02-04 01:59:02,617] {processor.py:641} INFO - Processing file /home/milo/13-airflow/airflowhome/airflowenv/lib/python3.9/site-packages/airflow/example_dags/example_latest_only.py for tasks to queue
[2023-02-04 01:59:02,618] {logging_mixin.py:115} INFO - [2023-02-04 01:59:02,618] {dagbag.py:508} INFO - Filling up the DagBag from /home/milo/13-airflow/airflowhome/airflowenv/lib/python3.9/site-packages/airflow/example_dags/example_latest_only.py
[2023-02-04 01:59:02,627] {processor.py:651} INFO - DAG(s) dict_keys(['latest_only']) retrieved from /home/milo/13-airflow/airflowhome/airflowenv/lib/python3.9/site-packages/airflow/example_dags/example_latest_only.py
[2023-02-04 01:59:02,653] {logging_mixin.py:115} INFO - [2023-02-04 01:59:02,653] {dag.py:2420} INFO - Sync 1 DAGs
[2023-02-04 01:59:02,682] {logging_mixin.py:115} INFO - [2023-02-04 01:59:02,682] {dag.py:2968} INFO - Setting next_dagrun for latest_only to 2023-02-04T02:59:02.682126+00:00, run_after=2023-02-04T06:59:02.682126+00:00
[2023-02-04 01:59:02,702] {processor.py:161} INFO - Processing /home/milo/13-airflow/airflowhome/airflowenv/lib/python3.9/site-packages/airflow/example_dags/example_latest_only.py took 0.094 seconds
[2023-02-04 01:59:35,273] {processor.py:153} INFO - Started process (PID=7125) to work on /home/milo/13-airflow/airflowhome/airflowenv/lib/python3.9/site-packages/airflow/example_dags/example_latest_only.py
[2023-02-04 01:59:35,274] {processor.py:641} INFO - Processing file /home/milo/13-airflow/airflowhome/airflowenv/lib/python3.9/site-packages/airflow/example_dags/example_latest_only.py for tasks to queue
[2023-02-04 01:59:35,275] {logging_mixin.py:115} INFO - [2023-02-04 01:59:35,275] {dagbag.py:508} INFO - Filling up the DagBag from /home/milo/13-airflow/airflowhome/airflowenv/lib/python3.9/site-packages/airflow/example_dags/example_latest_only.py
[2023-02-04 01:59:35,284] {processor.py:651} INFO - DAG(s) dict_keys(['latest_only']) retrieved from /home/milo/13-airflow/airflowhome/airflowenv/lib/python3.9/site-packages/airflow/example_dags/example_latest_only.py
[2023-02-04 01:59:35,311] {logging_mixin.py:115} INFO - [2023-02-04 01:59:35,310] {dag.py:2420} INFO - Sync 1 DAGs
[2023-02-04 01:59:35,339] {logging_mixin.py:115} INFO - [2023-02-04 01:59:35,339] {dag.py:2968} INFO - Setting next_dagrun for latest_only to 2023-02-04T02:59:35.339044+00:00, run_after=2023-02-04T06:59:35.339044+00:00
[2023-02-04 01:59:35,361] {processor.py:161} INFO - Processing /home/milo/13-airflow/airflowhome/airflowenv/lib/python3.9/site-packages/airflow/example_dags/example_latest_only.py took 0.093 seconds
[2023-02-04 02:00:12,762] {processor.py:153} INFO - Started process (PID=7164) to work on /home/milo/13-airflow/airflowhome/airflowenv/lib/python3.9/site-packages/airflow/example_dags/example_latest_only.py
[2023-02-04 02:00:12,764] {processor.py:641} INFO - Processing file /home/milo/13-airflow/airflowhome/airflowenv/lib/python3.9/site-packages/airflow/example_dags/example_latest_only.py for tasks to queue
[2023-02-04 02:00:12,765] {logging_mixin.py:115} INFO - [2023-02-04 02:00:12,765] {dagbag.py:508} INFO - Filling up the DagBag from /home/milo/13-airflow/airflowhome/airflowenv/lib/python3.9/site-packages/airflow/example_dags/example_latest_only.py
[2023-02-04 02:00:12,773] {processor.py:651} INFO - DAG(s) dict_keys(['latest_only']) retrieved from /home/milo/13-airflow/airflowhome/airflowenv/lib/python3.9/site-packages/airflow/example_dags/example_latest_only.py
[2023-02-04 02:00:12,801] {logging_mixin.py:115} INFO - [2023-02-04 02:00:12,801] {dag.py:2420} INFO - Sync 1 DAGs
[2023-02-04 02:00:12,830] {logging_mixin.py:115} INFO - [2023-02-04 02:00:12,830] {dag.py:2968} INFO - Setting next_dagrun for latest_only to 2023-02-04T03:00:12.829984+00:00, run_after=2023-02-04T07:00:12.829984+00:00
[2023-02-04 02:00:12,850] {processor.py:161} INFO - Processing /home/milo/13-airflow/airflowhome/airflowenv/lib/python3.9/site-packages/airflow/example_dags/example_latest_only.py took 0.093 seconds
[2023-02-04 02:00:46,909] {processor.py:153} INFO - Started process (PID=7197) to work on /home/milo/13-airflow/airflowhome/airflowenv/lib/python3.9/site-packages/airflow/example_dags/example_latest_only.py
[2023-02-04 02:00:46,910] {processor.py:641} INFO - Processing file /home/milo/13-airflow/airflowhome/airflowenv/lib/python3.9/site-packages/airflow/example_dags/example_latest_only.py for tasks to queue
[2023-02-04 02:00:46,911] {logging_mixin.py:115} INFO - [2023-02-04 02:00:46,911] {dagbag.py:508} INFO - Filling up the DagBag from /home/milo/13-airflow/airflowhome/airflowenv/lib/python3.9/site-packages/airflow/example_dags/example_latest_only.py
[2023-02-04 02:00:46,920] {processor.py:651} INFO - DAG(s) dict_keys(['latest_only']) retrieved from /home/milo/13-airflow/airflowhome/airflowenv/lib/python3.9/site-packages/airflow/example_dags/example_latest_only.py
[2023-02-04 02:00:46,945] {logging_mixin.py:115} INFO - [2023-02-04 02:00:46,945] {dag.py:2420} INFO - Sync 1 DAGs
[2023-02-04 02:00:46,973] {logging_mixin.py:115} INFO - [2023-02-04 02:00:46,973] {dag.py:2968} INFO - Setting next_dagrun for latest_only to 2023-02-04T03:00:46.973064+00:00, run_after=2023-02-04T07:00:46.973064+00:00
[2023-02-04 02:00:46,994] {processor.py:161} INFO - Processing /home/milo/13-airflow/airflowhome/airflowenv/lib/python3.9/site-packages/airflow/example_dags/example_latest_only.py took 0.090 seconds
[2023-02-04 02:01:21,535] {processor.py:153} INFO - Started process (PID=7232) to work on /home/milo/13-airflow/airflowhome/airflowenv/lib/python3.9/site-packages/airflow/example_dags/example_latest_only.py
[2023-02-04 02:01:21,536] {processor.py:641} INFO - Processing file /home/milo/13-airflow/airflowhome/airflowenv/lib/python3.9/site-packages/airflow/example_dags/example_latest_only.py for tasks to queue
[2023-02-04 02:01:21,537] {logging_mixin.py:115} INFO - [2023-02-04 02:01:21,537] {dagbag.py:508} INFO - Filling up the DagBag from /home/milo/13-airflow/airflowhome/airflowenv/lib/python3.9/site-packages/airflow/example_dags/example_latest_only.py
[2023-02-04 02:01:21,546] {processor.py:651} INFO - DAG(s) dict_keys(['latest_only']) retrieved from /home/milo/13-airflow/airflowhome/airflowenv/lib/python3.9/site-packages/airflow/example_dags/example_latest_only.py
[2023-02-04 02:01:21,572] {logging_mixin.py:115} INFO - [2023-02-04 02:01:21,572] {dag.py:2420} INFO - Sync 1 DAGs
[2023-02-04 02:01:21,600] {logging_mixin.py:115} INFO - [2023-02-04 02:01:21,600] {dag.py:2968} INFO - Setting next_dagrun for latest_only to 2023-02-04T03:01:21.600155+00:00, run_after=2023-02-04T07:01:21.600155+00:00
[2023-02-04 02:01:21,621] {processor.py:161} INFO - Processing /home/milo/13-airflow/airflowhome/airflowenv/lib/python3.9/site-packages/airflow/example_dags/example_latest_only.py took 0.092 seconds
[2023-02-04 02:01:58,340] {processor.py:153} INFO - Started process (PID=7270) to work on /home/milo/13-airflow/airflowhome/airflowenv/lib/python3.9/site-packages/airflow/example_dags/example_latest_only.py
[2023-02-04 02:01:58,342] {processor.py:641} INFO - Processing file /home/milo/13-airflow/airflowhome/airflowenv/lib/python3.9/site-packages/airflow/example_dags/example_latest_only.py for tasks to queue
[2023-02-04 02:01:58,343] {logging_mixin.py:115} INFO - [2023-02-04 02:01:58,343] {dagbag.py:508} INFO - Filling up the DagBag from /home/milo/13-airflow/airflowhome/airflowenv/lib/python3.9/site-packages/airflow/example_dags/example_latest_only.py
[2023-02-04 02:01:58,351] {processor.py:651} INFO - DAG(s) dict_keys(['latest_only']) retrieved from /home/milo/13-airflow/airflowhome/airflowenv/lib/python3.9/site-packages/airflow/example_dags/example_latest_only.py
[2023-02-04 02:01:58,378] {logging_mixin.py:115} INFO - [2023-02-04 02:01:58,378] {dag.py:2420} INFO - Sync 1 DAGs
[2023-02-04 02:01:58,409] {logging_mixin.py:115} INFO - [2023-02-04 02:01:58,409] {dag.py:2968} INFO - Setting next_dagrun for latest_only to 2023-02-04T03:01:58.409320+00:00, run_after=2023-02-04T07:01:58.409320+00:00
[2023-02-04 02:01:58,431] {processor.py:161} INFO - Processing /home/milo/13-airflow/airflowhome/airflowenv/lib/python3.9/site-packages/airflow/example_dags/example_latest_only.py took 0.096 seconds
[2023-02-04 02:02:31,993] {processor.py:153} INFO - Started process (PID=7303) to work on /home/milo/13-airflow/airflowhome/airflowenv/lib/python3.9/site-packages/airflow/example_dags/example_latest_only.py
[2023-02-04 02:02:31,995] {processor.py:641} INFO - Processing file /home/milo/13-airflow/airflowhome/airflowenv/lib/python3.9/site-packages/airflow/example_dags/example_latest_only.py for tasks to queue
[2023-02-04 02:02:32,003] {logging_mixin.py:115} INFO - [2023-02-04 02:02:32,002] {dagbag.py:508} INFO - Filling up the DagBag from /home/milo/13-airflow/airflowhome/airflowenv/lib/python3.9/site-packages/airflow/example_dags/example_latest_only.py
[2023-02-04 02:02:32,011] {processor.py:651} INFO - DAG(s) dict_keys(['latest_only']) retrieved from /home/milo/13-airflow/airflowhome/airflowenv/lib/python3.9/site-packages/airflow/example_dags/example_latest_only.py
[2023-02-04 02:02:32,062] {logging_mixin.py:115} INFO - [2023-02-04 02:02:32,062] {dag.py:2420} INFO - Sync 1 DAGs
[2023-02-04 02:02:32,090] {logging_mixin.py:115} INFO - [2023-02-04 02:02:32,090] {dag.py:2968} INFO - Setting next_dagrun for latest_only to 2023-02-04T03:02:32.089691+00:00, run_after=2023-02-04T07:02:32.089691+00:00
[2023-02-04 02:02:32,110] {processor.py:161} INFO - Processing /home/milo/13-airflow/airflowhome/airflowenv/lib/python3.9/site-packages/airflow/example_dags/example_latest_only.py took 0.122 seconds
[2023-02-04 02:03:06,245] {processor.py:153} INFO - Started process (PID=7338) to work on /home/milo/13-airflow/airflowhome/airflowenv/lib/python3.9/site-packages/airflow/example_dags/example_latest_only.py
[2023-02-04 02:03:06,247] {processor.py:641} INFO - Processing file /home/milo/13-airflow/airflowhome/airflowenv/lib/python3.9/site-packages/airflow/example_dags/example_latest_only.py for tasks to queue
[2023-02-04 02:03:06,248] {logging_mixin.py:115} INFO - [2023-02-04 02:03:06,248] {dagbag.py:508} INFO - Filling up the DagBag from /home/milo/13-airflow/airflowhome/airflowenv/lib/python3.9/site-packages/airflow/example_dags/example_latest_only.py
[2023-02-04 02:03:06,256] {processor.py:651} INFO - DAG(s) dict_keys(['latest_only']) retrieved from /home/milo/13-airflow/airflowhome/airflowenv/lib/python3.9/site-packages/airflow/example_dags/example_latest_only.py
[2023-02-04 02:03:06,282] {logging_mixin.py:115} INFO - [2023-02-04 02:03:06,282] {dag.py:2420} INFO - Sync 1 DAGs
[2023-02-04 02:03:06,310] {logging_mixin.py:115} INFO - [2023-02-04 02:03:06,310] {dag.py:2968} INFO - Setting next_dagrun for latest_only to 2023-02-04T03:03:06.310304+00:00, run_after=2023-02-04T07:03:06.310304+00:00
[2023-02-04 02:03:06,330] {processor.py:161} INFO - Processing /home/milo/13-airflow/airflowhome/airflowenv/lib/python3.9/site-packages/airflow/example_dags/example_latest_only.py took 0.090 seconds
[2023-02-04 02:03:40,186] {processor.py:153} INFO - Started process (PID=7371) to work on /home/milo/13-airflow/airflowhome/airflowenv/lib/python3.9/site-packages/airflow/example_dags/example_latest_only.py
[2023-02-04 02:03:40,187] {processor.py:641} INFO - Processing file /home/milo/13-airflow/airflowhome/airflowenv/lib/python3.9/site-packages/airflow/example_dags/example_latest_only.py for tasks to queue
[2023-02-04 02:03:40,188] {logging_mixin.py:115} INFO - [2023-02-04 02:03:40,188] {dagbag.py:508} INFO - Filling up the DagBag from /home/milo/13-airflow/airflowhome/airflowenv/lib/python3.9/site-packages/airflow/example_dags/example_latest_only.py
[2023-02-04 02:03:40,196] {processor.py:651} INFO - DAG(s) dict_keys(['latest_only']) retrieved from /home/milo/13-airflow/airflowhome/airflowenv/lib/python3.9/site-packages/airflow/example_dags/example_latest_only.py
[2023-02-04 02:03:40,233] {logging_mixin.py:115} INFO - [2023-02-04 02:03:40,232] {dag.py:2420} INFO - Sync 1 DAGs
[2023-02-04 02:03:40,263] {logging_mixin.py:115} INFO - [2023-02-04 02:03:40,263] {dag.py:2968} INFO - Setting next_dagrun for latest_only to 2023-02-04T03:03:40.262927+00:00, run_after=2023-02-04T07:03:40.262927+00:00
[2023-02-04 02:03:40,283] {processor.py:161} INFO - Processing /home/milo/13-airflow/airflowhome/airflowenv/lib/python3.9/site-packages/airflow/example_dags/example_latest_only.py took 0.113 seconds
[2023-02-04 02:04:13,727] {processor.py:153} INFO - Started process (PID=7404) to work on /home/milo/13-airflow/airflowhome/airflowenv/lib/python3.9/site-packages/airflow/example_dags/example_latest_only.py
[2023-02-04 02:04:13,735] {processor.py:641} INFO - Processing file /home/milo/13-airflow/airflowhome/airflowenv/lib/python3.9/site-packages/airflow/example_dags/example_latest_only.py for tasks to queue
[2023-02-04 02:04:13,736] {logging_mixin.py:115} INFO - [2023-02-04 02:04:13,736] {dagbag.py:508} INFO - Filling up the DagBag from /home/milo/13-airflow/airflowhome/airflowenv/lib/python3.9/site-packages/airflow/example_dags/example_latest_only.py
[2023-02-04 02:04:13,745] {processor.py:651} INFO - DAG(s) dict_keys(['latest_only']) retrieved from /home/milo/13-airflow/airflowhome/airflowenv/lib/python3.9/site-packages/airflow/example_dags/example_latest_only.py
[2023-02-04 02:04:13,810] {logging_mixin.py:115} INFO - [2023-02-04 02:04:13,802] {dag.py:2420} INFO - Sync 1 DAGs
[2023-02-04 02:04:13,879] {logging_mixin.py:115} INFO - [2023-02-04 02:04:13,879] {dag.py:2968} INFO - Setting next_dagrun for latest_only to 2023-02-04T03:04:13.879207+00:00, run_after=2023-02-04T07:04:13.879207+00:00
[2023-02-04 02:04:13,946] {processor.py:161} INFO - Processing /home/milo/13-airflow/airflowhome/airflowenv/lib/python3.9/site-packages/airflow/example_dags/example_latest_only.py took 0.230 seconds
[2023-02-04 02:04:46,849] {processor.py:153} INFO - Started process (PID=7436) to work on /home/milo/13-airflow/airflowhome/airflowenv/lib/python3.9/site-packages/airflow/example_dags/example_latest_only.py
[2023-02-04 02:04:46,852] {processor.py:641} INFO - Processing file /home/milo/13-airflow/airflowhome/airflowenv/lib/python3.9/site-packages/airflow/example_dags/example_latest_only.py for tasks to queue
[2023-02-04 02:04:46,852] {logging_mixin.py:115} INFO - [2023-02-04 02:04:46,852] {dagbag.py:508} INFO - Filling up the DagBag from /home/milo/13-airflow/airflowhome/airflowenv/lib/python3.9/site-packages/airflow/example_dags/example_latest_only.py
[2023-02-04 02:04:46,860] {processor.py:651} INFO - DAG(s) dict_keys(['latest_only']) retrieved from /home/milo/13-airflow/airflowhome/airflowenv/lib/python3.9/site-packages/airflow/example_dags/example_latest_only.py
[2023-02-04 02:04:46,886] {logging_mixin.py:115} INFO - [2023-02-04 02:04:46,886] {dag.py:2420} INFO - Sync 1 DAGs
[2023-02-04 02:04:46,916] {logging_mixin.py:115} INFO - [2023-02-04 02:04:46,916] {dag.py:2968} INFO - Setting next_dagrun for latest_only to 2023-02-04T03:04:46.915758+00:00, run_after=2023-02-04T07:04:46.915758+00:00
[2023-02-04 02:04:46,938] {processor.py:161} INFO - Processing /home/milo/13-airflow/airflowhome/airflowenv/lib/python3.9/site-packages/airflow/example_dags/example_latest_only.py took 0.093 seconds
[2023-02-04 02:05:21,939] {processor.py:153} INFO - Started process (PID=7473) to work on /home/milo/13-airflow/airflowhome/airflowenv/lib/python3.9/site-packages/airflow/example_dags/example_latest_only.py
[2023-02-04 02:05:21,941] {processor.py:641} INFO - Processing file /home/milo/13-airflow/airflowhome/airflowenv/lib/python3.9/site-packages/airflow/example_dags/example_latest_only.py for tasks to queue
[2023-02-04 02:05:21,942] {logging_mixin.py:115} INFO - [2023-02-04 02:05:21,941] {dagbag.py:508} INFO - Filling up the DagBag from /home/milo/13-airflow/airflowhome/airflowenv/lib/python3.9/site-packages/airflow/example_dags/example_latest_only.py
[2023-02-04 02:05:21,950] {processor.py:651} INFO - DAG(s) dict_keys(['latest_only']) retrieved from /home/milo/13-airflow/airflowhome/airflowenv/lib/python3.9/site-packages/airflow/example_dags/example_latest_only.py
[2023-02-04 02:05:21,976] {logging_mixin.py:115} INFO - [2023-02-04 02:05:21,976] {dag.py:2420} INFO - Sync 1 DAGs
[2023-02-04 02:05:22,004] {logging_mixin.py:115} INFO - [2023-02-04 02:05:22,004] {dag.py:2968} INFO - Setting next_dagrun for latest_only to 2023-02-04T03:05:22.003610+00:00, run_after=2023-02-04T07:05:22.003610+00:00
[2023-02-04 02:05:22,024] {processor.py:161} INFO - Processing /home/milo/13-airflow/airflowhome/airflowenv/lib/python3.9/site-packages/airflow/example_dags/example_latest_only.py took 0.090 seconds
[2023-02-04 02:05:56,023] {processor.py:153} INFO - Started process (PID=7507) to work on /home/milo/13-airflow/airflowhome/airflowenv/lib/python3.9/site-packages/airflow/example_dags/example_latest_only.py
[2023-02-04 02:05:56,023] {processor.py:641} INFO - Processing file /home/milo/13-airflow/airflowhome/airflowenv/lib/python3.9/site-packages/airflow/example_dags/example_latest_only.py for tasks to queue
[2023-02-04 02:05:56,024] {logging_mixin.py:115} INFO - [2023-02-04 02:05:56,024] {dagbag.py:508} INFO - Filling up the DagBag from /home/milo/13-airflow/airflowhome/airflowenv/lib/python3.9/site-packages/airflow/example_dags/example_latest_only.py
[2023-02-04 02:05:56,032] {processor.py:651} INFO - DAG(s) dict_keys(['latest_only']) retrieved from /home/milo/13-airflow/airflowhome/airflowenv/lib/python3.9/site-packages/airflow/example_dags/example_latest_only.py
[2023-02-04 02:05:56,058] {logging_mixin.py:115} INFO - [2023-02-04 02:05:56,058] {dag.py:2420} INFO - Sync 1 DAGs
[2023-02-04 02:05:56,087] {logging_mixin.py:115} INFO - [2023-02-04 02:05:56,087] {dag.py:2968} INFO - Setting next_dagrun for latest_only to 2023-02-04T03:05:56.086943+00:00, run_after=2023-02-04T07:05:56.086943+00:00
[2023-02-04 02:05:56,108] {processor.py:161} INFO - Processing /home/milo/13-airflow/airflowhome/airflowenv/lib/python3.9/site-packages/airflow/example_dags/example_latest_only.py took 0.090 seconds
[2023-02-04 02:06:34,882] {processor.py:153} INFO - Started process (PID=7544) to work on /home/milo/13-airflow/airflowhome/airflowenv/lib/python3.9/site-packages/airflow/example_dags/example_latest_only.py
[2023-02-04 02:06:34,884] {processor.py:641} INFO - Processing file /home/milo/13-airflow/airflowhome/airflowenv/lib/python3.9/site-packages/airflow/example_dags/example_latest_only.py for tasks to queue
[2023-02-04 02:06:34,885] {logging_mixin.py:115} INFO - [2023-02-04 02:06:34,885] {dagbag.py:508} INFO - Filling up the DagBag from /home/milo/13-airflow/airflowhome/airflowenv/lib/python3.9/site-packages/airflow/example_dags/example_latest_only.py
[2023-02-04 02:06:34,894] {processor.py:651} INFO - DAG(s) dict_keys(['latest_only']) retrieved from /home/milo/13-airflow/airflowhome/airflowenv/lib/python3.9/site-packages/airflow/example_dags/example_latest_only.py
[2023-02-04 02:06:34,923] {logging_mixin.py:115} INFO - [2023-02-04 02:06:34,923] {dag.py:2420} INFO - Sync 1 DAGs
[2023-02-04 02:06:34,953] {logging_mixin.py:115} INFO - [2023-02-04 02:06:34,953] {dag.py:2968} INFO - Setting next_dagrun for latest_only to 2023-02-04T03:06:34.952651+00:00, run_after=2023-02-04T07:06:34.952651+00:00
[2023-02-04 02:06:34,976] {processor.py:161} INFO - Processing /home/milo/13-airflow/airflowhome/airflowenv/lib/python3.9/site-packages/airflow/example_dags/example_latest_only.py took 0.098 seconds
[2023-02-04 02:07:13,097] {processor.py:153} INFO - Started process (PID=7581) to work on /home/milo/13-airflow/airflowhome/airflowenv/lib/python3.9/site-packages/airflow/example_dags/example_latest_only.py
[2023-02-04 02:07:13,099] {processor.py:641} INFO - Processing file /home/milo/13-airflow/airflowhome/airflowenv/lib/python3.9/site-packages/airflow/example_dags/example_latest_only.py for tasks to queue
[2023-02-04 02:07:13,100] {logging_mixin.py:115} INFO - [2023-02-04 02:07:13,100] {dagbag.py:508} INFO - Filling up the DagBag from /home/milo/13-airflow/airflowhome/airflowenv/lib/python3.9/site-packages/airflow/example_dags/example_latest_only.py
[2023-02-04 02:07:13,111] {processor.py:651} INFO - DAG(s) dict_keys(['latest_only']) retrieved from /home/milo/13-airflow/airflowhome/airflowenv/lib/python3.9/site-packages/airflow/example_dags/example_latest_only.py
[2023-02-04 02:07:13,154] {logging_mixin.py:115} INFO - [2023-02-04 02:07:13,154] {dag.py:2420} INFO - Sync 1 DAGs
[2023-02-04 02:07:13,189] {logging_mixin.py:115} INFO - [2023-02-04 02:07:13,189] {dag.py:2968} INFO - Setting next_dagrun for latest_only to 2023-02-04T03:07:13.188624+00:00, run_after=2023-02-04T07:07:13.188624+00:00
[2023-02-04 02:07:13,211] {processor.py:161} INFO - Processing /home/milo/13-airflow/airflowhome/airflowenv/lib/python3.9/site-packages/airflow/example_dags/example_latest_only.py took 0.119 seconds
[2023-02-04 02:07:51,024] {processor.py:153} INFO - Started process (PID=7618) to work on /home/milo/13-airflow/airflowhome/airflowenv/lib/python3.9/site-packages/airflow/example_dags/example_latest_only.py
[2023-02-04 02:07:51,034] {processor.py:641} INFO - Processing file /home/milo/13-airflow/airflowhome/airflowenv/lib/python3.9/site-packages/airflow/example_dags/example_latest_only.py for tasks to queue
[2023-02-04 02:07:51,035] {logging_mixin.py:115} INFO - [2023-02-04 02:07:51,035] {dagbag.py:508} INFO - Filling up the DagBag from /home/milo/13-airflow/airflowhome/airflowenv/lib/python3.9/site-packages/airflow/example_dags/example_latest_only.py
[2023-02-04 02:07:51,043] {processor.py:651} INFO - DAG(s) dict_keys(['latest_only']) retrieved from /home/milo/13-airflow/airflowhome/airflowenv/lib/python3.9/site-packages/airflow/example_dags/example_latest_only.py
[2023-02-04 02:07:51,071] {logging_mixin.py:115} INFO - [2023-02-04 02:07:51,071] {dag.py:2420} INFO - Sync 1 DAGs
[2023-02-04 02:07:51,101] {logging_mixin.py:115} INFO - [2023-02-04 02:07:51,101] {dag.py:2968} INFO - Setting next_dagrun for latest_only to 2023-02-04T03:07:51.100672+00:00, run_after=2023-02-04T07:07:51.100672+00:00
[2023-02-04 02:07:51,123] {processor.py:161} INFO - Processing /home/milo/13-airflow/airflowhome/airflowenv/lib/python3.9/site-packages/airflow/example_dags/example_latest_only.py took 0.104 seconds
[2023-02-04 02:08:27,813] {processor.py:153} INFO - Started process (PID=7654) to work on /home/milo/13-airflow/airflowhome/airflowenv/lib/python3.9/site-packages/airflow/example_dags/example_latest_only.py
[2023-02-04 02:08:27,818] {processor.py:641} INFO - Processing file /home/milo/13-airflow/airflowhome/airflowenv/lib/python3.9/site-packages/airflow/example_dags/example_latest_only.py for tasks to queue
[2023-02-04 02:08:27,819] {logging_mixin.py:115} INFO - [2023-02-04 02:08:27,819] {dagbag.py:508} INFO - Filling up the DagBag from /home/milo/13-airflow/airflowhome/airflowenv/lib/python3.9/site-packages/airflow/example_dags/example_latest_only.py
[2023-02-04 02:08:27,827] {processor.py:651} INFO - DAG(s) dict_keys(['latest_only']) retrieved from /home/milo/13-airflow/airflowhome/airflowenv/lib/python3.9/site-packages/airflow/example_dags/example_latest_only.py
[2023-02-04 02:08:27,854] {logging_mixin.py:115} INFO - [2023-02-04 02:08:27,854] {dag.py:2420} INFO - Sync 1 DAGs
[2023-02-04 02:08:27,883] {logging_mixin.py:115} INFO - [2023-02-04 02:08:27,883] {dag.py:2968} INFO - Setting next_dagrun for latest_only to 2023-02-04T03:08:27.882611+00:00, run_after=2023-02-04T07:08:27.882611+00:00
[2023-02-04 02:08:27,903] {processor.py:161} INFO - Processing /home/milo/13-airflow/airflowhome/airflowenv/lib/python3.9/site-packages/airflow/example_dags/example_latest_only.py took 0.095 seconds
[2023-02-04 02:09:02,487] {processor.py:153} INFO - Started process (PID=7721) to work on /home/milo/13-airflow/airflowhome/airflowenv/lib/python3.9/site-packages/airflow/example_dags/example_latest_only.py
[2023-02-04 02:09:02,487] {processor.py:641} INFO - Processing file /home/milo/13-airflow/airflowhome/airflowenv/lib/python3.9/site-packages/airflow/example_dags/example_latest_only.py for tasks to queue
[2023-02-04 02:09:02,489] {logging_mixin.py:115} INFO - [2023-02-04 02:09:02,488] {dagbag.py:508} INFO - Filling up the DagBag from /home/milo/13-airflow/airflowhome/airflowenv/lib/python3.9/site-packages/airflow/example_dags/example_latest_only.py
[2023-02-04 02:09:02,497] {processor.py:651} INFO - DAG(s) dict_keys(['latest_only']) retrieved from /home/milo/13-airflow/airflowhome/airflowenv/lib/python3.9/site-packages/airflow/example_dags/example_latest_only.py
[2023-02-04 02:09:02,527] {logging_mixin.py:115} INFO - [2023-02-04 02:09:02,527] {dag.py:2420} INFO - Sync 1 DAGs
[2023-02-04 02:09:02,560] {logging_mixin.py:115} INFO - [2023-02-04 02:09:02,559] {dag.py:2968} INFO - Setting next_dagrun for latest_only to 2023-02-04T03:09:02.557366+00:00, run_after=2023-02-04T07:09:02.557366+00:00
[2023-02-04 02:09:02,587] {processor.py:161} INFO - Processing /home/milo/13-airflow/airflowhome/airflowenv/lib/python3.9/site-packages/airflow/example_dags/example_latest_only.py took 0.105 seconds
[2023-02-04 02:22:04,371] {processor.py:153} INFO - Started process (PID=7890) to work on /home/milo/13-airflow/airflowhome/airflowenv/lib/python3.9/site-packages/airflow/example_dags/example_latest_only.py
[2023-02-04 02:22:04,373] {processor.py:641} INFO - Processing file /home/milo/13-airflow/airflowhome/airflowenv/lib/python3.9/site-packages/airflow/example_dags/example_latest_only.py for tasks to queue
[2023-02-04 02:22:04,374] {logging_mixin.py:115} INFO - [2023-02-04 02:22:04,373] {dagbag.py:508} INFO - Filling up the DagBag from /home/milo/13-airflow/airflowhome/airflowenv/lib/python3.9/site-packages/airflow/example_dags/example_latest_only.py
[2023-02-04 02:22:04,382] {processor.py:651} INFO - DAG(s) dict_keys(['latest_only']) retrieved from /home/milo/13-airflow/airflowhome/airflowenv/lib/python3.9/site-packages/airflow/example_dags/example_latest_only.py
[2023-02-04 02:22:04,408] {logging_mixin.py:115} INFO - [2023-02-04 02:22:04,408] {dag.py:2420} INFO - Sync 1 DAGs
[2023-02-04 02:22:04,452] {logging_mixin.py:115} INFO - [2023-02-04 02:22:04,452] {dag.py:2968} INFO - Setting next_dagrun for latest_only to 2023-02-04T03:22:04.451779+00:00, run_after=2023-02-04T07:22:04.451779+00:00
[2023-02-04 02:22:04,474] {processor.py:161} INFO - Processing /home/milo/13-airflow/airflowhome/airflowenv/lib/python3.9/site-packages/airflow/example_dags/example_latest_only.py took 0.107 seconds
