[2023-02-04 01:53:41,694] {processor.py:153} INFO - Started process (PID=6620) to work on /home/milo/13-airflow/airflowhome/airflowenv/lib/python3.9/site-packages/airflow/example_dags/example_trigger_target_dag.py
[2023-02-04 01:53:41,695] {processor.py:641} INFO - Processing file /home/milo/13-airflow/airflowhome/airflowenv/lib/python3.9/site-packages/airflow/example_dags/example_trigger_target_dag.py for tasks to queue
[2023-02-04 01:53:41,696] {logging_mixin.py:115} INFO - [2023-02-04 01:53:41,696] {dagbag.py:508} INFO - Filling up the DagBag from /home/milo/13-airflow/airflowhome/airflowenv/lib/python3.9/site-packages/airflow/example_dags/example_trigger_target_dag.py
[2023-02-04 01:53:41,721] {processor.py:651} INFO - DAG(s) dict_keys(['example_trigger_target_dag']) retrieved from /home/milo/13-airflow/airflowhome/airflowenv/lib/python3.9/site-packages/airflow/example_dags/example_trigger_target_dag.py
[2023-02-04 01:53:41,823] {logging_mixin.py:115} INFO - [2023-02-04 01:53:41,823] {manager.py:508} INFO - Created Permission View: can read on DAG:example_trigger_target_dag
[2023-02-04 01:53:41,837] {logging_mixin.py:115} INFO - [2023-02-04 01:53:41,837] {manager.py:508} INFO - Created Permission View: can edit on DAG:example_trigger_target_dag
[2023-02-04 01:53:41,852] {logging_mixin.py:115} INFO - [2023-02-04 01:53:41,852] {manager.py:508} INFO - Created Permission View: can delete on DAG:example_trigger_target_dag
[2023-02-04 01:53:41,853] {logging_mixin.py:115} INFO - [2023-02-04 01:53:41,852] {dag.py:2420} INFO - Sync 1 DAGs
[2023-02-04 01:53:41,865] {logging_mixin.py:115} INFO - [2023-02-04 01:53:41,865] {dag.py:2439} INFO - Creating ORM DAG for example_trigger_target_dag
[2023-02-04 01:53:41,880] {logging_mixin.py:115} INFO - [2023-02-04 01:53:41,879] {dag.py:2968} INFO - Setting next_dagrun for example_trigger_target_dag to None, run_after=None
[2023-02-04 01:53:41,901] {processor.py:161} INFO - Processing /home/milo/13-airflow/airflowhome/airflowenv/lib/python3.9/site-packages/airflow/example_dags/example_trigger_target_dag.py took 0.211 seconds
[2023-02-04 01:54:30,730] {processor.py:153} INFO - Started process (PID=6667) to work on /home/milo/13-airflow/airflowhome/airflowenv/lib/python3.9/site-packages/airflow/example_dags/example_trigger_target_dag.py
[2023-02-04 01:54:30,732] {processor.py:641} INFO - Processing file /home/milo/13-airflow/airflowhome/airflowenv/lib/python3.9/site-packages/airflow/example_dags/example_trigger_target_dag.py for tasks to queue
[2023-02-04 01:54:30,733] {logging_mixin.py:115} INFO - [2023-02-04 01:54:30,732] {dagbag.py:508} INFO - Filling up the DagBag from /home/milo/13-airflow/airflowhome/airflowenv/lib/python3.9/site-packages/airflow/example_dags/example_trigger_target_dag.py
[2023-02-04 01:54:30,759] {processor.py:651} INFO - DAG(s) dict_keys(['example_trigger_target_dag']) retrieved from /home/milo/13-airflow/airflowhome/airflowenv/lib/python3.9/site-packages/airflow/example_dags/example_trigger_target_dag.py
[2023-02-04 01:54:30,785] {logging_mixin.py:115} INFO - [2023-02-04 01:54:30,784] {dag.py:2420} INFO - Sync 1 DAGs
[2023-02-04 01:54:30,815] {logging_mixin.py:115} INFO - [2023-02-04 01:54:30,815] {dag.py:2968} INFO - Setting next_dagrun for example_trigger_target_dag to None, run_after=None
[2023-02-04 01:54:30,834] {processor.py:161} INFO - Processing /home/milo/13-airflow/airflowhome/airflowenv/lib/python3.9/site-packages/airflow/example_dags/example_trigger_target_dag.py took 0.109 seconds
[2023-02-04 01:55:10,668] {processor.py:153} INFO - Started process (PID=6708) to work on /home/milo/13-airflow/airflowhome/airflowenv/lib/python3.9/site-packages/airflow/example_dags/example_trigger_target_dag.py
[2023-02-04 01:55:10,672] {processor.py:641} INFO - Processing file /home/milo/13-airflow/airflowhome/airflowenv/lib/python3.9/site-packages/airflow/example_dags/example_trigger_target_dag.py for tasks to queue
[2023-02-04 01:55:10,673] {logging_mixin.py:115} INFO - [2023-02-04 01:55:10,672] {dagbag.py:508} INFO - Filling up the DagBag from /home/milo/13-airflow/airflowhome/airflowenv/lib/python3.9/site-packages/airflow/example_dags/example_trigger_target_dag.py
[2023-02-04 01:55:10,698] {processor.py:651} INFO - DAG(s) dict_keys(['example_trigger_target_dag']) retrieved from /home/milo/13-airflow/airflowhome/airflowenv/lib/python3.9/site-packages/airflow/example_dags/example_trigger_target_dag.py
[2023-02-04 01:55:10,722] {logging_mixin.py:115} INFO - [2023-02-04 01:55:10,722] {dag.py:2420} INFO - Sync 1 DAGs
[2023-02-04 01:55:10,751] {logging_mixin.py:115} INFO - [2023-02-04 01:55:10,751] {dag.py:2968} INFO - Setting next_dagrun for example_trigger_target_dag to None, run_after=None
[2023-02-04 01:55:10,770] {processor.py:161} INFO - Processing /home/milo/13-airflow/airflowhome/airflowenv/lib/python3.9/site-packages/airflow/example_dags/example_trigger_target_dag.py took 0.107 seconds
[2023-02-04 01:56:17,510] {processor.py:153} INFO - Started process (PID=6746) to work on /home/milo/13-airflow/airflowhome/airflowenv/lib/python3.9/site-packages/airflow/example_dags/example_trigger_target_dag.py
[2023-02-04 01:56:17,547] {processor.py:641} INFO - Processing file /home/milo/13-airflow/airflowhome/airflowenv/lib/python3.9/site-packages/airflow/example_dags/example_trigger_target_dag.py for tasks to queue
[2023-02-04 01:56:17,548] {logging_mixin.py:115} INFO - [2023-02-04 01:56:17,548] {dagbag.py:508} INFO - Filling up the DagBag from /home/milo/13-airflow/airflowhome/airflowenv/lib/python3.9/site-packages/airflow/example_dags/example_trigger_target_dag.py
[2023-02-04 01:56:17,574] {processor.py:651} INFO - DAG(s) dict_keys(['example_trigger_target_dag']) retrieved from /home/milo/13-airflow/airflowhome/airflowenv/lib/python3.9/site-packages/airflow/example_dags/example_trigger_target_dag.py
[2023-02-04 01:56:17,598] {logging_mixin.py:115} INFO - [2023-02-04 01:56:17,598] {dag.py:2420} INFO - Sync 1 DAGs
[2023-02-04 01:56:17,625] {logging_mixin.py:115} INFO - [2023-02-04 01:56:17,625] {dag.py:2968} INFO - Setting next_dagrun for example_trigger_target_dag to None, run_after=None
[2023-02-04 01:56:18,086] {processor.py:161} INFO - Processing /home/milo/13-airflow/airflowhome/airflowenv/lib/python3.9/site-packages/airflow/example_dags/example_trigger_target_dag.py took 0.580 seconds
[2023-02-04 01:57:06,532] {processor.py:153} INFO - Started process (PID=6784) to work on /home/milo/13-airflow/airflowhome/airflowenv/lib/python3.9/site-packages/airflow/example_dags/example_trigger_target_dag.py
[2023-02-04 01:57:06,533] {processor.py:641} INFO - Processing file /home/milo/13-airflow/airflowhome/airflowenv/lib/python3.9/site-packages/airflow/example_dags/example_trigger_target_dag.py for tasks to queue
[2023-02-04 01:57:06,535] {logging_mixin.py:115} INFO - [2023-02-04 01:57:06,534] {dagbag.py:508} INFO - Filling up the DagBag from /home/milo/13-airflow/airflowhome/airflowenv/lib/python3.9/site-packages/airflow/example_dags/example_trigger_target_dag.py
[2023-02-04 01:57:06,561] {processor.py:651} INFO - DAG(s) dict_keys(['example_trigger_target_dag']) retrieved from /home/milo/13-airflow/airflowhome/airflowenv/lib/python3.9/site-packages/airflow/example_dags/example_trigger_target_dag.py
[2023-02-04 01:57:06,595] {logging_mixin.py:115} INFO - [2023-02-04 01:57:06,594] {dag.py:2420} INFO - Sync 1 DAGs
[2023-02-04 01:57:06,625] {logging_mixin.py:115} INFO - [2023-02-04 01:57:06,625] {dag.py:2968} INFO - Setting next_dagrun for example_trigger_target_dag to None, run_after=None
[2023-02-04 01:57:06,645] {processor.py:161} INFO - Processing /home/milo/13-airflow/airflowhome/airflowenv/lib/python3.9/site-packages/airflow/example_dags/example_trigger_target_dag.py took 0.117 seconds
[2023-02-04 01:57:42,753] {processor.py:153} INFO - Started process (PID=6819) to work on /home/milo/13-airflow/airflowhome/airflowenv/lib/python3.9/site-packages/airflow/example_dags/example_trigger_target_dag.py
[2023-02-04 01:57:42,755] {processor.py:641} INFO - Processing file /home/milo/13-airflow/airflowhome/airflowenv/lib/python3.9/site-packages/airflow/example_dags/example_trigger_target_dag.py for tasks to queue
[2023-02-04 01:57:42,756] {logging_mixin.py:115} INFO - [2023-02-04 01:57:42,756] {dagbag.py:508} INFO - Filling up the DagBag from /home/milo/13-airflow/airflowhome/airflowenv/lib/python3.9/site-packages/airflow/example_dags/example_trigger_target_dag.py
[2023-02-04 01:57:42,782] {processor.py:651} INFO - DAG(s) dict_keys(['example_trigger_target_dag']) retrieved from /home/milo/13-airflow/airflowhome/airflowenv/lib/python3.9/site-packages/airflow/example_dags/example_trigger_target_dag.py
[2023-02-04 01:57:42,806] {logging_mixin.py:115} INFO - [2023-02-04 01:57:42,806] {dag.py:2420} INFO - Sync 1 DAGs
[2023-02-04 01:57:42,833] {logging_mixin.py:115} INFO - [2023-02-04 01:57:42,833] {dag.py:2968} INFO - Setting next_dagrun for example_trigger_target_dag to None, run_after=None
[2023-02-04 01:57:42,853] {processor.py:161} INFO - Processing /home/milo/13-airflow/airflowhome/airflowenv/lib/python3.9/site-packages/airflow/example_dags/example_trigger_target_dag.py took 0.105 seconds
[2023-02-04 01:58:18,773] {processor.py:153} INFO - Started process (PID=7044) to work on /home/milo/13-airflow/airflowhome/airflowenv/lib/python3.9/site-packages/airflow/example_dags/example_trigger_target_dag.py
[2023-02-04 01:58:18,774] {processor.py:641} INFO - Processing file /home/milo/13-airflow/airflowhome/airflowenv/lib/python3.9/site-packages/airflow/example_dags/example_trigger_target_dag.py for tasks to queue
[2023-02-04 01:58:18,775] {logging_mixin.py:115} INFO - [2023-02-04 01:58:18,775] {dagbag.py:508} INFO - Filling up the DagBag from /home/milo/13-airflow/airflowhome/airflowenv/lib/python3.9/site-packages/airflow/example_dags/example_trigger_target_dag.py
[2023-02-04 01:58:18,800] {processor.py:651} INFO - DAG(s) dict_keys(['example_trigger_target_dag']) retrieved from /home/milo/13-airflow/airflowhome/airflowenv/lib/python3.9/site-packages/airflow/example_dags/example_trigger_target_dag.py
[2023-02-04 01:58:18,827] {logging_mixin.py:115} INFO - [2023-02-04 01:58:18,827] {dag.py:2420} INFO - Sync 1 DAGs
[2023-02-04 01:58:18,855] {logging_mixin.py:115} INFO - [2023-02-04 01:58:18,855] {dag.py:2968} INFO - Setting next_dagrun for example_trigger_target_dag to None, run_after=None
[2023-02-04 01:58:18,877] {processor.py:161} INFO - Processing /home/milo/13-airflow/airflowhome/airflowenv/lib/python3.9/site-packages/airflow/example_dags/example_trigger_target_dag.py took 0.109 seconds
[2023-02-04 01:58:58,614] {processor.py:153} INFO - Started process (PID=7088) to work on /home/milo/13-airflow/airflowhome/airflowenv/lib/python3.9/site-packages/airflow/example_dags/example_trigger_target_dag.py
[2023-02-04 01:58:58,616] {processor.py:641} INFO - Processing file /home/milo/13-airflow/airflowhome/airflowenv/lib/python3.9/site-packages/airflow/example_dags/example_trigger_target_dag.py for tasks to queue
[2023-02-04 01:58:58,616] {logging_mixin.py:115} INFO - [2023-02-04 01:58:58,616] {dagbag.py:508} INFO - Filling up the DagBag from /home/milo/13-airflow/airflowhome/airflowenv/lib/python3.9/site-packages/airflow/example_dags/example_trigger_target_dag.py
[2023-02-04 01:58:58,642] {processor.py:651} INFO - DAG(s) dict_keys(['example_trigger_target_dag']) retrieved from /home/milo/13-airflow/airflowhome/airflowenv/lib/python3.9/site-packages/airflow/example_dags/example_trigger_target_dag.py
[2023-02-04 01:58:58,667] {logging_mixin.py:115} INFO - [2023-02-04 01:58:58,667] {dag.py:2420} INFO - Sync 1 DAGs
[2023-02-04 01:58:58,696] {logging_mixin.py:115} INFO - [2023-02-04 01:58:58,696] {dag.py:2968} INFO - Setting next_dagrun for example_trigger_target_dag to None, run_after=None
[2023-02-04 01:58:58,715] {processor.py:161} INFO - Processing /home/milo/13-airflow/airflowhome/airflowenv/lib/python3.9/site-packages/airflow/example_dags/example_trigger_target_dag.py took 0.106 seconds
[2023-02-04 01:59:36,413] {processor.py:153} INFO - Started process (PID=7126) to work on /home/milo/13-airflow/airflowhome/airflowenv/lib/python3.9/site-packages/airflow/example_dags/example_trigger_target_dag.py
[2023-02-04 01:59:36,415] {processor.py:641} INFO - Processing file /home/milo/13-airflow/airflowhome/airflowenv/lib/python3.9/site-packages/airflow/example_dags/example_trigger_target_dag.py for tasks to queue
[2023-02-04 01:59:36,416] {logging_mixin.py:115} INFO - [2023-02-04 01:59:36,416] {dagbag.py:508} INFO - Filling up the DagBag from /home/milo/13-airflow/airflowhome/airflowenv/lib/python3.9/site-packages/airflow/example_dags/example_trigger_target_dag.py
[2023-02-04 01:59:36,441] {processor.py:651} INFO - DAG(s) dict_keys(['example_trigger_target_dag']) retrieved from /home/milo/13-airflow/airflowhome/airflowenv/lib/python3.9/site-packages/airflow/example_dags/example_trigger_target_dag.py
[2023-02-04 01:59:36,466] {logging_mixin.py:115} INFO - [2023-02-04 01:59:36,466] {dag.py:2420} INFO - Sync 1 DAGs
[2023-02-04 01:59:36,493] {logging_mixin.py:115} INFO - [2023-02-04 01:59:36,493] {dag.py:2968} INFO - Setting next_dagrun for example_trigger_target_dag to None, run_after=None
[2023-02-04 01:59:36,512] {processor.py:161} INFO - Processing /home/milo/13-airflow/airflowhome/airflowenv/lib/python3.9/site-packages/airflow/example_dags/example_trigger_target_dag.py took 0.104 seconds
[2023-02-04 02:00:13,900] {processor.py:153} INFO - Started process (PID=7165) to work on /home/milo/13-airflow/airflowhome/airflowenv/lib/python3.9/site-packages/airflow/example_dags/example_trigger_target_dag.py
[2023-02-04 02:00:13,902] {processor.py:641} INFO - Processing file /home/milo/13-airflow/airflowhome/airflowenv/lib/python3.9/site-packages/airflow/example_dags/example_trigger_target_dag.py for tasks to queue
[2023-02-04 02:00:13,902] {logging_mixin.py:115} INFO - [2023-02-04 02:00:13,902] {dagbag.py:508} INFO - Filling up the DagBag from /home/milo/13-airflow/airflowhome/airflowenv/lib/python3.9/site-packages/airflow/example_dags/example_trigger_target_dag.py
[2023-02-04 02:00:13,928] {processor.py:651} INFO - DAG(s) dict_keys(['example_trigger_target_dag']) retrieved from /home/milo/13-airflow/airflowhome/airflowenv/lib/python3.9/site-packages/airflow/example_dags/example_trigger_target_dag.py
[2023-02-04 02:00:13,953] {logging_mixin.py:115} INFO - [2023-02-04 02:00:13,953] {dag.py:2420} INFO - Sync 1 DAGs
[2023-02-04 02:00:13,980] {logging_mixin.py:115} INFO - [2023-02-04 02:00:13,980] {dag.py:2968} INFO - Setting next_dagrun for example_trigger_target_dag to None, run_after=None
[2023-02-04 02:00:14,000] {processor.py:161} INFO - Processing /home/milo/13-airflow/airflowhome/airflowenv/lib/python3.9/site-packages/airflow/example_dags/example_trigger_target_dag.py took 0.105 seconds
[2023-02-04 02:00:53,312] {processor.py:153} INFO - Started process (PID=7203) to work on /home/milo/13-airflow/airflowhome/airflowenv/lib/python3.9/site-packages/airflow/example_dags/example_trigger_target_dag.py
[2023-02-04 02:00:53,314] {processor.py:641} INFO - Processing file /home/milo/13-airflow/airflowhome/airflowenv/lib/python3.9/site-packages/airflow/example_dags/example_trigger_target_dag.py for tasks to queue
[2023-02-04 02:00:53,314] {logging_mixin.py:115} INFO - [2023-02-04 02:00:53,314] {dagbag.py:508} INFO - Filling up the DagBag from /home/milo/13-airflow/airflowhome/airflowenv/lib/python3.9/site-packages/airflow/example_dags/example_trigger_target_dag.py
[2023-02-04 02:00:53,340] {processor.py:651} INFO - DAG(s) dict_keys(['example_trigger_target_dag']) retrieved from /home/milo/13-airflow/airflowhome/airflowenv/lib/python3.9/site-packages/airflow/example_dags/example_trigger_target_dag.py
[2023-02-04 02:00:53,364] {logging_mixin.py:115} INFO - [2023-02-04 02:00:53,364] {dag.py:2420} INFO - Sync 1 DAGs
[2023-02-04 02:00:53,391] {logging_mixin.py:115} INFO - [2023-02-04 02:00:53,391] {dag.py:2968} INFO - Setting next_dagrun for example_trigger_target_dag to None, run_after=None
[2023-02-04 02:00:53,412] {processor.py:161} INFO - Processing /home/milo/13-airflow/airflowhome/airflowenv/lib/python3.9/site-packages/airflow/example_dags/example_trigger_target_dag.py took 0.105 seconds
[2023-02-04 02:01:29,814] {processor.py:153} INFO - Started process (PID=7241) to work on /home/milo/13-airflow/airflowhome/airflowenv/lib/python3.9/site-packages/airflow/example_dags/example_trigger_target_dag.py
[2023-02-04 02:01:29,816] {processor.py:641} INFO - Processing file /home/milo/13-airflow/airflowhome/airflowenv/lib/python3.9/site-packages/airflow/example_dags/example_trigger_target_dag.py for tasks to queue
[2023-02-04 02:01:29,817] {logging_mixin.py:115} INFO - [2023-02-04 02:01:29,817] {dagbag.py:508} INFO - Filling up the DagBag from /home/milo/13-airflow/airflowhome/airflowenv/lib/python3.9/site-packages/airflow/example_dags/example_trigger_target_dag.py
[2023-02-04 02:01:29,842] {processor.py:651} INFO - DAG(s) dict_keys(['example_trigger_target_dag']) retrieved from /home/milo/13-airflow/airflowhome/airflowenv/lib/python3.9/site-packages/airflow/example_dags/example_trigger_target_dag.py
[2023-02-04 02:01:29,867] {logging_mixin.py:115} INFO - [2023-02-04 02:01:29,867] {dag.py:2420} INFO - Sync 1 DAGs
[2023-02-04 02:01:29,894] {logging_mixin.py:115} INFO - [2023-02-04 02:01:29,894] {dag.py:2968} INFO - Setting next_dagrun for example_trigger_target_dag to None, run_after=None
[2023-02-04 02:01:29,915] {processor.py:161} INFO - Processing /home/milo/13-airflow/airflowhome/airflowenv/lib/python3.9/site-packages/airflow/example_dags/example_trigger_target_dag.py took 0.105 seconds
[2023-02-04 02:02:03,761] {processor.py:153} INFO - Started process (PID=7276) to work on /home/milo/13-airflow/airflowhome/airflowenv/lib/python3.9/site-packages/airflow/example_dags/example_trigger_target_dag.py
[2023-02-04 02:02:03,762] {processor.py:641} INFO - Processing file /home/milo/13-airflow/airflowhome/airflowenv/lib/python3.9/site-packages/airflow/example_dags/example_trigger_target_dag.py for tasks to queue
[2023-02-04 02:02:03,763] {logging_mixin.py:115} INFO - [2023-02-04 02:02:03,763] {dagbag.py:508} INFO - Filling up the DagBag from /home/milo/13-airflow/airflowhome/airflowenv/lib/python3.9/site-packages/airflow/example_dags/example_trigger_target_dag.py
[2023-02-04 02:02:03,788] {processor.py:651} INFO - DAG(s) dict_keys(['example_trigger_target_dag']) retrieved from /home/milo/13-airflow/airflowhome/airflowenv/lib/python3.9/site-packages/airflow/example_dags/example_trigger_target_dag.py
[2023-02-04 02:02:03,816] {logging_mixin.py:115} INFO - [2023-02-04 02:02:03,815] {dag.py:2420} INFO - Sync 1 DAGs
[2023-02-04 02:02:03,854] {logging_mixin.py:115} INFO - [2023-02-04 02:02:03,854] {dag.py:2968} INFO - Setting next_dagrun for example_trigger_target_dag to None, run_after=None
[2023-02-04 02:02:03,874] {processor.py:161} INFO - Processing /home/milo/13-airflow/airflowhome/airflowenv/lib/python3.9/site-packages/airflow/example_dags/example_trigger_target_dag.py took 0.119 seconds
[2023-02-04 02:02:38,830] {processor.py:153} INFO - Started process (PID=7310) to work on /home/milo/13-airflow/airflowhome/airflowenv/lib/python3.9/site-packages/airflow/example_dags/example_trigger_target_dag.py
[2023-02-04 02:02:38,831] {processor.py:641} INFO - Processing file /home/milo/13-airflow/airflowhome/airflowenv/lib/python3.9/site-packages/airflow/example_dags/example_trigger_target_dag.py for tasks to queue
[2023-02-04 02:02:38,832] {logging_mixin.py:115} INFO - [2023-02-04 02:02:38,832] {dagbag.py:508} INFO - Filling up the DagBag from /home/milo/13-airflow/airflowhome/airflowenv/lib/python3.9/site-packages/airflow/example_dags/example_trigger_target_dag.py
[2023-02-04 02:02:38,858] {processor.py:651} INFO - DAG(s) dict_keys(['example_trigger_target_dag']) retrieved from /home/milo/13-airflow/airflowhome/airflowenv/lib/python3.9/site-packages/airflow/example_dags/example_trigger_target_dag.py
[2023-02-04 02:02:38,882] {logging_mixin.py:115} INFO - [2023-02-04 02:02:38,882] {dag.py:2420} INFO - Sync 1 DAGs
[2023-02-04 02:02:38,909] {logging_mixin.py:115} INFO - [2023-02-04 02:02:38,909] {dag.py:2968} INFO - Setting next_dagrun for example_trigger_target_dag to None, run_after=None
[2023-02-04 02:02:38,928] {processor.py:161} INFO - Processing /home/milo/13-airflow/airflowhome/airflowenv/lib/python3.9/site-packages/airflow/example_dags/example_trigger_target_dag.py took 0.103 seconds
[2023-02-04 02:03:12,647] {processor.py:153} INFO - Started process (PID=7345) to work on /home/milo/13-airflow/airflowhome/airflowenv/lib/python3.9/site-packages/airflow/example_dags/example_trigger_target_dag.py
[2023-02-04 02:03:12,649] {processor.py:641} INFO - Processing file /home/milo/13-airflow/airflowhome/airflowenv/lib/python3.9/site-packages/airflow/example_dags/example_trigger_target_dag.py for tasks to queue
[2023-02-04 02:03:12,650] {logging_mixin.py:115} INFO - [2023-02-04 02:03:12,649] {dagbag.py:508} INFO - Filling up the DagBag from /home/milo/13-airflow/airflowhome/airflowenv/lib/python3.9/site-packages/airflow/example_dags/example_trigger_target_dag.py
[2023-02-04 02:03:12,675] {processor.py:651} INFO - DAG(s) dict_keys(['example_trigger_target_dag']) retrieved from /home/milo/13-airflow/airflowhome/airflowenv/lib/python3.9/site-packages/airflow/example_dags/example_trigger_target_dag.py
[2023-02-04 02:03:12,701] {logging_mixin.py:115} INFO - [2023-02-04 02:03:12,700] {dag.py:2420} INFO - Sync 1 DAGs
[2023-02-04 02:03:12,729] {logging_mixin.py:115} INFO - [2023-02-04 02:03:12,729] {dag.py:2968} INFO - Setting next_dagrun for example_trigger_target_dag to None, run_after=None
[2023-02-04 02:03:12,748] {processor.py:161} INFO - Processing /home/milo/13-airflow/airflowhome/airflowenv/lib/python3.9/site-packages/airflow/example_dags/example_trigger_target_dag.py took 0.106 seconds
[2023-02-04 02:03:47,815] {processor.py:153} INFO - Started process (PID=7379) to work on /home/milo/13-airflow/airflowhome/airflowenv/lib/python3.9/site-packages/airflow/example_dags/example_trigger_target_dag.py
[2023-02-04 02:03:47,817] {processor.py:641} INFO - Processing file /home/milo/13-airflow/airflowhome/airflowenv/lib/python3.9/site-packages/airflow/example_dags/example_trigger_target_dag.py for tasks to queue
[2023-02-04 02:03:47,818] {logging_mixin.py:115} INFO - [2023-02-04 02:03:47,818] {dagbag.py:508} INFO - Filling up the DagBag from /home/milo/13-airflow/airflowhome/airflowenv/lib/python3.9/site-packages/airflow/example_dags/example_trigger_target_dag.py
[2023-02-04 02:03:47,843] {processor.py:651} INFO - DAG(s) dict_keys(['example_trigger_target_dag']) retrieved from /home/milo/13-airflow/airflowhome/airflowenv/lib/python3.9/site-packages/airflow/example_dags/example_trigger_target_dag.py
[2023-02-04 02:03:47,868] {logging_mixin.py:115} INFO - [2023-02-04 02:03:47,868] {dag.py:2420} INFO - Sync 1 DAGs
[2023-02-04 02:03:47,897] {logging_mixin.py:115} INFO - [2023-02-04 02:03:47,896] {dag.py:2968} INFO - Setting next_dagrun for example_trigger_target_dag to None, run_after=None
[2023-02-04 02:03:47,917] {processor.py:161} INFO - Processing /home/milo/13-airflow/airflowhome/airflowenv/lib/python3.9/site-packages/airflow/example_dags/example_trigger_target_dag.py took 0.106 seconds
[2023-02-04 02:04:27,621] {processor.py:153} INFO - Started process (PID=7418) to work on /home/milo/13-airflow/airflowhome/airflowenv/lib/python3.9/site-packages/airflow/example_dags/example_trigger_target_dag.py
[2023-02-04 02:04:27,631] {processor.py:641} INFO - Processing file /home/milo/13-airflow/airflowhome/airflowenv/lib/python3.9/site-packages/airflow/example_dags/example_trigger_target_dag.py for tasks to queue
[2023-02-04 02:04:27,632] {logging_mixin.py:115} INFO - [2023-02-04 02:04:27,632] {dagbag.py:508} INFO - Filling up the DagBag from /home/milo/13-airflow/airflowhome/airflowenv/lib/python3.9/site-packages/airflow/example_dags/example_trigger_target_dag.py
[2023-02-04 02:04:27,677] {processor.py:651} INFO - DAG(s) dict_keys(['example_trigger_target_dag']) retrieved from /home/milo/13-airflow/airflowhome/airflowenv/lib/python3.9/site-packages/airflow/example_dags/example_trigger_target_dag.py
[2023-02-04 02:04:27,733] {logging_mixin.py:115} INFO - [2023-02-04 02:04:27,733] {dag.py:2420} INFO - Sync 1 DAGs
[2023-02-04 02:04:27,803] {logging_mixin.py:115} INFO - [2023-02-04 02:04:27,803] {dag.py:2968} INFO - Setting next_dagrun for example_trigger_target_dag to None, run_after=None
[2023-02-04 02:04:27,864] {processor.py:161} INFO - Processing /home/milo/13-airflow/airflowhome/airflowenv/lib/python3.9/site-packages/airflow/example_dags/example_trigger_target_dag.py took 0.257 seconds
[2023-02-04 02:05:04,778] {processor.py:153} INFO - Started process (PID=7457) to work on /home/milo/13-airflow/airflowhome/airflowenv/lib/python3.9/site-packages/airflow/example_dags/example_trigger_target_dag.py
[2023-02-04 02:05:04,806] {processor.py:641} INFO - Processing file /home/milo/13-airflow/airflowhome/airflowenv/lib/python3.9/site-packages/airflow/example_dags/example_trigger_target_dag.py for tasks to queue
[2023-02-04 02:05:04,807] {logging_mixin.py:115} INFO - [2023-02-04 02:05:04,807] {dagbag.py:508} INFO - Filling up the DagBag from /home/milo/13-airflow/airflowhome/airflowenv/lib/python3.9/site-packages/airflow/example_dags/example_trigger_target_dag.py
[2023-02-04 02:05:04,876] {processor.py:651} INFO - DAG(s) dict_keys(['example_trigger_target_dag']) retrieved from /home/milo/13-airflow/airflowhome/airflowenv/lib/python3.9/site-packages/airflow/example_dags/example_trigger_target_dag.py
[2023-02-04 02:05:04,916] {logging_mixin.py:115} INFO - [2023-02-04 02:05:04,916] {dag.py:2420} INFO - Sync 1 DAGs
[2023-02-04 02:05:04,945] {logging_mixin.py:115} INFO - [2023-02-04 02:05:04,945] {dag.py:2968} INFO - Setting next_dagrun for example_trigger_target_dag to None, run_after=None
[2023-02-04 02:05:04,975] {processor.py:161} INFO - Processing /home/milo/13-airflow/airflowhome/airflowenv/lib/python3.9/site-packages/airflow/example_dags/example_trigger_target_dag.py took 0.202 seconds
[2023-02-04 02:05:40,378] {processor.py:153} INFO - Started process (PID=7492) to work on /home/milo/13-airflow/airflowhome/airflowenv/lib/python3.9/site-packages/airflow/example_dags/example_trigger_target_dag.py
[2023-02-04 02:05:40,380] {processor.py:641} INFO - Processing file /home/milo/13-airflow/airflowhome/airflowenv/lib/python3.9/site-packages/airflow/example_dags/example_trigger_target_dag.py for tasks to queue
[2023-02-04 02:05:40,381] {logging_mixin.py:115} INFO - [2023-02-04 02:05:40,381] {dagbag.py:508} INFO - Filling up the DagBag from /home/milo/13-airflow/airflowhome/airflowenv/lib/python3.9/site-packages/airflow/example_dags/example_trigger_target_dag.py
[2023-02-04 02:05:40,406] {processor.py:651} INFO - DAG(s) dict_keys(['example_trigger_target_dag']) retrieved from /home/milo/13-airflow/airflowhome/airflowenv/lib/python3.9/site-packages/airflow/example_dags/example_trigger_target_dag.py
[2023-02-04 02:05:40,432] {logging_mixin.py:115} INFO - [2023-02-04 02:05:40,432] {dag.py:2420} INFO - Sync 1 DAGs
[2023-02-04 02:05:40,461] {logging_mixin.py:115} INFO - [2023-02-04 02:05:40,460] {dag.py:2968} INFO - Setting next_dagrun for example_trigger_target_dag to None, run_after=None
[2023-02-04 02:05:40,480] {processor.py:161} INFO - Processing /home/milo/13-airflow/airflowhome/airflowenv/lib/python3.9/site-packages/airflow/example_dags/example_trigger_target_dag.py took 0.107 seconds
[2023-02-04 02:06:20,914] {processor.py:153} INFO - Started process (PID=7531) to work on /home/milo/13-airflow/airflowhome/airflowenv/lib/python3.9/site-packages/airflow/example_dags/example_trigger_target_dag.py
[2023-02-04 02:06:20,916] {processor.py:641} INFO - Processing file /home/milo/13-airflow/airflowhome/airflowenv/lib/python3.9/site-packages/airflow/example_dags/example_trigger_target_dag.py for tasks to queue
[2023-02-04 02:06:20,917] {logging_mixin.py:115} INFO - [2023-02-04 02:06:20,917] {dagbag.py:508} INFO - Filling up the DagBag from /home/milo/13-airflow/airflowhome/airflowenv/lib/python3.9/site-packages/airflow/example_dags/example_trigger_target_dag.py
[2023-02-04 02:06:20,946] {processor.py:651} INFO - DAG(s) dict_keys(['example_trigger_target_dag']) retrieved from /home/milo/13-airflow/airflowhome/airflowenv/lib/python3.9/site-packages/airflow/example_dags/example_trigger_target_dag.py
[2023-02-04 02:06:20,971] {logging_mixin.py:115} INFO - [2023-02-04 02:06:20,971] {dag.py:2420} INFO - Sync 1 DAGs
[2023-02-04 02:06:21,000] {logging_mixin.py:115} INFO - [2023-02-04 02:06:21,000] {dag.py:2968} INFO - Setting next_dagrun for example_trigger_target_dag to None, run_after=None
[2023-02-04 02:06:21,021] {processor.py:161} INFO - Processing /home/milo/13-airflow/airflowhome/airflowenv/lib/python3.9/site-packages/airflow/example_dags/example_trigger_target_dag.py took 0.113 seconds
[2023-02-04 02:06:58,301] {processor.py:153} INFO - Started process (PID=7567) to work on /home/milo/13-airflow/airflowhome/airflowenv/lib/python3.9/site-packages/airflow/example_dags/example_trigger_target_dag.py
[2023-02-04 02:06:58,304] {processor.py:641} INFO - Processing file /home/milo/13-airflow/airflowhome/airflowenv/lib/python3.9/site-packages/airflow/example_dags/example_trigger_target_dag.py for tasks to queue
[2023-02-04 02:06:58,305] {logging_mixin.py:115} INFO - [2023-02-04 02:06:58,305] {dagbag.py:508} INFO - Filling up the DagBag from /home/milo/13-airflow/airflowhome/airflowenv/lib/python3.9/site-packages/airflow/example_dags/example_trigger_target_dag.py
[2023-02-04 02:06:58,333] {processor.py:651} INFO - DAG(s) dict_keys(['example_trigger_target_dag']) retrieved from /home/milo/13-airflow/airflowhome/airflowenv/lib/python3.9/site-packages/airflow/example_dags/example_trigger_target_dag.py
[2023-02-04 02:06:58,361] {logging_mixin.py:115} INFO - [2023-02-04 02:06:58,360] {dag.py:2420} INFO - Sync 1 DAGs
[2023-02-04 02:06:58,388] {logging_mixin.py:115} INFO - [2023-02-04 02:06:58,388] {dag.py:2968} INFO - Setting next_dagrun for example_trigger_target_dag to None, run_after=None
[2023-02-04 02:06:58,409] {processor.py:161} INFO - Processing /home/milo/13-airflow/airflowhome/airflowenv/lib/python3.9/site-packages/airflow/example_dags/example_trigger_target_dag.py took 0.114 seconds
[2023-02-04 02:07:33,952] {processor.py:153} INFO - Started process (PID=7602) to work on /home/milo/13-airflow/airflowhome/airflowenv/lib/python3.9/site-packages/airflow/example_dags/example_trigger_target_dag.py
[2023-02-04 02:07:33,953] {processor.py:641} INFO - Processing file /home/milo/13-airflow/airflowhome/airflowenv/lib/python3.9/site-packages/airflow/example_dags/example_trigger_target_dag.py for tasks to queue
[2023-02-04 02:07:33,954] {logging_mixin.py:115} INFO - [2023-02-04 02:07:33,954] {dagbag.py:508} INFO - Filling up the DagBag from /home/milo/13-airflow/airflowhome/airflowenv/lib/python3.9/site-packages/airflow/example_dags/example_trigger_target_dag.py
[2023-02-04 02:07:33,979] {processor.py:651} INFO - DAG(s) dict_keys(['example_trigger_target_dag']) retrieved from /home/milo/13-airflow/airflowhome/airflowenv/lib/python3.9/site-packages/airflow/example_dags/example_trigger_target_dag.py
[2023-02-04 02:07:34,005] {logging_mixin.py:115} INFO - [2023-02-04 02:07:34,005] {dag.py:2420} INFO - Sync 1 DAGs
[2023-02-04 02:07:34,032] {logging_mixin.py:115} INFO - [2023-02-04 02:07:34,032] {dag.py:2968} INFO - Setting next_dagrun for example_trigger_target_dag to None, run_after=None
[2023-02-04 02:07:34,053] {processor.py:161} INFO - Processing /home/milo/13-airflow/airflowhome/airflowenv/lib/python3.9/site-packages/airflow/example_dags/example_trigger_target_dag.py took 0.106 seconds
[2023-02-04 02:08:09,864] {processor.py:153} INFO - Started process (PID=7637) to work on /home/milo/13-airflow/airflowhome/airflowenv/lib/python3.9/site-packages/airflow/example_dags/example_trigger_target_dag.py
[2023-02-04 02:08:09,865] {processor.py:641} INFO - Processing file /home/milo/13-airflow/airflowhome/airflowenv/lib/python3.9/site-packages/airflow/example_dags/example_trigger_target_dag.py for tasks to queue
[2023-02-04 02:08:09,866] {logging_mixin.py:115} INFO - [2023-02-04 02:08:09,866] {dagbag.py:508} INFO - Filling up the DagBag from /home/milo/13-airflow/airflowhome/airflowenv/lib/python3.9/site-packages/airflow/example_dags/example_trigger_target_dag.py
[2023-02-04 02:08:09,891] {processor.py:651} INFO - DAG(s) dict_keys(['example_trigger_target_dag']) retrieved from /home/milo/13-airflow/airflowhome/airflowenv/lib/python3.9/site-packages/airflow/example_dags/example_trigger_target_dag.py
[2023-02-04 02:08:09,917] {logging_mixin.py:115} INFO - [2023-02-04 02:08:09,917] {dag.py:2420} INFO - Sync 1 DAGs
[2023-02-04 02:08:09,943] {logging_mixin.py:115} INFO - [2023-02-04 02:08:09,943] {dag.py:2968} INFO - Setting next_dagrun for example_trigger_target_dag to None, run_after=None
[2023-02-04 02:08:09,962] {processor.py:161} INFO - Processing /home/milo/13-airflow/airflowhome/airflowenv/lib/python3.9/site-packages/airflow/example_dags/example_trigger_target_dag.py took 0.104 seconds
[2023-02-04 02:08:46,098] {processor.py:153} INFO - Started process (PID=7672) to work on /home/milo/13-airflow/airflowhome/airflowenv/lib/python3.9/site-packages/airflow/example_dags/example_trigger_target_dag.py
[2023-02-04 02:08:46,100] {processor.py:641} INFO - Processing file /home/milo/13-airflow/airflowhome/airflowenv/lib/python3.9/site-packages/airflow/example_dags/example_trigger_target_dag.py for tasks to queue
[2023-02-04 02:08:46,101] {logging_mixin.py:115} INFO - [2023-02-04 02:08:46,101] {dagbag.py:508} INFO - Filling up the DagBag from /home/milo/13-airflow/airflowhome/airflowenv/lib/python3.9/site-packages/airflow/example_dags/example_trigger_target_dag.py
[2023-02-04 02:08:46,127] {processor.py:651} INFO - DAG(s) dict_keys(['example_trigger_target_dag']) retrieved from /home/milo/13-airflow/airflowhome/airflowenv/lib/python3.9/site-packages/airflow/example_dags/example_trigger_target_dag.py
[2023-02-04 02:08:46,149] {logging_mixin.py:115} INFO - [2023-02-04 02:08:46,149] {dag.py:2420} INFO - Sync 1 DAGs
[2023-02-04 02:08:46,176] {logging_mixin.py:115} INFO - [2023-02-04 02:08:46,176] {dag.py:2968} INFO - Setting next_dagrun for example_trigger_target_dag to None, run_after=None
[2023-02-04 02:08:46,217] {processor.py:161} INFO - Processing /home/milo/13-airflow/airflowhome/airflowenv/lib/python3.9/site-packages/airflow/example_dags/example_trigger_target_dag.py took 0.123 seconds
[2023-02-04 02:22:19,024] {processor.py:153} INFO - Started process (PID=7907) to work on /home/milo/13-airflow/airflowhome/airflowenv/lib/python3.9/site-packages/airflow/example_dags/example_trigger_target_dag.py
[2023-02-04 02:22:19,026] {processor.py:641} INFO - Processing file /home/milo/13-airflow/airflowhome/airflowenv/lib/python3.9/site-packages/airflow/example_dags/example_trigger_target_dag.py for tasks to queue
[2023-02-04 02:22:19,027] {logging_mixin.py:115} INFO - [2023-02-04 02:22:19,027] {dagbag.py:508} INFO - Filling up the DagBag from /home/milo/13-airflow/airflowhome/airflowenv/lib/python3.9/site-packages/airflow/example_dags/example_trigger_target_dag.py
[2023-02-04 02:22:19,054] {processor.py:651} INFO - DAG(s) dict_keys(['example_trigger_target_dag']) retrieved from /home/milo/13-airflow/airflowhome/airflowenv/lib/python3.9/site-packages/airflow/example_dags/example_trigger_target_dag.py
[2023-02-04 02:22:19,079] {logging_mixin.py:115} INFO - [2023-02-04 02:22:19,079] {dag.py:2420} INFO - Sync 1 DAGs
[2023-02-04 02:22:19,110] {logging_mixin.py:115} INFO - [2023-02-04 02:22:19,110] {dag.py:2968} INFO - Setting next_dagrun for example_trigger_target_dag to None, run_after=None
[2023-02-04 02:22:19,132] {processor.py:161} INFO - Processing /home/milo/13-airflow/airflowhome/airflowenv/lib/python3.9/site-packages/airflow/example_dags/example_trigger_target_dag.py took 0.113 seconds
