[2023-02-04 01:53:31,145] {processor.py:153} INFO - Started process (PID=6614) to work on /home/milo/13-airflow/airflowhome/airflowenv/lib/python3.9/site-packages/airflow/example_dags/example_branch_datetime_operator.py
[2023-02-04 01:53:31,145] {processor.py:641} INFO - Processing file /home/milo/13-airflow/airflowhome/airflowenv/lib/python3.9/site-packages/airflow/example_dags/example_branch_datetime_operator.py for tasks to queue
[2023-02-04 01:53:31,147] {logging_mixin.py:115} INFO - [2023-02-04 01:53:31,146] {dagbag.py:508} INFO - Filling up the DagBag from /home/milo/13-airflow/airflowhome/airflowenv/lib/python3.9/site-packages/airflow/example_dags/example_branch_datetime_operator.py
[2023-02-04 01:53:31,162] {processor.py:651} INFO - DAG(s) dict_keys(['example_branch_datetime_operator', 'example_branch_datetime_operator_2']) retrieved from /home/milo/13-airflow/airflowhome/airflowenv/lib/python3.9/site-packages/airflow/example_dags/example_branch_datetime_operator.py
[2023-02-04 01:53:31,274] {logging_mixin.py:115} INFO - [2023-02-04 01:53:31,274] {manager.py:508} INFO - Created Permission View: can read on DAG:example_branch_datetime_operator
[2023-02-04 01:53:31,290] {logging_mixin.py:115} INFO - [2023-02-04 01:53:31,290] {manager.py:508} INFO - Created Permission View: can edit on DAG:example_branch_datetime_operator
[2023-02-04 01:53:31,303] {logging_mixin.py:115} INFO - [2023-02-04 01:53:31,303] {manager.py:508} INFO - Created Permission View: can delete on DAG:example_branch_datetime_operator
[2023-02-04 01:53:31,330] {logging_mixin.py:115} INFO - [2023-02-04 01:53:31,330] {manager.py:508} INFO - Created Permission View: can read on DAG:example_branch_datetime_operator_2
[2023-02-04 01:53:31,349] {logging_mixin.py:115} INFO - [2023-02-04 01:53:31,349] {manager.py:508} INFO - Created Permission View: can edit on DAG:example_branch_datetime_operator_2
[2023-02-04 01:53:31,439] {logging_mixin.py:115} INFO - [2023-02-04 01:53:31,439] {manager.py:508} INFO - Created Permission View: can delete on DAG:example_branch_datetime_operator_2
[2023-02-04 01:53:31,439] {logging_mixin.py:115} INFO - [2023-02-04 01:53:31,439] {dag.py:2420} INFO - Sync 2 DAGs
[2023-02-04 01:53:31,475] {logging_mixin.py:115} INFO - [2023-02-04 01:53:31,475] {dag.py:2439} INFO - Creating ORM DAG for example_branch_datetime_operator
[2023-02-04 01:53:31,476] {logging_mixin.py:115} INFO - [2023-02-04 01:53:31,476] {dag.py:2439} INFO - Creating ORM DAG for example_branch_datetime_operator_2
[2023-02-04 01:53:31,496] {logging_mixin.py:115} INFO - [2023-02-04 01:53:31,496] {dag.py:2968} INFO - Setting next_dagrun for example_branch_datetime_operator to 2023-02-03T00:00:00+00:00, run_after=2023-02-04T00:00:00+00:00
[2023-02-04 01:53:31,499] {logging_mixin.py:115} INFO - [2023-02-04 01:53:31,499] {dag.py:2968} INFO - Setting next_dagrun for example_branch_datetime_operator_2 to 2023-02-03T00:00:00+00:00, run_after=2023-02-04T00:00:00+00:00
[2023-02-04 01:53:31,560] {processor.py:161} INFO - Processing /home/milo/13-airflow/airflowhome/airflowenv/lib/python3.9/site-packages/airflow/example_dags/example_branch_datetime_operator.py took 0.420 seconds
[2023-02-04 01:54:16,748] {processor.py:153} INFO - Started process (PID=6653) to work on /home/milo/13-airflow/airflowhome/airflowenv/lib/python3.9/site-packages/airflow/example_dags/example_branch_datetime_operator.py
[2023-02-04 01:54:16,765] {processor.py:641} INFO - Processing file /home/milo/13-airflow/airflowhome/airflowenv/lib/python3.9/site-packages/airflow/example_dags/example_branch_datetime_operator.py for tasks to queue
[2023-02-04 01:54:16,766] {logging_mixin.py:115} INFO - [2023-02-04 01:54:16,766] {dagbag.py:508} INFO - Filling up the DagBag from /home/milo/13-airflow/airflowhome/airflowenv/lib/python3.9/site-packages/airflow/example_dags/example_branch_datetime_operator.py
[2023-02-04 01:54:16,781] {processor.py:651} INFO - DAG(s) dict_keys(['example_branch_datetime_operator', 'example_branch_datetime_operator_2']) retrieved from /home/milo/13-airflow/airflowhome/airflowenv/lib/python3.9/site-packages/airflow/example_dags/example_branch_datetime_operator.py
[2023-02-04 01:54:16,811] {logging_mixin.py:115} INFO - [2023-02-04 01:54:16,811] {dag.py:2420} INFO - Sync 2 DAGs
[2023-02-04 01:54:16,844] {logging_mixin.py:115} INFO - [2023-02-04 01:54:16,844] {dag.py:2968} INFO - Setting next_dagrun for example_branch_datetime_operator to 2023-02-03T00:00:00+00:00, run_after=2023-02-04T00:00:00+00:00
[2023-02-04 01:54:16,846] {logging_mixin.py:115} INFO - [2023-02-04 01:54:16,846] {dag.py:2968} INFO - Setting next_dagrun for example_branch_datetime_operator_2 to 2023-02-03T00:00:00+00:00, run_after=2023-02-04T00:00:00+00:00
[2023-02-04 01:54:17,996] {processor.py:161} INFO - Processing /home/milo/13-airflow/airflowhome/airflowenv/lib/python3.9/site-packages/airflow/example_dags/example_branch_datetime_operator.py took 1.253 seconds
[2023-02-04 01:55:00,000] {processor.py:153} INFO - Started process (PID=6695) to work on /home/milo/13-airflow/airflowhome/airflowenv/lib/python3.9/site-packages/airflow/example_dags/example_branch_datetime_operator.py
[2023-02-04 01:55:00,002] {processor.py:641} INFO - Processing file /home/milo/13-airflow/airflowhome/airflowenv/lib/python3.9/site-packages/airflow/example_dags/example_branch_datetime_operator.py for tasks to queue
[2023-02-04 01:55:00,003] {logging_mixin.py:115} INFO - [2023-02-04 01:55:00,002] {dagbag.py:508} INFO - Filling up the DagBag from /home/milo/13-airflow/airflowhome/airflowenv/lib/python3.9/site-packages/airflow/example_dags/example_branch_datetime_operator.py
[2023-02-04 01:55:00,024] {processor.py:651} INFO - DAG(s) dict_keys(['example_branch_datetime_operator', 'example_branch_datetime_operator_2']) retrieved from /home/milo/13-airflow/airflowhome/airflowenv/lib/python3.9/site-packages/airflow/example_dags/example_branch_datetime_operator.py
[2023-02-04 01:55:00,060] {logging_mixin.py:115} INFO - [2023-02-04 01:55:00,060] {dag.py:2420} INFO - Sync 2 DAGs
[2023-02-04 01:55:00,092] {logging_mixin.py:115} INFO - [2023-02-04 01:55:00,092] {dag.py:2968} INFO - Setting next_dagrun for example_branch_datetime_operator to 2023-02-03T00:00:00+00:00, run_after=2023-02-04T00:00:00+00:00
[2023-02-04 01:55:00,095] {logging_mixin.py:115} INFO - [2023-02-04 01:55:00,095] {dag.py:2968} INFO - Setting next_dagrun for example_branch_datetime_operator_2 to 2023-02-03T00:00:00+00:00, run_after=2023-02-04T00:00:00+00:00
[2023-02-04 01:55:00,116] {processor.py:161} INFO - Processing /home/milo/13-airflow/airflowhome/airflowenv/lib/python3.9/site-packages/airflow/example_dags/example_branch_datetime_operator.py took 0.122 seconds
[2023-02-04 01:56:07,339] {processor.py:153} INFO - Started process (PID=6740) to work on /home/milo/13-airflow/airflowhome/airflowenv/lib/python3.9/site-packages/airflow/example_dags/example_branch_datetime_operator.py
[2023-02-04 01:56:07,380] {processor.py:641} INFO - Processing file /home/milo/13-airflow/airflowhome/airflowenv/lib/python3.9/site-packages/airflow/example_dags/example_branch_datetime_operator.py for tasks to queue
[2023-02-04 01:56:07,381] {logging_mixin.py:115} INFO - [2023-02-04 01:56:07,380] {dagbag.py:508} INFO - Filling up the DagBag from /home/milo/13-airflow/airflowhome/airflowenv/lib/python3.9/site-packages/airflow/example_dags/example_branch_datetime_operator.py
[2023-02-04 01:56:07,397] {processor.py:651} INFO - DAG(s) dict_keys(['example_branch_datetime_operator', 'example_branch_datetime_operator_2']) retrieved from /home/milo/13-airflow/airflowhome/airflowenv/lib/python3.9/site-packages/airflow/example_dags/example_branch_datetime_operator.py
[2023-02-04 01:56:07,427] {logging_mixin.py:115} INFO - [2023-02-04 01:56:07,427] {dag.py:2420} INFO - Sync 2 DAGs
[2023-02-04 01:56:07,457] {logging_mixin.py:115} INFO - [2023-02-04 01:56:07,457] {dag.py:2968} INFO - Setting next_dagrun for example_branch_datetime_operator to 2023-02-03T00:00:00+00:00, run_after=2023-02-04T00:00:00+00:00
[2023-02-04 01:56:07,460] {logging_mixin.py:115} INFO - [2023-02-04 01:56:07,460] {dag.py:2968} INFO - Setting next_dagrun for example_branch_datetime_operator_2 to 2023-02-03T00:00:00+00:00, run_after=2023-02-04T00:00:00+00:00
[2023-02-04 01:56:08,201] {processor.py:161} INFO - Processing /home/milo/13-airflow/airflowhome/airflowenv/lib/python3.9/site-packages/airflow/example_dags/example_branch_datetime_operator.py took 0.867 seconds
[2023-02-04 01:56:58,570] {processor.py:153} INFO - Started process (PID=6778) to work on /home/milo/13-airflow/airflowhome/airflowenv/lib/python3.9/site-packages/airflow/example_dags/example_branch_datetime_operator.py
[2023-02-04 01:56:58,574] {processor.py:641} INFO - Processing file /home/milo/13-airflow/airflowhome/airflowenv/lib/python3.9/site-packages/airflow/example_dags/example_branch_datetime_operator.py for tasks to queue
[2023-02-04 01:56:58,575] {logging_mixin.py:115} INFO - [2023-02-04 01:56:58,575] {dagbag.py:508} INFO - Filling up the DagBag from /home/milo/13-airflow/airflowhome/airflowenv/lib/python3.9/site-packages/airflow/example_dags/example_branch_datetime_operator.py
[2023-02-04 01:56:58,593] {processor.py:651} INFO - DAG(s) dict_keys(['example_branch_datetime_operator', 'example_branch_datetime_operator_2']) retrieved from /home/milo/13-airflow/airflowhome/airflowenv/lib/python3.9/site-packages/airflow/example_dags/example_branch_datetime_operator.py
[2023-02-04 01:56:58,624] {logging_mixin.py:115} INFO - [2023-02-04 01:56:58,624] {dag.py:2420} INFO - Sync 2 DAGs
[2023-02-04 01:56:58,658] {logging_mixin.py:115} INFO - [2023-02-04 01:56:58,657] {dag.py:2968} INFO - Setting next_dagrun for example_branch_datetime_operator to 2023-02-03T00:00:00+00:00, run_after=2023-02-04T00:00:00+00:00
[2023-02-04 01:56:58,661] {logging_mixin.py:115} INFO - [2023-02-04 01:56:58,660] {dag.py:2968} INFO - Setting next_dagrun for example_branch_datetime_operator_2 to 2023-02-03T00:00:00+00:00, run_after=2023-02-04T00:00:00+00:00
[2023-02-04 01:56:58,962] {processor.py:161} INFO - Processing /home/milo/13-airflow/airflowhome/airflowenv/lib/python3.9/site-packages/airflow/example_dags/example_branch_datetime_operator.py took 0.398 seconds
[2023-02-04 01:57:35,773] {processor.py:153} INFO - Started process (PID=6812) to work on /home/milo/13-airflow/airflowhome/airflowenv/lib/python3.9/site-packages/airflow/example_dags/example_branch_datetime_operator.py
[2023-02-04 01:57:35,779] {processor.py:641} INFO - Processing file /home/milo/13-airflow/airflowhome/airflowenv/lib/python3.9/site-packages/airflow/example_dags/example_branch_datetime_operator.py for tasks to queue
[2023-02-04 01:57:35,780] {logging_mixin.py:115} INFO - [2023-02-04 01:57:35,780] {dagbag.py:508} INFO - Filling up the DagBag from /home/milo/13-airflow/airflowhome/airflowenv/lib/python3.9/site-packages/airflow/example_dags/example_branch_datetime_operator.py
[2023-02-04 01:57:35,796] {processor.py:651} INFO - DAG(s) dict_keys(['example_branch_datetime_operator', 'example_branch_datetime_operator_2']) retrieved from /home/milo/13-airflow/airflowhome/airflowenv/lib/python3.9/site-packages/airflow/example_dags/example_branch_datetime_operator.py
[2023-02-04 01:57:35,827] {logging_mixin.py:115} INFO - [2023-02-04 01:57:35,826] {dag.py:2420} INFO - Sync 2 DAGs
[2023-02-04 01:57:35,858] {logging_mixin.py:115} INFO - [2023-02-04 01:57:35,858] {dag.py:2968} INFO - Setting next_dagrun for example_branch_datetime_operator to 2023-02-03T00:00:00+00:00, run_after=2023-02-04T00:00:00+00:00
[2023-02-04 01:57:35,861] {logging_mixin.py:115} INFO - [2023-02-04 01:57:35,860] {dag.py:2968} INFO - Setting next_dagrun for example_branch_datetime_operator_2 to 2023-02-03T00:00:00+00:00, run_after=2023-02-04T00:00:00+00:00
[2023-02-04 01:57:35,883] {processor.py:161} INFO - Processing /home/milo/13-airflow/airflowhome/airflowenv/lib/python3.9/site-packages/airflow/example_dags/example_branch_datetime_operator.py took 0.115 seconds
[2023-02-04 01:58:11,712] {processor.py:153} INFO - Started process (PID=7035) to work on /home/milo/13-airflow/airflowhome/airflowenv/lib/python3.9/site-packages/airflow/example_dags/example_branch_datetime_operator.py
[2023-02-04 01:58:11,714] {processor.py:641} INFO - Processing file /home/milo/13-airflow/airflowhome/airflowenv/lib/python3.9/site-packages/airflow/example_dags/example_branch_datetime_operator.py for tasks to queue
[2023-02-04 01:58:11,715] {logging_mixin.py:115} INFO - [2023-02-04 01:58:11,714] {dagbag.py:508} INFO - Filling up the DagBag from /home/milo/13-airflow/airflowhome/airflowenv/lib/python3.9/site-packages/airflow/example_dags/example_branch_datetime_operator.py
[2023-02-04 01:58:11,730] {processor.py:651} INFO - DAG(s) dict_keys(['example_branch_datetime_operator', 'example_branch_datetime_operator_2']) retrieved from /home/milo/13-airflow/airflowhome/airflowenv/lib/python3.9/site-packages/airflow/example_dags/example_branch_datetime_operator.py
[2023-02-04 01:58:11,761] {logging_mixin.py:115} INFO - [2023-02-04 01:58:11,761] {dag.py:2420} INFO - Sync 2 DAGs
[2023-02-04 01:58:11,791] {logging_mixin.py:115} INFO - [2023-02-04 01:58:11,791] {dag.py:2968} INFO - Setting next_dagrun for example_branch_datetime_operator to 2023-02-03T00:00:00+00:00, run_after=2023-02-04T00:00:00+00:00
[2023-02-04 01:58:11,794] {logging_mixin.py:115} INFO - [2023-02-04 01:58:11,794] {dag.py:2968} INFO - Setting next_dagrun for example_branch_datetime_operator_2 to 2023-02-03T00:00:00+00:00, run_after=2023-02-04T00:00:00+00:00
[2023-02-04 01:58:11,815] {processor.py:161} INFO - Processing /home/milo/13-airflow/airflowhome/airflowenv/lib/python3.9/site-packages/airflow/example_dags/example_branch_datetime_operator.py took 0.108 seconds
[2023-02-04 01:58:46,948] {processor.py:153} INFO - Started process (PID=7076) to work on /home/milo/13-airflow/airflowhome/airflowenv/lib/python3.9/site-packages/airflow/example_dags/example_branch_datetime_operator.py
[2023-02-04 01:58:46,950] {processor.py:641} INFO - Processing file /home/milo/13-airflow/airflowhome/airflowenv/lib/python3.9/site-packages/airflow/example_dags/example_branch_datetime_operator.py for tasks to queue
[2023-02-04 01:58:46,951] {logging_mixin.py:115} INFO - [2023-02-04 01:58:46,951] {dagbag.py:508} INFO - Filling up the DagBag from /home/milo/13-airflow/airflowhome/airflowenv/lib/python3.9/site-packages/airflow/example_dags/example_branch_datetime_operator.py
[2023-02-04 01:58:46,967] {processor.py:651} INFO - DAG(s) dict_keys(['example_branch_datetime_operator', 'example_branch_datetime_operator_2']) retrieved from /home/milo/13-airflow/airflowhome/airflowenv/lib/python3.9/site-packages/airflow/example_dags/example_branch_datetime_operator.py
[2023-02-04 01:58:47,000] {logging_mixin.py:115} INFO - [2023-02-04 01:58:47,000] {dag.py:2420} INFO - Sync 2 DAGs
[2023-02-04 01:58:47,030] {logging_mixin.py:115} INFO - [2023-02-04 01:58:47,030] {dag.py:2968} INFO - Setting next_dagrun for example_branch_datetime_operator to 2023-02-03T00:00:00+00:00, run_after=2023-02-04T00:00:00+00:00
[2023-02-04 01:58:47,033] {logging_mixin.py:115} INFO - [2023-02-04 01:58:47,033] {dag.py:2968} INFO - Setting next_dagrun for example_branch_datetime_operator_2 to 2023-02-03T00:00:00+00:00, run_after=2023-02-04T00:00:00+00:00
[2023-02-04 01:58:47,053] {processor.py:161} INFO - Processing /home/milo/13-airflow/airflowhome/airflowenv/lib/python3.9/site-packages/airflow/example_dags/example_branch_datetime_operator.py took 0.110 seconds
[2023-02-04 01:59:22,016] {processor.py:153} INFO - Started process (PID=7112) to work on /home/milo/13-airflow/airflowhome/airflowenv/lib/python3.9/site-packages/airflow/example_dags/example_branch_datetime_operator.py
[2023-02-04 01:59:22,018] {processor.py:641} INFO - Processing file /home/milo/13-airflow/airflowhome/airflowenv/lib/python3.9/site-packages/airflow/example_dags/example_branch_datetime_operator.py for tasks to queue
[2023-02-04 01:59:22,019] {logging_mixin.py:115} INFO - [2023-02-04 01:59:22,019] {dagbag.py:508} INFO - Filling up the DagBag from /home/milo/13-airflow/airflowhome/airflowenv/lib/python3.9/site-packages/airflow/example_dags/example_branch_datetime_operator.py
[2023-02-04 01:59:22,037] {processor.py:651} INFO - DAG(s) dict_keys(['example_branch_datetime_operator', 'example_branch_datetime_operator_2']) retrieved from /home/milo/13-airflow/airflowhome/airflowenv/lib/python3.9/site-packages/airflow/example_dags/example_branch_datetime_operator.py
[2023-02-04 01:59:22,065] {logging_mixin.py:115} INFO - [2023-02-04 01:59:22,065] {dag.py:2420} INFO - Sync 2 DAGs
[2023-02-04 01:59:22,096] {logging_mixin.py:115} INFO - [2023-02-04 01:59:22,095] {dag.py:2968} INFO - Setting next_dagrun for example_branch_datetime_operator to 2023-02-03T00:00:00+00:00, run_after=2023-02-04T00:00:00+00:00
[2023-02-04 01:59:22,098] {logging_mixin.py:115} INFO - [2023-02-04 01:59:22,098] {dag.py:2968} INFO - Setting next_dagrun for example_branch_datetime_operator_2 to 2023-02-03T00:00:00+00:00, run_after=2023-02-04T00:00:00+00:00
[2023-02-04 01:59:22,119] {processor.py:161} INFO - Processing /home/milo/13-airflow/airflowhome/airflowenv/lib/python3.9/site-packages/airflow/example_dags/example_branch_datetime_operator.py took 0.107 seconds
[2023-02-04 01:59:58,255] {processor.py:153} INFO - Started process (PID=7149) to work on /home/milo/13-airflow/airflowhome/airflowenv/lib/python3.9/site-packages/airflow/example_dags/example_branch_datetime_operator.py
[2023-02-04 01:59:58,258] {processor.py:641} INFO - Processing file /home/milo/13-airflow/airflowhome/airflowenv/lib/python3.9/site-packages/airflow/example_dags/example_branch_datetime_operator.py for tasks to queue
[2023-02-04 01:59:58,259] {logging_mixin.py:115} INFO - [2023-02-04 01:59:58,259] {dagbag.py:508} INFO - Filling up the DagBag from /home/milo/13-airflow/airflowhome/airflowenv/lib/python3.9/site-packages/airflow/example_dags/example_branch_datetime_operator.py
[2023-02-04 01:59:58,275] {processor.py:651} INFO - DAG(s) dict_keys(['example_branch_datetime_operator', 'example_branch_datetime_operator_2']) retrieved from /home/milo/13-airflow/airflowhome/airflowenv/lib/python3.9/site-packages/airflow/example_dags/example_branch_datetime_operator.py
[2023-02-04 01:59:58,305] {logging_mixin.py:115} INFO - [2023-02-04 01:59:58,305] {dag.py:2420} INFO - Sync 2 DAGs
[2023-02-04 01:59:58,337] {logging_mixin.py:115} INFO - [2023-02-04 01:59:58,336] {dag.py:2968} INFO - Setting next_dagrun for example_branch_datetime_operator to 2023-02-03T00:00:00+00:00, run_after=2023-02-04T00:00:00+00:00
[2023-02-04 01:59:58,339] {logging_mixin.py:115} INFO - [2023-02-04 01:59:58,339] {dag.py:2968} INFO - Setting next_dagrun for example_branch_datetime_operator_2 to 2023-02-03T00:00:00+00:00, run_after=2023-02-04T00:00:00+00:00
[2023-02-04 01:59:58,367] {processor.py:161} INFO - Processing /home/milo/13-airflow/airflowhome/airflowenv/lib/python3.9/site-packages/airflow/example_dags/example_branch_datetime_operator.py took 0.117 seconds
[2023-02-04 02:00:34,974] {processor.py:153} INFO - Started process (PID=7185) to work on /home/milo/13-airflow/airflowhome/airflowenv/lib/python3.9/site-packages/airflow/example_dags/example_branch_datetime_operator.py
[2023-02-04 02:00:34,976] {processor.py:641} INFO - Processing file /home/milo/13-airflow/airflowhome/airflowenv/lib/python3.9/site-packages/airflow/example_dags/example_branch_datetime_operator.py for tasks to queue
[2023-02-04 02:00:34,977] {logging_mixin.py:115} INFO - [2023-02-04 02:00:34,977] {dagbag.py:508} INFO - Filling up the DagBag from /home/milo/13-airflow/airflowhome/airflowenv/lib/python3.9/site-packages/airflow/example_dags/example_branch_datetime_operator.py
[2023-02-04 02:00:34,992] {processor.py:651} INFO - DAG(s) dict_keys(['example_branch_datetime_operator', 'example_branch_datetime_operator_2']) retrieved from /home/milo/13-airflow/airflowhome/airflowenv/lib/python3.9/site-packages/airflow/example_dags/example_branch_datetime_operator.py
[2023-02-04 02:00:35,022] {logging_mixin.py:115} INFO - [2023-02-04 02:00:35,021] {dag.py:2420} INFO - Sync 2 DAGs
[2023-02-04 02:00:35,053] {logging_mixin.py:115} INFO - [2023-02-04 02:00:35,052] {dag.py:2968} INFO - Setting next_dagrun for example_branch_datetime_operator to 2023-02-03T00:00:00+00:00, run_after=2023-02-04T00:00:00+00:00
[2023-02-04 02:00:35,056] {logging_mixin.py:115} INFO - [2023-02-04 02:00:35,055] {dag.py:2968} INFO - Setting next_dagrun for example_branch_datetime_operator_2 to 2023-02-03T00:00:00+00:00, run_after=2023-02-04T00:00:00+00:00
[2023-02-04 02:00:35,075] {processor.py:161} INFO - Processing /home/milo/13-airflow/airflowhome/airflowenv/lib/python3.9/site-packages/airflow/example_dags/example_branch_datetime_operator.py took 0.106 seconds
[2023-02-04 02:01:10,051] {processor.py:153} INFO - Started process (PID=7221) to work on /home/milo/13-airflow/airflowhome/airflowenv/lib/python3.9/site-packages/airflow/example_dags/example_branch_datetime_operator.py
[2023-02-04 02:01:10,053] {processor.py:641} INFO - Processing file /home/milo/13-airflow/airflowhome/airflowenv/lib/python3.9/site-packages/airflow/example_dags/example_branch_datetime_operator.py for tasks to queue
[2023-02-04 02:01:10,054] {logging_mixin.py:115} INFO - [2023-02-04 02:01:10,054] {dagbag.py:508} INFO - Filling up the DagBag from /home/milo/13-airflow/airflowhome/airflowenv/lib/python3.9/site-packages/airflow/example_dags/example_branch_datetime_operator.py
[2023-02-04 02:01:10,070] {processor.py:651} INFO - DAG(s) dict_keys(['example_branch_datetime_operator', 'example_branch_datetime_operator_2']) retrieved from /home/milo/13-airflow/airflowhome/airflowenv/lib/python3.9/site-packages/airflow/example_dags/example_branch_datetime_operator.py
[2023-02-04 02:01:10,100] {logging_mixin.py:115} INFO - [2023-02-04 02:01:10,100] {dag.py:2420} INFO - Sync 2 DAGs
[2023-02-04 02:01:10,131] {logging_mixin.py:115} INFO - [2023-02-04 02:01:10,131] {dag.py:2968} INFO - Setting next_dagrun for example_branch_datetime_operator to 2023-02-03T00:00:00+00:00, run_after=2023-02-04T00:00:00+00:00
[2023-02-04 02:01:10,134] {logging_mixin.py:115} INFO - [2023-02-04 02:01:10,134] {dag.py:2968} INFO - Setting next_dagrun for example_branch_datetime_operator_2 to 2023-02-03T00:00:00+00:00, run_after=2023-02-04T00:00:00+00:00
[2023-02-04 02:01:10,153] {processor.py:161} INFO - Processing /home/milo/13-airflow/airflowhome/airflowenv/lib/python3.9/site-packages/airflow/example_dags/example_branch_datetime_operator.py took 0.107 seconds
[2023-02-04 02:01:47,931] {processor.py:153} INFO - Started process (PID=7258) to work on /home/milo/13-airflow/airflowhome/airflowenv/lib/python3.9/site-packages/airflow/example_dags/example_branch_datetime_operator.py
[2023-02-04 02:01:47,933] {processor.py:641} INFO - Processing file /home/milo/13-airflow/airflowhome/airflowenv/lib/python3.9/site-packages/airflow/example_dags/example_branch_datetime_operator.py for tasks to queue
[2023-02-04 02:01:47,934] {logging_mixin.py:115} INFO - [2023-02-04 02:01:47,934] {dagbag.py:508} INFO - Filling up the DagBag from /home/milo/13-airflow/airflowhome/airflowenv/lib/python3.9/site-packages/airflow/example_dags/example_branch_datetime_operator.py
[2023-02-04 02:01:47,950] {processor.py:651} INFO - DAG(s) dict_keys(['example_branch_datetime_operator', 'example_branch_datetime_operator_2']) retrieved from /home/milo/13-airflow/airflowhome/airflowenv/lib/python3.9/site-packages/airflow/example_dags/example_branch_datetime_operator.py
[2023-02-04 02:01:47,981] {logging_mixin.py:115} INFO - [2023-02-04 02:01:47,981] {dag.py:2420} INFO - Sync 2 DAGs
[2023-02-04 02:01:48,012] {logging_mixin.py:115} INFO - [2023-02-04 02:01:48,012] {dag.py:2968} INFO - Setting next_dagrun for example_branch_datetime_operator to 2023-02-03T00:00:00+00:00, run_after=2023-02-04T00:00:00+00:00
[2023-02-04 02:01:48,018] {logging_mixin.py:115} INFO - [2023-02-04 02:01:48,018] {dag.py:2968} INFO - Setting next_dagrun for example_branch_datetime_operator_2 to 2023-02-03T00:00:00+00:00, run_after=2023-02-04T00:00:00+00:00
[2023-02-04 02:01:48,038] {processor.py:161} INFO - Processing /home/milo/13-airflow/airflowhome/airflowenv/lib/python3.9/site-packages/airflow/example_dags/example_branch_datetime_operator.py took 0.112 seconds
[2023-02-04 02:02:21,752] {processor.py:153} INFO - Started process (PID=7293) to work on /home/milo/13-airflow/airflowhome/airflowenv/lib/python3.9/site-packages/airflow/example_dags/example_branch_datetime_operator.py
[2023-02-04 02:02:21,754] {processor.py:641} INFO - Processing file /home/milo/13-airflow/airflowhome/airflowenv/lib/python3.9/site-packages/airflow/example_dags/example_branch_datetime_operator.py for tasks to queue
[2023-02-04 02:02:21,755] {logging_mixin.py:115} INFO - [2023-02-04 02:02:21,755] {dagbag.py:508} INFO - Filling up the DagBag from /home/milo/13-airflow/airflowhome/airflowenv/lib/python3.9/site-packages/airflow/example_dags/example_branch_datetime_operator.py
[2023-02-04 02:02:21,772] {processor.py:651} INFO - DAG(s) dict_keys(['example_branch_datetime_operator', 'example_branch_datetime_operator_2']) retrieved from /home/milo/13-airflow/airflowhome/airflowenv/lib/python3.9/site-packages/airflow/example_dags/example_branch_datetime_operator.py
[2023-02-04 02:02:21,803] {logging_mixin.py:115} INFO - [2023-02-04 02:02:21,802] {dag.py:2420} INFO - Sync 2 DAGs
[2023-02-04 02:02:21,833] {logging_mixin.py:115} INFO - [2023-02-04 02:02:21,832] {dag.py:2968} INFO - Setting next_dagrun for example_branch_datetime_operator to 2023-02-03T00:00:00+00:00, run_after=2023-02-04T00:00:00+00:00
[2023-02-04 02:02:21,835] {logging_mixin.py:115} INFO - [2023-02-04 02:02:21,835] {dag.py:2968} INFO - Setting next_dagrun for example_branch_datetime_operator_2 to 2023-02-03T00:00:00+00:00, run_after=2023-02-04T00:00:00+00:00
[2023-02-04 02:02:21,856] {processor.py:161} INFO - Processing /home/milo/13-airflow/airflowhome/airflowenv/lib/python3.9/site-packages/airflow/example_dags/example_branch_datetime_operator.py took 0.109 seconds
[2023-02-04 02:02:58,397] {processor.py:153} INFO - Started process (PID=7330) to work on /home/milo/13-airflow/airflowhome/airflowenv/lib/python3.9/site-packages/airflow/example_dags/example_branch_datetime_operator.py
[2023-02-04 02:02:58,398] {processor.py:641} INFO - Processing file /home/milo/13-airflow/airflowhome/airflowenv/lib/python3.9/site-packages/airflow/example_dags/example_branch_datetime_operator.py for tasks to queue
[2023-02-04 02:02:58,399] {logging_mixin.py:115} INFO - [2023-02-04 02:02:58,399] {dagbag.py:508} INFO - Filling up the DagBag from /home/milo/13-airflow/airflowhome/airflowenv/lib/python3.9/site-packages/airflow/example_dags/example_branch_datetime_operator.py
[2023-02-04 02:02:58,414] {processor.py:651} INFO - DAG(s) dict_keys(['example_branch_datetime_operator', 'example_branch_datetime_operator_2']) retrieved from /home/milo/13-airflow/airflowhome/airflowenv/lib/python3.9/site-packages/airflow/example_dags/example_branch_datetime_operator.py
[2023-02-04 02:02:58,444] {logging_mixin.py:115} INFO - [2023-02-04 02:02:58,443] {dag.py:2420} INFO - Sync 2 DAGs
[2023-02-04 02:02:58,474] {logging_mixin.py:115} INFO - [2023-02-04 02:02:58,474] {dag.py:2968} INFO - Setting next_dagrun for example_branch_datetime_operator to 2023-02-03T00:00:00+00:00, run_after=2023-02-04T00:00:00+00:00
[2023-02-04 02:02:58,477] {logging_mixin.py:115} INFO - [2023-02-04 02:02:58,477] {dag.py:2968} INFO - Setting next_dagrun for example_branch_datetime_operator_2 to 2023-02-03T00:00:00+00:00, run_after=2023-02-04T00:00:00+00:00
[2023-02-04 02:02:58,499] {processor.py:161} INFO - Processing /home/milo/13-airflow/airflowhome/airflowenv/lib/python3.9/site-packages/airflow/example_dags/example_branch_datetime_operator.py took 0.106 seconds
[2023-02-04 02:03:33,019] {processor.py:153} INFO - Started process (PID=7364) to work on /home/milo/13-airflow/airflowhome/airflowenv/lib/python3.9/site-packages/airflow/example_dags/example_branch_datetime_operator.py
[2023-02-04 02:03:33,021] {processor.py:641} INFO - Processing file /home/milo/13-airflow/airflowhome/airflowenv/lib/python3.9/site-packages/airflow/example_dags/example_branch_datetime_operator.py for tasks to queue
[2023-02-04 02:03:33,022] {logging_mixin.py:115} INFO - [2023-02-04 02:03:33,021] {dagbag.py:508} INFO - Filling up the DagBag from /home/milo/13-airflow/airflowhome/airflowenv/lib/python3.9/site-packages/airflow/example_dags/example_branch_datetime_operator.py
[2023-02-04 02:03:33,036] {processor.py:651} INFO - DAG(s) dict_keys(['example_branch_datetime_operator', 'example_branch_datetime_operator_2']) retrieved from /home/milo/13-airflow/airflowhome/airflowenv/lib/python3.9/site-packages/airflow/example_dags/example_branch_datetime_operator.py
[2023-02-04 02:03:33,066] {logging_mixin.py:115} INFO - [2023-02-04 02:03:33,066] {dag.py:2420} INFO - Sync 2 DAGs
[2023-02-04 02:03:33,097] {logging_mixin.py:115} INFO - [2023-02-04 02:03:33,097] {dag.py:2968} INFO - Setting next_dagrun for example_branch_datetime_operator to 2023-02-03T00:00:00+00:00, run_after=2023-02-04T00:00:00+00:00
[2023-02-04 02:03:33,100] {logging_mixin.py:115} INFO - [2023-02-04 02:03:33,100] {dag.py:2968} INFO - Setting next_dagrun for example_branch_datetime_operator_2 to 2023-02-03T00:00:00+00:00, run_after=2023-02-04T00:00:00+00:00
[2023-02-04 02:03:33,121] {processor.py:161} INFO - Processing /home/milo/13-airflow/airflowhome/airflowenv/lib/python3.9/site-packages/airflow/example_dags/example_branch_datetime_operator.py took 0.108 seconds
[2023-02-04 02:04:09,140] {processor.py:153} INFO - Started process (PID=7400) to work on /home/milo/13-airflow/airflowhome/airflowenv/lib/python3.9/site-packages/airflow/example_dags/example_branch_datetime_operator.py
[2023-02-04 02:04:09,141] {processor.py:641} INFO - Processing file /home/milo/13-airflow/airflowhome/airflowenv/lib/python3.9/site-packages/airflow/example_dags/example_branch_datetime_operator.py for tasks to queue
[2023-02-04 02:04:09,142] {logging_mixin.py:115} INFO - [2023-02-04 02:04:09,142] {dagbag.py:508} INFO - Filling up the DagBag from /home/milo/13-airflow/airflowhome/airflowenv/lib/python3.9/site-packages/airflow/example_dags/example_branch_datetime_operator.py
[2023-02-04 02:04:09,158] {processor.py:651} INFO - DAG(s) dict_keys(['example_branch_datetime_operator', 'example_branch_datetime_operator_2']) retrieved from /home/milo/13-airflow/airflowhome/airflowenv/lib/python3.9/site-packages/airflow/example_dags/example_branch_datetime_operator.py
[2023-02-04 02:04:09,205] {logging_mixin.py:115} INFO - [2023-02-04 02:04:09,205] {dag.py:2420} INFO - Sync 2 DAGs
[2023-02-04 02:04:09,254] {logging_mixin.py:115} INFO - [2023-02-04 02:04:09,254] {dag.py:2968} INFO - Setting next_dagrun for example_branch_datetime_operator to 2023-02-03T00:00:00+00:00, run_after=2023-02-04T00:00:00+00:00
[2023-02-04 02:04:09,257] {logging_mixin.py:115} INFO - [2023-02-04 02:04:09,257] {dag.py:2968} INFO - Setting next_dagrun for example_branch_datetime_operator_2 to 2023-02-03T00:00:00+00:00, run_after=2023-02-04T00:00:00+00:00
[2023-02-04 02:04:09,333] {processor.py:161} INFO - Processing /home/milo/13-airflow/airflowhome/airflowenv/lib/python3.9/site-packages/airflow/example_dags/example_branch_datetime_operator.py took 0.199 seconds
[2023-02-04 02:04:49,244] {processor.py:153} INFO - Started process (PID=7438) to work on /home/milo/13-airflow/airflowhome/airflowenv/lib/python3.9/site-packages/airflow/example_dags/example_branch_datetime_operator.py
[2023-02-04 02:04:49,245] {processor.py:641} INFO - Processing file /home/milo/13-airflow/airflowhome/airflowenv/lib/python3.9/site-packages/airflow/example_dags/example_branch_datetime_operator.py for tasks to queue
[2023-02-04 02:04:49,246] {logging_mixin.py:115} INFO - [2023-02-04 02:04:49,246] {dagbag.py:508} INFO - Filling up the DagBag from /home/milo/13-airflow/airflowhome/airflowenv/lib/python3.9/site-packages/airflow/example_dags/example_branch_datetime_operator.py
[2023-02-04 02:04:49,262] {processor.py:651} INFO - DAG(s) dict_keys(['example_branch_datetime_operator', 'example_branch_datetime_operator_2']) retrieved from /home/milo/13-airflow/airflowhome/airflowenv/lib/python3.9/site-packages/airflow/example_dags/example_branch_datetime_operator.py
[2023-02-04 02:04:49,292] {logging_mixin.py:115} INFO - [2023-02-04 02:04:49,292] {dag.py:2420} INFO - Sync 2 DAGs
[2023-02-04 02:04:49,325] {logging_mixin.py:115} INFO - [2023-02-04 02:04:49,325] {dag.py:2968} INFO - Setting next_dagrun for example_branch_datetime_operator to 2023-02-03T00:00:00+00:00, run_after=2023-02-04T00:00:00+00:00
[2023-02-04 02:04:49,327] {logging_mixin.py:115} INFO - [2023-02-04 02:04:49,327] {dag.py:2968} INFO - Setting next_dagrun for example_branch_datetime_operator_2 to 2023-02-03T00:00:00+00:00, run_after=2023-02-04T00:00:00+00:00
[2023-02-04 02:04:49,347] {processor.py:161} INFO - Processing /home/milo/13-airflow/airflowhome/airflowenv/lib/python3.9/site-packages/airflow/example_dags/example_branch_datetime_operator.py took 0.108 seconds
[2023-02-04 02:05:27,144] {processor.py:153} INFO - Started process (PID=7479) to work on /home/milo/13-airflow/airflowhome/airflowenv/lib/python3.9/site-packages/airflow/example_dags/example_branch_datetime_operator.py
[2023-02-04 02:05:27,147] {processor.py:641} INFO - Processing file /home/milo/13-airflow/airflowhome/airflowenv/lib/python3.9/site-packages/airflow/example_dags/example_branch_datetime_operator.py for tasks to queue
[2023-02-04 02:05:27,148] {logging_mixin.py:115} INFO - [2023-02-04 02:05:27,148] {dagbag.py:508} INFO - Filling up the DagBag from /home/milo/13-airflow/airflowhome/airflowenv/lib/python3.9/site-packages/airflow/example_dags/example_branch_datetime_operator.py
[2023-02-04 02:05:27,164] {processor.py:651} INFO - DAG(s) dict_keys(['example_branch_datetime_operator', 'example_branch_datetime_operator_2']) retrieved from /home/milo/13-airflow/airflowhome/airflowenv/lib/python3.9/site-packages/airflow/example_dags/example_branch_datetime_operator.py
[2023-02-04 02:05:27,196] {logging_mixin.py:115} INFO - [2023-02-04 02:05:27,195] {dag.py:2420} INFO - Sync 2 DAGs
[2023-02-04 02:05:27,226] {logging_mixin.py:115} INFO - [2023-02-04 02:05:27,226] {dag.py:2968} INFO - Setting next_dagrun for example_branch_datetime_operator to 2023-02-03T00:00:00+00:00, run_after=2023-02-04T00:00:00+00:00
[2023-02-04 02:05:27,230] {logging_mixin.py:115} INFO - [2023-02-04 02:05:27,229] {dag.py:2968} INFO - Setting next_dagrun for example_branch_datetime_operator_2 to 2023-02-03T00:00:00+00:00, run_after=2023-02-04T00:00:00+00:00
[2023-02-04 02:05:27,252] {processor.py:161} INFO - Processing /home/milo/13-airflow/airflowhome/airflowenv/lib/python3.9/site-packages/airflow/example_dags/example_branch_datetime_operator.py took 0.112 seconds
[2023-02-04 02:06:06,173] {processor.py:153} INFO - Started process (PID=7517) to work on /home/milo/13-airflow/airflowhome/airflowenv/lib/python3.9/site-packages/airflow/example_dags/example_branch_datetime_operator.py
[2023-02-04 02:06:06,174] {processor.py:641} INFO - Processing file /home/milo/13-airflow/airflowhome/airflowenv/lib/python3.9/site-packages/airflow/example_dags/example_branch_datetime_operator.py for tasks to queue
[2023-02-04 02:06:06,175] {logging_mixin.py:115} INFO - [2023-02-04 02:06:06,175] {dagbag.py:508} INFO - Filling up the DagBag from /home/milo/13-airflow/airflowhome/airflowenv/lib/python3.9/site-packages/airflow/example_dags/example_branch_datetime_operator.py
[2023-02-04 02:06:06,191] {processor.py:651} INFO - DAG(s) dict_keys(['example_branch_datetime_operator', 'example_branch_datetime_operator_2']) retrieved from /home/milo/13-airflow/airflowhome/airflowenv/lib/python3.9/site-packages/airflow/example_dags/example_branch_datetime_operator.py
[2023-02-04 02:06:06,221] {logging_mixin.py:115} INFO - [2023-02-04 02:06:06,221] {dag.py:2420} INFO - Sync 2 DAGs
[2023-02-04 02:06:06,265] {logging_mixin.py:115} INFO - [2023-02-04 02:06:06,265] {dag.py:2968} INFO - Setting next_dagrun for example_branch_datetime_operator to 2023-02-03T00:00:00+00:00, run_after=2023-02-04T00:00:00+00:00
[2023-02-04 02:06:06,268] {logging_mixin.py:115} INFO - [2023-02-04 02:06:06,268] {dag.py:2968} INFO - Setting next_dagrun for example_branch_datetime_operator_2 to 2023-02-03T00:00:00+00:00, run_after=2023-02-04T00:00:00+00:00
[2023-02-04 02:06:06,305] {processor.py:161} INFO - Processing /home/milo/13-airflow/airflowhome/airflowenv/lib/python3.9/site-packages/airflow/example_dags/example_branch_datetime_operator.py took 0.137 seconds
[2023-02-04 02:06:41,763] {processor.py:153} INFO - Started process (PID=7551) to work on /home/milo/13-airflow/airflowhome/airflowenv/lib/python3.9/site-packages/airflow/example_dags/example_branch_datetime_operator.py
[2023-02-04 02:06:41,767] {processor.py:641} INFO - Processing file /home/milo/13-airflow/airflowhome/airflowenv/lib/python3.9/site-packages/airflow/example_dags/example_branch_datetime_operator.py for tasks to queue
[2023-02-04 02:06:41,768] {logging_mixin.py:115} INFO - [2023-02-04 02:06:41,768] {dagbag.py:508} INFO - Filling up the DagBag from /home/milo/13-airflow/airflowhome/airflowenv/lib/python3.9/site-packages/airflow/example_dags/example_branch_datetime_operator.py
[2023-02-04 02:06:41,798] {processor.py:651} INFO - DAG(s) dict_keys(['example_branch_datetime_operator', 'example_branch_datetime_operator_2']) retrieved from /home/milo/13-airflow/airflowhome/airflowenv/lib/python3.9/site-packages/airflow/example_dags/example_branch_datetime_operator.py
[2023-02-04 02:06:41,850] {logging_mixin.py:115} INFO - [2023-02-04 02:06:41,850] {dag.py:2420} INFO - Sync 2 DAGs
[2023-02-04 02:06:41,884] {logging_mixin.py:115} INFO - [2023-02-04 02:06:41,884] {dag.py:2968} INFO - Setting next_dagrun for example_branch_datetime_operator to 2023-02-03T00:00:00+00:00, run_after=2023-02-04T00:00:00+00:00
[2023-02-04 02:06:41,887] {logging_mixin.py:115} INFO - [2023-02-04 02:06:41,887] {dag.py:2968} INFO - Setting next_dagrun for example_branch_datetime_operator_2 to 2023-02-03T00:00:00+00:00, run_after=2023-02-04T00:00:00+00:00
[2023-02-04 02:06:41,942] {processor.py:161} INFO - Processing /home/milo/13-airflow/airflowhome/airflowenv/lib/python3.9/site-packages/airflow/example_dags/example_branch_datetime_operator.py took 0.193 seconds
[2023-02-04 02:07:20,846] {processor.py:153} INFO - Started process (PID=7589) to work on /home/milo/13-airflow/airflowhome/airflowenv/lib/python3.9/site-packages/airflow/example_dags/example_branch_datetime_operator.py
[2023-02-04 02:07:20,848] {processor.py:641} INFO - Processing file /home/milo/13-airflow/airflowhome/airflowenv/lib/python3.9/site-packages/airflow/example_dags/example_branch_datetime_operator.py for tasks to queue
[2023-02-04 02:07:20,849] {logging_mixin.py:115} INFO - [2023-02-04 02:07:20,848] {dagbag.py:508} INFO - Filling up the DagBag from /home/milo/13-airflow/airflowhome/airflowenv/lib/python3.9/site-packages/airflow/example_dags/example_branch_datetime_operator.py
[2023-02-04 02:07:20,864] {processor.py:651} INFO - DAG(s) dict_keys(['example_branch_datetime_operator', 'example_branch_datetime_operator_2']) retrieved from /home/milo/13-airflow/airflowhome/airflowenv/lib/python3.9/site-packages/airflow/example_dags/example_branch_datetime_operator.py
[2023-02-04 02:07:20,894] {logging_mixin.py:115} INFO - [2023-02-04 02:07:20,894] {dag.py:2420} INFO - Sync 2 DAGs
[2023-02-04 02:07:20,924] {logging_mixin.py:115} INFO - [2023-02-04 02:07:20,924] {dag.py:2968} INFO - Setting next_dagrun for example_branch_datetime_operator to 2023-02-03T00:00:00+00:00, run_after=2023-02-04T00:00:00+00:00
[2023-02-04 02:07:20,927] {logging_mixin.py:115} INFO - [2023-02-04 02:07:20,927] {dag.py:2968} INFO - Setting next_dagrun for example_branch_datetime_operator_2 to 2023-02-03T00:00:00+00:00, run_after=2023-02-04T00:00:00+00:00
[2023-02-04 02:07:20,947] {processor.py:161} INFO - Processing /home/milo/13-airflow/airflowhome/airflowenv/lib/python3.9/site-packages/airflow/example_dags/example_branch_datetime_operator.py took 0.105 seconds
[2023-02-04 02:07:59,190] {processor.py:153} INFO - Started process (PID=7627) to work on /home/milo/13-airflow/airflowhome/airflowenv/lib/python3.9/site-packages/airflow/example_dags/example_branch_datetime_operator.py
[2023-02-04 02:07:59,191] {processor.py:641} INFO - Processing file /home/milo/13-airflow/airflowhome/airflowenv/lib/python3.9/site-packages/airflow/example_dags/example_branch_datetime_operator.py for tasks to queue
[2023-02-04 02:07:59,192] {logging_mixin.py:115} INFO - [2023-02-04 02:07:59,192] {dagbag.py:508} INFO - Filling up the DagBag from /home/milo/13-airflow/airflowhome/airflowenv/lib/python3.9/site-packages/airflow/example_dags/example_branch_datetime_operator.py
[2023-02-04 02:07:59,208] {processor.py:651} INFO - DAG(s) dict_keys(['example_branch_datetime_operator', 'example_branch_datetime_operator_2']) retrieved from /home/milo/13-airflow/airflowhome/airflowenv/lib/python3.9/site-packages/airflow/example_dags/example_branch_datetime_operator.py
[2023-02-04 02:07:59,243] {logging_mixin.py:115} INFO - [2023-02-04 02:07:59,243] {dag.py:2420} INFO - Sync 2 DAGs
[2023-02-04 02:07:59,281] {logging_mixin.py:115} INFO - [2023-02-04 02:07:59,281] {dag.py:2968} INFO - Setting next_dagrun for example_branch_datetime_operator to 2023-02-03T00:00:00+00:00, run_after=2023-02-04T00:00:00+00:00
[2023-02-04 02:07:59,285] {logging_mixin.py:115} INFO - [2023-02-04 02:07:59,285] {dag.py:2968} INFO - Setting next_dagrun for example_branch_datetime_operator_2 to 2023-02-03T00:00:00+00:00, run_after=2023-02-04T00:00:00+00:00
[2023-02-04 02:07:59,308] {processor.py:161} INFO - Processing /home/milo/13-airflow/airflowhome/airflowenv/lib/python3.9/site-packages/airflow/example_dags/example_branch_datetime_operator.py took 0.123 seconds
[2023-02-04 02:08:36,787] {processor.py:153} INFO - Started process (PID=7662) to work on /home/milo/13-airflow/airflowhome/airflowenv/lib/python3.9/site-packages/airflow/example_dags/example_branch_datetime_operator.py
[2023-02-04 02:08:36,789] {processor.py:641} INFO - Processing file /home/milo/13-airflow/airflowhome/airflowenv/lib/python3.9/site-packages/airflow/example_dags/example_branch_datetime_operator.py for tasks to queue
[2023-02-04 02:08:36,790] {logging_mixin.py:115} INFO - [2023-02-04 02:08:36,790] {dagbag.py:508} INFO - Filling up the DagBag from /home/milo/13-airflow/airflowhome/airflowenv/lib/python3.9/site-packages/airflow/example_dags/example_branch_datetime_operator.py
[2023-02-04 02:08:36,806] {processor.py:651} INFO - DAG(s) dict_keys(['example_branch_datetime_operator', 'example_branch_datetime_operator_2']) retrieved from /home/milo/13-airflow/airflowhome/airflowenv/lib/python3.9/site-packages/airflow/example_dags/example_branch_datetime_operator.py
[2023-02-04 02:08:36,837] {logging_mixin.py:115} INFO - [2023-02-04 02:08:36,837] {dag.py:2420} INFO - Sync 2 DAGs
[2023-02-04 02:08:36,869] {logging_mixin.py:115} INFO - [2023-02-04 02:08:36,869] {dag.py:2968} INFO - Setting next_dagrun for example_branch_datetime_operator to 2023-02-03T00:00:00+00:00, run_after=2023-02-04T00:00:00+00:00
[2023-02-04 02:08:36,872] {logging_mixin.py:115} INFO - [2023-02-04 02:08:36,872] {dag.py:2968} INFO - Setting next_dagrun for example_branch_datetime_operator_2 to 2023-02-03T00:00:00+00:00, run_after=2023-02-04T00:00:00+00:00
[2023-02-04 02:08:36,893] {processor.py:161} INFO - Processing /home/milo/13-airflow/airflowhome/airflowenv/lib/python3.9/site-packages/airflow/example_dags/example_branch_datetime_operator.py took 0.111 seconds
[2023-02-04 02:09:12,311] {processor.py:153} INFO - Started process (PID=7731) to work on /home/milo/13-airflow/airflowhome/airflowenv/lib/python3.9/site-packages/airflow/example_dags/example_branch_datetime_operator.py
[2023-02-04 02:09:12,312] {processor.py:641} INFO - Processing file /home/milo/13-airflow/airflowhome/airflowenv/lib/python3.9/site-packages/airflow/example_dags/example_branch_datetime_operator.py for tasks to queue
[2023-02-04 02:09:12,313] {logging_mixin.py:115} INFO - [2023-02-04 02:09:12,313] {dagbag.py:508} INFO - Filling up the DagBag from /home/milo/13-airflow/airflowhome/airflowenv/lib/python3.9/site-packages/airflow/example_dags/example_branch_datetime_operator.py
[2023-02-04 02:09:12,329] {processor.py:651} INFO - DAG(s) dict_keys(['example_branch_datetime_operator', 'example_branch_datetime_operator_2']) retrieved from /home/milo/13-airflow/airflowhome/airflowenv/lib/python3.9/site-packages/airflow/example_dags/example_branch_datetime_operator.py
[2023-02-04 02:09:12,359] {logging_mixin.py:115} INFO - [2023-02-04 02:09:12,358] {dag.py:2420} INFO - Sync 2 DAGs
[2023-02-04 02:09:12,389] {logging_mixin.py:115} INFO - [2023-02-04 02:09:12,388] {dag.py:2968} INFO - Setting next_dagrun for example_branch_datetime_operator to 2023-02-03T00:00:00+00:00, run_after=2023-02-04T00:00:00+00:00
[2023-02-04 02:09:12,391] {logging_mixin.py:115} INFO - [2023-02-04 02:09:12,391] {dag.py:2968} INFO - Setting next_dagrun for example_branch_datetime_operator_2 to 2023-02-03T00:00:00+00:00, run_after=2023-02-04T00:00:00+00:00
[2023-02-04 02:09:12,411] {processor.py:161} INFO - Processing /home/milo/13-airflow/airflowhome/airflowenv/lib/python3.9/site-packages/airflow/example_dags/example_branch_datetime_operator.py took 0.105 seconds
[2023-02-04 02:22:12,506] {processor.py:153} INFO - Started process (PID=7900) to work on /home/milo/13-airflow/airflowhome/airflowenv/lib/python3.9/site-packages/airflow/example_dags/example_branch_datetime_operator.py
[2023-02-04 02:22:12,508] {processor.py:641} INFO - Processing file /home/milo/13-airflow/airflowhome/airflowenv/lib/python3.9/site-packages/airflow/example_dags/example_branch_datetime_operator.py for tasks to queue
[2023-02-04 02:22:12,509] {logging_mixin.py:115} INFO - [2023-02-04 02:22:12,508] {dagbag.py:508} INFO - Filling up the DagBag from /home/milo/13-airflow/airflowhome/airflowenv/lib/python3.9/site-packages/airflow/example_dags/example_branch_datetime_operator.py
[2023-02-04 02:22:12,532] {processor.py:651} INFO - DAG(s) dict_keys(['example_branch_datetime_operator', 'example_branch_datetime_operator_2']) retrieved from /home/milo/13-airflow/airflowhome/airflowenv/lib/python3.9/site-packages/airflow/example_dags/example_branch_datetime_operator.py
[2023-02-04 02:22:12,567] {logging_mixin.py:115} INFO - [2023-02-04 02:22:12,567] {dag.py:2420} INFO - Sync 2 DAGs
[2023-02-04 02:22:12,599] {logging_mixin.py:115} INFO - [2023-02-04 02:22:12,599] {dag.py:2968} INFO - Setting next_dagrun for example_branch_datetime_operator to 2023-02-03T00:00:00+00:00, run_after=2023-02-04T00:00:00+00:00
[2023-02-04 02:22:12,603] {logging_mixin.py:115} INFO - [2023-02-04 02:22:12,602] {dag.py:2968} INFO - Setting next_dagrun for example_branch_datetime_operator_2 to 2023-02-03T00:00:00+00:00, run_after=2023-02-04T00:00:00+00:00
[2023-02-04 02:22:12,624] {processor.py:161} INFO - Processing /home/milo/13-airflow/airflowhome/airflowenv/lib/python3.9/site-packages/airflow/example_dags/example_branch_datetime_operator.py took 0.123 seconds
