[2023-02-04 01:53:30,377] {processor.py:153} INFO - Started process (PID=6612) to work on /home/milo/13-airflow/airflowhome/airflowenv/lib/python3.9/site-packages/airflow/example_dags/example_bash_operator.py
[2023-02-04 01:53:30,377] {processor.py:641} INFO - Processing file /home/milo/13-airflow/airflowhome/airflowenv/lib/python3.9/site-packages/airflow/example_dags/example_bash_operator.py for tasks to queue
[2023-02-04 01:53:30,378] {logging_mixin.py:115} INFO - [2023-02-04 01:53:30,378] {dagbag.py:508} INFO - Filling up the DagBag from /home/milo/13-airflow/airflowhome/airflowenv/lib/python3.9/site-packages/airflow/example_dags/example_bash_operator.py
[2023-02-04 01:53:30,398] {processor.py:651} INFO - DAG(s) dict_keys(['example_bash_operator']) retrieved from /home/milo/13-airflow/airflowhome/airflowenv/lib/python3.9/site-packages/airflow/example_dags/example_bash_operator.py
[2023-02-04 01:53:30,504] {logging_mixin.py:115} INFO - [2023-02-04 01:53:30,504] {manager.py:508} INFO - Created Permission View: can read on DAG:example_bash_operator
[2023-02-04 01:53:30,522] {logging_mixin.py:115} INFO - [2023-02-04 01:53:30,522] {manager.py:508} INFO - Created Permission View: can edit on DAG:example_bash_operator
[2023-02-04 01:53:30,536] {logging_mixin.py:115} INFO - [2023-02-04 01:53:30,536] {manager.py:508} INFO - Created Permission View: can delete on DAG:example_bash_operator
[2023-02-04 01:53:30,536] {logging_mixin.py:115} INFO - [2023-02-04 01:53:30,536] {dag.py:2420} INFO - Sync 1 DAGs
[2023-02-04 01:53:30,549] {logging_mixin.py:115} INFO - [2023-02-04 01:53:30,549] {dag.py:2439} INFO - Creating ORM DAG for example_bash_operator
[2023-02-04 01:53:30,567] {logging_mixin.py:115} INFO - [2023-02-04 01:53:30,566] {dag.py:2968} INFO - Setting next_dagrun for example_bash_operator to 2023-02-03T00:00:00+00:00, run_after=2023-02-04T00:00:00+00:00
[2023-02-04 01:53:30,592] {processor.py:161} INFO - Processing /home/milo/13-airflow/airflowhome/airflowenv/lib/python3.9/site-packages/airflow/example_dags/example_bash_operator.py took 0.221 seconds
[2023-02-04 01:54:15,510] {processor.py:153} INFO - Started process (PID=6652) to work on /home/milo/13-airflow/airflowhome/airflowenv/lib/python3.9/site-packages/airflow/example_dags/example_bash_operator.py
[2023-02-04 01:54:15,512] {processor.py:641} INFO - Processing file /home/milo/13-airflow/airflowhome/airflowenv/lib/python3.9/site-packages/airflow/example_dags/example_bash_operator.py for tasks to queue
[2023-02-04 01:54:15,512] {logging_mixin.py:115} INFO - [2023-02-04 01:54:15,512] {dagbag.py:508} INFO - Filling up the DagBag from /home/milo/13-airflow/airflowhome/airflowenv/lib/python3.9/site-packages/airflow/example_dags/example_bash_operator.py
[2023-02-04 01:54:15,534] {processor.py:651} INFO - DAG(s) dict_keys(['example_bash_operator']) retrieved from /home/milo/13-airflow/airflowhome/airflowenv/lib/python3.9/site-packages/airflow/example_dags/example_bash_operator.py
[2023-02-04 01:54:15,561] {logging_mixin.py:115} INFO - [2023-02-04 01:54:15,561] {dag.py:2420} INFO - Sync 1 DAGs
[2023-02-04 01:54:15,592] {logging_mixin.py:115} INFO - [2023-02-04 01:54:15,592] {dag.py:2968} INFO - Setting next_dagrun for example_bash_operator to 2023-02-03T00:00:00+00:00, run_after=2023-02-04T00:00:00+00:00
[2023-02-04 01:54:15,612] {processor.py:161} INFO - Processing /home/milo/13-airflow/airflowhome/airflowenv/lib/python3.9/site-packages/airflow/example_dags/example_bash_operator.py took 0.107 seconds
[2023-02-04 01:54:58,592] {processor.py:153} INFO - Started process (PID=6694) to work on /home/milo/13-airflow/airflowhome/airflowenv/lib/python3.9/site-packages/airflow/example_dags/example_bash_operator.py
[2023-02-04 01:54:58,595] {processor.py:641} INFO - Processing file /home/milo/13-airflow/airflowhome/airflowenv/lib/python3.9/site-packages/airflow/example_dags/example_bash_operator.py for tasks to queue
[2023-02-04 01:54:58,596] {logging_mixin.py:115} INFO - [2023-02-04 01:54:58,596] {dagbag.py:508} INFO - Filling up the DagBag from /home/milo/13-airflow/airflowhome/airflowenv/lib/python3.9/site-packages/airflow/example_dags/example_bash_operator.py
[2023-02-04 01:54:58,621] {processor.py:651} INFO - DAG(s) dict_keys(['example_bash_operator']) retrieved from /home/milo/13-airflow/airflowhome/airflowenv/lib/python3.9/site-packages/airflow/example_dags/example_bash_operator.py
[2023-02-04 01:54:58,650] {logging_mixin.py:115} INFO - [2023-02-04 01:54:58,650] {dag.py:2420} INFO - Sync 1 DAGs
[2023-02-04 01:54:58,681] {logging_mixin.py:115} INFO - [2023-02-04 01:54:58,681] {dag.py:2968} INFO - Setting next_dagrun for example_bash_operator to 2023-02-03T00:00:00+00:00, run_after=2023-02-04T00:00:00+00:00
[2023-02-04 01:54:58,732] {processor.py:161} INFO - Processing /home/milo/13-airflow/airflowhome/airflowenv/lib/python3.9/site-packages/airflow/example_dags/example_bash_operator.py took 0.150 seconds
[2023-02-04 01:56:05,385] {processor.py:153} INFO - Started process (PID=6739) to work on /home/milo/13-airflow/airflowhome/airflowenv/lib/python3.9/site-packages/airflow/example_dags/example_bash_operator.py
[2023-02-04 01:56:05,494] {processor.py:641} INFO - Processing file /home/milo/13-airflow/airflowhome/airflowenv/lib/python3.9/site-packages/airflow/example_dags/example_bash_operator.py for tasks to queue
[2023-02-04 01:56:05,495] {logging_mixin.py:115} INFO - [2023-02-04 01:56:05,495] {dagbag.py:508} INFO - Filling up the DagBag from /home/milo/13-airflow/airflowhome/airflowenv/lib/python3.9/site-packages/airflow/example_dags/example_bash_operator.py
[2023-02-04 01:56:05,513] {processor.py:651} INFO - DAG(s) dict_keys(['example_bash_operator']) retrieved from /home/milo/13-airflow/airflowhome/airflowenv/lib/python3.9/site-packages/airflow/example_dags/example_bash_operator.py
[2023-02-04 01:56:05,539] {logging_mixin.py:115} INFO - [2023-02-04 01:56:05,539] {dag.py:2420} INFO - Sync 1 DAGs
[2023-02-04 01:56:05,570] {logging_mixin.py:115} INFO - [2023-02-04 01:56:05,570] {dag.py:2968} INFO - Setting next_dagrun for example_bash_operator to 2023-02-03T00:00:00+00:00, run_after=2023-02-04T00:00:00+00:00
[2023-02-04 01:56:06,315] {processor.py:161} INFO - Processing /home/milo/13-airflow/airflowhome/airflowenv/lib/python3.9/site-packages/airflow/example_dags/example_bash_operator.py took 0.935 seconds
[2023-02-04 01:56:51,140] {processor.py:153} INFO - Started process (PID=6773) to work on /home/milo/13-airflow/airflowhome/airflowenv/lib/python3.9/site-packages/airflow/example_dags/example_bash_operator.py
[2023-02-04 01:56:51,142] {processor.py:641} INFO - Processing file /home/milo/13-airflow/airflowhome/airflowenv/lib/python3.9/site-packages/airflow/example_dags/example_bash_operator.py for tasks to queue
[2023-02-04 01:56:51,143] {logging_mixin.py:115} INFO - [2023-02-04 01:56:51,143] {dagbag.py:508} INFO - Filling up the DagBag from /home/milo/13-airflow/airflowhome/airflowenv/lib/python3.9/site-packages/airflow/example_dags/example_bash_operator.py
[2023-02-04 01:56:51,163] {processor.py:651} INFO - DAG(s) dict_keys(['example_bash_operator']) retrieved from /home/milo/13-airflow/airflowhome/airflowenv/lib/python3.9/site-packages/airflow/example_dags/example_bash_operator.py
[2023-02-04 01:56:51,195] {logging_mixin.py:115} INFO - [2023-02-04 01:56:51,194] {dag.py:2420} INFO - Sync 1 DAGs
[2023-02-04 01:56:51,230] {logging_mixin.py:115} INFO - [2023-02-04 01:56:51,229] {dag.py:2968} INFO - Setting next_dagrun for example_bash_operator to 2023-02-03T00:00:00+00:00, run_after=2023-02-04T00:00:00+00:00
[2023-02-04 01:56:51,611] {processor.py:161} INFO - Processing /home/milo/13-airflow/airflowhome/airflowenv/lib/python3.9/site-packages/airflow/example_dags/example_bash_operator.py took 0.477 seconds
[2023-02-04 01:57:33,606] {processor.py:153} INFO - Started process (PID=6809) to work on /home/milo/13-airflow/airflowhome/airflowenv/lib/python3.9/site-packages/airflow/example_dags/example_bash_operator.py
[2023-02-04 01:57:33,608] {processor.py:641} INFO - Processing file /home/milo/13-airflow/airflowhome/airflowenv/lib/python3.9/site-packages/airflow/example_dags/example_bash_operator.py for tasks to queue
[2023-02-04 01:57:33,608] {logging_mixin.py:115} INFO - [2023-02-04 01:57:33,608] {dagbag.py:508} INFO - Filling up the DagBag from /home/milo/13-airflow/airflowhome/airflowenv/lib/python3.9/site-packages/airflow/example_dags/example_bash_operator.py
[2023-02-04 01:57:33,628] {processor.py:651} INFO - DAG(s) dict_keys(['example_bash_operator']) retrieved from /home/milo/13-airflow/airflowhome/airflowenv/lib/python3.9/site-packages/airflow/example_dags/example_bash_operator.py
[2023-02-04 01:57:33,656] {logging_mixin.py:115} INFO - [2023-02-04 01:57:33,655] {dag.py:2420} INFO - Sync 1 DAGs
[2023-02-04 01:57:33,686] {logging_mixin.py:115} INFO - [2023-02-04 01:57:33,686] {dag.py:2968} INFO - Setting next_dagrun for example_bash_operator to 2023-02-03T00:00:00+00:00, run_after=2023-02-04T00:00:00+00:00
[2023-02-04 01:57:33,706] {processor.py:161} INFO - Processing /home/milo/13-airflow/airflowhome/airflowenv/lib/python3.9/site-packages/airflow/example_dags/example_bash_operator.py took 0.105 seconds
[2023-02-04 01:58:08,636] {processor.py:153} INFO - Started process (PID=7030) to work on /home/milo/13-airflow/airflowhome/airflowenv/lib/python3.9/site-packages/airflow/example_dags/example_bash_operator.py
[2023-02-04 01:58:08,638] {processor.py:641} INFO - Processing file /home/milo/13-airflow/airflowhome/airflowenv/lib/python3.9/site-packages/airflow/example_dags/example_bash_operator.py for tasks to queue
[2023-02-04 01:58:08,639] {logging_mixin.py:115} INFO - [2023-02-04 01:58:08,639] {dagbag.py:508} INFO - Filling up the DagBag from /home/milo/13-airflow/airflowhome/airflowenv/lib/python3.9/site-packages/airflow/example_dags/example_bash_operator.py
[2023-02-04 01:58:08,677] {processor.py:651} INFO - DAG(s) dict_keys(['example_bash_operator']) retrieved from /home/milo/13-airflow/airflowhome/airflowenv/lib/python3.9/site-packages/airflow/example_dags/example_bash_operator.py
[2023-02-04 01:58:08,708] {logging_mixin.py:115} INFO - [2023-02-04 01:58:08,708] {dag.py:2420} INFO - Sync 1 DAGs
[2023-02-04 01:58:08,741] {logging_mixin.py:115} INFO - [2023-02-04 01:58:08,741] {dag.py:2968} INFO - Setting next_dagrun for example_bash_operator to 2023-02-03T00:00:00+00:00, run_after=2023-02-04T00:00:00+00:00
[2023-02-04 01:58:08,763] {processor.py:161} INFO - Processing /home/milo/13-airflow/airflowhome/airflowenv/lib/python3.9/site-packages/airflow/example_dags/example_bash_operator.py took 0.134 seconds
[2023-02-04 01:58:46,566] {processor.py:153} INFO - Started process (PID=7075) to work on /home/milo/13-airflow/airflowhome/airflowenv/lib/python3.9/site-packages/airflow/example_dags/example_bash_operator.py
[2023-02-04 01:58:46,576] {processor.py:641} INFO - Processing file /home/milo/13-airflow/airflowhome/airflowenv/lib/python3.9/site-packages/airflow/example_dags/example_bash_operator.py for tasks to queue
[2023-02-04 01:58:46,577] {logging_mixin.py:115} INFO - [2023-02-04 01:58:46,577] {dagbag.py:508} INFO - Filling up the DagBag from /home/milo/13-airflow/airflowhome/airflowenv/lib/python3.9/site-packages/airflow/example_dags/example_bash_operator.py
[2023-02-04 01:58:46,609] {processor.py:651} INFO - DAG(s) dict_keys(['example_bash_operator']) retrieved from /home/milo/13-airflow/airflowhome/airflowenv/lib/python3.9/site-packages/airflow/example_dags/example_bash_operator.py
[2023-02-04 01:58:46,650] {logging_mixin.py:115} INFO - [2023-02-04 01:58:46,650] {dag.py:2420} INFO - Sync 1 DAGs
[2023-02-04 01:58:46,681] {logging_mixin.py:115} INFO - [2023-02-04 01:58:46,681] {dag.py:2968} INFO - Setting next_dagrun for example_bash_operator to 2023-02-03T00:00:00+00:00, run_after=2023-02-04T00:00:00+00:00
[2023-02-04 01:58:46,735] {processor.py:161} INFO - Processing /home/milo/13-airflow/airflowhome/airflowenv/lib/python3.9/site-packages/airflow/example_dags/example_bash_operator.py took 0.174 seconds
[2023-02-04 01:59:20,778] {processor.py:153} INFO - Started process (PID=7111) to work on /home/milo/13-airflow/airflowhome/airflowenv/lib/python3.9/site-packages/airflow/example_dags/example_bash_operator.py
[2023-02-04 01:59:20,779] {processor.py:641} INFO - Processing file /home/milo/13-airflow/airflowhome/airflowenv/lib/python3.9/site-packages/airflow/example_dags/example_bash_operator.py for tasks to queue
[2023-02-04 01:59:20,780] {logging_mixin.py:115} INFO - [2023-02-04 01:59:20,780] {dagbag.py:508} INFO - Filling up the DagBag from /home/milo/13-airflow/airflowhome/airflowenv/lib/python3.9/site-packages/airflow/example_dags/example_bash_operator.py
[2023-02-04 01:59:20,799] {processor.py:651} INFO - DAG(s) dict_keys(['example_bash_operator']) retrieved from /home/milo/13-airflow/airflowhome/airflowenv/lib/python3.9/site-packages/airflow/example_dags/example_bash_operator.py
[2023-02-04 01:59:20,826] {logging_mixin.py:115} INFO - [2023-02-04 01:59:20,826] {dag.py:2420} INFO - Sync 1 DAGs
[2023-02-04 01:59:20,856] {logging_mixin.py:115} INFO - [2023-02-04 01:59:20,856] {dag.py:2968} INFO - Setting next_dagrun for example_bash_operator to 2023-02-03T00:00:00+00:00, run_after=2023-02-04T00:00:00+00:00
[2023-02-04 01:59:20,876] {processor.py:161} INFO - Processing /home/milo/13-airflow/airflowhome/airflowenv/lib/python3.9/site-packages/airflow/example_dags/example_bash_operator.py took 0.103 seconds
[2023-02-04 01:59:57,180] {processor.py:153} INFO - Started process (PID=7147) to work on /home/milo/13-airflow/airflowhome/airflowenv/lib/python3.9/site-packages/airflow/example_dags/example_bash_operator.py
[2023-02-04 01:59:57,182] {processor.py:641} INFO - Processing file /home/milo/13-airflow/airflowhome/airflowenv/lib/python3.9/site-packages/airflow/example_dags/example_bash_operator.py for tasks to queue
[2023-02-04 01:59:57,183] {logging_mixin.py:115} INFO - [2023-02-04 01:59:57,183] {dagbag.py:508} INFO - Filling up the DagBag from /home/milo/13-airflow/airflowhome/airflowenv/lib/python3.9/site-packages/airflow/example_dags/example_bash_operator.py
[2023-02-04 01:59:57,202] {processor.py:651} INFO - DAG(s) dict_keys(['example_bash_operator']) retrieved from /home/milo/13-airflow/airflowhome/airflowenv/lib/python3.9/site-packages/airflow/example_dags/example_bash_operator.py
[2023-02-04 01:59:57,236] {logging_mixin.py:115} INFO - [2023-02-04 01:59:57,236] {dag.py:2420} INFO - Sync 1 DAGs
[2023-02-04 01:59:57,267] {logging_mixin.py:115} INFO - [2023-02-04 01:59:57,267] {dag.py:2968} INFO - Setting next_dagrun for example_bash_operator to 2023-02-03T00:00:00+00:00, run_after=2023-02-04T00:00:00+00:00
[2023-02-04 01:59:57,304] {processor.py:161} INFO - Processing /home/milo/13-airflow/airflowhome/airflowenv/lib/python3.9/site-packages/airflow/example_dags/example_bash_operator.py took 0.129 seconds
[2023-02-04 02:00:33,735] {processor.py:153} INFO - Started process (PID=7184) to work on /home/milo/13-airflow/airflowhome/airflowenv/lib/python3.9/site-packages/airflow/example_dags/example_bash_operator.py
[2023-02-04 02:00:33,736] {processor.py:641} INFO - Processing file /home/milo/13-airflow/airflowhome/airflowenv/lib/python3.9/site-packages/airflow/example_dags/example_bash_operator.py for tasks to queue
[2023-02-04 02:00:33,737] {logging_mixin.py:115} INFO - [2023-02-04 02:00:33,737] {dagbag.py:508} INFO - Filling up the DagBag from /home/milo/13-airflow/airflowhome/airflowenv/lib/python3.9/site-packages/airflow/example_dags/example_bash_operator.py
[2023-02-04 02:00:33,763] {processor.py:651} INFO - DAG(s) dict_keys(['example_bash_operator']) retrieved from /home/milo/13-airflow/airflowhome/airflowenv/lib/python3.9/site-packages/airflow/example_dags/example_bash_operator.py
[2023-02-04 02:00:33,795] {logging_mixin.py:115} INFO - [2023-02-04 02:00:33,795] {dag.py:2420} INFO - Sync 1 DAGs
[2023-02-04 02:00:33,831] {logging_mixin.py:115} INFO - [2023-02-04 02:00:33,831] {dag.py:2968} INFO - Setting next_dagrun for example_bash_operator to 2023-02-03T00:00:00+00:00, run_after=2023-02-04T00:00:00+00:00
[2023-02-04 02:00:33,853] {processor.py:161} INFO - Processing /home/milo/13-airflow/airflowhome/airflowenv/lib/python3.9/site-packages/airflow/example_dags/example_bash_operator.py took 0.123 seconds
[2023-02-04 02:01:09,800] {processor.py:153} INFO - Started process (PID=7220) to work on /home/milo/13-airflow/airflowhome/airflowenv/lib/python3.9/site-packages/airflow/example_dags/example_bash_operator.py
[2023-02-04 02:01:09,802] {processor.py:641} INFO - Processing file /home/milo/13-airflow/airflowhome/airflowenv/lib/python3.9/site-packages/airflow/example_dags/example_bash_operator.py for tasks to queue
[2023-02-04 02:01:09,802] {logging_mixin.py:115} INFO - [2023-02-04 02:01:09,802] {dagbag.py:508} INFO - Filling up the DagBag from /home/milo/13-airflow/airflowhome/airflowenv/lib/python3.9/site-packages/airflow/example_dags/example_bash_operator.py
[2023-02-04 02:01:09,825] {processor.py:651} INFO - DAG(s) dict_keys(['example_bash_operator']) retrieved from /home/milo/13-airflow/airflowhome/airflowenv/lib/python3.9/site-packages/airflow/example_dags/example_bash_operator.py
[2023-02-04 02:01:09,854] {logging_mixin.py:115} INFO - [2023-02-04 02:01:09,853] {dag.py:2420} INFO - Sync 1 DAGs
[2023-02-04 02:01:09,885] {logging_mixin.py:115} INFO - [2023-02-04 02:01:09,885] {dag.py:2968} INFO - Setting next_dagrun for example_bash_operator to 2023-02-03T00:00:00+00:00, run_after=2023-02-04T00:00:00+00:00
[2023-02-04 02:01:09,907] {processor.py:161} INFO - Processing /home/milo/13-airflow/airflowhome/airflowenv/lib/python3.9/site-packages/airflow/example_dags/example_bash_operator.py took 0.112 seconds
[2023-02-04 02:01:44,199] {processor.py:153} INFO - Started process (PID=7255) to work on /home/milo/13-airflow/airflowhome/airflowenv/lib/python3.9/site-packages/airflow/example_dags/example_bash_operator.py
[2023-02-04 02:01:44,201] {processor.py:641} INFO - Processing file /home/milo/13-airflow/airflowhome/airflowenv/lib/python3.9/site-packages/airflow/example_dags/example_bash_operator.py for tasks to queue
[2023-02-04 02:01:44,202] {logging_mixin.py:115} INFO - [2023-02-04 02:01:44,201] {dagbag.py:508} INFO - Filling up the DagBag from /home/milo/13-airflow/airflowhome/airflowenv/lib/python3.9/site-packages/airflow/example_dags/example_bash_operator.py
[2023-02-04 02:01:44,236] {processor.py:651} INFO - DAG(s) dict_keys(['example_bash_operator']) retrieved from /home/milo/13-airflow/airflowhome/airflowenv/lib/python3.9/site-packages/airflow/example_dags/example_bash_operator.py
[2023-02-04 02:01:44,265] {logging_mixin.py:115} INFO - [2023-02-04 02:01:44,265] {dag.py:2420} INFO - Sync 1 DAGs
[2023-02-04 02:01:44,295] {logging_mixin.py:115} INFO - [2023-02-04 02:01:44,295] {dag.py:2968} INFO - Setting next_dagrun for example_bash_operator to 2023-02-03T00:00:00+00:00, run_after=2023-02-04T00:00:00+00:00
[2023-02-04 02:01:44,315] {processor.py:161} INFO - Processing /home/milo/13-airflow/airflowhome/airflowenv/lib/python3.9/site-packages/airflow/example_dags/example_bash_operator.py took 0.121 seconds
[2023-02-04 02:02:19,240] {processor.py:153} INFO - Started process (PID=7290) to work on /home/milo/13-airflow/airflowhome/airflowenv/lib/python3.9/site-packages/airflow/example_dags/example_bash_operator.py
[2023-02-04 02:02:19,245] {processor.py:641} INFO - Processing file /home/milo/13-airflow/airflowhome/airflowenv/lib/python3.9/site-packages/airflow/example_dags/example_bash_operator.py for tasks to queue
[2023-02-04 02:02:19,246] {logging_mixin.py:115} INFO - [2023-02-04 02:02:19,246] {dagbag.py:508} INFO - Filling up the DagBag from /home/milo/13-airflow/airflowhome/airflowenv/lib/python3.9/site-packages/airflow/example_dags/example_bash_operator.py
[2023-02-04 02:02:19,265] {processor.py:651} INFO - DAG(s) dict_keys(['example_bash_operator']) retrieved from /home/milo/13-airflow/airflowhome/airflowenv/lib/python3.9/site-packages/airflow/example_dags/example_bash_operator.py
[2023-02-04 02:02:19,291] {logging_mixin.py:115} INFO - [2023-02-04 02:02:19,291] {dag.py:2420} INFO - Sync 1 DAGs
[2023-02-04 02:02:19,321] {logging_mixin.py:115} INFO - [2023-02-04 02:02:19,321] {dag.py:2968} INFO - Setting next_dagrun for example_bash_operator to 2023-02-03T00:00:00+00:00, run_after=2023-02-04T00:00:00+00:00
[2023-02-04 02:02:19,341] {processor.py:161} INFO - Processing /home/milo/13-airflow/airflowhome/airflowenv/lib/python3.9/site-packages/airflow/example_dags/example_bash_operator.py took 0.106 seconds
[2023-02-04 02:02:54,963] {processor.py:153} INFO - Started process (PID=7326) to work on /home/milo/13-airflow/airflowhome/airflowenv/lib/python3.9/site-packages/airflow/example_dags/example_bash_operator.py
[2023-02-04 02:02:54,965] {processor.py:641} INFO - Processing file /home/milo/13-airflow/airflowhome/airflowenv/lib/python3.9/site-packages/airflow/example_dags/example_bash_operator.py for tasks to queue
[2023-02-04 02:02:54,966] {logging_mixin.py:115} INFO - [2023-02-04 02:02:54,966] {dagbag.py:508} INFO - Filling up the DagBag from /home/milo/13-airflow/airflowhome/airflowenv/lib/python3.9/site-packages/airflow/example_dags/example_bash_operator.py
[2023-02-04 02:02:54,985] {processor.py:651} INFO - DAG(s) dict_keys(['example_bash_operator']) retrieved from /home/milo/13-airflow/airflowhome/airflowenv/lib/python3.9/site-packages/airflow/example_dags/example_bash_operator.py
[2023-02-04 02:02:55,012] {logging_mixin.py:115} INFO - [2023-02-04 02:02:55,012] {dag.py:2420} INFO - Sync 1 DAGs
[2023-02-04 02:02:55,041] {logging_mixin.py:115} INFO - [2023-02-04 02:02:55,041] {dag.py:2968} INFO - Setting next_dagrun for example_bash_operator to 2023-02-03T00:00:00+00:00, run_after=2023-02-04T00:00:00+00:00
[2023-02-04 02:02:55,062] {processor.py:161} INFO - Processing /home/milo/13-airflow/airflowhome/airflowenv/lib/python3.9/site-packages/airflow/example_dags/example_bash_operator.py took 0.104 seconds
[2023-02-04 02:03:32,163] {processor.py:153} INFO - Started process (PID=7363) to work on /home/milo/13-airflow/airflowhome/airflowenv/lib/python3.9/site-packages/airflow/example_dags/example_bash_operator.py
[2023-02-04 02:03:32,164] {processor.py:641} INFO - Processing file /home/milo/13-airflow/airflowhome/airflowenv/lib/python3.9/site-packages/airflow/example_dags/example_bash_operator.py for tasks to queue
[2023-02-04 02:03:32,165] {logging_mixin.py:115} INFO - [2023-02-04 02:03:32,165] {dagbag.py:508} INFO - Filling up the DagBag from /home/milo/13-airflow/airflowhome/airflowenv/lib/python3.9/site-packages/airflow/example_dags/example_bash_operator.py
[2023-02-04 02:03:32,189] {processor.py:651} INFO - DAG(s) dict_keys(['example_bash_operator']) retrieved from /home/milo/13-airflow/airflowhome/airflowenv/lib/python3.9/site-packages/airflow/example_dags/example_bash_operator.py
[2023-02-04 02:03:32,215] {logging_mixin.py:115} INFO - [2023-02-04 02:03:32,214] {dag.py:2420} INFO - Sync 1 DAGs
[2023-02-04 02:03:32,245] {logging_mixin.py:115} INFO - [2023-02-04 02:03:32,245] {dag.py:2968} INFO - Setting next_dagrun for example_bash_operator to 2023-02-03T00:00:00+00:00, run_after=2023-02-04T00:00:00+00:00
[2023-02-04 02:03:32,266] {processor.py:161} INFO - Processing /home/milo/13-airflow/airflowhome/airflowenv/lib/python3.9/site-packages/airflow/example_dags/example_bash_operator.py took 0.108 seconds
[2023-02-04 02:04:07,802] {processor.py:153} INFO - Started process (PID=7399) to work on /home/milo/13-airflow/airflowhome/airflowenv/lib/python3.9/site-packages/airflow/example_dags/example_bash_operator.py
[2023-02-04 02:04:07,812] {processor.py:641} INFO - Processing file /home/milo/13-airflow/airflowhome/airflowenv/lib/python3.9/site-packages/airflow/example_dags/example_bash_operator.py for tasks to queue
[2023-02-04 02:04:07,813] {logging_mixin.py:115} INFO - [2023-02-04 02:04:07,812] {dagbag.py:508} INFO - Filling up the DagBag from /home/milo/13-airflow/airflowhome/airflowenv/lib/python3.9/site-packages/airflow/example_dags/example_bash_operator.py
[2023-02-04 02:04:07,850] {processor.py:651} INFO - DAG(s) dict_keys(['example_bash_operator']) retrieved from /home/milo/13-airflow/airflowhome/airflowenv/lib/python3.9/site-packages/airflow/example_dags/example_bash_operator.py
[2023-02-04 02:04:07,915] {logging_mixin.py:115} INFO - [2023-02-04 02:04:07,915] {dag.py:2420} INFO - Sync 1 DAGs
[2023-02-04 02:04:07,996] {logging_mixin.py:115} INFO - [2023-02-04 02:04:07,996] {dag.py:2968} INFO - Setting next_dagrun for example_bash_operator to 2023-02-03T00:00:00+00:00, run_after=2023-02-04T00:00:00+00:00
[2023-02-04 02:04:08,050] {processor.py:161} INFO - Processing /home/milo/13-airflow/airflowhome/airflowenv/lib/python3.9/site-packages/airflow/example_dags/example_bash_operator.py took 0.262 seconds
[2023-02-04 02:04:48,013] {processor.py:153} INFO - Started process (PID=7437) to work on /home/milo/13-airflow/airflowhome/airflowenv/lib/python3.9/site-packages/airflow/example_dags/example_bash_operator.py
[2023-02-04 02:04:48,015] {processor.py:641} INFO - Processing file /home/milo/13-airflow/airflowhome/airflowenv/lib/python3.9/site-packages/airflow/example_dags/example_bash_operator.py for tasks to queue
[2023-02-04 02:04:48,016] {logging_mixin.py:115} INFO - [2023-02-04 02:04:48,016] {dagbag.py:508} INFO - Filling up the DagBag from /home/milo/13-airflow/airflowhome/airflowenv/lib/python3.9/site-packages/airflow/example_dags/example_bash_operator.py
[2023-02-04 02:04:48,034] {processor.py:651} INFO - DAG(s) dict_keys(['example_bash_operator']) retrieved from /home/milo/13-airflow/airflowhome/airflowenv/lib/python3.9/site-packages/airflow/example_dags/example_bash_operator.py
[2023-02-04 02:04:48,062] {logging_mixin.py:115} INFO - [2023-02-04 02:04:48,061] {dag.py:2420} INFO - Sync 1 DAGs
[2023-02-04 02:04:48,091] {logging_mixin.py:115} INFO - [2023-02-04 02:04:48,091] {dag.py:2968} INFO - Setting next_dagrun for example_bash_operator to 2023-02-03T00:00:00+00:00, run_after=2023-02-04T00:00:00+00:00
[2023-02-04 02:04:48,122] {processor.py:161} INFO - Processing /home/milo/13-airflow/airflowhome/airflowenv/lib/python3.9/site-packages/airflow/example_dags/example_bash_operator.py took 0.121 seconds
[2023-02-04 02:05:23,460] {processor.py:153} INFO - Started process (PID=7475) to work on /home/milo/13-airflow/airflowhome/airflowenv/lib/python3.9/site-packages/airflow/example_dags/example_bash_operator.py
[2023-02-04 02:05:23,462] {processor.py:641} INFO - Processing file /home/milo/13-airflow/airflowhome/airflowenv/lib/python3.9/site-packages/airflow/example_dags/example_bash_operator.py for tasks to queue
[2023-02-04 02:05:23,463] {logging_mixin.py:115} INFO - [2023-02-04 02:05:23,462] {dagbag.py:508} INFO - Filling up the DagBag from /home/milo/13-airflow/airflowhome/airflowenv/lib/python3.9/site-packages/airflow/example_dags/example_bash_operator.py
[2023-02-04 02:05:23,482] {processor.py:651} INFO - DAG(s) dict_keys(['example_bash_operator']) retrieved from /home/milo/13-airflow/airflowhome/airflowenv/lib/python3.9/site-packages/airflow/example_dags/example_bash_operator.py
[2023-02-04 02:05:23,510] {logging_mixin.py:115} INFO - [2023-02-04 02:05:23,510] {dag.py:2420} INFO - Sync 1 DAGs
[2023-02-04 02:05:23,539] {logging_mixin.py:115} INFO - [2023-02-04 02:05:23,539] {dag.py:2968} INFO - Setting next_dagrun for example_bash_operator to 2023-02-03T00:00:00+00:00, run_after=2023-02-04T00:00:00+00:00
[2023-02-04 02:05:23,559] {processor.py:161} INFO - Processing /home/milo/13-airflow/airflowhome/airflowenv/lib/python3.9/site-packages/airflow/example_dags/example_bash_operator.py took 0.104 seconds
[2023-02-04 02:06:01,408] {processor.py:153} INFO - Started process (PID=7513) to work on /home/milo/13-airflow/airflowhome/airflowenv/lib/python3.9/site-packages/airflow/example_dags/example_bash_operator.py
[2023-02-04 02:06:01,430] {processor.py:641} INFO - Processing file /home/milo/13-airflow/airflowhome/airflowenv/lib/python3.9/site-packages/airflow/example_dags/example_bash_operator.py for tasks to queue
[2023-02-04 02:06:01,431] {logging_mixin.py:115} INFO - [2023-02-04 02:06:01,431] {dagbag.py:508} INFO - Filling up the DagBag from /home/milo/13-airflow/airflowhome/airflowenv/lib/python3.9/site-packages/airflow/example_dags/example_bash_operator.py
[2023-02-04 02:06:01,457] {processor.py:651} INFO - DAG(s) dict_keys(['example_bash_operator']) retrieved from /home/milo/13-airflow/airflowhome/airflowenv/lib/python3.9/site-packages/airflow/example_dags/example_bash_operator.py
[2023-02-04 02:06:01,497] {logging_mixin.py:115} INFO - [2023-02-04 02:06:01,497] {dag.py:2420} INFO - Sync 1 DAGs
[2023-02-04 02:06:01,552] {logging_mixin.py:115} INFO - [2023-02-04 02:06:01,552] {dag.py:2968} INFO - Setting next_dagrun for example_bash_operator to 2023-02-03T00:00:00+00:00, run_after=2023-02-04T00:00:00+00:00
[2023-02-04 02:06:01,592] {processor.py:161} INFO - Processing /home/milo/13-airflow/airflowhome/airflowenv/lib/python3.9/site-packages/airflow/example_dags/example_bash_operator.py took 0.197 seconds
[2023-02-04 02:06:40,542] {processor.py:153} INFO - Started process (PID=7550) to work on /home/milo/13-airflow/airflowhome/airflowenv/lib/python3.9/site-packages/airflow/example_dags/example_bash_operator.py
[2023-02-04 02:06:40,545] {processor.py:641} INFO - Processing file /home/milo/13-airflow/airflowhome/airflowenv/lib/python3.9/site-packages/airflow/example_dags/example_bash_operator.py for tasks to queue
[2023-02-04 02:06:40,546] {logging_mixin.py:115} INFO - [2023-02-04 02:06:40,546] {dagbag.py:508} INFO - Filling up the DagBag from /home/milo/13-airflow/airflowhome/airflowenv/lib/python3.9/site-packages/airflow/example_dags/example_bash_operator.py
[2023-02-04 02:06:40,565] {processor.py:651} INFO - DAG(s) dict_keys(['example_bash_operator']) retrieved from /home/milo/13-airflow/airflowhome/airflowenv/lib/python3.9/site-packages/airflow/example_dags/example_bash_operator.py
[2023-02-04 02:06:40,592] {logging_mixin.py:115} INFO - [2023-02-04 02:06:40,592] {dag.py:2420} INFO - Sync 1 DAGs
[2023-02-04 02:06:40,629] {logging_mixin.py:115} INFO - [2023-02-04 02:06:40,629] {dag.py:2968} INFO - Setting next_dagrun for example_bash_operator to 2023-02-03T00:00:00+00:00, run_after=2023-02-04T00:00:00+00:00
[2023-02-04 02:06:40,650] {processor.py:161} INFO - Processing /home/milo/13-airflow/airflowhome/airflowenv/lib/python3.9/site-packages/airflow/example_dags/example_bash_operator.py took 0.113 seconds
[2023-02-04 02:07:19,608] {processor.py:153} INFO - Started process (PID=7588) to work on /home/milo/13-airflow/airflowhome/airflowenv/lib/python3.9/site-packages/airflow/example_dags/example_bash_operator.py
[2023-02-04 02:07:19,610] {processor.py:641} INFO - Processing file /home/milo/13-airflow/airflowhome/airflowenv/lib/python3.9/site-packages/airflow/example_dags/example_bash_operator.py for tasks to queue
[2023-02-04 02:07:19,611] {logging_mixin.py:115} INFO - [2023-02-04 02:07:19,611] {dagbag.py:508} INFO - Filling up the DagBag from /home/milo/13-airflow/airflowhome/airflowenv/lib/python3.9/site-packages/airflow/example_dags/example_bash_operator.py
[2023-02-04 02:07:19,631] {processor.py:651} INFO - DAG(s) dict_keys(['example_bash_operator']) retrieved from /home/milo/13-airflow/airflowhome/airflowenv/lib/python3.9/site-packages/airflow/example_dags/example_bash_operator.py
[2023-02-04 02:07:19,658] {logging_mixin.py:115} INFO - [2023-02-04 02:07:19,658] {dag.py:2420} INFO - Sync 1 DAGs
[2023-02-04 02:07:19,687] {logging_mixin.py:115} INFO - [2023-02-04 02:07:19,687] {dag.py:2968} INFO - Setting next_dagrun for example_bash_operator to 2023-02-03T00:00:00+00:00, run_after=2023-02-04T00:00:00+00:00
[2023-02-04 02:07:19,707] {processor.py:161} INFO - Processing /home/milo/13-airflow/airflowhome/airflowenv/lib/python3.9/site-packages/airflow/example_dags/example_bash_operator.py took 0.104 seconds
[2023-02-04 02:07:58,472] {processor.py:153} INFO - Started process (PID=7626) to work on /home/milo/13-airflow/airflowhome/airflowenv/lib/python3.9/site-packages/airflow/example_dags/example_bash_operator.py
[2023-02-04 02:07:58,473] {processor.py:641} INFO - Processing file /home/milo/13-airflow/airflowhome/airflowenv/lib/python3.9/site-packages/airflow/example_dags/example_bash_operator.py for tasks to queue
[2023-02-04 02:07:58,474] {logging_mixin.py:115} INFO - [2023-02-04 02:07:58,474] {dagbag.py:508} INFO - Filling up the DagBag from /home/milo/13-airflow/airflowhome/airflowenv/lib/python3.9/site-packages/airflow/example_dags/example_bash_operator.py
[2023-02-04 02:07:58,493] {processor.py:651} INFO - DAG(s) dict_keys(['example_bash_operator']) retrieved from /home/milo/13-airflow/airflowhome/airflowenv/lib/python3.9/site-packages/airflow/example_dags/example_bash_operator.py
[2023-02-04 02:07:58,520] {logging_mixin.py:115} INFO - [2023-02-04 02:07:58,520] {dag.py:2420} INFO - Sync 1 DAGs
[2023-02-04 02:07:58,552] {logging_mixin.py:115} INFO - [2023-02-04 02:07:58,552] {dag.py:2968} INFO - Setting next_dagrun for example_bash_operator to 2023-02-03T00:00:00+00:00, run_after=2023-02-04T00:00:00+00:00
[2023-02-04 02:07:58,574] {processor.py:161} INFO - Processing /home/milo/13-airflow/airflowhome/airflowenv/lib/python3.9/site-packages/airflow/example_dags/example_bash_operator.py took 0.107 seconds
[2023-02-04 02:08:35,549] {processor.py:153} INFO - Started process (PID=7661) to work on /home/milo/13-airflow/airflowhome/airflowenv/lib/python3.9/site-packages/airflow/example_dags/example_bash_operator.py
[2023-02-04 02:08:35,560] {processor.py:641} INFO - Processing file /home/milo/13-airflow/airflowhome/airflowenv/lib/python3.9/site-packages/airflow/example_dags/example_bash_operator.py for tasks to queue
[2023-02-04 02:08:35,561] {logging_mixin.py:115} INFO - [2023-02-04 02:08:35,561] {dagbag.py:508} INFO - Filling up the DagBag from /home/milo/13-airflow/airflowhome/airflowenv/lib/python3.9/site-packages/airflow/example_dags/example_bash_operator.py
[2023-02-04 02:08:35,596] {processor.py:651} INFO - DAG(s) dict_keys(['example_bash_operator']) retrieved from /home/milo/13-airflow/airflowhome/airflowenv/lib/python3.9/site-packages/airflow/example_dags/example_bash_operator.py
[2023-02-04 02:08:35,626] {logging_mixin.py:115} INFO - [2023-02-04 02:08:35,626] {dag.py:2420} INFO - Sync 1 DAGs
[2023-02-04 02:08:35,657] {logging_mixin.py:115} INFO - [2023-02-04 02:08:35,656] {dag.py:2968} INFO - Setting next_dagrun for example_bash_operator to 2023-02-03T00:00:00+00:00, run_after=2023-02-04T00:00:00+00:00
[2023-02-04 02:08:35,704] {processor.py:161} INFO - Processing /home/milo/13-airflow/airflowhome/airflowenv/lib/python3.9/site-packages/airflow/example_dags/example_bash_operator.py took 0.159 seconds
[2023-02-04 02:09:11,071] {processor.py:153} INFO - Started process (PID=7730) to work on /home/milo/13-airflow/airflowhome/airflowenv/lib/python3.9/site-packages/airflow/example_dags/example_bash_operator.py
[2023-02-04 02:09:11,072] {processor.py:641} INFO - Processing file /home/milo/13-airflow/airflowhome/airflowenv/lib/python3.9/site-packages/airflow/example_dags/example_bash_operator.py for tasks to queue
[2023-02-04 02:09:11,073] {logging_mixin.py:115} INFO - [2023-02-04 02:09:11,073] {dagbag.py:508} INFO - Filling up the DagBag from /home/milo/13-airflow/airflowhome/airflowenv/lib/python3.9/site-packages/airflow/example_dags/example_bash_operator.py
[2023-02-04 02:09:11,092] {processor.py:651} INFO - DAG(s) dict_keys(['example_bash_operator']) retrieved from /home/milo/13-airflow/airflowhome/airflowenv/lib/python3.9/site-packages/airflow/example_dags/example_bash_operator.py
[2023-02-04 02:09:11,119] {logging_mixin.py:115} INFO - [2023-02-04 02:09:11,119] {dag.py:2420} INFO - Sync 1 DAGs
[2023-02-04 02:09:11,149] {logging_mixin.py:115} INFO - [2023-02-04 02:09:11,148] {dag.py:2968} INFO - Setting next_dagrun for example_bash_operator to 2023-02-03T00:00:00+00:00, run_after=2023-02-04T00:00:00+00:00
[2023-02-04 02:09:11,170] {processor.py:161} INFO - Processing /home/milo/13-airflow/airflowhome/airflowenv/lib/python3.9/site-packages/airflow/example_dags/example_bash_operator.py took 0.104 seconds
[2023-02-04 02:22:11,244] {processor.py:153} INFO - Started process (PID=7897) to work on /home/milo/13-airflow/airflowhome/airflowenv/lib/python3.9/site-packages/airflow/example_dags/example_bash_operator.py
[2023-02-04 02:22:11,246] {processor.py:641} INFO - Processing file /home/milo/13-airflow/airflowhome/airflowenv/lib/python3.9/site-packages/airflow/example_dags/example_bash_operator.py for tasks to queue
[2023-02-04 02:22:11,247] {logging_mixin.py:115} INFO - [2023-02-04 02:22:11,247] {dagbag.py:508} INFO - Filling up the DagBag from /home/milo/13-airflow/airflowhome/airflowenv/lib/python3.9/site-packages/airflow/example_dags/example_bash_operator.py
[2023-02-04 02:22:11,266] {processor.py:651} INFO - DAG(s) dict_keys(['example_bash_operator']) retrieved from /home/milo/13-airflow/airflowhome/airflowenv/lib/python3.9/site-packages/airflow/example_dags/example_bash_operator.py
[2023-02-04 02:22:11,293] {logging_mixin.py:115} INFO - [2023-02-04 02:22:11,293] {dag.py:2420} INFO - Sync 1 DAGs
[2023-02-04 02:22:11,323] {logging_mixin.py:115} INFO - [2023-02-04 02:22:11,322] {dag.py:2968} INFO - Setting next_dagrun for example_bash_operator to 2023-02-03T00:00:00+00:00, run_after=2023-02-04T00:00:00+00:00
[2023-02-04 02:22:11,342] {processor.py:161} INFO - Processing /home/milo/13-airflow/airflowhome/airflowenv/lib/python3.9/site-packages/airflow/example_dags/example_bash_operator.py took 0.102 seconds
