[2023-02-04 01:53:35,390] {processor.py:153} INFO - Started process (PID=6617) to work on /home/milo/13-airflow/airflowhome/airflowenv/lib/python3.9/site-packages/airflow/example_dags/example_local_kubernetes_executor.py
[2023-02-04 01:53:35,390] {processor.py:641} INFO - Processing file /home/milo/13-airflow/airflowhome/airflowenv/lib/python3.9/site-packages/airflow/example_dags/example_local_kubernetes_executor.py for tasks to queue
[2023-02-04 01:53:35,391] {logging_mixin.py:115} INFO - [2023-02-04 01:53:35,391] {dagbag.py:508} INFO - Filling up the DagBag from /home/milo/13-airflow/airflowhome/airflowenv/lib/python3.9/site-packages/airflow/example_dags/example_local_kubernetes_executor.py
[2023-02-04 01:53:35,415] {logging_mixin.py:115} INFO - [2023-02-04 01:53:35,414] {example_local_kubernetes_executor.py:37} WARNING - Could not import DAGs in example_local_kubernetes_executor.py
Traceback (most recent call last):
  File "/home/milo/13-airflow/airflowhome/airflowenv/lib/python3.9/site-packages/airflow/example_dags/example_local_kubernetes_executor.py", line 35, in <module>
    from kubernetes.client import models as k8s
ModuleNotFoundError: No module named 'kubernetes'
[2023-02-04 01:53:35,415] {logging_mixin.py:115} INFO - [2023-02-04 01:53:35,415] {example_local_kubernetes_executor.py:38} WARNING - Install Kubernetes dependencies with: pip install apache-airflow[cncf.kubernetes]
[2023-02-04 01:53:35,415] {processor.py:653} WARNING - No viable dags retrieved from /home/milo/13-airflow/airflowhome/airflowenv/lib/python3.9/site-packages/airflow/example_dags/example_local_kubernetes_executor.py
[2023-02-04 01:53:35,431] {processor.py:161} INFO - Processing /home/milo/13-airflow/airflowhome/airflowenv/lib/python3.9/site-packages/airflow/example_dags/example_local_kubernetes_executor.py took 0.046 seconds
[2023-02-04 01:54:27,967] {processor.py:153} INFO - Started process (PID=6664) to work on /home/milo/13-airflow/airflowhome/airflowenv/lib/python3.9/site-packages/airflow/example_dags/example_local_kubernetes_executor.py
[2023-02-04 01:54:27,969] {processor.py:641} INFO - Processing file /home/milo/13-airflow/airflowhome/airflowenv/lib/python3.9/site-packages/airflow/example_dags/example_local_kubernetes_executor.py for tasks to queue
[2023-02-04 01:54:27,970] {logging_mixin.py:115} INFO - [2023-02-04 01:54:27,970] {dagbag.py:508} INFO - Filling up the DagBag from /home/milo/13-airflow/airflowhome/airflowenv/lib/python3.9/site-packages/airflow/example_dags/example_local_kubernetes_executor.py
[2023-02-04 01:54:27,993] {logging_mixin.py:115} INFO - [2023-02-04 01:54:27,992] {example_local_kubernetes_executor.py:37} WARNING - Could not import DAGs in example_local_kubernetes_executor.py
Traceback (most recent call last):
  File "/home/milo/13-airflow/airflowhome/airflowenv/lib/python3.9/site-packages/airflow/example_dags/example_local_kubernetes_executor.py", line 35, in <module>
    from kubernetes.client import models as k8s
ModuleNotFoundError: No module named 'kubernetes'
[2023-02-04 01:54:27,993] {logging_mixin.py:115} INFO - [2023-02-04 01:54:27,993] {example_local_kubernetes_executor.py:38} WARNING - Install Kubernetes dependencies with: pip install apache-airflow[cncf.kubernetes]
[2023-02-04 01:54:27,993] {processor.py:653} WARNING - No viable dags retrieved from /home/milo/13-airflow/airflowhome/airflowenv/lib/python3.9/site-packages/airflow/example_dags/example_local_kubernetes_executor.py
[2023-02-04 01:54:28,011] {processor.py:161} INFO - Processing /home/milo/13-airflow/airflowhome/airflowenv/lib/python3.9/site-packages/airflow/example_dags/example_local_kubernetes_executor.py took 0.048 seconds
[2023-02-04 01:55:08,003] {processor.py:153} INFO - Started process (PID=6705) to work on /home/milo/13-airflow/airflowhome/airflowenv/lib/python3.9/site-packages/airflow/example_dags/example_local_kubernetes_executor.py
[2023-02-04 01:55:08,005] {processor.py:641} INFO - Processing file /home/milo/13-airflow/airflowhome/airflowenv/lib/python3.9/site-packages/airflow/example_dags/example_local_kubernetes_executor.py for tasks to queue
[2023-02-04 01:55:08,006] {logging_mixin.py:115} INFO - [2023-02-04 01:55:08,006] {dagbag.py:508} INFO - Filling up the DagBag from /home/milo/13-airflow/airflowhome/airflowenv/lib/python3.9/site-packages/airflow/example_dags/example_local_kubernetes_executor.py
[2023-02-04 01:55:08,029] {logging_mixin.py:115} INFO - [2023-02-04 01:55:08,029] {example_local_kubernetes_executor.py:37} WARNING - Could not import DAGs in example_local_kubernetes_executor.py
Traceback (most recent call last):
  File "/home/milo/13-airflow/airflowhome/airflowenv/lib/python3.9/site-packages/airflow/example_dags/example_local_kubernetes_executor.py", line 35, in <module>
    from kubernetes.client import models as k8s
ModuleNotFoundError: No module named 'kubernetes'
[2023-02-04 01:55:08,029] {logging_mixin.py:115} INFO - [2023-02-04 01:55:08,029] {example_local_kubernetes_executor.py:38} WARNING - Install Kubernetes dependencies with: pip install apache-airflow[cncf.kubernetes]
[2023-02-04 01:55:08,030] {processor.py:653} WARNING - No viable dags retrieved from /home/milo/13-airflow/airflowhome/airflowenv/lib/python3.9/site-packages/airflow/example_dags/example_local_kubernetes_executor.py
[2023-02-04 01:55:08,047] {processor.py:161} INFO - Processing /home/milo/13-airflow/airflowhome/airflowenv/lib/python3.9/site-packages/airflow/example_dags/example_local_kubernetes_executor.py took 0.050 seconds
[2023-02-04 01:56:12,079] {processor.py:153} INFO - Started process (PID=6743) to work on /home/milo/13-airflow/airflowhome/airflowenv/lib/python3.9/site-packages/airflow/example_dags/example_local_kubernetes_executor.py
[2023-02-04 01:56:12,095] {processor.py:641} INFO - Processing file /home/milo/13-airflow/airflowhome/airflowenv/lib/python3.9/site-packages/airflow/example_dags/example_local_kubernetes_executor.py for tasks to queue
[2023-02-04 01:56:12,096] {logging_mixin.py:115} INFO - [2023-02-04 01:56:12,095] {dagbag.py:508} INFO - Filling up the DagBag from /home/milo/13-airflow/airflowhome/airflowenv/lib/python3.9/site-packages/airflow/example_dags/example_local_kubernetes_executor.py
[2023-02-04 01:56:12,118] {logging_mixin.py:115} INFO - [2023-02-04 01:56:12,118] {example_local_kubernetes_executor.py:37} WARNING - Could not import DAGs in example_local_kubernetes_executor.py
Traceback (most recent call last):
  File "/home/milo/13-airflow/airflowhome/airflowenv/lib/python3.9/site-packages/airflow/example_dags/example_local_kubernetes_executor.py", line 35, in <module>
    from kubernetes.client import models as k8s
ModuleNotFoundError: No module named 'kubernetes'
[2023-02-04 01:56:12,118] {logging_mixin.py:115} INFO - [2023-02-04 01:56:12,118] {example_local_kubernetes_executor.py:38} WARNING - Install Kubernetes dependencies with: pip install apache-airflow[cncf.kubernetes]
[2023-02-04 01:56:12,118] {processor.py:653} WARNING - No viable dags retrieved from /home/milo/13-airflow/airflowhome/airflowenv/lib/python3.9/site-packages/airflow/example_dags/example_local_kubernetes_executor.py
[2023-02-04 01:56:12,135] {processor.py:161} INFO - Processing /home/milo/13-airflow/airflowhome/airflowenv/lib/python3.9/site-packages/airflow/example_dags/example_local_kubernetes_executor.py took 0.065 seconds
[2023-02-04 01:57:03,657] {processor.py:153} INFO - Started process (PID=6781) to work on /home/milo/13-airflow/airflowhome/airflowenv/lib/python3.9/site-packages/airflow/example_dags/example_local_kubernetes_executor.py
[2023-02-04 01:57:03,663] {processor.py:641} INFO - Processing file /home/milo/13-airflow/airflowhome/airflowenv/lib/python3.9/site-packages/airflow/example_dags/example_local_kubernetes_executor.py for tasks to queue
[2023-02-04 01:57:03,664] {logging_mixin.py:115} INFO - [2023-02-04 01:57:03,664] {dagbag.py:508} INFO - Filling up the DagBag from /home/milo/13-airflow/airflowhome/airflowenv/lib/python3.9/site-packages/airflow/example_dags/example_local_kubernetes_executor.py
[2023-02-04 01:57:03,688] {logging_mixin.py:115} INFO - [2023-02-04 01:57:03,688] {example_local_kubernetes_executor.py:37} WARNING - Could not import DAGs in example_local_kubernetes_executor.py
Traceback (most recent call last):
  File "/home/milo/13-airflow/airflowhome/airflowenv/lib/python3.9/site-packages/airflow/example_dags/example_local_kubernetes_executor.py", line 35, in <module>
    from kubernetes.client import models as k8s
ModuleNotFoundError: No module named 'kubernetes'
[2023-02-04 01:57:03,689] {logging_mixin.py:115} INFO - [2023-02-04 01:57:03,688] {example_local_kubernetes_executor.py:38} WARNING - Install Kubernetes dependencies with: pip install apache-airflow[cncf.kubernetes]
[2023-02-04 01:57:03,689] {processor.py:653} WARNING - No viable dags retrieved from /home/milo/13-airflow/airflowhome/airflowenv/lib/python3.9/site-packages/airflow/example_dags/example_local_kubernetes_executor.py
[2023-02-04 01:57:03,706] {processor.py:161} INFO - Processing /home/milo/13-airflow/airflowhome/airflowenv/lib/python3.9/site-packages/airflow/example_dags/example_local_kubernetes_executor.py took 0.054 seconds
[2023-02-04 01:57:38,660] {processor.py:153} INFO - Started process (PID=6815) to work on /home/milo/13-airflow/airflowhome/airflowenv/lib/python3.9/site-packages/airflow/example_dags/example_local_kubernetes_executor.py
[2023-02-04 01:57:38,662] {processor.py:641} INFO - Processing file /home/milo/13-airflow/airflowhome/airflowenv/lib/python3.9/site-packages/airflow/example_dags/example_local_kubernetes_executor.py for tasks to queue
[2023-02-04 01:57:38,663] {logging_mixin.py:115} INFO - [2023-02-04 01:57:38,663] {dagbag.py:508} INFO - Filling up the DagBag from /home/milo/13-airflow/airflowhome/airflowenv/lib/python3.9/site-packages/airflow/example_dags/example_local_kubernetes_executor.py
[2023-02-04 01:57:38,685] {logging_mixin.py:115} INFO - [2023-02-04 01:57:38,685] {example_local_kubernetes_executor.py:37} WARNING - Could not import DAGs in example_local_kubernetes_executor.py
Traceback (most recent call last):
  File "/home/milo/13-airflow/airflowhome/airflowenv/lib/python3.9/site-packages/airflow/example_dags/example_local_kubernetes_executor.py", line 35, in <module>
    from kubernetes.client import models as k8s
ModuleNotFoundError: No module named 'kubernetes'
[2023-02-04 01:57:38,686] {logging_mixin.py:115} INFO - [2023-02-04 01:57:38,686] {example_local_kubernetes_executor.py:38} WARNING - Install Kubernetes dependencies with: pip install apache-airflow[cncf.kubernetes]
[2023-02-04 01:57:38,686] {processor.py:653} WARNING - No viable dags retrieved from /home/milo/13-airflow/airflowhome/airflowenv/lib/python3.9/site-packages/airflow/example_dags/example_local_kubernetes_executor.py
[2023-02-04 01:57:38,702] {processor.py:161} INFO - Processing /home/milo/13-airflow/airflowhome/airflowenv/lib/python3.9/site-packages/airflow/example_dags/example_local_kubernetes_executor.py took 0.046 seconds
[2023-02-04 01:58:15,426] {processor.py:153} INFO - Started process (PID=7040) to work on /home/milo/13-airflow/airflowhome/airflowenv/lib/python3.9/site-packages/airflow/example_dags/example_local_kubernetes_executor.py
[2023-02-04 01:58:15,439] {processor.py:641} INFO - Processing file /home/milo/13-airflow/airflowhome/airflowenv/lib/python3.9/site-packages/airflow/example_dags/example_local_kubernetes_executor.py for tasks to queue
[2023-02-04 01:58:15,440] {logging_mixin.py:115} INFO - [2023-02-04 01:58:15,440] {dagbag.py:508} INFO - Filling up the DagBag from /home/milo/13-airflow/airflowhome/airflowenv/lib/python3.9/site-packages/airflow/example_dags/example_local_kubernetes_executor.py
[2023-02-04 01:58:15,466] {logging_mixin.py:115} INFO - [2023-02-04 01:58:15,466] {example_local_kubernetes_executor.py:37} WARNING - Could not import DAGs in example_local_kubernetes_executor.py
Traceback (most recent call last):
  File "/home/milo/13-airflow/airflowhome/airflowenv/lib/python3.9/site-packages/airflow/example_dags/example_local_kubernetes_executor.py", line 35, in <module>
    from kubernetes.client import models as k8s
ModuleNotFoundError: No module named 'kubernetes'
[2023-02-04 01:58:15,467] {logging_mixin.py:115} INFO - [2023-02-04 01:58:15,467] {example_local_kubernetes_executor.py:38} WARNING - Install Kubernetes dependencies with: pip install apache-airflow[cncf.kubernetes]
[2023-02-04 01:58:15,467] {processor.py:653} WARNING - No viable dags retrieved from /home/milo/13-airflow/airflowhome/airflowenv/lib/python3.9/site-packages/airflow/example_dags/example_local_kubernetes_executor.py
[2023-02-04 01:58:15,487] {processor.py:161} INFO - Processing /home/milo/13-airflow/airflowhome/airflowenv/lib/python3.9/site-packages/airflow/example_dags/example_local_kubernetes_executor.py took 0.065 seconds
[2023-02-04 01:58:51,702] {processor.py:153} INFO - Started process (PID=7080) to work on /home/milo/13-airflow/airflowhome/airflowenv/lib/python3.9/site-packages/airflow/example_dags/example_local_kubernetes_executor.py
[2023-02-04 01:58:51,704] {processor.py:641} INFO - Processing file /home/milo/13-airflow/airflowhome/airflowenv/lib/python3.9/site-packages/airflow/example_dags/example_local_kubernetes_executor.py for tasks to queue
[2023-02-04 01:58:51,705] {logging_mixin.py:115} INFO - [2023-02-04 01:58:51,705] {dagbag.py:508} INFO - Filling up the DagBag from /home/milo/13-airflow/airflowhome/airflowenv/lib/python3.9/site-packages/airflow/example_dags/example_local_kubernetes_executor.py
[2023-02-04 01:58:51,729] {logging_mixin.py:115} INFO - [2023-02-04 01:58:51,728] {example_local_kubernetes_executor.py:37} WARNING - Could not import DAGs in example_local_kubernetes_executor.py
Traceback (most recent call last):
  File "/home/milo/13-airflow/airflowhome/airflowenv/lib/python3.9/site-packages/airflow/example_dags/example_local_kubernetes_executor.py", line 35, in <module>
    from kubernetes.client import models as k8s
ModuleNotFoundError: No module named 'kubernetes'
[2023-02-04 01:58:51,729] {logging_mixin.py:115} INFO - [2023-02-04 01:58:51,729] {example_local_kubernetes_executor.py:38} WARNING - Install Kubernetes dependencies with: pip install apache-airflow[cncf.kubernetes]
[2023-02-04 01:58:51,729] {processor.py:653} WARNING - No viable dags retrieved from /home/milo/13-airflow/airflowhome/airflowenv/lib/python3.9/site-packages/airflow/example_dags/example_local_kubernetes_executor.py
[2023-02-04 01:58:51,746] {processor.py:161} INFO - Processing /home/milo/13-airflow/airflowhome/airflowenv/lib/python3.9/site-packages/airflow/example_dags/example_local_kubernetes_executor.py took 0.050 seconds
[2023-02-04 01:59:26,030] {processor.py:153} INFO - Started process (PID=7116) to work on /home/milo/13-airflow/airflowhome/airflowenv/lib/python3.9/site-packages/airflow/example_dags/example_local_kubernetes_executor.py
[2023-02-04 01:59:26,032] {processor.py:641} INFO - Processing file /home/milo/13-airflow/airflowhome/airflowenv/lib/python3.9/site-packages/airflow/example_dags/example_local_kubernetes_executor.py for tasks to queue
[2023-02-04 01:59:26,033] {logging_mixin.py:115} INFO - [2023-02-04 01:59:26,033] {dagbag.py:508} INFO - Filling up the DagBag from /home/milo/13-airflow/airflowhome/airflowenv/lib/python3.9/site-packages/airflow/example_dags/example_local_kubernetes_executor.py
[2023-02-04 01:59:26,058] {logging_mixin.py:115} INFO - [2023-02-04 01:59:26,058] {example_local_kubernetes_executor.py:37} WARNING - Could not import DAGs in example_local_kubernetes_executor.py
Traceback (most recent call last):
  File "/home/milo/13-airflow/airflowhome/airflowenv/lib/python3.9/site-packages/airflow/example_dags/example_local_kubernetes_executor.py", line 35, in <module>
    from kubernetes.client import models as k8s
ModuleNotFoundError: No module named 'kubernetes'
[2023-02-04 01:59:26,058] {logging_mixin.py:115} INFO - [2023-02-04 01:59:26,058] {example_local_kubernetes_executor.py:38} WARNING - Install Kubernetes dependencies with: pip install apache-airflow[cncf.kubernetes]
[2023-02-04 01:59:26,059] {processor.py:653} WARNING - No viable dags retrieved from /home/milo/13-airflow/airflowhome/airflowenv/lib/python3.9/site-packages/airflow/example_dags/example_local_kubernetes_executor.py
[2023-02-04 01:59:26,076] {processor.py:161} INFO - Processing /home/milo/13-airflow/airflowhome/airflowenv/lib/python3.9/site-packages/airflow/example_dags/example_local_kubernetes_executor.py took 0.050 seconds
[2023-02-04 02:00:03,592] {processor.py:153} INFO - Started process (PID=7155) to work on /home/milo/13-airflow/airflowhome/airflowenv/lib/python3.9/site-packages/airflow/example_dags/example_local_kubernetes_executor.py
[2023-02-04 02:00:03,594] {processor.py:641} INFO - Processing file /home/milo/13-airflow/airflowhome/airflowenv/lib/python3.9/site-packages/airflow/example_dags/example_local_kubernetes_executor.py for tasks to queue
[2023-02-04 02:00:03,595] {logging_mixin.py:115} INFO - [2023-02-04 02:00:03,594] {dagbag.py:508} INFO - Filling up the DagBag from /home/milo/13-airflow/airflowhome/airflowenv/lib/python3.9/site-packages/airflow/example_dags/example_local_kubernetes_executor.py
[2023-02-04 02:00:03,623] {logging_mixin.py:115} INFO - [2023-02-04 02:00:03,622] {example_local_kubernetes_executor.py:37} WARNING - Could not import DAGs in example_local_kubernetes_executor.py
Traceback (most recent call last):
  File "/home/milo/13-airflow/airflowhome/airflowenv/lib/python3.9/site-packages/airflow/example_dags/example_local_kubernetes_executor.py", line 35, in <module>
    from kubernetes.client import models as k8s
ModuleNotFoundError: No module named 'kubernetes'
[2023-02-04 02:00:03,623] {logging_mixin.py:115} INFO - [2023-02-04 02:00:03,623] {example_local_kubernetes_executor.py:38} WARNING - Install Kubernetes dependencies with: pip install apache-airflow[cncf.kubernetes]
[2023-02-04 02:00:03,623] {processor.py:653} WARNING - No viable dags retrieved from /home/milo/13-airflow/airflowhome/airflowenv/lib/python3.9/site-packages/airflow/example_dags/example_local_kubernetes_executor.py
[2023-02-04 02:00:03,648] {processor.py:161} INFO - Processing /home/milo/13-airflow/airflowhome/airflowenv/lib/python3.9/site-packages/airflow/example_dags/example_local_kubernetes_executor.py took 0.061 seconds
[2023-02-04 02:00:40,691] {processor.py:153} INFO - Started process (PID=7191) to work on /home/milo/13-airflow/airflowhome/airflowenv/lib/python3.9/site-packages/airflow/example_dags/example_local_kubernetes_executor.py
[2023-02-04 02:00:40,693] {processor.py:641} INFO - Processing file /home/milo/13-airflow/airflowhome/airflowenv/lib/python3.9/site-packages/airflow/example_dags/example_local_kubernetes_executor.py for tasks to queue
[2023-02-04 02:00:40,694] {logging_mixin.py:115} INFO - [2023-02-04 02:00:40,694] {dagbag.py:508} INFO - Filling up the DagBag from /home/milo/13-airflow/airflowhome/airflowenv/lib/python3.9/site-packages/airflow/example_dags/example_local_kubernetes_executor.py
[2023-02-04 02:00:40,718] {logging_mixin.py:115} INFO - [2023-02-04 02:00:40,717] {example_local_kubernetes_executor.py:37} WARNING - Could not import DAGs in example_local_kubernetes_executor.py
Traceback (most recent call last):
  File "/home/milo/13-airflow/airflowhome/airflowenv/lib/python3.9/site-packages/airflow/example_dags/example_local_kubernetes_executor.py", line 35, in <module>
    from kubernetes.client import models as k8s
ModuleNotFoundError: No module named 'kubernetes'
[2023-02-04 02:00:40,718] {logging_mixin.py:115} INFO - [2023-02-04 02:00:40,718] {example_local_kubernetes_executor.py:38} WARNING - Install Kubernetes dependencies with: pip install apache-airflow[cncf.kubernetes]
[2023-02-04 02:00:40,718] {processor.py:653} WARNING - No viable dags retrieved from /home/milo/13-airflow/airflowhome/airflowenv/lib/python3.9/site-packages/airflow/example_dags/example_local_kubernetes_executor.py
[2023-02-04 02:00:40,735] {processor.py:161} INFO - Processing /home/milo/13-airflow/airflowhome/airflowenv/lib/python3.9/site-packages/airflow/example_dags/example_local_kubernetes_executor.py took 0.050 seconds
[2023-02-04 02:01:15,476] {processor.py:153} INFO - Started process (PID=7226) to work on /home/milo/13-airflow/airflowhome/airflowenv/lib/python3.9/site-packages/airflow/example_dags/example_local_kubernetes_executor.py
[2023-02-04 02:01:15,477] {processor.py:641} INFO - Processing file /home/milo/13-airflow/airflowhome/airflowenv/lib/python3.9/site-packages/airflow/example_dags/example_local_kubernetes_executor.py for tasks to queue
[2023-02-04 02:01:15,478] {logging_mixin.py:115} INFO - [2023-02-04 02:01:15,478] {dagbag.py:508} INFO - Filling up the DagBag from /home/milo/13-airflow/airflowhome/airflowenv/lib/python3.9/site-packages/airflow/example_dags/example_local_kubernetes_executor.py
[2023-02-04 02:01:15,502] {logging_mixin.py:115} INFO - [2023-02-04 02:01:15,501] {example_local_kubernetes_executor.py:37} WARNING - Could not import DAGs in example_local_kubernetes_executor.py
Traceback (most recent call last):
  File "/home/milo/13-airflow/airflowhome/airflowenv/lib/python3.9/site-packages/airflow/example_dags/example_local_kubernetes_executor.py", line 35, in <module>
    from kubernetes.client import models as k8s
ModuleNotFoundError: No module named 'kubernetes'
[2023-02-04 02:01:15,502] {logging_mixin.py:115} INFO - [2023-02-04 02:01:15,502] {example_local_kubernetes_executor.py:38} WARNING - Install Kubernetes dependencies with: pip install apache-airflow[cncf.kubernetes]
[2023-02-04 02:01:15,502] {processor.py:653} WARNING - No viable dags retrieved from /home/milo/13-airflow/airflowhome/airflowenv/lib/python3.9/site-packages/airflow/example_dags/example_local_kubernetes_executor.py
[2023-02-04 02:01:15,518] {processor.py:161} INFO - Processing /home/milo/13-airflow/airflowhome/airflowenv/lib/python3.9/site-packages/airflow/example_dags/example_local_kubernetes_executor.py took 0.047 seconds
[2023-02-04 02:01:54,197] {processor.py:153} INFO - Started process (PID=7265) to work on /home/milo/13-airflow/airflowhome/airflowenv/lib/python3.9/site-packages/airflow/example_dags/example_local_kubernetes_executor.py
[2023-02-04 02:01:54,199] {processor.py:641} INFO - Processing file /home/milo/13-airflow/airflowhome/airflowenv/lib/python3.9/site-packages/airflow/example_dags/example_local_kubernetes_executor.py for tasks to queue
[2023-02-04 02:01:54,200] {logging_mixin.py:115} INFO - [2023-02-04 02:01:54,199] {dagbag.py:508} INFO - Filling up the DagBag from /home/milo/13-airflow/airflowhome/airflowenv/lib/python3.9/site-packages/airflow/example_dags/example_local_kubernetes_executor.py
[2023-02-04 02:01:54,224] {logging_mixin.py:115} INFO - [2023-02-04 02:01:54,223] {example_local_kubernetes_executor.py:37} WARNING - Could not import DAGs in example_local_kubernetes_executor.py
Traceback (most recent call last):
  File "/home/milo/13-airflow/airflowhome/airflowenv/lib/python3.9/site-packages/airflow/example_dags/example_local_kubernetes_executor.py", line 35, in <module>
    from kubernetes.client import models as k8s
ModuleNotFoundError: No module named 'kubernetes'
[2023-02-04 02:01:54,224] {logging_mixin.py:115} INFO - [2023-02-04 02:01:54,224] {example_local_kubernetes_executor.py:38} WARNING - Install Kubernetes dependencies with: pip install apache-airflow[cncf.kubernetes]
[2023-02-04 02:01:54,224] {processor.py:653} WARNING - No viable dags retrieved from /home/milo/13-airflow/airflowhome/airflowenv/lib/python3.9/site-packages/airflow/example_dags/example_local_kubernetes_executor.py
[2023-02-04 02:01:54,248] {processor.py:161} INFO - Processing /home/milo/13-airflow/airflowhome/airflowenv/lib/python3.9/site-packages/airflow/example_dags/example_local_kubernetes_executor.py took 0.056 seconds
[2023-02-04 02:02:29,557] {processor.py:153} INFO - Started process (PID=7300) to work on /home/milo/13-airflow/airflowhome/airflowenv/lib/python3.9/site-packages/airflow/example_dags/example_local_kubernetes_executor.py
[2023-02-04 02:02:29,559] {processor.py:641} INFO - Processing file /home/milo/13-airflow/airflowhome/airflowenv/lib/python3.9/site-packages/airflow/example_dags/example_local_kubernetes_executor.py for tasks to queue
[2023-02-04 02:02:29,560] {logging_mixin.py:115} INFO - [2023-02-04 02:02:29,559] {dagbag.py:508} INFO - Filling up the DagBag from /home/milo/13-airflow/airflowhome/airflowenv/lib/python3.9/site-packages/airflow/example_dags/example_local_kubernetes_executor.py
[2023-02-04 02:02:29,583] {logging_mixin.py:115} INFO - [2023-02-04 02:02:29,582] {example_local_kubernetes_executor.py:37} WARNING - Could not import DAGs in example_local_kubernetes_executor.py
Traceback (most recent call last):
  File "/home/milo/13-airflow/airflowhome/airflowenv/lib/python3.9/site-packages/airflow/example_dags/example_local_kubernetes_executor.py", line 35, in <module>
    from kubernetes.client import models as k8s
ModuleNotFoundError: No module named 'kubernetes'
[2023-02-04 02:02:29,583] {logging_mixin.py:115} INFO - [2023-02-04 02:02:29,583] {example_local_kubernetes_executor.py:38} WARNING - Install Kubernetes dependencies with: pip install apache-airflow[cncf.kubernetes]
[2023-02-04 02:02:29,583] {processor.py:653} WARNING - No viable dags retrieved from /home/milo/13-airflow/airflowhome/airflowenv/lib/python3.9/site-packages/airflow/example_dags/example_local_kubernetes_executor.py
[2023-02-04 02:02:29,599] {processor.py:161} INFO - Processing /home/milo/13-airflow/airflowhome/airflowenv/lib/python3.9/site-packages/airflow/example_dags/example_local_kubernetes_executor.py took 0.048 seconds
[2023-02-04 02:03:05,106] {processor.py:153} INFO - Started process (PID=7337) to work on /home/milo/13-airflow/airflowhome/airflowenv/lib/python3.9/site-packages/airflow/example_dags/example_local_kubernetes_executor.py
[2023-02-04 02:03:05,113] {processor.py:641} INFO - Processing file /home/milo/13-airflow/airflowhome/airflowenv/lib/python3.9/site-packages/airflow/example_dags/example_local_kubernetes_executor.py for tasks to queue
[2023-02-04 02:03:05,114] {logging_mixin.py:115} INFO - [2023-02-04 02:03:05,114] {dagbag.py:508} INFO - Filling up the DagBag from /home/milo/13-airflow/airflowhome/airflowenv/lib/python3.9/site-packages/airflow/example_dags/example_local_kubernetes_executor.py
[2023-02-04 02:03:05,137] {logging_mixin.py:115} INFO - [2023-02-04 02:03:05,136] {example_local_kubernetes_executor.py:37} WARNING - Could not import DAGs in example_local_kubernetes_executor.py
Traceback (most recent call last):
  File "/home/milo/13-airflow/airflowhome/airflowenv/lib/python3.9/site-packages/airflow/example_dags/example_local_kubernetes_executor.py", line 35, in <module>
    from kubernetes.client import models as k8s
ModuleNotFoundError: No module named 'kubernetes'
[2023-02-04 02:03:05,137] {logging_mixin.py:115} INFO - [2023-02-04 02:03:05,137] {example_local_kubernetes_executor.py:38} WARNING - Install Kubernetes dependencies with: pip install apache-airflow[cncf.kubernetes]
[2023-02-04 02:03:05,137] {processor.py:653} WARNING - No viable dags retrieved from /home/milo/13-airflow/airflowhome/airflowenv/lib/python3.9/site-packages/airflow/example_dags/example_local_kubernetes_executor.py
[2023-02-04 02:03:05,154] {processor.py:161} INFO - Processing /home/milo/13-airflow/airflowhome/airflowenv/lib/python3.9/site-packages/airflow/example_dags/example_local_kubernetes_executor.py took 0.053 seconds
[2023-02-04 02:03:43,088] {processor.py:153} INFO - Started process (PID=7374) to work on /home/milo/13-airflow/airflowhome/airflowenv/lib/python3.9/site-packages/airflow/example_dags/example_local_kubernetes_executor.py
[2023-02-04 02:03:43,089] {processor.py:641} INFO - Processing file /home/milo/13-airflow/airflowhome/airflowenv/lib/python3.9/site-packages/airflow/example_dags/example_local_kubernetes_executor.py for tasks to queue
[2023-02-04 02:03:43,090] {logging_mixin.py:115} INFO - [2023-02-04 02:03:43,089] {dagbag.py:508} INFO - Filling up the DagBag from /home/milo/13-airflow/airflowhome/airflowenv/lib/python3.9/site-packages/airflow/example_dags/example_local_kubernetes_executor.py
[2023-02-04 02:03:43,112] {logging_mixin.py:115} INFO - [2023-02-04 02:03:43,112] {example_local_kubernetes_executor.py:37} WARNING - Could not import DAGs in example_local_kubernetes_executor.py
Traceback (most recent call last):
  File "/home/milo/13-airflow/airflowhome/airflowenv/lib/python3.9/site-packages/airflow/example_dags/example_local_kubernetes_executor.py", line 35, in <module>
    from kubernetes.client import models as k8s
ModuleNotFoundError: No module named 'kubernetes'
[2023-02-04 02:03:43,112] {logging_mixin.py:115} INFO - [2023-02-04 02:03:43,112] {example_local_kubernetes_executor.py:38} WARNING - Install Kubernetes dependencies with: pip install apache-airflow[cncf.kubernetes]
[2023-02-04 02:03:43,113] {processor.py:653} WARNING - No viable dags retrieved from /home/milo/13-airflow/airflowhome/airflowenv/lib/python3.9/site-packages/airflow/example_dags/example_local_kubernetes_executor.py
[2023-02-04 02:03:43,126] {processor.py:161} INFO - Processing /home/milo/13-airflow/airflowhome/airflowenv/lib/python3.9/site-packages/airflow/example_dags/example_local_kubernetes_executor.py took 0.044 seconds
[2023-02-04 02:04:20,859] {processor.py:153} INFO - Started process (PID=7411) to work on /home/milo/13-airflow/airflowhome/airflowenv/lib/python3.9/site-packages/airflow/example_dags/example_local_kubernetes_executor.py
[2023-02-04 02:04:20,860] {processor.py:641} INFO - Processing file /home/milo/13-airflow/airflowhome/airflowenv/lib/python3.9/site-packages/airflow/example_dags/example_local_kubernetes_executor.py for tasks to queue
[2023-02-04 02:04:20,861] {logging_mixin.py:115} INFO - [2023-02-04 02:04:20,861] {dagbag.py:508} INFO - Filling up the DagBag from /home/milo/13-airflow/airflowhome/airflowenv/lib/python3.9/site-packages/airflow/example_dags/example_local_kubernetes_executor.py
[2023-02-04 02:04:20,905] {logging_mixin.py:115} INFO - [2023-02-04 02:04:20,905] {example_local_kubernetes_executor.py:37} WARNING - Could not import DAGs in example_local_kubernetes_executor.py
Traceback (most recent call last):
  File "/home/milo/13-airflow/airflowhome/airflowenv/lib/python3.9/site-packages/airflow/example_dags/example_local_kubernetes_executor.py", line 35, in <module>
    from kubernetes.client import models as k8s
ModuleNotFoundError: No module named 'kubernetes'
[2023-02-04 02:04:20,905] {logging_mixin.py:115} INFO - [2023-02-04 02:04:20,905] {example_local_kubernetes_executor.py:38} WARNING - Install Kubernetes dependencies with: pip install apache-airflow[cncf.kubernetes]
[2023-02-04 02:04:20,906] {processor.py:653} WARNING - No viable dags retrieved from /home/milo/13-airflow/airflowhome/airflowenv/lib/python3.9/site-packages/airflow/example_dags/example_local_kubernetes_executor.py
[2023-02-04 02:04:20,925] {processor.py:161} INFO - Processing /home/milo/13-airflow/airflowhome/airflowenv/lib/python3.9/site-packages/airflow/example_dags/example_local_kubernetes_executor.py took 0.073 seconds
[2023-02-04 02:04:58,529] {processor.py:153} INFO - Started process (PID=7448) to work on /home/milo/13-airflow/airflowhome/airflowenv/lib/python3.9/site-packages/airflow/example_dags/example_local_kubernetes_executor.py
[2023-02-04 02:04:58,535] {processor.py:641} INFO - Processing file /home/milo/13-airflow/airflowhome/airflowenv/lib/python3.9/site-packages/airflow/example_dags/example_local_kubernetes_executor.py for tasks to queue
[2023-02-04 02:04:58,536] {logging_mixin.py:115} INFO - [2023-02-04 02:04:58,536] {dagbag.py:508} INFO - Filling up the DagBag from /home/milo/13-airflow/airflowhome/airflowenv/lib/python3.9/site-packages/airflow/example_dags/example_local_kubernetes_executor.py
[2023-02-04 02:04:58,560] {logging_mixin.py:115} INFO - [2023-02-04 02:04:58,560] {example_local_kubernetes_executor.py:37} WARNING - Could not import DAGs in example_local_kubernetes_executor.py
Traceback (most recent call last):
  File "/home/milo/13-airflow/airflowhome/airflowenv/lib/python3.9/site-packages/airflow/example_dags/example_local_kubernetes_executor.py", line 35, in <module>
    from kubernetes.client import models as k8s
ModuleNotFoundError: No module named 'kubernetes'
[2023-02-04 02:04:58,561] {logging_mixin.py:115} INFO - [2023-02-04 02:04:58,561] {example_local_kubernetes_executor.py:38} WARNING - Install Kubernetes dependencies with: pip install apache-airflow[cncf.kubernetes]
[2023-02-04 02:04:58,561] {processor.py:653} WARNING - No viable dags retrieved from /home/milo/13-airflow/airflowhome/airflowenv/lib/python3.9/site-packages/airflow/example_dags/example_local_kubernetes_executor.py
[2023-02-04 02:04:58,579] {processor.py:161} INFO - Processing /home/milo/13-airflow/airflowhome/airflowenv/lib/python3.9/site-packages/airflow/example_dags/example_local_kubernetes_executor.py took 0.055 seconds
[2023-02-04 02:05:33,596] {processor.py:153} INFO - Started process (PID=7485) to work on /home/milo/13-airflow/airflowhome/airflowenv/lib/python3.9/site-packages/airflow/example_dags/example_local_kubernetes_executor.py
[2023-02-04 02:05:33,597] {processor.py:641} INFO - Processing file /home/milo/13-airflow/airflowhome/airflowenv/lib/python3.9/site-packages/airflow/example_dags/example_local_kubernetes_executor.py for tasks to queue
[2023-02-04 02:05:33,598] {logging_mixin.py:115} INFO - [2023-02-04 02:05:33,598] {dagbag.py:508} INFO - Filling up the DagBag from /home/milo/13-airflow/airflowhome/airflowenv/lib/python3.9/site-packages/airflow/example_dags/example_local_kubernetes_executor.py
[2023-02-04 02:05:33,621] {logging_mixin.py:115} INFO - [2023-02-04 02:05:33,620] {example_local_kubernetes_executor.py:37} WARNING - Could not import DAGs in example_local_kubernetes_executor.py
Traceback (most recent call last):
  File "/home/milo/13-airflow/airflowhome/airflowenv/lib/python3.9/site-packages/airflow/example_dags/example_local_kubernetes_executor.py", line 35, in <module>
    from kubernetes.client import models as k8s
ModuleNotFoundError: No module named 'kubernetes'
[2023-02-04 02:05:33,621] {logging_mixin.py:115} INFO - [2023-02-04 02:05:33,621] {example_local_kubernetes_executor.py:38} WARNING - Install Kubernetes dependencies with: pip install apache-airflow[cncf.kubernetes]
[2023-02-04 02:05:33,621] {processor.py:653} WARNING - No viable dags retrieved from /home/milo/13-airflow/airflowhome/airflowenv/lib/python3.9/site-packages/airflow/example_dags/example_local_kubernetes_executor.py
[2023-02-04 02:05:33,638] {processor.py:161} INFO - Processing /home/milo/13-airflow/airflowhome/airflowenv/lib/python3.9/site-packages/airflow/example_dags/example_local_kubernetes_executor.py took 0.047 seconds
[2023-02-04 02:06:14,118] {processor.py:153} INFO - Started process (PID=7524) to work on /home/milo/13-airflow/airflowhome/airflowenv/lib/python3.9/site-packages/airflow/example_dags/example_local_kubernetes_executor.py
[2023-02-04 02:06:14,124] {processor.py:641} INFO - Processing file /home/milo/13-airflow/airflowhome/airflowenv/lib/python3.9/site-packages/airflow/example_dags/example_local_kubernetes_executor.py for tasks to queue
[2023-02-04 02:06:14,124] {logging_mixin.py:115} INFO - [2023-02-04 02:06:14,124] {dagbag.py:508} INFO - Filling up the DagBag from /home/milo/13-airflow/airflowhome/airflowenv/lib/python3.9/site-packages/airflow/example_dags/example_local_kubernetes_executor.py
[2023-02-04 02:06:14,148] {logging_mixin.py:115} INFO - [2023-02-04 02:06:14,147] {example_local_kubernetes_executor.py:37} WARNING - Could not import DAGs in example_local_kubernetes_executor.py
Traceback (most recent call last):
  File "/home/milo/13-airflow/airflowhome/airflowenv/lib/python3.9/site-packages/airflow/example_dags/example_local_kubernetes_executor.py", line 35, in <module>
    from kubernetes.client import models as k8s
ModuleNotFoundError: No module named 'kubernetes'
[2023-02-04 02:06:14,148] {logging_mixin.py:115} INFO - [2023-02-04 02:06:14,148] {example_local_kubernetes_executor.py:38} WARNING - Install Kubernetes dependencies with: pip install apache-airflow[cncf.kubernetes]
[2023-02-04 02:06:14,148] {processor.py:653} WARNING - No viable dags retrieved from /home/milo/13-airflow/airflowhome/airflowenv/lib/python3.9/site-packages/airflow/example_dags/example_local_kubernetes_executor.py
[2023-02-04 02:06:14,165] {processor.py:161} INFO - Processing /home/milo/13-airflow/airflowhome/airflowenv/lib/python3.9/site-packages/airflow/example_dags/example_local_kubernetes_executor.py took 0.052 seconds
[2023-02-04 02:06:52,313] {processor.py:153} INFO - Started process (PID=7560) to work on /home/milo/13-airflow/airflowhome/airflowenv/lib/python3.9/site-packages/airflow/example_dags/example_local_kubernetes_executor.py
[2023-02-04 02:06:52,314] {processor.py:641} INFO - Processing file /home/milo/13-airflow/airflowhome/airflowenv/lib/python3.9/site-packages/airflow/example_dags/example_local_kubernetes_executor.py for tasks to queue
[2023-02-04 02:06:52,315] {logging_mixin.py:115} INFO - [2023-02-04 02:06:52,315] {dagbag.py:508} INFO - Filling up the DagBag from /home/milo/13-airflow/airflowhome/airflowenv/lib/python3.9/site-packages/airflow/example_dags/example_local_kubernetes_executor.py
[2023-02-04 02:06:52,338] {logging_mixin.py:115} INFO - [2023-02-04 02:06:52,337] {example_local_kubernetes_executor.py:37} WARNING - Could not import DAGs in example_local_kubernetes_executor.py
Traceback (most recent call last):
  File "/home/milo/13-airflow/airflowhome/airflowenv/lib/python3.9/site-packages/airflow/example_dags/example_local_kubernetes_executor.py", line 35, in <module>
    from kubernetes.client import models as k8s
ModuleNotFoundError: No module named 'kubernetes'
[2023-02-04 02:06:52,338] {logging_mixin.py:115} INFO - [2023-02-04 02:06:52,338] {example_local_kubernetes_executor.py:38} WARNING - Install Kubernetes dependencies with: pip install apache-airflow[cncf.kubernetes]
[2023-02-04 02:06:52,338] {processor.py:653} WARNING - No viable dags retrieved from /home/milo/13-airflow/airflowhome/airflowenv/lib/python3.9/site-packages/airflow/example_dags/example_local_kubernetes_executor.py
[2023-02-04 02:06:52,354] {processor.py:161} INFO - Processing /home/milo/13-airflow/airflowhome/airflowenv/lib/python3.9/site-packages/airflow/example_dags/example_local_kubernetes_executor.py took 0.046 seconds
[2023-02-04 02:07:28,789] {processor.py:153} INFO - Started process (PID=7597) to work on /home/milo/13-airflow/airflowhome/airflowenv/lib/python3.9/site-packages/airflow/example_dags/example_local_kubernetes_executor.py
[2023-02-04 02:07:28,793] {processor.py:641} INFO - Processing file /home/milo/13-airflow/airflowhome/airflowenv/lib/python3.9/site-packages/airflow/example_dags/example_local_kubernetes_executor.py for tasks to queue
[2023-02-04 02:07:28,794] {logging_mixin.py:115} INFO - [2023-02-04 02:07:28,794] {dagbag.py:508} INFO - Filling up the DagBag from /home/milo/13-airflow/airflowhome/airflowenv/lib/python3.9/site-packages/airflow/example_dags/example_local_kubernetes_executor.py
[2023-02-04 02:07:28,827] {logging_mixin.py:115} INFO - [2023-02-04 02:07:28,826] {example_local_kubernetes_executor.py:37} WARNING - Could not import DAGs in example_local_kubernetes_executor.py
Traceback (most recent call last):
  File "/home/milo/13-airflow/airflowhome/airflowenv/lib/python3.9/site-packages/airflow/example_dags/example_local_kubernetes_executor.py", line 35, in <module>
    from kubernetes.client import models as k8s
ModuleNotFoundError: No module named 'kubernetes'
[2023-02-04 02:07:28,827] {logging_mixin.py:115} INFO - [2023-02-04 02:07:28,827] {example_local_kubernetes_executor.py:38} WARNING - Install Kubernetes dependencies with: pip install apache-airflow[cncf.kubernetes]
[2023-02-04 02:07:28,827] {processor.py:653} WARNING - No viable dags retrieved from /home/milo/13-airflow/airflowhome/airflowenv/lib/python3.9/site-packages/airflow/example_dags/example_local_kubernetes_executor.py
[2023-02-04 02:07:28,843] {processor.py:161} INFO - Processing /home/milo/13-airflow/airflowhome/airflowenv/lib/python3.9/site-packages/airflow/example_dags/example_local_kubernetes_executor.py took 0.059 seconds
[2023-02-04 02:08:05,256] {processor.py:153} INFO - Started process (PID=7632) to work on /home/milo/13-airflow/airflowhome/airflowenv/lib/python3.9/site-packages/airflow/example_dags/example_local_kubernetes_executor.py
[2023-02-04 02:08:05,257] {processor.py:641} INFO - Processing file /home/milo/13-airflow/airflowhome/airflowenv/lib/python3.9/site-packages/airflow/example_dags/example_local_kubernetes_executor.py for tasks to queue
[2023-02-04 02:08:05,258] {logging_mixin.py:115} INFO - [2023-02-04 02:08:05,258] {dagbag.py:508} INFO - Filling up the DagBag from /home/milo/13-airflow/airflowhome/airflowenv/lib/python3.9/site-packages/airflow/example_dags/example_local_kubernetes_executor.py
[2023-02-04 02:08:05,281] {logging_mixin.py:115} INFO - [2023-02-04 02:08:05,281] {example_local_kubernetes_executor.py:37} WARNING - Could not import DAGs in example_local_kubernetes_executor.py
Traceback (most recent call last):
  File "/home/milo/13-airflow/airflowhome/airflowenv/lib/python3.9/site-packages/airflow/example_dags/example_local_kubernetes_executor.py", line 35, in <module>
    from kubernetes.client import models as k8s
ModuleNotFoundError: No module named 'kubernetes'
[2023-02-04 02:08:05,282] {logging_mixin.py:115} INFO - [2023-02-04 02:08:05,282] {example_local_kubernetes_executor.py:38} WARNING - Install Kubernetes dependencies with: pip install apache-airflow[cncf.kubernetes]
[2023-02-04 02:08:05,282] {processor.py:653} WARNING - No viable dags retrieved from /home/milo/13-airflow/airflowhome/airflowenv/lib/python3.9/site-packages/airflow/example_dags/example_local_kubernetes_executor.py
[2023-02-04 02:08:05,300] {processor.py:161} INFO - Processing /home/milo/13-airflow/airflowhome/airflowenv/lib/python3.9/site-packages/airflow/example_dags/example_local_kubernetes_executor.py took 0.049 seconds
[2023-02-04 02:08:41,683] {processor.py:153} INFO - Started process (PID=7667) to work on /home/milo/13-airflow/airflowhome/airflowenv/lib/python3.9/site-packages/airflow/example_dags/example_local_kubernetes_executor.py
[2023-02-04 02:08:41,685] {processor.py:641} INFO - Processing file /home/milo/13-airflow/airflowhome/airflowenv/lib/python3.9/site-packages/airflow/example_dags/example_local_kubernetes_executor.py for tasks to queue
[2023-02-04 02:08:41,686] {logging_mixin.py:115} INFO - [2023-02-04 02:08:41,686] {dagbag.py:508} INFO - Filling up the DagBag from /home/milo/13-airflow/airflowhome/airflowenv/lib/python3.9/site-packages/airflow/example_dags/example_local_kubernetes_executor.py
[2023-02-04 02:08:41,708] {logging_mixin.py:115} INFO - [2023-02-04 02:08:41,708] {example_local_kubernetes_executor.py:37} WARNING - Could not import DAGs in example_local_kubernetes_executor.py
Traceback (most recent call last):
  File "/home/milo/13-airflow/airflowhome/airflowenv/lib/python3.9/site-packages/airflow/example_dags/example_local_kubernetes_executor.py", line 35, in <module>
    from kubernetes.client import models as k8s
ModuleNotFoundError: No module named 'kubernetes'
[2023-02-04 02:08:41,709] {logging_mixin.py:115} INFO - [2023-02-04 02:08:41,709] {example_local_kubernetes_executor.py:38} WARNING - Install Kubernetes dependencies with: pip install apache-airflow[cncf.kubernetes]
[2023-02-04 02:08:41,709] {processor.py:653} WARNING - No viable dags retrieved from /home/milo/13-airflow/airflowhome/airflowenv/lib/python3.9/site-packages/airflow/example_dags/example_local_kubernetes_executor.py
[2023-02-04 02:08:41,725] {processor.py:161} INFO - Processing /home/milo/13-airflow/airflowhome/airflowenv/lib/python3.9/site-packages/airflow/example_dags/example_local_kubernetes_executor.py took 0.047 seconds
[2023-02-04 02:09:17,734] {processor.py:153} INFO - Started process (PID=7736) to work on /home/milo/13-airflow/airflowhome/airflowenv/lib/python3.9/site-packages/airflow/example_dags/example_local_kubernetes_executor.py
[2023-02-04 02:09:17,736] {processor.py:641} INFO - Processing file /home/milo/13-airflow/airflowhome/airflowenv/lib/python3.9/site-packages/airflow/example_dags/example_local_kubernetes_executor.py for tasks to queue
[2023-02-04 02:09:17,737] {logging_mixin.py:115} INFO - [2023-02-04 02:09:17,736] {dagbag.py:508} INFO - Filling up the DagBag from /home/milo/13-airflow/airflowhome/airflowenv/lib/python3.9/site-packages/airflow/example_dags/example_local_kubernetes_executor.py
[2023-02-04 02:09:17,760] {logging_mixin.py:115} INFO - [2023-02-04 02:09:17,760] {example_local_kubernetes_executor.py:37} WARNING - Could not import DAGs in example_local_kubernetes_executor.py
Traceback (most recent call last):
  File "/home/milo/13-airflow/airflowhome/airflowenv/lib/python3.9/site-packages/airflow/example_dags/example_local_kubernetes_executor.py", line 35, in <module>
    from kubernetes.client import models as k8s
ModuleNotFoundError: No module named 'kubernetes'
[2023-02-04 02:09:17,760] {logging_mixin.py:115} INFO - [2023-02-04 02:09:17,760] {example_local_kubernetes_executor.py:38} WARNING - Install Kubernetes dependencies with: pip install apache-airflow[cncf.kubernetes]
[2023-02-04 02:09:17,761] {processor.py:653} WARNING - No viable dags retrieved from /home/milo/13-airflow/airflowhome/airflowenv/lib/python3.9/site-packages/airflow/example_dags/example_local_kubernetes_executor.py
[2023-02-04 02:09:17,781] {processor.py:161} INFO - Processing /home/milo/13-airflow/airflowhome/airflowenv/lib/python3.9/site-packages/airflow/example_dags/example_local_kubernetes_executor.py took 0.052 seconds
[2023-02-04 02:22:15,855] {processor.py:153} INFO - Started process (PID=7904) to work on /home/milo/13-airflow/airflowhome/airflowenv/lib/python3.9/site-packages/airflow/example_dags/example_local_kubernetes_executor.py
[2023-02-04 02:22:15,869] {processor.py:641} INFO - Processing file /home/milo/13-airflow/airflowhome/airflowenv/lib/python3.9/site-packages/airflow/example_dags/example_local_kubernetes_executor.py for tasks to queue
[2023-02-04 02:22:15,870] {logging_mixin.py:115} INFO - [2023-02-04 02:22:15,870] {dagbag.py:508} INFO - Filling up the DagBag from /home/milo/13-airflow/airflowhome/airflowenv/lib/python3.9/site-packages/airflow/example_dags/example_local_kubernetes_executor.py
[2023-02-04 02:22:15,900] {logging_mixin.py:115} INFO - [2023-02-04 02:22:15,899] {example_local_kubernetes_executor.py:37} WARNING - Could not import DAGs in example_local_kubernetes_executor.py
Traceback (most recent call last):
  File "/home/milo/13-airflow/airflowhome/airflowenv/lib/python3.9/site-packages/airflow/example_dags/example_local_kubernetes_executor.py", line 35, in <module>
    from kubernetes.client import models as k8s
ModuleNotFoundError: No module named 'kubernetes'
[2023-02-04 02:22:15,900] {logging_mixin.py:115} INFO - [2023-02-04 02:22:15,900] {example_local_kubernetes_executor.py:38} WARNING - Install Kubernetes dependencies with: pip install apache-airflow[cncf.kubernetes]
[2023-02-04 02:22:15,900] {processor.py:653} WARNING - No viable dags retrieved from /home/milo/13-airflow/airflowhome/airflowenv/lib/python3.9/site-packages/airflow/example_dags/example_local_kubernetes_executor.py
[2023-02-04 02:22:15,928] {processor.py:161} INFO - Processing /home/milo/13-airflow/airflowhome/airflowenv/lib/python3.9/site-packages/airflow/example_dags/example_local_kubernetes_executor.py took 0.078 seconds
