[2023-02-04 01:52:44,609] {processor.py:153} INFO - Started process (PID=6588) to work on /home/milo/13-airflow/airflowhome/airflowenv/lib/python3.9/site-packages/airflow/example_dags/example_short_circuit_operator.py
[2023-02-04 01:52:44,610] {processor.py:641} INFO - Processing file /home/milo/13-airflow/airflowhome/airflowenv/lib/python3.9/site-packages/airflow/example_dags/example_short_circuit_operator.py for tasks to queue
[2023-02-04 01:52:44,611] {logging_mixin.py:115} INFO - [2023-02-04 01:52:44,611] {dagbag.py:508} INFO - Filling up the DagBag from /home/milo/13-airflow/airflowhome/airflowenv/lib/python3.9/site-packages/airflow/example_dags/example_short_circuit_operator.py
[2023-02-04 01:52:44,700] {processor.py:651} INFO - DAG(s) dict_keys(['example_short_circuit_operator']) retrieved from /home/milo/13-airflow/airflowhome/airflowenv/lib/python3.9/site-packages/airflow/example_dags/example_short_circuit_operator.py
[2023-02-04 01:52:45,011] {logging_mixin.py:115} INFO - [2023-02-04 01:52:45,011] {manager.py:508} INFO - Created Permission View: can read on DAG:example_short_circuit_operator
[2023-02-04 01:52:45,053] {logging_mixin.py:115} INFO - [2023-02-04 01:52:45,052] {manager.py:508} INFO - Created Permission View: can edit on DAG:example_short_circuit_operator
[2023-02-04 01:52:45,076] {logging_mixin.py:115} INFO - [2023-02-04 01:52:45,076] {manager.py:508} INFO - Created Permission View: can delete on DAG:example_short_circuit_operator
[2023-02-04 01:52:45,077] {logging_mixin.py:115} INFO - [2023-02-04 01:52:45,076] {dag.py:2420} INFO - Sync 1 DAGs
[2023-02-04 01:52:45,115] {logging_mixin.py:115} INFO - [2023-02-04 01:52:45,115] {dag.py:2439} INFO - Creating ORM DAG for example_short_circuit_operator
[2023-02-04 01:52:45,170] {logging_mixin.py:115} INFO - [2023-02-04 01:52:45,170] {dag.py:2968} INFO - Setting next_dagrun for example_short_circuit_operator to 2023-02-03T06:52:45.170272+00:00, run_after=2023-02-04T06:52:45.170272+00:00
[2023-02-04 01:52:45,275] {processor.py:161} INFO - Processing /home/milo/13-airflow/airflowhome/airflowenv/lib/python3.9/site-packages/airflow/example_dags/example_short_circuit_operator.py took 0.691 seconds
[2023-02-04 01:53:49,574] {processor.py:153} INFO - Started process (PID=6631) to work on /home/milo/13-airflow/airflowhome/airflowenv/lib/python3.9/site-packages/airflow/example_dags/example_short_circuit_operator.py
[2023-02-04 01:53:49,576] {processor.py:641} INFO - Processing file /home/milo/13-airflow/airflowhome/airflowenv/lib/python3.9/site-packages/airflow/example_dags/example_short_circuit_operator.py for tasks to queue
[2023-02-04 01:53:49,577] {logging_mixin.py:115} INFO - [2023-02-04 01:53:49,577] {dagbag.py:508} INFO - Filling up the DagBag from /home/milo/13-airflow/airflowhome/airflowenv/lib/python3.9/site-packages/airflow/example_dags/example_short_circuit_operator.py
[2023-02-04 01:53:49,592] {processor.py:651} INFO - DAG(s) dict_keys(['example_short_circuit_operator']) retrieved from /home/milo/13-airflow/airflowhome/airflowenv/lib/python3.9/site-packages/airflow/example_dags/example_short_circuit_operator.py
[2023-02-04 01:53:49,632] {logging_mixin.py:115} INFO - [2023-02-04 01:53:49,632] {dag.py:2420} INFO - Sync 1 DAGs
[2023-02-04 01:53:49,665] {logging_mixin.py:115} INFO - [2023-02-04 01:53:49,664] {dag.py:2968} INFO - Setting next_dagrun for example_short_circuit_operator to 2023-02-03T06:53:49.664504+00:00, run_after=2023-02-04T06:53:49.664504+00:00
[2023-02-04 01:53:49,691] {processor.py:161} INFO - Processing /home/milo/13-airflow/airflowhome/airflowenv/lib/python3.9/site-packages/airflow/example_dags/example_short_circuit_operator.py took 0.122 seconds
[2023-02-04 01:54:25,011] {processor.py:153} INFO - Started process (PID=6661) to work on /home/milo/13-airflow/airflowhome/airflowenv/lib/python3.9/site-packages/airflow/example_dags/example_short_circuit_operator.py
[2023-02-04 01:54:25,012] {processor.py:641} INFO - Processing file /home/milo/13-airflow/airflowhome/airflowenv/lib/python3.9/site-packages/airflow/example_dags/example_short_circuit_operator.py for tasks to queue
[2023-02-04 01:54:25,013] {logging_mixin.py:115} INFO - [2023-02-04 01:54:25,013] {dagbag.py:508} INFO - Filling up the DagBag from /home/milo/13-airflow/airflowhome/airflowenv/lib/python3.9/site-packages/airflow/example_dags/example_short_circuit_operator.py
[2023-02-04 01:54:25,028] {processor.py:651} INFO - DAG(s) dict_keys(['example_short_circuit_operator']) retrieved from /home/milo/13-airflow/airflowhome/airflowenv/lib/python3.9/site-packages/airflow/example_dags/example_short_circuit_operator.py
[2023-02-04 01:54:25,056] {logging_mixin.py:115} INFO - [2023-02-04 01:54:25,056] {dag.py:2420} INFO - Sync 1 DAGs
[2023-02-04 01:54:25,085] {logging_mixin.py:115} INFO - [2023-02-04 01:54:25,084] {dag.py:2968} INFO - Setting next_dagrun for example_short_circuit_operator to 2023-02-03T06:54:25.084399+00:00, run_after=2023-02-04T06:54:25.084399+00:00
[2023-02-04 01:54:25,105] {processor.py:161} INFO - Processing /home/milo/13-airflow/airflowhome/airflowenv/lib/python3.9/site-packages/airflow/example_dags/example_short_circuit_operator.py took 0.099 seconds
[2023-02-04 01:55:04,142] {processor.py:153} INFO - Started process (PID=6702) to work on /home/milo/13-airflow/airflowhome/airflowenv/lib/python3.9/site-packages/airflow/example_dags/example_short_circuit_operator.py
[2023-02-04 01:55:04,143] {processor.py:641} INFO - Processing file /home/milo/13-airflow/airflowhome/airflowenv/lib/python3.9/site-packages/airflow/example_dags/example_short_circuit_operator.py for tasks to queue
[2023-02-04 01:55:04,144] {logging_mixin.py:115} INFO - [2023-02-04 01:55:04,144] {dagbag.py:508} INFO - Filling up the DagBag from /home/milo/13-airflow/airflowhome/airflowenv/lib/python3.9/site-packages/airflow/example_dags/example_short_circuit_operator.py
[2023-02-04 01:55:04,170] {processor.py:651} INFO - DAG(s) dict_keys(['example_short_circuit_operator']) retrieved from /home/milo/13-airflow/airflowhome/airflowenv/lib/python3.9/site-packages/airflow/example_dags/example_short_circuit_operator.py
[2023-02-04 01:55:04,215] {logging_mixin.py:115} INFO - [2023-02-04 01:55:04,214] {dag.py:2420} INFO - Sync 1 DAGs
[2023-02-04 01:55:04,255] {logging_mixin.py:115} INFO - [2023-02-04 01:55:04,255] {dag.py:2968} INFO - Setting next_dagrun for example_short_circuit_operator to 2023-02-03T06:55:04.254895+00:00, run_after=2023-02-04T06:55:04.254895+00:00
[2023-02-04 01:55:04,282] {processor.py:161} INFO - Processing /home/milo/13-airflow/airflowhome/airflowenv/lib/python3.9/site-packages/airflow/example_dags/example_short_circuit_operator.py took 0.146 seconds
[2023-02-04 01:55:52,132] {processor.py:153} INFO - Started process (PID=6730) to work on /home/milo/13-airflow/airflowhome/airflowenv/lib/python3.9/site-packages/airflow/example_dags/example_short_circuit_operator.py
[2023-02-04 01:55:52,134] {processor.py:641} INFO - Processing file /home/milo/13-airflow/airflowhome/airflowenv/lib/python3.9/site-packages/airflow/example_dags/example_short_circuit_operator.py for tasks to queue
[2023-02-04 01:55:52,135] {logging_mixin.py:115} INFO - [2023-02-04 01:55:52,135] {dagbag.py:508} INFO - Filling up the DagBag from /home/milo/13-airflow/airflowhome/airflowenv/lib/python3.9/site-packages/airflow/example_dags/example_short_circuit_operator.py
[2023-02-04 01:55:52,149] {processor.py:651} INFO - DAG(s) dict_keys(['example_short_circuit_operator']) retrieved from /home/milo/13-airflow/airflowhome/airflowenv/lib/python3.9/site-packages/airflow/example_dags/example_short_circuit_operator.py
[2023-02-04 01:55:52,178] {logging_mixin.py:115} INFO - [2023-02-04 01:55:52,178] {dag.py:2420} INFO - Sync 1 DAGs
[2023-02-04 01:55:52,206] {logging_mixin.py:115} INFO - [2023-02-04 01:55:52,206] {dag.py:2968} INFO - Setting next_dagrun for example_short_circuit_operator to 2023-02-03T06:55:52.205819+00:00, run_after=2023-02-04T06:55:52.205819+00:00
[2023-02-04 01:55:52,229] {processor.py:161} INFO - Processing /home/milo/13-airflow/airflowhome/airflowenv/lib/python3.9/site-packages/airflow/example_dags/example_short_circuit_operator.py took 0.101 seconds
[2023-02-04 01:56:40,051] {processor.py:153} INFO - Started process (PID=6765) to work on /home/milo/13-airflow/airflowhome/airflowenv/lib/python3.9/site-packages/airflow/example_dags/example_short_circuit_operator.py
[2023-02-04 01:56:40,053] {processor.py:641} INFO - Processing file /home/milo/13-airflow/airflowhome/airflowenv/lib/python3.9/site-packages/airflow/example_dags/example_short_circuit_operator.py for tasks to queue
[2023-02-04 01:56:40,054] {logging_mixin.py:115} INFO - [2023-02-04 01:56:40,054] {dagbag.py:508} INFO - Filling up the DagBag from /home/milo/13-airflow/airflowhome/airflowenv/lib/python3.9/site-packages/airflow/example_dags/example_short_circuit_operator.py
[2023-02-04 01:56:40,070] {processor.py:651} INFO - DAG(s) dict_keys(['example_short_circuit_operator']) retrieved from /home/milo/13-airflow/airflowhome/airflowenv/lib/python3.9/site-packages/airflow/example_dags/example_short_circuit_operator.py
[2023-02-04 01:56:40,097] {logging_mixin.py:115} INFO - [2023-02-04 01:56:40,097] {dag.py:2420} INFO - Sync 1 DAGs
[2023-02-04 01:56:40,126] {logging_mixin.py:115} INFO - [2023-02-04 01:56:40,126] {dag.py:2968} INFO - Setting next_dagrun for example_short_circuit_operator to 2023-02-03T06:56:40.125667+00:00, run_after=2023-02-04T06:56:40.125667+00:00
[2023-02-04 01:56:40,824] {processor.py:161} INFO - Processing /home/milo/13-airflow/airflowhome/airflowenv/lib/python3.9/site-packages/airflow/example_dags/example_short_circuit_operator.py took 0.777 seconds
[2023-02-04 01:57:24,626] {processor.py:153} INFO - Started process (PID=6801) to work on /home/milo/13-airflow/airflowhome/airflowenv/lib/python3.9/site-packages/airflow/example_dags/example_short_circuit_operator.py
[2023-02-04 01:57:24,628] {processor.py:641} INFO - Processing file /home/milo/13-airflow/airflowhome/airflowenv/lib/python3.9/site-packages/airflow/example_dags/example_short_circuit_operator.py for tasks to queue
[2023-02-04 01:57:24,628] {logging_mixin.py:115} INFO - [2023-02-04 01:57:24,628] {dagbag.py:508} INFO - Filling up the DagBag from /home/milo/13-airflow/airflowhome/airflowenv/lib/python3.9/site-packages/airflow/example_dags/example_short_circuit_operator.py
[2023-02-04 01:57:24,642] {processor.py:651} INFO - DAG(s) dict_keys(['example_short_circuit_operator']) retrieved from /home/milo/13-airflow/airflowhome/airflowenv/lib/python3.9/site-packages/airflow/example_dags/example_short_circuit_operator.py
[2023-02-04 01:57:24,670] {logging_mixin.py:115} INFO - [2023-02-04 01:57:24,670] {dag.py:2420} INFO - Sync 1 DAGs
[2023-02-04 01:57:24,698] {logging_mixin.py:115} INFO - [2023-02-04 01:57:24,698] {dag.py:2968} INFO - Setting next_dagrun for example_short_circuit_operator to 2023-02-03T06:57:24.698184+00:00, run_after=2023-02-04T06:57:24.698184+00:00
[2023-02-04 01:57:24,718] {processor.py:161} INFO - Processing /home/milo/13-airflow/airflowhome/airflowenv/lib/python3.9/site-packages/airflow/example_dags/example_short_circuit_operator.py took 0.098 seconds
[2023-02-04 01:57:57,285] {processor.py:153} INFO - Started process (PID=7019) to work on /home/milo/13-airflow/airflowhome/airflowenv/lib/python3.9/site-packages/airflow/example_dags/example_short_circuit_operator.py
[2023-02-04 01:57:57,287] {processor.py:641} INFO - Processing file /home/milo/13-airflow/airflowhome/airflowenv/lib/python3.9/site-packages/airflow/example_dags/example_short_circuit_operator.py for tasks to queue
[2023-02-04 01:57:57,288] {logging_mixin.py:115} INFO - [2023-02-04 01:57:57,288] {dagbag.py:508} INFO - Filling up the DagBag from /home/milo/13-airflow/airflowhome/airflowenv/lib/python3.9/site-packages/airflow/example_dags/example_short_circuit_operator.py
[2023-02-04 01:57:57,303] {processor.py:651} INFO - DAG(s) dict_keys(['example_short_circuit_operator']) retrieved from /home/milo/13-airflow/airflowhome/airflowenv/lib/python3.9/site-packages/airflow/example_dags/example_short_circuit_operator.py
[2023-02-04 01:57:57,331] {logging_mixin.py:115} INFO - [2023-02-04 01:57:57,330] {dag.py:2420} INFO - Sync 1 DAGs
[2023-02-04 01:57:57,361] {logging_mixin.py:115} INFO - [2023-02-04 01:57:57,361] {dag.py:2968} INFO - Setting next_dagrun for example_short_circuit_operator to 2023-02-03T06:57:57.360709+00:00, run_after=2023-02-04T06:57:57.360709+00:00
[2023-02-04 01:57:57,382] {processor.py:161} INFO - Processing /home/milo/13-airflow/airflowhome/airflowenv/lib/python3.9/site-packages/airflow/example_dags/example_short_circuit_operator.py took 0.102 seconds
[2023-02-04 01:58:32,540] {processor.py:153} INFO - Started process (PID=7061) to work on /home/milo/13-airflow/airflowhome/airflowenv/lib/python3.9/site-packages/airflow/example_dags/example_short_circuit_operator.py
[2023-02-04 01:58:32,542] {processor.py:641} INFO - Processing file /home/milo/13-airflow/airflowhome/airflowenv/lib/python3.9/site-packages/airflow/example_dags/example_short_circuit_operator.py for tasks to queue
[2023-02-04 01:58:32,543] {logging_mixin.py:115} INFO - [2023-02-04 01:58:32,543] {dagbag.py:508} INFO - Filling up the DagBag from /home/milo/13-airflow/airflowhome/airflowenv/lib/python3.9/site-packages/airflow/example_dags/example_short_circuit_operator.py
[2023-02-04 01:58:32,559] {processor.py:651} INFO - DAG(s) dict_keys(['example_short_circuit_operator']) retrieved from /home/milo/13-airflow/airflowhome/airflowenv/lib/python3.9/site-packages/airflow/example_dags/example_short_circuit_operator.py
[2023-02-04 01:58:32,588] {logging_mixin.py:115} INFO - [2023-02-04 01:58:32,588] {dag.py:2420} INFO - Sync 1 DAGs
[2023-02-04 01:58:32,617] {logging_mixin.py:115} INFO - [2023-02-04 01:58:32,617] {dag.py:2968} INFO - Setting next_dagrun for example_short_circuit_operator to 2023-02-03T06:58:32.616996+00:00, run_after=2023-02-04T06:58:32.616996+00:00
[2023-02-04 01:58:32,638] {processor.py:161} INFO - Processing /home/milo/13-airflow/airflowhome/airflowenv/lib/python3.9/site-packages/airflow/example_dags/example_short_circuit_operator.py took 0.103 seconds
[2023-02-04 01:59:07,242] {processor.py:153} INFO - Started process (PID=7098) to work on /home/milo/13-airflow/airflowhome/airflowenv/lib/python3.9/site-packages/airflow/example_dags/example_short_circuit_operator.py
[2023-02-04 01:59:07,253] {processor.py:641} INFO - Processing file /home/milo/13-airflow/airflowhome/airflowenv/lib/python3.9/site-packages/airflow/example_dags/example_short_circuit_operator.py for tasks to queue
[2023-02-04 01:59:07,254] {logging_mixin.py:115} INFO - [2023-02-04 01:59:07,254] {dagbag.py:508} INFO - Filling up the DagBag from /home/milo/13-airflow/airflowhome/airflowenv/lib/python3.9/site-packages/airflow/example_dags/example_short_circuit_operator.py
[2023-02-04 01:59:07,277] {processor.py:651} INFO - DAG(s) dict_keys(['example_short_circuit_operator']) retrieved from /home/milo/13-airflow/airflowhome/airflowenv/lib/python3.9/site-packages/airflow/example_dags/example_short_circuit_operator.py
[2023-02-04 01:59:07,305] {logging_mixin.py:115} INFO - [2023-02-04 01:59:07,305] {dag.py:2420} INFO - Sync 1 DAGs
[2023-02-04 01:59:07,334] {logging_mixin.py:115} INFO - [2023-02-04 01:59:07,334] {dag.py:2968} INFO - Setting next_dagrun for example_short_circuit_operator to 2023-02-03T06:59:07.333903+00:00, run_after=2023-02-04T06:59:07.333903+00:00
[2023-02-04 01:59:07,354] {processor.py:161} INFO - Processing /home/milo/13-airflow/airflowhome/airflowenv/lib/python3.9/site-packages/airflow/example_dags/example_short_circuit_operator.py took 0.116 seconds
[2023-02-04 01:59:39,014] {processor.py:153} INFO - Started process (PID=7129) to work on /home/milo/13-airflow/airflowhome/airflowenv/lib/python3.9/site-packages/airflow/example_dags/example_short_circuit_operator.py
[2023-02-04 01:59:39,019] {processor.py:641} INFO - Processing file /home/milo/13-airflow/airflowhome/airflowenv/lib/python3.9/site-packages/airflow/example_dags/example_short_circuit_operator.py for tasks to queue
[2023-02-04 01:59:39,020] {logging_mixin.py:115} INFO - [2023-02-04 01:59:39,020] {dagbag.py:508} INFO - Filling up the DagBag from /home/milo/13-airflow/airflowhome/airflowenv/lib/python3.9/site-packages/airflow/example_dags/example_short_circuit_operator.py
[2023-02-04 01:59:39,062] {processor.py:651} INFO - DAG(s) dict_keys(['example_short_circuit_operator']) retrieved from /home/milo/13-airflow/airflowhome/airflowenv/lib/python3.9/site-packages/airflow/example_dags/example_short_circuit_operator.py
[2023-02-04 01:59:39,132] {logging_mixin.py:115} INFO - [2023-02-04 01:59:39,122] {dag.py:2420} INFO - Sync 1 DAGs
[2023-02-04 01:59:39,186] {logging_mixin.py:115} INFO - [2023-02-04 01:59:39,186] {dag.py:2968} INFO - Setting next_dagrun for example_short_circuit_operator to 2023-02-03T06:59:39.186207+00:00, run_after=2023-02-04T06:59:39.186207+00:00
[2023-02-04 01:59:39,208] {processor.py:161} INFO - Processing /home/milo/13-airflow/airflowhome/airflowenv/lib/python3.9/site-packages/airflow/example_dags/example_short_circuit_operator.py took 0.208 seconds
[2023-02-04 02:00:11,523] {processor.py:153} INFO - Started process (PID=7163) to work on /home/milo/13-airflow/airflowhome/airflowenv/lib/python3.9/site-packages/airflow/example_dags/example_short_circuit_operator.py
[2023-02-04 02:00:11,523] {processor.py:641} INFO - Processing file /home/milo/13-airflow/airflowhome/airflowenv/lib/python3.9/site-packages/airflow/example_dags/example_short_circuit_operator.py for tasks to queue
[2023-02-04 02:00:11,524] {logging_mixin.py:115} INFO - [2023-02-04 02:00:11,524] {dagbag.py:508} INFO - Filling up the DagBag from /home/milo/13-airflow/airflowhome/airflowenv/lib/python3.9/site-packages/airflow/example_dags/example_short_circuit_operator.py
[2023-02-04 02:00:11,539] {processor.py:651} INFO - DAG(s) dict_keys(['example_short_circuit_operator']) retrieved from /home/milo/13-airflow/airflowhome/airflowenv/lib/python3.9/site-packages/airflow/example_dags/example_short_circuit_operator.py
[2023-02-04 02:00:11,571] {logging_mixin.py:115} INFO - [2023-02-04 02:00:11,570] {dag.py:2420} INFO - Sync 1 DAGs
[2023-02-04 02:00:11,600] {logging_mixin.py:115} INFO - [2023-02-04 02:00:11,599] {dag.py:2968} INFO - Setting next_dagrun for example_short_circuit_operator to 2023-02-03T07:00:11.599330+00:00, run_after=2023-02-04T07:00:11.599330+00:00
[2023-02-04 02:00:11,619] {processor.py:161} INFO - Processing /home/milo/13-airflow/airflowhome/airflowenv/lib/python3.9/site-packages/airflow/example_dags/example_short_circuit_operator.py took 0.102 seconds
[2023-02-04 02:00:44,183] {processor.py:153} INFO - Started process (PID=7194) to work on /home/milo/13-airflow/airflowhome/airflowenv/lib/python3.9/site-packages/airflow/example_dags/example_short_circuit_operator.py
[2023-02-04 02:00:44,186] {processor.py:641} INFO - Processing file /home/milo/13-airflow/airflowhome/airflowenv/lib/python3.9/site-packages/airflow/example_dags/example_short_circuit_operator.py for tasks to queue
[2023-02-04 02:00:44,187] {logging_mixin.py:115} INFO - [2023-02-04 02:00:44,186] {dagbag.py:508} INFO - Filling up the DagBag from /home/milo/13-airflow/airflowhome/airflowenv/lib/python3.9/site-packages/airflow/example_dags/example_short_circuit_operator.py
[2023-02-04 02:00:44,204] {processor.py:651} INFO - DAG(s) dict_keys(['example_short_circuit_operator']) retrieved from /home/milo/13-airflow/airflowhome/airflowenv/lib/python3.9/site-packages/airflow/example_dags/example_short_circuit_operator.py
[2023-02-04 02:00:44,237] {logging_mixin.py:115} INFO - [2023-02-04 02:00:44,237] {dag.py:2420} INFO - Sync 1 DAGs
[2023-02-04 02:00:44,266] {logging_mixin.py:115} INFO - [2023-02-04 02:00:44,266] {dag.py:2968} INFO - Setting next_dagrun for example_short_circuit_operator to 2023-02-03T07:00:44.266351+00:00, run_after=2023-02-04T07:00:44.266351+00:00
[2023-02-04 02:00:44,289] {processor.py:161} INFO - Processing /home/milo/13-airflow/airflowhome/airflowenv/lib/python3.9/site-packages/airflow/example_dags/example_short_circuit_operator.py took 0.111 seconds
[2023-02-04 02:01:18,237] {processor.py:153} INFO - Started process (PID=7229) to work on /home/milo/13-airflow/airflowhome/airflowenv/lib/python3.9/site-packages/airflow/example_dags/example_short_circuit_operator.py
[2023-02-04 02:01:18,238] {processor.py:641} INFO - Processing file /home/milo/13-airflow/airflowhome/airflowenv/lib/python3.9/site-packages/airflow/example_dags/example_short_circuit_operator.py for tasks to queue
[2023-02-04 02:01:18,239] {logging_mixin.py:115} INFO - [2023-02-04 02:01:18,239] {dagbag.py:508} INFO - Filling up the DagBag from /home/milo/13-airflow/airflowhome/airflowenv/lib/python3.9/site-packages/airflow/example_dags/example_short_circuit_operator.py
[2023-02-04 02:01:18,266] {processor.py:651} INFO - DAG(s) dict_keys(['example_short_circuit_operator']) retrieved from /home/milo/13-airflow/airflowhome/airflowenv/lib/python3.9/site-packages/airflow/example_dags/example_short_circuit_operator.py
[2023-02-04 02:01:18,300] {logging_mixin.py:115} INFO - [2023-02-04 02:01:18,298] {dag.py:2420} INFO - Sync 1 DAGs
[2023-02-04 02:01:18,331] {logging_mixin.py:115} INFO - [2023-02-04 02:01:18,331] {dag.py:2968} INFO - Setting next_dagrun for example_short_circuit_operator to 2023-02-03T07:01:18.330874+00:00, run_after=2023-02-04T07:01:18.330874+00:00
[2023-02-04 02:01:18,353] {processor.py:161} INFO - Processing /home/milo/13-airflow/airflowhome/airflowenv/lib/python3.9/site-packages/airflow/example_dags/example_short_circuit_operator.py took 0.121 seconds
[2023-02-04 02:01:51,123] {processor.py:153} INFO - Started process (PID=7262) to work on /home/milo/13-airflow/airflowhome/airflowenv/lib/python3.9/site-packages/airflow/example_dags/example_short_circuit_operator.py
[2023-02-04 02:01:51,125] {processor.py:641} INFO - Processing file /home/milo/13-airflow/airflowhome/airflowenv/lib/python3.9/site-packages/airflow/example_dags/example_short_circuit_operator.py for tasks to queue
[2023-02-04 02:01:51,126] {logging_mixin.py:115} INFO - [2023-02-04 02:01:51,126] {dagbag.py:508} INFO - Filling up the DagBag from /home/milo/13-airflow/airflowhome/airflowenv/lib/python3.9/site-packages/airflow/example_dags/example_short_circuit_operator.py
[2023-02-04 02:01:51,140] {processor.py:651} INFO - DAG(s) dict_keys(['example_short_circuit_operator']) retrieved from /home/milo/13-airflow/airflowhome/airflowenv/lib/python3.9/site-packages/airflow/example_dags/example_short_circuit_operator.py
[2023-02-04 02:01:51,170] {logging_mixin.py:115} INFO - [2023-02-04 02:01:51,170] {dag.py:2420} INFO - Sync 1 DAGs
[2023-02-04 02:01:51,200] {logging_mixin.py:115} INFO - [2023-02-04 02:01:51,200] {dag.py:2968} INFO - Setting next_dagrun for example_short_circuit_operator to 2023-02-03T07:01:51.199587+00:00, run_after=2023-02-04T07:01:51.199587+00:00
[2023-02-04 02:01:51,220] {processor.py:161} INFO - Processing /home/milo/13-airflow/airflowhome/airflowenv/lib/python3.9/site-packages/airflow/example_dags/example_short_circuit_operator.py took 0.102 seconds
[2023-02-04 02:02:25,823] {processor.py:153} INFO - Started process (PID=7297) to work on /home/milo/13-airflow/airflowhome/airflowenv/lib/python3.9/site-packages/airflow/example_dags/example_short_circuit_operator.py
[2023-02-04 02:02:25,825] {processor.py:641} INFO - Processing file /home/milo/13-airflow/airflowhome/airflowenv/lib/python3.9/site-packages/airflow/example_dags/example_short_circuit_operator.py for tasks to queue
[2023-02-04 02:02:25,826] {logging_mixin.py:115} INFO - [2023-02-04 02:02:25,825] {dagbag.py:508} INFO - Filling up the DagBag from /home/milo/13-airflow/airflowhome/airflowenv/lib/python3.9/site-packages/airflow/example_dags/example_short_circuit_operator.py
[2023-02-04 02:02:25,840] {processor.py:651} INFO - DAG(s) dict_keys(['example_short_circuit_operator']) retrieved from /home/milo/13-airflow/airflowhome/airflowenv/lib/python3.9/site-packages/airflow/example_dags/example_short_circuit_operator.py
[2023-02-04 02:02:25,870] {logging_mixin.py:115} INFO - [2023-02-04 02:02:25,869] {dag.py:2420} INFO - Sync 1 DAGs
[2023-02-04 02:02:25,899] {logging_mixin.py:115} INFO - [2023-02-04 02:02:25,899] {dag.py:2968} INFO - Setting next_dagrun for example_short_circuit_operator to 2023-02-03T07:02:25.898790+00:00, run_after=2023-02-04T07:02:25.898790+00:00
[2023-02-04 02:02:25,920] {processor.py:161} INFO - Processing /home/milo/13-airflow/airflowhome/airflowenv/lib/python3.9/site-packages/airflow/example_dags/example_short_circuit_operator.py took 0.102 seconds
[2023-02-04 02:02:57,140] {processor.py:153} INFO - Started process (PID=7329) to work on /home/milo/13-airflow/airflowhome/airflowenv/lib/python3.9/site-packages/airflow/example_dags/example_short_circuit_operator.py
[2023-02-04 02:02:57,141] {processor.py:641} INFO - Processing file /home/milo/13-airflow/airflowhome/airflowenv/lib/python3.9/site-packages/airflow/example_dags/example_short_circuit_operator.py for tasks to queue
[2023-02-04 02:02:57,142] {logging_mixin.py:115} INFO - [2023-02-04 02:02:57,142] {dagbag.py:508} INFO - Filling up the DagBag from /home/milo/13-airflow/airflowhome/airflowenv/lib/python3.9/site-packages/airflow/example_dags/example_short_circuit_operator.py
[2023-02-04 02:02:57,159] {processor.py:651} INFO - DAG(s) dict_keys(['example_short_circuit_operator']) retrieved from /home/milo/13-airflow/airflowhome/airflowenv/lib/python3.9/site-packages/airflow/example_dags/example_short_circuit_operator.py
[2023-02-04 02:02:57,192] {logging_mixin.py:115} INFO - [2023-02-04 02:02:57,192] {dag.py:2420} INFO - Sync 1 DAGs
[2023-02-04 02:02:57,231] {logging_mixin.py:115} INFO - [2023-02-04 02:02:57,231] {dag.py:2968} INFO - Setting next_dagrun for example_short_circuit_operator to 2023-02-03T07:02:57.231000+00:00, run_after=2023-02-04T07:02:57.231000+00:00
[2023-02-04 02:02:57,254] {processor.py:161} INFO - Processing /home/milo/13-airflow/airflowhome/airflowenv/lib/python3.9/site-packages/airflow/example_dags/example_short_circuit_operator.py took 0.118 seconds
[2023-02-04 02:03:30,927] {processor.py:153} INFO - Started process (PID=7362) to work on /home/milo/13-airflow/airflowhome/airflowenv/lib/python3.9/site-packages/airflow/example_dags/example_short_circuit_operator.py
[2023-02-04 02:03:30,929] {processor.py:641} INFO - Processing file /home/milo/13-airflow/airflowhome/airflowenv/lib/python3.9/site-packages/airflow/example_dags/example_short_circuit_operator.py for tasks to queue
[2023-02-04 02:03:30,930] {logging_mixin.py:115} INFO - [2023-02-04 02:03:30,929] {dagbag.py:508} INFO - Filling up the DagBag from /home/milo/13-airflow/airflowhome/airflowenv/lib/python3.9/site-packages/airflow/example_dags/example_short_circuit_operator.py
[2023-02-04 02:03:30,945] {processor.py:651} INFO - DAG(s) dict_keys(['example_short_circuit_operator']) retrieved from /home/milo/13-airflow/airflowhome/airflowenv/lib/python3.9/site-packages/airflow/example_dags/example_short_circuit_operator.py
[2023-02-04 02:03:30,974] {logging_mixin.py:115} INFO - [2023-02-04 02:03:30,974] {dag.py:2420} INFO - Sync 1 DAGs
[2023-02-04 02:03:31,001] {logging_mixin.py:115} INFO - [2023-02-04 02:03:31,001] {dag.py:2968} INFO - Setting next_dagrun for example_short_circuit_operator to 2023-02-03T07:03:31.001157+00:00, run_after=2023-02-04T07:03:31.001157+00:00
[2023-02-04 02:03:31,024] {processor.py:161} INFO - Processing /home/milo/13-airflow/airflowhome/airflowenv/lib/python3.9/site-packages/airflow/example_dags/example_short_circuit_operator.py took 0.103 seconds
[2023-02-04 02:04:05,179] {processor.py:153} INFO - Started process (PID=7397) to work on /home/milo/13-airflow/airflowhome/airflowenv/lib/python3.9/site-packages/airflow/example_dags/example_short_circuit_operator.py
[2023-02-04 02:04:05,179] {processor.py:641} INFO - Processing file /home/milo/13-airflow/airflowhome/airflowenv/lib/python3.9/site-packages/airflow/example_dags/example_short_circuit_operator.py for tasks to queue
[2023-02-04 02:04:05,180] {logging_mixin.py:115} INFO - [2023-02-04 02:04:05,180] {dagbag.py:508} INFO - Filling up the DagBag from /home/milo/13-airflow/airflowhome/airflowenv/lib/python3.9/site-packages/airflow/example_dags/example_short_circuit_operator.py
[2023-02-04 02:04:05,194] {processor.py:651} INFO - DAG(s) dict_keys(['example_short_circuit_operator']) retrieved from /home/milo/13-airflow/airflowhome/airflowenv/lib/python3.9/site-packages/airflow/example_dags/example_short_circuit_operator.py
[2023-02-04 02:04:05,241] {logging_mixin.py:115} INFO - [2023-02-04 02:04:05,241] {dag.py:2420} INFO - Sync 1 DAGs
[2023-02-04 02:04:05,269] {logging_mixin.py:115} INFO - [2023-02-04 02:04:05,269] {dag.py:2968} INFO - Setting next_dagrun for example_short_circuit_operator to 2023-02-03T07:04:05.269260+00:00, run_after=2023-02-04T07:04:05.269260+00:00
[2023-02-04 02:04:05,288] {processor.py:161} INFO - Processing /home/milo/13-airflow/airflowhome/airflowenv/lib/python3.9/site-packages/airflow/example_dags/example_short_circuit_operator.py took 0.114 seconds
[2023-02-04 02:04:38,928] {processor.py:153} INFO - Started process (PID=7428) to work on /home/milo/13-airflow/airflowhome/airflowenv/lib/python3.9/site-packages/airflow/example_dags/example_short_circuit_operator.py
[2023-02-04 02:04:38,929] {processor.py:641} INFO - Processing file /home/milo/13-airflow/airflowhome/airflowenv/lib/python3.9/site-packages/airflow/example_dags/example_short_circuit_operator.py for tasks to queue
[2023-02-04 02:04:38,930] {logging_mixin.py:115} INFO - [2023-02-04 02:04:38,930] {dagbag.py:508} INFO - Filling up the DagBag from /home/milo/13-airflow/airflowhome/airflowenv/lib/python3.9/site-packages/airflow/example_dags/example_short_circuit_operator.py
[2023-02-04 02:04:38,946] {processor.py:651} INFO - DAG(s) dict_keys(['example_short_circuit_operator']) retrieved from /home/milo/13-airflow/airflowhome/airflowenv/lib/python3.9/site-packages/airflow/example_dags/example_short_circuit_operator.py
[2023-02-04 02:04:38,977] {logging_mixin.py:115} INFO - [2023-02-04 02:04:38,977] {dag.py:2420} INFO - Sync 1 DAGs
[2023-02-04 02:04:39,011] {logging_mixin.py:115} INFO - [2023-02-04 02:04:39,011] {dag.py:2968} INFO - Setting next_dagrun for example_short_circuit_operator to 2023-02-03T07:04:39.010682+00:00, run_after=2023-02-04T07:04:39.010682+00:00
[2023-02-04 02:04:39,032] {processor.py:161} INFO - Processing /home/milo/13-airflow/airflowhome/airflowenv/lib/python3.9/site-packages/airflow/example_dags/example_short_circuit_operator.py took 0.110 seconds
[2023-02-04 02:05:14,306] {processor.py:153} INFO - Started process (PID=7466) to work on /home/milo/13-airflow/airflowhome/airflowenv/lib/python3.9/site-packages/airflow/example_dags/example_short_circuit_operator.py
[2023-02-04 02:05:14,308] {processor.py:641} INFO - Processing file /home/milo/13-airflow/airflowhome/airflowenv/lib/python3.9/site-packages/airflow/example_dags/example_short_circuit_operator.py for tasks to queue
[2023-02-04 02:05:14,309] {logging_mixin.py:115} INFO - [2023-02-04 02:05:14,308] {dagbag.py:508} INFO - Filling up the DagBag from /home/milo/13-airflow/airflowhome/airflowenv/lib/python3.9/site-packages/airflow/example_dags/example_short_circuit_operator.py
[2023-02-04 02:05:14,324] {processor.py:651} INFO - DAG(s) dict_keys(['example_short_circuit_operator']) retrieved from /home/milo/13-airflow/airflowhome/airflowenv/lib/python3.9/site-packages/airflow/example_dags/example_short_circuit_operator.py
[2023-02-04 02:05:14,355] {logging_mixin.py:115} INFO - [2023-02-04 02:05:14,354] {dag.py:2420} INFO - Sync 1 DAGs
[2023-02-04 02:05:14,385] {logging_mixin.py:115} INFO - [2023-02-04 02:05:14,385] {dag.py:2968} INFO - Setting next_dagrun for example_short_circuit_operator to 2023-02-03T07:05:14.385140+00:00, run_after=2023-02-04T07:05:14.385140+00:00
[2023-02-04 02:05:14,412] {processor.py:161} INFO - Processing /home/milo/13-airflow/airflowhome/airflowenv/lib/python3.9/site-packages/airflow/example_dags/example_short_circuit_operator.py took 0.111 seconds
[2023-02-04 02:05:48,277] {processor.py:153} INFO - Started process (PID=7500) to work on /home/milo/13-airflow/airflowhome/airflowenv/lib/python3.9/site-packages/airflow/example_dags/example_short_circuit_operator.py
[2023-02-04 02:05:48,278] {processor.py:641} INFO - Processing file /home/milo/13-airflow/airflowhome/airflowenv/lib/python3.9/site-packages/airflow/example_dags/example_short_circuit_operator.py for tasks to queue
[2023-02-04 02:05:48,279] {logging_mixin.py:115} INFO - [2023-02-04 02:05:48,279] {dagbag.py:508} INFO - Filling up the DagBag from /home/milo/13-airflow/airflowhome/airflowenv/lib/python3.9/site-packages/airflow/example_dags/example_short_circuit_operator.py
[2023-02-04 02:05:48,294] {processor.py:651} INFO - DAG(s) dict_keys(['example_short_circuit_operator']) retrieved from /home/milo/13-airflow/airflowhome/airflowenv/lib/python3.9/site-packages/airflow/example_dags/example_short_circuit_operator.py
[2023-02-04 02:05:48,323] {logging_mixin.py:115} INFO - [2023-02-04 02:05:48,322] {dag.py:2420} INFO - Sync 1 DAGs
[2023-02-04 02:05:48,352] {logging_mixin.py:115} INFO - [2023-02-04 02:05:48,352] {dag.py:2968} INFO - Setting next_dagrun for example_short_circuit_operator to 2023-02-03T07:05:48.351991+00:00, run_after=2023-02-04T07:05:48.351991+00:00
[2023-02-04 02:05:48,374] {processor.py:161} INFO - Processing /home/milo/13-airflow/airflowhome/airflowenv/lib/python3.9/site-packages/airflow/example_dags/example_short_circuit_operator.py took 0.103 seconds
[2023-02-04 02:06:24,648] {processor.py:153} INFO - Started process (PID=7534) to work on /home/milo/13-airflow/airflowhome/airflowenv/lib/python3.9/site-packages/airflow/example_dags/example_short_circuit_operator.py
[2023-02-04 02:06:24,650] {processor.py:641} INFO - Processing file /home/milo/13-airflow/airflowhome/airflowenv/lib/python3.9/site-packages/airflow/example_dags/example_short_circuit_operator.py for tasks to queue
[2023-02-04 02:06:24,651] {logging_mixin.py:115} INFO - [2023-02-04 02:06:24,650] {dagbag.py:508} INFO - Filling up the DagBag from /home/milo/13-airflow/airflowhome/airflowenv/lib/python3.9/site-packages/airflow/example_dags/example_short_circuit_operator.py
[2023-02-04 02:06:24,665] {processor.py:651} INFO - DAG(s) dict_keys(['example_short_circuit_operator']) retrieved from /home/milo/13-airflow/airflowhome/airflowenv/lib/python3.9/site-packages/airflow/example_dags/example_short_circuit_operator.py
[2023-02-04 02:06:24,693] {logging_mixin.py:115} INFO - [2023-02-04 02:06:24,693] {dag.py:2420} INFO - Sync 1 DAGs
[2023-02-04 02:06:24,721] {logging_mixin.py:115} INFO - [2023-02-04 02:06:24,721] {dag.py:2968} INFO - Setting next_dagrun for example_short_circuit_operator to 2023-02-03T07:06:24.721026+00:00, run_after=2023-02-04T07:06:24.721026+00:00
[2023-02-04 02:06:24,741] {processor.py:161} INFO - Processing /home/milo/13-airflow/airflowhome/airflowenv/lib/python3.9/site-packages/airflow/example_dags/example_short_circuit_operator.py took 0.098 seconds
[2023-02-04 02:06:55,754] {processor.py:153} INFO - Started process (PID=7563) to work on /home/milo/13-airflow/airflowhome/airflowenv/lib/python3.9/site-packages/airflow/example_dags/example_short_circuit_operator.py
[2023-02-04 02:06:55,755] {processor.py:641} INFO - Processing file /home/milo/13-airflow/airflowhome/airflowenv/lib/python3.9/site-packages/airflow/example_dags/example_short_circuit_operator.py for tasks to queue
[2023-02-04 02:06:55,756] {logging_mixin.py:115} INFO - [2023-02-04 02:06:55,756] {dagbag.py:508} INFO - Filling up the DagBag from /home/milo/13-airflow/airflowhome/airflowenv/lib/python3.9/site-packages/airflow/example_dags/example_short_circuit_operator.py
[2023-02-04 02:06:55,772] {processor.py:651} INFO - DAG(s) dict_keys(['example_short_circuit_operator']) retrieved from /home/milo/13-airflow/airflowhome/airflowenv/lib/python3.9/site-packages/airflow/example_dags/example_short_circuit_operator.py
[2023-02-04 02:06:55,801] {logging_mixin.py:115} INFO - [2023-02-04 02:06:55,801] {dag.py:2420} INFO - Sync 1 DAGs
[2023-02-04 02:06:55,831] {logging_mixin.py:115} INFO - [2023-02-04 02:06:55,830] {dag.py:2968} INFO - Setting next_dagrun for example_short_circuit_operator to 2023-02-03T07:06:55.830375+00:00, run_after=2023-02-04T07:06:55.830375+00:00
[2023-02-04 02:06:55,851] {processor.py:161} INFO - Processing /home/milo/13-airflow/airflowhome/airflowenv/lib/python3.9/site-packages/airflow/example_dags/example_short_circuit_operator.py took 0.102 seconds
[2023-02-04 02:07:27,353] {processor.py:153} INFO - Started process (PID=7595) to work on /home/milo/13-airflow/airflowhome/airflowenv/lib/python3.9/site-packages/airflow/example_dags/example_short_circuit_operator.py
[2023-02-04 02:07:27,356] {processor.py:641} INFO - Processing file /home/milo/13-airflow/airflowhome/airflowenv/lib/python3.9/site-packages/airflow/example_dags/example_short_circuit_operator.py for tasks to queue
[2023-02-04 02:07:27,356] {logging_mixin.py:115} INFO - [2023-02-04 02:07:27,356] {dagbag.py:508} INFO - Filling up the DagBag from /home/milo/13-airflow/airflowhome/airflowenv/lib/python3.9/site-packages/airflow/example_dags/example_short_circuit_operator.py
[2023-02-04 02:07:27,372] {processor.py:651} INFO - DAG(s) dict_keys(['example_short_circuit_operator']) retrieved from /home/milo/13-airflow/airflowhome/airflowenv/lib/python3.9/site-packages/airflow/example_dags/example_short_circuit_operator.py
[2023-02-04 02:07:27,400] {logging_mixin.py:115} INFO - [2023-02-04 02:07:27,400] {dag.py:2420} INFO - Sync 1 DAGs
[2023-02-04 02:07:27,429] {logging_mixin.py:115} INFO - [2023-02-04 02:07:27,429] {dag.py:2968} INFO - Setting next_dagrun for example_short_circuit_operator to 2023-02-03T07:07:27.428842+00:00, run_after=2023-02-04T07:07:27.428842+00:00
[2023-02-04 02:07:27,450] {processor.py:161} INFO - Processing /home/milo/13-airflow/airflowhome/airflowenv/lib/python3.9/site-packages/airflow/example_dags/example_short_circuit_operator.py took 0.103 seconds
[2023-02-04 02:08:00,282] {processor.py:153} INFO - Started process (PID=7628) to work on /home/milo/13-airflow/airflowhome/airflowenv/lib/python3.9/site-packages/airflow/example_dags/example_short_circuit_operator.py
[2023-02-04 02:08:00,282] {processor.py:641} INFO - Processing file /home/milo/13-airflow/airflowhome/airflowenv/lib/python3.9/site-packages/airflow/example_dags/example_short_circuit_operator.py for tasks to queue
[2023-02-04 02:08:00,283] {logging_mixin.py:115} INFO - [2023-02-04 02:08:00,283] {dagbag.py:508} INFO - Filling up the DagBag from /home/milo/13-airflow/airflowhome/airflowenv/lib/python3.9/site-packages/airflow/example_dags/example_short_circuit_operator.py
[2023-02-04 02:08:00,298] {processor.py:651} INFO - DAG(s) dict_keys(['example_short_circuit_operator']) retrieved from /home/milo/13-airflow/airflowhome/airflowenv/lib/python3.9/site-packages/airflow/example_dags/example_short_circuit_operator.py
[2023-02-04 02:08:00,328] {logging_mixin.py:115} INFO - [2023-02-04 02:08:00,327] {dag.py:2420} INFO - Sync 1 DAGs
[2023-02-04 02:08:00,355] {logging_mixin.py:115} INFO - [2023-02-04 02:08:00,355] {dag.py:2968} INFO - Setting next_dagrun for example_short_circuit_operator to 2023-02-03T07:08:00.355084+00:00, run_after=2023-02-04T07:08:00.355084+00:00
[2023-02-04 02:08:00,375] {processor.py:161} INFO - Processing /home/milo/13-airflow/airflowhome/airflowenv/lib/python3.9/site-packages/airflow/example_dags/example_short_circuit_operator.py took 0.098 seconds
[2023-02-04 02:08:30,930] {processor.py:153} INFO - Started process (PID=7657) to work on /home/milo/13-airflow/airflowhome/airflowenv/lib/python3.9/site-packages/airflow/example_dags/example_short_circuit_operator.py
[2023-02-04 02:08:30,945] {processor.py:641} INFO - Processing file /home/milo/13-airflow/airflowhome/airflowenv/lib/python3.9/site-packages/airflow/example_dags/example_short_circuit_operator.py for tasks to queue
[2023-02-04 02:08:30,946] {logging_mixin.py:115} INFO - [2023-02-04 02:08:30,945] {dagbag.py:508} INFO - Filling up the DagBag from /home/milo/13-airflow/airflowhome/airflowenv/lib/python3.9/site-packages/airflow/example_dags/example_short_circuit_operator.py
[2023-02-04 02:08:30,961] {processor.py:651} INFO - DAG(s) dict_keys(['example_short_circuit_operator']) retrieved from /home/milo/13-airflow/airflowhome/airflowenv/lib/python3.9/site-packages/airflow/example_dags/example_short_circuit_operator.py
[2023-02-04 02:08:30,995] {logging_mixin.py:115} INFO - [2023-02-04 02:08:30,995] {dag.py:2420} INFO - Sync 1 DAGs
[2023-02-04 02:08:31,023] {logging_mixin.py:115} INFO - [2023-02-04 02:08:31,023] {dag.py:2968} INFO - Setting next_dagrun for example_short_circuit_operator to 2023-02-03T07:08:31.022560+00:00, run_after=2023-02-04T07:08:31.022560+00:00
[2023-02-04 02:08:31,042] {processor.py:161} INFO - Processing /home/milo/13-airflow/airflowhome/airflowenv/lib/python3.9/site-packages/airflow/example_dags/example_short_circuit_operator.py took 0.117 seconds
[2023-02-04 02:09:05,611] {processor.py:153} INFO - Started process (PID=7724) to work on /home/milo/13-airflow/airflowhome/airflowenv/lib/python3.9/site-packages/airflow/example_dags/example_short_circuit_operator.py
[2023-02-04 02:09:05,621] {processor.py:641} INFO - Processing file /home/milo/13-airflow/airflowhome/airflowenv/lib/python3.9/site-packages/airflow/example_dags/example_short_circuit_operator.py for tasks to queue
[2023-02-04 02:09:05,622] {logging_mixin.py:115} INFO - [2023-02-04 02:09:05,622] {dagbag.py:508} INFO - Filling up the DagBag from /home/milo/13-airflow/airflowhome/airflowenv/lib/python3.9/site-packages/airflow/example_dags/example_short_circuit_operator.py
[2023-02-04 02:09:05,637] {processor.py:651} INFO - DAG(s) dict_keys(['example_short_circuit_operator']) retrieved from /home/milo/13-airflow/airflowhome/airflowenv/lib/python3.9/site-packages/airflow/example_dags/example_short_circuit_operator.py
[2023-02-04 02:09:05,666] {logging_mixin.py:115} INFO - [2023-02-04 02:09:05,666] {dag.py:2420} INFO - Sync 1 DAGs
[2023-02-04 02:09:05,695] {logging_mixin.py:115} INFO - [2023-02-04 02:09:05,695] {dag.py:2968} INFO - Setting next_dagrun for example_short_circuit_operator to 2023-02-03T07:09:05.695087+00:00, run_after=2023-02-04T07:09:05.695087+00:00
[2023-02-04 02:09:05,719] {processor.py:161} INFO - Processing /home/milo/13-airflow/airflowhome/airflowenv/lib/python3.9/site-packages/airflow/example_dags/example_short_circuit_operator.py took 0.112 seconds
[2023-02-04 02:11:57,818] {processor.py:153} INFO - Started process (PID=7793) to work on /home/milo/13-airflow/airflowhome/airflowenv/lib/python3.9/site-packages/airflow/example_dags/example_short_circuit_operator.py
[2023-02-04 02:11:57,867] {processor.py:641} INFO - Processing file /home/milo/13-airflow/airflowhome/airflowenv/lib/python3.9/site-packages/airflow/example_dags/example_short_circuit_operator.py for tasks to queue
[2023-02-04 02:11:57,868] {logging_mixin.py:115} INFO - [2023-02-04 02:11:57,868] {dagbag.py:508} INFO - Filling up the DagBag from /home/milo/13-airflow/airflowhome/airflowenv/lib/python3.9/site-packages/airflow/example_dags/example_short_circuit_operator.py
[2023-02-04 02:11:57,893] {processor.py:651} INFO - DAG(s) dict_keys(['example_short_circuit_operator']) retrieved from /home/milo/13-airflow/airflowhome/airflowenv/lib/python3.9/site-packages/airflow/example_dags/example_short_circuit_operator.py
[2023-02-04 02:11:57,994] {logging_mixin.py:115} INFO - [2023-02-04 02:11:57,994] {dag.py:2420} INFO - Sync 1 DAGs
[2023-02-04 02:11:58,078] {logging_mixin.py:115} INFO - [2023-02-04 02:11:58,078] {dag.py:2968} INFO - Setting next_dagrun for example_short_circuit_operator to 2023-02-03T07:11:58.077774+00:00, run_after=2023-02-04T07:11:58.077774+00:00
[2023-02-04 02:11:59,216] {processor.py:161} INFO - Processing /home/milo/13-airflow/airflowhome/airflowenv/lib/python3.9/site-packages/airflow/example_dags/example_short_circuit_operator.py took 1.422 seconds
[2023-02-04 02:21:48,748] {processor.py:153} INFO - Started process (PID=7876) to work on /home/milo/13-airflow/airflowhome/airflowenv/lib/python3.9/site-packages/airflow/example_dags/example_short_circuit_operator.py
[2023-02-04 02:21:48,751] {processor.py:641} INFO - Processing file /home/milo/13-airflow/airflowhome/airflowenv/lib/python3.9/site-packages/airflow/example_dags/example_short_circuit_operator.py for tasks to queue
[2023-02-04 02:21:48,752] {logging_mixin.py:115} INFO - [2023-02-04 02:21:48,751] {dagbag.py:508} INFO - Filling up the DagBag from /home/milo/13-airflow/airflowhome/airflowenv/lib/python3.9/site-packages/airflow/example_dags/example_short_circuit_operator.py
[2023-02-04 02:21:48,800] {processor.py:651} INFO - DAG(s) dict_keys(['example_short_circuit_operator']) retrieved from /home/milo/13-airflow/airflowhome/airflowenv/lib/python3.9/site-packages/airflow/example_dags/example_short_circuit_operator.py
[2023-02-04 02:21:48,883] {logging_mixin.py:115} INFO - [2023-02-04 02:21:48,883] {dag.py:2420} INFO - Sync 1 DAGs
[2023-02-04 02:21:48,973] {logging_mixin.py:115} INFO - [2023-02-04 02:21:48,973] {dag.py:2968} INFO - Setting next_dagrun for example_short_circuit_operator to 2023-02-03T07:21:48.972828+00:00, run_after=2023-02-04T07:21:48.972828+00:00
[2023-02-04 02:21:49,031] {processor.py:161} INFO - Processing /home/milo/13-airflow/airflowhome/airflowenv/lib/python3.9/site-packages/airflow/example_dags/example_short_circuit_operator.py took 0.296 seconds
