[2023-02-04 01:53:36,528] {processor.py:153} INFO - Started process (PID=6618) to work on /home/milo/13-airflow/airflowhome/airflowenv/lib/python3.9/site-packages/airflow/example_dags/example_trigger_controller_dag.py
[2023-02-04 01:53:36,529] {processor.py:641} INFO - Processing file /home/milo/13-airflow/airflowhome/airflowenv/lib/python3.9/site-packages/airflow/example_dags/example_trigger_controller_dag.py for tasks to queue
[2023-02-04 01:53:36,530] {logging_mixin.py:115} INFO - [2023-02-04 01:53:36,530] {dagbag.py:508} INFO - Filling up the DagBag from /home/milo/13-airflow/airflowhome/airflowenv/lib/python3.9/site-packages/airflow/example_dags/example_trigger_controller_dag.py
[2023-02-04 01:53:36,535] {processor.py:651} INFO - DAG(s) dict_keys(['example_trigger_controller_dag']) retrieved from /home/milo/13-airflow/airflowhome/airflowenv/lib/python3.9/site-packages/airflow/example_dags/example_trigger_controller_dag.py
[2023-02-04 01:53:36,637] {logging_mixin.py:115} INFO - [2023-02-04 01:53:36,637] {manager.py:508} INFO - Created Permission View: can read on DAG:example_trigger_controller_dag
[2023-02-04 01:53:36,654] {logging_mixin.py:115} INFO - [2023-02-04 01:53:36,654] {manager.py:508} INFO - Created Permission View: can edit on DAG:example_trigger_controller_dag
[2023-02-04 01:53:36,666] {logging_mixin.py:115} INFO - [2023-02-04 01:53:36,666] {manager.py:508} INFO - Created Permission View: can delete on DAG:example_trigger_controller_dag
[2023-02-04 01:53:36,666] {logging_mixin.py:115} INFO - [2023-02-04 01:53:36,666] {dag.py:2420} INFO - Sync 1 DAGs
[2023-02-04 01:53:36,678] {logging_mixin.py:115} INFO - [2023-02-04 01:53:36,678] {dag.py:2439} INFO - Creating ORM DAG for example_trigger_controller_dag
[2023-02-04 01:53:36,692] {logging_mixin.py:115} INFO - [2023-02-04 01:53:36,692] {dag.py:2968} INFO - Setting next_dagrun for example_trigger_controller_dag to 2021-01-01T00:00:00+00:00, run_after=2021-01-01T00:00:00+00:00
[2023-02-04 01:53:36,715] {processor.py:161} INFO - Processing /home/milo/13-airflow/airflowhome/airflowenv/lib/python3.9/site-packages/airflow/example_dags/example_trigger_controller_dag.py took 0.192 seconds
[2023-02-04 01:54:29,105] {processor.py:153} INFO - Started process (PID=6665) to work on /home/milo/13-airflow/airflowhome/airflowenv/lib/python3.9/site-packages/airflow/example_dags/example_trigger_controller_dag.py
[2023-02-04 01:54:29,107] {processor.py:641} INFO - Processing file /home/milo/13-airflow/airflowhome/airflowenv/lib/python3.9/site-packages/airflow/example_dags/example_trigger_controller_dag.py for tasks to queue
[2023-02-04 01:54:29,108] {logging_mixin.py:115} INFO - [2023-02-04 01:54:29,108] {dagbag.py:508} INFO - Filling up the DagBag from /home/milo/13-airflow/airflowhome/airflowenv/lib/python3.9/site-packages/airflow/example_dags/example_trigger_controller_dag.py
[2023-02-04 01:54:29,113] {processor.py:651} INFO - DAG(s) dict_keys(['example_trigger_controller_dag']) retrieved from /home/milo/13-airflow/airflowhome/airflowenv/lib/python3.9/site-packages/airflow/example_dags/example_trigger_controller_dag.py
[2023-02-04 01:54:29,140] {logging_mixin.py:115} INFO - [2023-02-04 01:54:29,140] {dag.py:2420} INFO - Sync 1 DAGs
[2023-02-04 01:54:29,168] {logging_mixin.py:115} INFO - [2023-02-04 01:54:29,168] {dag.py:2968} INFO - Setting next_dagrun for example_trigger_controller_dag to 2021-01-01T00:00:00+00:00, run_after=2021-01-01T00:00:00+00:00
[2023-02-04 01:54:29,188] {processor.py:161} INFO - Processing /home/milo/13-airflow/airflowhome/airflowenv/lib/python3.9/site-packages/airflow/example_dags/example_trigger_controller_dag.py took 0.088 seconds
[2023-02-04 01:55:09,140] {processor.py:153} INFO - Started process (PID=6706) to work on /home/milo/13-airflow/airflowhome/airflowenv/lib/python3.9/site-packages/airflow/example_dags/example_trigger_controller_dag.py
[2023-02-04 01:55:09,141] {processor.py:641} INFO - Processing file /home/milo/13-airflow/airflowhome/airflowenv/lib/python3.9/site-packages/airflow/example_dags/example_trigger_controller_dag.py for tasks to queue
[2023-02-04 01:55:09,142] {logging_mixin.py:115} INFO - [2023-02-04 01:55:09,142] {dagbag.py:508} INFO - Filling up the DagBag from /home/milo/13-airflow/airflowhome/airflowenv/lib/python3.9/site-packages/airflow/example_dags/example_trigger_controller_dag.py
[2023-02-04 01:55:09,148] {processor.py:651} INFO - DAG(s) dict_keys(['example_trigger_controller_dag']) retrieved from /home/milo/13-airflow/airflowhome/airflowenv/lib/python3.9/site-packages/airflow/example_dags/example_trigger_controller_dag.py
[2023-02-04 01:55:09,174] {logging_mixin.py:115} INFO - [2023-02-04 01:55:09,174] {dag.py:2420} INFO - Sync 1 DAGs
[2023-02-04 01:55:09,202] {logging_mixin.py:115} INFO - [2023-02-04 01:55:09,202] {dag.py:2968} INFO - Setting next_dagrun for example_trigger_controller_dag to 2021-01-01T00:00:00+00:00, run_after=2021-01-01T00:00:00+00:00
[2023-02-04 01:55:09,222] {processor.py:161} INFO - Processing /home/milo/13-airflow/airflowhome/airflowenv/lib/python3.9/site-packages/airflow/example_dags/example_trigger_controller_dag.py took 0.087 seconds
[2023-02-04 01:56:12,341] {processor.py:153} INFO - Started process (PID=6744) to work on /home/milo/13-airflow/airflowhome/airflowenv/lib/python3.9/site-packages/airflow/example_dags/example_trigger_controller_dag.py
[2023-02-04 01:56:12,343] {processor.py:641} INFO - Processing file /home/milo/13-airflow/airflowhome/airflowenv/lib/python3.9/site-packages/airflow/example_dags/example_trigger_controller_dag.py for tasks to queue
[2023-02-04 01:56:12,343] {logging_mixin.py:115} INFO - [2023-02-04 01:56:12,343] {dagbag.py:508} INFO - Filling up the DagBag from /home/milo/13-airflow/airflowhome/airflowenv/lib/python3.9/site-packages/airflow/example_dags/example_trigger_controller_dag.py
[2023-02-04 01:56:12,348] {processor.py:651} INFO - DAG(s) dict_keys(['example_trigger_controller_dag']) retrieved from /home/milo/13-airflow/airflowhome/airflowenv/lib/python3.9/site-packages/airflow/example_dags/example_trigger_controller_dag.py
[2023-02-04 01:56:12,375] {logging_mixin.py:115} INFO - [2023-02-04 01:56:12,375] {dag.py:2420} INFO - Sync 1 DAGs
[2023-02-04 01:56:12,403] {logging_mixin.py:115} INFO - [2023-02-04 01:56:12,403] {dag.py:2968} INFO - Setting next_dagrun for example_trigger_controller_dag to 2021-01-01T00:00:00+00:00, run_after=2021-01-01T00:00:00+00:00
[2023-02-04 01:56:12,994] {processor.py:161} INFO - Processing /home/milo/13-airflow/airflowhome/airflowenv/lib/python3.9/site-packages/airflow/example_dags/example_trigger_controller_dag.py took 0.658 seconds
[2023-02-04 01:57:04,797] {processor.py:153} INFO - Started process (PID=6782) to work on /home/milo/13-airflow/airflowhome/airflowenv/lib/python3.9/site-packages/airflow/example_dags/example_trigger_controller_dag.py
[2023-02-04 01:57:04,798] {processor.py:641} INFO - Processing file /home/milo/13-airflow/airflowhome/airflowenv/lib/python3.9/site-packages/airflow/example_dags/example_trigger_controller_dag.py for tasks to queue
[2023-02-04 01:57:04,799] {logging_mixin.py:115} INFO - [2023-02-04 01:57:04,799] {dagbag.py:508} INFO - Filling up the DagBag from /home/milo/13-airflow/airflowhome/airflowenv/lib/python3.9/site-packages/airflow/example_dags/example_trigger_controller_dag.py
[2023-02-04 01:57:04,809] {processor.py:651} INFO - DAG(s) dict_keys(['example_trigger_controller_dag']) retrieved from /home/milo/13-airflow/airflowhome/airflowenv/lib/python3.9/site-packages/airflow/example_dags/example_trigger_controller_dag.py
[2023-02-04 01:57:04,839] {logging_mixin.py:115} INFO - [2023-02-04 01:57:04,839] {dag.py:2420} INFO - Sync 1 DAGs
[2023-02-04 01:57:04,870] {logging_mixin.py:115} INFO - [2023-02-04 01:57:04,870] {dag.py:2968} INFO - Setting next_dagrun for example_trigger_controller_dag to 2021-01-01T00:00:00+00:00, run_after=2021-01-01T00:00:00+00:00
[2023-02-04 01:57:04,891] {processor.py:161} INFO - Processing /home/milo/13-airflow/airflowhome/airflowenv/lib/python3.9/site-packages/airflow/example_dags/example_trigger_controller_dag.py took 0.100 seconds
[2023-02-04 01:57:40,377] {processor.py:153} INFO - Started process (PID=6817) to work on /home/milo/13-airflow/airflowhome/airflowenv/lib/python3.9/site-packages/airflow/example_dags/example_trigger_controller_dag.py
[2023-02-04 01:57:40,379] {processor.py:641} INFO - Processing file /home/milo/13-airflow/airflowhome/airflowenv/lib/python3.9/site-packages/airflow/example_dags/example_trigger_controller_dag.py for tasks to queue
[2023-02-04 01:57:40,380] {logging_mixin.py:115} INFO - [2023-02-04 01:57:40,380] {dagbag.py:508} INFO - Filling up the DagBag from /home/milo/13-airflow/airflowhome/airflowenv/lib/python3.9/site-packages/airflow/example_dags/example_trigger_controller_dag.py
[2023-02-04 01:57:40,385] {processor.py:651} INFO - DAG(s) dict_keys(['example_trigger_controller_dag']) retrieved from /home/milo/13-airflow/airflowhome/airflowenv/lib/python3.9/site-packages/airflow/example_dags/example_trigger_controller_dag.py
[2023-02-04 01:57:40,410] {logging_mixin.py:115} INFO - [2023-02-04 01:57:40,410] {dag.py:2420} INFO - Sync 1 DAGs
[2023-02-04 01:57:40,438] {logging_mixin.py:115} INFO - [2023-02-04 01:57:40,437] {dag.py:2968} INFO - Setting next_dagrun for example_trigger_controller_dag to 2021-01-01T00:00:00+00:00, run_after=2021-01-01T00:00:00+00:00
[2023-02-04 01:57:40,458] {processor.py:161} INFO - Processing /home/milo/13-airflow/airflowhome/airflowenv/lib/python3.9/site-packages/airflow/example_dags/example_trigger_controller_dag.py took 0.085 seconds
[2023-02-04 01:58:16,378] {processor.py:153} INFO - Started process (PID=7042) to work on /home/milo/13-airflow/airflowhome/airflowenv/lib/python3.9/site-packages/airflow/example_dags/example_trigger_controller_dag.py
[2023-02-04 01:58:16,379] {processor.py:641} INFO - Processing file /home/milo/13-airflow/airflowhome/airflowenv/lib/python3.9/site-packages/airflow/example_dags/example_trigger_controller_dag.py for tasks to queue
[2023-02-04 01:58:16,380] {logging_mixin.py:115} INFO - [2023-02-04 01:58:16,380] {dagbag.py:508} INFO - Filling up the DagBag from /home/milo/13-airflow/airflowhome/airflowenv/lib/python3.9/site-packages/airflow/example_dags/example_trigger_controller_dag.py
[2023-02-04 01:58:16,386] {processor.py:651} INFO - DAG(s) dict_keys(['example_trigger_controller_dag']) retrieved from /home/milo/13-airflow/airflowhome/airflowenv/lib/python3.9/site-packages/airflow/example_dags/example_trigger_controller_dag.py
[2023-02-04 01:58:16,414] {logging_mixin.py:115} INFO - [2023-02-04 01:58:16,413] {dag.py:2420} INFO - Sync 1 DAGs
[2023-02-04 01:58:16,446] {logging_mixin.py:115} INFO - [2023-02-04 01:58:16,446] {dag.py:2968} INFO - Setting next_dagrun for example_trigger_controller_dag to 2021-01-01T00:00:00+00:00, run_after=2021-01-01T00:00:00+00:00
[2023-02-04 01:58:16,472] {processor.py:161} INFO - Processing /home/milo/13-airflow/airflowhome/airflowenv/lib/python3.9/site-packages/airflow/example_dags/example_trigger_controller_dag.py took 0.099 seconds
[2023-02-04 01:58:52,203] {processor.py:153} INFO - Started process (PID=7081) to work on /home/milo/13-airflow/airflowhome/airflowenv/lib/python3.9/site-packages/airflow/example_dags/example_trigger_controller_dag.py
[2023-02-04 01:58:52,204] {processor.py:641} INFO - Processing file /home/milo/13-airflow/airflowhome/airflowenv/lib/python3.9/site-packages/airflow/example_dags/example_trigger_controller_dag.py for tasks to queue
[2023-02-04 01:58:52,205] {logging_mixin.py:115} INFO - [2023-02-04 01:58:52,205] {dagbag.py:508} INFO - Filling up the DagBag from /home/milo/13-airflow/airflowhome/airflowenv/lib/python3.9/site-packages/airflow/example_dags/example_trigger_controller_dag.py
[2023-02-04 01:58:52,210] {processor.py:651} INFO - DAG(s) dict_keys(['example_trigger_controller_dag']) retrieved from /home/milo/13-airflow/airflowhome/airflowenv/lib/python3.9/site-packages/airflow/example_dags/example_trigger_controller_dag.py
[2023-02-04 01:58:52,244] {logging_mixin.py:115} INFO - [2023-02-04 01:58:52,244] {dag.py:2420} INFO - Sync 1 DAGs
[2023-02-04 01:58:52,275] {logging_mixin.py:115} INFO - [2023-02-04 01:58:52,275] {dag.py:2968} INFO - Setting next_dagrun for example_trigger_controller_dag to 2021-01-01T00:00:00+00:00, run_after=2021-01-01T00:00:00+00:00
[2023-02-04 01:58:52,298] {processor.py:161} INFO - Processing /home/milo/13-airflow/airflowhome/airflowenv/lib/python3.9/site-packages/airflow/example_dags/example_trigger_controller_dag.py took 0.100 seconds
[2023-02-04 01:59:27,169] {processor.py:153} INFO - Started process (PID=7117) to work on /home/milo/13-airflow/airflowhome/airflowenv/lib/python3.9/site-packages/airflow/example_dags/example_trigger_controller_dag.py
[2023-02-04 01:59:27,171] {processor.py:641} INFO - Processing file /home/milo/13-airflow/airflowhome/airflowenv/lib/python3.9/site-packages/airflow/example_dags/example_trigger_controller_dag.py for tasks to queue
[2023-02-04 01:59:27,172] {logging_mixin.py:115} INFO - [2023-02-04 01:59:27,172] {dagbag.py:508} INFO - Filling up the DagBag from /home/milo/13-airflow/airflowhome/airflowenv/lib/python3.9/site-packages/airflow/example_dags/example_trigger_controller_dag.py
[2023-02-04 01:59:27,177] {processor.py:651} INFO - DAG(s) dict_keys(['example_trigger_controller_dag']) retrieved from /home/milo/13-airflow/airflowhome/airflowenv/lib/python3.9/site-packages/airflow/example_dags/example_trigger_controller_dag.py
[2023-02-04 01:59:27,205] {logging_mixin.py:115} INFO - [2023-02-04 01:59:27,205] {dag.py:2420} INFO - Sync 1 DAGs
[2023-02-04 01:59:27,236] {logging_mixin.py:115} INFO - [2023-02-04 01:59:27,235] {dag.py:2968} INFO - Setting next_dagrun for example_trigger_controller_dag to 2021-01-01T00:00:00+00:00, run_after=2021-01-01T00:00:00+00:00
[2023-02-04 01:59:27,255] {processor.py:161} INFO - Processing /home/milo/13-airflow/airflowhome/airflowenv/lib/python3.9/site-packages/airflow/example_dags/example_trigger_controller_dag.py took 0.092 seconds
[2023-02-04 02:00:04,742] {processor.py:153} INFO - Started process (PID=7156) to work on /home/milo/13-airflow/airflowhome/airflowenv/lib/python3.9/site-packages/airflow/example_dags/example_trigger_controller_dag.py
[2023-02-04 02:00:04,744] {processor.py:641} INFO - Processing file /home/milo/13-airflow/airflowhome/airflowenv/lib/python3.9/site-packages/airflow/example_dags/example_trigger_controller_dag.py for tasks to queue
[2023-02-04 02:00:04,745] {logging_mixin.py:115} INFO - [2023-02-04 02:00:04,744] {dagbag.py:508} INFO - Filling up the DagBag from /home/milo/13-airflow/airflowhome/airflowenv/lib/python3.9/site-packages/airflow/example_dags/example_trigger_controller_dag.py
[2023-02-04 02:00:04,752] {processor.py:651} INFO - DAG(s) dict_keys(['example_trigger_controller_dag']) retrieved from /home/milo/13-airflow/airflowhome/airflowenv/lib/python3.9/site-packages/airflow/example_dags/example_trigger_controller_dag.py
[2023-02-04 02:00:04,788] {logging_mixin.py:115} INFO - [2023-02-04 02:00:04,788] {dag.py:2420} INFO - Sync 1 DAGs
[2023-02-04 02:00:04,816] {logging_mixin.py:115} INFO - [2023-02-04 02:00:04,816] {dag.py:2968} INFO - Setting next_dagrun for example_trigger_controller_dag to 2021-01-01T00:00:00+00:00, run_after=2021-01-01T00:00:00+00:00
[2023-02-04 02:00:04,843] {processor.py:161} INFO - Processing /home/milo/13-airflow/airflowhome/airflowenv/lib/python3.9/site-packages/airflow/example_dags/example_trigger_controller_dag.py took 0.106 seconds
[2023-02-04 02:00:41,669] {processor.py:153} INFO - Started process (PID=7192) to work on /home/milo/13-airflow/airflowhome/airflowenv/lib/python3.9/site-packages/airflow/example_dags/example_trigger_controller_dag.py
[2023-02-04 02:00:41,674] {processor.py:641} INFO - Processing file /home/milo/13-airflow/airflowhome/airflowenv/lib/python3.9/site-packages/airflow/example_dags/example_trigger_controller_dag.py for tasks to queue
[2023-02-04 02:00:41,676] {logging_mixin.py:115} INFO - [2023-02-04 02:00:41,676] {dagbag.py:508} INFO - Filling up the DagBag from /home/milo/13-airflow/airflowhome/airflowenv/lib/python3.9/site-packages/airflow/example_dags/example_trigger_controller_dag.py
[2023-02-04 02:00:41,686] {processor.py:651} INFO - DAG(s) dict_keys(['example_trigger_controller_dag']) retrieved from /home/milo/13-airflow/airflowhome/airflowenv/lib/python3.9/site-packages/airflow/example_dags/example_trigger_controller_dag.py
[2023-02-04 02:00:41,722] {logging_mixin.py:115} INFO - [2023-02-04 02:00:41,722] {dag.py:2420} INFO - Sync 1 DAGs
[2023-02-04 02:00:41,750] {logging_mixin.py:115} INFO - [2023-02-04 02:00:41,750] {dag.py:2968} INFO - Setting next_dagrun for example_trigger_controller_dag to 2021-01-01T00:00:00+00:00, run_after=2021-01-01T00:00:00+00:00
[2023-02-04 02:00:41,774] {processor.py:161} INFO - Processing /home/milo/13-airflow/airflowhome/airflowenv/lib/python3.9/site-packages/airflow/example_dags/example_trigger_controller_dag.py took 0.106 seconds
[2023-02-04 02:01:16,618] {processor.py:153} INFO - Started process (PID=7227) to work on /home/milo/13-airflow/airflowhome/airflowenv/lib/python3.9/site-packages/airflow/example_dags/example_trigger_controller_dag.py
[2023-02-04 02:01:16,620] {processor.py:641} INFO - Processing file /home/milo/13-airflow/airflowhome/airflowenv/lib/python3.9/site-packages/airflow/example_dags/example_trigger_controller_dag.py for tasks to queue
[2023-02-04 02:01:16,621] {logging_mixin.py:115} INFO - [2023-02-04 02:01:16,621] {dagbag.py:508} INFO - Filling up the DagBag from /home/milo/13-airflow/airflowhome/airflowenv/lib/python3.9/site-packages/airflow/example_dags/example_trigger_controller_dag.py
[2023-02-04 02:01:16,626] {processor.py:651} INFO - DAG(s) dict_keys(['example_trigger_controller_dag']) retrieved from /home/milo/13-airflow/airflowhome/airflowenv/lib/python3.9/site-packages/airflow/example_dags/example_trigger_controller_dag.py
[2023-02-04 02:01:16,655] {logging_mixin.py:115} INFO - [2023-02-04 02:01:16,655] {dag.py:2420} INFO - Sync 1 DAGs
[2023-02-04 02:01:16,687] {logging_mixin.py:115} INFO - [2023-02-04 02:01:16,686] {dag.py:2968} INFO - Setting next_dagrun for example_trigger_controller_dag to 2021-01-01T00:00:00+00:00, run_after=2021-01-01T00:00:00+00:00
[2023-02-04 02:01:16,707] {processor.py:161} INFO - Processing /home/milo/13-airflow/airflowhome/airflowenv/lib/python3.9/site-packages/airflow/example_dags/example_trigger_controller_dag.py took 0.096 seconds
[2023-02-04 02:01:54,704] {processor.py:153} INFO - Started process (PID=7266) to work on /home/milo/13-airflow/airflowhome/airflowenv/lib/python3.9/site-packages/airflow/example_dags/example_trigger_controller_dag.py
[2023-02-04 02:01:54,705] {processor.py:641} INFO - Processing file /home/milo/13-airflow/airflowhome/airflowenv/lib/python3.9/site-packages/airflow/example_dags/example_trigger_controller_dag.py for tasks to queue
[2023-02-04 02:01:54,706] {logging_mixin.py:115} INFO - [2023-02-04 02:01:54,706] {dagbag.py:508} INFO - Filling up the DagBag from /home/milo/13-airflow/airflowhome/airflowenv/lib/python3.9/site-packages/airflow/example_dags/example_trigger_controller_dag.py
[2023-02-04 02:01:54,711] {processor.py:651} INFO - DAG(s) dict_keys(['example_trigger_controller_dag']) retrieved from /home/milo/13-airflow/airflowhome/airflowenv/lib/python3.9/site-packages/airflow/example_dags/example_trigger_controller_dag.py
[2023-02-04 02:01:54,738] {logging_mixin.py:115} INFO - [2023-02-04 02:01:54,738] {dag.py:2420} INFO - Sync 1 DAGs
[2023-02-04 02:01:54,766] {logging_mixin.py:115} INFO - [2023-02-04 02:01:54,766] {dag.py:2968} INFO - Setting next_dagrun for example_trigger_controller_dag to 2021-01-01T00:00:00+00:00, run_after=2021-01-01T00:00:00+00:00
[2023-02-04 02:01:54,816] {processor.py:161} INFO - Processing /home/milo/13-airflow/airflowhome/airflowenv/lib/python3.9/site-packages/airflow/example_dags/example_trigger_controller_dag.py took 0.117 seconds
[2023-02-04 02:02:35,732] {processor.py:153} INFO - Started process (PID=7306) to work on /home/milo/13-airflow/airflowhome/airflowenv/lib/python3.9/site-packages/airflow/example_dags/example_trigger_controller_dag.py
[2023-02-04 02:02:35,734] {processor.py:641} INFO - Processing file /home/milo/13-airflow/airflowhome/airflowenv/lib/python3.9/site-packages/airflow/example_dags/example_trigger_controller_dag.py for tasks to queue
[2023-02-04 02:02:35,735] {logging_mixin.py:115} INFO - [2023-02-04 02:02:35,734] {dagbag.py:508} INFO - Filling up the DagBag from /home/milo/13-airflow/airflowhome/airflowenv/lib/python3.9/site-packages/airflow/example_dags/example_trigger_controller_dag.py
[2023-02-04 02:02:35,739] {processor.py:651} INFO - DAG(s) dict_keys(['example_trigger_controller_dag']) retrieved from /home/milo/13-airflow/airflowhome/airflowenv/lib/python3.9/site-packages/airflow/example_dags/example_trigger_controller_dag.py
[2023-02-04 02:02:35,766] {logging_mixin.py:115} INFO - [2023-02-04 02:02:35,766] {dag.py:2420} INFO - Sync 1 DAGs
[2023-02-04 02:02:35,794] {logging_mixin.py:115} INFO - [2023-02-04 02:02:35,794] {dag.py:2968} INFO - Setting next_dagrun for example_trigger_controller_dag to 2021-01-01T00:00:00+00:00, run_after=2021-01-01T00:00:00+00:00
[2023-02-04 02:02:35,813] {processor.py:161} INFO - Processing /home/milo/13-airflow/airflowhome/airflowenv/lib/python3.9/site-packages/airflow/example_dags/example_trigger_controller_dag.py took 0.086 seconds
[2023-02-04 02:03:09,889] {processor.py:153} INFO - Started process (PID=7341) to work on /home/milo/13-airflow/airflowhome/airflowenv/lib/python3.9/site-packages/airflow/example_dags/example_trigger_controller_dag.py
[2023-02-04 02:03:09,891] {processor.py:641} INFO - Processing file /home/milo/13-airflow/airflowhome/airflowenv/lib/python3.9/site-packages/airflow/example_dags/example_trigger_controller_dag.py for tasks to queue
[2023-02-04 02:03:09,892] {logging_mixin.py:115} INFO - [2023-02-04 02:03:09,891] {dagbag.py:508} INFO - Filling up the DagBag from /home/milo/13-airflow/airflowhome/airflowenv/lib/python3.9/site-packages/airflow/example_dags/example_trigger_controller_dag.py
[2023-02-04 02:03:09,896] {processor.py:651} INFO - DAG(s) dict_keys(['example_trigger_controller_dag']) retrieved from /home/milo/13-airflow/airflowhome/airflowenv/lib/python3.9/site-packages/airflow/example_dags/example_trigger_controller_dag.py
[2023-02-04 02:03:09,923] {logging_mixin.py:115} INFO - [2023-02-04 02:03:09,923] {dag.py:2420} INFO - Sync 1 DAGs
[2023-02-04 02:03:09,951] {logging_mixin.py:115} INFO - [2023-02-04 02:03:09,951] {dag.py:2968} INFO - Setting next_dagrun for example_trigger_controller_dag to 2021-01-01T00:00:00+00:00, run_after=2021-01-01T00:00:00+00:00
[2023-02-04 02:03:09,971] {processor.py:161} INFO - Processing /home/milo/13-airflow/airflowhome/airflowenv/lib/python3.9/site-packages/airflow/example_dags/example_trigger_controller_dag.py took 0.087 seconds
[2023-02-04 02:03:45,429] {processor.py:153} INFO - Started process (PID=7377) to work on /home/milo/13-airflow/airflowhome/airflowenv/lib/python3.9/site-packages/airflow/example_dags/example_trigger_controller_dag.py
[2023-02-04 02:03:45,431] {processor.py:641} INFO - Processing file /home/milo/13-airflow/airflowhome/airflowenv/lib/python3.9/site-packages/airflow/example_dags/example_trigger_controller_dag.py for tasks to queue
[2023-02-04 02:03:45,432] {logging_mixin.py:115} INFO - [2023-02-04 02:03:45,432] {dagbag.py:508} INFO - Filling up the DagBag from /home/milo/13-airflow/airflowhome/airflowenv/lib/python3.9/site-packages/airflow/example_dags/example_trigger_controller_dag.py
[2023-02-04 02:03:45,437] {processor.py:651} INFO - DAG(s) dict_keys(['example_trigger_controller_dag']) retrieved from /home/milo/13-airflow/airflowhome/airflowenv/lib/python3.9/site-packages/airflow/example_dags/example_trigger_controller_dag.py
[2023-02-04 02:03:45,464] {logging_mixin.py:115} INFO - [2023-02-04 02:03:45,464] {dag.py:2420} INFO - Sync 1 DAGs
[2023-02-04 02:03:45,496] {logging_mixin.py:115} INFO - [2023-02-04 02:03:45,496] {dag.py:2968} INFO - Setting next_dagrun for example_trigger_controller_dag to 2021-01-01T00:00:00+00:00, run_after=2021-01-01T00:00:00+00:00
[2023-02-04 02:03:45,518] {processor.py:161} INFO - Processing /home/milo/13-airflow/airflowhome/airflowenv/lib/python3.9/site-packages/airflow/example_dags/example_trigger_controller_dag.py took 0.095 seconds
[2023-02-04 02:04:22,013] {processor.py:153} INFO - Started process (PID=7412) to work on /home/milo/13-airflow/airflowhome/airflowenv/lib/python3.9/site-packages/airflow/example_dags/example_trigger_controller_dag.py
[2023-02-04 02:04:22,015] {processor.py:641} INFO - Processing file /home/milo/13-airflow/airflowhome/airflowenv/lib/python3.9/site-packages/airflow/example_dags/example_trigger_controller_dag.py for tasks to queue
[2023-02-04 02:04:22,016] {logging_mixin.py:115} INFO - [2023-02-04 02:04:22,016] {dagbag.py:508} INFO - Filling up the DagBag from /home/milo/13-airflow/airflowhome/airflowenv/lib/python3.9/site-packages/airflow/example_dags/example_trigger_controller_dag.py
[2023-02-04 02:04:22,021] {processor.py:651} INFO - DAG(s) dict_keys(['example_trigger_controller_dag']) retrieved from /home/milo/13-airflow/airflowhome/airflowenv/lib/python3.9/site-packages/airflow/example_dags/example_trigger_controller_dag.py
[2023-02-04 02:04:22,047] {logging_mixin.py:115} INFO - [2023-02-04 02:04:22,047] {dag.py:2420} INFO - Sync 1 DAGs
[2023-02-04 02:04:22,075] {logging_mixin.py:115} INFO - [2023-02-04 02:04:22,074] {dag.py:2968} INFO - Setting next_dagrun for example_trigger_controller_dag to 2021-01-01T00:00:00+00:00, run_after=2021-01-01T00:00:00+00:00
[2023-02-04 02:04:22,094] {processor.py:161} INFO - Processing /home/milo/13-airflow/airflowhome/airflowenv/lib/python3.9/site-packages/airflow/example_dags/example_trigger_controller_dag.py took 0.086 seconds
[2023-02-04 02:04:59,672] {processor.py:153} INFO - Started process (PID=7449) to work on /home/milo/13-airflow/airflowhome/airflowenv/lib/python3.9/site-packages/airflow/example_dags/example_trigger_controller_dag.py
[2023-02-04 02:04:59,673] {processor.py:641} INFO - Processing file /home/milo/13-airflow/airflowhome/airflowenv/lib/python3.9/site-packages/airflow/example_dags/example_trigger_controller_dag.py for tasks to queue
[2023-02-04 02:04:59,675] {logging_mixin.py:115} INFO - [2023-02-04 02:04:59,674] {dagbag.py:508} INFO - Filling up the DagBag from /home/milo/13-airflow/airflowhome/airflowenv/lib/python3.9/site-packages/airflow/example_dags/example_trigger_controller_dag.py
[2023-02-04 02:04:59,682] {processor.py:651} INFO - DAG(s) dict_keys(['example_trigger_controller_dag']) retrieved from /home/milo/13-airflow/airflowhome/airflowenv/lib/python3.9/site-packages/airflow/example_dags/example_trigger_controller_dag.py
[2023-02-04 02:04:59,720] {logging_mixin.py:115} INFO - [2023-02-04 02:04:59,720] {dag.py:2420} INFO - Sync 1 DAGs
[2023-02-04 02:04:59,769] {logging_mixin.py:115} INFO - [2023-02-04 02:04:59,769] {dag.py:2968} INFO - Setting next_dagrun for example_trigger_controller_dag to 2021-01-01T00:00:00+00:00, run_after=2021-01-01T00:00:00+00:00
[2023-02-04 02:04:59,797] {processor.py:161} INFO - Processing /home/milo/13-airflow/airflowhome/airflowenv/lib/python3.9/site-packages/airflow/example_dags/example_trigger_controller_dag.py took 0.131 seconds
[2023-02-04 02:05:35,549] {processor.py:153} INFO - Started process (PID=7488) to work on /home/milo/13-airflow/airflowhome/airflowenv/lib/python3.9/site-packages/airflow/example_dags/example_trigger_controller_dag.py
[2023-02-04 02:05:35,551] {processor.py:641} INFO - Processing file /home/milo/13-airflow/airflowhome/airflowenv/lib/python3.9/site-packages/airflow/example_dags/example_trigger_controller_dag.py for tasks to queue
[2023-02-04 02:05:35,552] {logging_mixin.py:115} INFO - [2023-02-04 02:05:35,552] {dagbag.py:508} INFO - Filling up the DagBag from /home/milo/13-airflow/airflowhome/airflowenv/lib/python3.9/site-packages/airflow/example_dags/example_trigger_controller_dag.py
[2023-02-04 02:05:35,557] {processor.py:651} INFO - DAG(s) dict_keys(['example_trigger_controller_dag']) retrieved from /home/milo/13-airflow/airflowhome/airflowenv/lib/python3.9/site-packages/airflow/example_dags/example_trigger_controller_dag.py
[2023-02-04 02:05:35,587] {logging_mixin.py:115} INFO - [2023-02-04 02:05:35,587] {dag.py:2420} INFO - Sync 1 DAGs
[2023-02-04 02:05:35,621] {logging_mixin.py:115} INFO - [2023-02-04 02:05:35,621] {dag.py:2968} INFO - Setting next_dagrun for example_trigger_controller_dag to 2021-01-01T00:00:00+00:00, run_after=2021-01-01T00:00:00+00:00
[2023-02-04 02:05:35,643] {processor.py:161} INFO - Processing /home/milo/13-airflow/airflowhome/airflowenv/lib/python3.9/site-packages/airflow/example_dags/example_trigger_controller_dag.py took 0.099 seconds
[2023-02-04 02:06:15,258] {processor.py:153} INFO - Started process (PID=7525) to work on /home/milo/13-airflow/airflowhome/airflowenv/lib/python3.9/site-packages/airflow/example_dags/example_trigger_controller_dag.py
[2023-02-04 02:06:15,260] {processor.py:641} INFO - Processing file /home/milo/13-airflow/airflowhome/airflowenv/lib/python3.9/site-packages/airflow/example_dags/example_trigger_controller_dag.py for tasks to queue
[2023-02-04 02:06:15,262] {logging_mixin.py:115} INFO - [2023-02-04 02:06:15,261] {dagbag.py:508} INFO - Filling up the DagBag from /home/milo/13-airflow/airflowhome/airflowenv/lib/python3.9/site-packages/airflow/example_dags/example_trigger_controller_dag.py
[2023-02-04 02:06:15,267] {processor.py:651} INFO - DAG(s) dict_keys(['example_trigger_controller_dag']) retrieved from /home/milo/13-airflow/airflowhome/airflowenv/lib/python3.9/site-packages/airflow/example_dags/example_trigger_controller_dag.py
[2023-02-04 02:06:15,293] {logging_mixin.py:115} INFO - [2023-02-04 02:06:15,293] {dag.py:2420} INFO - Sync 1 DAGs
[2023-02-04 02:06:15,321] {logging_mixin.py:115} INFO - [2023-02-04 02:06:15,321] {dag.py:2968} INFO - Setting next_dagrun for example_trigger_controller_dag to 2021-01-01T00:00:00+00:00, run_after=2021-01-01T00:00:00+00:00
[2023-02-04 02:06:15,345] {processor.py:161} INFO - Processing /home/milo/13-airflow/airflowhome/airflowenv/lib/python3.9/site-packages/airflow/example_dags/example_trigger_controller_dag.py took 0.092 seconds
[2023-02-04 02:06:53,467] {processor.py:153} INFO - Started process (PID=7561) to work on /home/milo/13-airflow/airflowhome/airflowenv/lib/python3.9/site-packages/airflow/example_dags/example_trigger_controller_dag.py
[2023-02-04 02:06:53,469] {processor.py:641} INFO - Processing file /home/milo/13-airflow/airflowhome/airflowenv/lib/python3.9/site-packages/airflow/example_dags/example_trigger_controller_dag.py for tasks to queue
[2023-02-04 02:06:53,470] {logging_mixin.py:115} INFO - [2023-02-04 02:06:53,469] {dagbag.py:508} INFO - Filling up the DagBag from /home/milo/13-airflow/airflowhome/airflowenv/lib/python3.9/site-packages/airflow/example_dags/example_trigger_controller_dag.py
[2023-02-04 02:06:53,476] {processor.py:651} INFO - DAG(s) dict_keys(['example_trigger_controller_dag']) retrieved from /home/milo/13-airflow/airflowhome/airflowenv/lib/python3.9/site-packages/airflow/example_dags/example_trigger_controller_dag.py
[2023-02-04 02:06:53,505] {logging_mixin.py:115} INFO - [2023-02-04 02:06:53,505] {dag.py:2420} INFO - Sync 1 DAGs
[2023-02-04 02:06:53,536] {logging_mixin.py:115} INFO - [2023-02-04 02:06:53,536] {dag.py:2968} INFO - Setting next_dagrun for example_trigger_controller_dag to 2021-01-01T00:00:00+00:00, run_after=2021-01-01T00:00:00+00:00
[2023-02-04 02:06:53,557] {processor.py:161} INFO - Processing /home/milo/13-airflow/airflowhome/airflowenv/lib/python3.9/site-packages/airflow/example_dags/example_trigger_controller_dag.py took 0.095 seconds
[2023-02-04 02:07:29,950] {processor.py:153} INFO - Started process (PID=7598) to work on /home/milo/13-airflow/airflowhome/airflowenv/lib/python3.9/site-packages/airflow/example_dags/example_trigger_controller_dag.py
[2023-02-04 02:07:29,953] {processor.py:641} INFO - Processing file /home/milo/13-airflow/airflowhome/airflowenv/lib/python3.9/site-packages/airflow/example_dags/example_trigger_controller_dag.py for tasks to queue
[2023-02-04 02:07:29,954] {logging_mixin.py:115} INFO - [2023-02-04 02:07:29,953] {dagbag.py:508} INFO - Filling up the DagBag from /home/milo/13-airflow/airflowhome/airflowenv/lib/python3.9/site-packages/airflow/example_dags/example_trigger_controller_dag.py
[2023-02-04 02:07:29,959] {processor.py:651} INFO - DAG(s) dict_keys(['example_trigger_controller_dag']) retrieved from /home/milo/13-airflow/airflowhome/airflowenv/lib/python3.9/site-packages/airflow/example_dags/example_trigger_controller_dag.py
[2023-02-04 02:07:29,991] {logging_mixin.py:115} INFO - [2023-02-04 02:07:29,991] {dag.py:2420} INFO - Sync 1 DAGs
[2023-02-04 02:07:30,020] {logging_mixin.py:115} INFO - [2023-02-04 02:07:30,019] {dag.py:2968} INFO - Setting next_dagrun for example_trigger_controller_dag to 2021-01-01T00:00:00+00:00, run_after=2021-01-01T00:00:00+00:00
[2023-02-04 02:07:30,039] {processor.py:161} INFO - Processing /home/milo/13-airflow/airflowhome/airflowenv/lib/python3.9/site-packages/airflow/example_dags/example_trigger_controller_dag.py took 0.094 seconds
[2023-02-04 02:08:05,540] {processor.py:153} INFO - Started process (PID=7633) to work on /home/milo/13-airflow/airflowhome/airflowenv/lib/python3.9/site-packages/airflow/example_dags/example_trigger_controller_dag.py
[2023-02-04 02:08:05,546] {processor.py:641} INFO - Processing file /home/milo/13-airflow/airflowhome/airflowenv/lib/python3.9/site-packages/airflow/example_dags/example_trigger_controller_dag.py for tasks to queue
[2023-02-04 02:08:05,547] {logging_mixin.py:115} INFO - [2023-02-04 02:08:05,547] {dagbag.py:508} INFO - Filling up the DagBag from /home/milo/13-airflow/airflowhome/airflowenv/lib/python3.9/site-packages/airflow/example_dags/example_trigger_controller_dag.py
[2023-02-04 02:08:05,555] {processor.py:651} INFO - DAG(s) dict_keys(['example_trigger_controller_dag']) retrieved from /home/milo/13-airflow/airflowhome/airflowenv/lib/python3.9/site-packages/airflow/example_dags/example_trigger_controller_dag.py
[2023-02-04 02:08:05,591] {logging_mixin.py:115} INFO - [2023-02-04 02:08:05,591] {dag.py:2420} INFO - Sync 1 DAGs
[2023-02-04 02:08:05,646] {logging_mixin.py:115} INFO - [2023-02-04 02:08:05,646] {dag.py:2968} INFO - Setting next_dagrun for example_trigger_controller_dag to 2021-01-01T00:00:00+00:00, run_after=2021-01-01T00:00:00+00:00
[2023-02-04 02:08:05,706] {processor.py:161} INFO - Processing /home/milo/13-airflow/airflowhome/airflowenv/lib/python3.9/site-packages/airflow/example_dags/example_trigger_controller_dag.py took 0.176 seconds
[2023-02-04 02:08:42,242] {processor.py:153} INFO - Started process (PID=7668) to work on /home/milo/13-airflow/airflowhome/airflowenv/lib/python3.9/site-packages/airflow/example_dags/example_trigger_controller_dag.py
[2023-02-04 02:08:42,244] {processor.py:641} INFO - Processing file /home/milo/13-airflow/airflowhome/airflowenv/lib/python3.9/site-packages/airflow/example_dags/example_trigger_controller_dag.py for tasks to queue
[2023-02-04 02:08:42,245] {logging_mixin.py:115} INFO - [2023-02-04 02:08:42,245] {dagbag.py:508} INFO - Filling up the DagBag from /home/milo/13-airflow/airflowhome/airflowenv/lib/python3.9/site-packages/airflow/example_dags/example_trigger_controller_dag.py
[2023-02-04 02:08:42,250] {processor.py:651} INFO - DAG(s) dict_keys(['example_trigger_controller_dag']) retrieved from /home/milo/13-airflow/airflowhome/airflowenv/lib/python3.9/site-packages/airflow/example_dags/example_trigger_controller_dag.py
[2023-02-04 02:08:42,282] {logging_mixin.py:115} INFO - [2023-02-04 02:08:42,282] {dag.py:2420} INFO - Sync 1 DAGs
[2023-02-04 02:08:42,311] {logging_mixin.py:115} INFO - [2023-02-04 02:08:42,310] {dag.py:2968} INFO - Setting next_dagrun for example_trigger_controller_dag to 2021-01-01T00:00:00+00:00, run_after=2021-01-01T00:00:00+00:00
[2023-02-04 02:08:42,330] {processor.py:161} INFO - Processing /home/milo/13-airflow/airflowhome/airflowenv/lib/python3.9/site-packages/airflow/example_dags/example_trigger_controller_dag.py took 0.093 seconds
[2023-02-04 02:09:18,873] {processor.py:153} INFO - Started process (PID=7737) to work on /home/milo/13-airflow/airflowhome/airflowenv/lib/python3.9/site-packages/airflow/example_dags/example_trigger_controller_dag.py
[2023-02-04 02:09:18,875] {processor.py:641} INFO - Processing file /home/milo/13-airflow/airflowhome/airflowenv/lib/python3.9/site-packages/airflow/example_dags/example_trigger_controller_dag.py for tasks to queue
[2023-02-04 02:09:18,876] {logging_mixin.py:115} INFO - [2023-02-04 02:09:18,876] {dagbag.py:508} INFO - Filling up the DagBag from /home/milo/13-airflow/airflowhome/airflowenv/lib/python3.9/site-packages/airflow/example_dags/example_trigger_controller_dag.py
[2023-02-04 02:09:18,881] {processor.py:651} INFO - DAG(s) dict_keys(['example_trigger_controller_dag']) retrieved from /home/milo/13-airflow/airflowhome/airflowenv/lib/python3.9/site-packages/airflow/example_dags/example_trigger_controller_dag.py
[2023-02-04 02:09:18,910] {logging_mixin.py:115} INFO - [2023-02-04 02:09:18,910] {dag.py:2420} INFO - Sync 1 DAGs
[2023-02-04 02:09:18,939] {logging_mixin.py:115} INFO - [2023-02-04 02:09:18,939] {dag.py:2968} INFO - Setting next_dagrun for example_trigger_controller_dag to 2021-01-01T00:00:00+00:00, run_after=2021-01-01T00:00:00+00:00
[2023-02-04 02:09:18,959] {processor.py:161} INFO - Processing /home/milo/13-airflow/airflowhome/airflowenv/lib/python3.9/site-packages/airflow/example_dags/example_trigger_controller_dag.py took 0.091 seconds
[2023-02-04 02:22:16,514] {processor.py:153} INFO - Started process (PID=7905) to work on /home/milo/13-airflow/airflowhome/airflowenv/lib/python3.9/site-packages/airflow/example_dags/example_trigger_controller_dag.py
[2023-02-04 02:22:16,519] {processor.py:641} INFO - Processing file /home/milo/13-airflow/airflowhome/airflowenv/lib/python3.9/site-packages/airflow/example_dags/example_trigger_controller_dag.py for tasks to queue
[2023-02-04 02:22:16,520] {logging_mixin.py:115} INFO - [2023-02-04 02:22:16,520] {dagbag.py:508} INFO - Filling up the DagBag from /home/milo/13-airflow/airflowhome/airflowenv/lib/python3.9/site-packages/airflow/example_dags/example_trigger_controller_dag.py
[2023-02-04 02:22:16,528] {processor.py:651} INFO - DAG(s) dict_keys(['example_trigger_controller_dag']) retrieved from /home/milo/13-airflow/airflowhome/airflowenv/lib/python3.9/site-packages/airflow/example_dags/example_trigger_controller_dag.py
[2023-02-04 02:22:16,564] {logging_mixin.py:115} INFO - [2023-02-04 02:22:16,564] {dag.py:2420} INFO - Sync 1 DAGs
[2023-02-04 02:22:16,603] {logging_mixin.py:115} INFO - [2023-02-04 02:22:16,603] {dag.py:2968} INFO - Setting next_dagrun for example_trigger_controller_dag to 2021-01-01T00:00:00+00:00, run_after=2021-01-01T00:00:00+00:00
[2023-02-04 02:22:16,647] {processor.py:161} INFO - Processing /home/milo/13-airflow/airflowhome/airflowenv/lib/python3.9/site-packages/airflow/example_dags/example_trigger_controller_dag.py took 0.139 seconds
