[2023-02-04 01:53:43,671] {processor.py:153} INFO - Started process (PID=6622) to work on /home/milo/13-airflow/airflowhome/airflowenv/lib/python3.9/site-packages/airflow/example_dags/example_external_task_marker_dag.py
[2023-02-04 01:53:43,672] {processor.py:641} INFO - Processing file /home/milo/13-airflow/airflowhome/airflowenv/lib/python3.9/site-packages/airflow/example_dags/example_external_task_marker_dag.py for tasks to queue
[2023-02-04 01:53:43,672] {logging_mixin.py:115} INFO - [2023-02-04 01:53:43,672] {dagbag.py:508} INFO - Filling up the DagBag from /home/milo/13-airflow/airflowhome/airflowenv/lib/python3.9/site-packages/airflow/example_dags/example_external_task_marker_dag.py
[2023-02-04 01:53:43,679] {processor.py:651} INFO - DAG(s) dict_keys(['example_external_task_marker_parent', 'example_external_task_marker_child']) retrieved from /home/milo/13-airflow/airflowhome/airflowenv/lib/python3.9/site-packages/airflow/example_dags/example_external_task_marker_dag.py
[2023-02-04 01:53:43,783] {logging_mixin.py:115} INFO - [2023-02-04 01:53:43,783] {manager.py:508} INFO - Created Permission View: can read on DAG:example_external_task_marker_parent
[2023-02-04 01:53:43,805] {logging_mixin.py:115} INFO - [2023-02-04 01:53:43,805] {manager.py:508} INFO - Created Permission View: can edit on DAG:example_external_task_marker_parent
[2023-02-04 01:53:43,818] {logging_mixin.py:115} INFO - [2023-02-04 01:53:43,817] {manager.py:508} INFO - Created Permission View: can delete on DAG:example_external_task_marker_parent
[2023-02-04 01:53:43,853] {logging_mixin.py:115} INFO - [2023-02-04 01:53:43,853] {manager.py:508} INFO - Created Permission View: can read on DAG:example_external_task_marker_child
[2023-02-04 01:53:43,864] {logging_mixin.py:115} INFO - [2023-02-04 01:53:43,864] {manager.py:508} INFO - Created Permission View: can edit on DAG:example_external_task_marker_child
[2023-02-04 01:53:43,876] {logging_mixin.py:115} INFO - [2023-02-04 01:53:43,876] {manager.py:508} INFO - Created Permission View: can delete on DAG:example_external_task_marker_child
[2023-02-04 01:53:43,876] {logging_mixin.py:115} INFO - [2023-02-04 01:53:43,876] {dag.py:2420} INFO - Sync 2 DAGs
[2023-02-04 01:53:43,888] {logging_mixin.py:115} INFO - [2023-02-04 01:53:43,888] {dag.py:2439} INFO - Creating ORM DAG for example_external_task_marker_parent
[2023-02-04 01:53:43,888] {logging_mixin.py:115} INFO - [2023-02-04 01:53:43,888] {dag.py:2439} INFO - Creating ORM DAG for example_external_task_marker_child
[2023-02-04 01:53:43,902] {logging_mixin.py:115} INFO - [2023-02-04 01:53:43,902] {dag.py:2968} INFO - Setting next_dagrun for example_external_task_marker_child to None, run_after=None
[2023-02-04 01:53:43,903] {logging_mixin.py:115} INFO - [2023-02-04 01:53:43,903] {dag.py:2968} INFO - Setting next_dagrun for example_external_task_marker_parent to None, run_after=None
[2023-02-04 01:53:43,928] {processor.py:161} INFO - Processing /home/milo/13-airflow/airflowhome/airflowenv/lib/python3.9/site-packages/airflow/example_dags/example_external_task_marker_dag.py took 0.263 seconds
[2023-02-04 01:54:32,772] {processor.py:153} INFO - Started process (PID=6671) to work on /home/milo/13-airflow/airflowhome/airflowenv/lib/python3.9/site-packages/airflow/example_dags/example_external_task_marker_dag.py
[2023-02-04 01:54:32,774] {processor.py:641} INFO - Processing file /home/milo/13-airflow/airflowhome/airflowenv/lib/python3.9/site-packages/airflow/example_dags/example_external_task_marker_dag.py for tasks to queue
[2023-02-04 01:54:32,775] {logging_mixin.py:115} INFO - [2023-02-04 01:54:32,775] {dagbag.py:508} INFO - Filling up the DagBag from /home/milo/13-airflow/airflowhome/airflowenv/lib/python3.9/site-packages/airflow/example_dags/example_external_task_marker_dag.py
[2023-02-04 01:54:32,783] {processor.py:651} INFO - DAG(s) dict_keys(['example_external_task_marker_parent', 'example_external_task_marker_child']) retrieved from /home/milo/13-airflow/airflowhome/airflowenv/lib/python3.9/site-packages/airflow/example_dags/example_external_task_marker_dag.py
[2023-02-04 01:54:32,828] {logging_mixin.py:115} INFO - [2023-02-04 01:54:32,828] {dag.py:2420} INFO - Sync 2 DAGs
[2023-02-04 01:54:32,860] {logging_mixin.py:115} INFO - [2023-02-04 01:54:32,860] {dag.py:2968} INFO - Setting next_dagrun for example_external_task_marker_child to None, run_after=None
[2023-02-04 01:54:32,861] {logging_mixin.py:115} INFO - [2023-02-04 01:54:32,861] {dag.py:2968} INFO - Setting next_dagrun for example_external_task_marker_parent to None, run_after=None
[2023-02-04 01:54:32,889] {processor.py:161} INFO - Processing /home/milo/13-airflow/airflowhome/airflowenv/lib/python3.9/site-packages/airflow/example_dags/example_external_task_marker_dag.py took 0.123 seconds
[2023-02-04 01:55:23,469] {processor.py:153} INFO - Started process (PID=6715) to work on /home/milo/13-airflow/airflowhome/airflowenv/lib/python3.9/site-packages/airflow/example_dags/example_external_task_marker_dag.py
[2023-02-04 01:55:23,471] {processor.py:641} INFO - Processing file /home/milo/13-airflow/airflowhome/airflowenv/lib/python3.9/site-packages/airflow/example_dags/example_external_task_marker_dag.py for tasks to queue
[2023-02-04 01:55:23,471] {logging_mixin.py:115} INFO - [2023-02-04 01:55:23,471] {dagbag.py:508} INFO - Filling up the DagBag from /home/milo/13-airflow/airflowhome/airflowenv/lib/python3.9/site-packages/airflow/example_dags/example_external_task_marker_dag.py
[2023-02-04 01:55:23,478] {processor.py:651} INFO - DAG(s) dict_keys(['example_external_task_marker_parent', 'example_external_task_marker_child']) retrieved from /home/milo/13-airflow/airflowhome/airflowenv/lib/python3.9/site-packages/airflow/example_dags/example_external_task_marker_dag.py
[2023-02-04 01:55:23,517] {logging_mixin.py:115} INFO - [2023-02-04 01:55:23,517] {dag.py:2420} INFO - Sync 2 DAGs
[2023-02-04 01:55:23,545] {logging_mixin.py:115} INFO - [2023-02-04 01:55:23,545] {dag.py:2968} INFO - Setting next_dagrun for example_external_task_marker_child to None, run_after=None
[2023-02-04 01:55:23,545] {logging_mixin.py:115} INFO - [2023-02-04 01:55:23,545] {dag.py:2968} INFO - Setting next_dagrun for example_external_task_marker_parent to None, run_after=None
[2023-02-04 01:55:23,565] {processor.py:161} INFO - Processing /home/milo/13-airflow/airflowhome/airflowenv/lib/python3.9/site-packages/airflow/example_dags/example_external_task_marker_dag.py took 0.101 seconds
[2023-02-04 01:56:34,392] {processor.py:153} INFO - Started process (PID=6761) to work on /home/milo/13-airflow/airflowhome/airflowenv/lib/python3.9/site-packages/airflow/example_dags/example_external_task_marker_dag.py
[2023-02-04 01:56:34,396] {processor.py:641} INFO - Processing file /home/milo/13-airflow/airflowhome/airflowenv/lib/python3.9/site-packages/airflow/example_dags/example_external_task_marker_dag.py for tasks to queue
[2023-02-04 01:56:34,397] {logging_mixin.py:115} INFO - [2023-02-04 01:56:34,397] {dagbag.py:508} INFO - Filling up the DagBag from /home/milo/13-airflow/airflowhome/airflowenv/lib/python3.9/site-packages/airflow/example_dags/example_external_task_marker_dag.py
[2023-02-04 01:56:34,404] {processor.py:651} INFO - DAG(s) dict_keys(['example_external_task_marker_parent', 'example_external_task_marker_child']) retrieved from /home/milo/13-airflow/airflowhome/airflowenv/lib/python3.9/site-packages/airflow/example_dags/example_external_task_marker_dag.py
[2023-02-04 01:56:34,448] {logging_mixin.py:115} INFO - [2023-02-04 01:56:34,448] {dag.py:2420} INFO - Sync 2 DAGs
[2023-02-04 01:56:34,479] {logging_mixin.py:115} INFO - [2023-02-04 01:56:34,479] {dag.py:2968} INFO - Setting next_dagrun for example_external_task_marker_child to None, run_after=None
[2023-02-04 01:56:34,479] {logging_mixin.py:115} INFO - [2023-02-04 01:56:34,479] {dag.py:2968} INFO - Setting next_dagrun for example_external_task_marker_parent to None, run_after=None
[2023-02-04 01:56:34,911] {processor.py:161} INFO - Processing /home/milo/13-airflow/airflowhome/airflowenv/lib/python3.9/site-packages/airflow/example_dags/example_external_task_marker_dag.py took 0.524 seconds
[2023-02-04 01:57:20,529] {processor.py:153} INFO - Started process (PID=6797) to work on /home/milo/13-airflow/airflowhome/airflowenv/lib/python3.9/site-packages/airflow/example_dags/example_external_task_marker_dag.py
[2023-02-04 01:57:20,531] {processor.py:641} INFO - Processing file /home/milo/13-airflow/airflowhome/airflowenv/lib/python3.9/site-packages/airflow/example_dags/example_external_task_marker_dag.py for tasks to queue
[2023-02-04 01:57:20,532] {logging_mixin.py:115} INFO - [2023-02-04 01:57:20,532] {dagbag.py:508} INFO - Filling up the DagBag from /home/milo/13-airflow/airflowhome/airflowenv/lib/python3.9/site-packages/airflow/example_dags/example_external_task_marker_dag.py
[2023-02-04 01:57:20,539] {processor.py:651} INFO - DAG(s) dict_keys(['example_external_task_marker_parent', 'example_external_task_marker_child']) retrieved from /home/milo/13-airflow/airflowhome/airflowenv/lib/python3.9/site-packages/airflow/example_dags/example_external_task_marker_dag.py
[2023-02-04 01:57:20,579] {logging_mixin.py:115} INFO - [2023-02-04 01:57:20,579] {dag.py:2420} INFO - Sync 2 DAGs
[2023-02-04 01:57:20,609] {logging_mixin.py:115} INFO - [2023-02-04 01:57:20,609] {dag.py:2968} INFO - Setting next_dagrun for example_external_task_marker_child to None, run_after=None
[2023-02-04 01:57:20,609] {logging_mixin.py:115} INFO - [2023-02-04 01:57:20,609] {dag.py:2968} INFO - Setting next_dagrun for example_external_task_marker_parent to None, run_after=None
[2023-02-04 01:57:20,630] {processor.py:161} INFO - Processing /home/milo/13-airflow/airflowhome/airflowenv/lib/python3.9/site-packages/airflow/example_dags/example_external_task_marker_dag.py took 0.106 seconds
[2023-02-04 01:57:58,524] {processor.py:153} INFO - Started process (PID=7020) to work on /home/milo/13-airflow/airflowhome/airflowenv/lib/python3.9/site-packages/airflow/example_dags/example_external_task_marker_dag.py
[2023-02-04 01:57:58,526] {processor.py:641} INFO - Processing file /home/milo/13-airflow/airflowhome/airflowenv/lib/python3.9/site-packages/airflow/example_dags/example_external_task_marker_dag.py for tasks to queue
[2023-02-04 01:57:58,526] {logging_mixin.py:115} INFO - [2023-02-04 01:57:58,526] {dagbag.py:508} INFO - Filling up the DagBag from /home/milo/13-airflow/airflowhome/airflowenv/lib/python3.9/site-packages/airflow/example_dags/example_external_task_marker_dag.py
[2023-02-04 01:57:58,535] {processor.py:651} INFO - DAG(s) dict_keys(['example_external_task_marker_parent', 'example_external_task_marker_child']) retrieved from /home/milo/13-airflow/airflowhome/airflowenv/lib/python3.9/site-packages/airflow/example_dags/example_external_task_marker_dag.py
[2023-02-04 01:57:58,575] {logging_mixin.py:115} INFO - [2023-02-04 01:57:58,575] {dag.py:2420} INFO - Sync 2 DAGs
[2023-02-04 01:57:58,603] {logging_mixin.py:115} INFO - [2023-02-04 01:57:58,603] {dag.py:2968} INFO - Setting next_dagrun for example_external_task_marker_child to None, run_after=None
[2023-02-04 01:57:58,603] {logging_mixin.py:115} INFO - [2023-02-04 01:57:58,603] {dag.py:2968} INFO - Setting next_dagrun for example_external_task_marker_parent to None, run_after=None
[2023-02-04 01:57:58,622] {processor.py:161} INFO - Processing /home/milo/13-airflow/airflowhome/airflowenv/lib/python3.9/site-packages/airflow/example_dags/example_external_task_marker_dag.py took 0.103 seconds
[2023-02-04 01:58:35,022] {processor.py:153} INFO - Started process (PID=7063) to work on /home/milo/13-airflow/airflowhome/airflowenv/lib/python3.9/site-packages/airflow/example_dags/example_external_task_marker_dag.py
[2023-02-04 01:58:35,023] {processor.py:641} INFO - Processing file /home/milo/13-airflow/airflowhome/airflowenv/lib/python3.9/site-packages/airflow/example_dags/example_external_task_marker_dag.py for tasks to queue
[2023-02-04 01:58:35,024] {logging_mixin.py:115} INFO - [2023-02-04 01:58:35,023] {dagbag.py:508} INFO - Filling up the DagBag from /home/milo/13-airflow/airflowhome/airflowenv/lib/python3.9/site-packages/airflow/example_dags/example_external_task_marker_dag.py
[2023-02-04 01:58:35,032] {processor.py:651} INFO - DAG(s) dict_keys(['example_external_task_marker_parent', 'example_external_task_marker_child']) retrieved from /home/milo/13-airflow/airflowhome/airflowenv/lib/python3.9/site-packages/airflow/example_dags/example_external_task_marker_dag.py
[2023-02-04 01:58:35,071] {logging_mixin.py:115} INFO - [2023-02-04 01:58:35,071] {dag.py:2420} INFO - Sync 2 DAGs
[2023-02-04 01:58:35,099] {logging_mixin.py:115} INFO - [2023-02-04 01:58:35,099] {dag.py:2968} INFO - Setting next_dagrun for example_external_task_marker_child to None, run_after=None
[2023-02-04 01:58:35,099] {logging_mixin.py:115} INFO - [2023-02-04 01:58:35,099] {dag.py:2968} INFO - Setting next_dagrun for example_external_task_marker_parent to None, run_after=None
[2023-02-04 01:58:35,119] {processor.py:161} INFO - Processing /home/milo/13-airflow/airflowhome/airflowenv/lib/python3.9/site-packages/airflow/example_dags/example_external_task_marker_dag.py took 0.102 seconds
[2023-02-04 01:59:10,164] {processor.py:153} INFO - Started process (PID=7101) to work on /home/milo/13-airflow/airflowhome/airflowenv/lib/python3.9/site-packages/airflow/example_dags/example_external_task_marker_dag.py
[2023-02-04 01:59:10,165] {processor.py:641} INFO - Processing file /home/milo/13-airflow/airflowhome/airflowenv/lib/python3.9/site-packages/airflow/example_dags/example_external_task_marker_dag.py for tasks to queue
[2023-02-04 01:59:10,167] {logging_mixin.py:115} INFO - [2023-02-04 01:59:10,166] {dagbag.py:508} INFO - Filling up the DagBag from /home/milo/13-airflow/airflowhome/airflowenv/lib/python3.9/site-packages/airflow/example_dags/example_external_task_marker_dag.py
[2023-02-04 01:59:10,174] {processor.py:651} INFO - DAG(s) dict_keys(['example_external_task_marker_parent', 'example_external_task_marker_child']) retrieved from /home/milo/13-airflow/airflowhome/airflowenv/lib/python3.9/site-packages/airflow/example_dags/example_external_task_marker_dag.py
[2023-02-04 01:59:10,214] {logging_mixin.py:115} INFO - [2023-02-04 01:59:10,213] {dag.py:2420} INFO - Sync 2 DAGs
[2023-02-04 01:59:10,250] {logging_mixin.py:115} INFO - [2023-02-04 01:59:10,250] {dag.py:2968} INFO - Setting next_dagrun for example_external_task_marker_child to None, run_after=None
[2023-02-04 01:59:10,250] {logging_mixin.py:115} INFO - [2023-02-04 01:59:10,250] {dag.py:2968} INFO - Setting next_dagrun for example_external_task_marker_parent to None, run_after=None
[2023-02-04 01:59:10,270] {processor.py:161} INFO - Processing /home/milo/13-airflow/airflowhome/airflowenv/lib/python3.9/site-packages/airflow/example_dags/example_external_task_marker_dag.py took 0.111 seconds
[2023-02-04 01:59:48,004] {processor.py:153} INFO - Started process (PID=7137) to work on /home/milo/13-airflow/airflowhome/airflowenv/lib/python3.9/site-packages/airflow/example_dags/example_external_task_marker_dag.py
[2023-02-04 01:59:48,005] {processor.py:641} INFO - Processing file /home/milo/13-airflow/airflowhome/airflowenv/lib/python3.9/site-packages/airflow/example_dags/example_external_task_marker_dag.py for tasks to queue
[2023-02-04 01:59:48,007] {logging_mixin.py:115} INFO - [2023-02-04 01:59:48,006] {dagbag.py:508} INFO - Filling up the DagBag from /home/milo/13-airflow/airflowhome/airflowenv/lib/python3.9/site-packages/airflow/example_dags/example_external_task_marker_dag.py
[2023-02-04 01:59:48,014] {processor.py:651} INFO - DAG(s) dict_keys(['example_external_task_marker_parent', 'example_external_task_marker_child']) retrieved from /home/milo/13-airflow/airflowhome/airflowenv/lib/python3.9/site-packages/airflow/example_dags/example_external_task_marker_dag.py
[2023-02-04 01:59:48,053] {logging_mixin.py:115} INFO - [2023-02-04 01:59:48,053] {dag.py:2420} INFO - Sync 2 DAGs
[2023-02-04 01:59:48,082] {logging_mixin.py:115} INFO - [2023-02-04 01:59:48,081] {dag.py:2968} INFO - Setting next_dagrun for example_external_task_marker_child to None, run_after=None
[2023-02-04 01:59:48,082] {logging_mixin.py:115} INFO - [2023-02-04 01:59:48,082] {dag.py:2968} INFO - Setting next_dagrun for example_external_task_marker_parent to None, run_after=None
[2023-02-04 01:59:48,106] {processor.py:161} INFO - Processing /home/milo/13-airflow/airflowhome/airflowenv/lib/python3.9/site-packages/airflow/example_dags/example_external_task_marker_dag.py took 0.107 seconds
[2023-02-04 02:00:24,213] {processor.py:153} INFO - Started process (PID=7175) to work on /home/milo/13-airflow/airflowhome/airflowenv/lib/python3.9/site-packages/airflow/example_dags/example_external_task_marker_dag.py
[2023-02-04 02:00:24,234] {processor.py:641} INFO - Processing file /home/milo/13-airflow/airflowhome/airflowenv/lib/python3.9/site-packages/airflow/example_dags/example_external_task_marker_dag.py for tasks to queue
[2023-02-04 02:00:24,235] {logging_mixin.py:115} INFO - [2023-02-04 02:00:24,235] {dagbag.py:508} INFO - Filling up the DagBag from /home/milo/13-airflow/airflowhome/airflowenv/lib/python3.9/site-packages/airflow/example_dags/example_external_task_marker_dag.py
[2023-02-04 02:00:24,243] {processor.py:651} INFO - DAG(s) dict_keys(['example_external_task_marker_parent', 'example_external_task_marker_child']) retrieved from /home/milo/13-airflow/airflowhome/airflowenv/lib/python3.9/site-packages/airflow/example_dags/example_external_task_marker_dag.py
[2023-02-04 02:00:24,321] {logging_mixin.py:115} INFO - [2023-02-04 02:00:24,320] {dag.py:2420} INFO - Sync 2 DAGs
[2023-02-04 02:00:24,352] {logging_mixin.py:115} INFO - [2023-02-04 02:00:24,351] {dag.py:2968} INFO - Setting next_dagrun for example_external_task_marker_child to None, run_after=None
[2023-02-04 02:00:24,352] {logging_mixin.py:115} INFO - [2023-02-04 02:00:24,352] {dag.py:2968} INFO - Setting next_dagrun for example_external_task_marker_parent to None, run_after=None
[2023-02-04 02:00:24,383] {processor.py:161} INFO - Processing /home/milo/13-airflow/airflowhome/airflowenv/lib/python3.9/site-packages/airflow/example_dags/example_external_task_marker_dag.py took 0.184 seconds
[2023-02-04 02:00:59,808] {processor.py:153} INFO - Started process (PID=7210) to work on /home/milo/13-airflow/airflowhome/airflowenv/lib/python3.9/site-packages/airflow/example_dags/example_external_task_marker_dag.py
[2023-02-04 02:00:59,809] {processor.py:641} INFO - Processing file /home/milo/13-airflow/airflowhome/airflowenv/lib/python3.9/site-packages/airflow/example_dags/example_external_task_marker_dag.py for tasks to queue
[2023-02-04 02:00:59,810] {logging_mixin.py:115} INFO - [2023-02-04 02:00:59,810] {dagbag.py:508} INFO - Filling up the DagBag from /home/milo/13-airflow/airflowhome/airflowenv/lib/python3.9/site-packages/airflow/example_dags/example_external_task_marker_dag.py
[2023-02-04 02:00:59,818] {processor.py:651} INFO - DAG(s) dict_keys(['example_external_task_marker_parent', 'example_external_task_marker_child']) retrieved from /home/milo/13-airflow/airflowhome/airflowenv/lib/python3.9/site-packages/airflow/example_dags/example_external_task_marker_dag.py
[2023-02-04 02:00:59,856] {logging_mixin.py:115} INFO - [2023-02-04 02:00:59,856] {dag.py:2420} INFO - Sync 2 DAGs
[2023-02-04 02:00:59,884] {logging_mixin.py:115} INFO - [2023-02-04 02:00:59,884] {dag.py:2968} INFO - Setting next_dagrun for example_external_task_marker_child to None, run_after=None
[2023-02-04 02:00:59,884] {logging_mixin.py:115} INFO - [2023-02-04 02:00:59,884] {dag.py:2968} INFO - Setting next_dagrun for example_external_task_marker_parent to None, run_after=None
[2023-02-04 02:00:59,904] {processor.py:161} INFO - Processing /home/milo/13-airflow/airflowhome/airflowenv/lib/python3.9/site-packages/airflow/example_dags/example_external_task_marker_dag.py took 0.101 seconds
[2023-02-04 02:01:33,814] {processor.py:153} INFO - Started process (PID=7245) to work on /home/milo/13-airflow/airflowhome/airflowenv/lib/python3.9/site-packages/airflow/example_dags/example_external_task_marker_dag.py
[2023-02-04 02:01:33,814] {processor.py:641} INFO - Processing file /home/milo/13-airflow/airflowhome/airflowenv/lib/python3.9/site-packages/airflow/example_dags/example_external_task_marker_dag.py for tasks to queue
[2023-02-04 02:01:33,815] {logging_mixin.py:115} INFO - [2023-02-04 02:01:33,815] {dagbag.py:508} INFO - Filling up the DagBag from /home/milo/13-airflow/airflowhome/airflowenv/lib/python3.9/site-packages/airflow/example_dags/example_external_task_marker_dag.py
[2023-02-04 02:01:33,823] {processor.py:651} INFO - DAG(s) dict_keys(['example_external_task_marker_parent', 'example_external_task_marker_child']) retrieved from /home/milo/13-airflow/airflowhome/airflowenv/lib/python3.9/site-packages/airflow/example_dags/example_external_task_marker_dag.py
[2023-02-04 02:01:33,866] {logging_mixin.py:115} INFO - [2023-02-04 02:01:33,866] {dag.py:2420} INFO - Sync 2 DAGs
[2023-02-04 02:01:33,897] {logging_mixin.py:115} INFO - [2023-02-04 02:01:33,897] {dag.py:2968} INFO - Setting next_dagrun for example_external_task_marker_child to None, run_after=None
[2023-02-04 02:01:33,898] {logging_mixin.py:115} INFO - [2023-02-04 02:01:33,898] {dag.py:2968} INFO - Setting next_dagrun for example_external_task_marker_parent to None, run_after=None
[2023-02-04 02:01:33,917] {processor.py:161} INFO - Processing /home/milo/13-airflow/airflowhome/airflowenv/lib/python3.9/site-packages/airflow/example_dags/example_external_task_marker_dag.py took 0.108 seconds
[2023-02-04 02:02:08,832] {processor.py:153} INFO - Started process (PID=7280) to work on /home/milo/13-airflow/airflowhome/airflowenv/lib/python3.9/site-packages/airflow/example_dags/example_external_task_marker_dag.py
[2023-02-04 02:02:08,834] {processor.py:641} INFO - Processing file /home/milo/13-airflow/airflowhome/airflowenv/lib/python3.9/site-packages/airflow/example_dags/example_external_task_marker_dag.py for tasks to queue
[2023-02-04 02:02:08,835] {logging_mixin.py:115} INFO - [2023-02-04 02:02:08,835] {dagbag.py:508} INFO - Filling up the DagBag from /home/milo/13-airflow/airflowhome/airflowenv/lib/python3.9/site-packages/airflow/example_dags/example_external_task_marker_dag.py
[2023-02-04 02:02:08,842] {processor.py:651} INFO - DAG(s) dict_keys(['example_external_task_marker_parent', 'example_external_task_marker_child']) retrieved from /home/milo/13-airflow/airflowhome/airflowenv/lib/python3.9/site-packages/airflow/example_dags/example_external_task_marker_dag.py
[2023-02-04 02:02:08,883] {logging_mixin.py:115} INFO - [2023-02-04 02:02:08,883] {dag.py:2420} INFO - Sync 2 DAGs
[2023-02-04 02:02:08,911] {logging_mixin.py:115} INFO - [2023-02-04 02:02:08,911] {dag.py:2968} INFO - Setting next_dagrun for example_external_task_marker_child to None, run_after=None
[2023-02-04 02:02:08,912] {logging_mixin.py:115} INFO - [2023-02-04 02:02:08,912] {dag.py:2968} INFO - Setting next_dagrun for example_external_task_marker_parent to None, run_after=None
[2023-02-04 02:02:08,931] {processor.py:161} INFO - Processing /home/milo/13-airflow/airflowhome/airflowenv/lib/python3.9/site-packages/airflow/example_dags/example_external_task_marker_dag.py took 0.104 seconds
[2023-02-04 02:02:43,479] {processor.py:153} INFO - Started process (PID=7315) to work on /home/milo/13-airflow/airflowhome/airflowenv/lib/python3.9/site-packages/airflow/example_dags/example_external_task_marker_dag.py
[2023-02-04 02:02:43,481] {processor.py:641} INFO - Processing file /home/milo/13-airflow/airflowhome/airflowenv/lib/python3.9/site-packages/airflow/example_dags/example_external_task_marker_dag.py for tasks to queue
[2023-02-04 02:02:43,482] {logging_mixin.py:115} INFO - [2023-02-04 02:02:43,482] {dagbag.py:508} INFO - Filling up the DagBag from /home/milo/13-airflow/airflowhome/airflowenv/lib/python3.9/site-packages/airflow/example_dags/example_external_task_marker_dag.py
[2023-02-04 02:02:43,489] {processor.py:651} INFO - DAG(s) dict_keys(['example_external_task_marker_parent', 'example_external_task_marker_child']) retrieved from /home/milo/13-airflow/airflowhome/airflowenv/lib/python3.9/site-packages/airflow/example_dags/example_external_task_marker_dag.py
[2023-02-04 02:02:43,530] {logging_mixin.py:115} INFO - [2023-02-04 02:02:43,529] {dag.py:2420} INFO - Sync 2 DAGs
[2023-02-04 02:02:43,558] {logging_mixin.py:115} INFO - [2023-02-04 02:02:43,558] {dag.py:2968} INFO - Setting next_dagrun for example_external_task_marker_child to None, run_after=None
[2023-02-04 02:02:43,558] {logging_mixin.py:115} INFO - [2023-02-04 02:02:43,558] {dag.py:2968} INFO - Setting next_dagrun for example_external_task_marker_parent to None, run_after=None
[2023-02-04 02:02:43,578] {processor.py:161} INFO - Processing /home/milo/13-airflow/airflowhome/airflowenv/lib/python3.9/site-packages/airflow/example_dags/example_external_task_marker_dag.py took 0.103 seconds
[2023-02-04 02:03:17,902] {processor.py:153} INFO - Started process (PID=7350) to work on /home/milo/13-airflow/airflowhome/airflowenv/lib/python3.9/site-packages/airflow/example_dags/example_external_task_marker_dag.py
[2023-02-04 02:03:17,904] {processor.py:641} INFO - Processing file /home/milo/13-airflow/airflowhome/airflowenv/lib/python3.9/site-packages/airflow/example_dags/example_external_task_marker_dag.py for tasks to queue
[2023-02-04 02:03:17,904] {logging_mixin.py:115} INFO - [2023-02-04 02:03:17,904] {dagbag.py:508} INFO - Filling up the DagBag from /home/milo/13-airflow/airflowhome/airflowenv/lib/python3.9/site-packages/airflow/example_dags/example_external_task_marker_dag.py
[2023-02-04 02:03:17,911] {processor.py:651} INFO - DAG(s) dict_keys(['example_external_task_marker_parent', 'example_external_task_marker_child']) retrieved from /home/milo/13-airflow/airflowhome/airflowenv/lib/python3.9/site-packages/airflow/example_dags/example_external_task_marker_dag.py
[2023-02-04 02:03:17,952] {logging_mixin.py:115} INFO - [2023-02-04 02:03:17,952] {dag.py:2420} INFO - Sync 2 DAGs
[2023-02-04 02:03:17,982] {logging_mixin.py:115} INFO - [2023-02-04 02:03:17,982] {dag.py:2968} INFO - Setting next_dagrun for example_external_task_marker_child to None, run_after=None
[2023-02-04 02:03:17,982] {logging_mixin.py:115} INFO - [2023-02-04 02:03:17,982] {dag.py:2968} INFO - Setting next_dagrun for example_external_task_marker_parent to None, run_after=None
[2023-02-04 02:03:18,001] {processor.py:161} INFO - Processing /home/milo/13-airflow/airflowhome/airflowenv/lib/python3.9/site-packages/airflow/example_dags/example_external_task_marker_dag.py took 0.105 seconds
[2023-02-04 02:03:53,157] {processor.py:153} INFO - Started process (PID=7384) to work on /home/milo/13-airflow/airflowhome/airflowenv/lib/python3.9/site-packages/airflow/example_dags/example_external_task_marker_dag.py
[2023-02-04 02:03:53,158] {processor.py:641} INFO - Processing file /home/milo/13-airflow/airflowhome/airflowenv/lib/python3.9/site-packages/airflow/example_dags/example_external_task_marker_dag.py for tasks to queue
[2023-02-04 02:03:53,161] {logging_mixin.py:115} INFO - [2023-02-04 02:03:53,161] {dagbag.py:508} INFO - Filling up the DagBag from /home/milo/13-airflow/airflowhome/airflowenv/lib/python3.9/site-packages/airflow/example_dags/example_external_task_marker_dag.py
[2023-02-04 02:03:53,168] {processor.py:651} INFO - DAG(s) dict_keys(['example_external_task_marker_parent', 'example_external_task_marker_child']) retrieved from /home/milo/13-airflow/airflowhome/airflowenv/lib/python3.9/site-packages/airflow/example_dags/example_external_task_marker_dag.py
[2023-02-04 02:03:53,208] {logging_mixin.py:115} INFO - [2023-02-04 02:03:53,208] {dag.py:2420} INFO - Sync 2 DAGs
[2023-02-04 02:03:53,242] {logging_mixin.py:115} INFO - [2023-02-04 02:03:53,242] {dag.py:2968} INFO - Setting next_dagrun for example_external_task_marker_child to None, run_after=None
[2023-02-04 02:03:53,243] {logging_mixin.py:115} INFO - [2023-02-04 02:03:53,243] {dag.py:2968} INFO - Setting next_dagrun for example_external_task_marker_parent to None, run_after=None
[2023-02-04 02:03:53,263] {processor.py:161} INFO - Processing /home/milo/13-airflow/airflowhome/airflowenv/lib/python3.9/site-packages/airflow/example_dags/example_external_task_marker_dag.py took 0.111 seconds
[2023-02-04 02:04:30,309] {processor.py:153} INFO - Started process (PID=7420) to work on /home/milo/13-airflow/airflowhome/airflowenv/lib/python3.9/site-packages/airflow/example_dags/example_external_task_marker_dag.py
[2023-02-04 02:04:30,311] {processor.py:641} INFO - Processing file /home/milo/13-airflow/airflowhome/airflowenv/lib/python3.9/site-packages/airflow/example_dags/example_external_task_marker_dag.py for tasks to queue
[2023-02-04 02:04:30,312] {logging_mixin.py:115} INFO - [2023-02-04 02:04:30,312] {dagbag.py:508} INFO - Filling up the DagBag from /home/milo/13-airflow/airflowhome/airflowenv/lib/python3.9/site-packages/airflow/example_dags/example_external_task_marker_dag.py
[2023-02-04 02:04:30,319] {processor.py:651} INFO - DAG(s) dict_keys(['example_external_task_marker_parent', 'example_external_task_marker_child']) retrieved from /home/milo/13-airflow/airflowhome/airflowenv/lib/python3.9/site-packages/airflow/example_dags/example_external_task_marker_dag.py
[2023-02-04 02:04:30,360] {logging_mixin.py:115} INFO - [2023-02-04 02:04:30,360] {dag.py:2420} INFO - Sync 2 DAGs
[2023-02-04 02:04:30,389] {logging_mixin.py:115} INFO - [2023-02-04 02:04:30,389] {dag.py:2968} INFO - Setting next_dagrun for example_external_task_marker_child to None, run_after=None
[2023-02-04 02:04:30,389] {logging_mixin.py:115} INFO - [2023-02-04 02:04:30,389] {dag.py:2968} INFO - Setting next_dagrun for example_external_task_marker_parent to None, run_after=None
[2023-02-04 02:04:30,421] {processor.py:161} INFO - Processing /home/milo/13-airflow/airflowhome/airflowenv/lib/python3.9/site-packages/airflow/example_dags/example_external_task_marker_dag.py took 0.116 seconds
[2023-02-04 02:05:07,373] {processor.py:153} INFO - Started process (PID=7459) to work on /home/milo/13-airflow/airflowhome/airflowenv/lib/python3.9/site-packages/airflow/example_dags/example_external_task_marker_dag.py
[2023-02-04 02:05:07,375] {processor.py:641} INFO - Processing file /home/milo/13-airflow/airflowhome/airflowenv/lib/python3.9/site-packages/airflow/example_dags/example_external_task_marker_dag.py for tasks to queue
[2023-02-04 02:05:07,376] {logging_mixin.py:115} INFO - [2023-02-04 02:05:07,376] {dagbag.py:508} INFO - Filling up the DagBag from /home/milo/13-airflow/airflowhome/airflowenv/lib/python3.9/site-packages/airflow/example_dags/example_external_task_marker_dag.py
[2023-02-04 02:05:07,385] {processor.py:651} INFO - DAG(s) dict_keys(['example_external_task_marker_parent', 'example_external_task_marker_child']) retrieved from /home/milo/13-airflow/airflowhome/airflowenv/lib/python3.9/site-packages/airflow/example_dags/example_external_task_marker_dag.py
[2023-02-04 02:05:07,427] {logging_mixin.py:115} INFO - [2023-02-04 02:05:07,427] {dag.py:2420} INFO - Sync 2 DAGs
[2023-02-04 02:05:07,456] {logging_mixin.py:115} INFO - [2023-02-04 02:05:07,456] {dag.py:2968} INFO - Setting next_dagrun for example_external_task_marker_child to None, run_after=None
[2023-02-04 02:05:07,456] {logging_mixin.py:115} INFO - [2023-02-04 02:05:07,456] {dag.py:2968} INFO - Setting next_dagrun for example_external_task_marker_parent to None, run_after=None
[2023-02-04 02:05:07,477] {processor.py:161} INFO - Processing /home/milo/13-airflow/airflowhome/airflowenv/lib/python3.9/site-packages/airflow/example_dags/example_external_task_marker_dag.py took 0.108 seconds
[2023-02-04 02:05:42,386] {processor.py:153} INFO - Started process (PID=7494) to work on /home/milo/13-airflow/airflowhome/airflowenv/lib/python3.9/site-packages/airflow/example_dags/example_external_task_marker_dag.py
[2023-02-04 02:05:42,387] {processor.py:641} INFO - Processing file /home/milo/13-airflow/airflowhome/airflowenv/lib/python3.9/site-packages/airflow/example_dags/example_external_task_marker_dag.py for tasks to queue
[2023-02-04 02:05:42,388] {logging_mixin.py:115} INFO - [2023-02-04 02:05:42,388] {dagbag.py:508} INFO - Filling up the DagBag from /home/milo/13-airflow/airflowhome/airflowenv/lib/python3.9/site-packages/airflow/example_dags/example_external_task_marker_dag.py
[2023-02-04 02:05:42,395] {processor.py:651} INFO - DAG(s) dict_keys(['example_external_task_marker_parent', 'example_external_task_marker_child']) retrieved from /home/milo/13-airflow/airflowhome/airflowenv/lib/python3.9/site-packages/airflow/example_dags/example_external_task_marker_dag.py
[2023-02-04 02:05:42,435] {logging_mixin.py:115} INFO - [2023-02-04 02:05:42,435] {dag.py:2420} INFO - Sync 2 DAGs
[2023-02-04 02:05:42,463] {logging_mixin.py:115} INFO - [2023-02-04 02:05:42,463] {dag.py:2968} INFO - Setting next_dagrun for example_external_task_marker_child to None, run_after=None
[2023-02-04 02:05:42,463] {logging_mixin.py:115} INFO - [2023-02-04 02:05:42,463] {dag.py:2968} INFO - Setting next_dagrun for example_external_task_marker_parent to None, run_after=None
[2023-02-04 02:05:42,483] {processor.py:161} INFO - Processing /home/milo/13-airflow/airflowhome/airflowenv/lib/python3.9/site-packages/airflow/example_dags/example_external_task_marker_dag.py took 0.103 seconds
[2023-02-04 02:06:23,406] {processor.py:153} INFO - Started process (PID=7533) to work on /home/milo/13-airflow/airflowhome/airflowenv/lib/python3.9/site-packages/airflow/example_dags/example_external_task_marker_dag.py
[2023-02-04 02:06:23,408] {processor.py:641} INFO - Processing file /home/milo/13-airflow/airflowhome/airflowenv/lib/python3.9/site-packages/airflow/example_dags/example_external_task_marker_dag.py for tasks to queue
[2023-02-04 02:06:23,409] {logging_mixin.py:115} INFO - [2023-02-04 02:06:23,408] {dagbag.py:508} INFO - Filling up the DagBag from /home/milo/13-airflow/airflowhome/airflowenv/lib/python3.9/site-packages/airflow/example_dags/example_external_task_marker_dag.py
[2023-02-04 02:06:23,415] {processor.py:651} INFO - DAG(s) dict_keys(['example_external_task_marker_parent', 'example_external_task_marker_child']) retrieved from /home/milo/13-airflow/airflowhome/airflowenv/lib/python3.9/site-packages/airflow/example_dags/example_external_task_marker_dag.py
[2023-02-04 02:06:23,455] {logging_mixin.py:115} INFO - [2023-02-04 02:06:23,455] {dag.py:2420} INFO - Sync 2 DAGs
[2023-02-04 02:06:23,483] {logging_mixin.py:115} INFO - [2023-02-04 02:06:23,483] {dag.py:2968} INFO - Setting next_dagrun for example_external_task_marker_child to None, run_after=None
[2023-02-04 02:06:23,484] {logging_mixin.py:115} INFO - [2023-02-04 02:06:23,484] {dag.py:2968} INFO - Setting next_dagrun for example_external_task_marker_parent to None, run_after=None
[2023-02-04 02:06:23,503] {processor.py:161} INFO - Processing /home/milo/13-airflow/airflowhome/airflowenv/lib/python3.9/site-packages/airflow/example_dags/example_external_task_marker_dag.py took 0.102 seconds
[2023-02-04 02:07:00,797] {processor.py:153} INFO - Started process (PID=7569) to work on /home/milo/13-airflow/airflowhome/airflowenv/lib/python3.9/site-packages/airflow/example_dags/example_external_task_marker_dag.py
[2023-02-04 02:07:00,799] {processor.py:641} INFO - Processing file /home/milo/13-airflow/airflowhome/airflowenv/lib/python3.9/site-packages/airflow/example_dags/example_external_task_marker_dag.py for tasks to queue
[2023-02-04 02:07:00,800] {logging_mixin.py:115} INFO - [2023-02-04 02:07:00,799] {dagbag.py:508} INFO - Filling up the DagBag from /home/milo/13-airflow/airflowhome/airflowenv/lib/python3.9/site-packages/airflow/example_dags/example_external_task_marker_dag.py
[2023-02-04 02:07:00,806] {processor.py:651} INFO - DAG(s) dict_keys(['example_external_task_marker_parent', 'example_external_task_marker_child']) retrieved from /home/milo/13-airflow/airflowhome/airflowenv/lib/python3.9/site-packages/airflow/example_dags/example_external_task_marker_dag.py
[2023-02-04 02:07:00,848] {logging_mixin.py:115} INFO - [2023-02-04 02:07:00,848] {dag.py:2420} INFO - Sync 2 DAGs
[2023-02-04 02:07:00,880] {logging_mixin.py:115} INFO - [2023-02-04 02:07:00,880] {dag.py:2968} INFO - Setting next_dagrun for example_external_task_marker_child to None, run_after=None
[2023-02-04 02:07:00,881] {logging_mixin.py:115} INFO - [2023-02-04 02:07:00,880] {dag.py:2968} INFO - Setting next_dagrun for example_external_task_marker_parent to None, run_after=None
[2023-02-04 02:07:00,919] {processor.py:161} INFO - Processing /home/milo/13-airflow/airflowhome/airflowenv/lib/python3.9/site-packages/airflow/example_dags/example_external_task_marker_dag.py took 0.133 seconds
[2023-02-04 02:07:36,560] {processor.py:153} INFO - Started process (PID=7604) to work on /home/milo/13-airflow/airflowhome/airflowenv/lib/python3.9/site-packages/airflow/example_dags/example_external_task_marker_dag.py
[2023-02-04 02:07:36,561] {processor.py:641} INFO - Processing file /home/milo/13-airflow/airflowhome/airflowenv/lib/python3.9/site-packages/airflow/example_dags/example_external_task_marker_dag.py for tasks to queue
[2023-02-04 02:07:36,562] {logging_mixin.py:115} INFO - [2023-02-04 02:07:36,562] {dagbag.py:508} INFO - Filling up the DagBag from /home/milo/13-airflow/airflowhome/airflowenv/lib/python3.9/site-packages/airflow/example_dags/example_external_task_marker_dag.py
[2023-02-04 02:07:36,569] {processor.py:651} INFO - DAG(s) dict_keys(['example_external_task_marker_parent', 'example_external_task_marker_child']) retrieved from /home/milo/13-airflow/airflowhome/airflowenv/lib/python3.9/site-packages/airflow/example_dags/example_external_task_marker_dag.py
[2023-02-04 02:07:36,614] {logging_mixin.py:115} INFO - [2023-02-04 02:07:36,614] {dag.py:2420} INFO - Sync 2 DAGs
[2023-02-04 02:07:36,642] {logging_mixin.py:115} INFO - [2023-02-04 02:07:36,642] {dag.py:2968} INFO - Setting next_dagrun for example_external_task_marker_child to None, run_after=None
[2023-02-04 02:07:36,642] {logging_mixin.py:115} INFO - [2023-02-04 02:07:36,642] {dag.py:2968} INFO - Setting next_dagrun for example_external_task_marker_parent to None, run_after=None
[2023-02-04 02:07:36,663] {processor.py:161} INFO - Processing /home/milo/13-airflow/airflowhome/airflowenv/lib/python3.9/site-packages/airflow/example_dags/example_external_task_marker_dag.py took 0.109 seconds
[2023-02-04 02:08:12,067] {processor.py:153} INFO - Started process (PID=7639) to work on /home/milo/13-airflow/airflowhome/airflowenv/lib/python3.9/site-packages/airflow/example_dags/example_external_task_marker_dag.py
[2023-02-04 02:08:12,069] {processor.py:641} INFO - Processing file /home/milo/13-airflow/airflowhome/airflowenv/lib/python3.9/site-packages/airflow/example_dags/example_external_task_marker_dag.py for tasks to queue
[2023-02-04 02:08:12,069] {logging_mixin.py:115} INFO - [2023-02-04 02:08:12,069] {dagbag.py:508} INFO - Filling up the DagBag from /home/milo/13-airflow/airflowhome/airflowenv/lib/python3.9/site-packages/airflow/example_dags/example_external_task_marker_dag.py
[2023-02-04 02:08:12,077] {processor.py:651} INFO - DAG(s) dict_keys(['example_external_task_marker_parent', 'example_external_task_marker_child']) retrieved from /home/milo/13-airflow/airflowhome/airflowenv/lib/python3.9/site-packages/airflow/example_dags/example_external_task_marker_dag.py
[2023-02-04 02:08:12,121] {logging_mixin.py:115} INFO - [2023-02-04 02:08:12,120] {dag.py:2420} INFO - Sync 2 DAGs
[2023-02-04 02:08:12,149] {logging_mixin.py:115} INFO - [2023-02-04 02:08:12,149] {dag.py:2968} INFO - Setting next_dagrun for example_external_task_marker_child to None, run_after=None
[2023-02-04 02:08:12,150] {logging_mixin.py:115} INFO - [2023-02-04 02:08:12,149] {dag.py:2968} INFO - Setting next_dagrun for example_external_task_marker_parent to None, run_after=None
[2023-02-04 02:08:12,169] {processor.py:161} INFO - Processing /home/milo/13-airflow/airflowhome/airflowenv/lib/python3.9/site-packages/airflow/example_dags/example_external_task_marker_dag.py took 0.107 seconds
[2023-02-04 02:08:48,619] {processor.py:153} INFO - Started process (PID=7674) to work on /home/milo/13-airflow/airflowhome/airflowenv/lib/python3.9/site-packages/airflow/example_dags/example_external_task_marker_dag.py
[2023-02-04 02:08:48,621] {processor.py:641} INFO - Processing file /home/milo/13-airflow/airflowhome/airflowenv/lib/python3.9/site-packages/airflow/example_dags/example_external_task_marker_dag.py for tasks to queue
[2023-02-04 02:08:48,622] {logging_mixin.py:115} INFO - [2023-02-04 02:08:48,622] {dagbag.py:508} INFO - Filling up the DagBag from /home/milo/13-airflow/airflowhome/airflowenv/lib/python3.9/site-packages/airflow/example_dags/example_external_task_marker_dag.py
[2023-02-04 02:08:48,629] {processor.py:651} INFO - DAG(s) dict_keys(['example_external_task_marker_parent', 'example_external_task_marker_child']) retrieved from /home/milo/13-airflow/airflowhome/airflowenv/lib/python3.9/site-packages/airflow/example_dags/example_external_task_marker_dag.py
[2023-02-04 02:08:48,669] {logging_mixin.py:115} INFO - [2023-02-04 02:08:48,669] {dag.py:2420} INFO - Sync 2 DAGs
[2023-02-04 02:08:48,699] {logging_mixin.py:115} INFO - [2023-02-04 02:08:48,698] {dag.py:2968} INFO - Setting next_dagrun for example_external_task_marker_child to None, run_after=None
[2023-02-04 02:08:48,699] {logging_mixin.py:115} INFO - [2023-02-04 02:08:48,699] {dag.py:2968} INFO - Setting next_dagrun for example_external_task_marker_parent to None, run_after=None
[2023-02-04 02:08:48,719] {processor.py:161} INFO - Processing /home/milo/13-airflow/airflowhome/airflowenv/lib/python3.9/site-packages/airflow/example_dags/example_external_task_marker_dag.py took 0.105 seconds
[2023-02-04 02:22:21,508] {processor.py:153} INFO - Started process (PID=7909) to work on /home/milo/13-airflow/airflowhome/airflowenv/lib/python3.9/site-packages/airflow/example_dags/example_external_task_marker_dag.py
[2023-02-04 02:22:21,512] {processor.py:641} INFO - Processing file /home/milo/13-airflow/airflowhome/airflowenv/lib/python3.9/site-packages/airflow/example_dags/example_external_task_marker_dag.py for tasks to queue
[2023-02-04 02:22:21,513] {logging_mixin.py:115} INFO - [2023-02-04 02:22:21,513] {dagbag.py:508} INFO - Filling up the DagBag from /home/milo/13-airflow/airflowhome/airflowenv/lib/python3.9/site-packages/airflow/example_dags/example_external_task_marker_dag.py
[2023-02-04 02:22:21,521] {processor.py:651} INFO - DAG(s) dict_keys(['example_external_task_marker_parent', 'example_external_task_marker_child']) retrieved from /home/milo/13-airflow/airflowhome/airflowenv/lib/python3.9/site-packages/airflow/example_dags/example_external_task_marker_dag.py
[2023-02-04 02:22:21,575] {logging_mixin.py:115} INFO - [2023-02-04 02:22:21,575] {dag.py:2420} INFO - Sync 2 DAGs
[2023-02-04 02:22:21,608] {logging_mixin.py:115} INFO - [2023-02-04 02:22:21,608] {dag.py:2968} INFO - Setting next_dagrun for example_external_task_marker_child to None, run_after=None
[2023-02-04 02:22:21,609] {logging_mixin.py:115} INFO - [2023-02-04 02:22:21,609] {dag.py:2968} INFO - Setting next_dagrun for example_external_task_marker_parent to None, run_after=None
[2023-02-04 02:22:21,632] {processor.py:161} INFO - Processing /home/milo/13-airflow/airflowhome/airflowenv/lib/python3.9/site-packages/airflow/example_dags/example_external_task_marker_dag.py took 0.133 seconds
