[2023-02-04 01:53:11,246] {processor.py:153} INFO - Started process (PID=6599) to work on /home/milo/13-airflow/airflowhome/airflowenv/lib/python3.9/site-packages/airflow/example_dags/tutorial_taskflow_api_etl.py
[2023-02-04 01:53:11,246] {processor.py:641} INFO - Processing file /home/milo/13-airflow/airflowhome/airflowenv/lib/python3.9/site-packages/airflow/example_dags/tutorial_taskflow_api_etl.py for tasks to queue
[2023-02-04 01:53:11,247] {logging_mixin.py:115} INFO - [2023-02-04 01:53:11,247] {dagbag.py:508} INFO - Filling up the DagBag from /home/milo/13-airflow/airflowhome/airflowenv/lib/python3.9/site-packages/airflow/example_dags/tutorial_taskflow_api_etl.py
[2023-02-04 01:53:11,279] {processor.py:651} INFO - DAG(s) dict_keys(['tutorial_taskflow_api_etl']) retrieved from /home/milo/13-airflow/airflowhome/airflowenv/lib/python3.9/site-packages/airflow/example_dags/tutorial_taskflow_api_etl.py
[2023-02-04 01:53:11,386] {logging_mixin.py:115} INFO - [2023-02-04 01:53:11,385] {manager.py:508} INFO - Created Permission View: can read on DAG:tutorial_taskflow_api_etl
[2023-02-04 01:53:11,402] {logging_mixin.py:115} INFO - [2023-02-04 01:53:11,402] {manager.py:508} INFO - Created Permission View: can edit on DAG:tutorial_taskflow_api_etl
[2023-02-04 01:53:11,415] {logging_mixin.py:115} INFO - [2023-02-04 01:53:11,414] {manager.py:508} INFO - Created Permission View: can delete on DAG:tutorial_taskflow_api_etl
[2023-02-04 01:53:11,415] {logging_mixin.py:115} INFO - [2023-02-04 01:53:11,415] {dag.py:2420} INFO - Sync 1 DAGs
[2023-02-04 01:53:11,427] {logging_mixin.py:115} INFO - [2023-02-04 01:53:11,427] {dag.py:2439} INFO - Creating ORM DAG for tutorial_taskflow_api_etl
[2023-02-04 01:53:11,440] {logging_mixin.py:115} INFO - [2023-02-04 01:53:11,440] {dag.py:2968} INFO - Setting next_dagrun for tutorial_taskflow_api_etl to None, run_after=None
[2023-02-04 01:53:11,462] {processor.py:161} INFO - Processing /home/milo/13-airflow/airflowhome/airflowenv/lib/python3.9/site-packages/airflow/example_dags/tutorial_taskflow_api_etl.py took 0.221 seconds
[2023-02-04 01:54:00,267] {processor.py:153} INFO - Started process (PID=6642) to work on /home/milo/13-airflow/airflowhome/airflowenv/lib/python3.9/site-packages/airflow/example_dags/tutorial_taskflow_api_etl.py
[2023-02-04 01:54:00,270] {processor.py:641} INFO - Processing file /home/milo/13-airflow/airflowhome/airflowenv/lib/python3.9/site-packages/airflow/example_dags/tutorial_taskflow_api_etl.py for tasks to queue
[2023-02-04 01:54:00,270] {logging_mixin.py:115} INFO - [2023-02-04 01:54:00,270] {dagbag.py:508} INFO - Filling up the DagBag from /home/milo/13-airflow/airflowhome/airflowenv/lib/python3.9/site-packages/airflow/example_dags/tutorial_taskflow_api_etl.py
[2023-02-04 01:54:00,297] {processor.py:651} INFO - DAG(s) dict_keys(['tutorial_taskflow_api_etl']) retrieved from /home/milo/13-airflow/airflowhome/airflowenv/lib/python3.9/site-packages/airflow/example_dags/tutorial_taskflow_api_etl.py
[2023-02-04 01:54:00,368] {logging_mixin.py:115} INFO - [2023-02-04 01:54:00,368] {dag.py:2420} INFO - Sync 1 DAGs
[2023-02-04 01:54:00,393] {logging_mixin.py:115} INFO - [2023-02-04 01:54:00,393] {dag.py:2968} INFO - Setting next_dagrun for tutorial_taskflow_api_etl to None, run_after=None
[2023-02-04 01:54:00,415] {processor.py:161} INFO - Processing /home/milo/13-airflow/airflowhome/airflowenv/lib/python3.9/site-packages/airflow/example_dags/tutorial_taskflow_api_etl.py took 0.153 seconds
[2023-02-04 01:54:47,243] {processor.py:153} INFO - Started process (PID=6682) to work on /home/milo/13-airflow/airflowhome/airflowenv/lib/python3.9/site-packages/airflow/example_dags/tutorial_taskflow_api_etl.py
[2023-02-04 01:54:47,258] {processor.py:641} INFO - Processing file /home/milo/13-airflow/airflowhome/airflowenv/lib/python3.9/site-packages/airflow/example_dags/tutorial_taskflow_api_etl.py for tasks to queue
[2023-02-04 01:54:47,259] {logging_mixin.py:115} INFO - [2023-02-04 01:54:47,259] {dagbag.py:508} INFO - Filling up the DagBag from /home/milo/13-airflow/airflowhome/airflowenv/lib/python3.9/site-packages/airflow/example_dags/tutorial_taskflow_api_etl.py
[2023-02-04 01:54:47,286] {processor.py:651} INFO - DAG(s) dict_keys(['tutorial_taskflow_api_etl']) retrieved from /home/milo/13-airflow/airflowhome/airflowenv/lib/python3.9/site-packages/airflow/example_dags/tutorial_taskflow_api_etl.py
[2023-02-04 01:54:47,358] {logging_mixin.py:115} INFO - [2023-02-04 01:54:47,358] {dag.py:2420} INFO - Sync 1 DAGs
[2023-02-04 01:54:47,382] {logging_mixin.py:115} INFO - [2023-02-04 01:54:47,381] {dag.py:2968} INFO - Setting next_dagrun for tutorial_taskflow_api_etl to None, run_after=None
[2023-02-04 01:54:47,403] {processor.py:161} INFO - Processing /home/milo/13-airflow/airflowhome/airflowenv/lib/python3.9/site-packages/airflow/example_dags/tutorial_taskflow_api_etl.py took 0.172 seconds
[2023-02-04 01:55:33,168] {processor.py:153} INFO - Started process (PID=6721) to work on /home/milo/13-airflow/airflowhome/airflowenv/lib/python3.9/site-packages/airflow/example_dags/tutorial_taskflow_api_etl.py
[2023-02-04 01:55:33,217] {processor.py:641} INFO - Processing file /home/milo/13-airflow/airflowhome/airflowenv/lib/python3.9/site-packages/airflow/example_dags/tutorial_taskflow_api_etl.py for tasks to queue
[2023-02-04 01:55:33,218] {logging_mixin.py:115} INFO - [2023-02-04 01:55:33,217] {dagbag.py:508} INFO - Filling up the DagBag from /home/milo/13-airflow/airflowhome/airflowenv/lib/python3.9/site-packages/airflow/example_dags/tutorial_taskflow_api_etl.py
[2023-02-04 01:55:33,253] {processor.py:651} INFO - DAG(s) dict_keys(['tutorial_taskflow_api_etl']) retrieved from /home/milo/13-airflow/airflowhome/airflowenv/lib/python3.9/site-packages/airflow/example_dags/tutorial_taskflow_api_etl.py
[2023-02-04 01:55:33,278] {logging_mixin.py:115} INFO - [2023-02-04 01:55:33,278] {dag.py:2420} INFO - Sync 1 DAGs
[2023-02-04 01:55:33,305] {logging_mixin.py:115} INFO - [2023-02-04 01:55:33,305] {dag.py:2968} INFO - Setting next_dagrun for tutorial_taskflow_api_etl to None, run_after=None
[2023-02-04 01:55:35,023] {processor.py:161} INFO - Processing /home/milo/13-airflow/airflowhome/airflowenv/lib/python3.9/site-packages/airflow/example_dags/tutorial_taskflow_api_etl.py took 1.861 seconds
[2023-02-04 01:56:25,779] {processor.py:153} INFO - Started process (PID=6754) to work on /home/milo/13-airflow/airflowhome/airflowenv/lib/python3.9/site-packages/airflow/example_dags/tutorial_taskflow_api_etl.py
[2023-02-04 01:56:25,782] {processor.py:641} INFO - Processing file /home/milo/13-airflow/airflowhome/airflowenv/lib/python3.9/site-packages/airflow/example_dags/tutorial_taskflow_api_etl.py for tasks to queue
[2023-02-04 01:56:25,783] {logging_mixin.py:115} INFO - [2023-02-04 01:56:25,782] {dagbag.py:508} INFO - Filling up the DagBag from /home/milo/13-airflow/airflowhome/airflowenv/lib/python3.9/site-packages/airflow/example_dags/tutorial_taskflow_api_etl.py
[2023-02-04 01:56:25,812] {processor.py:651} INFO - DAG(s) dict_keys(['tutorial_taskflow_api_etl']) retrieved from /home/milo/13-airflow/airflowhome/airflowenv/lib/python3.9/site-packages/airflow/example_dags/tutorial_taskflow_api_etl.py
[2023-02-04 01:56:25,887] {logging_mixin.py:115} INFO - [2023-02-04 01:56:25,886] {dag.py:2420} INFO - Sync 1 DAGs
[2023-02-04 01:56:25,917] {logging_mixin.py:115} INFO - [2023-02-04 01:56:25,917] {dag.py:2968} INFO - Setting next_dagrun for tutorial_taskflow_api_etl to None, run_after=None
[2023-02-04 01:56:25,940] {processor.py:161} INFO - Processing /home/milo/13-airflow/airflowhome/airflowenv/lib/python3.9/site-packages/airflow/example_dags/tutorial_taskflow_api_etl.py took 0.167 seconds
[2023-02-04 01:57:12,898] {processor.py:153} INFO - Started process (PID=6790) to work on /home/milo/13-airflow/airflowhome/airflowenv/lib/python3.9/site-packages/airflow/example_dags/tutorial_taskflow_api_etl.py
[2023-02-04 01:57:12,904] {processor.py:641} INFO - Processing file /home/milo/13-airflow/airflowhome/airflowenv/lib/python3.9/site-packages/airflow/example_dags/tutorial_taskflow_api_etl.py for tasks to queue
[2023-02-04 01:57:12,904] {logging_mixin.py:115} INFO - [2023-02-04 01:57:12,904] {dagbag.py:508} INFO - Filling up the DagBag from /home/milo/13-airflow/airflowhome/airflowenv/lib/python3.9/site-packages/airflow/example_dags/tutorial_taskflow_api_etl.py
[2023-02-04 01:57:12,931] {processor.py:651} INFO - DAG(s) dict_keys(['tutorial_taskflow_api_etl']) retrieved from /home/milo/13-airflow/airflowhome/airflowenv/lib/python3.9/site-packages/airflow/example_dags/tutorial_taskflow_api_etl.py
[2023-02-04 01:57:13,000] {logging_mixin.py:115} INFO - [2023-02-04 01:57:13,000] {dag.py:2420} INFO - Sync 1 DAGs
[2023-02-04 01:57:13,024] {logging_mixin.py:115} INFO - [2023-02-04 01:57:13,024] {dag.py:2968} INFO - Setting next_dagrun for tutorial_taskflow_api_etl to None, run_after=None
[2023-02-04 01:57:13,045] {processor.py:161} INFO - Processing /home/milo/13-airflow/airflowhome/airflowenv/lib/python3.9/site-packages/airflow/example_dags/tutorial_taskflow_api_etl.py took 0.152 seconds
[2023-02-04 01:57:47,282] {processor.py:153} INFO - Started process (PID=6902) to work on /home/milo/13-airflow/airflowhome/airflowenv/lib/python3.9/site-packages/airflow/example_dags/tutorial_taskflow_api_etl.py
[2023-02-04 01:57:47,283] {processor.py:641} INFO - Processing file /home/milo/13-airflow/airflowhome/airflowenv/lib/python3.9/site-packages/airflow/example_dags/tutorial_taskflow_api_etl.py for tasks to queue
[2023-02-04 01:57:47,284] {logging_mixin.py:115} INFO - [2023-02-04 01:57:47,284] {dagbag.py:508} INFO - Filling up the DagBag from /home/milo/13-airflow/airflowhome/airflowenv/lib/python3.9/site-packages/airflow/example_dags/tutorial_taskflow_api_etl.py
[2023-02-04 01:57:47,311] {processor.py:651} INFO - DAG(s) dict_keys(['tutorial_taskflow_api_etl']) retrieved from /home/milo/13-airflow/airflowhome/airflowenv/lib/python3.9/site-packages/airflow/example_dags/tutorial_taskflow_api_etl.py
[2023-02-04 01:57:47,383] {logging_mixin.py:115} INFO - [2023-02-04 01:57:47,383] {dag.py:2420} INFO - Sync 1 DAGs
[2023-02-04 01:57:47,408] {logging_mixin.py:115} INFO - [2023-02-04 01:57:47,408] {dag.py:2968} INFO - Setting next_dagrun for tutorial_taskflow_api_etl to None, run_after=None
[2023-02-04 01:57:47,434] {processor.py:161} INFO - Processing /home/milo/13-airflow/airflowhome/airflowenv/lib/python3.9/site-packages/airflow/example_dags/tutorial_taskflow_api_etl.py took 0.157 seconds
[2023-02-04 01:58:22,633] {processor.py:153} INFO - Started process (PID=7050) to work on /home/milo/13-airflow/airflowhome/airflowenv/lib/python3.9/site-packages/airflow/example_dags/tutorial_taskflow_api_etl.py
[2023-02-04 01:58:22,638] {processor.py:641} INFO - Processing file /home/milo/13-airflow/airflowhome/airflowenv/lib/python3.9/site-packages/airflow/example_dags/tutorial_taskflow_api_etl.py for tasks to queue
[2023-02-04 01:58:22,639] {logging_mixin.py:115} INFO - [2023-02-04 01:58:22,639] {dagbag.py:508} INFO - Filling up the DagBag from /home/milo/13-airflow/airflowhome/airflowenv/lib/python3.9/site-packages/airflow/example_dags/tutorial_taskflow_api_etl.py
[2023-02-04 01:58:22,667] {processor.py:651} INFO - DAG(s) dict_keys(['tutorial_taskflow_api_etl']) retrieved from /home/milo/13-airflow/airflowhome/airflowenv/lib/python3.9/site-packages/airflow/example_dags/tutorial_taskflow_api_etl.py
[2023-02-04 01:58:22,739] {logging_mixin.py:115} INFO - [2023-02-04 01:58:22,739] {dag.py:2420} INFO - Sync 1 DAGs
[2023-02-04 01:58:22,762] {logging_mixin.py:115} INFO - [2023-02-04 01:58:22,762] {dag.py:2968} INFO - Setting next_dagrun for tutorial_taskflow_api_etl to None, run_after=None
[2023-02-04 01:58:22,783] {processor.py:161} INFO - Processing /home/milo/13-airflow/airflowhome/airflowenv/lib/python3.9/site-packages/airflow/example_dags/tutorial_taskflow_api_etl.py took 0.155 seconds
[2023-02-04 01:58:56,993] {processor.py:153} INFO - Started process (PID=7086) to work on /home/milo/13-airflow/airflowhome/airflowenv/lib/python3.9/site-packages/airflow/example_dags/tutorial_taskflow_api_etl.py
[2023-02-04 01:58:56,995] {processor.py:641} INFO - Processing file /home/milo/13-airflow/airflowhome/airflowenv/lib/python3.9/site-packages/airflow/example_dags/tutorial_taskflow_api_etl.py for tasks to queue
[2023-02-04 01:58:56,996] {logging_mixin.py:115} INFO - [2023-02-04 01:58:56,996] {dagbag.py:508} INFO - Filling up the DagBag from /home/milo/13-airflow/airflowhome/airflowenv/lib/python3.9/site-packages/airflow/example_dags/tutorial_taskflow_api_etl.py
[2023-02-04 01:58:57,024] {processor.py:651} INFO - DAG(s) dict_keys(['tutorial_taskflow_api_etl']) retrieved from /home/milo/13-airflow/airflowhome/airflowenv/lib/python3.9/site-packages/airflow/example_dags/tutorial_taskflow_api_etl.py
[2023-02-04 01:58:57,100] {logging_mixin.py:115} INFO - [2023-02-04 01:58:57,100] {dag.py:2420} INFO - Sync 1 DAGs
[2023-02-04 01:58:57,124] {logging_mixin.py:115} INFO - [2023-02-04 01:58:57,124] {dag.py:2968} INFO - Setting next_dagrun for tutorial_taskflow_api_etl to None, run_after=None
[2023-02-04 01:58:57,145] {processor.py:161} INFO - Processing /home/milo/13-airflow/airflowhome/airflowenv/lib/python3.9/site-packages/airflow/example_dags/tutorial_taskflow_api_etl.py took 0.157 seconds
[2023-02-04 01:59:30,015] {processor.py:153} INFO - Started process (PID=7120) to work on /home/milo/13-airflow/airflowhome/airflowenv/lib/python3.9/site-packages/airflow/example_dags/tutorial_taskflow_api_etl.py
[2023-02-04 01:59:30,017] {processor.py:641} INFO - Processing file /home/milo/13-airflow/airflowhome/airflowenv/lib/python3.9/site-packages/airflow/example_dags/tutorial_taskflow_api_etl.py for tasks to queue
[2023-02-04 01:59:30,018] {logging_mixin.py:115} INFO - [2023-02-04 01:59:30,017] {dagbag.py:508} INFO - Filling up the DagBag from /home/milo/13-airflow/airflowhome/airflowenv/lib/python3.9/site-packages/airflow/example_dags/tutorial_taskflow_api_etl.py
[2023-02-04 01:59:30,045] {processor.py:651} INFO - DAG(s) dict_keys(['tutorial_taskflow_api_etl']) retrieved from /home/milo/13-airflow/airflowhome/airflowenv/lib/python3.9/site-packages/airflow/example_dags/tutorial_taskflow_api_etl.py
[2023-02-04 01:59:30,070] {logging_mixin.py:115} INFO - [2023-02-04 01:59:30,070] {dag.py:2420} INFO - Sync 1 DAGs
[2023-02-04 01:59:30,098] {logging_mixin.py:115} INFO - [2023-02-04 01:59:30,098] {dag.py:2968} INFO - Setting next_dagrun for tutorial_taskflow_api_etl to None, run_after=None
[2023-02-04 01:59:30,117] {processor.py:161} INFO - Processing /home/milo/13-airflow/airflowhome/airflowenv/lib/python3.9/site-packages/airflow/example_dags/tutorial_taskflow_api_etl.py took 0.108 seconds
[2023-02-04 02:00:06,266] {processor.py:153} INFO - Started process (PID=7158) to work on /home/milo/13-airflow/airflowhome/airflowenv/lib/python3.9/site-packages/airflow/example_dags/tutorial_taskflow_api_etl.py
[2023-02-04 02:00:06,267] {processor.py:641} INFO - Processing file /home/milo/13-airflow/airflowhome/airflowenv/lib/python3.9/site-packages/airflow/example_dags/tutorial_taskflow_api_etl.py for tasks to queue
[2023-02-04 02:00:06,268] {logging_mixin.py:115} INFO - [2023-02-04 02:00:06,268] {dagbag.py:508} INFO - Filling up the DagBag from /home/milo/13-airflow/airflowhome/airflowenv/lib/python3.9/site-packages/airflow/example_dags/tutorial_taskflow_api_etl.py
[2023-02-04 02:00:06,296] {processor.py:651} INFO - DAG(s) dict_keys(['tutorial_taskflow_api_etl']) retrieved from /home/milo/13-airflow/airflowhome/airflowenv/lib/python3.9/site-packages/airflow/example_dags/tutorial_taskflow_api_etl.py
[2023-02-04 02:00:06,321] {logging_mixin.py:115} INFO - [2023-02-04 02:00:06,321] {dag.py:2420} INFO - Sync 1 DAGs
[2023-02-04 02:00:06,349] {logging_mixin.py:115} INFO - [2023-02-04 02:00:06,348] {dag.py:2968} INFO - Setting next_dagrun for tutorial_taskflow_api_etl to None, run_after=None
[2023-02-04 02:00:06,368] {processor.py:161} INFO - Processing /home/milo/13-airflow/airflowhome/airflowenv/lib/python3.9/site-packages/airflow/example_dags/tutorial_taskflow_api_etl.py took 0.107 seconds
[2023-02-04 02:00:38,204] {processor.py:153} INFO - Started process (PID=7189) to work on /home/milo/13-airflow/airflowhome/airflowenv/lib/python3.9/site-packages/airflow/example_dags/tutorial_taskflow_api_etl.py
[2023-02-04 02:00:38,204] {processor.py:641} INFO - Processing file /home/milo/13-airflow/airflowhome/airflowenv/lib/python3.9/site-packages/airflow/example_dags/tutorial_taskflow_api_etl.py for tasks to queue
[2023-02-04 02:00:38,205] {logging_mixin.py:115} INFO - [2023-02-04 02:00:38,205] {dagbag.py:508} INFO - Filling up the DagBag from /home/milo/13-airflow/airflowhome/airflowenv/lib/python3.9/site-packages/airflow/example_dags/tutorial_taskflow_api_etl.py
[2023-02-04 02:00:38,241] {processor.py:651} INFO - DAG(s) dict_keys(['tutorial_taskflow_api_etl']) retrieved from /home/milo/13-airflow/airflowhome/airflowenv/lib/python3.9/site-packages/airflow/example_dags/tutorial_taskflow_api_etl.py
[2023-02-04 02:00:38,275] {logging_mixin.py:115} INFO - [2023-02-04 02:00:38,274] {dag.py:2420} INFO - Sync 1 DAGs
[2023-02-04 02:00:38,302] {logging_mixin.py:115} INFO - [2023-02-04 02:00:38,302] {dag.py:2968} INFO - Setting next_dagrun for tutorial_taskflow_api_etl to None, run_after=None
[2023-02-04 02:00:38,322] {processor.py:161} INFO - Processing /home/milo/13-airflow/airflowhome/airflowenv/lib/python3.9/site-packages/airflow/example_dags/tutorial_taskflow_api_etl.py took 0.123 seconds
[2023-02-04 02:01:12,978] {processor.py:153} INFO - Started process (PID=7224) to work on /home/milo/13-airflow/airflowhome/airflowenv/lib/python3.9/site-packages/airflow/example_dags/tutorial_taskflow_api_etl.py
[2023-02-04 02:01:12,980] {processor.py:641} INFO - Processing file /home/milo/13-airflow/airflowhome/airflowenv/lib/python3.9/site-packages/airflow/example_dags/tutorial_taskflow_api_etl.py for tasks to queue
[2023-02-04 02:01:12,981] {logging_mixin.py:115} INFO - [2023-02-04 02:01:12,981] {dagbag.py:508} INFO - Filling up the DagBag from /home/milo/13-airflow/airflowhome/airflowenv/lib/python3.9/site-packages/airflow/example_dags/tutorial_taskflow_api_etl.py
[2023-02-04 02:01:13,008] {processor.py:651} INFO - DAG(s) dict_keys(['tutorial_taskflow_api_etl']) retrieved from /home/milo/13-airflow/airflowhome/airflowenv/lib/python3.9/site-packages/airflow/example_dags/tutorial_taskflow_api_etl.py
[2023-02-04 02:01:13,033] {logging_mixin.py:115} INFO - [2023-02-04 02:01:13,033] {dag.py:2420} INFO - Sync 1 DAGs
[2023-02-04 02:01:13,062] {logging_mixin.py:115} INFO - [2023-02-04 02:01:13,062] {dag.py:2968} INFO - Setting next_dagrun for tutorial_taskflow_api_etl to None, run_after=None
[2023-02-04 02:01:13,083] {processor.py:161} INFO - Processing /home/milo/13-airflow/airflowhome/airflowenv/lib/python3.9/site-packages/airflow/example_dags/tutorial_taskflow_api_etl.py took 0.110 seconds
[2023-02-04 02:01:46,692] {processor.py:153} INFO - Started process (PID=7257) to work on /home/milo/13-airflow/airflowhome/airflowenv/lib/python3.9/site-packages/airflow/example_dags/tutorial_taskflow_api_etl.py
[2023-02-04 02:01:46,694] {processor.py:641} INFO - Processing file /home/milo/13-airflow/airflowhome/airflowenv/lib/python3.9/site-packages/airflow/example_dags/tutorial_taskflow_api_etl.py for tasks to queue
[2023-02-04 02:01:46,695] {logging_mixin.py:115} INFO - [2023-02-04 02:01:46,695] {dagbag.py:508} INFO - Filling up the DagBag from /home/milo/13-airflow/airflowhome/airflowenv/lib/python3.9/site-packages/airflow/example_dags/tutorial_taskflow_api_etl.py
[2023-02-04 02:01:46,722] {processor.py:651} INFO - DAG(s) dict_keys(['tutorial_taskflow_api_etl']) retrieved from /home/milo/13-airflow/airflowhome/airflowenv/lib/python3.9/site-packages/airflow/example_dags/tutorial_taskflow_api_etl.py
[2023-02-04 02:01:46,747] {logging_mixin.py:115} INFO - [2023-02-04 02:01:46,746] {dag.py:2420} INFO - Sync 1 DAGs
[2023-02-04 02:01:46,776] {logging_mixin.py:115} INFO - [2023-02-04 02:01:46,775] {dag.py:2968} INFO - Setting next_dagrun for tutorial_taskflow_api_etl to None, run_after=None
[2023-02-04 02:01:46,795] {processor.py:161} INFO - Processing /home/milo/13-airflow/airflowhome/airflowenv/lib/python3.9/site-packages/airflow/example_dags/tutorial_taskflow_api_etl.py took 0.108 seconds
[2023-02-04 02:02:20,763] {processor.py:153} INFO - Started process (PID=7292) to work on /home/milo/13-airflow/airflowhome/airflowenv/lib/python3.9/site-packages/airflow/example_dags/tutorial_taskflow_api_etl.py
[2023-02-04 02:02:20,765] {processor.py:641} INFO - Processing file /home/milo/13-airflow/airflowhome/airflowenv/lib/python3.9/site-packages/airflow/example_dags/tutorial_taskflow_api_etl.py for tasks to queue
[2023-02-04 02:02:20,766] {logging_mixin.py:115} INFO - [2023-02-04 02:02:20,765] {dagbag.py:508} INFO - Filling up the DagBag from /home/milo/13-airflow/airflowhome/airflowenv/lib/python3.9/site-packages/airflow/example_dags/tutorial_taskflow_api_etl.py
[2023-02-04 02:02:20,792] {processor.py:651} INFO - DAG(s) dict_keys(['tutorial_taskflow_api_etl']) retrieved from /home/milo/13-airflow/airflowhome/airflowenv/lib/python3.9/site-packages/airflow/example_dags/tutorial_taskflow_api_etl.py
[2023-02-04 02:02:20,817] {logging_mixin.py:115} INFO - [2023-02-04 02:02:20,817] {dag.py:2420} INFO - Sync 1 DAGs
[2023-02-04 02:02:20,844] {logging_mixin.py:115} INFO - [2023-02-04 02:02:20,844] {dag.py:2968} INFO - Setting next_dagrun for tutorial_taskflow_api_etl to None, run_after=None
[2023-02-04 02:02:20,863] {processor.py:161} INFO - Processing /home/milo/13-airflow/airflowhome/airflowenv/lib/python3.9/site-packages/airflow/example_dags/tutorial_taskflow_api_etl.py took 0.105 seconds
[2023-02-04 02:02:51,890] {processor.py:153} INFO - Started process (PID=7323) to work on /home/milo/13-airflow/airflowhome/airflowenv/lib/python3.9/site-packages/airflow/example_dags/tutorial_taskflow_api_etl.py
[2023-02-04 02:02:51,891] {processor.py:641} INFO - Processing file /home/milo/13-airflow/airflowhome/airflowenv/lib/python3.9/site-packages/airflow/example_dags/tutorial_taskflow_api_etl.py for tasks to queue
[2023-02-04 02:02:51,892] {logging_mixin.py:115} INFO - [2023-02-04 02:02:51,891] {dagbag.py:508} INFO - Filling up the DagBag from /home/milo/13-airflow/airflowhome/airflowenv/lib/python3.9/site-packages/airflow/example_dags/tutorial_taskflow_api_etl.py
[2023-02-04 02:02:51,919] {processor.py:651} INFO - DAG(s) dict_keys(['tutorial_taskflow_api_etl']) retrieved from /home/milo/13-airflow/airflowhome/airflowenv/lib/python3.9/site-packages/airflow/example_dags/tutorial_taskflow_api_etl.py
[2023-02-04 02:02:52,011] {logging_mixin.py:115} INFO - [2023-02-04 02:02:52,011] {dag.py:2420} INFO - Sync 1 DAGs
[2023-02-04 02:02:52,035] {logging_mixin.py:115} INFO - [2023-02-04 02:02:52,035] {dag.py:2968} INFO - Setting next_dagrun for tutorial_taskflow_api_etl to None, run_after=None
[2023-02-04 02:02:52,060] {processor.py:161} INFO - Processing /home/milo/13-airflow/airflowhome/airflowenv/lib/python3.9/site-packages/airflow/example_dags/tutorial_taskflow_api_etl.py took 0.177 seconds
[2023-02-04 02:03:25,347] {processor.py:153} INFO - Started process (PID=7357) to work on /home/milo/13-airflow/airflowhome/airflowenv/lib/python3.9/site-packages/airflow/example_dags/tutorial_taskflow_api_etl.py
[2023-02-04 02:03:25,348] {processor.py:641} INFO - Processing file /home/milo/13-airflow/airflowhome/airflowenv/lib/python3.9/site-packages/airflow/example_dags/tutorial_taskflow_api_etl.py for tasks to queue
[2023-02-04 02:03:25,349] {logging_mixin.py:115} INFO - [2023-02-04 02:03:25,349] {dagbag.py:508} INFO - Filling up the DagBag from /home/milo/13-airflow/airflowhome/airflowenv/lib/python3.9/site-packages/airflow/example_dags/tutorial_taskflow_api_etl.py
[2023-02-04 02:03:25,376] {processor.py:651} INFO - DAG(s) dict_keys(['tutorial_taskflow_api_etl']) retrieved from /home/milo/13-airflow/airflowhome/airflowenv/lib/python3.9/site-packages/airflow/example_dags/tutorial_taskflow_api_etl.py
[2023-02-04 02:03:25,447] {logging_mixin.py:115} INFO - [2023-02-04 02:03:25,446] {dag.py:2420} INFO - Sync 1 DAGs
[2023-02-04 02:03:25,470] {logging_mixin.py:115} INFO - [2023-02-04 02:03:25,470] {dag.py:2968} INFO - Setting next_dagrun for tutorial_taskflow_api_etl to None, run_after=None
[2023-02-04 02:03:25,492] {processor.py:161} INFO - Processing /home/milo/13-airflow/airflowhome/airflowenv/lib/python3.9/site-packages/airflow/example_dags/tutorial_taskflow_api_etl.py took 0.150 seconds
[2023-02-04 02:03:59,911] {processor.py:153} INFO - Started process (PID=7392) to work on /home/milo/13-airflow/airflowhome/airflowenv/lib/python3.9/site-packages/airflow/example_dags/tutorial_taskflow_api_etl.py
[2023-02-04 02:03:59,912] {processor.py:641} INFO - Processing file /home/milo/13-airflow/airflowhome/airflowenv/lib/python3.9/site-packages/airflow/example_dags/tutorial_taskflow_api_etl.py for tasks to queue
[2023-02-04 02:03:59,913] {logging_mixin.py:115} INFO - [2023-02-04 02:03:59,913] {dagbag.py:508} INFO - Filling up the DagBag from /home/milo/13-airflow/airflowhome/airflowenv/lib/python3.9/site-packages/airflow/example_dags/tutorial_taskflow_api_etl.py
[2023-02-04 02:03:59,942] {processor.py:651} INFO - DAG(s) dict_keys(['tutorial_taskflow_api_etl']) retrieved from /home/milo/13-airflow/airflowhome/airflowenv/lib/python3.9/site-packages/airflow/example_dags/tutorial_taskflow_api_etl.py
[2023-02-04 02:03:59,969] {logging_mixin.py:115} INFO - [2023-02-04 02:03:59,968] {dag.py:2420} INFO - Sync 1 DAGs
[2023-02-04 02:03:59,998] {logging_mixin.py:115} INFO - [2023-02-04 02:03:59,998] {dag.py:2968} INFO - Setting next_dagrun for tutorial_taskflow_api_etl to None, run_after=None
[2023-02-04 02:04:00,025] {processor.py:161} INFO - Processing /home/milo/13-airflow/airflowhome/airflowenv/lib/python3.9/site-packages/airflow/example_dags/tutorial_taskflow_api_etl.py took 0.118 seconds
[2023-02-04 02:04:35,466] {processor.py:153} INFO - Started process (PID=7425) to work on /home/milo/13-airflow/airflowhome/airflowenv/lib/python3.9/site-packages/airflow/example_dags/tutorial_taskflow_api_etl.py
[2023-02-04 02:04:35,474] {processor.py:641} INFO - Processing file /home/milo/13-airflow/airflowhome/airflowenv/lib/python3.9/site-packages/airflow/example_dags/tutorial_taskflow_api_etl.py for tasks to queue
[2023-02-04 02:04:35,475] {logging_mixin.py:115} INFO - [2023-02-04 02:04:35,474] {dagbag.py:508} INFO - Filling up the DagBag from /home/milo/13-airflow/airflowhome/airflowenv/lib/python3.9/site-packages/airflow/example_dags/tutorial_taskflow_api_etl.py
[2023-02-04 02:04:35,503] {processor.py:651} INFO - DAG(s) dict_keys(['tutorial_taskflow_api_etl']) retrieved from /home/milo/13-airflow/airflowhome/airflowenv/lib/python3.9/site-packages/airflow/example_dags/tutorial_taskflow_api_etl.py
[2023-02-04 02:04:35,528] {logging_mixin.py:115} INFO - [2023-02-04 02:04:35,528] {dag.py:2420} INFO - Sync 1 DAGs
[2023-02-04 02:04:35,556] {logging_mixin.py:115} INFO - [2023-02-04 02:04:35,555] {dag.py:2968} INFO - Setting next_dagrun for tutorial_taskflow_api_etl to None, run_after=None
[2023-02-04 02:04:35,576] {processor.py:161} INFO - Processing /home/milo/13-airflow/airflowhome/airflowenv/lib/python3.9/site-packages/airflow/example_dags/tutorial_taskflow_api_etl.py took 0.114 seconds
[2023-02-04 02:05:11,543] {processor.py:153} INFO - Started process (PID=7463) to work on /home/milo/13-airflow/airflowhome/airflowenv/lib/python3.9/site-packages/airflow/example_dags/tutorial_taskflow_api_etl.py
[2023-02-04 02:05:11,544] {processor.py:641} INFO - Processing file /home/milo/13-airflow/airflowhome/airflowenv/lib/python3.9/site-packages/airflow/example_dags/tutorial_taskflow_api_etl.py for tasks to queue
[2023-02-04 02:05:11,545] {logging_mixin.py:115} INFO - [2023-02-04 02:05:11,545] {dagbag.py:508} INFO - Filling up the DagBag from /home/milo/13-airflow/airflowhome/airflowenv/lib/python3.9/site-packages/airflow/example_dags/tutorial_taskflow_api_etl.py
[2023-02-04 02:05:11,573] {processor.py:651} INFO - DAG(s) dict_keys(['tutorial_taskflow_api_etl']) retrieved from /home/milo/13-airflow/airflowhome/airflowenv/lib/python3.9/site-packages/airflow/example_dags/tutorial_taskflow_api_etl.py
[2023-02-04 02:05:11,602] {logging_mixin.py:115} INFO - [2023-02-04 02:05:11,601] {dag.py:2420} INFO - Sync 1 DAGs
[2023-02-04 02:05:11,632] {logging_mixin.py:115} INFO - [2023-02-04 02:05:11,632] {dag.py:2968} INFO - Setting next_dagrun for tutorial_taskflow_api_etl to None, run_after=None
[2023-02-04 02:05:11,656] {processor.py:161} INFO - Processing /home/milo/13-airflow/airflowhome/airflowenv/lib/python3.9/site-packages/airflow/example_dags/tutorial_taskflow_api_etl.py took 0.123 seconds
[2023-02-04 02:05:45,795] {processor.py:153} INFO - Started process (PID=7498) to work on /home/milo/13-airflow/airflowhome/airflowenv/lib/python3.9/site-packages/airflow/example_dags/tutorial_taskflow_api_etl.py
[2023-02-04 02:05:45,796] {processor.py:641} INFO - Processing file /home/milo/13-airflow/airflowhome/airflowenv/lib/python3.9/site-packages/airflow/example_dags/tutorial_taskflow_api_etl.py for tasks to queue
[2023-02-04 02:05:45,797] {logging_mixin.py:115} INFO - [2023-02-04 02:05:45,797] {dagbag.py:508} INFO - Filling up the DagBag from /home/milo/13-airflow/airflowhome/airflowenv/lib/python3.9/site-packages/airflow/example_dags/tutorial_taskflow_api_etl.py
[2023-02-04 02:05:45,823] {processor.py:651} INFO - DAG(s) dict_keys(['tutorial_taskflow_api_etl']) retrieved from /home/milo/13-airflow/airflowhome/airflowenv/lib/python3.9/site-packages/airflow/example_dags/tutorial_taskflow_api_etl.py
[2023-02-04 02:05:45,848] {logging_mixin.py:115} INFO - [2023-02-04 02:05:45,847] {dag.py:2420} INFO - Sync 1 DAGs
[2023-02-04 02:05:45,876] {logging_mixin.py:115} INFO - [2023-02-04 02:05:45,875] {dag.py:2968} INFO - Setting next_dagrun for tutorial_taskflow_api_etl to None, run_after=None
[2023-02-04 02:05:45,895] {processor.py:161} INFO - Processing /home/milo/13-airflow/airflowhome/airflowenv/lib/python3.9/site-packages/airflow/example_dags/tutorial_taskflow_api_etl.py took 0.105 seconds
[2023-02-04 02:06:20,068] {processor.py:153} INFO - Started process (PID=7530) to work on /home/milo/13-airflow/airflowhome/airflowenv/lib/python3.9/site-packages/airflow/example_dags/tutorial_taskflow_api_etl.py
[2023-02-04 02:06:20,070] {processor.py:641} INFO - Processing file /home/milo/13-airflow/airflowhome/airflowenv/lib/python3.9/site-packages/airflow/example_dags/tutorial_taskflow_api_etl.py for tasks to queue
[2023-02-04 02:06:20,071] {logging_mixin.py:115} INFO - [2023-02-04 02:06:20,071] {dagbag.py:508} INFO - Filling up the DagBag from /home/milo/13-airflow/airflowhome/airflowenv/lib/python3.9/site-packages/airflow/example_dags/tutorial_taskflow_api_etl.py
[2023-02-04 02:06:20,098] {processor.py:651} INFO - DAG(s) dict_keys(['tutorial_taskflow_api_etl']) retrieved from /home/milo/13-airflow/airflowhome/airflowenv/lib/python3.9/site-packages/airflow/example_dags/tutorial_taskflow_api_etl.py
[2023-02-04 02:06:20,122] {logging_mixin.py:115} INFO - [2023-02-04 02:06:20,122] {dag.py:2420} INFO - Sync 1 DAGs
[2023-02-04 02:06:20,151] {logging_mixin.py:115} INFO - [2023-02-04 02:06:20,151] {dag.py:2968} INFO - Setting next_dagrun for tutorial_taskflow_api_etl to None, run_after=None
[2023-02-04 02:06:20,172] {processor.py:161} INFO - Processing /home/milo/13-airflow/airflowhome/airflowenv/lib/python3.9/site-packages/airflow/example_dags/tutorial_taskflow_api_etl.py took 0.109 seconds
[2023-02-04 02:06:57,331] {processor.py:153} INFO - Started process (PID=7566) to work on /home/milo/13-airflow/airflowhome/airflowenv/lib/python3.9/site-packages/airflow/example_dags/tutorial_taskflow_api_etl.py
[2023-02-04 02:06:57,333] {processor.py:641} INFO - Processing file /home/milo/13-airflow/airflowhome/airflowenv/lib/python3.9/site-packages/airflow/example_dags/tutorial_taskflow_api_etl.py for tasks to queue
[2023-02-04 02:06:57,334] {logging_mixin.py:115} INFO - [2023-02-04 02:06:57,333] {dagbag.py:508} INFO - Filling up the DagBag from /home/milo/13-airflow/airflowhome/airflowenv/lib/python3.9/site-packages/airflow/example_dags/tutorial_taskflow_api_etl.py
[2023-02-04 02:06:57,360] {processor.py:651} INFO - DAG(s) dict_keys(['tutorial_taskflow_api_etl']) retrieved from /home/milo/13-airflow/airflowhome/airflowenv/lib/python3.9/site-packages/airflow/example_dags/tutorial_taskflow_api_etl.py
[2023-02-04 02:06:57,386] {logging_mixin.py:115} INFO - [2023-02-04 02:06:57,386] {dag.py:2420} INFO - Sync 1 DAGs
[2023-02-04 02:06:57,413] {logging_mixin.py:115} INFO - [2023-02-04 02:06:57,413] {dag.py:2968} INFO - Setting next_dagrun for tutorial_taskflow_api_etl to None, run_after=None
[2023-02-04 02:06:57,433] {processor.py:161} INFO - Processing /home/milo/13-airflow/airflowhome/airflowenv/lib/python3.9/site-packages/airflow/example_dags/tutorial_taskflow_api_etl.py took 0.107 seconds
[2023-02-04 02:07:33,469] {processor.py:153} INFO - Started process (PID=7601) to work on /home/milo/13-airflow/airflowhome/airflowenv/lib/python3.9/site-packages/airflow/example_dags/tutorial_taskflow_api_etl.py
[2023-02-04 02:07:33,471] {processor.py:641} INFO - Processing file /home/milo/13-airflow/airflowhome/airflowenv/lib/python3.9/site-packages/airflow/example_dags/tutorial_taskflow_api_etl.py for tasks to queue
[2023-02-04 02:07:33,472] {logging_mixin.py:115} INFO - [2023-02-04 02:07:33,472] {dagbag.py:508} INFO - Filling up the DagBag from /home/milo/13-airflow/airflowhome/airflowenv/lib/python3.9/site-packages/airflow/example_dags/tutorial_taskflow_api_etl.py
[2023-02-04 02:07:33,498] {processor.py:651} INFO - DAG(s) dict_keys(['tutorial_taskflow_api_etl']) retrieved from /home/milo/13-airflow/airflowhome/airflowenv/lib/python3.9/site-packages/airflow/example_dags/tutorial_taskflow_api_etl.py
[2023-02-04 02:07:33,523] {logging_mixin.py:115} INFO - [2023-02-04 02:07:33,523] {dag.py:2420} INFO - Sync 1 DAGs
[2023-02-04 02:07:33,551] {logging_mixin.py:115} INFO - [2023-02-04 02:07:33,551] {dag.py:2968} INFO - Setting next_dagrun for tutorial_taskflow_api_etl to None, run_after=None
[2023-02-04 02:07:33,571] {processor.py:161} INFO - Processing /home/milo/13-airflow/airflowhome/airflowenv/lib/python3.9/site-packages/airflow/example_dags/tutorial_taskflow_api_etl.py took 0.107 seconds
[2023-02-04 02:08:07,954] {processor.py:153} INFO - Started process (PID=7635) to work on /home/milo/13-airflow/airflowhome/airflowenv/lib/python3.9/site-packages/airflow/example_dags/tutorial_taskflow_api_etl.py
[2023-02-04 02:08:07,956] {processor.py:641} INFO - Processing file /home/milo/13-airflow/airflowhome/airflowenv/lib/python3.9/site-packages/airflow/example_dags/tutorial_taskflow_api_etl.py for tasks to queue
[2023-02-04 02:08:07,956] {logging_mixin.py:115} INFO - [2023-02-04 02:08:07,956] {dagbag.py:508} INFO - Filling up the DagBag from /home/milo/13-airflow/airflowhome/airflowenv/lib/python3.9/site-packages/airflow/example_dags/tutorial_taskflow_api_etl.py
[2023-02-04 02:08:07,985] {processor.py:651} INFO - DAG(s) dict_keys(['tutorial_taskflow_api_etl']) retrieved from /home/milo/13-airflow/airflowhome/airflowenv/lib/python3.9/site-packages/airflow/example_dags/tutorial_taskflow_api_etl.py
[2023-02-04 02:08:08,054] {logging_mixin.py:115} INFO - [2023-02-04 02:08:08,054] {dag.py:2420} INFO - Sync 1 DAGs
[2023-02-04 02:08:08,079] {logging_mixin.py:115} INFO - [2023-02-04 02:08:08,079] {dag.py:2968} INFO - Setting next_dagrun for tutorial_taskflow_api_etl to None, run_after=None
[2023-02-04 02:08:08,103] {processor.py:161} INFO - Processing /home/milo/13-airflow/airflowhome/airflowenv/lib/python3.9/site-packages/airflow/example_dags/tutorial_taskflow_api_etl.py took 0.153 seconds
[2023-02-04 02:08:44,632] {processor.py:153} INFO - Started process (PID=7670) to work on /home/milo/13-airflow/airflowhome/airflowenv/lib/python3.9/site-packages/airflow/example_dags/tutorial_taskflow_api_etl.py
[2023-02-04 02:08:44,633] {processor.py:641} INFO - Processing file /home/milo/13-airflow/airflowhome/airflowenv/lib/python3.9/site-packages/airflow/example_dags/tutorial_taskflow_api_etl.py for tasks to queue
[2023-02-04 02:08:44,634] {logging_mixin.py:115} INFO - [2023-02-04 02:08:44,634] {dagbag.py:508} INFO - Filling up the DagBag from /home/milo/13-airflow/airflowhome/airflowenv/lib/python3.9/site-packages/airflow/example_dags/tutorial_taskflow_api_etl.py
[2023-02-04 02:08:44,661] {processor.py:651} INFO - DAG(s) dict_keys(['tutorial_taskflow_api_etl']) retrieved from /home/milo/13-airflow/airflowhome/airflowenv/lib/python3.9/site-packages/airflow/example_dags/tutorial_taskflow_api_etl.py
[2023-02-04 02:08:44,685] {logging_mixin.py:115} INFO - [2023-02-04 02:08:44,685] {dag.py:2420} INFO - Sync 1 DAGs
[2023-02-04 02:08:44,713] {logging_mixin.py:115} INFO - [2023-02-04 02:08:44,713] {dag.py:2968} INFO - Setting next_dagrun for tutorial_taskflow_api_etl to None, run_after=None
[2023-02-04 02:08:44,733] {processor.py:161} INFO - Processing /home/milo/13-airflow/airflowhome/airflowenv/lib/python3.9/site-packages/airflow/example_dags/tutorial_taskflow_api_etl.py took 0.107 seconds
[2023-02-04 02:09:15,246] {processor.py:153} INFO - Started process (PID=7734) to work on /home/milo/13-airflow/airflowhome/airflowenv/lib/python3.9/site-packages/airflow/example_dags/tutorial_taskflow_api_etl.py
[2023-02-04 02:09:15,247] {processor.py:641} INFO - Processing file /home/milo/13-airflow/airflowhome/airflowenv/lib/python3.9/site-packages/airflow/example_dags/tutorial_taskflow_api_etl.py for tasks to queue
[2023-02-04 02:09:15,248] {logging_mixin.py:115} INFO - [2023-02-04 02:09:15,248] {dagbag.py:508} INFO - Filling up the DagBag from /home/milo/13-airflow/airflowhome/airflowenv/lib/python3.9/site-packages/airflow/example_dags/tutorial_taskflow_api_etl.py
[2023-02-04 02:09:15,275] {processor.py:651} INFO - DAG(s) dict_keys(['tutorial_taskflow_api_etl']) retrieved from /home/milo/13-airflow/airflowhome/airflowenv/lib/python3.9/site-packages/airflow/example_dags/tutorial_taskflow_api_etl.py
[2023-02-04 02:09:15,302] {logging_mixin.py:115} INFO - [2023-02-04 02:09:15,302] {dag.py:2420} INFO - Sync 1 DAGs
[2023-02-04 02:09:15,331] {logging_mixin.py:115} INFO - [2023-02-04 02:09:15,331] {dag.py:2968} INFO - Setting next_dagrun for tutorial_taskflow_api_etl to None, run_after=None
[2023-02-04 02:09:15,351] {processor.py:161} INFO - Processing /home/milo/13-airflow/airflowhome/airflowenv/lib/python3.9/site-packages/airflow/example_dags/tutorial_taskflow_api_etl.py took 0.109 seconds
[2023-02-04 02:22:00,734] {processor.py:153} INFO - Started process (PID=7887) to work on /home/milo/13-airflow/airflowhome/airflowenv/lib/python3.9/site-packages/airflow/example_dags/tutorial_taskflow_api_etl.py
[2023-02-04 02:22:00,735] {processor.py:641} INFO - Processing file /home/milo/13-airflow/airflowhome/airflowenv/lib/python3.9/site-packages/airflow/example_dags/tutorial_taskflow_api_etl.py for tasks to queue
[2023-02-04 02:22:00,736] {logging_mixin.py:115} INFO - [2023-02-04 02:22:00,736] {dagbag.py:508} INFO - Filling up the DagBag from /home/milo/13-airflow/airflowhome/airflowenv/lib/python3.9/site-packages/airflow/example_dags/tutorial_taskflow_api_etl.py
[2023-02-04 02:22:00,764] {processor.py:651} INFO - DAG(s) dict_keys(['tutorial_taskflow_api_etl']) retrieved from /home/milo/13-airflow/airflowhome/airflowenv/lib/python3.9/site-packages/airflow/example_dags/tutorial_taskflow_api_etl.py
[2023-02-04 02:22:00,834] {logging_mixin.py:115} INFO - [2023-02-04 02:22:00,834] {dag.py:2420} INFO - Sync 1 DAGs
[2023-02-04 02:22:00,858] {logging_mixin.py:115} INFO - [2023-02-04 02:22:00,858] {dag.py:2968} INFO - Setting next_dagrun for tutorial_taskflow_api_etl to None, run_after=None
[2023-02-04 02:22:00,879] {processor.py:161} INFO - Processing /home/milo/13-airflow/airflowhome/airflowenv/lib/python3.9/site-packages/airflow/example_dags/tutorial_taskflow_api_etl.py took 0.150 seconds
