[2023-02-04 01:53:22,145] {processor.py:153} INFO - Started process (PID=6605) to work on /home/milo/13-airflow/airflowhome/airflowenv/lib/python3.9/site-packages/airflow/example_dags/tutorial_taskflow_api_etl_virtualenv.py
[2023-02-04 01:53:22,146] {processor.py:641} INFO - Processing file /home/milo/13-airflow/airflowhome/airflowenv/lib/python3.9/site-packages/airflow/example_dags/tutorial_taskflow_api_etl_virtualenv.py for tasks to queue
[2023-02-04 01:53:22,147] {logging_mixin.py:115} INFO - [2023-02-04 01:53:22,146] {dagbag.py:508} INFO - Filling up the DagBag from /home/milo/13-airflow/airflowhome/airflowenv/lib/python3.9/site-packages/airflow/example_dags/tutorial_taskflow_api_etl_virtualenv.py
[2023-02-04 01:53:22,174] {processor.py:651} INFO - DAG(s) dict_keys(['tutorial_taskflow_api_etl_virtualenv']) retrieved from /home/milo/13-airflow/airflowhome/airflowenv/lib/python3.9/site-packages/airflow/example_dags/tutorial_taskflow_api_etl_virtualenv.py
[2023-02-04 01:53:22,275] {logging_mixin.py:115} INFO - [2023-02-04 01:53:22,275] {manager.py:508} INFO - Created Permission View: can read on DAG:tutorial_taskflow_api_etl_virtualenv
[2023-02-04 01:53:22,290] {logging_mixin.py:115} INFO - [2023-02-04 01:53:22,290] {manager.py:508} INFO - Created Permission View: can edit on DAG:tutorial_taskflow_api_etl_virtualenv
[2023-02-04 01:53:22,303] {logging_mixin.py:115} INFO - [2023-02-04 01:53:22,302] {manager.py:508} INFO - Created Permission View: can delete on DAG:tutorial_taskflow_api_etl_virtualenv
[2023-02-04 01:53:22,303] {logging_mixin.py:115} INFO - [2023-02-04 01:53:22,303] {dag.py:2420} INFO - Sync 1 DAGs
[2023-02-04 01:53:22,315] {logging_mixin.py:115} INFO - [2023-02-04 01:53:22,314] {dag.py:2439} INFO - Creating ORM DAG for tutorial_taskflow_api_etl_virtualenv
[2023-02-04 01:53:22,329] {logging_mixin.py:115} INFO - [2023-02-04 01:53:22,329] {dag.py:2968} INFO - Setting next_dagrun for tutorial_taskflow_api_etl_virtualenv to None, run_after=None
[2023-02-04 01:53:22,351] {processor.py:161} INFO - Processing /home/milo/13-airflow/airflowhome/airflowenv/lib/python3.9/site-packages/airflow/example_dags/tutorial_taskflow_api_etl_virtualenv.py took 0.211 seconds
[2023-02-04 01:54:09,043] {processor.py:153} INFO - Started process (PID=6648) to work on /home/milo/13-airflow/airflowhome/airflowenv/lib/python3.9/site-packages/airflow/example_dags/tutorial_taskflow_api_etl_virtualenv.py
[2023-02-04 01:54:09,051] {processor.py:641} INFO - Processing file /home/milo/13-airflow/airflowhome/airflowenv/lib/python3.9/site-packages/airflow/example_dags/tutorial_taskflow_api_etl_virtualenv.py for tasks to queue
[2023-02-04 01:54:09,052] {logging_mixin.py:115} INFO - [2023-02-04 01:54:09,051] {dagbag.py:508} INFO - Filling up the DagBag from /home/milo/13-airflow/airflowhome/airflowenv/lib/python3.9/site-packages/airflow/example_dags/tutorial_taskflow_api_etl_virtualenv.py
[2023-02-04 01:54:09,085] {processor.py:651} INFO - DAG(s) dict_keys(['tutorial_taskflow_api_etl_virtualenv']) retrieved from /home/milo/13-airflow/airflowhome/airflowenv/lib/python3.9/site-packages/airflow/example_dags/tutorial_taskflow_api_etl_virtualenv.py
[2023-02-04 01:54:09,175] {logging_mixin.py:115} INFO - [2023-02-04 01:54:09,175] {dag.py:2420} INFO - Sync 1 DAGs
[2023-02-04 01:54:09,200] {logging_mixin.py:115} INFO - [2023-02-04 01:54:09,200] {dag.py:2968} INFO - Setting next_dagrun for tutorial_taskflow_api_etl_virtualenv to None, run_after=None
[2023-02-04 01:54:11,965] {processor.py:161} INFO - Processing /home/milo/13-airflow/airflowhome/airflowenv/lib/python3.9/site-packages/airflow/example_dags/tutorial_taskflow_api_etl_virtualenv.py took 2.930 seconds
[2023-02-04 01:54:54,589] {processor.py:153} INFO - Started process (PID=6689) to work on /home/milo/13-airflow/airflowhome/airflowenv/lib/python3.9/site-packages/airflow/example_dags/tutorial_taskflow_api_etl_virtualenv.py
[2023-02-04 01:54:54,590] {processor.py:641} INFO - Processing file /home/milo/13-airflow/airflowhome/airflowenv/lib/python3.9/site-packages/airflow/example_dags/tutorial_taskflow_api_etl_virtualenv.py for tasks to queue
[2023-02-04 01:54:54,591] {logging_mixin.py:115} INFO - [2023-02-04 01:54:54,591] {dagbag.py:508} INFO - Filling up the DagBag from /home/milo/13-airflow/airflowhome/airflowenv/lib/python3.9/site-packages/airflow/example_dags/tutorial_taskflow_api_etl_virtualenv.py
[2023-02-04 01:54:54,618] {processor.py:651} INFO - DAG(s) dict_keys(['tutorial_taskflow_api_etl_virtualenv']) retrieved from /home/milo/13-airflow/airflowhome/airflowenv/lib/python3.9/site-packages/airflow/example_dags/tutorial_taskflow_api_etl_virtualenv.py
[2023-02-04 01:54:54,694] {logging_mixin.py:115} INFO - [2023-02-04 01:54:54,694] {dag.py:2420} INFO - Sync 1 DAGs
[2023-02-04 01:54:54,721] {logging_mixin.py:115} INFO - [2023-02-04 01:54:54,721] {dag.py:2968} INFO - Setting next_dagrun for tutorial_taskflow_api_etl_virtualenv to None, run_after=None
[2023-02-04 01:54:54,746] {processor.py:161} INFO - Processing /home/milo/13-airflow/airflowhome/airflowenv/lib/python3.9/site-packages/airflow/example_dags/tutorial_taskflow_api_etl_virtualenv.py took 0.163 seconds
[2023-02-04 01:55:46,786] {processor.py:153} INFO - Started process (PID=6727) to work on /home/milo/13-airflow/airflowhome/airflowenv/lib/python3.9/site-packages/airflow/example_dags/tutorial_taskflow_api_etl_virtualenv.py
[2023-02-04 01:55:46,788] {processor.py:641} INFO - Processing file /home/milo/13-airflow/airflowhome/airflowenv/lib/python3.9/site-packages/airflow/example_dags/tutorial_taskflow_api_etl_virtualenv.py for tasks to queue
[2023-02-04 01:55:46,789] {logging_mixin.py:115} INFO - [2023-02-04 01:55:46,789] {dagbag.py:508} INFO - Filling up the DagBag from /home/milo/13-airflow/airflowhome/airflowenv/lib/python3.9/site-packages/airflow/example_dags/tutorial_taskflow_api_etl_virtualenv.py
[2023-02-04 01:55:46,817] {processor.py:651} INFO - DAG(s) dict_keys(['tutorial_taskflow_api_etl_virtualenv']) retrieved from /home/milo/13-airflow/airflowhome/airflowenv/lib/python3.9/site-packages/airflow/example_dags/tutorial_taskflow_api_etl_virtualenv.py
[2023-02-04 01:55:46,886] {logging_mixin.py:115} INFO - [2023-02-04 01:55:46,886] {dag.py:2420} INFO - Sync 1 DAGs
[2023-02-04 01:55:46,910] {logging_mixin.py:115} INFO - [2023-02-04 01:55:46,910] {dag.py:2968} INFO - Setting next_dagrun for tutorial_taskflow_api_etl_virtualenv to None, run_after=None
[2023-02-04 01:55:47,972] {processor.py:161} INFO - Processing /home/milo/13-airflow/airflowhome/airflowenv/lib/python3.9/site-packages/airflow/example_dags/tutorial_taskflow_api_etl_virtualenv.py took 1.191 seconds
[2023-02-04 01:56:33,284] {processor.py:153} INFO - Started process (PID=6760) to work on /home/milo/13-airflow/airflowhome/airflowenv/lib/python3.9/site-packages/airflow/example_dags/tutorial_taskflow_api_etl_virtualenv.py
[2023-02-04 01:56:33,286] {processor.py:641} INFO - Processing file /home/milo/13-airflow/airflowhome/airflowenv/lib/python3.9/site-packages/airflow/example_dags/tutorial_taskflow_api_etl_virtualenv.py for tasks to queue
[2023-02-04 01:56:33,286] {logging_mixin.py:115} INFO - [2023-02-04 01:56:33,286] {dagbag.py:508} INFO - Filling up the DagBag from /home/milo/13-airflow/airflowhome/airflowenv/lib/python3.9/site-packages/airflow/example_dags/tutorial_taskflow_api_etl_virtualenv.py
[2023-02-04 01:56:33,315] {processor.py:651} INFO - DAG(s) dict_keys(['tutorial_taskflow_api_etl_virtualenv']) retrieved from /home/milo/13-airflow/airflowhome/airflowenv/lib/python3.9/site-packages/airflow/example_dags/tutorial_taskflow_api_etl_virtualenv.py
[2023-02-04 01:56:33,386] {logging_mixin.py:115} INFO - [2023-02-04 01:56:33,386] {dag.py:2420} INFO - Sync 1 DAGs
[2023-02-04 01:56:33,411] {logging_mixin.py:115} INFO - [2023-02-04 01:56:33,411] {dag.py:2968} INFO - Setting next_dagrun for tutorial_taskflow_api_etl_virtualenv to None, run_after=None
[2023-02-04 01:56:33,750] {processor.py:161} INFO - Processing /home/milo/13-airflow/airflowhome/airflowenv/lib/python3.9/site-packages/airflow/example_dags/tutorial_taskflow_api_etl_virtualenv.py took 0.470 seconds
[2023-02-04 01:57:19,381] {processor.py:153} INFO - Started process (PID=6796) to work on /home/milo/13-airflow/airflowhome/airflowenv/lib/python3.9/site-packages/airflow/example_dags/tutorial_taskflow_api_etl_virtualenv.py
[2023-02-04 01:57:19,390] {processor.py:641} INFO - Processing file /home/milo/13-airflow/airflowhome/airflowenv/lib/python3.9/site-packages/airflow/example_dags/tutorial_taskflow_api_etl_virtualenv.py for tasks to queue
[2023-02-04 01:57:19,390] {logging_mixin.py:115} INFO - [2023-02-04 01:57:19,390] {dagbag.py:508} INFO - Filling up the DagBag from /home/milo/13-airflow/airflowhome/airflowenv/lib/python3.9/site-packages/airflow/example_dags/tutorial_taskflow_api_etl_virtualenv.py
[2023-02-04 01:57:19,418] {processor.py:651} INFO - DAG(s) dict_keys(['tutorial_taskflow_api_etl_virtualenv']) retrieved from /home/milo/13-airflow/airflowhome/airflowenv/lib/python3.9/site-packages/airflow/example_dags/tutorial_taskflow_api_etl_virtualenv.py
[2023-02-04 01:57:19,487] {logging_mixin.py:115} INFO - [2023-02-04 01:57:19,487] {dag.py:2420} INFO - Sync 1 DAGs
[2023-02-04 01:57:19,511] {logging_mixin.py:115} INFO - [2023-02-04 01:57:19,511] {dag.py:2968} INFO - Setting next_dagrun for tutorial_taskflow_api_etl_virtualenv to None, run_after=None
[2023-02-04 01:57:19,533] {processor.py:161} INFO - Processing /home/milo/13-airflow/airflowhome/airflowenv/lib/python3.9/site-packages/airflow/example_dags/tutorial_taskflow_api_etl_virtualenv.py took 0.158 seconds
[2023-02-04 01:57:54,609] {processor.py:153} INFO - Started process (PID=7012) to work on /home/milo/13-airflow/airflowhome/airflowenv/lib/python3.9/site-packages/airflow/example_dags/tutorial_taskflow_api_etl_virtualenv.py
[2023-02-04 01:57:54,611] {processor.py:641} INFO - Processing file /home/milo/13-airflow/airflowhome/airflowenv/lib/python3.9/site-packages/airflow/example_dags/tutorial_taskflow_api_etl_virtualenv.py for tasks to queue
[2023-02-04 01:57:54,611] {logging_mixin.py:115} INFO - [2023-02-04 01:57:54,611] {dagbag.py:508} INFO - Filling up the DagBag from /home/milo/13-airflow/airflowhome/airflowenv/lib/python3.9/site-packages/airflow/example_dags/tutorial_taskflow_api_etl_virtualenv.py
[2023-02-04 01:57:54,639] {processor.py:651} INFO - DAG(s) dict_keys(['tutorial_taskflow_api_etl_virtualenv']) retrieved from /home/milo/13-airflow/airflowhome/airflowenv/lib/python3.9/site-packages/airflow/example_dags/tutorial_taskflow_api_etl_virtualenv.py
[2023-02-04 01:57:54,713] {logging_mixin.py:115} INFO - [2023-02-04 01:57:54,713] {dag.py:2420} INFO - Sync 1 DAGs
[2023-02-04 01:57:54,737] {logging_mixin.py:115} INFO - [2023-02-04 01:57:54,736] {dag.py:2968} INFO - Setting next_dagrun for tutorial_taskflow_api_etl_virtualenv to None, run_after=None
[2023-02-04 01:57:54,759] {processor.py:161} INFO - Processing /home/milo/13-airflow/airflowhome/airflowenv/lib/python3.9/site-packages/airflow/example_dags/tutorial_taskflow_api_etl_virtualenv.py took 0.154 seconds
[2023-02-04 01:58:30,244] {processor.py:153} INFO - Started process (PID=7059) to work on /home/milo/13-airflow/airflowhome/airflowenv/lib/python3.9/site-packages/airflow/example_dags/tutorial_taskflow_api_etl_virtualenv.py
[2023-02-04 01:58:30,246] {processor.py:641} INFO - Processing file /home/milo/13-airflow/airflowhome/airflowenv/lib/python3.9/site-packages/airflow/example_dags/tutorial_taskflow_api_etl_virtualenv.py for tasks to queue
[2023-02-04 01:58:30,247] {logging_mixin.py:115} INFO - [2023-02-04 01:58:30,247] {dagbag.py:508} INFO - Filling up the DagBag from /home/milo/13-airflow/airflowhome/airflowenv/lib/python3.9/site-packages/airflow/example_dags/tutorial_taskflow_api_etl_virtualenv.py
[2023-02-04 01:58:30,275] {processor.py:651} INFO - DAG(s) dict_keys(['tutorial_taskflow_api_etl_virtualenv']) retrieved from /home/milo/13-airflow/airflowhome/airflowenv/lib/python3.9/site-packages/airflow/example_dags/tutorial_taskflow_api_etl_virtualenv.py
[2023-02-04 01:58:30,301] {logging_mixin.py:115} INFO - [2023-02-04 01:58:30,301] {dag.py:2420} INFO - Sync 1 DAGs
[2023-02-04 01:58:30,331] {logging_mixin.py:115} INFO - [2023-02-04 01:58:30,331] {dag.py:2968} INFO - Setting next_dagrun for tutorial_taskflow_api_etl_virtualenv to None, run_after=None
[2023-02-04 01:58:30,351] {processor.py:161} INFO - Processing /home/milo/13-airflow/airflowhome/airflowenv/lib/python3.9/site-packages/airflow/example_dags/tutorial_taskflow_api_etl_virtualenv.py took 0.112 seconds
[2023-02-04 01:59:06,250] {processor.py:153} INFO - Started process (PID=7096) to work on /home/milo/13-airflow/airflowhome/airflowenv/lib/python3.9/site-packages/airflow/example_dags/tutorial_taskflow_api_etl_virtualenv.py
[2023-02-04 01:59:06,252] {processor.py:641} INFO - Processing file /home/milo/13-airflow/airflowhome/airflowenv/lib/python3.9/site-packages/airflow/example_dags/tutorial_taskflow_api_etl_virtualenv.py for tasks to queue
[2023-02-04 01:59:06,252] {logging_mixin.py:115} INFO - [2023-02-04 01:59:06,252] {dagbag.py:508} INFO - Filling up the DagBag from /home/milo/13-airflow/airflowhome/airflowenv/lib/python3.9/site-packages/airflow/example_dags/tutorial_taskflow_api_etl_virtualenv.py
[2023-02-04 01:59:06,280] {processor.py:651} INFO - DAG(s) dict_keys(['tutorial_taskflow_api_etl_virtualenv']) retrieved from /home/milo/13-airflow/airflowhome/airflowenv/lib/python3.9/site-packages/airflow/example_dags/tutorial_taskflow_api_etl_virtualenv.py
[2023-02-04 01:59:06,350] {logging_mixin.py:115} INFO - [2023-02-04 01:59:06,350] {dag.py:2420} INFO - Sync 1 DAGs
[2023-02-04 01:59:06,374] {logging_mixin.py:115} INFO - [2023-02-04 01:59:06,374] {dag.py:2968} INFO - Setting next_dagrun for tutorial_taskflow_api_etl_virtualenv to None, run_after=None
[2023-02-04 01:59:06,395] {processor.py:161} INFO - Processing /home/milo/13-airflow/airflowhome/airflowenv/lib/python3.9/site-packages/airflow/example_dags/tutorial_taskflow_api_etl_virtualenv.py took 0.149 seconds
[2023-02-04 01:59:42,848] {processor.py:153} INFO - Started process (PID=7132) to work on /home/milo/13-airflow/airflowhome/airflowenv/lib/python3.9/site-packages/airflow/example_dags/tutorial_taskflow_api_etl_virtualenv.py
[2023-02-04 01:59:42,850] {processor.py:641} INFO - Processing file /home/milo/13-airflow/airflowhome/airflowenv/lib/python3.9/site-packages/airflow/example_dags/tutorial_taskflow_api_etl_virtualenv.py for tasks to queue
[2023-02-04 01:59:42,851] {logging_mixin.py:115} INFO - [2023-02-04 01:59:42,851] {dagbag.py:508} INFO - Filling up the DagBag from /home/milo/13-airflow/airflowhome/airflowenv/lib/python3.9/site-packages/airflow/example_dags/tutorial_taskflow_api_etl_virtualenv.py
[2023-02-04 01:59:42,879] {processor.py:651} INFO - DAG(s) dict_keys(['tutorial_taskflow_api_etl_virtualenv']) retrieved from /home/milo/13-airflow/airflowhome/airflowenv/lib/python3.9/site-packages/airflow/example_dags/tutorial_taskflow_api_etl_virtualenv.py
[2023-02-04 01:59:42,905] {logging_mixin.py:115} INFO - [2023-02-04 01:59:42,905] {dag.py:2420} INFO - Sync 1 DAGs
[2023-02-04 01:59:42,933] {logging_mixin.py:115} INFO - [2023-02-04 01:59:42,933] {dag.py:2968} INFO - Setting next_dagrun for tutorial_taskflow_api_etl_virtualenv to None, run_after=None
[2023-02-04 01:59:42,954] {processor.py:161} INFO - Processing /home/milo/13-airflow/airflowhome/airflowenv/lib/python3.9/site-packages/airflow/example_dags/tutorial_taskflow_api_etl_virtualenv.py took 0.111 seconds
[2023-02-04 02:00:20,222] {processor.py:153} INFO - Started process (PID=7171) to work on /home/milo/13-airflow/airflowhome/airflowenv/lib/python3.9/site-packages/airflow/example_dags/tutorial_taskflow_api_etl_virtualenv.py
[2023-02-04 02:00:20,229] {processor.py:641} INFO - Processing file /home/milo/13-airflow/airflowhome/airflowenv/lib/python3.9/site-packages/airflow/example_dags/tutorial_taskflow_api_etl_virtualenv.py for tasks to queue
[2023-02-04 02:00:20,230] {logging_mixin.py:115} INFO - [2023-02-04 02:00:20,230] {dagbag.py:508} INFO - Filling up the DagBag from /home/milo/13-airflow/airflowhome/airflowenv/lib/python3.9/site-packages/airflow/example_dags/tutorial_taskflow_api_etl_virtualenv.py
[2023-02-04 02:00:20,270] {processor.py:651} INFO - DAG(s) dict_keys(['tutorial_taskflow_api_etl_virtualenv']) retrieved from /home/milo/13-airflow/airflowhome/airflowenv/lib/python3.9/site-packages/airflow/example_dags/tutorial_taskflow_api_etl_virtualenv.py
[2023-02-04 02:00:20,295] {logging_mixin.py:115} INFO - [2023-02-04 02:00:20,295] {dag.py:2420} INFO - Sync 1 DAGs
[2023-02-04 02:00:20,323] {logging_mixin.py:115} INFO - [2023-02-04 02:00:20,323] {dag.py:2968} INFO - Setting next_dagrun for tutorial_taskflow_api_etl_virtualenv to None, run_after=None
[2023-02-04 02:00:20,342] {processor.py:161} INFO - Processing /home/milo/13-airflow/airflowhome/airflowenv/lib/python3.9/site-packages/airflow/example_dags/tutorial_taskflow_api_etl_virtualenv.py took 0.124 seconds
[2023-02-04 02:00:58,568] {processor.py:153} INFO - Started process (PID=7209) to work on /home/milo/13-airflow/airflowhome/airflowenv/lib/python3.9/site-packages/airflow/example_dags/tutorial_taskflow_api_etl_virtualenv.py
[2023-02-04 02:00:58,570] {processor.py:641} INFO - Processing file /home/milo/13-airflow/airflowhome/airflowenv/lib/python3.9/site-packages/airflow/example_dags/tutorial_taskflow_api_etl_virtualenv.py for tasks to queue
[2023-02-04 02:00:58,571] {logging_mixin.py:115} INFO - [2023-02-04 02:00:58,571] {dagbag.py:508} INFO - Filling up the DagBag from /home/milo/13-airflow/airflowhome/airflowenv/lib/python3.9/site-packages/airflow/example_dags/tutorial_taskflow_api_etl_virtualenv.py
[2023-02-04 02:00:58,598] {processor.py:651} INFO - DAG(s) dict_keys(['tutorial_taskflow_api_etl_virtualenv']) retrieved from /home/milo/13-airflow/airflowhome/airflowenv/lib/python3.9/site-packages/airflow/example_dags/tutorial_taskflow_api_etl_virtualenv.py
[2023-02-04 02:00:58,623] {logging_mixin.py:115} INFO - [2023-02-04 02:00:58,623] {dag.py:2420} INFO - Sync 1 DAGs
[2023-02-04 02:00:58,653] {logging_mixin.py:115} INFO - [2023-02-04 02:00:58,653] {dag.py:2968} INFO - Setting next_dagrun for tutorial_taskflow_api_etl_virtualenv to None, run_after=None
[2023-02-04 02:00:58,672] {processor.py:161} INFO - Processing /home/milo/13-airflow/airflowhome/airflowenv/lib/python3.9/site-packages/airflow/example_dags/tutorial_taskflow_api_etl_virtualenv.py took 0.109 seconds
[2023-02-04 02:01:33,271] {processor.py:153} INFO - Started process (PID=7244) to work on /home/milo/13-airflow/airflowhome/airflowenv/lib/python3.9/site-packages/airflow/example_dags/tutorial_taskflow_api_etl_virtualenv.py
[2023-02-04 02:01:33,273] {processor.py:641} INFO - Processing file /home/milo/13-airflow/airflowhome/airflowenv/lib/python3.9/site-packages/airflow/example_dags/tutorial_taskflow_api_etl_virtualenv.py for tasks to queue
[2023-02-04 02:01:33,273] {logging_mixin.py:115} INFO - [2023-02-04 02:01:33,273] {dagbag.py:508} INFO - Filling up the DagBag from /home/milo/13-airflow/airflowhome/airflowenv/lib/python3.9/site-packages/airflow/example_dags/tutorial_taskflow_api_etl_virtualenv.py
[2023-02-04 02:01:33,304] {processor.py:651} INFO - DAG(s) dict_keys(['tutorial_taskflow_api_etl_virtualenv']) retrieved from /home/milo/13-airflow/airflowhome/airflowenv/lib/python3.9/site-packages/airflow/example_dags/tutorial_taskflow_api_etl_virtualenv.py
[2023-02-04 02:01:33,332] {logging_mixin.py:115} INFO - [2023-02-04 02:01:33,332] {dag.py:2420} INFO - Sync 1 DAGs
[2023-02-04 02:01:33,359] {logging_mixin.py:115} INFO - [2023-02-04 02:01:33,359] {dag.py:2968} INFO - Setting next_dagrun for tutorial_taskflow_api_etl_virtualenv to None, run_after=None
[2023-02-04 02:01:33,380] {processor.py:161} INFO - Processing /home/milo/13-airflow/airflowhome/airflowenv/lib/python3.9/site-packages/airflow/example_dags/tutorial_taskflow_api_etl_virtualenv.py took 0.114 seconds
[2023-02-04 02:02:07,594] {processor.py:153} INFO - Started process (PID=7279) to work on /home/milo/13-airflow/airflowhome/airflowenv/lib/python3.9/site-packages/airflow/example_dags/tutorial_taskflow_api_etl_virtualenv.py
[2023-02-04 02:02:07,596] {processor.py:641} INFO - Processing file /home/milo/13-airflow/airflowhome/airflowenv/lib/python3.9/site-packages/airflow/example_dags/tutorial_taskflow_api_etl_virtualenv.py for tasks to queue
[2023-02-04 02:02:07,596] {logging_mixin.py:115} INFO - [2023-02-04 02:02:07,596] {dagbag.py:508} INFO - Filling up the DagBag from /home/milo/13-airflow/airflowhome/airflowenv/lib/python3.9/site-packages/airflow/example_dags/tutorial_taskflow_api_etl_virtualenv.py
[2023-02-04 02:02:07,624] {processor.py:651} INFO - DAG(s) dict_keys(['tutorial_taskflow_api_etl_virtualenv']) retrieved from /home/milo/13-airflow/airflowhome/airflowenv/lib/python3.9/site-packages/airflow/example_dags/tutorial_taskflow_api_etl_virtualenv.py
[2023-02-04 02:02:07,650] {logging_mixin.py:115} INFO - [2023-02-04 02:02:07,650] {dag.py:2420} INFO - Sync 1 DAGs
[2023-02-04 02:02:07,679] {logging_mixin.py:115} INFO - [2023-02-04 02:02:07,678] {dag.py:2968} INFO - Setting next_dagrun for tutorial_taskflow_api_etl_virtualenv to None, run_after=None
[2023-02-04 02:02:07,700] {processor.py:161} INFO - Processing /home/milo/13-airflow/airflowhome/airflowenv/lib/python3.9/site-packages/airflow/example_dags/tutorial_taskflow_api_etl_virtualenv.py took 0.111 seconds
[2023-02-04 02:02:42,240] {processor.py:153} INFO - Started process (PID=7314) to work on /home/milo/13-airflow/airflowhome/airflowenv/lib/python3.9/site-packages/airflow/example_dags/tutorial_taskflow_api_etl_virtualenv.py
[2023-02-04 02:02:42,242] {processor.py:641} INFO - Processing file /home/milo/13-airflow/airflowhome/airflowenv/lib/python3.9/site-packages/airflow/example_dags/tutorial_taskflow_api_etl_virtualenv.py for tasks to queue
[2023-02-04 02:02:42,243] {logging_mixin.py:115} INFO - [2023-02-04 02:02:42,243] {dagbag.py:508} INFO - Filling up the DagBag from /home/milo/13-airflow/airflowhome/airflowenv/lib/python3.9/site-packages/airflow/example_dags/tutorial_taskflow_api_etl_virtualenv.py
[2023-02-04 02:02:42,270] {processor.py:651} INFO - DAG(s) dict_keys(['tutorial_taskflow_api_etl_virtualenv']) retrieved from /home/milo/13-airflow/airflowhome/airflowenv/lib/python3.9/site-packages/airflow/example_dags/tutorial_taskflow_api_etl_virtualenv.py
[2023-02-04 02:02:42,337] {logging_mixin.py:115} INFO - [2023-02-04 02:02:42,337] {dag.py:2420} INFO - Sync 1 DAGs
[2023-02-04 02:02:42,360] {logging_mixin.py:115} INFO - [2023-02-04 02:02:42,360] {dag.py:2968} INFO - Setting next_dagrun for tutorial_taskflow_api_etl_virtualenv to None, run_after=None
[2023-02-04 02:02:42,383] {processor.py:161} INFO - Processing /home/milo/13-airflow/airflowhome/airflowenv/lib/python3.9/site-packages/airflow/example_dags/tutorial_taskflow_api_etl_virtualenv.py took 0.148 seconds
[2023-02-04 02:03:17,575] {processor.py:153} INFO - Started process (PID=7349) to work on /home/milo/13-airflow/airflowhome/airflowenv/lib/python3.9/site-packages/airflow/example_dags/tutorial_taskflow_api_etl_virtualenv.py
[2023-02-04 02:03:17,577] {processor.py:641} INFO - Processing file /home/milo/13-airflow/airflowhome/airflowenv/lib/python3.9/site-packages/airflow/example_dags/tutorial_taskflow_api_etl_virtualenv.py for tasks to queue
[2023-02-04 02:03:17,578] {logging_mixin.py:115} INFO - [2023-02-04 02:03:17,578] {dagbag.py:508} INFO - Filling up the DagBag from /home/milo/13-airflow/airflowhome/airflowenv/lib/python3.9/site-packages/airflow/example_dags/tutorial_taskflow_api_etl_virtualenv.py
[2023-02-04 02:03:17,630] {processor.py:651} INFO - DAG(s) dict_keys(['tutorial_taskflow_api_etl_virtualenv']) retrieved from /home/milo/13-airflow/airflowhome/airflowenv/lib/python3.9/site-packages/airflow/example_dags/tutorial_taskflow_api_etl_virtualenv.py
[2023-02-04 02:03:17,702] {logging_mixin.py:115} INFO - [2023-02-04 02:03:17,702] {dag.py:2420} INFO - Sync 1 DAGs
[2023-02-04 02:03:17,726] {logging_mixin.py:115} INFO - [2023-02-04 02:03:17,726] {dag.py:2968} INFO - Setting next_dagrun for tutorial_taskflow_api_etl_virtualenv to None, run_after=None
[2023-02-04 02:03:17,746] {processor.py:161} INFO - Processing /home/milo/13-airflow/airflowhome/airflowenv/lib/python3.9/site-packages/airflow/example_dags/tutorial_taskflow_api_etl_virtualenv.py took 0.188 seconds
[2023-02-04 02:03:50,682] {processor.py:153} INFO - Started process (PID=7382) to work on /home/milo/13-airflow/airflowhome/airflowenv/lib/python3.9/site-packages/airflow/example_dags/tutorial_taskflow_api_etl_virtualenv.py
[2023-02-04 02:03:50,683] {processor.py:641} INFO - Processing file /home/milo/13-airflow/airflowhome/airflowenv/lib/python3.9/site-packages/airflow/example_dags/tutorial_taskflow_api_etl_virtualenv.py for tasks to queue
[2023-02-04 02:03:50,684] {logging_mixin.py:115} INFO - [2023-02-04 02:03:50,684] {dagbag.py:508} INFO - Filling up the DagBag from /home/milo/13-airflow/airflowhome/airflowenv/lib/python3.9/site-packages/airflow/example_dags/tutorial_taskflow_api_etl_virtualenv.py
[2023-02-04 02:03:50,711] {processor.py:651} INFO - DAG(s) dict_keys(['tutorial_taskflow_api_etl_virtualenv']) retrieved from /home/milo/13-airflow/airflowhome/airflowenv/lib/python3.9/site-packages/airflow/example_dags/tutorial_taskflow_api_etl_virtualenv.py
[2023-02-04 02:03:50,737] {logging_mixin.py:115} INFO - [2023-02-04 02:03:50,737] {dag.py:2420} INFO - Sync 1 DAGs
[2023-02-04 02:03:50,765] {logging_mixin.py:115} INFO - [2023-02-04 02:03:50,764] {dag.py:2968} INFO - Setting next_dagrun for tutorial_taskflow_api_etl_virtualenv to None, run_after=None
[2023-02-04 02:03:50,784] {processor.py:161} INFO - Processing /home/milo/13-airflow/airflowhome/airflowenv/lib/python3.9/site-packages/airflow/example_dags/tutorial_taskflow_api_etl_virtualenv.py took 0.108 seconds
[2023-02-04 02:04:26,367] {processor.py:153} INFO - Started process (PID=7417) to work on /home/milo/13-airflow/airflowhome/airflowenv/lib/python3.9/site-packages/airflow/example_dags/tutorial_taskflow_api_etl_virtualenv.py
[2023-02-04 02:04:26,373] {processor.py:641} INFO - Processing file /home/milo/13-airflow/airflowhome/airflowenv/lib/python3.9/site-packages/airflow/example_dags/tutorial_taskflow_api_etl_virtualenv.py for tasks to queue
[2023-02-04 02:04:26,374] {logging_mixin.py:115} INFO - [2023-02-04 02:04:26,374] {dagbag.py:508} INFO - Filling up the DagBag from /home/milo/13-airflow/airflowhome/airflowenv/lib/python3.9/site-packages/airflow/example_dags/tutorial_taskflow_api_etl_virtualenv.py
[2023-02-04 02:04:26,402] {processor.py:651} INFO - DAG(s) dict_keys(['tutorial_taskflow_api_etl_virtualenv']) retrieved from /home/milo/13-airflow/airflowhome/airflowenv/lib/python3.9/site-packages/airflow/example_dags/tutorial_taskflow_api_etl_virtualenv.py
[2023-02-04 02:04:26,429] {logging_mixin.py:115} INFO - [2023-02-04 02:04:26,429] {dag.py:2420} INFO - Sync 1 DAGs
[2023-02-04 02:04:26,458] {logging_mixin.py:115} INFO - [2023-02-04 02:04:26,458] {dag.py:2968} INFO - Setting next_dagrun for tutorial_taskflow_api_etl_virtualenv to None, run_after=None
[2023-02-04 02:04:26,477] {processor.py:161} INFO - Processing /home/milo/13-airflow/airflowhome/airflowenv/lib/python3.9/site-packages/airflow/example_dags/tutorial_taskflow_api_etl_virtualenv.py took 0.115 seconds
[2023-02-04 02:05:03,796] {processor.py:153} INFO - Started process (PID=7456) to work on /home/milo/13-airflow/airflowhome/airflowenv/lib/python3.9/site-packages/airflow/example_dags/tutorial_taskflow_api_etl_virtualenv.py
[2023-02-04 02:05:03,799] {processor.py:641} INFO - Processing file /home/milo/13-airflow/airflowhome/airflowenv/lib/python3.9/site-packages/airflow/example_dags/tutorial_taskflow_api_etl_virtualenv.py for tasks to queue
[2023-02-04 02:05:03,800] {logging_mixin.py:115} INFO - [2023-02-04 02:05:03,800] {dagbag.py:508} INFO - Filling up the DagBag from /home/milo/13-airflow/airflowhome/airflowenv/lib/python3.9/site-packages/airflow/example_dags/tutorial_taskflow_api_etl_virtualenv.py
[2023-02-04 02:05:03,846] {processor.py:651} INFO - DAG(s) dict_keys(['tutorial_taskflow_api_etl_virtualenv']) retrieved from /home/milo/13-airflow/airflowhome/airflowenv/lib/python3.9/site-packages/airflow/example_dags/tutorial_taskflow_api_etl_virtualenv.py
[2023-02-04 02:05:03,898] {logging_mixin.py:115} INFO - [2023-02-04 02:05:03,898] {dag.py:2420} INFO - Sync 1 DAGs
[2023-02-04 02:05:03,927] {logging_mixin.py:115} INFO - [2023-02-04 02:05:03,927] {dag.py:2968} INFO - Setting next_dagrun for tutorial_taskflow_api_etl_virtualenv to None, run_after=None
[2023-02-04 02:05:03,949] {processor.py:161} INFO - Processing /home/milo/13-airflow/airflowhome/airflowenv/lib/python3.9/site-packages/airflow/example_dags/tutorial_taskflow_api_etl_virtualenv.py took 0.166 seconds
[2023-02-04 02:05:39,127] {processor.py:153} INFO - Started process (PID=7491) to work on /home/milo/13-airflow/airflowhome/airflowenv/lib/python3.9/site-packages/airflow/example_dags/tutorial_taskflow_api_etl_virtualenv.py
[2023-02-04 02:05:39,129] {processor.py:641} INFO - Processing file /home/milo/13-airflow/airflowhome/airflowenv/lib/python3.9/site-packages/airflow/example_dags/tutorial_taskflow_api_etl_virtualenv.py for tasks to queue
[2023-02-04 02:05:39,130] {logging_mixin.py:115} INFO - [2023-02-04 02:05:39,130] {dagbag.py:508} INFO - Filling up the DagBag from /home/milo/13-airflow/airflowhome/airflowenv/lib/python3.9/site-packages/airflow/example_dags/tutorial_taskflow_api_etl_virtualenv.py
[2023-02-04 02:05:39,156] {processor.py:651} INFO - DAG(s) dict_keys(['tutorial_taskflow_api_etl_virtualenv']) retrieved from /home/milo/13-airflow/airflowhome/airflowenv/lib/python3.9/site-packages/airflow/example_dags/tutorial_taskflow_api_etl_virtualenv.py
[2023-02-04 02:05:39,193] {logging_mixin.py:115} INFO - [2023-02-04 02:05:39,193] {dag.py:2420} INFO - Sync 1 DAGs
[2023-02-04 02:05:39,220] {logging_mixin.py:115} INFO - [2023-02-04 02:05:39,220] {dag.py:2968} INFO - Setting next_dagrun for tutorial_taskflow_api_etl_virtualenv to None, run_after=None
[2023-02-04 02:05:39,242] {processor.py:161} INFO - Processing /home/milo/13-airflow/airflowhome/airflowenv/lib/python3.9/site-packages/airflow/example_dags/tutorial_taskflow_api_etl_virtualenv.py took 0.120 seconds
[2023-02-04 02:06:12,877] {processor.py:153} INFO - Started process (PID=7523) to work on /home/milo/13-airflow/airflowhome/airflowenv/lib/python3.9/site-packages/airflow/example_dags/tutorial_taskflow_api_etl_virtualenv.py
[2023-02-04 02:06:12,878] {processor.py:641} INFO - Processing file /home/milo/13-airflow/airflowhome/airflowenv/lib/python3.9/site-packages/airflow/example_dags/tutorial_taskflow_api_etl_virtualenv.py for tasks to queue
[2023-02-04 02:06:12,879] {logging_mixin.py:115} INFO - [2023-02-04 02:06:12,879] {dagbag.py:508} INFO - Filling up the DagBag from /home/milo/13-airflow/airflowhome/airflowenv/lib/python3.9/site-packages/airflow/example_dags/tutorial_taskflow_api_etl_virtualenv.py
[2023-02-04 02:06:12,913] {processor.py:651} INFO - DAG(s) dict_keys(['tutorial_taskflow_api_etl_virtualenv']) retrieved from /home/milo/13-airflow/airflowhome/airflowenv/lib/python3.9/site-packages/airflow/example_dags/tutorial_taskflow_api_etl_virtualenv.py
[2023-02-04 02:06:12,941] {logging_mixin.py:115} INFO - [2023-02-04 02:06:12,941] {dag.py:2420} INFO - Sync 1 DAGs
[2023-02-04 02:06:12,968] {logging_mixin.py:115} INFO - [2023-02-04 02:06:12,968] {dag.py:2968} INFO - Setting next_dagrun for tutorial_taskflow_api_etl_virtualenv to None, run_after=None
[2023-02-04 02:06:12,988] {processor.py:161} INFO - Processing /home/milo/13-airflow/airflowhome/airflowenv/lib/python3.9/site-packages/airflow/example_dags/tutorial_taskflow_api_etl_virtualenv.py took 0.116 seconds
[2023-02-04 02:06:51,082] {processor.py:153} INFO - Started process (PID=7559) to work on /home/milo/13-airflow/airflowhome/airflowenv/lib/python3.9/site-packages/airflow/example_dags/tutorial_taskflow_api_etl_virtualenv.py
[2023-02-04 02:06:51,091] {processor.py:641} INFO - Processing file /home/milo/13-airflow/airflowhome/airflowenv/lib/python3.9/site-packages/airflow/example_dags/tutorial_taskflow_api_etl_virtualenv.py for tasks to queue
[2023-02-04 02:06:51,092] {logging_mixin.py:115} INFO - [2023-02-04 02:06:51,091] {dagbag.py:508} INFO - Filling up the DagBag from /home/milo/13-airflow/airflowhome/airflowenv/lib/python3.9/site-packages/airflow/example_dags/tutorial_taskflow_api_etl_virtualenv.py
[2023-02-04 02:06:51,133] {processor.py:651} INFO - DAG(s) dict_keys(['tutorial_taskflow_api_etl_virtualenv']) retrieved from /home/milo/13-airflow/airflowhome/airflowenv/lib/python3.9/site-packages/airflow/example_dags/tutorial_taskflow_api_etl_virtualenv.py
[2023-02-04 02:06:51,159] {logging_mixin.py:115} INFO - [2023-02-04 02:06:51,159] {dag.py:2420} INFO - Sync 1 DAGs
[2023-02-04 02:06:51,191] {logging_mixin.py:115} INFO - [2023-02-04 02:06:51,190] {dag.py:2968} INFO - Setting next_dagrun for tutorial_taskflow_api_etl_virtualenv to None, run_after=None
[2023-02-04 02:06:51,212] {processor.py:161} INFO - Processing /home/milo/13-airflow/airflowhome/airflowenv/lib/python3.9/site-packages/airflow/example_dags/tutorial_taskflow_api_etl_virtualenv.py took 0.144 seconds
[2023-02-04 02:07:23,607] {processor.py:153} INFO - Started process (PID=7592) to work on /home/milo/13-airflow/airflowhome/airflowenv/lib/python3.9/site-packages/airflow/example_dags/tutorial_taskflow_api_etl_virtualenv.py
[2023-02-04 02:07:23,609] {processor.py:641} INFO - Processing file /home/milo/13-airflow/airflowhome/airflowenv/lib/python3.9/site-packages/airflow/example_dags/tutorial_taskflow_api_etl_virtualenv.py for tasks to queue
[2023-02-04 02:07:23,610] {logging_mixin.py:115} INFO - [2023-02-04 02:07:23,610] {dagbag.py:508} INFO - Filling up the DagBag from /home/milo/13-airflow/airflowhome/airflowenv/lib/python3.9/site-packages/airflow/example_dags/tutorial_taskflow_api_etl_virtualenv.py
[2023-02-04 02:07:23,637] {processor.py:651} INFO - DAG(s) dict_keys(['tutorial_taskflow_api_etl_virtualenv']) retrieved from /home/milo/13-airflow/airflowhome/airflowenv/lib/python3.9/site-packages/airflow/example_dags/tutorial_taskflow_api_etl_virtualenv.py
[2023-02-04 02:07:23,662] {logging_mixin.py:115} INFO - [2023-02-04 02:07:23,662] {dag.py:2420} INFO - Sync 1 DAGs
[2023-02-04 02:07:23,689] {logging_mixin.py:115} INFO - [2023-02-04 02:07:23,689] {dag.py:2968} INFO - Setting next_dagrun for tutorial_taskflow_api_etl_virtualenv to None, run_after=None
[2023-02-04 02:07:23,709] {processor.py:161} INFO - Processing /home/milo/13-airflow/airflowhome/airflowenv/lib/python3.9/site-packages/airflow/example_dags/tutorial_taskflow_api_etl_virtualenv.py took 0.107 seconds
[2023-02-04 02:07:57,530] {processor.py:153} INFO - Started process (PID=7625) to work on /home/milo/13-airflow/airflowhome/airflowenv/lib/python3.9/site-packages/airflow/example_dags/tutorial_taskflow_api_etl_virtualenv.py
[2023-02-04 02:07:57,532] {processor.py:641} INFO - Processing file /home/milo/13-airflow/airflowhome/airflowenv/lib/python3.9/site-packages/airflow/example_dags/tutorial_taskflow_api_etl_virtualenv.py for tasks to queue
[2023-02-04 02:07:57,532] {logging_mixin.py:115} INFO - [2023-02-04 02:07:57,532] {dagbag.py:508} INFO - Filling up the DagBag from /home/milo/13-airflow/airflowhome/airflowenv/lib/python3.9/site-packages/airflow/example_dags/tutorial_taskflow_api_etl_virtualenv.py
[2023-02-04 02:07:57,561] {processor.py:651} INFO - DAG(s) dict_keys(['tutorial_taskflow_api_etl_virtualenv']) retrieved from /home/milo/13-airflow/airflowhome/airflowenv/lib/python3.9/site-packages/airflow/example_dags/tutorial_taskflow_api_etl_virtualenv.py
[2023-02-04 02:07:57,661] {logging_mixin.py:115} INFO - [2023-02-04 02:07:57,661] {dag.py:2420} INFO - Sync 1 DAGs
[2023-02-04 02:07:57,688] {logging_mixin.py:115} INFO - [2023-02-04 02:07:57,688] {dag.py:2968} INFO - Setting next_dagrun for tutorial_taskflow_api_etl_virtualenv to None, run_after=None
[2023-02-04 02:07:57,716] {processor.py:161} INFO - Processing /home/milo/13-airflow/airflowhome/airflowenv/lib/python3.9/site-packages/airflow/example_dags/tutorial_taskflow_api_etl_virtualenv.py took 0.192 seconds
[2023-02-04 02:08:34,310] {processor.py:153} INFO - Started process (PID=7660) to work on /home/milo/13-airflow/airflowhome/airflowenv/lib/python3.9/site-packages/airflow/example_dags/tutorial_taskflow_api_etl_virtualenv.py
[2023-02-04 02:08:34,312] {processor.py:641} INFO - Processing file /home/milo/13-airflow/airflowhome/airflowenv/lib/python3.9/site-packages/airflow/example_dags/tutorial_taskflow_api_etl_virtualenv.py for tasks to queue
[2023-02-04 02:08:34,313] {logging_mixin.py:115} INFO - [2023-02-04 02:08:34,313] {dagbag.py:508} INFO - Filling up the DagBag from /home/milo/13-airflow/airflowhome/airflowenv/lib/python3.9/site-packages/airflow/example_dags/tutorial_taskflow_api_etl_virtualenv.py
[2023-02-04 02:08:34,344] {processor.py:651} INFO - DAG(s) dict_keys(['tutorial_taskflow_api_etl_virtualenv']) retrieved from /home/milo/13-airflow/airflowhome/airflowenv/lib/python3.9/site-packages/airflow/example_dags/tutorial_taskflow_api_etl_virtualenv.py
[2023-02-04 02:08:34,369] {logging_mixin.py:115} INFO - [2023-02-04 02:08:34,368] {dag.py:2420} INFO - Sync 1 DAGs
[2023-02-04 02:08:34,396] {logging_mixin.py:115} INFO - [2023-02-04 02:08:34,395] {dag.py:2968} INFO - Setting next_dagrun for tutorial_taskflow_api_etl_virtualenv to None, run_after=None
[2023-02-04 02:08:34,415] {processor.py:161} INFO - Processing /home/milo/13-airflow/airflowhome/airflowenv/lib/python3.9/site-packages/airflow/example_dags/tutorial_taskflow_api_etl_virtualenv.py took 0.110 seconds
[2023-02-04 02:09:08,370] {processor.py:153} INFO - Started process (PID=7727) to work on /home/milo/13-airflow/airflowhome/airflowenv/lib/python3.9/site-packages/airflow/example_dags/tutorial_taskflow_api_etl_virtualenv.py
[2023-02-04 02:09:08,374] {processor.py:641} INFO - Processing file /home/milo/13-airflow/airflowhome/airflowenv/lib/python3.9/site-packages/airflow/example_dags/tutorial_taskflow_api_etl_virtualenv.py for tasks to queue
[2023-02-04 02:09:08,375] {logging_mixin.py:115} INFO - [2023-02-04 02:09:08,374] {dagbag.py:508} INFO - Filling up the DagBag from /home/milo/13-airflow/airflowhome/airflowenv/lib/python3.9/site-packages/airflow/example_dags/tutorial_taskflow_api_etl_virtualenv.py
[2023-02-04 02:09:08,404] {processor.py:651} INFO - DAG(s) dict_keys(['tutorial_taskflow_api_etl_virtualenv']) retrieved from /home/milo/13-airflow/airflowhome/airflowenv/lib/python3.9/site-packages/airflow/example_dags/tutorial_taskflow_api_etl_virtualenv.py
[2023-02-04 02:09:08,430] {logging_mixin.py:115} INFO - [2023-02-04 02:09:08,429] {dag.py:2420} INFO - Sync 1 DAGs
[2023-02-04 02:09:08,459] {logging_mixin.py:115} INFO - [2023-02-04 02:09:08,458] {dag.py:2968} INFO - Setting next_dagrun for tutorial_taskflow_api_etl_virtualenv to None, run_after=None
[2023-02-04 02:09:08,478] {processor.py:161} INFO - Processing /home/milo/13-airflow/airflowhome/airflowenv/lib/python3.9/site-packages/airflow/example_dags/tutorial_taskflow_api_etl_virtualenv.py took 0.113 seconds
[2023-02-04 02:22:07,245] {processor.py:153} INFO - Started process (PID=7893) to work on /home/milo/13-airflow/airflowhome/airflowenv/lib/python3.9/site-packages/airflow/example_dags/tutorial_taskflow_api_etl_virtualenv.py
[2023-02-04 02:22:07,247] {processor.py:641} INFO - Processing file /home/milo/13-airflow/airflowhome/airflowenv/lib/python3.9/site-packages/airflow/example_dags/tutorial_taskflow_api_etl_virtualenv.py for tasks to queue
[2023-02-04 02:22:07,248] {logging_mixin.py:115} INFO - [2023-02-04 02:22:07,248] {dagbag.py:508} INFO - Filling up the DagBag from /home/milo/13-airflow/airflowhome/airflowenv/lib/python3.9/site-packages/airflow/example_dags/tutorial_taskflow_api_etl_virtualenv.py
[2023-02-04 02:22:07,276] {processor.py:651} INFO - DAG(s) dict_keys(['tutorial_taskflow_api_etl_virtualenv']) retrieved from /home/milo/13-airflow/airflowhome/airflowenv/lib/python3.9/site-packages/airflow/example_dags/tutorial_taskflow_api_etl_virtualenv.py
[2023-02-04 02:22:07,346] {logging_mixin.py:115} INFO - [2023-02-04 02:22:07,346] {dag.py:2420} INFO - Sync 1 DAGs
[2023-02-04 02:22:07,370] {logging_mixin.py:115} INFO - [2023-02-04 02:22:07,370] {dag.py:2968} INFO - Setting next_dagrun for tutorial_taskflow_api_etl_virtualenv to None, run_after=None
[2023-02-04 02:22:07,390] {processor.py:161} INFO - Processing /home/milo/13-airflow/airflowhome/airflowenv/lib/python3.9/site-packages/airflow/example_dags/tutorial_taskflow_api_etl_virtualenv.py took 0.150 seconds
