[2023-02-07 19:57:31,523] {taskinstance.py:1179} INFO - Dependencies all met for <TaskInstance: 07.3_file_sensor.file_task scheduled__2022-12-15T00:00:00+00:00 [queued]>
[2023-02-07 19:57:31,538] {taskinstance.py:1179} INFO - Dependencies all met for <TaskInstance: 07.3_file_sensor.file_task scheduled__2022-12-15T00:00:00+00:00 [queued]>
[2023-02-07 19:57:31,538] {taskinstance.py:1376} INFO - 
--------------------------------------------------------------------------------
[2023-02-07 19:57:31,539] {taskinstance.py:1377} INFO - Starting attempt 1 of 1
[2023-02-07 19:57:31,539] {taskinstance.py:1378} INFO - 
--------------------------------------------------------------------------------
[2023-02-07 19:57:31,564] {taskinstance.py:1397} INFO - Executing <Task(BashOperator): file_task> on 2022-12-15 00:00:00+00:00
[2023-02-07 19:57:31,568] {standard_task_runner.py:52} INFO - Started process 43266 to run task
[2023-02-07 19:57:31,574] {standard_task_runner.py:79} INFO - Running: ['airflow', 'tasks', 'run', '07.3_file_sensor', 'file_task', 'scheduled__2022-12-15T00:00:00+00:00', '--job-id', '851', '--raw', '--subdir', 'DAGS_FOLDER/07.3_file_sensor.py', '--cfg-path', '/tmp/tmp6quwg7cb', '--error-file', '/tmp/tmph3unm4kh']
[2023-02-07 19:57:31,576] {standard_task_runner.py:80} INFO - Job 851: Subtask file_task
[2023-02-07 19:57:31,670] {task_command.py:371} INFO - Running <TaskInstance: 07.3_file_sensor.file_task scheduled__2022-12-15T00:00:00+00:00 [running]> on host pc.
[2023-02-07 19:57:31,764] {taskinstance.py:1589} INFO - Exporting the following env vars:
AIRFLOW_CTX_DAG_OWNER=airflow
AIRFLOW_CTX_DAG_ID=07.3_file_sensor
AIRFLOW_CTX_TASK_ID=file_task
AIRFLOW_CTX_EXECUTION_DATE=2022-12-15T00:00:00+00:00
AIRFLOW_CTX_TRY_NUMBER=1
AIRFLOW_CTX_DAG_RUN_ID=scheduled__2022-12-15T00:00:00+00:00
[2023-02-07 19:57:31,765] {subprocess.py:62} INFO - Tmp dir root location: 
 /tmp
[2023-02-07 19:57:31,766] {subprocess.py:74} INFO - Running command: ['bash', '-c', 'sleep 10 && touch /tmp/file.txt']
[2023-02-07 19:57:31,775] {subprocess.py:85} INFO - Output:
[2023-02-07 19:57:41,779] {subprocess.py:96} INFO - Command exited with return code 0
[2023-02-07 19:57:41,809] {taskinstance.py:1415} INFO - Marking task as SUCCESS. dag_id=07.3_file_sensor, task_id=file_task, execution_date=20221215T000000, start_date=20230208T005731, end_date=20230208T005741
[2023-02-07 19:57:41,859] {local_task_job.py:156} INFO - Task exited with return code 0
[2023-02-07 19:57:41,898] {local_task_job.py:273} INFO - 1 downstream tasks scheduled from follow-on schedule check
