[2023-02-05 17:53:35,500] {taskinstance.py:1179} INFO - Dependencies all met for <TaskInstance: orchestration.task_5 scheduled__2023-01-28T00:00:00+00:00 [queued]>
[2023-02-05 17:53:35,515] {taskinstance.py:1179} INFO - Dependencies all met for <TaskInstance: orchestration.task_5 scheduled__2023-01-28T00:00:00+00:00 [queued]>
[2023-02-05 17:53:35,515] {taskinstance.py:1376} INFO - 
--------------------------------------------------------------------------------
[2023-02-05 17:53:35,515] {taskinstance.py:1377} INFO - Starting attempt 1 of 1
[2023-02-05 17:53:35,515] {taskinstance.py:1378} INFO - 
--------------------------------------------------------------------------------
[2023-02-05 17:53:35,539] {taskinstance.py:1397} INFO - Executing <Task(BashOperator): task_5> on 2023-01-28 00:00:00+00:00
[2023-02-05 17:53:35,542] {standard_task_runner.py:52} INFO - Started process 30414 to run task
[2023-02-05 17:53:35,547] {standard_task_runner.py:79} INFO - Running: ['airflow', 'tasks', 'run', 'orchestration', 'task_5', 'scheduled__2023-01-28T00:00:00+00:00', '--job-id', '167', '--raw', '--subdir', 'DAGS_FOLDER/5_orchestration_2.py', '--cfg-path', '/tmp/tmpo79y9xcn', '--error-file', '/tmp/tmp1er87f6r']
[2023-02-05 17:53:35,548] {standard_task_runner.py:80} INFO - Job 167: Subtask task_5
[2023-02-05 17:53:35,632] {task_command.py:371} INFO - Running <TaskInstance: orchestration.task_5 scheduled__2023-01-28T00:00:00+00:00 [running]> on host pc.
[2023-02-05 17:53:35,717] {taskinstance.py:1589} INFO - Exporting the following env vars:
AIRFLOW_CTX_DAG_OWNER=airflow
AIRFLOW_CTX_DAG_ID=orchestration
AIRFLOW_CTX_TASK_ID=task_5
AIRFLOW_CTX_EXECUTION_DATE=2023-01-28T00:00:00+00:00
AIRFLOW_CTX_TRY_NUMBER=1
AIRFLOW_CTX_DAG_RUN_ID=scheduled__2023-01-28T00:00:00+00:00
[2023-02-05 17:53:35,718] {subprocess.py:62} INFO - Tmp dir root location: 
 /tmp
[2023-02-05 17:53:35,719] {subprocess.py:74} INFO - Running command: ['bash', '-c', "sleep 2 && echo 'Task_5'"]
[2023-02-05 17:53:35,726] {subprocess.py:85} INFO - Output:
[2023-02-05 17:53:37,729] {subprocess.py:92} INFO - Task_5
[2023-02-05 17:53:37,729] {subprocess.py:96} INFO - Command exited with return code 0
[2023-02-05 17:53:37,759] {taskinstance.py:1415} INFO - Marking task as SUCCESS. dag_id=orchestration, task_id=task_5, execution_date=20230128T000000, start_date=20230205T225335, end_date=20230205T225337
[2023-02-05 17:53:37,781] {local_task_job.py:156} INFO - Task exited with return code 0
[2023-02-05 17:53:37,805] {local_task_job.py:273} INFO - 0 downstream tasks scheduled from follow-on schedule check
