[2023-02-07 19:09:28,934] {taskinstance.py:1179} INFO - Dependencies all met for <TaskInstance: 07.2_external_task_sensor.waiting_dag scheduled__2022-11-10T00:00:00+00:00 [queued]>
[2023-02-07 19:09:28,952] {taskinstance.py:1179} INFO - Dependencies all met for <TaskInstance: 07.2_external_task_sensor.waiting_dag scheduled__2022-11-10T00:00:00+00:00 [queued]>
[2023-02-07 19:09:28,953] {taskinstance.py:1376} INFO - 
--------------------------------------------------------------------------------
[2023-02-07 19:09:28,953] {taskinstance.py:1377} INFO - Starting attempt 1 of 1
[2023-02-07 19:09:28,953] {taskinstance.py:1378} INFO - 
--------------------------------------------------------------------------------
[2023-02-07 19:09:28,990] {taskinstance.py:1397} INFO - Executing <Task(ExternalTaskSensor): waiting_dag> on 2022-11-10 00:00:00+00:00
[2023-02-07 19:09:28,994] {standard_task_runner.py:52} INFO - Started process 38350 to run task
[2023-02-07 19:09:29,001] {standard_task_runner.py:79} INFO - Running: ['airflow', 'tasks', 'run', '07.2_external_task_sensor', 'waiting_dag', 'scheduled__2022-11-10T00:00:00+00:00', '--job-id', '476', '--raw', '--subdir', 'DAGS_FOLDER/07.2_external_task_sensor.py', '--cfg-path', '/tmp/tmpq_mic937', '--error-file', '/tmp/tmpydtugyl9']
[2023-02-07 19:09:29,002] {standard_task_runner.py:80} INFO - Job 476: Subtask waiting_dag
[2023-02-07 19:09:29,089] {task_command.py:371} INFO - Running <TaskInstance: 07.2_external_task_sensor.waiting_dag scheduled__2022-11-10T00:00:00+00:00 [running]> on host pc.
[2023-02-07 19:09:29,182] {taskinstance.py:1589} INFO - Exporting the following env vars:
AIRFLOW_CTX_DAG_OWNER=airflow
AIRFLOW_CTX_DAG_ID=07.2_external_task_sensor
AIRFLOW_CTX_TASK_ID=waiting_dag
AIRFLOW_CTX_EXECUTION_DATE=2022-11-10T00:00:00+00:00
AIRFLOW_CTX_TRY_NUMBER=1
AIRFLOW_CTX_DAG_RUN_ID=scheduled__2022-11-10T00:00:00+00:00
[2023-02-07 19:09:29,183] {external_task.py:184} INFO - Poking for tasks ['external_task_1'] in dag 07.1_external_dag on 2022-11-10T00:00:00+00:00 ... 
[2023-02-07 19:09:29,193] {base.py:301} INFO - Success criteria met. Exiting.
[2023-02-07 19:09:29,204] {taskinstance.py:1415} INFO - Marking task as SUCCESS. dag_id=07.2_external_task_sensor, task_id=waiting_dag, execution_date=20221110T000000, start_date=20230208T000928, end_date=20230208T000929
[2023-02-07 19:09:29,251] {local_task_job.py:156} INFO - Task exited with return code 0
[2023-02-07 19:09:29,307] {local_task_job.py:273} INFO - 1 downstream tasks scheduled from follow-on schedule check
