[2023-02-04 20:11:44,890] {taskinstance.py:1179} INFO - Dependencies all met for <TaskInstance: bash_operator.hello_with_bash scheduled__2023-01-16T00:00:00+00:00 [queued]>
[2023-02-04 20:11:44,899] {taskinstance.py:1179} INFO - Dependencies all met for <TaskInstance: bash_operator.hello_with_bash scheduled__2023-01-16T00:00:00+00:00 [queued]>
[2023-02-04 20:11:44,899] {taskinstance.py:1376} INFO - 
--------------------------------------------------------------------------------
[2023-02-04 20:11:44,899] {taskinstance.py:1377} INFO - Starting attempt 1 of 1
[2023-02-04 20:11:44,899] {taskinstance.py:1378} INFO - 
--------------------------------------------------------------------------------
[2023-02-04 20:11:44,923] {taskinstance.py:1397} INFO - Executing <Task(BashOperator): hello_with_bash> on 2023-01-16 00:00:00+00:00
[2023-02-04 20:11:44,926] {standard_task_runner.py:52} INFO - Started process 3403 to run task
[2023-02-04 20:11:44,931] {standard_task_runner.py:79} INFO - Running: ['airflow', 'tasks', 'run', 'bash_operator', 'hello_with_bash', 'scheduled__2023-01-16T00:00:00+00:00', '--job-id', '17', '--raw', '--subdir', 'DAGS_FOLDER/1_bash_operator.py', '--cfg-path', '/tmp/tmpxwrn1ayx', '--error-file', '/tmp/tmpy944l09m']
[2023-02-04 20:11:44,932] {standard_task_runner.py:80} INFO - Job 17: Subtask hello_with_bash
[2023-02-04 20:11:45,014] {task_command.py:371} INFO - Running <TaskInstance: bash_operator.hello_with_bash scheduled__2023-01-16T00:00:00+00:00 [running]> on host pc.
[2023-02-04 20:11:45,103] {taskinstance.py:1589} INFO - Exporting the following env vars:
AIRFLOW_CTX_DAG_OWNER=airflow
AIRFLOW_CTX_DAG_ID=bash_operator
AIRFLOW_CTX_TASK_ID=hello_with_bash
AIRFLOW_CTX_EXECUTION_DATE=2023-01-16T00:00:00+00:00
AIRFLOW_CTX_TRY_NUMBER=1
AIRFLOW_CTX_DAG_RUN_ID=scheduled__2023-01-16T00:00:00+00:00
[2023-02-04 20:11:45,104] {subprocess.py:62} INFO - Tmp dir root location: 
 /tmp
[2023-02-04 20:11:45,106] {subprocess.py:74} INFO - Running command: ['bash', '-c', "echo 'Hello Universe'"]
[2023-02-04 20:11:45,113] {subprocess.py:85} INFO - Output:
[2023-02-04 20:11:45,114] {subprocess.py:92} INFO - Hello Universe
[2023-02-04 20:11:45,114] {subprocess.py:96} INFO - Command exited with return code 0
[2023-02-04 20:11:45,142] {taskinstance.py:1415} INFO - Marking task as SUCCESS. dag_id=bash_operator, task_id=hello_with_bash, execution_date=20230116T000000, start_date=20230205T011144, end_date=20230205T011145
[2023-02-04 20:11:45,183] {local_task_job.py:156} INFO - Task exited with return code 0
[2023-02-04 20:11:45,205] {local_task_job.py:273} INFO - 0 downstream tasks scheduled from follow-on schedule check
