[2023-02-07 20:04:47,291] {taskinstance.py:1179} INFO - Dependencies all met for <TaskInstance: 07.3_file_sensor.waiting_file scheduled__2023-01-07T00:00:00+00:00 [queued]>
[2023-02-07 20:04:47,304] {taskinstance.py:1179} INFO - Dependencies all met for <TaskInstance: 07.3_file_sensor.waiting_file scheduled__2023-01-07T00:00:00+00:00 [queued]>
[2023-02-07 20:04:47,305] {taskinstance.py:1376} INFO - 
--------------------------------------------------------------------------------
[2023-02-07 20:04:47,305] {taskinstance.py:1377} INFO - Starting attempt 1 of 1
[2023-02-07 20:04:47,305] {taskinstance.py:1378} INFO - 
--------------------------------------------------------------------------------
[2023-02-07 20:04:47,330] {taskinstance.py:1397} INFO - Executing <Task(FileSensor): waiting_file> on 2023-01-07 00:00:00+00:00
[2023-02-07 20:04:47,338] {standard_task_runner.py:52} INFO - Started process 43522 to run task
[2023-02-07 20:04:47,349] {standard_task_runner.py:79} INFO - Running: ['airflow', 'tasks', 'run', '07.3_file_sensor', 'waiting_file', 'scheduled__2023-01-07T00:00:00+00:00', '--job-id', '920', '--raw', '--subdir', 'DAGS_FOLDER/07.3_file_sensor.py', '--cfg-path', '/tmp/tmp1b85c854', '--error-file', '/tmp/tmpmbc8utxf']
[2023-02-07 20:04:47,353] {standard_task_runner.py:80} INFO - Job 920: Subtask waiting_file
[2023-02-07 20:04:47,481] {task_command.py:371} INFO - Running <TaskInstance: 07.3_file_sensor.waiting_file scheduled__2023-01-07T00:00:00+00:00 [running]> on host pc.
[2023-02-07 20:04:47,647] {taskinstance.py:1589} INFO - Exporting the following env vars:
AIRFLOW_CTX_DAG_OWNER=airflow
AIRFLOW_CTX_DAG_ID=07.3_file_sensor
AIRFLOW_CTX_TASK_ID=waiting_file
AIRFLOW_CTX_EXECUTION_DATE=2023-01-07T00:00:00+00:00
AIRFLOW_CTX_TRY_NUMBER=1
AIRFLOW_CTX_DAG_RUN_ID=scheduled__2023-01-07T00:00:00+00:00
[2023-02-07 20:04:47,665] {base.py:68} INFO - Using connection ID 'fs_default' for task execution.
[2023-02-07 20:04:47,666] {filesystem.py:58} INFO - Poking for file /tmp/file.txt
[2023-02-07 20:04:47,667] {filesystem.py:63} INFO - Found File /tmp/file.txt last modified: 20230207200442
[2023-02-07 20:04:47,667] {base.py:301} INFO - Success criteria met. Exiting.
[2023-02-07 20:04:47,682] {taskinstance.py:1415} INFO - Marking task as SUCCESS. dag_id=07.3_file_sensor, task_id=waiting_file, execution_date=20230107T000000, start_date=20230208T010447, end_date=20230208T010447
[2023-02-07 20:04:47,717] {local_task_job.py:156} INFO - Task exited with return code 0
[2023-02-07 20:04:47,776] {local_task_job.py:273} INFO - 1 downstream tasks scheduled from follow-on schedule check
