[2023-02-07 20:00:54,659] {taskinstance.py:1179} INFO - Dependencies all met for <TaskInstance: 07.3_file_sensor.end_task scheduled__2022-12-23T00:00:00+00:00 [queued]>
[2023-02-07 20:00:54,672] {taskinstance.py:1179} INFO - Dependencies all met for <TaskInstance: 07.3_file_sensor.end_task scheduled__2022-12-23T00:00:00+00:00 [queued]>
[2023-02-07 20:00:54,672] {taskinstance.py:1376} INFO - 
--------------------------------------------------------------------------------
[2023-02-07 20:00:54,673] {taskinstance.py:1377} INFO - Starting attempt 1 of 1
[2023-02-07 20:00:54,673] {taskinstance.py:1378} INFO - 
--------------------------------------------------------------------------------
[2023-02-07 20:00:54,695] {taskinstance.py:1397} INFO - Executing <Task(BashOperator): end_task> on 2022-12-23 00:00:00+00:00
[2023-02-07 20:00:54,699] {standard_task_runner.py:52} INFO - Started process 43375 to run task
[2023-02-07 20:00:54,706] {standard_task_runner.py:79} INFO - Running: ['airflow', 'tasks', 'run', '07.3_file_sensor', 'end_task', 'scheduled__2022-12-23T00:00:00+00:00', '--job-id', '880', '--raw', '--subdir', 'DAGS_FOLDER/07.3_file_sensor.py', '--cfg-path', '/tmp/tmpez_zv46u', '--error-file', '/tmp/tmprvtqmwt3']
[2023-02-07 20:00:54,708] {standard_task_runner.py:80} INFO - Job 880: Subtask end_task
[2023-02-07 20:00:54,797] {task_command.py:371} INFO - Running <TaskInstance: 07.3_file_sensor.end_task scheduled__2022-12-23T00:00:00+00:00 [running]> on host pc.
[2023-02-07 20:00:54,898] {taskinstance.py:1589} INFO - Exporting the following env vars:
AIRFLOW_CTX_DAG_OWNER=airflow
AIRFLOW_CTX_DAG_ID=07.3_file_sensor
AIRFLOW_CTX_TASK_ID=end_task
AIRFLOW_CTX_EXECUTION_DATE=2022-12-23T00:00:00+00:00
AIRFLOW_CTX_TRY_NUMBER=1
AIRFLOW_CTX_DAG_RUN_ID=scheduled__2022-12-23T00:00:00+00:00
[2023-02-07 20:00:54,899] {subprocess.py:62} INFO - Tmp dir root location: 
 /tmp
[2023-02-07 20:00:54,900] {subprocess.py:74} INFO - Running command: ['bash', '-c', "echo 'The file has arrived!'"]
[2023-02-07 20:00:54,910] {subprocess.py:85} INFO - Output:
[2023-02-07 20:00:54,912] {subprocess.py:92} INFO - The file has arrived!
[2023-02-07 20:00:54,912] {subprocess.py:96} INFO - Command exited with return code 0
[2023-02-07 20:00:54,943] {taskinstance.py:1415} INFO - Marking task as SUCCESS. dag_id=07.3_file_sensor, task_id=end_task, execution_date=20221223T000000, start_date=20230208T010054, end_date=20230208T010054
[2023-02-07 20:00:54,997] {local_task_job.py:156} INFO - Task exited with return code 0
[2023-02-07 20:00:55,025] {local_task_job.py:273} INFO - 0 downstream tasks scheduled from follow-on schedule check
