[2023-02-05 21:16:53,623] {taskinstance.py:1179} INFO - Dependencies all met for <TaskInstance: 06_monitoring.task_1 scheduled__2022-11-21T00:00:00+00:00 [queued]>
[2023-02-05 21:16:53,634] {taskinstance.py:1179} INFO - Dependencies all met for <TaskInstance: 06_monitoring.task_1 scheduled__2022-11-21T00:00:00+00:00 [queued]>
[2023-02-05 21:16:53,635] {taskinstance.py:1376} INFO - 
--------------------------------------------------------------------------------
[2023-02-05 21:16:53,635] {taskinstance.py:1377} INFO - Starting attempt 1 of 1
[2023-02-05 21:16:53,635] {taskinstance.py:1378} INFO - 
--------------------------------------------------------------------------------
[2023-02-05 21:16:53,656] {taskinstance.py:1397} INFO - Executing <Task(BashOperator): task_1> on 2022-11-21 00:00:00+00:00
[2023-02-05 21:16:53,660] {standard_task_runner.py:52} INFO - Started process 35397 to run task
[2023-02-05 21:16:53,665] {standard_task_runner.py:79} INFO - Running: ['airflow', 'tasks', 'run', '06_monitoring', 'task_1', 'scheduled__2022-11-21T00:00:00+00:00', '--job-id', '164', '--raw', '--subdir', 'DAGS_FOLDER/06_monitoring.py', '--cfg-path', '/tmp/tmpdzazgoqs', '--error-file', '/tmp/tmp7a22aji9']
[2023-02-05 21:16:53,666] {standard_task_runner.py:80} INFO - Job 164: Subtask task_1
[2023-02-05 21:16:53,744] {task_command.py:371} INFO - Running <TaskInstance: 06_monitoring.task_1 scheduled__2022-11-21T00:00:00+00:00 [running]> on host pc.
[2023-02-05 21:16:53,835] {taskinstance.py:1589} INFO - Exporting the following env vars:
AIRFLOW_CTX_DAG_OWNER=airflow
AIRFLOW_CTX_DAG_ID=06_monitoring
AIRFLOW_CTX_TASK_ID=task_1
AIRFLOW_CTX_EXECUTION_DATE=2022-11-21T00:00:00+00:00
AIRFLOW_CTX_TRY_NUMBER=1
AIRFLOW_CTX_DAG_RUN_ID=scheduled__2022-11-21T00:00:00+00:00
[2023-02-05 21:16:53,836] {subprocess.py:62} INFO - Tmp dir root location: 
 /tmp
[2023-02-05 21:16:53,837] {subprocess.py:74} INFO - Running command: ['bash', '-c', "sleep 2 && echo 'First task!'"]
[2023-02-05 21:16:53,844] {subprocess.py:85} INFO - Output:
[2023-02-05 21:16:55,847] {subprocess.py:92} INFO - First task!
[2023-02-05 21:16:55,847] {subprocess.py:96} INFO - Command exited with return code 0
[2023-02-05 21:16:55,880] {taskinstance.py:1415} INFO - Marking task as SUCCESS. dag_id=06_monitoring, task_id=task_1, execution_date=20221121T000000, start_date=20230206T021653, end_date=20230206T021655
[2023-02-05 21:16:55,925] {local_task_job.py:156} INFO - Task exited with return code 0
[2023-02-05 21:16:55,973] {local_task_job.py:273} INFO - 1 downstream tasks scheduled from follow-on schedule check
