[2023-02-05 21:27:49,475] {taskinstance.py:1179} INFO - Dependencies all met for <TaskInstance: 06_monitoring.task_1 scheduled__2022-11-21T00:00:00+00:00 [queued]>
[2023-02-05 21:27:49,491] {taskinstance.py:1179} INFO - Dependencies all met for <TaskInstance: 06_monitoring.task_1 scheduled__2022-11-21T00:00:00+00:00 [queued]>
[2023-02-05 21:27:49,492] {taskinstance.py:1376} INFO - 
--------------------------------------------------------------------------------
[2023-02-05 21:27:49,492] {taskinstance.py:1377} INFO - Starting attempt 2 of 2
[2023-02-05 21:27:49,492] {taskinstance.py:1378} INFO - 
--------------------------------------------------------------------------------
[2023-02-05 21:27:49,514] {taskinstance.py:1397} INFO - Executing <Task(BashOperator): task_1> on 2022-11-21 00:00:00+00:00
[2023-02-05 21:27:49,518] {standard_task_runner.py:52} INFO - Started process 35811 to run task
[2023-02-05 21:27:49,523] {standard_task_runner.py:79} INFO - Running: ['airflow', 'tasks', 'run', '06_monitoring', 'task_1', 'scheduled__2022-11-21T00:00:00+00:00', '--job-id', '212', '--raw', '--subdir', 'DAGS_FOLDER/06_monitoring.py', '--cfg-path', '/tmp/tmp9kcl_udd', '--error-file', '/tmp/tmp8ca36b5k']
[2023-02-05 21:27:49,524] {standard_task_runner.py:80} INFO - Job 212: Subtask task_1
[2023-02-05 21:27:49,613] {task_command.py:371} INFO - Running <TaskInstance: 06_monitoring.task_1 scheduled__2022-11-21T00:00:00+00:00 [running]> on host pc.
[2023-02-05 21:27:49,705] {taskinstance.py:1589} INFO - Exporting the following env vars:
AIRFLOW_CTX_DAG_OWNER=airflow
AIRFLOW_CTX_DAG_ID=06_monitoring
AIRFLOW_CTX_TASK_ID=task_1
AIRFLOW_CTX_EXECUTION_DATE=2022-11-21T00:00:00+00:00
AIRFLOW_CTX_TRY_NUMBER=2
AIRFLOW_CTX_DAG_RUN_ID=scheduled__2022-11-21T00:00:00+00:00
[2023-02-05 21:27:49,707] {subprocess.py:62} INFO - Tmp dir root location: 
 /tmp
[2023-02-05 21:27:49,707] {subprocess.py:74} INFO - Running command: ['bash', '-c', "sleep 2 && echo 'First task!'"]
[2023-02-05 21:27:49,715] {subprocess.py:85} INFO - Output:
[2023-02-05 21:27:51,717] {subprocess.py:92} INFO - First task!
[2023-02-05 21:27:51,718] {subprocess.py:96} INFO - Command exited with return code 0
[2023-02-05 21:27:51,750] {taskinstance.py:1415} INFO - Marking task as SUCCESS. dag_id=06_monitoring, task_id=task_1, execution_date=20221121T000000, start_date=20230206T022749, end_date=20230206T022751
[2023-02-05 21:27:51,783] {local_task_job.py:156} INFO - Task exited with return code 0
[2023-02-05 21:27:51,811] {local_task_job.py:273} INFO - 0 downstream tasks scheduled from follow-on schedule check
