[2023-02-08 00:33:00,133] {taskinstance.py:1179} INFO - Dependencies all met for <TaskInstance: 09_Xcoms.task_2_pull scheduled__2022-12-10T00:00:00+00:00 [queued]>
[2023-02-08 00:33:00,145] {taskinstance.py:1179} INFO - Dependencies all met for <TaskInstance: 09_Xcoms.task_2_pull scheduled__2022-12-10T00:00:00+00:00 [queued]>
[2023-02-08 00:33:00,146] {taskinstance.py:1376} INFO - 
--------------------------------------------------------------------------------
[2023-02-08 00:33:00,146] {taskinstance.py:1377} INFO - Starting attempt 2 of 2
[2023-02-08 00:33:00,146] {taskinstance.py:1378} INFO - 
--------------------------------------------------------------------------------
[2023-02-08 00:33:00,168] {taskinstance.py:1397} INFO - Executing <Task(BashOperator): task_2_pull> on 2022-12-10 00:00:00+00:00
[2023-02-08 00:33:00,171] {standard_task_runner.py:52} INFO - Started process 52529 to run task
[2023-02-08 00:33:00,178] {standard_task_runner.py:79} INFO - Running: ['airflow', 'tasks', 'run', '09_Xcoms', 'task_2_pull', 'scheduled__2022-12-10T00:00:00+00:00', '--job-id', '1214', '--raw', '--subdir', 'DAGS_FOLDER/09_xcoms.py', '--cfg-path', '/tmp/tmpk5puvpdd', '--error-file', '/tmp/tmpa512sypa']
[2023-02-08 00:33:00,179] {standard_task_runner.py:80} INFO - Job 1214: Subtask task_2_pull
[2023-02-08 00:33:00,268] {task_command.py:371} INFO - Running <TaskInstance: 09_Xcoms.task_2_pull scheduled__2022-12-10T00:00:00+00:00 [running]> on host pc.
[2023-02-08 00:33:00,367] {taskinstance.py:1589} INFO - Exporting the following env vars:
AIRFLOW_CTX_DAG_OWNER=airflow
AIRFLOW_CTX_DAG_ID=09_Xcoms
AIRFLOW_CTX_TASK_ID=task_2_pull
AIRFLOW_CTX_EXECUTION_DATE=2022-12-10T00:00:00+00:00
AIRFLOW_CTX_TRY_NUMBER=2
AIRFLOW_CTX_DAG_RUN_ID=scheduled__2022-12-10T00:00:00+00:00
[2023-02-08 00:33:00,368] {subprocess.py:62} INFO - Tmp dir root location: 
 /tmp
[2023-02-08 00:33:00,369] {subprocess.py:74} INFO - Running command: ['bash', '-c', 'sleep 3 && echo 15']
[2023-02-08 00:33:00,378] {subprocess.py:85} INFO - Output:
[2023-02-08 00:33:03,380] {subprocess.py:92} INFO - 15
[2023-02-08 00:33:03,381] {subprocess.py:96} INFO - Command exited with return code 0
[2023-02-08 00:33:03,411] {taskinstance.py:1415} INFO - Marking task as SUCCESS. dag_id=09_Xcoms, task_id=task_2_pull, execution_date=20221210T000000, start_date=20230208T053300, end_date=20230208T053303
[2023-02-08 00:33:03,443] {local_task_job.py:156} INFO - Task exited with return code 0
[2023-02-08 00:33:03,488] {local_task_job.py:273} INFO - 1 downstream tasks scheduled from follow-on schedule check
