[2023-02-08 00:31:24,480] {taskinstance.py:1179} INFO - Dependencies all met for <TaskInstance: 09_Xcoms.task_3_pull scheduled__2022-12-04T00:00:00+00:00 [queued]>
[2023-02-08 00:31:24,492] {taskinstance.py:1179} INFO - Dependencies all met for <TaskInstance: 09_Xcoms.task_3_pull scheduled__2022-12-04T00:00:00+00:00 [queued]>
[2023-02-08 00:31:24,493] {taskinstance.py:1376} INFO - 
--------------------------------------------------------------------------------
[2023-02-08 00:31:24,493] {taskinstance.py:1377} INFO - Starting attempt 1 of 1
[2023-02-08 00:31:24,493] {taskinstance.py:1378} INFO - 
--------------------------------------------------------------------------------
[2023-02-08 00:31:24,522] {taskinstance.py:1397} INFO - Executing <Task(PythonOperator): task_3_pull> on 2022-12-04 00:00:00+00:00
[2023-02-08 00:31:24,526] {standard_task_runner.py:52} INFO - Started process 52447 to run task
[2023-02-08 00:31:24,532] {standard_task_runner.py:79} INFO - Running: ['airflow', 'tasks', 'run', '09_Xcoms', 'task_3_pull', 'scheduled__2022-12-04T00:00:00+00:00', '--job-id', '1197', '--raw', '--subdir', 'DAGS_FOLDER/09_xcoms.py', '--cfg-path', '/tmp/tmp0w0h7s8k', '--error-file', '/tmp/tmpnjj9z867']
[2023-02-08 00:31:24,533] {standard_task_runner.py:80} INFO - Job 1197: Subtask task_3_pull
[2023-02-08 00:31:24,623] {task_command.py:371} INFO - Running <TaskInstance: 09_Xcoms.task_3_pull scheduled__2022-12-04T00:00:00+00:00 [running]> on host pc.
[2023-02-08 00:31:24,720] {taskinstance.py:1589} INFO - Exporting the following env vars:
AIRFLOW_CTX_DAG_OWNER=airflow
AIRFLOW_CTX_DAG_ID=09_Xcoms
AIRFLOW_CTX_TASK_ID=task_3_pull
AIRFLOW_CTX_EXECUTION_DATE=2022-12-04T00:00:00+00:00
AIRFLOW_CTX_TRY_NUMBER=1
AIRFLOW_CTX_DAG_RUN_ID=scheduled__2022-12-04T00:00:00+00:00
[2023-02-08 00:31:24,730] {taskinstance.py:1909} ERROR - Task failed with exception
Traceback (most recent call last):
  File "/home/milo/13-airflow/airflowhome/airflowenv/lib/python3.9/site-packages/airflow/operators/python.py", line 171, in execute
    return_value = self.execute_callable()
  File "/home/milo/13-airflow/airflowhome/airflowenv/lib/python3.9/site-packages/airflow/operators/python.py", line 189, in execute_callable
    return self.python_callable(*self.op_args, **self.op_kwargs)
  File "/home/milo/13-airflow/airflowhome/dags/09_xcoms.py", line 11, in myfunction
    print(int(context["ti"].xcom_pull(task_ids="task_3_pull")) -6)
TypeError: int() argument must be a string, a bytes-like object or a number, not 'NoneType'
[2023-02-08 00:31:24,737] {taskinstance.py:1415} INFO - Marking task as FAILED. dag_id=09_Xcoms, task_id=task_3_pull, execution_date=20221204T000000, start_date=20230208T053124, end_date=20230208T053124
[2023-02-08 00:31:24,753] {standard_task_runner.py:92} ERROR - Failed to execute job 1197 for task task_3_pull (int() argument must be a string, a bytes-like object or a number, not 'NoneType'; 52447)
[2023-02-08 00:31:24,783] {local_task_job.py:156} INFO - Task exited with return code 1
[2023-02-08 00:31:24,810] {local_task_job.py:273} INFO - 0 downstream tasks scheduled from follow-on schedule check
