[2023-02-05 23:37:43,085] {taskinstance.py:1179} INFO - Dependencies all met for <TaskInstance: 06_monitoring_trigger_rules.task_2 scheduled__2022-11-07T00:00:00+00:00 [queued]>
[2023-02-05 23:37:43,096] {taskinstance.py:1179} INFO - Dependencies all met for <TaskInstance: 06_monitoring_trigger_rules.task_2 scheduled__2022-11-07T00:00:00+00:00 [queued]>
[2023-02-05 23:37:43,096] {taskinstance.py:1376} INFO - 
--------------------------------------------------------------------------------
[2023-02-05 23:37:43,096] {taskinstance.py:1377} INFO - Starting attempt 3 of 3
[2023-02-05 23:37:43,096] {taskinstance.py:1378} INFO - 
--------------------------------------------------------------------------------
[2023-02-05 23:37:43,117] {taskinstance.py:1397} INFO - Executing <Task(BashOperator): task_2> on 2022-11-07 00:00:00+00:00
[2023-02-05 23:37:43,120] {standard_task_runner.py:52} INFO - Started process 39379 to run task
[2023-02-05 23:37:43,125] {standard_task_runner.py:79} INFO - Running: ['airflow', 'tasks', 'run', '06_monitoring_trigger_rules', 'task_2', 'scheduled__2022-11-07T00:00:00+00:00', '--job-id', '303', '--raw', '--subdir', 'DAGS_FOLDER/06.2_monitoring_trigger_rules.py', '--cfg-path', '/tmp/tmp1pcdsreb', '--error-file', '/tmp/tmpi9dv3pz6']
[2023-02-05 23:37:43,126] {standard_task_runner.py:80} INFO - Job 303: Subtask task_2
[2023-02-05 23:37:43,207] {task_command.py:371} INFO - Running <TaskInstance: 06_monitoring_trigger_rules.task_2 scheduled__2022-11-07T00:00:00+00:00 [running]> on host pc.
[2023-02-05 23:37:43,285] {taskinstance.py:1589} INFO - Exporting the following env vars:
AIRFLOW_CTX_DAG_OWNER=airflow
AIRFLOW_CTX_DAG_ID=06_monitoring_trigger_rules
AIRFLOW_CTX_TASK_ID=task_2
AIRFLOW_CTX_EXECUTION_DATE=2022-11-07T00:00:00+00:00
AIRFLOW_CTX_TRY_NUMBER=3
AIRFLOW_CTX_DAG_RUN_ID=scheduled__2022-11-07T00:00:00+00:00
[2023-02-05 23:37:43,286] {subprocess.py:62} INFO - Tmp dir root location: 
 /tmp
[2023-02-05 23:37:43,287] {subprocess.py:74} INFO - Running command: ['bash', '-c', "sleep 2 && echo 'Second task!"]
[2023-02-05 23:37:43,294] {subprocess.py:85} INFO - Output:
[2023-02-05 23:37:43,296] {subprocess.py:92} INFO - bash: -c: line 1: unexpected EOF while looking for matching `''
[2023-02-05 23:37:43,296] {subprocess.py:92} INFO - bash: -c: line 2: syntax error: unexpected end of file
[2023-02-05 23:37:43,296] {subprocess.py:96} INFO - Command exited with return code 2
[2023-02-05 23:37:43,309] {taskinstance.py:1909} ERROR - Task failed with exception
Traceback (most recent call last):
  File "/home/milo/13-airflow/airflowhome/airflowenv/lib/python3.9/site-packages/airflow/operators/bash.py", line 194, in execute
    raise AirflowException(
airflow.exceptions.AirflowException: Bash command failed. The command returned a non-zero exit code 2.
[2023-02-05 23:37:43,313] {taskinstance.py:1415} INFO - Marking task as FAILED. dag_id=06_monitoring_trigger_rules, task_id=task_2, execution_date=20221107T000000, start_date=20230206T043743, end_date=20230206T043743
[2023-02-05 23:37:43,330] {standard_task_runner.py:92} ERROR - Failed to execute job 303 for task task_2 (Bash command failed. The command returned a non-zero exit code 2.; 39379)
[2023-02-05 23:37:43,337] {local_task_job.py:156} INFO - Task exited with return code 1
[2023-02-05 23:37:43,381] {local_task_job.py:273} INFO - 0 downstream tasks scheduled from follow-on schedule check
