[2023-02-05 23:37:35,874] {taskinstance.py:1179} INFO - Dependencies all met for <TaskInstance: 06_monitoring_trigger_rules.task_2 scheduled__2022-11-07T00:00:00+00:00 [queued]>
[2023-02-05 23:37:35,883] {taskinstance.py:1179} INFO - Dependencies all met for <TaskInstance: 06_monitoring_trigger_rules.task_2 scheduled__2022-11-07T00:00:00+00:00 [queued]>
[2023-02-05 23:37:35,884] {taskinstance.py:1376} INFO - 
--------------------------------------------------------------------------------
[2023-02-05 23:37:35,884] {taskinstance.py:1377} INFO - Starting attempt 2 of 3
[2023-02-05 23:37:35,884] {taskinstance.py:1378} INFO - 
--------------------------------------------------------------------------------
[2023-02-05 23:37:35,907] {taskinstance.py:1397} INFO - Executing <Task(BashOperator): task_2> on 2022-11-07 00:00:00+00:00
[2023-02-05 23:37:35,910] {standard_task_runner.py:52} INFO - Started process 39369 to run task
[2023-02-05 23:37:35,915] {standard_task_runner.py:79} INFO - Running: ['airflow', 'tasks', 'run', '06_monitoring_trigger_rules', 'task_2', 'scheduled__2022-11-07T00:00:00+00:00', '--job-id', '301', '--raw', '--subdir', 'DAGS_FOLDER/06.2_monitoring_trigger_rules.py', '--cfg-path', '/tmp/tmpxmzxewat', '--error-file', '/tmp/tmpaqjprsa9']
[2023-02-05 23:37:35,916] {standard_task_runner.py:80} INFO - Job 301: Subtask task_2
[2023-02-05 23:37:35,998] {task_command.py:371} INFO - Running <TaskInstance: 06_monitoring_trigger_rules.task_2 scheduled__2022-11-07T00:00:00+00:00 [running]> on host pc.
[2023-02-05 23:37:36,074] {taskinstance.py:1589} INFO - Exporting the following env vars:
AIRFLOW_CTX_DAG_OWNER=airflow
AIRFLOW_CTX_DAG_ID=06_monitoring_trigger_rules
AIRFLOW_CTX_TASK_ID=task_2
AIRFLOW_CTX_EXECUTION_DATE=2022-11-07T00:00:00+00:00
AIRFLOW_CTX_TRY_NUMBER=2
AIRFLOW_CTX_DAG_RUN_ID=scheduled__2022-11-07T00:00:00+00:00
[2023-02-05 23:37:36,075] {subprocess.py:62} INFO - Tmp dir root location: 
 /tmp
[2023-02-05 23:37:36,076] {subprocess.py:74} INFO - Running command: ['bash', '-c', "sleep 2 && echo 'Second task!"]
[2023-02-05 23:37:36,083] {subprocess.py:85} INFO - Output:
[2023-02-05 23:37:36,084] {subprocess.py:92} INFO - bash: -c: line 1: unexpected EOF while looking for matching `''
[2023-02-05 23:37:36,084] {subprocess.py:92} INFO - bash: -c: line 2: syntax error: unexpected end of file
[2023-02-05 23:37:36,085] {subprocess.py:96} INFO - Command exited with return code 2
[2023-02-05 23:37:36,096] {taskinstance.py:1909} ERROR - Task failed with exception
Traceback (most recent call last):
  File "/home/milo/13-airflow/airflowhome/airflowenv/lib/python3.9/site-packages/airflow/operators/bash.py", line 194, in execute
    raise AirflowException(
airflow.exceptions.AirflowException: Bash command failed. The command returned a non-zero exit code 2.
[2023-02-05 23:37:36,100] {taskinstance.py:1415} INFO - Marking task as UP_FOR_RETRY. dag_id=06_monitoring_trigger_rules, task_id=task_2, execution_date=20221107T000000, start_date=20230206T043735, end_date=20230206T043736
[2023-02-05 23:37:36,116] {standard_task_runner.py:92} ERROR - Failed to execute job 301 for task task_2 (Bash command failed. The command returned a non-zero exit code 2.; 39369)
[2023-02-05 23:37:36,126] {local_task_job.py:156} INFO - Task exited with return code 1
[2023-02-05 23:37:36,171] {local_task_job.py:273} INFO - 0 downstream tasks scheduled from follow-on schedule check
