[2023-02-08 02:05:44,500] {taskinstance.py:1179} INFO - Dependencies all met for <TaskInstance: 10_branching.start_15_june scheduled__2022-07-24T00:00:00+00:00 [queued]>
[2023-02-08 02:05:44,514] {taskinstance.py:1179} INFO - Dependencies all met for <TaskInstance: 10_branching.start_15_june scheduled__2022-07-24T00:00:00+00:00 [queued]>
[2023-02-08 02:05:44,514] {taskinstance.py:1376} INFO - 
--------------------------------------------------------------------------------
[2023-02-08 02:05:44,515] {taskinstance.py:1377} INFO - Starting attempt 1 of 1
[2023-02-08 02:05:44,515] {taskinstance.py:1378} INFO - 
--------------------------------------------------------------------------------
[2023-02-08 02:05:44,538] {taskinstance.py:1397} INFO - Executing <Task(BashOperator): start_15_june> on 2022-07-24 00:00:00+00:00
[2023-02-08 02:05:44,542] {standard_task_runner.py:52} INFO - Started process 56075 to run task
[2023-02-08 02:05:44,549] {standard_task_runner.py:79} INFO - Running: ['airflow', 'tasks', 'run', '10_branching', 'start_15_june', 'scheduled__2022-07-24T00:00:00+00:00', '--job-id', '1441', '--raw', '--subdir', 'DAGS_FOLDER/10_branchpythonoperator.py', '--cfg-path', '/tmp/tmp6l3cfaem', '--error-file', '/tmp/tmp8lnx4par']
[2023-02-08 02:05:44,551] {standard_task_runner.py:80} INFO - Job 1441: Subtask start_15_june
[2023-02-08 02:05:44,696] {task_command.py:371} INFO - Running <TaskInstance: 10_branching.start_15_june scheduled__2022-07-24T00:00:00+00:00 [running]> on host pc.
[2023-02-08 02:05:44,795] {taskinstance.py:1589} INFO - Exporting the following env vars:
AIRFLOW_CTX_DAG_OWNER=airflow
AIRFLOW_CTX_DAG_ID=10_branching
AIRFLOW_CTX_TASK_ID=start_15_june
AIRFLOW_CTX_EXECUTION_DATE=2022-07-24T00:00:00+00:00
AIRFLOW_CTX_TRY_NUMBER=1
AIRFLOW_CTX_DAG_RUN_ID=scheduled__2022-07-24T00:00:00+00:00
[2023-02-08 02:05:44,796] {subprocess.py:62} INFO - Tmp dir root location: 
 /tmp
[2023-02-08 02:05:44,797] {subprocess.py:74} INFO - Running command: ['bash', '-c', "echo 'Running 2022-07-24'"]
[2023-02-08 02:05:44,807] {subprocess.py:85} INFO - Output:
[2023-02-08 02:05:44,808] {subprocess.py:92} INFO - Running 2022-07-24
[2023-02-08 02:05:44,808] {subprocess.py:96} INFO - Command exited with return code 0
[2023-02-08 02:05:44,841] {taskinstance.py:1415} INFO - Marking task as SUCCESS. dag_id=10_branching, task_id=start_15_june, execution_date=20220724T000000, start_date=20230208T070544, end_date=20230208T070544
[2023-02-08 02:05:44,880] {local_task_job.py:156} INFO - Task exited with return code 0
[2023-02-08 02:05:44,910] {local_task_job.py:273} INFO - 0 downstream tasks scheduled from follow-on schedule check
