[2023-02-07 18:16:51,072] {taskinstance.py:1179} INFO - Dependencies all met for <TaskInstance: 07.2_external_task_sensor.waiting_dag scheduled__2022-11-04T00:00:00+00:00 [None]>
[2023-02-07 18:16:51,083] {taskinstance.py:1179} INFO - Dependencies all met for <TaskInstance: 07.2_external_task_sensor.waiting_dag scheduled__2022-11-04T00:00:00+00:00 [None]>
[2023-02-07 18:16:51,083] {taskinstance.py:1376} INFO - 
--------------------------------------------------------------------------------
[2023-02-07 18:16:51,083] {taskinstance.py:1377} INFO - Starting attempt 1 of 1
[2023-02-07 18:16:51,083] {taskinstance.py:1378} INFO - 
--------------------------------------------------------------------------------
[2023-02-07 18:16:51,104] {taskinstance.py:1397} INFO - Executing <Task(ExternalTaskSensor): waiting_dag> on 2022-11-04 00:00:00+00:00
[2023-02-07 18:16:51,107] {standard_task_runner.py:52} INFO - Started process 30406 to run task
[2023-02-07 18:16:51,112] {standard_task_runner.py:79} INFO - Running: ['airflow', 'tasks', 'run', '07.2_external_task_sensor', 'waiting_dag', 'scheduled__2022-11-04T00:00:00+00:00', '--job-id', '423', '--raw', '--subdir', 'DAGS_FOLDER/07.2_external_task_sensor.py', '--cfg-path', '/tmp/tmp2zxkabhk', '--error-file', '/tmp/tmplfq4adc1']
[2023-02-07 18:16:51,113] {standard_task_runner.py:80} INFO - Job 423: Subtask waiting_dag
[2023-02-07 18:16:51,202] {task_command.py:371} INFO - Running <TaskInstance: 07.2_external_task_sensor.waiting_dag scheduled__2022-11-04T00:00:00+00:00 [running]> on host pc.
[2023-02-07 18:16:51,309] {taskinstance.py:1589} INFO - Exporting the following env vars:
AIRFLOW_CTX_DAG_OWNER=airflow
AIRFLOW_CTX_DAG_ID=07.2_external_task_sensor
AIRFLOW_CTX_TASK_ID=waiting_dag
AIRFLOW_CTX_EXECUTION_DATE=2022-11-04T00:00:00+00:00
AIRFLOW_CTX_TRY_NUMBER=1
AIRFLOW_CTX_DAG_RUN_ID=scheduled__2022-11-04T00:00:00+00:00
[2023-02-07 18:16:51,310] {external_task.py:184} INFO - Poking for tasks ['task_1'] in dag 07_external_task_sensor on 2022-11-04T00:00:00+00:00 ... 
[2023-02-07 18:17:01,327] {external_task.py:184} INFO - Poking for tasks ['task_1'] in dag 07_external_task_sensor on 2022-11-04T00:00:00+00:00 ... 
[2023-02-07 18:17:11,342] {external_task.py:184} INFO - Poking for tasks ['task_1'] in dag 07_external_task_sensor on 2022-11-04T00:00:00+00:00 ... 
[2023-02-07 18:17:23,580] {external_task.py:184} INFO - Poking for tasks ['task_1'] in dag 07_external_task_sensor on 2022-11-04T00:00:00+00:00 ... 
[2023-02-07 18:17:33,592] {external_task.py:184} INFO - Poking for tasks ['task_1'] in dag 07_external_task_sensor on 2022-11-04T00:00:00+00:00 ... 
[2023-02-07 18:17:43,605] {external_task.py:184} INFO - Poking for tasks ['task_1'] in dag 07_external_task_sensor on 2022-11-04T00:00:00+00:00 ... 
[2023-02-07 18:17:53,949] {external_task.py:184} INFO - Poking for tasks ['task_1'] in dag 07_external_task_sensor on 2022-11-04T00:00:00+00:00 ... 
[2023-02-07 18:18:03,959] {external_task.py:184} INFO - Poking for tasks ['task_1'] in dag 07_external_task_sensor on 2022-11-04T00:00:00+00:00 ... 
[2023-02-07 18:18:13,966] {external_task.py:184} INFO - Poking for tasks ['task_1'] in dag 07_external_task_sensor on 2022-11-04T00:00:00+00:00 ... 
[2023-02-07 18:18:23,981] {external_task.py:184} INFO - Poking for tasks ['task_1'] in dag 07_external_task_sensor on 2022-11-04T00:00:00+00:00 ... 
[2023-02-07 18:18:33,997] {external_task.py:184} INFO - Poking for tasks ['task_1'] in dag 07_external_task_sensor on 2022-11-04T00:00:00+00:00 ... 
[2023-02-07 18:18:44,008] {external_task.py:184} INFO - Poking for tasks ['task_1'] in dag 07_external_task_sensor on 2022-11-04T00:00:00+00:00 ... 
[2023-02-07 18:18:54,023] {external_task.py:184} INFO - Poking for tasks ['task_1'] in dag 07_external_task_sensor on 2022-11-04T00:00:00+00:00 ... 
[2023-02-07 18:19:04,036] {external_task.py:184} INFO - Poking for tasks ['task_1'] in dag 07_external_task_sensor on 2022-11-04T00:00:00+00:00 ... 
[2023-02-07 18:19:14,049] {external_task.py:184} INFO - Poking for tasks ['task_1'] in dag 07_external_task_sensor on 2022-11-04T00:00:00+00:00 ... 
[2023-02-07 18:19:24,058] {external_task.py:184} INFO - Poking for tasks ['task_1'] in dag 07_external_task_sensor on 2022-11-04T00:00:00+00:00 ... 
[2023-02-07 18:19:34,073] {external_task.py:184} INFO - Poking for tasks ['task_1'] in dag 07_external_task_sensor on 2022-11-04T00:00:00+00:00 ... 
[2023-02-07 18:19:44,087] {external_task.py:184} INFO - Poking for tasks ['task_1'] in dag 07_external_task_sensor on 2022-11-04T00:00:00+00:00 ... 
[2023-02-07 18:19:54,093] {external_task.py:184} INFO - Poking for tasks ['task_1'] in dag 07_external_task_sensor on 2022-11-04T00:00:00+00:00 ... 
[2023-02-07 18:20:04,106] {external_task.py:184} INFO - Poking for tasks ['task_1'] in dag 07_external_task_sensor on 2022-11-04T00:00:00+00:00 ... 
[2023-02-07 18:20:10,048] {local_task_job.py:220} WARNING - State of this instance has been externally set to restarting. Terminating instance.
[2023-02-07 18:20:10,052] {process_utils.py:125} INFO - Sending Signals.SIGTERM to group 30406. PIDs of all processes in the group: [30406]
[2023-02-07 18:20:10,052] {process_utils.py:80} INFO - Sending the signal Signals.SIGTERM to group 30406
[2023-02-07 18:20:10,052] {taskinstance.py:1561} ERROR - Received SIGTERM. Terminating subprocesses.
[2023-02-07 18:20:10,066] {taskinstance.py:1909} ERROR - Task failed with exception
Traceback (most recent call last):
  File "/home/milo/13-airflow/airflowhome/airflowenv/lib/python3.9/site-packages/airflow/sensors/base.py", line 299, in execute
    time.sleep(self._get_next_poke_interval(started_at, run_duration, try_number))
  File "/home/milo/13-airflow/airflowhome/airflowenv/lib/python3.9/site-packages/airflow/models/taskinstance.py", line 1563, in signal_handler
    raise AirflowException("Task received SIGTERM signal")
airflow.exceptions.AirflowException: Task received SIGTERM signal
[2023-02-07 18:20:10,071] {taskinstance.py:1415} INFO - Marking task as UP_FOR_RETRY. dag_id=07.2_external_task_sensor, task_id=waiting_dag, execution_date=20221104T000000, start_date=20230207T231651, end_date=20230207T232010
[2023-02-07 18:20:10,088] {standard_task_runner.py:92} ERROR - Failed to execute job 423 for task waiting_dag (Task received SIGTERM signal; 30406)
[2023-02-07 18:20:10,114] {process_utils.py:75} INFO - Process psutil.Process(pid=30406, status='terminated', exitcode=1, started='18:16:50') (30406) terminated with exit code 1
[2023-02-07 19:06:41,867] {taskinstance.py:1179} INFO - Dependencies all met for <TaskInstance: 07.2_external_task_sensor.waiting_dag scheduled__2022-11-04T00:00:00+00:00 [queued]>
[2023-02-07 19:06:41,878] {taskinstance.py:1179} INFO - Dependencies all met for <TaskInstance: 07.2_external_task_sensor.waiting_dag scheduled__2022-11-04T00:00:00+00:00 [queued]>
[2023-02-07 19:06:41,878] {taskinstance.py:1376} INFO - 
--------------------------------------------------------------------------------
[2023-02-07 19:06:41,878] {taskinstance.py:1377} INFO - Starting attempt 1 of 1
[2023-02-07 19:06:41,878] {taskinstance.py:1378} INFO - 
--------------------------------------------------------------------------------
[2023-02-07 19:06:41,907] {taskinstance.py:1397} INFO - Executing <Task(ExternalTaskSensor): waiting_dag> on 2022-11-04 00:00:00+00:00
[2023-02-07 19:06:41,910] {standard_task_runner.py:52} INFO - Started process 37886 to run task
[2023-02-07 19:06:41,916] {standard_task_runner.py:79} INFO - Running: ['airflow', 'tasks', 'run', '07.2_external_task_sensor', 'waiting_dag', 'scheduled__2022-11-04T00:00:00+00:00', '--job-id', '457', '--raw', '--subdir', 'DAGS_FOLDER/07.2_external_task_sensor.py', '--cfg-path', '/tmp/tmpm19i_ocm', '--error-file', '/tmp/tmpodyorfhn']
[2023-02-07 19:06:41,918] {standard_task_runner.py:80} INFO - Job 457: Subtask waiting_dag
[2023-02-07 19:06:42,008] {task_command.py:371} INFO - Running <TaskInstance: 07.2_external_task_sensor.waiting_dag scheduled__2022-11-04T00:00:00+00:00 [running]> on host pc.
[2023-02-07 19:06:42,108] {taskinstance.py:1589} INFO - Exporting the following env vars:
AIRFLOW_CTX_DAG_OWNER=airflow
AIRFLOW_CTX_DAG_ID=07.2_external_task_sensor
AIRFLOW_CTX_TASK_ID=waiting_dag
AIRFLOW_CTX_EXECUTION_DATE=2022-11-04T00:00:00+00:00
AIRFLOW_CTX_TRY_NUMBER=1
AIRFLOW_CTX_DAG_RUN_ID=scheduled__2022-11-04T00:00:00+00:00
[2023-02-07 19:06:42,109] {external_task.py:184} INFO - Poking for tasks ['external_task_1'] in dag 07.1_external_dag on 2022-11-04T00:00:00+00:00 ... 
[2023-02-07 19:06:42,116] {base.py:301} INFO - Success criteria met. Exiting.
[2023-02-07 19:06:42,126] {taskinstance.py:1415} INFO - Marking task as SUCCESS. dag_id=07.2_external_task_sensor, task_id=waiting_dag, execution_date=20221104T000000, start_date=20230208T000641, end_date=20230208T000642
[2023-02-07 19:06:42,171] {local_task_job.py:156} INFO - Task exited with return code 0
[2023-02-07 19:06:42,225] {local_task_job.py:273} INFO - 1 downstream tasks scheduled from follow-on schedule check
