[2023-02-04 20:12:18,622] {taskinstance.py:1179} INFO - Dependencies all met for <TaskInstance: bash_operator.hello_with_bash scheduled__2023-01-28T00:00:00+00:00 [queued]>
[2023-02-04 20:12:18,649] {taskinstance.py:1179} INFO - Dependencies all met for <TaskInstance: bash_operator.hello_with_bash scheduled__2023-01-28T00:00:00+00:00 [queued]>
[2023-02-04 20:12:18,650] {taskinstance.py:1376} INFO - 
--------------------------------------------------------------------------------
[2023-02-04 20:12:18,650] {taskinstance.py:1377} INFO - Starting attempt 1 of 1
[2023-02-04 20:12:18,650] {taskinstance.py:1378} INFO - 
--------------------------------------------------------------------------------
[2023-02-04 20:12:18,687] {taskinstance.py:1397} INFO - Executing <Task(BashOperator): hello_with_bash> on 2023-01-28 00:00:00+00:00
[2023-02-04 20:12:18,690] {standard_task_runner.py:52} INFO - Started process 3451 to run task
[2023-02-04 20:12:18,695] {standard_task_runner.py:79} INFO - Running: ['airflow', 'tasks', 'run', 'bash_operator', 'hello_with_bash', 'scheduled__2023-01-28T00:00:00+00:00', '--job-id', '29', '--raw', '--subdir', 'DAGS_FOLDER/1_bash_operator.py', '--cfg-path', '/tmp/tmpscn18b8s', '--error-file', '/tmp/tmp97r8omud']
[2023-02-04 20:12:18,696] {standard_task_runner.py:80} INFO - Job 29: Subtask hello_with_bash
[2023-02-04 20:12:18,775] {task_command.py:371} INFO - Running <TaskInstance: bash_operator.hello_with_bash scheduled__2023-01-28T00:00:00+00:00 [running]> on host pc.
[2023-02-04 20:12:18,988] {taskinstance.py:1589} INFO - Exporting the following env vars:
AIRFLOW_CTX_DAG_OWNER=airflow
AIRFLOW_CTX_DAG_ID=bash_operator
AIRFLOW_CTX_TASK_ID=hello_with_bash
AIRFLOW_CTX_EXECUTION_DATE=2023-01-28T00:00:00+00:00
AIRFLOW_CTX_TRY_NUMBER=1
AIRFLOW_CTX_DAG_RUN_ID=scheduled__2023-01-28T00:00:00+00:00
[2023-02-04 20:12:18,990] {subprocess.py:62} INFO - Tmp dir root location: 
 /tmp
[2023-02-04 20:12:18,990] {subprocess.py:74} INFO - Running command: ['bash', '-c', "echo 'Hello Universe'"]
[2023-02-04 20:12:19,001] {subprocess.py:85} INFO - Output:
[2023-02-04 20:12:19,002] {subprocess.py:92} INFO - Hello Universe
[2023-02-04 20:12:19,002] {subprocess.py:96} INFO - Command exited with return code 0
[2023-02-04 20:12:19,042] {taskinstance.py:1415} INFO - Marking task as SUCCESS. dag_id=bash_operator, task_id=hello_with_bash, execution_date=20230128T000000, start_date=20230205T011218, end_date=20230205T011219
[2023-02-04 20:12:19,067] {local_task_job.py:156} INFO - Task exited with return code 0
[2023-02-04 20:12:19,093] {local_task_job.py:273} INFO - 0 downstream tasks scheduled from follow-on schedule check
