[2023-02-08 00:34:05,869] {taskinstance.py:1179} INFO - Dependencies all met for <TaskInstance: 09_Xcoms.task_3_pull scheduled__2022-12-13T00:00:00+00:00 [queued]>
[2023-02-08 00:34:05,882] {taskinstance.py:1179} INFO - Dependencies all met for <TaskInstance: 09_Xcoms.task_3_pull scheduled__2022-12-13T00:00:00+00:00 [queued]>
[2023-02-08 00:34:05,882] {taskinstance.py:1376} INFO - 
--------------------------------------------------------------------------------
[2023-02-08 00:34:05,882] {taskinstance.py:1377} INFO - Starting attempt 1 of 1
[2023-02-08 00:34:05,883] {taskinstance.py:1378} INFO - 
--------------------------------------------------------------------------------
[2023-02-08 00:34:05,904] {taskinstance.py:1397} INFO - Executing <Task(PythonOperator): task_3_pull> on 2022-12-13 00:00:00+00:00
[2023-02-08 00:34:05,908] {standard_task_runner.py:52} INFO - Started process 52578 to run task
[2023-02-08 00:34:05,914] {standard_task_runner.py:79} INFO - Running: ['airflow', 'tasks', 'run', '09_Xcoms', 'task_3_pull', 'scheduled__2022-12-13T00:00:00+00:00', '--job-id', '1224', '--raw', '--subdir', 'DAGS_FOLDER/09_xcoms.py', '--cfg-path', '/tmp/tmpd_zjqti1', '--error-file', '/tmp/tmpdcvfr4cc']
[2023-02-08 00:34:05,915] {standard_task_runner.py:80} INFO - Job 1224: Subtask task_3_pull
[2023-02-08 00:34:06,005] {task_command.py:371} INFO - Running <TaskInstance: 09_Xcoms.task_3_pull scheduled__2022-12-13T00:00:00+00:00 [running]> on host pc.
[2023-02-08 00:34:06,095] {taskinstance.py:1589} INFO - Exporting the following env vars:
AIRFLOW_CTX_DAG_OWNER=airflow
AIRFLOW_CTX_DAG_ID=09_Xcoms
AIRFLOW_CTX_TASK_ID=task_3_pull
AIRFLOW_CTX_EXECUTION_DATE=2022-12-13T00:00:00+00:00
AIRFLOW_CTX_TRY_NUMBER=1
AIRFLOW_CTX_DAG_RUN_ID=scheduled__2022-12-13T00:00:00+00:00
[2023-02-08 00:34:06,105] {logging_mixin.py:115} INFO - 9
[2023-02-08 00:34:06,105] {python.py:173} INFO - Done. Returned value was: None
[2023-02-08 00:34:06,115] {taskinstance.py:1415} INFO - Marking task as SUCCESS. dag_id=09_Xcoms, task_id=task_3_pull, execution_date=20221213T000000, start_date=20230208T053405, end_date=20230208T053406
[2023-02-08 00:34:06,165] {local_task_job.py:156} INFO - Task exited with return code 0
[2023-02-08 00:34:06,191] {local_task_job.py:273} INFO - 0 downstream tasks scheduled from follow-on schedule check
