[2023-02-07 19:24:13,096] {taskinstance.py:1179} INFO - Dependencies all met for <TaskInstance: 07.2_external_task_sensor.task-2 scheduled__2022-12-15T00:00:00+00:00 [queued]>
[2023-02-07 19:24:13,132] {taskinstance.py:1179} INFO - Dependencies all met for <TaskInstance: 07.2_external_task_sensor.task-2 scheduled__2022-12-15T00:00:00+00:00 [queued]>
[2023-02-07 19:24:13,133] {taskinstance.py:1376} INFO - 
--------------------------------------------------------------------------------
[2023-02-07 19:24:13,133] {taskinstance.py:1377} INFO - Starting attempt 1 of 1
[2023-02-07 19:24:13,133] {taskinstance.py:1378} INFO - 
--------------------------------------------------------------------------------
[2023-02-07 19:24:13,172] {taskinstance.py:1397} INFO - Executing <Task(BashOperator): task-2> on 2022-12-15 00:00:00+00:00
[2023-02-07 19:24:13,176] {standard_task_runner.py:52} INFO - Started process 40749 to run task
[2023-02-07 19:24:13,182] {standard_task_runner.py:79} INFO - Running: ['airflow', 'tasks', 'run', '07.2_external_task_sensor', 'task-2', 'scheduled__2022-12-15T00:00:00+00:00', '--job-id', '586', '--raw', '--subdir', 'DAGS_FOLDER/07.2_external_task_sensor.py', '--cfg-path', '/tmp/tmprot5pnxd', '--error-file', '/tmp/tmpldttkvlm']
[2023-02-07 19:24:13,184] {standard_task_runner.py:80} INFO - Job 586: Subtask task-2
[2023-02-07 19:24:13,274] {task_command.py:371} INFO - Running <TaskInstance: 07.2_external_task_sensor.task-2 scheduled__2022-12-15T00:00:00+00:00 [running]> on host pc.
[2023-02-07 19:24:13,369] {taskinstance.py:1589} INFO - Exporting the following env vars:
AIRFLOW_CTX_DAG_OWNER=airflow
AIRFLOW_CTX_DAG_ID=07.2_external_task_sensor
AIRFLOW_CTX_TASK_ID=task-2
AIRFLOW_CTX_EXECUTION_DATE=2022-12-15T00:00:00+00:00
AIRFLOW_CTX_TRY_NUMBER=1
AIRFLOW_CTX_DAG_RUN_ID=scheduled__2022-12-15T00:00:00+00:00
[2023-02-07 19:24:13,371] {subprocess.py:62} INFO - Tmp dir root location: 
 /tmp
[2023-02-07 19:24:13,371] {subprocess.py:74} INFO - Running command: ['bash', '-c', "sleep 5 && echo 'DAG 2 ended'"]
[2023-02-07 19:24:13,380] {subprocess.py:85} INFO - Output:
[2023-02-07 19:24:18,383] {subprocess.py:92} INFO - DAG 2 ended
[2023-02-07 19:24:18,383] {subprocess.py:96} INFO - Command exited with return code 0
[2023-02-07 19:24:18,962] {taskinstance.py:1415} INFO - Marking task as SUCCESS. dag_id=07.2_external_task_sensor, task_id=task-2, execution_date=20221215T000000, start_date=20230208T002413, end_date=20230208T002418
[2023-02-07 19:24:19,674] {local_task_job.py:156} INFO - Task exited with return code 0
[2023-02-07 19:24:19,696] {local_task_job.py:273} INFO - 0 downstream tasks scheduled from follow-on schedule check
