[2023-02-05 17:45:53,923] {taskinstance.py:1179} INFO - Dependencies all met for <TaskInstance: orchestration.task_5 scheduled__2023-01-05T00:00:00+00:00 [queued]>
[2023-02-05 17:45:53,933] {taskinstance.py:1179} INFO - Dependencies all met for <TaskInstance: orchestration.task_5 scheduled__2023-01-05T00:00:00+00:00 [queued]>
[2023-02-05 17:45:53,934] {taskinstance.py:1376} INFO - 
--------------------------------------------------------------------------------
[2023-02-05 17:45:53,934] {taskinstance.py:1377} INFO - Starting attempt 1 of 1
[2023-02-05 17:45:53,934] {taskinstance.py:1378} INFO - 
--------------------------------------------------------------------------------
[2023-02-05 17:45:53,955] {taskinstance.py:1397} INFO - Executing <Task(BashOperator): task_5> on 2023-01-05 00:00:00+00:00
[2023-02-05 17:45:53,958] {standard_task_runner.py:52} INFO - Started process 29952 to run task
[2023-02-05 17:45:53,964] {standard_task_runner.py:79} INFO - Running: ['airflow', 'tasks', 'run', 'orchestration', 'task_5', 'scheduled__2023-01-05T00:00:00+00:00', '--job-id', '71', '--raw', '--subdir', 'DAGS_FOLDER/5_orchestration_2.py', '--cfg-path', '/tmp/tmpon3u65he', '--error-file', '/tmp/tmp57z2qay9']
[2023-02-05 17:45:53,965] {standard_task_runner.py:80} INFO - Job 71: Subtask task_5
[2023-02-05 17:45:54,045] {task_command.py:371} INFO - Running <TaskInstance: orchestration.task_5 scheduled__2023-01-05T00:00:00+00:00 [running]> on host pc.
[2023-02-05 17:45:54,132] {taskinstance.py:1589} INFO - Exporting the following env vars:
AIRFLOW_CTX_DAG_OWNER=airflow
AIRFLOW_CTX_DAG_ID=orchestration
AIRFLOW_CTX_TASK_ID=task_5
AIRFLOW_CTX_EXECUTION_DATE=2023-01-05T00:00:00+00:00
AIRFLOW_CTX_TRY_NUMBER=1
AIRFLOW_CTX_DAG_RUN_ID=scheduled__2023-01-05T00:00:00+00:00
[2023-02-05 17:45:54,133] {subprocess.py:62} INFO - Tmp dir root location: 
 /tmp
[2023-02-05 17:45:54,134] {subprocess.py:74} INFO - Running command: ['bash', '-c', "sleep 2 && echo 'Task_5'"]
[2023-02-05 17:45:54,142] {subprocess.py:85} INFO - Output:
[2023-02-05 17:45:56,145] {subprocess.py:92} INFO - Task_5
[2023-02-05 17:45:56,145] {subprocess.py:96} INFO - Command exited with return code 0
[2023-02-05 17:45:56,175] {taskinstance.py:1415} INFO - Marking task as SUCCESS. dag_id=orchestration, task_id=task_5, execution_date=20230105T000000, start_date=20230205T224553, end_date=20230205T224556
[2023-02-05 17:45:56,227] {local_task_job.py:156} INFO - Task exited with return code 0
[2023-02-05 17:45:56,253] {local_task_job.py:273} INFO - 0 downstream tasks scheduled from follow-on schedule check
[2023-02-05 17:56:43,314] {taskinstance.py:1179} INFO - Dependencies all met for <TaskInstance: orchestration.task_5 scheduled__2023-01-05T00:00:00+00:00 [queued]>
[2023-02-05 17:56:43,328] {taskinstance.py:1179} INFO - Dependencies all met for <TaskInstance: orchestration.task_5 scheduled__2023-01-05T00:00:00+00:00 [queued]>
[2023-02-05 17:56:43,329] {taskinstance.py:1376} INFO - 
--------------------------------------------------------------------------------
[2023-02-05 17:56:43,330] {taskinstance.py:1377} INFO - Starting attempt 1 of 1
[2023-02-05 17:56:43,330] {taskinstance.py:1378} INFO - 
--------------------------------------------------------------------------------
[2023-02-05 17:56:44,681] {taskinstance.py:1397} INFO - Executing <Task(BashOperator): task_5> on 2023-01-05 00:00:00+00:00
[2023-02-05 17:56:44,685] {standard_task_runner.py:52} INFO - Started process 30592 to run task
[2023-02-05 17:56:44,690] {standard_task_runner.py:79} INFO - Running: ['airflow', 'tasks', 'run', 'orchestration', 'task_5', 'scheduled__2023-01-05T00:00:00+00:00', '--job-id', '71', '--raw', '--subdir', 'DAGS_FOLDER/5_orchestration_2.py', '--cfg-path', '/tmp/tmpubunxi3w', '--error-file', '/tmp/tmpbs27aqct']
[2023-02-05 17:56:44,691] {standard_task_runner.py:80} INFO - Job 71: Subtask task_5
[2023-02-05 17:56:44,783] {task_command.py:371} INFO - Running <TaskInstance: orchestration.task_5 scheduled__2023-01-05T00:00:00+00:00 [running]> on host pc.
[2023-02-05 17:56:44,865] {taskinstance.py:1589} INFO - Exporting the following env vars:
AIRFLOW_CTX_DAG_OWNER=airflow
AIRFLOW_CTX_DAG_ID=orchestration
AIRFLOW_CTX_TASK_ID=task_5
AIRFLOW_CTX_EXECUTION_DATE=2023-01-05T00:00:00+00:00
AIRFLOW_CTX_TRY_NUMBER=1
AIRFLOW_CTX_DAG_RUN_ID=scheduled__2023-01-05T00:00:00+00:00
[2023-02-05 17:56:44,866] {subprocess.py:62} INFO - Tmp dir root location: 
 /tmp
[2023-02-05 17:56:44,867] {subprocess.py:74} INFO - Running command: ['bash', '-c', "sleep 1 && echo 'Task_5'"]
[2023-02-05 17:56:44,874] {subprocess.py:85} INFO - Output:
[2023-02-05 17:56:45,877] {subprocess.py:92} INFO - Task_5
[2023-02-05 17:56:45,877] {subprocess.py:96} INFO - Command exited with return code 0
[2023-02-05 17:56:45,909] {taskinstance.py:1415} INFO - Marking task as SUCCESS. dag_id=orchestration, task_id=task_5, execution_date=20230105T000000, start_date=20230205T225643, end_date=20230205T225645
[2023-02-05 17:56:45,946] {local_task_job.py:156} INFO - Task exited with return code 0
[2023-02-05 17:56:45,973] {local_task_job.py:273} INFO - 0 downstream tasks scheduled from follow-on schedule check
