[2023-02-05 17:49:04,529] {taskinstance.py:1179} INFO - Dependencies all met for <TaskInstance: orchestration.task_5 scheduled__2023-01-15T00:00:00+00:00 [queued]>
[2023-02-05 17:49:04,540] {taskinstance.py:1179} INFO - Dependencies all met for <TaskInstance: orchestration.task_5 scheduled__2023-01-15T00:00:00+00:00 [queued]>
[2023-02-05 17:49:04,541] {taskinstance.py:1376} INFO - 
--------------------------------------------------------------------------------
[2023-02-05 17:49:04,541] {taskinstance.py:1377} INFO - Starting attempt 1 of 1
[2023-02-05 17:49:04,541] {taskinstance.py:1378} INFO - 
--------------------------------------------------------------------------------
[2023-02-05 17:49:04,568] {taskinstance.py:1397} INFO - Executing <Task(BashOperator): task_5> on 2023-01-15 00:00:00+00:00
[2023-02-05 17:49:04,572] {standard_task_runner.py:52} INFO - Started process 30161 to run task
[2023-02-05 17:49:04,577] {standard_task_runner.py:79} INFO - Running: ['airflow', 'tasks', 'run', 'orchestration', 'task_5', 'scheduled__2023-01-15T00:00:00+00:00', '--job-id', '115', '--raw', '--subdir', 'DAGS_FOLDER/5_orchestration_2.py', '--cfg-path', '/tmp/tmpyi28xebo', '--error-file', '/tmp/tmptxwksm70']
[2023-02-05 17:49:04,578] {standard_task_runner.py:80} INFO - Job 115: Subtask task_5
[2023-02-05 17:49:04,665] {task_command.py:371} INFO - Running <TaskInstance: orchestration.task_5 scheduled__2023-01-15T00:00:00+00:00 [running]> on host pc.
[2023-02-05 17:49:04,760] {taskinstance.py:1589} INFO - Exporting the following env vars:
AIRFLOW_CTX_DAG_OWNER=airflow
AIRFLOW_CTX_DAG_ID=orchestration
AIRFLOW_CTX_TASK_ID=task_5
AIRFLOW_CTX_EXECUTION_DATE=2023-01-15T00:00:00+00:00
AIRFLOW_CTX_TRY_NUMBER=1
AIRFLOW_CTX_DAG_RUN_ID=scheduled__2023-01-15T00:00:00+00:00
[2023-02-05 17:49:04,761] {subprocess.py:62} INFO - Tmp dir root location: 
 /tmp
[2023-02-05 17:49:04,762] {subprocess.py:74} INFO - Running command: ['bash', '-c', "sleep 2 && echo 'Task_5'"]
[2023-02-05 17:49:04,770] {subprocess.py:85} INFO - Output:
[2023-02-05 17:49:06,773] {subprocess.py:92} INFO - Task_5
[2023-02-05 17:49:06,773] {subprocess.py:96} INFO - Command exited with return code 0
[2023-02-05 17:49:06,806] {taskinstance.py:1415} INFO - Marking task as SUCCESS. dag_id=orchestration, task_id=task_5, execution_date=20230115T000000, start_date=20230205T224904, end_date=20230205T224906
[2023-02-05 17:49:06,839] {local_task_job.py:156} INFO - Task exited with return code 0
[2023-02-05 17:49:06,874] {local_task_job.py:273} INFO - 0 downstream tasks scheduled from follow-on schedule check
[2023-02-05 17:59:26,188] {taskinstance.py:1179} INFO - Dependencies all met for <TaskInstance: orchestration.task_5 scheduled__2023-01-15T00:00:00+00:00 [queued]>
[2023-02-05 17:59:26,202] {taskinstance.py:1179} INFO - Dependencies all met for <TaskInstance: orchestration.task_5 scheduled__2023-01-15T00:00:00+00:00 [queued]>
[2023-02-05 17:59:26,202] {taskinstance.py:1376} INFO - 
--------------------------------------------------------------------------------
[2023-02-05 17:59:26,202] {taskinstance.py:1377} INFO - Starting attempt 1 of 1
[2023-02-05 17:59:26,202] {taskinstance.py:1378} INFO - 
--------------------------------------------------------------------------------
[2023-02-05 17:59:26,223] {taskinstance.py:1397} INFO - Executing <Task(BashOperator): task_5> on 2023-01-15 00:00:00+00:00
[2023-02-05 17:59:26,226] {standard_task_runner.py:52} INFO - Started process 30794 to run task
[2023-02-05 17:59:26,232] {standard_task_runner.py:79} INFO - Running: ['airflow', 'tasks', 'run', 'orchestration', 'task_5', 'scheduled__2023-01-15T00:00:00+00:00', '--job-id', '111', '--raw', '--subdir', 'DAGS_FOLDER/5_orchestration_2.py', '--cfg-path', '/tmp/tmp7uo9os1v', '--error-file', '/tmp/tmp5t53yce7']
[2023-02-05 17:59:26,233] {standard_task_runner.py:80} INFO - Job 111: Subtask task_5
[2023-02-05 17:59:26,309] {task_command.py:371} INFO - Running <TaskInstance: orchestration.task_5 scheduled__2023-01-15T00:00:00+00:00 [running]> on host pc.
[2023-02-05 17:59:26,389] {taskinstance.py:1589} INFO - Exporting the following env vars:
AIRFLOW_CTX_DAG_OWNER=airflow
AIRFLOW_CTX_DAG_ID=orchestration
AIRFLOW_CTX_TASK_ID=task_5
AIRFLOW_CTX_EXECUTION_DATE=2023-01-15T00:00:00+00:00
AIRFLOW_CTX_TRY_NUMBER=1
AIRFLOW_CTX_DAG_RUN_ID=scheduled__2023-01-15T00:00:00+00:00
[2023-02-05 17:59:26,390] {subprocess.py:62} INFO - Tmp dir root location: 
 /tmp
[2023-02-05 17:59:26,391] {subprocess.py:74} INFO - Running command: ['bash', '-c', "sleep 1 && echo 'Task_5'"]
[2023-02-05 17:59:26,398] {subprocess.py:85} INFO - Output:
[2023-02-05 17:59:27,401] {subprocess.py:92} INFO - Task_5
[2023-02-05 17:59:27,401] {subprocess.py:96} INFO - Command exited with return code 0
[2023-02-05 17:59:27,429] {taskinstance.py:1415} INFO - Marking task as SUCCESS. dag_id=orchestration, task_id=task_5, execution_date=20230115T000000, start_date=20230205T225926, end_date=20230205T225927
[2023-02-05 17:59:27,486] {local_task_job.py:156} INFO - Task exited with return code 0
[2023-02-05 17:59:27,509] {local_task_job.py:273} INFO - 0 downstream tasks scheduled from follow-on schedule check
