[2023-02-06 00:19:49,093] {taskinstance.py:1179} INFO - Dependencies all met for <TaskInstance: 06_monitoring_trigger_rules.task_5 scheduled__2022-11-12T00:00:00+00:00 [queued]>
[2023-02-06 00:19:49,107] {taskinstance.py:1179} INFO - Dependencies all met for <TaskInstance: 06_monitoring_trigger_rules.task_5 scheduled__2022-11-12T00:00:00+00:00 [queued]>
[2023-02-06 00:19:49,107] {taskinstance.py:1376} INFO - 
--------------------------------------------------------------------------------
[2023-02-06 00:19:49,107] {taskinstance.py:1377} INFO - Starting attempt 1 of 3
[2023-02-06 00:19:49,108] {taskinstance.py:1378} INFO - 
--------------------------------------------------------------------------------
[2023-02-06 00:19:49,129] {taskinstance.py:1397} INFO - Executing <Task(BashOperator): task_5> on 2022-11-12 00:00:00+00:00
[2023-02-06 00:19:49,133] {standard_task_runner.py:52} INFO - Started process 40705 to run task
[2023-02-06 00:19:49,145] {standard_task_runner.py:79} INFO - Running: ['airflow', 'tasks', 'run', '06_monitoring_trigger_rules', 'task_5', 'scheduled__2022-11-12T00:00:00+00:00', '--job-id', '396', '--raw', '--subdir', 'DAGS_FOLDER/06.2_monitoring_trigger_rules.py', '--cfg-path', '/tmp/tmpfd8lf14t', '--error-file', '/tmp/tmp5jxoqksa']
[2023-02-06 00:19:49,147] {standard_task_runner.py:80} INFO - Job 396: Subtask task_5
[2023-02-06 00:19:49,232] {task_command.py:371} INFO - Running <TaskInstance: 06_monitoring_trigger_rules.task_5 scheduled__2022-11-12T00:00:00+00:00 [running]> on host pc.
[2023-02-06 00:19:49,321] {taskinstance.py:1589} INFO - Exporting the following env vars:
AIRFLOW_CTX_DAG_OWNER=airflow
AIRFLOW_CTX_DAG_ID=06_monitoring_trigger_rules
AIRFLOW_CTX_TASK_ID=task_5
AIRFLOW_CTX_EXECUTION_DATE=2022-11-12T00:00:00+00:00
AIRFLOW_CTX_TRY_NUMBER=1
AIRFLOW_CTX_DAG_RUN_ID=scheduled__2022-11-12T00:00:00+00:00
[2023-02-06 00:19:49,322] {subprocess.py:62} INFO - Tmp dir root location: 
 /tmp
[2023-02-06 00:19:49,323] {subprocess.py:74} INFO - Running command: ['bash', '-c', "sleep 2 && echo 'Fifth task!'"]
[2023-02-06 00:19:49,332] {subprocess.py:85} INFO - Output:
[2023-02-06 00:19:51,335] {subprocess.py:92} INFO - Fifth task!
[2023-02-06 00:19:51,335] {subprocess.py:96} INFO - Command exited with return code 0
[2023-02-06 00:19:51,364] {taskinstance.py:1415} INFO - Marking task as SUCCESS. dag_id=06_monitoring_trigger_rules, task_id=task_5, execution_date=20221112T000000, start_date=20230206T051949, end_date=20230206T051951
[2023-02-06 00:19:51,399] {local_task_job.py:156} INFO - Task exited with return code 0
[2023-02-06 00:19:51,426] {local_task_job.py:273} INFO - 0 downstream tasks scheduled from follow-on schedule check
