[2023-02-07 20:04:17,020] {taskinstance.py:1179} INFO - Dependencies all met for <TaskInstance: 07.3_file_sensor.file_task scheduled__2023-01-06T00:00:00+00:00 [queued]>
[2023-02-07 20:04:17,031] {taskinstance.py:1179} INFO - Dependencies all met for <TaskInstance: 07.3_file_sensor.file_task scheduled__2023-01-06T00:00:00+00:00 [queued]>
[2023-02-07 20:04:17,032] {taskinstance.py:1376} INFO - 
--------------------------------------------------------------------------------
[2023-02-07 20:04:17,032] {taskinstance.py:1377} INFO - Starting attempt 1 of 1
[2023-02-07 20:04:17,032] {taskinstance.py:1378} INFO - 
--------------------------------------------------------------------------------
[2023-02-07 20:04:17,054] {taskinstance.py:1397} INFO - Executing <Task(BashOperator): file_task> on 2023-01-06 00:00:00+00:00
[2023-02-07 20:04:17,058] {standard_task_runner.py:52} INFO - Started process 43507 to run task
[2023-02-07 20:04:17,065] {standard_task_runner.py:79} INFO - Running: ['airflow', 'tasks', 'run', '07.3_file_sensor', 'file_task', 'scheduled__2023-01-06T00:00:00+00:00', '--job-id', '916', '--raw', '--subdir', 'DAGS_FOLDER/07.3_file_sensor.py', '--cfg-path', '/tmp/tmptp9brt8d', '--error-file', '/tmp/tmp0rzjnuca']
[2023-02-07 20:04:17,066] {standard_task_runner.py:80} INFO - Job 916: Subtask file_task
[2023-02-07 20:04:17,165] {task_command.py:371} INFO - Running <TaskInstance: 07.3_file_sensor.file_task scheduled__2023-01-06T00:00:00+00:00 [running]> on host pc.
[2023-02-07 20:04:17,271] {taskinstance.py:1589} INFO - Exporting the following env vars:
AIRFLOW_CTX_DAG_OWNER=airflow
AIRFLOW_CTX_DAG_ID=07.3_file_sensor
AIRFLOW_CTX_TASK_ID=file_task
AIRFLOW_CTX_EXECUTION_DATE=2023-01-06T00:00:00+00:00
AIRFLOW_CTX_TRY_NUMBER=1
AIRFLOW_CTX_DAG_RUN_ID=scheduled__2023-01-06T00:00:00+00:00
[2023-02-07 20:04:17,273] {subprocess.py:62} INFO - Tmp dir root location: 
 /tmp
[2023-02-07 20:04:17,274] {subprocess.py:74} INFO - Running command: ['bash', '-c', 'sleep 10 && touch /tmp/file.txt']
[2023-02-07 20:04:17,284] {subprocess.py:85} INFO - Output:
[2023-02-07 20:04:27,289] {subprocess.py:96} INFO - Command exited with return code 0
[2023-02-07 20:04:27,327] {taskinstance.py:1415} INFO - Marking task as SUCCESS. dag_id=07.3_file_sensor, task_id=file_task, execution_date=20230106T000000, start_date=20230208T010417, end_date=20230208T010427
[2023-02-07 20:04:27,355] {local_task_job.py:156} INFO - Task exited with return code 0
[2023-02-07 20:04:27,399] {local_task_job.py:273} INFO - 1 downstream tasks scheduled from follow-on schedule check
