[2023-02-05 17:46:54,198] {taskinstance.py:1179} INFO - Dependencies all met for <TaskInstance: orchestration.task_3 scheduled__2023-01-09T00:00:00+00:00 [queued]>
[2023-02-05 17:46:54,209] {taskinstance.py:1179} INFO - Dependencies all met for <TaskInstance: orchestration.task_3 scheduled__2023-01-09T00:00:00+00:00 [queued]>
[2023-02-05 17:46:54,209] {taskinstance.py:1376} INFO - 
--------------------------------------------------------------------------------
[2023-02-05 17:46:54,209] {taskinstance.py:1377} INFO - Starting attempt 1 of 1
[2023-02-05 17:46:54,209] {taskinstance.py:1378} INFO - 
--------------------------------------------------------------------------------
[2023-02-05 17:46:54,230] {taskinstance.py:1397} INFO - Executing <Task(BashOperator): task_3> on 2023-01-09 00:00:00+00:00
[2023-02-05 17:46:54,233] {standard_task_runner.py:52} INFO - Started process 30017 to run task
[2023-02-05 17:46:54,239] {standard_task_runner.py:79} INFO - Running: ['airflow', 'tasks', 'run', 'orchestration', 'task_3', 'scheduled__2023-01-09T00:00:00+00:00', '--job-id', '85', '--raw', '--subdir', 'DAGS_FOLDER/5_orchestration_2.py', '--cfg-path', '/tmp/tmpuxll_xyb', '--error-file', '/tmp/tmpfwtipf73']
[2023-02-05 17:46:54,240] {standard_task_runner.py:80} INFO - Job 85: Subtask task_3
[2023-02-05 17:46:54,316] {task_command.py:371} INFO - Running <TaskInstance: orchestration.task_3 scheduled__2023-01-09T00:00:00+00:00 [running]> on host pc.
[2023-02-05 17:46:54,404] {taskinstance.py:1589} INFO - Exporting the following env vars:
AIRFLOW_CTX_DAG_OWNER=airflow
AIRFLOW_CTX_DAG_ID=orchestration
AIRFLOW_CTX_TASK_ID=task_3
AIRFLOW_CTX_EXECUTION_DATE=2023-01-09T00:00:00+00:00
AIRFLOW_CTX_TRY_NUMBER=1
AIRFLOW_CTX_DAG_RUN_ID=scheduled__2023-01-09T00:00:00+00:00
[2023-02-05 17:46:54,405] {subprocess.py:62} INFO - Tmp dir root location: 
 /tmp
[2023-02-05 17:46:54,406] {subprocess.py:74} INFO - Running command: ['bash', '-c', "sleep 2 && echo 'Task_3'"]
[2023-02-05 17:46:54,414] {subprocess.py:85} INFO - Output:
[2023-02-05 17:46:56,417] {subprocess.py:92} INFO - Task_3
[2023-02-05 17:46:56,417] {subprocess.py:96} INFO - Command exited with return code 0
[2023-02-05 17:46:56,448] {taskinstance.py:1415} INFO - Marking task as SUCCESS. dag_id=orchestration, task_id=task_3, execution_date=20230109T000000, start_date=20230205T224654, end_date=20230205T224656
[2023-02-05 17:46:56,503] {local_task_job.py:156} INFO - Task exited with return code 0
[2023-02-05 17:46:56,545] {local_task_job.py:273} INFO - 0 downstream tasks scheduled from follow-on schedule check
[2023-02-05 17:57:53,722] {taskinstance.py:1179} INFO - Dependencies all met for <TaskInstance: orchestration.task_3 scheduled__2023-01-09T00:00:00+00:00 [queued]>
[2023-02-05 17:57:53,736] {taskinstance.py:1179} INFO - Dependencies all met for <TaskInstance: orchestration.task_3 scheduled__2023-01-09T00:00:00+00:00 [queued]>
[2023-02-05 17:57:53,736] {taskinstance.py:1376} INFO - 
--------------------------------------------------------------------------------
[2023-02-05 17:57:53,736] {taskinstance.py:1377} INFO - Starting attempt 1 of 1
[2023-02-05 17:57:53,736] {taskinstance.py:1378} INFO - 
--------------------------------------------------------------------------------
[2023-02-05 17:57:53,759] {taskinstance.py:1397} INFO - Executing <Task(BashOperator): task_3> on 2023-01-09 00:00:00+00:00
[2023-02-05 17:57:53,763] {standard_task_runner.py:52} INFO - Started process 30670 to run task
[2023-02-05 17:57:53,768] {standard_task_runner.py:79} INFO - Running: ['airflow', 'tasks', 'run', 'orchestration', 'task_3', 'scheduled__2023-01-09T00:00:00+00:00', '--job-id', '85', '--raw', '--subdir', 'DAGS_FOLDER/5_orchestration_2.py', '--cfg-path', '/tmp/tmpu7nyys7l', '--error-file', '/tmp/tmp_8o2qj8g']
[2023-02-05 17:57:53,769] {standard_task_runner.py:80} INFO - Job 85: Subtask task_3
[2023-02-05 17:57:53,853] {task_command.py:371} INFO - Running <TaskInstance: orchestration.task_3 scheduled__2023-01-09T00:00:00+00:00 [running]> on host pc.
[2023-02-05 17:57:53,936] {taskinstance.py:1589} INFO - Exporting the following env vars:
AIRFLOW_CTX_DAG_OWNER=airflow
AIRFLOW_CTX_DAG_ID=orchestration
AIRFLOW_CTX_TASK_ID=task_3
AIRFLOW_CTX_EXECUTION_DATE=2023-01-09T00:00:00+00:00
AIRFLOW_CTX_TRY_NUMBER=1
AIRFLOW_CTX_DAG_RUN_ID=scheduled__2023-01-09T00:00:00+00:00
[2023-02-05 17:57:53,937] {subprocess.py:62} INFO - Tmp dir root location: 
 /tmp
[2023-02-05 17:57:53,938] {subprocess.py:74} INFO - Running command: ['bash', '-c', "sleep 1 && echo 'Task_3'"]
[2023-02-05 17:57:53,946] {subprocess.py:85} INFO - Output:
[2023-02-05 17:57:54,949] {subprocess.py:92} INFO - Task_3
[2023-02-05 17:57:54,950] {subprocess.py:96} INFO - Command exited with return code 0
[2023-02-05 17:57:54,980] {taskinstance.py:1415} INFO - Marking task as SUCCESS. dag_id=orchestration, task_id=task_3, execution_date=20230109T000000, start_date=20230205T225753, end_date=20230205T225754
[2023-02-05 17:57:55,023] {local_task_job.py:156} INFO - Task exited with return code 0
[2023-02-05 17:57:55,065] {local_task_job.py:273} INFO - 0 downstream tasks scheduled from follow-on schedule check
