[2023-02-07 20:01:11,832] {taskinstance.py:1179} INFO - Dependencies all met for <TaskInstance: 07.3_file_sensor.end_task scheduled__2022-12-24T00:00:00+00:00 [queued]>
[2023-02-07 20:01:11,844] {taskinstance.py:1179} INFO - Dependencies all met for <TaskInstance: 07.3_file_sensor.end_task scheduled__2022-12-24T00:00:00+00:00 [queued]>
[2023-02-07 20:01:11,844] {taskinstance.py:1376} INFO - 
--------------------------------------------------------------------------------
[2023-02-07 20:01:11,844] {taskinstance.py:1377} INFO - Starting attempt 1 of 1
[2023-02-07 20:01:11,844] {taskinstance.py:1378} INFO - 
--------------------------------------------------------------------------------
[2023-02-07 20:01:11,867] {taskinstance.py:1397} INFO - Executing <Task(BashOperator): end_task> on 2022-12-24 00:00:00+00:00
[2023-02-07 20:01:11,872] {standard_task_runner.py:52} INFO - Started process 43385 to run task
[2023-02-07 20:01:11,879] {standard_task_runner.py:79} INFO - Running: ['airflow', 'tasks', 'run', '07.3_file_sensor', 'end_task', 'scheduled__2022-12-24T00:00:00+00:00', '--job-id', '883', '--raw', '--subdir', 'DAGS_FOLDER/07.3_file_sensor.py', '--cfg-path', '/tmp/tmpq9p1v4n0', '--error-file', '/tmp/tmpgfcb0xf2']
[2023-02-07 20:01:11,880] {standard_task_runner.py:80} INFO - Job 883: Subtask end_task
[2023-02-07 20:01:11,976] {task_command.py:371} INFO - Running <TaskInstance: 07.3_file_sensor.end_task scheduled__2022-12-24T00:00:00+00:00 [running]> on host pc.
[2023-02-07 20:01:12,076] {taskinstance.py:1589} INFO - Exporting the following env vars:
AIRFLOW_CTX_DAG_OWNER=airflow
AIRFLOW_CTX_DAG_ID=07.3_file_sensor
AIRFLOW_CTX_TASK_ID=end_task
AIRFLOW_CTX_EXECUTION_DATE=2022-12-24T00:00:00+00:00
AIRFLOW_CTX_TRY_NUMBER=1
AIRFLOW_CTX_DAG_RUN_ID=scheduled__2022-12-24T00:00:00+00:00
[2023-02-07 20:01:12,077] {subprocess.py:62} INFO - Tmp dir root location: 
 /tmp
[2023-02-07 20:01:12,078] {subprocess.py:74} INFO - Running command: ['bash', '-c', "echo 'The file has arrived!'"]
[2023-02-07 20:01:12,089] {subprocess.py:85} INFO - Output:
[2023-02-07 20:01:12,090] {subprocess.py:92} INFO - The file has arrived!
[2023-02-07 20:01:12,091] {subprocess.py:96} INFO - Command exited with return code 0
[2023-02-07 20:01:12,126] {taskinstance.py:1415} INFO - Marking task as SUCCESS. dag_id=07.3_file_sensor, task_id=end_task, execution_date=20221224T000000, start_date=20230208T010111, end_date=20230208T010112
[2023-02-07 20:01:12,169] {local_task_job.py:156} INFO - Task exited with return code 0
[2023-02-07 20:01:12,197] {local_task_job.py:273} INFO - 0 downstream tasks scheduled from follow-on schedule check
