[2023-02-05 21:26:43,671] {taskinstance.py:1179} INFO - Dependencies all met for <TaskInstance: 06_monitoring.task_1 scheduled__2022-11-06T00:00:00+00:00 [queued]>
[2023-02-05 21:26:43,683] {taskinstance.py:1179} INFO - Dependencies all met for <TaskInstance: 06_monitoring.task_1 scheduled__2022-11-06T00:00:00+00:00 [queued]>
[2023-02-05 21:26:43,683] {taskinstance.py:1376} INFO - 
--------------------------------------------------------------------------------
[2023-02-05 21:26:43,683] {taskinstance.py:1377} INFO - Starting attempt 2 of 2
[2023-02-05 21:26:43,683] {taskinstance.py:1378} INFO - 
--------------------------------------------------------------------------------
[2023-02-05 21:26:43,707] {taskinstance.py:1397} INFO - Executing <Task(BashOperator): task_1> on 2022-11-06 00:00:00+00:00
[2023-02-05 21:26:43,710] {standard_task_runner.py:52} INFO - Started process 35744 to run task
[2023-02-05 21:26:43,715] {standard_task_runner.py:79} INFO - Running: ['airflow', 'tasks', 'run', '06_monitoring', 'task_1', 'scheduled__2022-11-06T00:00:00+00:00', '--job-id', '197', '--raw', '--subdir', 'DAGS_FOLDER/06_monitoring.py', '--cfg-path', '/tmp/tmpmu8ie4r9', '--error-file', '/tmp/tmpbnq8ykcn']
[2023-02-05 21:26:43,716] {standard_task_runner.py:80} INFO - Job 197: Subtask task_1
[2023-02-05 21:26:43,800] {task_command.py:371} INFO - Running <TaskInstance: 06_monitoring.task_1 scheduled__2022-11-06T00:00:00+00:00 [running]> on host pc.
[2023-02-05 21:26:43,891] {taskinstance.py:1589} INFO - Exporting the following env vars:
AIRFLOW_CTX_DAG_OWNER=airflow
AIRFLOW_CTX_DAG_ID=06_monitoring
AIRFLOW_CTX_TASK_ID=task_1
AIRFLOW_CTX_EXECUTION_DATE=2022-11-06T00:00:00+00:00
AIRFLOW_CTX_TRY_NUMBER=2
AIRFLOW_CTX_DAG_RUN_ID=scheduled__2022-11-06T00:00:00+00:00
[2023-02-05 21:26:43,893] {subprocess.py:62} INFO - Tmp dir root location: 
 /tmp
[2023-02-05 21:26:43,893] {subprocess.py:74} INFO - Running command: ['bash', '-c', "sleep 2 && echo 'First task!'"]
[2023-02-05 21:26:43,901] {subprocess.py:85} INFO - Output:
[2023-02-05 21:26:45,904] {subprocess.py:92} INFO - First task!
[2023-02-05 21:26:45,904] {subprocess.py:96} INFO - Command exited with return code 0
[2023-02-05 21:26:45,937] {taskinstance.py:1415} INFO - Marking task as SUCCESS. dag_id=06_monitoring, task_id=task_1, execution_date=20221106T000000, start_date=20230206T022643, end_date=20230206T022645
[2023-02-05 21:26:45,981] {local_task_job.py:156} INFO - Task exited with return code 0
[2023-02-05 21:26:46,008] {local_task_job.py:273} INFO - 0 downstream tasks scheduled from follow-on schedule check
[2023-02-05 21:56:35,508] {taskinstance.py:1179} INFO - Dependencies all met for <TaskInstance: 06_monitoring.task_1 scheduled__2022-11-06T00:00:00+00:00 [queued]>
[2023-02-05 21:56:35,520] {taskinstance.py:1179} INFO - Dependencies all met for <TaskInstance: 06_monitoring.task_1 scheduled__2022-11-06T00:00:00+00:00 [queued]>
[2023-02-05 21:56:35,520] {taskinstance.py:1376} INFO - 
--------------------------------------------------------------------------------
[2023-02-05 21:56:35,520] {taskinstance.py:1377} INFO - Starting attempt 2 of 2
[2023-02-05 21:56:35,520] {taskinstance.py:1378} INFO - 
--------------------------------------------------------------------------------
[2023-02-05 21:56:35,542] {taskinstance.py:1397} INFO - Executing <Task(BashOperator): task_1> on 2022-11-06 00:00:00+00:00
[2023-02-05 21:56:35,545] {standard_task_runner.py:52} INFO - Started process 36881 to run task
[2023-02-05 21:56:35,550] {standard_task_runner.py:79} INFO - Running: ['airflow', 'tasks', 'run', '06_monitoring', 'task_1', 'scheduled__2022-11-06T00:00:00+00:00', '--job-id', '220', '--raw', '--subdir', 'DAGS_FOLDER/06_monitoring.py', '--cfg-path', '/tmp/tmpj0qr0yyp', '--error-file', '/tmp/tmpmeqoe_rm']
[2023-02-05 21:56:35,551] {standard_task_runner.py:80} INFO - Job 220: Subtask task_1
[2023-02-05 21:56:35,629] {task_command.py:371} INFO - Running <TaskInstance: 06_monitoring.task_1 scheduled__2022-11-06T00:00:00+00:00 [running]> on host pc.
[2023-02-05 21:56:35,714] {taskinstance.py:1589} INFO - Exporting the following env vars:
AIRFLOW_CTX_DAG_OWNER=airflow
AIRFLOW_CTX_DAG_ID=06_monitoring
AIRFLOW_CTX_TASK_ID=task_1
AIRFLOW_CTX_EXECUTION_DATE=2022-11-06T00:00:00+00:00
AIRFLOW_CTX_TRY_NUMBER=2
AIRFLOW_CTX_DAG_RUN_ID=scheduled__2022-11-06T00:00:00+00:00
[2023-02-05 21:56:35,715] {subprocess.py:62} INFO - Tmp dir root location: 
 /tmp
[2023-02-05 21:56:35,715] {subprocess.py:74} INFO - Running command: ['bash', '-c', "sleep 2 && echo 'First task!'"]
[2023-02-05 21:56:35,723] {subprocess.py:85} INFO - Output:
[2023-02-05 21:56:37,725] {subprocess.py:92} INFO - First task!
[2023-02-05 21:56:37,725] {subprocess.py:96} INFO - Command exited with return code 0
[2023-02-05 21:56:37,755] {taskinstance.py:1415} INFO - Marking task as SUCCESS. dag_id=06_monitoring, task_id=task_1, execution_date=20221106T000000, start_date=20230206T025635, end_date=20230206T025637
[2023-02-05 21:56:37,810] {local_task_job.py:156} INFO - Task exited with return code 0
[2023-02-05 21:56:37,859] {local_task_job.py:273} INFO - 1 downstream tasks scheduled from follow-on schedule check
