[2023-02-05 21:11:23,472] {taskinstance.py:1179} INFO - Dependencies all met for <TaskInstance: 06_monitoring.task_1 scheduled__2022-11-06T00:00:00+00:00 [queued]>
[2023-02-05 21:11:23,482] {taskinstance.py:1179} INFO - Dependencies all met for <TaskInstance: 06_monitoring.task_1 scheduled__2022-11-06T00:00:00+00:00 [queued]>
[2023-02-05 21:11:23,482] {taskinstance.py:1376} INFO - 
--------------------------------------------------------------------------------
[2023-02-05 21:11:23,482] {taskinstance.py:1377} INFO - Starting attempt 1 of 1
[2023-02-05 21:11:23,482] {taskinstance.py:1378} INFO - 
--------------------------------------------------------------------------------
[2023-02-05 21:11:23,502] {taskinstance.py:1397} INFO - Executing <Task(BashOperator): task_1> on 2022-11-06 00:00:00+00:00
[2023-02-05 21:11:23,505] {standard_task_runner.py:52} INFO - Started process 35031 to run task
[2023-02-05 21:11:23,510] {standard_task_runner.py:79} INFO - Running: ['airflow', 'tasks', 'run', '06_monitoring', 'task_1', 'scheduled__2022-11-06T00:00:00+00:00', '--job-id', '138', '--raw', '--subdir', 'DAGS_FOLDER/06_monitoring.py', '--cfg-path', '/tmp/tmphz54t14_', '--error-file', '/tmp/tmpo_t2k29b']
[2023-02-05 21:11:23,511] {standard_task_runner.py:80} INFO - Job 138: Subtask task_1
[2023-02-05 21:11:23,586] {task_command.py:371} INFO - Running <TaskInstance: 06_monitoring.task_1 scheduled__2022-11-06T00:00:00+00:00 [running]> on host pc.
[2023-02-05 21:11:23,663] {taskinstance.py:1589} INFO - Exporting the following env vars:
AIRFLOW_CTX_DAG_OWNER=airflow
AIRFLOW_CTX_DAG_ID=06_monitoring
AIRFLOW_CTX_TASK_ID=task_1
AIRFLOW_CTX_EXECUTION_DATE=2022-11-06T00:00:00+00:00
AIRFLOW_CTX_TRY_NUMBER=1
AIRFLOW_CTX_DAG_RUN_ID=scheduled__2022-11-06T00:00:00+00:00
[2023-02-05 21:11:23,664] {subprocess.py:62} INFO - Tmp dir root location: 
 /tmp
[2023-02-05 21:11:23,665] {subprocess.py:74} INFO - Running command: ['bash', '-c', "sleep 2 && echo 'First task!'"]
[2023-02-05 21:11:23,673] {subprocess.py:85} INFO - Output:
[2023-02-05 21:11:25,675] {subprocess.py:92} INFO - First task!
[2023-02-05 21:11:25,676] {subprocess.py:96} INFO - Command exited with return code 0
[2023-02-05 21:11:25,706] {taskinstance.py:1415} INFO - Marking task as SUCCESS. dag_id=06_monitoring, task_id=task_1, execution_date=20221106T000000, start_date=20230206T021123, end_date=20230206T021125
[2023-02-05 21:11:25,739] {local_task_job.py:156} INFO - Task exited with return code 0
[2023-02-05 21:11:25,790] {local_task_job.py:273} INFO - 1 downstream tasks scheduled from follow-on schedule check
[2023-02-05 21:14:24,861] {taskinstance.py:1179} INFO - Dependencies all met for <TaskInstance: 06_monitoring.task_1 scheduled__2022-11-06T00:00:00+00:00 [queued]>
[2023-02-05 21:14:24,872] {taskinstance.py:1179} INFO - Dependencies all met for <TaskInstance: 06_monitoring.task_1 scheduled__2022-11-06T00:00:00+00:00 [queued]>
[2023-02-05 21:14:24,872] {taskinstance.py:1376} INFO - 
--------------------------------------------------------------------------------
[2023-02-05 21:14:24,872] {taskinstance.py:1377} INFO - Starting attempt 1 of 1
[2023-02-05 21:14:24,872] {taskinstance.py:1378} INFO - 
--------------------------------------------------------------------------------
[2023-02-05 21:14:24,893] {taskinstance.py:1397} INFO - Executing <Task(BashOperator): task_1> on 2022-11-06 00:00:00+00:00
[2023-02-05 21:14:24,896] {standard_task_runner.py:52} INFO - Started process 35242 to run task
[2023-02-05 21:14:24,901] {standard_task_runner.py:79} INFO - Running: ['airflow', 'tasks', 'run', '06_monitoring', 'task_1', 'scheduled__2022-11-06T00:00:00+00:00', '--job-id', '134', '--raw', '--subdir', 'DAGS_FOLDER/06_monitoring.py', '--cfg-path', '/tmp/tmpyubi84z3', '--error-file', '/tmp/tmprd2dd0uh']
[2023-02-05 21:14:24,903] {standard_task_runner.py:80} INFO - Job 134: Subtask task_1
[2023-02-05 21:14:25,033] {task_command.py:371} INFO - Running <TaskInstance: 06_monitoring.task_1 scheduled__2022-11-06T00:00:00+00:00 [running]> on host pc.
[2023-02-05 21:14:25,120] {taskinstance.py:1589} INFO - Exporting the following env vars:
AIRFLOW_CTX_DAG_OWNER=airflow
AIRFLOW_CTX_DAG_ID=06_monitoring
AIRFLOW_CTX_TASK_ID=task_1
AIRFLOW_CTX_EXECUTION_DATE=2022-11-06T00:00:00+00:00
AIRFLOW_CTX_TRY_NUMBER=1
AIRFLOW_CTX_DAG_RUN_ID=scheduled__2022-11-06T00:00:00+00:00
[2023-02-05 21:14:25,122] {subprocess.py:62} INFO - Tmp dir root location: 
 /tmp
[2023-02-05 21:14:25,122] {subprocess.py:74} INFO - Running command: ['bash', '-c', "sleep 2 && echo 'First task!'"]
[2023-02-05 21:14:25,130] {subprocess.py:85} INFO - Output:
[2023-02-05 21:14:27,132] {subprocess.py:92} INFO - First task!
[2023-02-05 21:14:27,132] {subprocess.py:96} INFO - Command exited with return code 0
[2023-02-05 21:14:27,163] {taskinstance.py:1415} INFO - Marking task as SUCCESS. dag_id=06_monitoring, task_id=task_1, execution_date=20221106T000000, start_date=20230206T021424, end_date=20230206T021427
[2023-02-05 21:14:27,202] {local_task_job.py:156} INFO - Task exited with return code 0
[2023-02-05 21:14:27,255] {local_task_job.py:273} INFO - 1 downstream tasks scheduled from follow-on schedule check
[2023-02-05 21:33:27,587] {taskinstance.py:1179} INFO - Dependencies all met for <TaskInstance: 06_monitoring.task_1 scheduled__2022-11-06T00:00:00+00:00 [queued]>
[2023-02-05 21:33:27,598] {taskinstance.py:1179} INFO - Dependencies all met for <TaskInstance: 06_monitoring.task_1 scheduled__2022-11-06T00:00:00+00:00 [queued]>
[2023-02-05 21:33:27,598] {taskinstance.py:1376} INFO - 
--------------------------------------------------------------------------------
[2023-02-05 21:33:27,598] {taskinstance.py:1377} INFO - Starting attempt 1 of 1
[2023-02-05 21:33:27,598] {taskinstance.py:1378} INFO - 
--------------------------------------------------------------------------------
[2023-02-05 21:33:27,664] {taskinstance.py:1397} INFO - Executing <Task(BashOperator): task_1> on 2022-11-06 00:00:00+00:00
[2023-02-05 21:33:27,667] {standard_task_runner.py:52} INFO - Started process 36105 to run task
[2023-02-05 21:33:27,672] {standard_task_runner.py:79} INFO - Running: ['airflow', 'tasks', 'run', '06_monitoring', 'task_1', 'scheduled__2022-11-06T00:00:00+00:00', '--job-id', '134', '--raw', '--subdir', 'DAGS_FOLDER/06_monitoring.py', '--cfg-path', '/tmp/tmph7xjwzd3', '--error-file', '/tmp/tmp9um317xl']
[2023-02-05 21:33:27,673] {standard_task_runner.py:80} INFO - Job 134: Subtask task_1
[2023-02-05 21:33:27,747] {task_command.py:371} INFO - Running <TaskInstance: 06_monitoring.task_1 scheduled__2022-11-06T00:00:00+00:00 [running]> on host pc.
[2023-02-05 21:33:27,827] {taskinstance.py:1589} INFO - Exporting the following env vars:
AIRFLOW_CTX_DAG_OWNER=airflow
AIRFLOW_CTX_DAG_ID=06_monitoring
AIRFLOW_CTX_TASK_ID=task_1
AIRFLOW_CTX_EXECUTION_DATE=2022-11-06T00:00:00+00:00
AIRFLOW_CTX_TRY_NUMBER=1
AIRFLOW_CTX_DAG_RUN_ID=scheduled__2022-11-06T00:00:00+00:00
[2023-02-05 21:33:27,828] {subprocess.py:62} INFO - Tmp dir root location: 
 /tmp
[2023-02-05 21:33:27,828] {subprocess.py:74} INFO - Running command: ['bash', '-c', "sleep 2 && echo 'First task!'"]
[2023-02-05 21:33:27,836] {subprocess.py:85} INFO - Output:
[2023-02-05 21:33:29,838] {subprocess.py:92} INFO - First task!
[2023-02-05 21:33:29,838] {subprocess.py:96} INFO - Command exited with return code 0
[2023-02-05 21:33:29,867] {taskinstance.py:1415} INFO - Marking task as SUCCESS. dag_id=06_monitoring, task_id=task_1, execution_date=20221106T000000, start_date=20230206T023327, end_date=20230206T023329
[2023-02-05 21:33:29,901] {local_task_job.py:156} INFO - Task exited with return code 0
[2023-02-05 21:33:29,949] {local_task_job.py:273} INFO - 1 downstream tasks scheduled from follow-on schedule check
