[2023-02-05 21:11:58,280] {taskinstance.py:1179} INFO - Dependencies all met for <TaskInstance: 06_monitoring.task_1 scheduled__2022-11-10T00:00:00+00:00 [queued]>
[2023-02-05 21:11:58,337] {taskinstance.py:1179} INFO - Dependencies all met for <TaskInstance: 06_monitoring.task_1 scheduled__2022-11-10T00:00:00+00:00 [queued]>
[2023-02-05 21:11:58,337] {taskinstance.py:1376} INFO - 
--------------------------------------------------------------------------------
[2023-02-05 21:11:58,337] {taskinstance.py:1377} INFO - Starting attempt 1 of 1
[2023-02-05 21:11:58,337] {taskinstance.py:1378} INFO - 
--------------------------------------------------------------------------------
[2023-02-05 21:11:58,390] {taskinstance.py:1397} INFO - Executing <Task(BashOperator): task_1> on 2022-11-10 00:00:00+00:00
[2023-02-05 21:11:58,394] {standard_task_runner.py:52} INFO - Started process 35075 to run task
[2023-02-05 21:11:58,399] {standard_task_runner.py:79} INFO - Running: ['airflow', 'tasks', 'run', '06_monitoring', 'task_1', 'scheduled__2022-11-10T00:00:00+00:00', '--job-id', '149', '--raw', '--subdir', 'DAGS_FOLDER/06_monitoring.py', '--cfg-path', '/tmp/tmptrha2twl', '--error-file', '/tmp/tmpjcd61esj']
[2023-02-05 21:11:58,400] {standard_task_runner.py:80} INFO - Job 149: Subtask task_1
[2023-02-05 21:11:58,481] {task_command.py:371} INFO - Running <TaskInstance: 06_monitoring.task_1 scheduled__2022-11-10T00:00:00+00:00 [running]> on host pc.
[2023-02-05 21:11:58,563] {taskinstance.py:1589} INFO - Exporting the following env vars:
AIRFLOW_CTX_DAG_OWNER=airflow
AIRFLOW_CTX_DAG_ID=06_monitoring
AIRFLOW_CTX_TASK_ID=task_1
AIRFLOW_CTX_EXECUTION_DATE=2022-11-10T00:00:00+00:00
AIRFLOW_CTX_TRY_NUMBER=1
AIRFLOW_CTX_DAG_RUN_ID=scheduled__2022-11-10T00:00:00+00:00
[2023-02-05 21:11:58,565] {subprocess.py:62} INFO - Tmp dir root location: 
 /tmp
[2023-02-05 21:11:58,565] {subprocess.py:74} INFO - Running command: ['bash', '-c', "sleep 2 && echo 'First task!'"]
[2023-02-05 21:11:58,579] {subprocess.py:85} INFO - Output:
[2023-02-05 21:12:00,581] {subprocess.py:92} INFO - First task!
[2023-02-05 21:12:00,581] {subprocess.py:96} INFO - Command exited with return code 0
[2023-02-05 21:12:00,615] {taskinstance.py:1415} INFO - Marking task as SUCCESS. dag_id=06_monitoring, task_id=task_1, execution_date=20221110T000000, start_date=20230206T021158, end_date=20230206T021200
[2023-02-05 21:12:00,660] {local_task_job.py:156} INFO - Task exited with return code 0
[2023-02-05 21:12:00,709] {local_task_job.py:273} INFO - 1 downstream tasks scheduled from follow-on schedule check
[2023-02-05 21:14:57,729] {taskinstance.py:1179} INFO - Dependencies all met for <TaskInstance: 06_monitoring.task_1 scheduled__2022-11-10T00:00:00+00:00 [queued]>
[2023-02-05 21:14:57,741] {taskinstance.py:1179} INFO - Dependencies all met for <TaskInstance: 06_monitoring.task_1 scheduled__2022-11-10T00:00:00+00:00 [queued]>
[2023-02-05 21:14:57,742] {taskinstance.py:1376} INFO - 
--------------------------------------------------------------------------------
[2023-02-05 21:14:57,742] {taskinstance.py:1377} INFO - Starting attempt 1 of 1
[2023-02-05 21:14:57,742] {taskinstance.py:1378} INFO - 
--------------------------------------------------------------------------------
[2023-02-05 21:14:57,767] {taskinstance.py:1397} INFO - Executing <Task(BashOperator): task_1> on 2022-11-10 00:00:00+00:00
[2023-02-05 21:14:57,770] {standard_task_runner.py:52} INFO - Started process 35280 to run task
[2023-02-05 21:14:57,775] {standard_task_runner.py:79} INFO - Running: ['airflow', 'tasks', 'run', '06_monitoring', 'task_1', 'scheduled__2022-11-10T00:00:00+00:00', '--job-id', '141', '--raw', '--subdir', 'DAGS_FOLDER/06_monitoring.py', '--cfg-path', '/tmp/tmpwuu_13hq', '--error-file', '/tmp/tmpgyz6k3yx']
[2023-02-05 21:14:57,776] {standard_task_runner.py:80} INFO - Job 141: Subtask task_1
[2023-02-05 21:14:57,872] {task_command.py:371} INFO - Running <TaskInstance: 06_monitoring.task_1 scheduled__2022-11-10T00:00:00+00:00 [running]> on host pc.
[2023-02-05 21:14:57,977] {taskinstance.py:1589} INFO - Exporting the following env vars:
AIRFLOW_CTX_DAG_OWNER=airflow
AIRFLOW_CTX_DAG_ID=06_monitoring
AIRFLOW_CTX_TASK_ID=task_1
AIRFLOW_CTX_EXECUTION_DATE=2022-11-10T00:00:00+00:00
AIRFLOW_CTX_TRY_NUMBER=1
AIRFLOW_CTX_DAG_RUN_ID=scheduled__2022-11-10T00:00:00+00:00
[2023-02-05 21:14:57,978] {subprocess.py:62} INFO - Tmp dir root location: 
 /tmp
[2023-02-05 21:14:57,979] {subprocess.py:74} INFO - Running command: ['bash', '-c', "sleep 2 && echo 'First task!'"]
[2023-02-05 21:14:57,992] {subprocess.py:85} INFO - Output:
[2023-02-05 21:14:59,995] {subprocess.py:92} INFO - First task!
[2023-02-05 21:14:59,995] {subprocess.py:96} INFO - Command exited with return code 0
[2023-02-05 21:15:00,034] {taskinstance.py:1415} INFO - Marking task as SUCCESS. dag_id=06_monitoring, task_id=task_1, execution_date=20221110T000000, start_date=20230206T021457, end_date=20230206T021500
[2023-02-05 21:15:00,075] {local_task_job.py:156} INFO - Task exited with return code 0
[2023-02-05 21:15:00,136] {local_task_job.py:273} INFO - 1 downstream tasks scheduled from follow-on schedule check
[2023-02-05 21:34:04,729] {taskinstance.py:1179} INFO - Dependencies all met for <TaskInstance: 06_monitoring.task_1 scheduled__2022-11-10T00:00:00+00:00 [queued]>
[2023-02-05 21:34:04,741] {taskinstance.py:1179} INFO - Dependencies all met for <TaskInstance: 06_monitoring.task_1 scheduled__2022-11-10T00:00:00+00:00 [queued]>
[2023-02-05 21:34:04,741] {taskinstance.py:1376} INFO - 
--------------------------------------------------------------------------------
[2023-02-05 21:34:04,741] {taskinstance.py:1377} INFO - Starting attempt 1 of 1
[2023-02-05 21:34:04,741] {taskinstance.py:1378} INFO - 
--------------------------------------------------------------------------------
[2023-02-05 21:34:04,763] {taskinstance.py:1397} INFO - Executing <Task(BashOperator): task_1> on 2022-11-10 00:00:00+00:00
[2023-02-05 21:34:04,766] {standard_task_runner.py:52} INFO - Started process 36142 to run task
[2023-02-05 21:34:04,771] {standard_task_runner.py:79} INFO - Running: ['airflow', 'tasks', 'run', '06_monitoring', 'task_1', 'scheduled__2022-11-10T00:00:00+00:00', '--job-id', '141', '--raw', '--subdir', 'DAGS_FOLDER/06_monitoring.py', '--cfg-path', '/tmp/tmplbmadfd6', '--error-file', '/tmp/tmpr53mdjid']
[2023-02-05 21:34:04,772] {standard_task_runner.py:80} INFO - Job 141: Subtask task_1
[2023-02-05 21:34:04,851] {task_command.py:371} INFO - Running <TaskInstance: 06_monitoring.task_1 scheduled__2022-11-10T00:00:00+00:00 [running]> on host pc.
[2023-02-05 21:34:04,931] {taskinstance.py:1589} INFO - Exporting the following env vars:
AIRFLOW_CTX_DAG_OWNER=airflow
AIRFLOW_CTX_DAG_ID=06_monitoring
AIRFLOW_CTX_TASK_ID=task_1
AIRFLOW_CTX_EXECUTION_DATE=2022-11-10T00:00:00+00:00
AIRFLOW_CTX_TRY_NUMBER=1
AIRFLOW_CTX_DAG_RUN_ID=scheduled__2022-11-10T00:00:00+00:00
[2023-02-05 21:34:04,933] {subprocess.py:62} INFO - Tmp dir root location: 
 /tmp
[2023-02-05 21:34:04,934] {subprocess.py:74} INFO - Running command: ['bash', '-c', "sleep 2 && echo 'First task!'"]
[2023-02-05 21:34:04,941] {subprocess.py:85} INFO - Output:
[2023-02-05 21:34:06,943] {subprocess.py:92} INFO - First task!
[2023-02-05 21:34:06,944] {subprocess.py:96} INFO - Command exited with return code 0
[2023-02-05 21:34:08,887] {taskinstance.py:1415} INFO - Marking task as SUCCESS. dag_id=06_monitoring, task_id=task_1, execution_date=20221110T000000, start_date=20230206T023404, end_date=20230206T023408
[2023-02-05 21:34:09,522] {local_task_job.py:156} INFO - Task exited with return code 0
[2023-02-05 21:34:09,587] {local_task_job.py:273} INFO - 1 downstream tasks scheduled from follow-on schedule check
