[2023-02-05 21:27:00,176] {taskinstance.py:1179} INFO - Dependencies all met for <TaskInstance: 06_monitoring.task_1 scheduled__2022-11-10T00:00:00+00:00 [queued]>
[2023-02-05 21:27:00,187] {taskinstance.py:1179} INFO - Dependencies all met for <TaskInstance: 06_monitoring.task_1 scheduled__2022-11-10T00:00:00+00:00 [queued]>
[2023-02-05 21:27:00,187] {taskinstance.py:1376} INFO - 
--------------------------------------------------------------------------------
[2023-02-05 21:27:00,187] {taskinstance.py:1377} INFO - Starting attempt 2 of 2
[2023-02-05 21:27:00,187] {taskinstance.py:1378} INFO - 
--------------------------------------------------------------------------------
[2023-02-05 21:27:00,207] {taskinstance.py:1397} INFO - Executing <Task(BashOperator): task_1> on 2022-11-10 00:00:00+00:00
[2023-02-05 21:27:00,210] {standard_task_runner.py:52} INFO - Started process 35760 to run task
[2023-02-05 21:27:00,216] {standard_task_runner.py:79} INFO - Running: ['airflow', 'tasks', 'run', '06_monitoring', 'task_1', 'scheduled__2022-11-10T00:00:00+00:00', '--job-id', '201', '--raw', '--subdir', 'DAGS_FOLDER/06_monitoring.py', '--cfg-path', '/tmp/tmpnt6bfmuh', '--error-file', '/tmp/tmp6ewp4hlq']
[2023-02-05 21:27:00,217] {standard_task_runner.py:80} INFO - Job 201: Subtask task_1
[2023-02-05 21:27:00,296] {task_command.py:371} INFO - Running <TaskInstance: 06_monitoring.task_1 scheduled__2022-11-10T00:00:00+00:00 [running]> on host pc.
[2023-02-05 21:27:00,379] {taskinstance.py:1589} INFO - Exporting the following env vars:
AIRFLOW_CTX_DAG_OWNER=airflow
AIRFLOW_CTX_DAG_ID=06_monitoring
AIRFLOW_CTX_TASK_ID=task_1
AIRFLOW_CTX_EXECUTION_DATE=2022-11-10T00:00:00+00:00
AIRFLOW_CTX_TRY_NUMBER=2
AIRFLOW_CTX_DAG_RUN_ID=scheduled__2022-11-10T00:00:00+00:00
[2023-02-05 21:27:00,380] {subprocess.py:62} INFO - Tmp dir root location: 
 /tmp
[2023-02-05 21:27:00,381] {subprocess.py:74} INFO - Running command: ['bash', '-c', "sleep 2 && echo 'First task!'"]
[2023-02-05 21:27:00,390] {subprocess.py:85} INFO - Output:
[2023-02-05 21:27:02,392] {subprocess.py:92} INFO - First task!
[2023-02-05 21:27:02,392] {subprocess.py:96} INFO - Command exited with return code 0
[2023-02-05 21:27:02,421] {taskinstance.py:1415} INFO - Marking task as SUCCESS. dag_id=06_monitoring, task_id=task_1, execution_date=20221110T000000, start_date=20230206T022700, end_date=20230206T022702
[2023-02-05 21:27:02,440] {local_task_job.py:156} INFO - Task exited with return code 0
[2023-02-05 21:27:02,466] {local_task_job.py:273} INFO - 0 downstream tasks scheduled from follow-on schedule check
[2023-02-05 21:56:52,075] {taskinstance.py:1179} INFO - Dependencies all met for <TaskInstance: 06_monitoring.task_1 scheduled__2022-11-10T00:00:00+00:00 [queued]>
[2023-02-05 21:56:52,086] {taskinstance.py:1179} INFO - Dependencies all met for <TaskInstance: 06_monitoring.task_1 scheduled__2022-11-10T00:00:00+00:00 [queued]>
[2023-02-05 21:56:52,087] {taskinstance.py:1376} INFO - 
--------------------------------------------------------------------------------
[2023-02-05 21:56:52,087] {taskinstance.py:1377} INFO - Starting attempt 2 of 2
[2023-02-05 21:56:52,087] {taskinstance.py:1378} INFO - 
--------------------------------------------------------------------------------
[2023-02-05 21:56:52,107] {taskinstance.py:1397} INFO - Executing <Task(BashOperator): task_1> on 2022-11-10 00:00:00+00:00
[2023-02-05 21:56:52,111] {standard_task_runner.py:52} INFO - Started process 36899 to run task
[2023-02-05 21:56:52,115] {standard_task_runner.py:79} INFO - Running: ['airflow', 'tasks', 'run', '06_monitoring', 'task_1', 'scheduled__2022-11-10T00:00:00+00:00', '--job-id', '224', '--raw', '--subdir', 'DAGS_FOLDER/06_monitoring.py', '--cfg-path', '/tmp/tmpql1g2k11', '--error-file', '/tmp/tmplgkst439']
[2023-02-05 21:56:52,116] {standard_task_runner.py:80} INFO - Job 224: Subtask task_1
[2023-02-05 21:56:52,196] {task_command.py:371} INFO - Running <TaskInstance: 06_monitoring.task_1 scheduled__2022-11-10T00:00:00+00:00 [running]> on host pc.
[2023-02-05 21:56:52,322] {taskinstance.py:1589} INFO - Exporting the following env vars:
AIRFLOW_CTX_DAG_OWNER=airflow
AIRFLOW_CTX_DAG_ID=06_monitoring
AIRFLOW_CTX_TASK_ID=task_1
AIRFLOW_CTX_EXECUTION_DATE=2022-11-10T00:00:00+00:00
AIRFLOW_CTX_TRY_NUMBER=2
AIRFLOW_CTX_DAG_RUN_ID=scheduled__2022-11-10T00:00:00+00:00
[2023-02-05 21:56:52,324] {subprocess.py:62} INFO - Tmp dir root location: 
 /tmp
[2023-02-05 21:56:52,324] {subprocess.py:74} INFO - Running command: ['bash', '-c', "sleep 2 && echo 'First task!'"]
[2023-02-05 21:56:52,333] {subprocess.py:85} INFO - Output:
[2023-02-05 21:56:54,336] {subprocess.py:92} INFO - First task!
[2023-02-05 21:56:54,336] {subprocess.py:96} INFO - Command exited with return code 0
[2023-02-05 21:56:54,375] {taskinstance.py:1415} INFO - Marking task as SUCCESS. dag_id=06_monitoring, task_id=task_1, execution_date=20221110T000000, start_date=20230206T025652, end_date=20230206T025654
[2023-02-05 21:56:54,416] {local_task_job.py:156} INFO - Task exited with return code 0
[2023-02-05 21:56:54,468] {local_task_job.py:273} INFO - 1 downstream tasks scheduled from follow-on schedule check
