[2023-02-07 22:51:57,996] {taskinstance.py:1179} INFO - Dependencies all met for <TaskInstance: 09_Xcoms.task_2_pull scheduled__2022-12-27T00:00:00+00:00 [queued]>
[2023-02-07 22:51:58,012] {taskinstance.py:1179} INFO - Dependencies all met for <TaskInstance: 09_Xcoms.task_2_pull scheduled__2022-12-27T00:00:00+00:00 [queued]>
[2023-02-07 22:51:58,013] {taskinstance.py:1376} INFO - 
--------------------------------------------------------------------------------
[2023-02-07 22:51:58,013] {taskinstance.py:1377} INFO - Starting attempt 1 of 1
[2023-02-07 22:51:58,013] {taskinstance.py:1378} INFO - 
--------------------------------------------------------------------------------
[2023-02-07 22:51:58,051] {taskinstance.py:1397} INFO - Executing <Task(BashOperator): task_2_pull> on 2022-12-27 00:00:00+00:00
[2023-02-07 22:51:58,055] {standard_task_runner.py:52} INFO - Started process 48910 to run task
[2023-02-07 22:51:58,061] {standard_task_runner.py:79} INFO - Running: ['airflow', 'tasks', 'run', '09_Xcoms', 'task_2_pull', 'scheduled__2022-12-27T00:00:00+00:00', '--job-id', '1064', '--raw', '--subdir', 'DAGS_FOLDER/09_xcoms.py', '--cfg-path', '/tmp/tmpxga4ijye', '--error-file', '/tmp/tmp981ldb5z']
[2023-02-07 22:51:58,063] {standard_task_runner.py:80} INFO - Job 1064: Subtask task_2_pull
[2023-02-07 22:51:58,170] {task_command.py:371} INFO - Running <TaskInstance: 09_Xcoms.task_2_pull scheduled__2022-12-27T00:00:00+00:00 [running]> on host pc.
[2023-02-07 22:51:58,320] {taskinstance.py:1589} INFO - Exporting the following env vars:
AIRFLOW_CTX_DAG_OWNER=airflow
AIRFLOW_CTX_DAG_ID=09_Xcoms
AIRFLOW_CTX_TASK_ID=task_2_pull
AIRFLOW_CTX_EXECUTION_DATE=2022-12-27T00:00:00+00:00
AIRFLOW_CTX_TRY_NUMBER=1
AIRFLOW_CTX_DAG_RUN_ID=scheduled__2022-12-27T00:00:00+00:00
[2023-02-07 22:51:58,321] {subprocess.py:62} INFO - Tmp dir root location: 
 /tmp
[2023-02-07 22:51:58,322] {subprocess.py:74} INFO - Running command: ['bash', '-c', 'sleep 3 && echo None']
[2023-02-07 22:51:58,332] {subprocess.py:85} INFO - Output:
[2023-02-07 22:52:01,336] {subprocess.py:92} INFO - None
[2023-02-07 22:52:01,336] {subprocess.py:96} INFO - Command exited with return code 0
[2023-02-07 22:52:01,375] {taskinstance.py:1415} INFO - Marking task as SUCCESS. dag_id=09_Xcoms, task_id=task_2_pull, execution_date=20221227T000000, start_date=20230208T035157, end_date=20230208T035201
[2023-02-07 22:52:01,407] {local_task_job.py:156} INFO - Task exited with return code 0
[2023-02-07 22:52:01,437] {local_task_job.py:273} INFO - 0 downstream tasks scheduled from follow-on schedule check
