[2023-02-05 21:12:14,573] {taskinstance.py:1179} INFO - Dependencies all met for <TaskInstance: 06_monitoring.task_2 scheduled__2022-11-11T00:00:00+00:00 [queued]>
[2023-02-05 21:12:14,583] {taskinstance.py:1179} INFO - Dependencies all met for <TaskInstance: 06_monitoring.task_2 scheduled__2022-11-11T00:00:00+00:00 [queued]>
[2023-02-05 21:12:14,583] {taskinstance.py:1376} INFO - 
--------------------------------------------------------------------------------
[2023-02-05 21:12:14,583] {taskinstance.py:1377} INFO - Starting attempt 1 of 1
[2023-02-05 21:12:14,583] {taskinstance.py:1378} INFO - 
--------------------------------------------------------------------------------
[2023-02-05 21:12:14,647] {taskinstance.py:1397} INFO - Executing <Task(BashOperator): task_2> on 2022-11-11 00:00:00+00:00
[2023-02-05 21:12:14,651] {standard_task_runner.py:52} INFO - Started process 35095 to run task
[2023-02-05 21:12:14,657] {standard_task_runner.py:79} INFO - Running: ['airflow', 'tasks', 'run', '06_monitoring', 'task_2', 'scheduled__2022-11-11T00:00:00+00:00', '--job-id', '153', '--raw', '--subdir', 'DAGS_FOLDER/06_monitoring.py', '--cfg-path', '/tmp/tmpkd3k2yrz', '--error-file', '/tmp/tmpd_2pzzdr']
[2023-02-05 21:12:14,658] {standard_task_runner.py:80} INFO - Job 153: Subtask task_2
[2023-02-05 21:12:14,738] {task_command.py:371} INFO - Running <TaskInstance: 06_monitoring.task_2 scheduled__2022-11-11T00:00:00+00:00 [running]> on host pc.
[2023-02-05 21:12:14,821] {taskinstance.py:1589} INFO - Exporting the following env vars:
AIRFLOW_CTX_DAG_OWNER=airflow
AIRFLOW_CTX_DAG_ID=06_monitoring
AIRFLOW_CTX_TASK_ID=task_2
AIRFLOW_CTX_EXECUTION_DATE=2022-11-11T00:00:00+00:00
AIRFLOW_CTX_TRY_NUMBER=1
AIRFLOW_CTX_DAG_RUN_ID=scheduled__2022-11-11T00:00:00+00:00
[2023-02-05 21:12:14,822] {subprocess.py:62} INFO - Tmp dir root location: 
 /tmp
[2023-02-05 21:12:14,823] {subprocess.py:74} INFO - Running command: ['bash', '-c', "sleep 2 && echo 'Second task!"]
[2023-02-05 21:12:14,831] {subprocess.py:85} INFO - Output:
[2023-02-05 21:12:14,832] {subprocess.py:92} INFO - bash: -c: line 1: unexpected EOF while looking for matching `''
[2023-02-05 21:12:14,832] {subprocess.py:92} INFO - bash: -c: line 2: syntax error: unexpected end of file
[2023-02-05 21:12:14,832] {subprocess.py:96} INFO - Command exited with return code 2
[2023-02-05 21:12:14,845] {taskinstance.py:1909} ERROR - Task failed with exception
Traceback (most recent call last):
  File "/home/milo/13-airflow/airflowhome/airflowenv/lib/python3.9/site-packages/airflow/operators/bash.py", line 194, in execute
    raise AirflowException(
airflow.exceptions.AirflowException: Bash command failed. The command returned a non-zero exit code 2.
[2023-02-05 21:12:14,848] {taskinstance.py:1415} INFO - Marking task as FAILED. dag_id=06_monitoring, task_id=task_2, execution_date=20221111T000000, start_date=20230206T021214, end_date=20230206T021214
[2023-02-05 21:12:14,865] {standard_task_runner.py:92} ERROR - Failed to execute job 153 for task task_2 (Bash command failed. The command returned a non-zero exit code 2.; 35095)
[2023-02-05 21:12:14,908] {local_task_job.py:156} INFO - Task exited with return code 1
[2023-02-05 21:12:14,956] {local_task_job.py:273} INFO - 0 downstream tasks scheduled from follow-on schedule check
[2023-02-05 21:15:28,496] {taskinstance.py:1179} INFO - Dependencies all met for <TaskInstance: 06_monitoring.task_2 scheduled__2022-11-11T00:00:00+00:00 [queued]>
[2023-02-05 21:15:28,507] {taskinstance.py:1179} INFO - Dependencies all met for <TaskInstance: 06_monitoring.task_2 scheduled__2022-11-11T00:00:00+00:00 [queued]>
[2023-02-05 21:15:28,507] {taskinstance.py:1376} INFO - 
--------------------------------------------------------------------------------
[2023-02-05 21:15:28,507] {taskinstance.py:1377} INFO - Starting attempt 1 of 1
[2023-02-05 21:15:28,507] {taskinstance.py:1378} INFO - 
--------------------------------------------------------------------------------
[2023-02-05 21:15:28,530] {taskinstance.py:1397} INFO - Executing <Task(BashOperator): task_2> on 2022-11-11 00:00:00+00:00
[2023-02-05 21:15:28,534] {standard_task_runner.py:52} INFO - Started process 35308 to run task
[2023-02-05 21:15:28,540] {standard_task_runner.py:79} INFO - Running: ['airflow', 'tasks', 'run', '06_monitoring', 'task_2', 'scheduled__2022-11-11T00:00:00+00:00', '--job-id', '146', '--raw', '--subdir', 'DAGS_FOLDER/06_monitoring.py', '--cfg-path', '/tmp/tmp5lae5p88', '--error-file', '/tmp/tmp1djy1d_5']
[2023-02-05 21:15:28,542] {standard_task_runner.py:80} INFO - Job 146: Subtask task_2
[2023-02-05 21:15:28,621] {task_command.py:371} INFO - Running <TaskInstance: 06_monitoring.task_2 scheduled__2022-11-11T00:00:00+00:00 [running]> on host pc.
[2023-02-05 21:15:28,722] {taskinstance.py:1589} INFO - Exporting the following env vars:
AIRFLOW_CTX_DAG_OWNER=airflow
AIRFLOW_CTX_DAG_ID=06_monitoring
AIRFLOW_CTX_TASK_ID=task_2
AIRFLOW_CTX_EXECUTION_DATE=2022-11-11T00:00:00+00:00
AIRFLOW_CTX_TRY_NUMBER=1
AIRFLOW_CTX_DAG_RUN_ID=scheduled__2022-11-11T00:00:00+00:00
[2023-02-05 21:15:28,723] {subprocess.py:62} INFO - Tmp dir root location: 
 /tmp
[2023-02-05 21:15:28,724] {subprocess.py:74} INFO - Running command: ['bash', '-c', "sleep 2 && echo 'Second task!"]
[2023-02-05 21:15:28,731] {subprocess.py:85} INFO - Output:
[2023-02-05 21:15:28,733] {subprocess.py:92} INFO - bash: -c: line 1: unexpected EOF while looking for matching `''
[2023-02-05 21:15:28,733] {subprocess.py:92} INFO - bash: -c: line 2: syntax error: unexpected end of file
[2023-02-05 21:15:28,733] {subprocess.py:96} INFO - Command exited with return code 2
[2023-02-05 21:15:28,745] {taskinstance.py:1909} ERROR - Task failed with exception
Traceback (most recent call last):
  File "/home/milo/13-airflow/airflowhome/airflowenv/lib/python3.9/site-packages/airflow/operators/bash.py", line 194, in execute
    raise AirflowException(
airflow.exceptions.AirflowException: Bash command failed. The command returned a non-zero exit code 2.
[2023-02-05 21:15:28,749] {taskinstance.py:1415} INFO - Marking task as FAILED. dag_id=06_monitoring, task_id=task_2, execution_date=20221111T000000, start_date=20230206T021528, end_date=20230206T021528
[2023-02-05 21:15:28,766] {standard_task_runner.py:92} ERROR - Failed to execute job 146 for task task_2 (Bash command failed. The command returned a non-zero exit code 2.; 35308)
[2023-02-05 21:15:28,791] {local_task_job.py:156} INFO - Task exited with return code 1
[2023-02-05 21:15:28,839] {local_task_job.py:273} INFO - 0 downstream tasks scheduled from follow-on schedule check
[2023-02-05 21:34:30,372] {taskinstance.py:1179} INFO - Dependencies all met for <TaskInstance: 06_monitoring.task_2 scheduled__2022-11-11T00:00:00+00:00 [queued]>
[2023-02-05 21:34:30,383] {taskinstance.py:1179} INFO - Dependencies all met for <TaskInstance: 06_monitoring.task_2 scheduled__2022-11-11T00:00:00+00:00 [queued]>
[2023-02-05 21:34:30,383] {taskinstance.py:1376} INFO - 
--------------------------------------------------------------------------------
[2023-02-05 21:34:30,383] {taskinstance.py:1377} INFO - Starting attempt 1 of 1
[2023-02-05 21:34:30,383] {taskinstance.py:1378} INFO - 
--------------------------------------------------------------------------------
[2023-02-05 21:34:30,405] {taskinstance.py:1397} INFO - Executing <Task(BashOperator): task_2> on 2022-11-11 00:00:00+00:00
[2023-02-05 21:34:30,409] {standard_task_runner.py:52} INFO - Started process 36173 to run task
[2023-02-05 21:34:30,414] {standard_task_runner.py:79} INFO - Running: ['airflow', 'tasks', 'run', '06_monitoring', 'task_2', 'scheduled__2022-11-11T00:00:00+00:00', '--job-id', '146', '--raw', '--subdir', 'DAGS_FOLDER/06_monitoring.py', '--cfg-path', '/tmp/tmpp8au3rkj', '--error-file', '/tmp/tmpc78090ee']
[2023-02-05 21:34:30,415] {standard_task_runner.py:80} INFO - Job 146: Subtask task_2
[2023-02-05 21:34:30,489] {task_command.py:371} INFO - Running <TaskInstance: 06_monitoring.task_2 scheduled__2022-11-11T00:00:00+00:00 [running]> on host pc.
[2023-02-05 21:34:30,635] {taskinstance.py:1589} INFO - Exporting the following env vars:
AIRFLOW_CTX_DAG_OWNER=airflow
AIRFLOW_CTX_DAG_ID=06_monitoring
AIRFLOW_CTX_TASK_ID=task_2
AIRFLOW_CTX_EXECUTION_DATE=2022-11-11T00:00:00+00:00
AIRFLOW_CTX_TRY_NUMBER=1
AIRFLOW_CTX_DAG_RUN_ID=scheduled__2022-11-11T00:00:00+00:00
[2023-02-05 21:34:30,636] {subprocess.py:62} INFO - Tmp dir root location: 
 /tmp
[2023-02-05 21:34:30,637] {subprocess.py:74} INFO - Running command: ['bash', '-c', "sleep 2 && echo 'Second task!"]
[2023-02-05 21:34:30,648] {subprocess.py:85} INFO - Output:
[2023-02-05 21:34:30,649] {subprocess.py:92} INFO - bash: -c: line 1: unexpected EOF while looking for matching `''
[2023-02-05 21:34:30,649] {subprocess.py:92} INFO - bash: -c: line 2: syntax error: unexpected end of file
[2023-02-05 21:34:30,649] {subprocess.py:96} INFO - Command exited with return code 2
[2023-02-05 21:34:30,661] {taskinstance.py:1909} ERROR - Task failed with exception
Traceback (most recent call last):
  File "/home/milo/13-airflow/airflowhome/airflowenv/lib/python3.9/site-packages/airflow/operators/bash.py", line 194, in execute
    raise AirflowException(
airflow.exceptions.AirflowException: Bash command failed. The command returned a non-zero exit code 2.
[2023-02-05 21:34:30,665] {taskinstance.py:1415} INFO - Marking task as FAILED. dag_id=06_monitoring, task_id=task_2, execution_date=20221111T000000, start_date=20230206T023430, end_date=20230206T023430
[2023-02-05 21:34:30,681] {standard_task_runner.py:92} ERROR - Failed to execute job 146 for task task_2 (Bash command failed. The command returned a non-zero exit code 2.; 36173)
[2023-02-05 21:34:30,706] {local_task_job.py:156} INFO - Task exited with return code 1
[2023-02-05 21:34:30,753] {local_task_job.py:273} INFO - 0 downstream tasks scheduled from follow-on schedule check
