[2023-02-05 21:29:18,055] {taskinstance.py:1179} INFO - Dependencies all met for <TaskInstance: 06_monitoring.task_2 scheduled__2022-11-11T00:00:00+00:00 [queued]>
[2023-02-05 21:29:18,069] {taskinstance.py:1179} INFO - Dependencies all met for <TaskInstance: 06_monitoring.task_2 scheduled__2022-11-11T00:00:00+00:00 [queued]>
[2023-02-05 21:29:18,069] {taskinstance.py:1376} INFO - 
--------------------------------------------------------------------------------
[2023-02-05 21:29:18,069] {taskinstance.py:1377} INFO - Starting attempt 2 of 2
[2023-02-05 21:29:18,069] {taskinstance.py:1378} INFO - 
--------------------------------------------------------------------------------
[2023-02-05 21:29:18,090] {taskinstance.py:1397} INFO - Executing <Task(BashOperator): task_2> on 2022-11-11 00:00:00+00:00
[2023-02-05 21:29:18,093] {standard_task_runner.py:52} INFO - Started process 35900 to run task
[2023-02-05 21:29:18,099] {standard_task_runner.py:79} INFO - Running: ['airflow', 'tasks', 'run', '06_monitoring', 'task_2', 'scheduled__2022-11-11T00:00:00+00:00', '--job-id', '233', '--raw', '--subdir', 'DAGS_FOLDER/06_monitoring.py', '--cfg-path', '/tmp/tmpju4t54fh', '--error-file', '/tmp/tmprsxk5rpm']
[2023-02-05 21:29:18,100] {standard_task_runner.py:80} INFO - Job 233: Subtask task_2
[2023-02-05 21:29:18,201] {task_command.py:371} INFO - Running <TaskInstance: 06_monitoring.task_2 scheduled__2022-11-11T00:00:00+00:00 [running]> on host pc.
[2023-02-05 21:29:18,299] {taskinstance.py:1589} INFO - Exporting the following env vars:
AIRFLOW_CTX_DAG_OWNER=airflow
AIRFLOW_CTX_DAG_ID=06_monitoring
AIRFLOW_CTX_TASK_ID=task_2
AIRFLOW_CTX_EXECUTION_DATE=2022-11-11T00:00:00+00:00
AIRFLOW_CTX_TRY_NUMBER=2
AIRFLOW_CTX_DAG_RUN_ID=scheduled__2022-11-11T00:00:00+00:00
[2023-02-05 21:29:18,300] {subprocess.py:62} INFO - Tmp dir root location: 
 /tmp
[2023-02-05 21:29:18,300] {subprocess.py:74} INFO - Running command: ['bash', '-c', "sleep 2 && echo 'Second task!'"]
[2023-02-05 21:29:18,308] {subprocess.py:85} INFO - Output:
[2023-02-05 21:29:20,311] {subprocess.py:92} INFO - Second task!
[2023-02-05 21:29:20,312] {subprocess.py:96} INFO - Command exited with return code 0
[2023-02-05 21:29:20,348] {taskinstance.py:1415} INFO - Marking task as SUCCESS. dag_id=06_monitoring, task_id=task_2, execution_date=20221111T000000, start_date=20230206T022918, end_date=20230206T022920
[2023-02-05 21:29:20,399] {local_task_job.py:156} INFO - Task exited with return code 0
[2023-02-05 21:29:20,427] {local_task_job.py:273} INFO - 0 downstream tasks scheduled from follow-on schedule check
[2023-02-05 21:40:58,532] {taskinstance.py:1179} INFO - Dependencies all met for <TaskInstance: 06_monitoring.task_2 scheduled__2022-11-11T00:00:00+00:00 [queued]>
[2023-02-05 21:40:58,543] {taskinstance.py:1179} INFO - Dependencies all met for <TaskInstance: 06_monitoring.task_2 scheduled__2022-11-11T00:00:00+00:00 [queued]>
[2023-02-05 21:40:58,543] {taskinstance.py:1376} INFO - 
--------------------------------------------------------------------------------
[2023-02-05 21:40:58,543] {taskinstance.py:1377} INFO - Starting attempt 2 of 2
[2023-02-05 21:40:58,543] {taskinstance.py:1378} INFO - 
--------------------------------------------------------------------------------
[2023-02-05 21:40:58,563] {taskinstance.py:1397} INFO - Executing <Task(BashOperator): task_2> on 2022-11-11 00:00:00+00:00
[2023-02-05 21:40:58,567] {standard_task_runner.py:52} INFO - Started process 36436 to run task
[2023-02-05 21:40:58,572] {standard_task_runner.py:79} INFO - Running: ['airflow', 'tasks', 'run', '06_monitoring', 'task_2', 'scheduled__2022-11-11T00:00:00+00:00', '--job-id', '168', '--raw', '--subdir', 'DAGS_FOLDER/06_monitoring.py', '--cfg-path', '/tmp/tmp43czph4p', '--error-file', '/tmp/tmpzs11jswh']
[2023-02-05 21:40:58,573] {standard_task_runner.py:80} INFO - Job 168: Subtask task_2
[2023-02-05 21:40:58,655] {task_command.py:371} INFO - Running <TaskInstance: 06_monitoring.task_2 scheduled__2022-11-11T00:00:00+00:00 [running]> on host pc.
[2023-02-05 21:40:58,742] {taskinstance.py:1589} INFO - Exporting the following env vars:
AIRFLOW_CTX_DAG_OWNER=airflow
AIRFLOW_CTX_DAG_ID=06_monitoring
AIRFLOW_CTX_TASK_ID=task_2
AIRFLOW_CTX_EXECUTION_DATE=2022-11-11T00:00:00+00:00
AIRFLOW_CTX_TRY_NUMBER=2
AIRFLOW_CTX_DAG_RUN_ID=scheduled__2022-11-11T00:00:00+00:00
[2023-02-05 21:40:58,743] {subprocess.py:62} INFO - Tmp dir root location: 
 /tmp
[2023-02-05 21:40:58,744] {subprocess.py:74} INFO - Running command: ['bash', '-c', "sleep 2 && echo 'Second task!'"]
[2023-02-05 21:40:58,751] {subprocess.py:85} INFO - Output:
[2023-02-05 21:41:00,754] {subprocess.py:92} INFO - Second task!
[2023-02-05 21:41:00,755] {subprocess.py:96} INFO - Command exited with return code 0
[2023-02-05 21:41:00,784] {taskinstance.py:1415} INFO - Marking task as SUCCESS. dag_id=06_monitoring, task_id=task_2, execution_date=20221111T000000, start_date=20230206T024058, end_date=20230206T024100
[2023-02-05 21:41:00,833] {local_task_job.py:156} INFO - Task exited with return code 0
[2023-02-05 21:41:00,897] {local_task_job.py:273} INFO - 1 downstream tasks scheduled from follow-on schedule check
