[2023-02-05 17:51:34,777] {taskinstance.py:1179} INFO - Dependencies all met for <TaskInstance: orchestration.task_5 scheduled__2023-01-23T00:00:00+00:00 [queued]>
[2023-02-05 17:51:34,789] {taskinstance.py:1179} INFO - Dependencies all met for <TaskInstance: orchestration.task_5 scheduled__2023-01-23T00:00:00+00:00 [queued]>
[2023-02-05 17:51:34,790] {taskinstance.py:1376} INFO - 
--------------------------------------------------------------------------------
[2023-02-05 17:51:34,790] {taskinstance.py:1377} INFO - Starting attempt 1 of 1
[2023-02-05 17:51:34,790] {taskinstance.py:1378} INFO - 
--------------------------------------------------------------------------------
[2023-02-05 17:51:34,811] {taskinstance.py:1397} INFO - Executing <Task(BashOperator): task_5> on 2023-01-23 00:00:00+00:00
[2023-02-05 17:51:34,814] {standard_task_runner.py:52} INFO - Started process 30309 to run task
[2023-02-05 17:51:34,820] {standard_task_runner.py:79} INFO - Running: ['airflow', 'tasks', 'run', 'orchestration', 'task_5', 'scheduled__2023-01-23T00:00:00+00:00', '--job-id', '147', '--raw', '--subdir', 'DAGS_FOLDER/5_orchestration_2.py', '--cfg-path', '/tmp/tmpsh8m0rj2', '--error-file', '/tmp/tmpr2h7cwzd']
[2023-02-05 17:51:34,821] {standard_task_runner.py:80} INFO - Job 147: Subtask task_5
[2023-02-05 17:51:34,900] {task_command.py:371} INFO - Running <TaskInstance: orchestration.task_5 scheduled__2023-01-23T00:00:00+00:00 [running]> on host pc.
[2023-02-05 17:51:34,985] {taskinstance.py:1589} INFO - Exporting the following env vars:
AIRFLOW_CTX_DAG_OWNER=airflow
AIRFLOW_CTX_DAG_ID=orchestration
AIRFLOW_CTX_TASK_ID=task_5
AIRFLOW_CTX_EXECUTION_DATE=2023-01-23T00:00:00+00:00
AIRFLOW_CTX_TRY_NUMBER=1
AIRFLOW_CTX_DAG_RUN_ID=scheduled__2023-01-23T00:00:00+00:00
[2023-02-05 17:51:34,986] {subprocess.py:62} INFO - Tmp dir root location: 
 /tmp
[2023-02-05 17:51:34,987] {subprocess.py:74} INFO - Running command: ['bash', '-c', "sleep 2 && echo 'Task_5'"]
[2023-02-05 17:51:34,994] {subprocess.py:85} INFO - Output:
[2023-02-05 17:51:36,997] {subprocess.py:92} INFO - Task_5
[2023-02-05 17:51:36,997] {subprocess.py:96} INFO - Command exited with return code 0
[2023-02-05 17:51:38,818] {taskinstance.py:1415} INFO - Marking task as SUCCESS. dag_id=orchestration, task_id=task_5, execution_date=20230123T000000, start_date=20230205T225134, end_date=20230205T225138
[2023-02-05 17:51:38,887] {local_task_job.py:156} INFO - Task exited with return code 0
[2023-02-05 17:51:38,920] {local_task_job.py:273} INFO - 0 downstream tasks scheduled from follow-on schedule check
