[2023-02-05 23:39:14,009] {taskinstance.py:1179} INFO - Dependencies all met for <TaskInstance: 06_monitoring_trigger_rules.task_1 scheduled__2022-11-11T00:00:00+00:00 [queued]>
[2023-02-05 23:39:14,020] {taskinstance.py:1179} INFO - Dependencies all met for <TaskInstance: 06_monitoring_trigger_rules.task_1 scheduled__2022-11-11T00:00:00+00:00 [queued]>
[2023-02-05 23:39:14,020] {taskinstance.py:1376} INFO - 
--------------------------------------------------------------------------------
[2023-02-05 23:39:14,021] {taskinstance.py:1377} INFO - Starting attempt 1 of 3
[2023-02-05 23:39:14,021] {taskinstance.py:1378} INFO - 
--------------------------------------------------------------------------------
[2023-02-05 23:39:14,042] {taskinstance.py:1397} INFO - Executing <Task(BashOperator): task_1> on 2022-11-11 00:00:00+00:00
[2023-02-05 23:39:14,045] {standard_task_runner.py:52} INFO - Started process 39493 to run task
[2023-02-05 23:39:14,051] {standard_task_runner.py:79} INFO - Running: ['airflow', 'tasks', 'run', '06_monitoring_trigger_rules', 'task_1', 'scheduled__2022-11-11T00:00:00+00:00', '--job-id', '329', '--raw', '--subdir', 'DAGS_FOLDER/06.2_monitoring_trigger_rules.py', '--cfg-path', '/tmp/tmpneip7zbx', '--error-file', '/tmp/tmpnf7rny2i']
[2023-02-05 23:39:14,052] {standard_task_runner.py:80} INFO - Job 329: Subtask task_1
[2023-02-05 23:39:14,125] {task_command.py:371} INFO - Running <TaskInstance: 06_monitoring_trigger_rules.task_1 scheduled__2022-11-11T00:00:00+00:00 [running]> on host pc.
[2023-02-05 23:39:14,203] {taskinstance.py:1589} INFO - Exporting the following env vars:
AIRFLOW_CTX_DAG_OWNER=airflow
AIRFLOW_CTX_DAG_ID=06_monitoring_trigger_rules
AIRFLOW_CTX_TASK_ID=task_1
AIRFLOW_CTX_EXECUTION_DATE=2022-11-11T00:00:00+00:00
AIRFLOW_CTX_TRY_NUMBER=1
AIRFLOW_CTX_DAG_RUN_ID=scheduled__2022-11-11T00:00:00+00:00
[2023-02-05 23:39:14,204] {subprocess.py:62} INFO - Tmp dir root location: 
 /tmp
[2023-02-05 23:39:14,205] {subprocess.py:74} INFO - Running command: ['bash', '-c', "sleep 2 && echo 'First task!'"]
[2023-02-05 23:39:14,212] {subprocess.py:85} INFO - Output:
[2023-02-05 23:39:16,214] {subprocess.py:92} INFO - First task!
[2023-02-05 23:39:16,214] {subprocess.py:96} INFO - Command exited with return code 0
[2023-02-05 23:39:16,244] {taskinstance.py:1415} INFO - Marking task as SUCCESS. dag_id=06_monitoring_trigger_rules, task_id=task_1, execution_date=20221111T000000, start_date=20230206T043914, end_date=20230206T043916
[2023-02-05 23:39:16,268] {local_task_job.py:156} INFO - Task exited with return code 0
[2023-02-05 23:39:16,317] {local_task_job.py:273} INFO - 1 downstream tasks scheduled from follow-on schedule check
