[2023-02-22 01:13:16,807] {taskinstance.py:1179} INFO - Dependencies all met for <TaskInstance: steam_dag.notification scheduled__2022-07-01T00:00:00+00:00 [queued]>
[2023-02-22 01:13:16,822] {taskinstance.py:1179} INFO - Dependencies all met for <TaskInstance: steam_dag.notification scheduled__2022-07-01T00:00:00+00:00 [queued]>
[2023-02-22 01:13:16,822] {taskinstance.py:1376} INFO - 
--------------------------------------------------------------------------------
[2023-02-22 01:13:16,822] {taskinstance.py:1377} INFO - Starting attempt 3 of 3
[2023-02-22 01:13:16,822] {taskinstance.py:1378} INFO - 
--------------------------------------------------------------------------------
[2023-02-22 01:13:16,849] {taskinstance.py:1397} INFO - Executing <Task(EmailOperator): notification> on 2022-07-01 00:00:00+00:00
[2023-02-22 01:13:16,853] {standard_task_runner.py:52} INFO - Started process 78677 to run task
[2023-02-22 01:13:16,859] {standard_task_runner.py:79} INFO - Running: ['airflow', 'tasks', 'run', 'steam_dag', 'notification', 'scheduled__2022-07-01T00:00:00+00:00', '--job-id', '1503', '--raw', '--subdir', 'DAGS_FOLDER/steam_dag.py', '--cfg-path', '/tmp/tmpm35lmnh7', '--error-file', '/tmp/tmpglgq25md']
[2023-02-22 01:13:16,862] {standard_task_runner.py:80} INFO - Job 1503: Subtask notification
[2023-02-22 01:13:16,951] {task_command.py:371} INFO - Running <TaskInstance: steam_dag.notification scheduled__2022-07-01T00:00:00+00:00 [running]> on host pc.
[2023-02-22 01:13:17,182] {taskinstance.py:1589} INFO - Exporting the following env vars:
AIRFLOW_CTX_DAG_OWNER=airflow
AIRFLOW_CTX_DAG_ID=steam_dag
AIRFLOW_CTX_TASK_ID=notification
AIRFLOW_CTX_EXECUTION_DATE=2022-07-01T00:00:00+00:00
AIRFLOW_CTX_TRY_NUMBER=3
AIRFLOW_CTX_DAG_RUN_ID=scheduled__2022-07-01T00:00:00+00:00
[2023-02-22 01:13:17,204] {logging_mixin.py:115} WARNING - /home/milo/13-airflow/airflowhome/airflowenv/lib/python3.9/site-packages/airflow/utils/email.py:119 PendingDeprecationWarning: Fetching SMTP credentials from configuration variables will be deprecated in a future release. Please set credentials using a connection instead.
[2023-02-22 01:13:17,204] {configuration.py:552} WARNING - section/key [smtp/smtp_user] not found in config
[2023-02-22 01:13:17,204] {email.py:228} INFO - Email alerting: attempt 1
[2023-02-22 01:13:17,205] {taskinstance.py:1909} ERROR - Task failed with exception
Traceback (most recent call last):
  File "/home/milo/13-airflow/airflowhome/airflowenv/lib/python3.9/site-packages/airflow/operators/email.py", line 75, in execute
    send_email(
  File "/home/milo/13-airflow/airflowhome/airflowenv/lib/python3.9/site-packages/airflow/utils/email.py", line 58, in send_email
    return backend(
  File "/home/milo/13-airflow/airflowhome/airflowenv/lib/python3.9/site-packages/airflow/utils/email.py", line 119, in send_email_smtp
    send_mime_email(e_from=mail_from, e_to=recipients, mime_msg=msg, conn_id=conn_id, dryrun=dryrun)
  File "/home/milo/13-airflow/airflowhome/airflowenv/lib/python3.9/site-packages/airflow/utils/email.py", line 230, in send_mime_email
    smtp_conn = _get_smtp_connection(smtp_host, smtp_port, smtp_timeout, smtp_ssl)
  File "/home/milo/13-airflow/airflowhome/airflowenv/lib/python3.9/site-packages/airflow/utils/email.py", line 264, in _get_smtp_connection
    else smtplib.SMTP(host=host, port=port, timeout=timeout)
  File "/home/milo/.pyenv/versions/3.9.12/lib/python3.9/smtplib.py", line 255, in __init__
    (code, msg) = self.connect(host, port)
  File "/home/milo/.pyenv/versions/3.9.12/lib/python3.9/smtplib.py", line 341, in connect
    self.sock = self._get_socket(host, port, self.timeout)
  File "/home/milo/.pyenv/versions/3.9.12/lib/python3.9/smtplib.py", line 312, in _get_socket
    return socket.create_connection((host, port), timeout,
  File "/home/milo/.pyenv/versions/3.9.12/lib/python3.9/socket.py", line 844, in create_connection
    raise err
  File "/home/milo/.pyenv/versions/3.9.12/lib/python3.9/socket.py", line 832, in create_connection
    sock.connect(sa)
ConnectionRefusedError: [Errno 111] Connection refused
[2023-02-22 01:13:17,214] {taskinstance.py:1415} INFO - Marking task as FAILED. dag_id=steam_dag, task_id=notification, execution_date=20220701T000000, start_date=20230222T061316, end_date=20230222T061317
[2023-02-22 01:13:17,232] {standard_task_runner.py:92} ERROR - Failed to execute job 1503 for task notification ([Errno 111] Connection refused; 78677)
[2023-02-22 01:13:17,274] {local_task_job.py:156} INFO - Task exited with return code 1
[2023-02-22 01:13:17,300] {local_task_job.py:273} INFO - 0 downstream tasks scheduled from follow-on schedule check
