[2023-02-07 17:56:49,820] {taskinstance.py:1179} INFO - Dependencies all met for <TaskInstance: 07.2_external_task_sensor.waiting_dag scheduled__2022-11-02T00:00:00+00:00 [queued]>
[2023-02-07 17:56:49,829] {taskinstance.py:1179} INFO - Dependencies all met for <TaskInstance: 07.2_external_task_sensor.waiting_dag scheduled__2022-11-02T00:00:00+00:00 [queued]>
[2023-02-07 17:56:49,829] {taskinstance.py:1376} INFO - 
--------------------------------------------------------------------------------
[2023-02-07 17:56:49,829] {taskinstance.py:1377} INFO - Starting attempt 1 of 1
[2023-02-07 17:56:49,830] {taskinstance.py:1378} INFO - 
--------------------------------------------------------------------------------
[2023-02-07 17:56:49,854] {taskinstance.py:1397} INFO - Executing <Task(ExternalTaskSensor): waiting_dag> on 2022-11-02 00:00:00+00:00
[2023-02-07 17:56:49,857] {standard_task_runner.py:52} INFO - Started process 27618 to run task
[2023-02-07 17:56:49,862] {standard_task_runner.py:79} INFO - Running: ['airflow', 'tasks', 'run', '07.2_external_task_sensor', 'waiting_dag', 'scheduled__2022-11-02T00:00:00+00:00', '--job-id', '409', '--raw', '--subdir', 'DAGS_FOLDER/07.2_external_task_sensor.py', '--cfg-path', '/tmp/tmp1j18rf4h', '--error-file', '/tmp/tmp_w_4w3nd']
[2023-02-07 17:56:49,863] {standard_task_runner.py:80} INFO - Job 409: Subtask waiting_dag
[2023-02-07 17:56:49,945] {task_command.py:371} INFO - Running <TaskInstance: 07.2_external_task_sensor.waiting_dag scheduled__2022-11-02T00:00:00+00:00 [running]> on host pc.
[2023-02-07 17:56:50,034] {taskinstance.py:1589} INFO - Exporting the following env vars:
AIRFLOW_CTX_DAG_OWNER=airflow
AIRFLOW_CTX_DAG_ID=07.2_external_task_sensor
AIRFLOW_CTX_TASK_ID=waiting_dag
AIRFLOW_CTX_EXECUTION_DATE=2022-11-02T00:00:00+00:00
AIRFLOW_CTX_TRY_NUMBER=1
AIRFLOW_CTX_DAG_RUN_ID=scheduled__2022-11-02T00:00:00+00:00
[2023-02-07 17:56:50,035] {external_task.py:184} INFO - Poking for tasks ['task_1'] in dag 07_external_task_sensor on 2022-11-02T00:00:00+00:00 ... 
[2023-02-07 17:57:00,050] {external_task.py:184} INFO - Poking for tasks ['task_1'] in dag 07_external_task_sensor on 2022-11-02T00:00:00+00:00 ... 
[2023-02-07 17:57:10,065] {external_task.py:184} INFO - Poking for tasks ['task_1'] in dag 07_external_task_sensor on 2022-11-02T00:00:00+00:00 ... 
[2023-02-07 17:57:20,080] {external_task.py:184} INFO - Poking for tasks ['task_1'] in dag 07_external_task_sensor on 2022-11-02T00:00:00+00:00 ... 
[2023-02-07 17:57:30,092] {external_task.py:184} INFO - Poking for tasks ['task_1'] in dag 07_external_task_sensor on 2022-11-02T00:00:00+00:00 ... 
[2023-02-07 17:57:40,107] {external_task.py:184} INFO - Poking for tasks ['task_1'] in dag 07_external_task_sensor on 2022-11-02T00:00:00+00:00 ... 
[2023-02-07 17:57:50,116] {external_task.py:184} INFO - Poking for tasks ['task_1'] in dag 07_external_task_sensor on 2022-11-02T00:00:00+00:00 ... 
[2023-02-07 17:58:00,131] {external_task.py:184} INFO - Poking for tasks ['task_1'] in dag 07_external_task_sensor on 2022-11-02T00:00:00+00:00 ... 
[2023-02-07 17:58:10,143] {external_task.py:184} INFO - Poking for tasks ['task_1'] in dag 07_external_task_sensor on 2022-11-02T00:00:00+00:00 ... 
[2023-02-07 17:58:20,154] {external_task.py:184} INFO - Poking for tasks ['task_1'] in dag 07_external_task_sensor on 2022-11-02T00:00:00+00:00 ... 
[2023-02-07 17:58:30,168] {external_task.py:184} INFO - Poking for tasks ['task_1'] in dag 07_external_task_sensor on 2022-11-02T00:00:00+00:00 ... 
[2023-02-07 17:58:40,172] {external_task.py:184} INFO - Poking for tasks ['task_1'] in dag 07_external_task_sensor on 2022-11-02T00:00:00+00:00 ... 
[2023-02-07 17:58:50,187] {external_task.py:184} INFO - Poking for tasks ['task_1'] in dag 07_external_task_sensor on 2022-11-02T00:00:00+00:00 ... 
[2023-02-07 17:59:00,192] {external_task.py:184} INFO - Poking for tasks ['task_1'] in dag 07_external_task_sensor on 2022-11-02T00:00:00+00:00 ... 
[2023-02-07 17:59:02,617] {process_utils.py:125} INFO - Sending Signals.SIGTERM to group 27618. PIDs of all processes in the group: [27618]
[2023-02-07 17:59:02,618] {process_utils.py:80} INFO - Sending the signal Signals.SIGTERM to group 27618
[2023-02-07 17:59:02,618] {taskinstance.py:1561} ERROR - Received SIGTERM. Terminating subprocesses.
[2023-02-07 17:59:02,640] {taskinstance.py:1909} ERROR - Task failed with exception
Traceback (most recent call last):
  File "/home/milo/13-airflow/airflowhome/airflowenv/lib/python3.9/site-packages/airflow/sensors/base.py", line 299, in execute
    time.sleep(self._get_next_poke_interval(started_at, run_duration, try_number))
  File "/home/milo/13-airflow/airflowhome/airflowenv/lib/python3.9/site-packages/airflow/models/taskinstance.py", line 1563, in signal_handler
    raise AirflowException("Task received SIGTERM signal")
airflow.exceptions.AirflowException: Task received SIGTERM signal
[2023-02-07 17:59:02,650] {taskinstance.py:1415} INFO - Marking task as FAILED. dag_id=07.2_external_task_sensor, task_id=waiting_dag, execution_date=20221102T000000, start_date=20230207T225649, end_date=20230207T225902
[2023-02-07 17:59:02,696] {standard_task_runner.py:92} ERROR - Failed to execute job 409 for task waiting_dag (Task received SIGTERM signal; 27618)
[2023-02-07 17:59:02,720] {process_utils.py:75} INFO - Process psutil.Process(pid=27618, status='terminated', exitcode=1, started='17:56:48') (27618) terminated with exit code 1
[2023-02-07 19:05:45,219] {taskinstance.py:1179} INFO - Dependencies all met for <TaskInstance: 07.2_external_task_sensor.waiting_dag scheduled__2022-11-02T00:00:00+00:00 [queued]>
[2023-02-07 19:05:45,230] {taskinstance.py:1179} INFO - Dependencies all met for <TaskInstance: 07.2_external_task_sensor.waiting_dag scheduled__2022-11-02T00:00:00+00:00 [queued]>
[2023-02-07 19:05:45,230] {taskinstance.py:1376} INFO - 
--------------------------------------------------------------------------------
[2023-02-07 19:05:45,230] {taskinstance.py:1377} INFO - Starting attempt 1 of 1
[2023-02-07 19:05:45,230] {taskinstance.py:1378} INFO - 
--------------------------------------------------------------------------------
[2023-02-07 19:05:45,254] {taskinstance.py:1397} INFO - Executing <Task(ExternalTaskSensor): waiting_dag> on 2022-11-02 00:00:00+00:00
[2023-02-07 19:05:45,257] {standard_task_runner.py:52} INFO - Started process 37743 to run task
[2023-02-07 19:05:45,263] {standard_task_runner.py:79} INFO - Running: ['airflow', 'tasks', 'run', '07.2_external_task_sensor', 'waiting_dag', 'scheduled__2022-11-02T00:00:00+00:00', '--job-id', '450', '--raw', '--subdir', 'DAGS_FOLDER/07.2_external_task_sensor.py', '--cfg-path', '/tmp/tmp_c721cao', '--error-file', '/tmp/tmpng0etx3s']
[2023-02-07 19:05:45,265] {standard_task_runner.py:80} INFO - Job 450: Subtask waiting_dag
[2023-02-07 19:05:45,351] {task_command.py:371} INFO - Running <TaskInstance: 07.2_external_task_sensor.waiting_dag scheduled__2022-11-02T00:00:00+00:00 [running]> on host pc.
[2023-02-07 19:05:45,447] {taskinstance.py:1589} INFO - Exporting the following env vars:
AIRFLOW_CTX_DAG_OWNER=airflow
AIRFLOW_CTX_DAG_ID=07.2_external_task_sensor
AIRFLOW_CTX_TASK_ID=waiting_dag
AIRFLOW_CTX_EXECUTION_DATE=2022-11-02T00:00:00+00:00
AIRFLOW_CTX_TRY_NUMBER=1
AIRFLOW_CTX_DAG_RUN_ID=scheduled__2022-11-02T00:00:00+00:00
[2023-02-07 19:05:45,448] {external_task.py:184} INFO - Poking for tasks ['external_task_1'] in dag 07.1_external_dag on 2022-11-02T00:00:00+00:00 ... 
[2023-02-07 19:05:45,455] {base.py:301} INFO - Success criteria met. Exiting.
[2023-02-07 19:05:45,467] {taskinstance.py:1415} INFO - Marking task as SUCCESS. dag_id=07.2_external_task_sensor, task_id=waiting_dag, execution_date=20221102T000000, start_date=20230208T000545, end_date=20230208T000545
[2023-02-07 19:05:45,514] {local_task_job.py:156} INFO - Task exited with return code 0
[2023-02-07 19:05:45,569] {local_task_job.py:273} INFO - 0 downstream tasks scheduled from follow-on schedule check
