[2023-02-08 00:33:33,589] {taskinstance.py:1179} INFO - Dependencies all met for <TaskInstance: 09_Xcoms.task_2_pull scheduled__2022-12-12T00:00:00+00:00 [queued]>
[2023-02-08 00:33:33,601] {taskinstance.py:1179} INFO - Dependencies all met for <TaskInstance: 09_Xcoms.task_2_pull scheduled__2022-12-12T00:00:00+00:00 [queued]>
[2023-02-08 00:33:33,601] {taskinstance.py:1376} INFO - 
--------------------------------------------------------------------------------
[2023-02-08 00:33:33,601] {taskinstance.py:1377} INFO - Starting attempt 2 of 2
[2023-02-08 00:33:33,601] {taskinstance.py:1378} INFO - 
--------------------------------------------------------------------------------
[2023-02-08 00:33:33,621] {taskinstance.py:1397} INFO - Executing <Task(BashOperator): task_2_pull> on 2022-12-12 00:00:00+00:00
[2023-02-08 00:33:33,626] {standard_task_runner.py:52} INFO - Started process 52558 to run task
[2023-02-08 00:33:33,632] {standard_task_runner.py:79} INFO - Running: ['airflow', 'tasks', 'run', '09_Xcoms', 'task_2_pull', 'scheduled__2022-12-12T00:00:00+00:00', '--job-id', '1220', '--raw', '--subdir', 'DAGS_FOLDER/09_xcoms.py', '--cfg-path', '/tmp/tmpp3_6ki8k', '--error-file', '/tmp/tmprdyljhge']
[2023-02-08 00:33:33,633] {standard_task_runner.py:80} INFO - Job 1220: Subtask task_2_pull
[2023-02-08 00:33:33,722] {task_command.py:371} INFO - Running <TaskInstance: 09_Xcoms.task_2_pull scheduled__2022-12-12T00:00:00+00:00 [running]> on host pc.
[2023-02-08 00:33:33,827] {taskinstance.py:1589} INFO - Exporting the following env vars:
AIRFLOW_CTX_DAG_OWNER=airflow
AIRFLOW_CTX_DAG_ID=09_Xcoms
AIRFLOW_CTX_TASK_ID=task_2_pull
AIRFLOW_CTX_EXECUTION_DATE=2022-12-12T00:00:00+00:00
AIRFLOW_CTX_TRY_NUMBER=2
AIRFLOW_CTX_DAG_RUN_ID=scheduled__2022-12-12T00:00:00+00:00
[2023-02-08 00:33:33,828] {subprocess.py:62} INFO - Tmp dir root location: 
 /tmp
[2023-02-08 00:33:33,829] {subprocess.py:74} INFO - Running command: ['bash', '-c', 'sleep 3 && echo 15']
[2023-02-08 00:33:33,838] {subprocess.py:85} INFO - Output:
[2023-02-08 00:33:36,841] {subprocess.py:92} INFO - 15
[2023-02-08 00:33:36,842] {subprocess.py:96} INFO - Command exited with return code 0
[2023-02-08 00:33:36,871] {taskinstance.py:1415} INFO - Marking task as SUCCESS. dag_id=09_Xcoms, task_id=task_2_pull, execution_date=20221212T000000, start_date=20230208T053333, end_date=20230208T053336
[2023-02-08 00:33:36,934] {local_task_job.py:156} INFO - Task exited with return code 0
[2023-02-08 00:33:36,974] {local_task_job.py:273} INFO - 1 downstream tasks scheduled from follow-on schedule check
