[2023-02-08 00:10:04,399] {taskinstance.py:1179} INFO - Dependencies all met for <TaskInstance: 09_Xcoms.task_2_pull scheduled__2022-12-12T00:00:00+00:00 [queued]>
[2023-02-08 00:10:04,420] {taskinstance.py:1179} INFO - Dependencies all met for <TaskInstance: 09_Xcoms.task_2_pull scheduled__2022-12-12T00:00:00+00:00 [queued]>
[2023-02-08 00:10:04,421] {taskinstance.py:1376} INFO - 
--------------------------------------------------------------------------------
[2023-02-08 00:10:04,421] {taskinstance.py:1377} INFO - Starting attempt 1 of 1
[2023-02-08 00:10:04,421] {taskinstance.py:1378} INFO - 
--------------------------------------------------------------------------------
[2023-02-08 00:10:04,447] {taskinstance.py:1397} INFO - Executing <Task(BashOperator): task_2_pull> on 2022-12-12 00:00:00+00:00
[2023-02-08 00:10:04,451] {standard_task_runner.py:52} INFO - Started process 51615 to run task
[2023-02-08 00:10:04,460] {standard_task_runner.py:79} INFO - Running: ['airflow', 'tasks', 'run', '09_Xcoms', 'task_2_pull', 'scheduled__2022-12-12T00:00:00+00:00', '--job-id', '1101', '--raw', '--subdir', 'DAGS_FOLDER/09_xcoms.py', '--cfg-path', '/tmp/tmpk6kam_qw', '--error-file', '/tmp/tmpx3g9y2xe']
[2023-02-08 00:10:04,462] {standard_task_runner.py:80} INFO - Job 1101: Subtask task_2_pull
[2023-02-08 00:10:04,574] {task_command.py:371} INFO - Running <TaskInstance: 09_Xcoms.task_2_pull scheduled__2022-12-12T00:00:00+00:00 [running]> on host pc.
[2023-02-08 00:10:04,704] {taskinstance.py:1589} INFO - Exporting the following env vars:
AIRFLOW_CTX_DAG_OWNER=airflow
AIRFLOW_CTX_DAG_ID=09_Xcoms
AIRFLOW_CTX_TASK_ID=task_2_pull
AIRFLOW_CTX_EXECUTION_DATE=2022-12-12T00:00:00+00:00
AIRFLOW_CTX_TRY_NUMBER=1
AIRFLOW_CTX_DAG_RUN_ID=scheduled__2022-12-12T00:00:00+00:00
[2023-02-08 00:10:04,706] {subprocess.py:62} INFO - Tmp dir root location: 
 /tmp
[2023-02-08 00:10:04,706] {subprocess.py:74} INFO - Running command: ['bash', '-c', 'sleep 3 && echo 15']
[2023-02-08 00:10:04,717] {subprocess.py:85} INFO - Output:
[2023-02-08 00:10:07,720] {subprocess.py:92} INFO - 15
[2023-02-08 00:10:07,720] {subprocess.py:96} INFO - Command exited with return code 0
[2023-02-08 00:10:07,749] {taskinstance.py:1415} INFO - Marking task as SUCCESS. dag_id=09_Xcoms, task_id=task_2_pull, execution_date=20221212T000000, start_date=20230208T051004, end_date=20230208T051007
[2023-02-08 00:10:07,806] {local_task_job.py:156} INFO - Task exited with return code 0
[2023-02-08 00:10:07,831] {local_task_job.py:273} INFO - 0 downstream tasks scheduled from follow-on schedule check
