[2023-02-05 21:42:14,236] {taskinstance.py:1179} INFO - Dependencies all met for <TaskInstance: 06_monitoring.task_3 scheduled__2022-11-15T00:00:00+00:00 [queued]>
[2023-02-05 21:42:14,247] {taskinstance.py:1179} INFO - Dependencies all met for <TaskInstance: 06_monitoring.task_3 scheduled__2022-11-15T00:00:00+00:00 [queued]>
[2023-02-05 21:42:14,247] {taskinstance.py:1376} INFO - 
--------------------------------------------------------------------------------
[2023-02-05 21:42:14,247] {taskinstance.py:1377} INFO - Starting attempt 1 of 1
[2023-02-05 21:42:14,247] {taskinstance.py:1378} INFO - 
--------------------------------------------------------------------------------
[2023-02-05 21:42:14,270] {taskinstance.py:1397} INFO - Executing <Task(BashOperator): task_3> on 2022-11-15 00:00:00+00:00
[2023-02-05 21:42:14,274] {standard_task_runner.py:52} INFO - Started process 36511 to run task
[2023-02-05 21:42:14,279] {standard_task_runner.py:79} INFO - Running: ['airflow', 'tasks', 'run', '06_monitoring', 'task_3', 'scheduled__2022-11-15T00:00:00+00:00', '--job-id', '186', '--raw', '--subdir', 'DAGS_FOLDER/06_monitoring.py', '--cfg-path', '/tmp/tmpfq9w791r', '--error-file', '/tmp/tmp5ho8ih9s']
[2023-02-05 21:42:14,280] {standard_task_runner.py:80} INFO - Job 186: Subtask task_3
[2023-02-05 21:42:14,359] {task_command.py:371} INFO - Running <TaskInstance: 06_monitoring.task_3 scheduled__2022-11-15T00:00:00+00:00 [running]> on host pc.
[2023-02-05 21:42:14,442] {taskinstance.py:1589} INFO - Exporting the following env vars:
AIRFLOW_CTX_DAG_OWNER=airflow
AIRFLOW_CTX_DAG_ID=06_monitoring
AIRFLOW_CTX_TASK_ID=task_3
AIRFLOW_CTX_EXECUTION_DATE=2022-11-15T00:00:00+00:00
AIRFLOW_CTX_TRY_NUMBER=1
AIRFLOW_CTX_DAG_RUN_ID=scheduled__2022-11-15T00:00:00+00:00
[2023-02-05 21:42:14,443] {subprocess.py:62} INFO - Tmp dir root location: 
 /tmp
[2023-02-05 21:42:14,443] {subprocess.py:74} INFO - Running command: ['bash', '-c', "sleep 2 && echo 'Third task!'"]
[2023-02-05 21:42:14,451] {subprocess.py:85} INFO - Output:
[2023-02-05 21:42:16,454] {subprocess.py:92} INFO - Third task!
[2023-02-05 21:42:16,454] {subprocess.py:96} INFO - Command exited with return code 0
[2023-02-05 21:42:16,485] {taskinstance.py:1415} INFO - Marking task as SUCCESS. dag_id=06_monitoring, task_id=task_3, execution_date=20221115T000000, start_date=20230206T024214, end_date=20230206T024216
[2023-02-05 21:42:16,538] {local_task_job.py:156} INFO - Task exited with return code 0
[2023-02-05 21:42:16,586] {local_task_job.py:273} INFO - 1 downstream tasks scheduled from follow-on schedule check
