[2023-02-08 00:26:26,006] {taskinstance.py:1179} INFO - Dependencies all met for <TaskInstance: 09_Xcoms.task_1_source scheduled__2022-12-12T00:00:00+00:00 [None]>
[2023-02-08 00:26:26,017] {taskinstance.py:1179} INFO - Dependencies all met for <TaskInstance: 09_Xcoms.task_1_source scheduled__2022-12-12T00:00:00+00:00 [None]>
[2023-02-08 00:26:26,017] {taskinstance.py:1376} INFO - 
--------------------------------------------------------------------------------
[2023-02-08 00:26:26,017] {taskinstance.py:1377} INFO - Starting attempt 4 of 4
[2023-02-08 00:26:26,017] {taskinstance.py:1378} INFO - 
--------------------------------------------------------------------------------
[2023-02-08 00:26:26,045] {taskinstance.py:1397} INFO - Executing <Task(BashOperator): task_1_source> on 2022-12-12 00:00:00+00:00
[2023-02-08 00:26:26,048] {standard_task_runner.py:52} INFO - Started process 52241 to run task
[2023-02-08 00:26:26,055] {standard_task_runner.py:79} INFO - Running: ['airflow', 'tasks', 'run', '09_Xcoms', 'task_1_source', 'scheduled__2022-12-12T00:00:00+00:00', '--job-id', '1181', '--raw', '--subdir', 'DAGS_FOLDER/09_xcoms.py', '--cfg-path', '/tmp/tmpf9rp7v33', '--error-file', '/tmp/tmp_1nvhzen']
[2023-02-08 00:26:26,057] {standard_task_runner.py:80} INFO - Job 1181: Subtask task_1_source
[2023-02-08 00:26:26,154] {task_command.py:371} INFO - Running <TaskInstance: 09_Xcoms.task_1_source scheduled__2022-12-12T00:00:00+00:00 [running]> on host pc.
[2023-02-08 00:26:26,254] {taskinstance.py:1589} INFO - Exporting the following env vars:
AIRFLOW_CTX_DAG_OWNER=airflow
AIRFLOW_CTX_DAG_ID=09_Xcoms
AIRFLOW_CTX_TASK_ID=task_1_source
AIRFLOW_CTX_EXECUTION_DATE=2022-12-12T00:00:00+00:00
AIRFLOW_CTX_TRY_NUMBER=4
AIRFLOW_CTX_DAG_RUN_ID=scheduled__2022-12-12T00:00:00+00:00
[2023-02-08 00:26:26,256] {subprocess.py:62} INFO - Tmp dir root location: 
 /tmp
[2023-02-08 00:26:26,257] {subprocess.py:74} INFO - Running command: ['bash', '-c', 'sleep 5 && echo $((5 * 3))']
[2023-02-08 00:26:26,267] {subprocess.py:85} INFO - Output:
[2023-02-08 00:26:31,270] {subprocess.py:92} INFO - 15
[2023-02-08 00:26:31,270] {subprocess.py:96} INFO - Command exited with return code 0
[2023-02-08 00:26:31,301] {taskinstance.py:1415} INFO - Marking task as SUCCESS. dag_id=09_Xcoms, task_id=task_1_source, execution_date=20221212T000000, start_date=20230208T052626, end_date=20230208T052631
[2023-02-08 00:26:31,340] {local_task_job.py:156} INFO - Task exited with return code 0
[2023-02-08 00:26:31,390] {local_task_job.py:273} INFO - 1 downstream tasks scheduled from follow-on schedule check
