[2023-02-05 18:40:02,836] {processor.py:153} INFO - Started process (PID=31834) to work on /home/milo/13-airflow/airflowhome/dags/05.2_orchestration.py
[2023-02-05 18:40:02,837] {processor.py:641} INFO - Processing file /home/milo/13-airflow/airflowhome/dags/05.2_orchestration.py for tasks to queue
[2023-02-05 18:40:02,840] {logging_mixin.py:115} INFO - [2023-02-05 18:40:02,840] {dagbag.py:508} INFO - Filling up the DagBag from /home/milo/13-airflow/airflowhome/dags/05.2_orchestration.py
[2023-02-05 18:40:02,853] {processor.py:651} INFO - DAG(s) dict_keys(['orchestration_2']) retrieved from /home/milo/13-airflow/airflowhome/dags/05.2_orchestration.py
[2023-02-05 18:40:02,937] {logging_mixin.py:115} INFO - [2023-02-05 18:40:02,937] {dag.py:2420} INFO - Sync 1 DAGs
[2023-02-05 18:40:02,971] {logging_mixin.py:115} INFO - [2023-02-05 18:40:02,971] {dag.py:2968} INFO - Setting next_dagrun for orchestration_2 to 2023-01-30T07:00:00+00:00, run_after=2023-02-06T07:00:00+00:00
[2023-02-05 18:40:03,015] {processor.py:161} INFO - Processing /home/milo/13-airflow/airflowhome/dags/05.2_orchestration.py took 0.184 seconds
[2023-02-05 18:40:35,073] {processor.py:153} INFO - Started process (PID=31843) to work on /home/milo/13-airflow/airflowhome/dags/05.2_orchestration.py
[2023-02-05 18:40:35,081] {processor.py:641} INFO - Processing file /home/milo/13-airflow/airflowhome/dags/05.2_orchestration.py for tasks to queue
[2023-02-05 18:40:35,082] {logging_mixin.py:115} INFO - [2023-02-05 18:40:35,082] {dagbag.py:508} INFO - Filling up the DagBag from /home/milo/13-airflow/airflowhome/dags/05.2_orchestration.py
[2023-02-05 18:40:35,092] {processor.py:651} INFO - DAG(s) dict_keys(['orchestration_2']) retrieved from /home/milo/13-airflow/airflowhome/dags/05.2_orchestration.py
[2023-02-05 18:40:35,120] {logging_mixin.py:115} INFO - [2023-02-05 18:40:35,120] {dag.py:2420} INFO - Sync 1 DAGs
[2023-02-05 18:40:35,152] {logging_mixin.py:115} INFO - [2023-02-05 18:40:35,152] {dag.py:2968} INFO - Setting next_dagrun for orchestration_2 to 2023-01-30T07:00:00+00:00, run_after=2023-02-06T07:00:00+00:00
[2023-02-05 18:40:35,608] {processor.py:161} INFO - Processing /home/milo/13-airflow/airflowhome/dags/05.2_orchestration.py took 0.541 seconds
[2023-02-05 18:41:06,413] {processor.py:153} INFO - Started process (PID=31851) to work on /home/milo/13-airflow/airflowhome/dags/05.2_orchestration.py
[2023-02-05 18:41:06,415] {processor.py:641} INFO - Processing file /home/milo/13-airflow/airflowhome/dags/05.2_orchestration.py for tasks to queue
[2023-02-05 18:41:06,416] {logging_mixin.py:115} INFO - [2023-02-05 18:41:06,416] {dagbag.py:508} INFO - Filling up the DagBag from /home/milo/13-airflow/airflowhome/dags/05.2_orchestration.py
[2023-02-05 18:41:06,426] {processor.py:651} INFO - DAG(s) dict_keys(['orchestration_2']) retrieved from /home/milo/13-airflow/airflowhome/dags/05.2_orchestration.py
[2023-02-05 18:41:06,452] {logging_mixin.py:115} INFO - [2023-02-05 18:41:06,452] {dag.py:2420} INFO - Sync 1 DAGs
[2023-02-05 18:41:06,484] {logging_mixin.py:115} INFO - [2023-02-05 18:41:06,484] {dag.py:2968} INFO - Setting next_dagrun for orchestration_2 to 2023-01-30T07:00:00+00:00, run_after=2023-02-06T07:00:00+00:00
[2023-02-05 18:41:06,509] {processor.py:161} INFO - Processing /home/milo/13-airflow/airflowhome/dags/05.2_orchestration.py took 0.101 seconds
[2023-02-05 18:41:36,736] {processor.py:153} INFO - Started process (PID=31860) to work on /home/milo/13-airflow/airflowhome/dags/05.2_orchestration.py
[2023-02-05 18:41:36,738] {processor.py:641} INFO - Processing file /home/milo/13-airflow/airflowhome/dags/05.2_orchestration.py for tasks to queue
[2023-02-05 18:41:36,738] {logging_mixin.py:115} INFO - [2023-02-05 18:41:36,738] {dagbag.py:508} INFO - Filling up the DagBag from /home/milo/13-airflow/airflowhome/dags/05.2_orchestration.py
[2023-02-05 18:41:36,748] {processor.py:651} INFO - DAG(s) dict_keys(['orchestration_2']) retrieved from /home/milo/13-airflow/airflowhome/dags/05.2_orchestration.py
[2023-02-05 18:41:36,775] {logging_mixin.py:115} INFO - [2023-02-05 18:41:36,775] {dag.py:2420} INFO - Sync 1 DAGs
[2023-02-05 18:41:36,806] {logging_mixin.py:115} INFO - [2023-02-05 18:41:36,806] {dag.py:2968} INFO - Setting next_dagrun for orchestration_2 to 2023-01-30T07:00:00+00:00, run_after=2023-02-06T07:00:00+00:00
[2023-02-05 18:41:36,825] {processor.py:161} INFO - Processing /home/milo/13-airflow/airflowhome/dags/05.2_orchestration.py took 0.094 seconds
[2023-02-05 18:42:07,114] {processor.py:153} INFO - Started process (PID=31869) to work on /home/milo/13-airflow/airflowhome/dags/05.2_orchestration.py
[2023-02-05 18:42:07,116] {processor.py:641} INFO - Processing file /home/milo/13-airflow/airflowhome/dags/05.2_orchestration.py for tasks to queue
[2023-02-05 18:42:07,117] {logging_mixin.py:115} INFO - [2023-02-05 18:42:07,117] {dagbag.py:508} INFO - Filling up the DagBag from /home/milo/13-airflow/airflowhome/dags/05.2_orchestration.py
[2023-02-05 18:42:07,127] {processor.py:651} INFO - DAG(s) dict_keys(['orchestration_2']) retrieved from /home/milo/13-airflow/airflowhome/dags/05.2_orchestration.py
[2023-02-05 18:42:07,157] {logging_mixin.py:115} INFO - [2023-02-05 18:42:07,156] {dag.py:2420} INFO - Sync 1 DAGs
[2023-02-05 18:42:07,190] {logging_mixin.py:115} INFO - [2023-02-05 18:42:07,189] {dag.py:2968} INFO - Setting next_dagrun for orchestration_2 to 2023-01-30T07:00:00+00:00, run_after=2023-02-06T07:00:00+00:00
[2023-02-05 18:42:07,212] {processor.py:161} INFO - Processing /home/milo/13-airflow/airflowhome/dags/05.2_orchestration.py took 0.102 seconds
[2023-02-05 18:42:37,585] {processor.py:153} INFO - Started process (PID=31880) to work on /home/milo/13-airflow/airflowhome/dags/05.2_orchestration.py
[2023-02-05 18:42:37,587] {processor.py:641} INFO - Processing file /home/milo/13-airflow/airflowhome/dags/05.2_orchestration.py for tasks to queue
[2023-02-05 18:42:37,591] {logging_mixin.py:115} INFO - [2023-02-05 18:42:37,591] {dagbag.py:508} INFO - Filling up the DagBag from /home/milo/13-airflow/airflowhome/dags/05.2_orchestration.py
[2023-02-05 18:42:37,601] {processor.py:651} INFO - DAG(s) dict_keys(['orchestration_2']) retrieved from /home/milo/13-airflow/airflowhome/dags/05.2_orchestration.py
[2023-02-05 18:42:37,631] {logging_mixin.py:115} INFO - [2023-02-05 18:42:37,630] {dag.py:2420} INFO - Sync 1 DAGs
[2023-02-05 18:42:37,664] {logging_mixin.py:115} INFO - [2023-02-05 18:42:37,663] {dag.py:2968} INFO - Setting next_dagrun for orchestration_2 to 2023-01-30T07:00:00+00:00, run_after=2023-02-06T07:00:00+00:00
[2023-02-05 18:42:37,685] {processor.py:161} INFO - Processing /home/milo/13-airflow/airflowhome/dags/05.2_orchestration.py took 0.106 seconds
[2023-02-05 18:43:07,897] {processor.py:153} INFO - Started process (PID=31889) to work on /home/milo/13-airflow/airflowhome/dags/05.2_orchestration.py
[2023-02-05 18:43:07,898] {processor.py:641} INFO - Processing file /home/milo/13-airflow/airflowhome/dags/05.2_orchestration.py for tasks to queue
[2023-02-05 18:43:07,899] {logging_mixin.py:115} INFO - [2023-02-05 18:43:07,899] {dagbag.py:508} INFO - Filling up the DagBag from /home/milo/13-airflow/airflowhome/dags/05.2_orchestration.py
[2023-02-05 18:43:07,909] {processor.py:651} INFO - DAG(s) dict_keys(['orchestration_2']) retrieved from /home/milo/13-airflow/airflowhome/dags/05.2_orchestration.py
[2023-02-05 18:43:07,936] {logging_mixin.py:115} INFO - [2023-02-05 18:43:07,935] {dag.py:2420} INFO - Sync 1 DAGs
[2023-02-05 18:43:07,967] {logging_mixin.py:115} INFO - [2023-02-05 18:43:07,967] {dag.py:2968} INFO - Setting next_dagrun for orchestration_2 to 2023-01-30T07:00:00+00:00, run_after=2023-02-06T07:00:00+00:00
[2023-02-05 18:43:07,991] {processor.py:161} INFO - Processing /home/milo/13-airflow/airflowhome/dags/05.2_orchestration.py took 0.099 seconds
[2023-02-05 18:43:38,207] {processor.py:153} INFO - Started process (PID=31899) to work on /home/milo/13-airflow/airflowhome/dags/05.2_orchestration.py
[2023-02-05 18:43:38,209] {processor.py:641} INFO - Processing file /home/milo/13-airflow/airflowhome/dags/05.2_orchestration.py for tasks to queue
[2023-02-05 18:43:38,210] {logging_mixin.py:115} INFO - [2023-02-05 18:43:38,209] {dagbag.py:508} INFO - Filling up the DagBag from /home/milo/13-airflow/airflowhome/dags/05.2_orchestration.py
[2023-02-05 18:43:38,220] {processor.py:651} INFO - DAG(s) dict_keys(['orchestration_2']) retrieved from /home/milo/13-airflow/airflowhome/dags/05.2_orchestration.py
[2023-02-05 18:43:38,247] {logging_mixin.py:115} INFO - [2023-02-05 18:43:38,247] {dag.py:2420} INFO - Sync 1 DAGs
[2023-02-05 18:43:38,279] {logging_mixin.py:115} INFO - [2023-02-05 18:43:38,279] {dag.py:2968} INFO - Setting next_dagrun for orchestration_2 to 2023-01-30T07:00:00+00:00, run_after=2023-02-06T07:00:00+00:00
[2023-02-05 18:43:38,299] {processor.py:161} INFO - Processing /home/milo/13-airflow/airflowhome/dags/05.2_orchestration.py took 0.097 seconds
[2023-02-05 18:44:08,534] {processor.py:153} INFO - Started process (PID=31908) to work on /home/milo/13-airflow/airflowhome/dags/05.2_orchestration.py
[2023-02-05 18:44:08,535] {processor.py:641} INFO - Processing file /home/milo/13-airflow/airflowhome/dags/05.2_orchestration.py for tasks to queue
[2023-02-05 18:44:08,536] {logging_mixin.py:115} INFO - [2023-02-05 18:44:08,536] {dagbag.py:508} INFO - Filling up the DagBag from /home/milo/13-airflow/airflowhome/dags/05.2_orchestration.py
[2023-02-05 18:44:08,546] {processor.py:651} INFO - DAG(s) dict_keys(['orchestration_2']) retrieved from /home/milo/13-airflow/airflowhome/dags/05.2_orchestration.py
[2023-02-05 18:44:08,573] {logging_mixin.py:115} INFO - [2023-02-05 18:44:08,573] {dag.py:2420} INFO - Sync 1 DAGs
[2023-02-05 18:44:08,619] {logging_mixin.py:115} INFO - [2023-02-05 18:44:08,619] {dag.py:2968} INFO - Setting next_dagrun for orchestration_2 to 2023-01-30T07:00:00+00:00, run_after=2023-02-06T07:00:00+00:00
[2023-02-05 18:44:08,638] {processor.py:161} INFO - Processing /home/milo/13-airflow/airflowhome/dags/05.2_orchestration.py took 0.109 seconds
[2023-02-05 18:44:38,843] {processor.py:153} INFO - Started process (PID=31918) to work on /home/milo/13-airflow/airflowhome/dags/05.2_orchestration.py
[2023-02-05 18:44:38,844] {processor.py:641} INFO - Processing file /home/milo/13-airflow/airflowhome/dags/05.2_orchestration.py for tasks to queue
[2023-02-05 18:44:38,845] {logging_mixin.py:115} INFO - [2023-02-05 18:44:38,844] {dagbag.py:508} INFO - Filling up the DagBag from /home/milo/13-airflow/airflowhome/dags/05.2_orchestration.py
[2023-02-05 18:44:38,858] {processor.py:651} INFO - DAG(s) dict_keys(['orchestration_2']) retrieved from /home/milo/13-airflow/airflowhome/dags/05.2_orchestration.py
[2023-02-05 18:44:38,887] {logging_mixin.py:115} INFO - [2023-02-05 18:44:38,887] {dag.py:2420} INFO - Sync 1 DAGs
[2023-02-05 18:44:38,921] {logging_mixin.py:115} INFO - [2023-02-05 18:44:38,920] {dag.py:2968} INFO - Setting next_dagrun for orchestration_2 to 2023-01-30T07:00:00+00:00, run_after=2023-02-06T07:00:00+00:00
[2023-02-05 18:44:38,943] {processor.py:161} INFO - Processing /home/milo/13-airflow/airflowhome/dags/05.2_orchestration.py took 0.107 seconds
[2023-02-05 18:45:09,227] {processor.py:153} INFO - Started process (PID=31930) to work on /home/milo/13-airflow/airflowhome/dags/05.2_orchestration.py
[2023-02-05 18:45:09,228] {processor.py:641} INFO - Processing file /home/milo/13-airflow/airflowhome/dags/05.2_orchestration.py for tasks to queue
[2023-02-05 18:45:09,229] {logging_mixin.py:115} INFO - [2023-02-05 18:45:09,229] {dagbag.py:508} INFO - Filling up the DagBag from /home/milo/13-airflow/airflowhome/dags/05.2_orchestration.py
[2023-02-05 18:45:09,243] {processor.py:651} INFO - DAG(s) dict_keys(['orchestration_2']) retrieved from /home/milo/13-airflow/airflowhome/dags/05.2_orchestration.py
[2023-02-05 18:45:09,271] {logging_mixin.py:115} INFO - [2023-02-05 18:45:09,271] {dag.py:2420} INFO - Sync 1 DAGs
[2023-02-05 18:45:09,303] {logging_mixin.py:115} INFO - [2023-02-05 18:45:09,303] {dag.py:2968} INFO - Setting next_dagrun for orchestration_2 to 2023-01-30T07:00:00+00:00, run_after=2023-02-06T07:00:00+00:00
[2023-02-05 18:45:09,324] {processor.py:161} INFO - Processing /home/milo/13-airflow/airflowhome/dags/05.2_orchestration.py took 0.103 seconds
[2023-02-05 18:45:39,535] {processor.py:153} INFO - Started process (PID=31940) to work on /home/milo/13-airflow/airflowhome/dags/05.2_orchestration.py
[2023-02-05 18:45:39,537] {processor.py:641} INFO - Processing file /home/milo/13-airflow/airflowhome/dags/05.2_orchestration.py for tasks to queue
[2023-02-05 18:45:39,538] {logging_mixin.py:115} INFO - [2023-02-05 18:45:39,538] {dagbag.py:508} INFO - Filling up the DagBag from /home/milo/13-airflow/airflowhome/dags/05.2_orchestration.py
[2023-02-05 18:45:39,556] {processor.py:651} INFO - DAG(s) dict_keys(['orchestration_2']) retrieved from /home/milo/13-airflow/airflowhome/dags/05.2_orchestration.py
[2023-02-05 18:45:39,584] {logging_mixin.py:115} INFO - [2023-02-05 18:45:39,584] {dag.py:2420} INFO - Sync 1 DAGs
[2023-02-05 18:45:39,645] {logging_mixin.py:115} INFO - [2023-02-05 18:45:39,645] {dag.py:2968} INFO - Setting next_dagrun for orchestration_2 to 2023-01-30T07:00:00+00:00, run_after=2023-02-06T07:00:00+00:00
[2023-02-05 18:45:39,664] {processor.py:161} INFO - Processing /home/milo/13-airflow/airflowhome/dags/05.2_orchestration.py took 0.135 seconds
[2023-02-05 18:46:09,875] {processor.py:153} INFO - Started process (PID=31949) to work on /home/milo/13-airflow/airflowhome/dags/05.2_orchestration.py
[2023-02-05 18:46:09,876] {processor.py:641} INFO - Processing file /home/milo/13-airflow/airflowhome/dags/05.2_orchestration.py for tasks to queue
[2023-02-05 18:46:09,877] {logging_mixin.py:115} INFO - [2023-02-05 18:46:09,876] {dagbag.py:508} INFO - Filling up the DagBag from /home/milo/13-airflow/airflowhome/dags/05.2_orchestration.py
[2023-02-05 18:46:09,886] {processor.py:651} INFO - DAG(s) dict_keys(['orchestration_2']) retrieved from /home/milo/13-airflow/airflowhome/dags/05.2_orchestration.py
[2023-02-05 18:46:09,913] {logging_mixin.py:115} INFO - [2023-02-05 18:46:09,913] {dag.py:2420} INFO - Sync 1 DAGs
[2023-02-05 18:46:09,944] {logging_mixin.py:115} INFO - [2023-02-05 18:46:09,944] {dag.py:2968} INFO - Setting next_dagrun for orchestration_2 to 2023-01-30T07:00:00+00:00, run_after=2023-02-06T07:00:00+00:00
[2023-02-05 18:46:09,965] {processor.py:161} INFO - Processing /home/milo/13-airflow/airflowhome/dags/05.2_orchestration.py took 0.095 seconds
[2023-02-05 18:46:40,236] {processor.py:153} INFO - Started process (PID=31959) to work on /home/milo/13-airflow/airflowhome/dags/05.2_orchestration.py
[2023-02-05 18:46:40,238] {processor.py:641} INFO - Processing file /home/milo/13-airflow/airflowhome/dags/05.2_orchestration.py for tasks to queue
[2023-02-05 18:46:40,240] {logging_mixin.py:115} INFO - [2023-02-05 18:46:40,239] {dagbag.py:508} INFO - Filling up the DagBag from /home/milo/13-airflow/airflowhome/dags/05.2_orchestration.py
[2023-02-05 18:46:40,250] {processor.py:651} INFO - DAG(s) dict_keys(['orchestration_2']) retrieved from /home/milo/13-airflow/airflowhome/dags/05.2_orchestration.py
[2023-02-05 18:46:40,277] {logging_mixin.py:115} INFO - [2023-02-05 18:46:40,277] {dag.py:2420} INFO - Sync 1 DAGs
[2023-02-05 18:46:40,308] {logging_mixin.py:115} INFO - [2023-02-05 18:46:40,307] {dag.py:2968} INFO - Setting next_dagrun for orchestration_2 to 2023-01-30T07:00:00+00:00, run_after=2023-02-06T07:00:00+00:00
[2023-02-05 18:46:40,327] {processor.py:161} INFO - Processing /home/milo/13-airflow/airflowhome/dags/05.2_orchestration.py took 0.097 seconds
[2023-02-05 18:47:10,576] {processor.py:153} INFO - Started process (PID=31968) to work on /home/milo/13-airflow/airflowhome/dags/05.2_orchestration.py
[2023-02-05 18:47:10,577] {processor.py:641} INFO - Processing file /home/milo/13-airflow/airflowhome/dags/05.2_orchestration.py for tasks to queue
[2023-02-05 18:47:10,578] {logging_mixin.py:115} INFO - [2023-02-05 18:47:10,578] {dagbag.py:508} INFO - Filling up the DagBag from /home/milo/13-airflow/airflowhome/dags/05.2_orchestration.py
[2023-02-05 18:47:10,588] {processor.py:651} INFO - DAG(s) dict_keys(['orchestration_2']) retrieved from /home/milo/13-airflow/airflowhome/dags/05.2_orchestration.py
[2023-02-05 18:47:10,615] {logging_mixin.py:115} INFO - [2023-02-05 18:47:10,615] {dag.py:2420} INFO - Sync 1 DAGs
[2023-02-05 18:47:10,647] {logging_mixin.py:115} INFO - [2023-02-05 18:47:10,647] {dag.py:2968} INFO - Setting next_dagrun for orchestration_2 to 2023-01-30T07:00:00+00:00, run_after=2023-02-06T07:00:00+00:00
[2023-02-05 18:47:10,666] {processor.py:161} INFO - Processing /home/milo/13-airflow/airflowhome/dags/05.2_orchestration.py took 0.095 seconds
[2023-02-05 18:47:40,880] {processor.py:153} INFO - Started process (PID=31979) to work on /home/milo/13-airflow/airflowhome/dags/05.2_orchestration.py
[2023-02-05 18:47:40,882] {processor.py:641} INFO - Processing file /home/milo/13-airflow/airflowhome/dags/05.2_orchestration.py for tasks to queue
[2023-02-05 18:47:40,883] {logging_mixin.py:115} INFO - [2023-02-05 18:47:40,883] {dagbag.py:508} INFO - Filling up the DagBag from /home/milo/13-airflow/airflowhome/dags/05.2_orchestration.py
[2023-02-05 18:47:40,893] {processor.py:651} INFO - DAG(s) dict_keys(['orchestration_2']) retrieved from /home/milo/13-airflow/airflowhome/dags/05.2_orchestration.py
[2023-02-05 18:47:40,920] {logging_mixin.py:115} INFO - [2023-02-05 18:47:40,920] {dag.py:2420} INFO - Sync 1 DAGs
[2023-02-05 18:47:40,951] {logging_mixin.py:115} INFO - [2023-02-05 18:47:40,951] {dag.py:2968} INFO - Setting next_dagrun for orchestration_2 to 2023-01-30T07:00:00+00:00, run_after=2023-02-06T07:00:00+00:00
[2023-02-05 18:47:40,971] {processor.py:161} INFO - Processing /home/milo/13-airflow/airflowhome/dags/05.2_orchestration.py took 0.096 seconds
[2023-02-05 18:48:11,196] {processor.py:153} INFO - Started process (PID=31988) to work on /home/milo/13-airflow/airflowhome/dags/05.2_orchestration.py
[2023-02-05 18:48:11,197] {processor.py:641} INFO - Processing file /home/milo/13-airflow/airflowhome/dags/05.2_orchestration.py for tasks to queue
[2023-02-05 18:48:11,198] {logging_mixin.py:115} INFO - [2023-02-05 18:48:11,198] {dagbag.py:508} INFO - Filling up the DagBag from /home/milo/13-airflow/airflowhome/dags/05.2_orchestration.py
[2023-02-05 18:48:11,208] {processor.py:651} INFO - DAG(s) dict_keys(['orchestration_2']) retrieved from /home/milo/13-airflow/airflowhome/dags/05.2_orchestration.py
[2023-02-05 18:48:11,239] {logging_mixin.py:115} INFO - [2023-02-05 18:48:11,239] {dag.py:2420} INFO - Sync 1 DAGs
[2023-02-05 18:48:11,272] {logging_mixin.py:115} INFO - [2023-02-05 18:48:11,272] {dag.py:2968} INFO - Setting next_dagrun for orchestration_2 to 2023-01-30T07:00:00+00:00, run_after=2023-02-06T07:00:00+00:00
[2023-02-05 18:48:11,298] {processor.py:161} INFO - Processing /home/milo/13-airflow/airflowhome/dags/05.2_orchestration.py took 0.111 seconds
[2023-02-05 18:48:41,495] {processor.py:153} INFO - Started process (PID=31998) to work on /home/milo/13-airflow/airflowhome/dags/05.2_orchestration.py
[2023-02-05 18:48:41,497] {processor.py:641} INFO - Processing file /home/milo/13-airflow/airflowhome/dags/05.2_orchestration.py for tasks to queue
[2023-02-05 18:48:41,498] {logging_mixin.py:115} INFO - [2023-02-05 18:48:41,498] {dagbag.py:508} INFO - Filling up the DagBag from /home/milo/13-airflow/airflowhome/dags/05.2_orchestration.py
[2023-02-05 18:48:41,508] {processor.py:651} INFO - DAG(s) dict_keys(['orchestration_2']) retrieved from /home/milo/13-airflow/airflowhome/dags/05.2_orchestration.py
[2023-02-05 18:48:41,536] {logging_mixin.py:115} INFO - [2023-02-05 18:48:41,536] {dag.py:2420} INFO - Sync 1 DAGs
[2023-02-05 18:48:41,569] {logging_mixin.py:115} INFO - [2023-02-05 18:48:41,569] {dag.py:2968} INFO - Setting next_dagrun for orchestration_2 to 2023-01-30T07:00:00+00:00, run_after=2023-02-06T07:00:00+00:00
[2023-02-05 18:48:41,589] {processor.py:161} INFO - Processing /home/milo/13-airflow/airflowhome/dags/05.2_orchestration.py took 0.099 seconds
[2023-02-05 18:49:11,812] {processor.py:153} INFO - Started process (PID=32007) to work on /home/milo/13-airflow/airflowhome/dags/05.2_orchestration.py
[2023-02-05 18:49:11,813] {processor.py:641} INFO - Processing file /home/milo/13-airflow/airflowhome/dags/05.2_orchestration.py for tasks to queue
[2023-02-05 18:49:11,814] {logging_mixin.py:115} INFO - [2023-02-05 18:49:11,814] {dagbag.py:508} INFO - Filling up the DagBag from /home/milo/13-airflow/airflowhome/dags/05.2_orchestration.py
[2023-02-05 18:49:11,824] {processor.py:651} INFO - DAG(s) dict_keys(['orchestration_2']) retrieved from /home/milo/13-airflow/airflowhome/dags/05.2_orchestration.py
[2023-02-05 18:49:11,851] {logging_mixin.py:115} INFO - [2023-02-05 18:49:11,851] {dag.py:2420} INFO - Sync 1 DAGs
[2023-02-05 18:49:11,886] {logging_mixin.py:115} INFO - [2023-02-05 18:49:11,886] {dag.py:2968} INFO - Setting next_dagrun for orchestration_2 to 2023-01-30T07:00:00+00:00, run_after=2023-02-06T07:00:00+00:00
[2023-02-05 18:49:11,910] {processor.py:161} INFO - Processing /home/milo/13-airflow/airflowhome/dags/05.2_orchestration.py took 0.103 seconds
[2023-02-05 18:49:42,140] {processor.py:153} INFO - Started process (PID=32017) to work on /home/milo/13-airflow/airflowhome/dags/05.2_orchestration.py
[2023-02-05 18:49:42,142] {processor.py:641} INFO - Processing file /home/milo/13-airflow/airflowhome/dags/05.2_orchestration.py for tasks to queue
[2023-02-05 18:49:42,143] {logging_mixin.py:115} INFO - [2023-02-05 18:49:42,143] {dagbag.py:508} INFO - Filling up the DagBag from /home/milo/13-airflow/airflowhome/dags/05.2_orchestration.py
[2023-02-05 18:49:42,153] {processor.py:651} INFO - DAG(s) dict_keys(['orchestration_2']) retrieved from /home/milo/13-airflow/airflowhome/dags/05.2_orchestration.py
[2023-02-05 18:49:42,181] {logging_mixin.py:115} INFO - [2023-02-05 18:49:42,180] {dag.py:2420} INFO - Sync 1 DAGs
[2023-02-05 18:49:42,215] {logging_mixin.py:115} INFO - [2023-02-05 18:49:42,215] {dag.py:2968} INFO - Setting next_dagrun for orchestration_2 to 2023-01-30T07:00:00+00:00, run_after=2023-02-06T07:00:00+00:00
[2023-02-05 18:49:42,237] {processor.py:161} INFO - Processing /home/milo/13-airflow/airflowhome/dags/05.2_orchestration.py took 0.102 seconds
[2023-02-05 18:50:12,470] {processor.py:153} INFO - Started process (PID=32027) to work on /home/milo/13-airflow/airflowhome/dags/05.2_orchestration.py
[2023-02-05 18:50:12,473] {processor.py:641} INFO - Processing file /home/milo/13-airflow/airflowhome/dags/05.2_orchestration.py for tasks to queue
[2023-02-05 18:50:12,474] {logging_mixin.py:115} INFO - [2023-02-05 18:50:12,474] {dagbag.py:508} INFO - Filling up the DagBag from /home/milo/13-airflow/airflowhome/dags/05.2_orchestration.py
[2023-02-05 18:50:12,493] {processor.py:651} INFO - DAG(s) dict_keys(['orchestration_2']) retrieved from /home/milo/13-airflow/airflowhome/dags/05.2_orchestration.py
[2023-02-05 18:50:12,530] {logging_mixin.py:115} INFO - [2023-02-05 18:50:12,529] {dag.py:2420} INFO - Sync 1 DAGs
[2023-02-05 18:50:12,563] {logging_mixin.py:115} INFO - [2023-02-05 18:50:12,563] {dag.py:2968} INFO - Setting next_dagrun for orchestration_2 to 2023-01-30T07:00:00+00:00, run_after=2023-02-06T07:00:00+00:00
[2023-02-05 18:50:12,596] {processor.py:161} INFO - Processing /home/milo/13-airflow/airflowhome/dags/05.2_orchestration.py took 0.131 seconds
[2023-02-05 18:50:42,794] {processor.py:153} INFO - Started process (PID=32037) to work on /home/milo/13-airflow/airflowhome/dags/05.2_orchestration.py
[2023-02-05 18:50:42,796] {processor.py:641} INFO - Processing file /home/milo/13-airflow/airflowhome/dags/05.2_orchestration.py for tasks to queue
[2023-02-05 18:50:42,797] {logging_mixin.py:115} INFO - [2023-02-05 18:50:42,797] {dagbag.py:508} INFO - Filling up the DagBag from /home/milo/13-airflow/airflowhome/dags/05.2_orchestration.py
[2023-02-05 18:50:42,807] {processor.py:651} INFO - DAG(s) dict_keys(['orchestration_2']) retrieved from /home/milo/13-airflow/airflowhome/dags/05.2_orchestration.py
[2023-02-05 18:50:42,833] {logging_mixin.py:115} INFO - [2023-02-05 18:50:42,833] {dag.py:2420} INFO - Sync 1 DAGs
[2023-02-05 18:50:42,865] {logging_mixin.py:115} INFO - [2023-02-05 18:50:42,865] {dag.py:2968} INFO - Setting next_dagrun for orchestration_2 to 2023-01-30T07:00:00+00:00, run_after=2023-02-06T07:00:00+00:00
[2023-02-05 18:50:42,885] {processor.py:161} INFO - Processing /home/milo/13-airflow/airflowhome/dags/05.2_orchestration.py took 0.096 seconds
[2023-02-05 18:51:13,117] {processor.py:153} INFO - Started process (PID=32046) to work on /home/milo/13-airflow/airflowhome/dags/05.2_orchestration.py
[2023-02-05 18:51:13,118] {processor.py:641} INFO - Processing file /home/milo/13-airflow/airflowhome/dags/05.2_orchestration.py for tasks to queue
[2023-02-05 18:51:13,119] {logging_mixin.py:115} INFO - [2023-02-05 18:51:13,118] {dagbag.py:508} INFO - Filling up the DagBag from /home/milo/13-airflow/airflowhome/dags/05.2_orchestration.py
[2023-02-05 18:51:13,130] {processor.py:651} INFO - DAG(s) dict_keys(['orchestration_2']) retrieved from /home/milo/13-airflow/airflowhome/dags/05.2_orchestration.py
[2023-02-05 18:51:13,159] {logging_mixin.py:115} INFO - [2023-02-05 18:51:13,158] {dag.py:2420} INFO - Sync 1 DAGs
[2023-02-05 18:51:13,191] {logging_mixin.py:115} INFO - [2023-02-05 18:51:13,191] {dag.py:2968} INFO - Setting next_dagrun for orchestration_2 to 2023-01-30T07:00:00+00:00, run_after=2023-02-06T07:00:00+00:00
[2023-02-05 18:51:13,213] {processor.py:161} INFO - Processing /home/milo/13-airflow/airflowhome/dags/05.2_orchestration.py took 0.101 seconds
[2023-02-05 18:51:43,427] {processor.py:153} INFO - Started process (PID=32056) to work on /home/milo/13-airflow/airflowhome/dags/05.2_orchestration.py
[2023-02-05 18:51:43,429] {processor.py:641} INFO - Processing file /home/milo/13-airflow/airflowhome/dags/05.2_orchestration.py for tasks to queue
[2023-02-05 18:51:43,430] {logging_mixin.py:115} INFO - [2023-02-05 18:51:43,430] {dagbag.py:508} INFO - Filling up the DagBag from /home/milo/13-airflow/airflowhome/dags/05.2_orchestration.py
[2023-02-05 18:51:43,440] {processor.py:651} INFO - DAG(s) dict_keys(['orchestration_2']) retrieved from /home/milo/13-airflow/airflowhome/dags/05.2_orchestration.py
[2023-02-05 18:51:43,467] {logging_mixin.py:115} INFO - [2023-02-05 18:51:43,467] {dag.py:2420} INFO - Sync 1 DAGs
[2023-02-05 18:51:43,499] {logging_mixin.py:115} INFO - [2023-02-05 18:51:43,498] {dag.py:2968} INFO - Setting next_dagrun for orchestration_2 to 2023-01-30T07:00:00+00:00, run_after=2023-02-06T07:00:00+00:00
[2023-02-05 18:51:43,520] {processor.py:161} INFO - Processing /home/milo/13-airflow/airflowhome/dags/05.2_orchestration.py took 0.099 seconds
[2023-02-05 18:52:13,769] {processor.py:153} INFO - Started process (PID=32065) to work on /home/milo/13-airflow/airflowhome/dags/05.2_orchestration.py
[2023-02-05 18:52:13,770] {processor.py:641} INFO - Processing file /home/milo/13-airflow/airflowhome/dags/05.2_orchestration.py for tasks to queue
[2023-02-05 18:52:13,771] {logging_mixin.py:115} INFO - [2023-02-05 18:52:13,771] {dagbag.py:508} INFO - Filling up the DagBag from /home/milo/13-airflow/airflowhome/dags/05.2_orchestration.py
[2023-02-05 18:52:13,781] {processor.py:651} INFO - DAG(s) dict_keys(['orchestration_2']) retrieved from /home/milo/13-airflow/airflowhome/dags/05.2_orchestration.py
[2023-02-05 18:52:13,807] {logging_mixin.py:115} INFO - [2023-02-05 18:52:13,807] {dag.py:2420} INFO - Sync 1 DAGs
[2023-02-05 18:52:13,839] {logging_mixin.py:115} INFO - [2023-02-05 18:52:13,839] {dag.py:2968} INFO - Setting next_dagrun for orchestration_2 to 2023-01-30T07:00:00+00:00, run_after=2023-02-06T07:00:00+00:00
[2023-02-05 18:52:13,860] {processor.py:161} INFO - Processing /home/milo/13-airflow/airflowhome/dags/05.2_orchestration.py took 0.095 seconds
[2023-02-05 18:52:44,066] {processor.py:153} INFO - Started process (PID=32075) to work on /home/milo/13-airflow/airflowhome/dags/05.2_orchestration.py
[2023-02-05 18:52:44,074] {processor.py:641} INFO - Processing file /home/milo/13-airflow/airflowhome/dags/05.2_orchestration.py for tasks to queue
[2023-02-05 18:52:44,075] {logging_mixin.py:115} INFO - [2023-02-05 18:52:44,075] {dagbag.py:508} INFO - Filling up the DagBag from /home/milo/13-airflow/airflowhome/dags/05.2_orchestration.py
[2023-02-05 18:52:44,112] {processor.py:651} INFO - DAG(s) dict_keys(['orchestration_2']) retrieved from /home/milo/13-airflow/airflowhome/dags/05.2_orchestration.py
[2023-02-05 18:52:44,146] {logging_mixin.py:115} INFO - [2023-02-05 18:52:44,146] {dag.py:2420} INFO - Sync 1 DAGs
[2023-02-05 18:52:44,180] {logging_mixin.py:115} INFO - [2023-02-05 18:52:44,179] {dag.py:2968} INFO - Setting next_dagrun for orchestration_2 to 2023-01-30T07:00:00+00:00, run_after=2023-02-06T07:00:00+00:00
[2023-02-05 18:52:44,198] {processor.py:161} INFO - Processing /home/milo/13-airflow/airflowhome/dags/05.2_orchestration.py took 0.137 seconds
[2023-02-05 18:53:14,338] {processor.py:153} INFO - Started process (PID=32084) to work on /home/milo/13-airflow/airflowhome/dags/05.2_orchestration.py
[2023-02-05 18:53:14,339] {processor.py:641} INFO - Processing file /home/milo/13-airflow/airflowhome/dags/05.2_orchestration.py for tasks to queue
[2023-02-05 18:53:14,339] {logging_mixin.py:115} INFO - [2023-02-05 18:53:14,339] {dagbag.py:508} INFO - Filling up the DagBag from /home/milo/13-airflow/airflowhome/dags/05.2_orchestration.py
[2023-02-05 18:53:14,351] {processor.py:651} INFO - DAG(s) dict_keys(['orchestration_2']) retrieved from /home/milo/13-airflow/airflowhome/dags/05.2_orchestration.py
[2023-02-05 18:53:14,381] {logging_mixin.py:115} INFO - [2023-02-05 18:53:14,381] {dag.py:2420} INFO - Sync 1 DAGs
[2023-02-05 18:53:14,415] {logging_mixin.py:115} INFO - [2023-02-05 18:53:14,414] {dag.py:2968} INFO - Setting next_dagrun for orchestration_2 to 2023-01-30T07:00:00+00:00, run_after=2023-02-06T07:00:00+00:00
[2023-02-05 18:53:14,433] {processor.py:161} INFO - Processing /home/milo/13-airflow/airflowhome/dags/05.2_orchestration.py took 0.102 seconds
[2023-02-05 18:53:44,672] {processor.py:153} INFO - Started process (PID=32094) to work on /home/milo/13-airflow/airflowhome/dags/05.2_orchestration.py
[2023-02-05 18:53:44,673] {processor.py:641} INFO - Processing file /home/milo/13-airflow/airflowhome/dags/05.2_orchestration.py for tasks to queue
[2023-02-05 18:53:44,675] {logging_mixin.py:115} INFO - [2023-02-05 18:53:44,674] {dagbag.py:508} INFO - Filling up the DagBag from /home/milo/13-airflow/airflowhome/dags/05.2_orchestration.py
[2023-02-05 18:53:44,684] {processor.py:651} INFO - DAG(s) dict_keys(['orchestration_2']) retrieved from /home/milo/13-airflow/airflowhome/dags/05.2_orchestration.py
[2023-02-05 18:53:44,711] {logging_mixin.py:115} INFO - [2023-02-05 18:53:44,711] {dag.py:2420} INFO - Sync 1 DAGs
[2023-02-05 18:53:44,749] {logging_mixin.py:115} INFO - [2023-02-05 18:53:44,749] {dag.py:2968} INFO - Setting next_dagrun for orchestration_2 to 2023-01-30T07:00:00+00:00, run_after=2023-02-06T07:00:00+00:00
[2023-02-05 18:53:44,769] {processor.py:161} INFO - Processing /home/milo/13-airflow/airflowhome/dags/05.2_orchestration.py took 0.102 seconds
[2023-02-05 18:54:14,977] {processor.py:153} INFO - Started process (PID=32103) to work on /home/milo/13-airflow/airflowhome/dags/05.2_orchestration.py
[2023-02-05 18:54:14,977] {processor.py:641} INFO - Processing file /home/milo/13-airflow/airflowhome/dags/05.2_orchestration.py for tasks to queue
[2023-02-05 18:54:14,978] {logging_mixin.py:115} INFO - [2023-02-05 18:54:14,978] {dagbag.py:508} INFO - Filling up the DagBag from /home/milo/13-airflow/airflowhome/dags/05.2_orchestration.py
[2023-02-05 18:54:14,992] {processor.py:651} INFO - DAG(s) dict_keys(['orchestration_2']) retrieved from /home/milo/13-airflow/airflowhome/dags/05.2_orchestration.py
[2023-02-05 18:54:15,023] {logging_mixin.py:115} INFO - [2023-02-05 18:54:15,023] {dag.py:2420} INFO - Sync 1 DAGs
[2023-02-05 18:54:15,054] {logging_mixin.py:115} INFO - [2023-02-05 18:54:15,054] {dag.py:2968} INFO - Setting next_dagrun for orchestration_2 to 2023-01-30T07:00:00+00:00, run_after=2023-02-06T07:00:00+00:00
[2023-02-05 18:54:15,078] {processor.py:161} INFO - Processing /home/milo/13-airflow/airflowhome/dags/05.2_orchestration.py took 0.106 seconds
[2023-02-05 18:54:45,289] {processor.py:153} INFO - Started process (PID=32113) to work on /home/milo/13-airflow/airflowhome/dags/05.2_orchestration.py
[2023-02-05 18:54:45,301] {processor.py:641} INFO - Processing file /home/milo/13-airflow/airflowhome/dags/05.2_orchestration.py for tasks to queue
[2023-02-05 18:54:45,302] {logging_mixin.py:115} INFO - [2023-02-05 18:54:45,302] {dagbag.py:508} INFO - Filling up the DagBag from /home/milo/13-airflow/airflowhome/dags/05.2_orchestration.py
[2023-02-05 18:54:45,312] {processor.py:651} INFO - DAG(s) dict_keys(['orchestration_2']) retrieved from /home/milo/13-airflow/airflowhome/dags/05.2_orchestration.py
[2023-02-05 18:54:45,353] {logging_mixin.py:115} INFO - [2023-02-05 18:54:45,353] {dag.py:2420} INFO - Sync 1 DAGs
[2023-02-05 18:54:45,388] {logging_mixin.py:115} INFO - [2023-02-05 18:54:45,388] {dag.py:2968} INFO - Setting next_dagrun for orchestration_2 to 2023-01-30T07:00:00+00:00, run_after=2023-02-06T07:00:00+00:00
[2023-02-05 18:54:45,406] {processor.py:161} INFO - Processing /home/milo/13-airflow/airflowhome/dags/05.2_orchestration.py took 0.126 seconds
[2023-02-05 18:55:15,622] {processor.py:153} INFO - Started process (PID=32125) to work on /home/milo/13-airflow/airflowhome/dags/05.2_orchestration.py
[2023-02-05 18:55:15,622] {processor.py:641} INFO - Processing file /home/milo/13-airflow/airflowhome/dags/05.2_orchestration.py for tasks to queue
[2023-02-05 18:55:15,623] {logging_mixin.py:115} INFO - [2023-02-05 18:55:15,623] {dagbag.py:508} INFO - Filling up the DagBag from /home/milo/13-airflow/airflowhome/dags/05.2_orchestration.py
[2023-02-05 18:55:15,633] {processor.py:651} INFO - DAG(s) dict_keys(['orchestration_2']) retrieved from /home/milo/13-airflow/airflowhome/dags/05.2_orchestration.py
[2023-02-05 18:55:15,659] {logging_mixin.py:115} INFO - [2023-02-05 18:55:15,659] {dag.py:2420} INFO - Sync 1 DAGs
[2023-02-05 18:55:15,691] {logging_mixin.py:115} INFO - [2023-02-05 18:55:15,691] {dag.py:2968} INFO - Setting next_dagrun for orchestration_2 to 2023-01-30T07:00:00+00:00, run_after=2023-02-06T07:00:00+00:00
[2023-02-05 18:55:15,715] {processor.py:161} INFO - Processing /home/milo/13-airflow/airflowhome/dags/05.2_orchestration.py took 0.098 seconds
[2023-02-05 18:55:45,918] {processor.py:153} INFO - Started process (PID=32135) to work on /home/milo/13-airflow/airflowhome/dags/05.2_orchestration.py
[2023-02-05 18:55:45,920] {processor.py:641} INFO - Processing file /home/milo/13-airflow/airflowhome/dags/05.2_orchestration.py for tasks to queue
[2023-02-05 18:55:45,921] {logging_mixin.py:115} INFO - [2023-02-05 18:55:45,921] {dagbag.py:508} INFO - Filling up the DagBag from /home/milo/13-airflow/airflowhome/dags/05.2_orchestration.py
[2023-02-05 18:55:45,931] {processor.py:651} INFO - DAG(s) dict_keys(['orchestration_2']) retrieved from /home/milo/13-airflow/airflowhome/dags/05.2_orchestration.py
[2023-02-05 18:55:45,958] {logging_mixin.py:115} INFO - [2023-02-05 18:55:45,958] {dag.py:2420} INFO - Sync 1 DAGs
[2023-02-05 18:55:45,992] {logging_mixin.py:115} INFO - [2023-02-05 18:55:45,991] {dag.py:2968} INFO - Setting next_dagrun for orchestration_2 to 2023-01-30T07:00:00+00:00, run_after=2023-02-06T07:00:00+00:00
[2023-02-05 18:55:46,013] {processor.py:161} INFO - Processing /home/milo/13-airflow/airflowhome/dags/05.2_orchestration.py took 0.100 seconds
[2023-02-05 18:56:16,260] {processor.py:153} INFO - Started process (PID=32144) to work on /home/milo/13-airflow/airflowhome/dags/05.2_orchestration.py
[2023-02-05 18:56:16,260] {processor.py:641} INFO - Processing file /home/milo/13-airflow/airflowhome/dags/05.2_orchestration.py for tasks to queue
[2023-02-05 18:56:16,261] {logging_mixin.py:115} INFO - [2023-02-05 18:56:16,261] {dagbag.py:508} INFO - Filling up the DagBag from /home/milo/13-airflow/airflowhome/dags/05.2_orchestration.py
[2023-02-05 18:56:16,292] {processor.py:651} INFO - DAG(s) dict_keys(['orchestration_2']) retrieved from /home/milo/13-airflow/airflowhome/dags/05.2_orchestration.py
[2023-02-05 18:56:16,335] {logging_mixin.py:115} INFO - [2023-02-05 18:56:16,335] {dag.py:2420} INFO - Sync 1 DAGs
[2023-02-05 18:56:16,371] {logging_mixin.py:115} INFO - [2023-02-05 18:56:16,371] {dag.py:2968} INFO - Setting next_dagrun for orchestration_2 to 2023-01-30T07:00:00+00:00, run_after=2023-02-06T07:00:00+00:00
[2023-02-05 18:56:16,391] {processor.py:161} INFO - Processing /home/milo/13-airflow/airflowhome/dags/05.2_orchestration.py took 0.145 seconds
[2023-02-05 18:56:46,579] {processor.py:153} INFO - Started process (PID=32154) to work on /home/milo/13-airflow/airflowhome/dags/05.2_orchestration.py
[2023-02-05 18:56:46,581] {processor.py:641} INFO - Processing file /home/milo/13-airflow/airflowhome/dags/05.2_orchestration.py for tasks to queue
[2023-02-05 18:56:46,582] {logging_mixin.py:115} INFO - [2023-02-05 18:56:46,582] {dagbag.py:508} INFO - Filling up the DagBag from /home/milo/13-airflow/airflowhome/dags/05.2_orchestration.py
[2023-02-05 18:56:46,600] {processor.py:651} INFO - DAG(s) dict_keys(['orchestration_2']) retrieved from /home/milo/13-airflow/airflowhome/dags/05.2_orchestration.py
[2023-02-05 18:56:46,627] {logging_mixin.py:115} INFO - [2023-02-05 18:56:46,627] {dag.py:2420} INFO - Sync 1 DAGs
[2023-02-05 18:56:46,659] {logging_mixin.py:115} INFO - [2023-02-05 18:56:46,659] {dag.py:2968} INFO - Setting next_dagrun for orchestration_2 to 2023-01-30T07:00:00+00:00, run_after=2023-02-06T07:00:00+00:00
[2023-02-05 18:56:46,677] {processor.py:161} INFO - Processing /home/milo/13-airflow/airflowhome/dags/05.2_orchestration.py took 0.103 seconds
[2023-02-05 18:57:16,857] {processor.py:153} INFO - Started process (PID=32163) to work on /home/milo/13-airflow/airflowhome/dags/05.2_orchestration.py
[2023-02-05 18:57:16,857] {processor.py:641} INFO - Processing file /home/milo/13-airflow/airflowhome/dags/05.2_orchestration.py for tasks to queue
[2023-02-05 18:57:16,858] {logging_mixin.py:115} INFO - [2023-02-05 18:57:16,858] {dagbag.py:508} INFO - Filling up the DagBag from /home/milo/13-airflow/airflowhome/dags/05.2_orchestration.py
[2023-02-05 18:57:16,869] {processor.py:651} INFO - DAG(s) dict_keys(['orchestration_2']) retrieved from /home/milo/13-airflow/airflowhome/dags/05.2_orchestration.py
[2023-02-05 18:57:16,896] {logging_mixin.py:115} INFO - [2023-02-05 18:57:16,896] {dag.py:2420} INFO - Sync 1 DAGs
[2023-02-05 18:57:16,927] {logging_mixin.py:115} INFO - [2023-02-05 18:57:16,927] {dag.py:2968} INFO - Setting next_dagrun for orchestration_2 to 2023-01-30T07:00:00+00:00, run_after=2023-02-06T07:00:00+00:00
[2023-02-05 18:57:16,946] {processor.py:161} INFO - Processing /home/milo/13-airflow/airflowhome/dags/05.2_orchestration.py took 0.094 seconds
[2023-02-05 18:57:47,158] {processor.py:153} INFO - Started process (PID=32174) to work on /home/milo/13-airflow/airflowhome/dags/05.2_orchestration.py
[2023-02-05 18:57:47,160] {processor.py:641} INFO - Processing file /home/milo/13-airflow/airflowhome/dags/05.2_orchestration.py for tasks to queue
[2023-02-05 18:57:47,160] {logging_mixin.py:115} INFO - [2023-02-05 18:57:47,160] {dagbag.py:508} INFO - Filling up the DagBag from /home/milo/13-airflow/airflowhome/dags/05.2_orchestration.py
[2023-02-05 18:57:47,171] {processor.py:651} INFO - DAG(s) dict_keys(['orchestration_2']) retrieved from /home/milo/13-airflow/airflowhome/dags/05.2_orchestration.py
[2023-02-05 18:57:47,206] {logging_mixin.py:115} INFO - [2023-02-05 18:57:47,206] {dag.py:2420} INFO - Sync 1 DAGs
[2023-02-05 18:57:47,240] {logging_mixin.py:115} INFO - [2023-02-05 18:57:47,240] {dag.py:2968} INFO - Setting next_dagrun for orchestration_2 to 2023-01-30T07:00:00+00:00, run_after=2023-02-06T07:00:00+00:00
[2023-02-05 18:57:47,261] {processor.py:161} INFO - Processing /home/milo/13-airflow/airflowhome/dags/05.2_orchestration.py took 0.109 seconds
[2023-02-05 18:58:17,485] {processor.py:153} INFO - Started process (PID=32183) to work on /home/milo/13-airflow/airflowhome/dags/05.2_orchestration.py
[2023-02-05 18:58:17,486] {processor.py:641} INFO - Processing file /home/milo/13-airflow/airflowhome/dags/05.2_orchestration.py for tasks to queue
[2023-02-05 18:58:17,487] {logging_mixin.py:115} INFO - [2023-02-05 18:58:17,487] {dagbag.py:508} INFO - Filling up the DagBag from /home/milo/13-airflow/airflowhome/dags/05.2_orchestration.py
[2023-02-05 18:58:17,497] {processor.py:651} INFO - DAG(s) dict_keys(['orchestration_2']) retrieved from /home/milo/13-airflow/airflowhome/dags/05.2_orchestration.py
[2023-02-05 18:58:17,524] {logging_mixin.py:115} INFO - [2023-02-05 18:58:17,524] {dag.py:2420} INFO - Sync 1 DAGs
[2023-02-05 18:58:17,556] {logging_mixin.py:115} INFO - [2023-02-05 18:58:17,556] {dag.py:2968} INFO - Setting next_dagrun for orchestration_2 to 2023-01-30T07:00:00+00:00, run_after=2023-02-06T07:00:00+00:00
[2023-02-05 18:58:17,576] {processor.py:161} INFO - Processing /home/milo/13-airflow/airflowhome/dags/05.2_orchestration.py took 0.096 seconds
[2023-02-05 18:58:47,791] {processor.py:153} INFO - Started process (PID=32193) to work on /home/milo/13-airflow/airflowhome/dags/05.2_orchestration.py
[2023-02-05 18:58:47,794] {processor.py:641} INFO - Processing file /home/milo/13-airflow/airflowhome/dags/05.2_orchestration.py for tasks to queue
[2023-02-05 18:58:47,794] {logging_mixin.py:115} INFO - [2023-02-05 18:58:47,794] {dagbag.py:508} INFO - Filling up the DagBag from /home/milo/13-airflow/airflowhome/dags/05.2_orchestration.py
[2023-02-05 18:58:47,805] {processor.py:651} INFO - DAG(s) dict_keys(['orchestration_2']) retrieved from /home/milo/13-airflow/airflowhome/dags/05.2_orchestration.py
[2023-02-05 18:58:47,831] {logging_mixin.py:115} INFO - [2023-02-05 18:58:47,831] {dag.py:2420} INFO - Sync 1 DAGs
[2023-02-05 18:58:47,862] {logging_mixin.py:115} INFO - [2023-02-05 18:58:47,862] {dag.py:2968} INFO - Setting next_dagrun for orchestration_2 to 2023-01-30T07:00:00+00:00, run_after=2023-02-06T07:00:00+00:00
[2023-02-05 18:58:47,889] {processor.py:161} INFO - Processing /home/milo/13-airflow/airflowhome/dags/05.2_orchestration.py took 0.103 seconds
[2023-02-05 18:59:18,117] {processor.py:153} INFO - Started process (PID=32202) to work on /home/milo/13-airflow/airflowhome/dags/05.2_orchestration.py
[2023-02-05 18:59:18,118] {processor.py:641} INFO - Processing file /home/milo/13-airflow/airflowhome/dags/05.2_orchestration.py for tasks to queue
[2023-02-05 18:59:18,119] {logging_mixin.py:115} INFO - [2023-02-05 18:59:18,119] {dagbag.py:508} INFO - Filling up the DagBag from /home/milo/13-airflow/airflowhome/dags/05.2_orchestration.py
[2023-02-05 18:59:18,129] {processor.py:651} INFO - DAG(s) dict_keys(['orchestration_2']) retrieved from /home/milo/13-airflow/airflowhome/dags/05.2_orchestration.py
[2023-02-05 18:59:18,157] {logging_mixin.py:115} INFO - [2023-02-05 18:59:18,156] {dag.py:2420} INFO - Sync 1 DAGs
[2023-02-05 18:59:18,187] {logging_mixin.py:115} INFO - [2023-02-05 18:59:18,187] {dag.py:2968} INFO - Setting next_dagrun for orchestration_2 to 2023-01-30T07:00:00+00:00, run_after=2023-02-06T07:00:00+00:00
[2023-02-05 18:59:18,208] {processor.py:161} INFO - Processing /home/milo/13-airflow/airflowhome/dags/05.2_orchestration.py took 0.097 seconds
[2023-02-05 18:59:48,433] {processor.py:153} INFO - Started process (PID=32212) to work on /home/milo/13-airflow/airflowhome/dags/05.2_orchestration.py
[2023-02-05 18:59:48,435] {processor.py:641} INFO - Processing file /home/milo/13-airflow/airflowhome/dags/05.2_orchestration.py for tasks to queue
[2023-02-05 18:59:48,435] {logging_mixin.py:115} INFO - [2023-02-05 18:59:48,435] {dagbag.py:508} INFO - Filling up the DagBag from /home/milo/13-airflow/airflowhome/dags/05.2_orchestration.py
[2023-02-05 18:59:48,445] {processor.py:651} INFO - DAG(s) dict_keys(['orchestration_2']) retrieved from /home/milo/13-airflow/airflowhome/dags/05.2_orchestration.py
[2023-02-05 18:59:48,472] {logging_mixin.py:115} INFO - [2023-02-05 18:59:48,472] {dag.py:2420} INFO - Sync 1 DAGs
[2023-02-05 18:59:48,504] {logging_mixin.py:115} INFO - [2023-02-05 18:59:48,504] {dag.py:2968} INFO - Setting next_dagrun for orchestration_2 to 2023-01-30T07:00:00+00:00, run_after=2023-02-06T07:00:00+00:00
[2023-02-05 18:59:48,525] {processor.py:161} INFO - Processing /home/milo/13-airflow/airflowhome/dags/05.2_orchestration.py took 0.099 seconds
