[2023-02-05 18:19:54,044] {processor.py:153} INFO - Started process (PID=31374) to work on /home/milo/13-airflow/airflowhome/dags/052_orchestration.py
[2023-02-05 18:19:54,045] {processor.py:641} INFO - Processing file /home/milo/13-airflow/airflowhome/dags/052_orchestration.py for tasks to queue
[2023-02-05 18:19:54,048] {logging_mixin.py:115} INFO - [2023-02-05 18:19:54,047] {dagbag.py:508} INFO - Filling up the DagBag from /home/milo/13-airflow/airflowhome/dags/052_orchestration.py
[2023-02-05 18:19:54,069] {processor.py:651} INFO - DAG(s) dict_keys(['orchestration_2']) retrieved from /home/milo/13-airflow/airflowhome/dags/052_orchestration.py
[2023-02-05 18:19:54,170] {logging_mixin.py:115} INFO - [2023-02-05 18:19:54,170] {dag.py:2420} INFO - Sync 1 DAGs
[2023-02-05 18:19:54,202] {logging_mixin.py:115} INFO - [2023-02-05 18:19:54,202] {dag.py:2968} INFO - Setting next_dagrun for orchestration_2 to 2023-01-30T07:00:00+00:00, run_after=2023-02-06T07:00:00+00:00
[2023-02-05 18:19:54,248] {processor.py:161} INFO - Processing /home/milo/13-airflow/airflowhome/dags/052_orchestration.py took 0.214 seconds
[2023-02-05 18:20:24,531] {processor.py:153} INFO - Started process (PID=31385) to work on /home/milo/13-airflow/airflowhome/dags/052_orchestration.py
[2023-02-05 18:20:24,532] {processor.py:641} INFO - Processing file /home/milo/13-airflow/airflowhome/dags/052_orchestration.py for tasks to queue
[2023-02-05 18:20:24,533] {logging_mixin.py:115} INFO - [2023-02-05 18:20:24,532] {dagbag.py:508} INFO - Filling up the DagBag from /home/milo/13-airflow/airflowhome/dags/052_orchestration.py
[2023-02-05 18:20:24,543] {processor.py:651} INFO - DAG(s) dict_keys(['orchestration_2']) retrieved from /home/milo/13-airflow/airflowhome/dags/052_orchestration.py
[2023-02-05 18:20:24,572] {logging_mixin.py:115} INFO - [2023-02-05 18:20:24,572] {dag.py:2420} INFO - Sync 1 DAGs
[2023-02-05 18:20:24,613] {logging_mixin.py:115} INFO - [2023-02-05 18:20:24,613] {dag.py:2968} INFO - Setting next_dagrun for orchestration_2 to 2023-01-30T07:00:00+00:00, run_after=2023-02-06T07:00:00+00:00
[2023-02-05 18:20:24,642] {processor.py:161} INFO - Processing /home/milo/13-airflow/airflowhome/dags/052_orchestration.py took 0.116 seconds
[2023-02-05 18:20:55,472] {processor.py:153} INFO - Started process (PID=31393) to work on /home/milo/13-airflow/airflowhome/dags/052_orchestration.py
[2023-02-05 18:20:55,480] {processor.py:641} INFO - Processing file /home/milo/13-airflow/airflowhome/dags/052_orchestration.py for tasks to queue
[2023-02-05 18:20:55,481] {logging_mixin.py:115} INFO - [2023-02-05 18:20:55,481] {dagbag.py:508} INFO - Filling up the DagBag from /home/milo/13-airflow/airflowhome/dags/052_orchestration.py
[2023-02-05 18:20:55,492] {processor.py:651} INFO - DAG(s) dict_keys(['orchestration_2']) retrieved from /home/milo/13-airflow/airflowhome/dags/052_orchestration.py
[2023-02-05 18:20:55,513] {logging_mixin.py:115} INFO - [2023-02-05 18:20:55,513] {dag.py:2420} INFO - Sync 1 DAGs
[2023-02-05 18:20:55,547] {logging_mixin.py:115} INFO - [2023-02-05 18:20:55,547] {dag.py:2968} INFO - Setting next_dagrun for orchestration_2 to 2023-01-30T07:00:00+00:00, run_after=2023-02-06T07:00:00+00:00
[2023-02-05 18:20:55,578] {processor.py:161} INFO - Processing /home/milo/13-airflow/airflowhome/dags/052_orchestration.py took 0.111 seconds
[2023-02-05 18:21:25,916] {processor.py:153} INFO - Started process (PID=31402) to work on /home/milo/13-airflow/airflowhome/dags/052_orchestration.py
[2023-02-05 18:21:25,917] {processor.py:641} INFO - Processing file /home/milo/13-airflow/airflowhome/dags/052_orchestration.py for tasks to queue
[2023-02-05 18:21:25,917] {logging_mixin.py:115} INFO - [2023-02-05 18:21:25,917] {dagbag.py:508} INFO - Filling up the DagBag from /home/milo/13-airflow/airflowhome/dags/052_orchestration.py
[2023-02-05 18:21:25,928] {processor.py:651} INFO - DAG(s) dict_keys(['orchestration_2']) retrieved from /home/milo/13-airflow/airflowhome/dags/052_orchestration.py
[2023-02-05 18:21:26,007] {logging_mixin.py:115} INFO - [2023-02-05 18:21:26,007] {dag.py:2420} INFO - Sync 1 DAGs
[2023-02-05 18:21:26,037] {logging_mixin.py:115} INFO - [2023-02-05 18:21:26,037] {dag.py:2968} INFO - Setting next_dagrun for orchestration_2 to 2023-01-30T07:00:00+00:00, run_after=2023-02-06T07:00:00+00:00
[2023-02-05 18:21:26,061] {processor.py:161} INFO - Processing /home/milo/13-airflow/airflowhome/dags/052_orchestration.py took 0.150 seconds
[2023-02-05 18:21:56,429] {processor.py:153} INFO - Started process (PID=31410) to work on /home/milo/13-airflow/airflowhome/dags/052_orchestration.py
[2023-02-05 18:21:56,430] {processor.py:641} INFO - Processing file /home/milo/13-airflow/airflowhome/dags/052_orchestration.py for tasks to queue
[2023-02-05 18:21:56,431] {logging_mixin.py:115} INFO - [2023-02-05 18:21:56,431] {dagbag.py:508} INFO - Filling up the DagBag from /home/milo/13-airflow/airflowhome/dags/052_orchestration.py
[2023-02-05 18:21:56,441] {processor.py:651} INFO - DAG(s) dict_keys(['orchestration_2']) retrieved from /home/milo/13-airflow/airflowhome/dags/052_orchestration.py
[2023-02-05 18:21:56,469] {logging_mixin.py:115} INFO - [2023-02-05 18:21:56,469] {dag.py:2420} INFO - Sync 1 DAGs
[2023-02-05 18:21:56,503] {logging_mixin.py:115} INFO - [2023-02-05 18:21:56,503] {dag.py:2968} INFO - Setting next_dagrun for orchestration_2 to 2023-01-30T07:00:00+00:00, run_after=2023-02-06T07:00:00+00:00
[2023-02-05 18:21:56,525] {processor.py:161} INFO - Processing /home/milo/13-airflow/airflowhome/dags/052_orchestration.py took 0.102 seconds
[2023-02-05 18:22:26,870] {processor.py:153} INFO - Started process (PID=31419) to work on /home/milo/13-airflow/airflowhome/dags/052_orchestration.py
[2023-02-05 18:22:26,870] {processor.py:641} INFO - Processing file /home/milo/13-airflow/airflowhome/dags/052_orchestration.py for tasks to queue
[2023-02-05 18:22:26,871] {logging_mixin.py:115} INFO - [2023-02-05 18:22:26,871] {dagbag.py:508} INFO - Filling up the DagBag from /home/milo/13-airflow/airflowhome/dags/052_orchestration.py
[2023-02-05 18:22:26,882] {processor.py:651} INFO - DAG(s) dict_keys(['orchestration_2']) retrieved from /home/milo/13-airflow/airflowhome/dags/052_orchestration.py
[2023-02-05 18:22:26,899] {logging_mixin.py:115} INFO - [2023-02-05 18:22:26,899] {dag.py:2420} INFO - Sync 1 DAGs
[2023-02-05 18:22:26,933] {logging_mixin.py:115} INFO - [2023-02-05 18:22:26,933] {dag.py:2968} INFO - Setting next_dagrun for orchestration_2 to 2023-01-30T07:00:00+00:00, run_after=2023-02-06T07:00:00+00:00
[2023-02-05 18:22:26,954] {processor.py:161} INFO - Processing /home/milo/13-airflow/airflowhome/dags/052_orchestration.py took 0.090 seconds
[2023-02-05 18:22:57,452] {processor.py:153} INFO - Started process (PID=31435) to work on /home/milo/13-airflow/airflowhome/dags/052_orchestration.py
[2023-02-05 18:22:57,484] {processor.py:641} INFO - Processing file /home/milo/13-airflow/airflowhome/dags/052_orchestration.py for tasks to queue
[2023-02-05 18:22:57,485] {logging_mixin.py:115} INFO - [2023-02-05 18:22:57,485] {dagbag.py:508} INFO - Filling up the DagBag from /home/milo/13-airflow/airflowhome/dags/052_orchestration.py
[2023-02-05 18:22:57,495] {processor.py:651} INFO - DAG(s) dict_keys(['orchestration_2']) retrieved from /home/milo/13-airflow/airflowhome/dags/052_orchestration.py
[2023-02-05 18:22:57,934] {logging_mixin.py:115} INFO - [2023-02-05 18:22:57,934] {dag.py:2420} INFO - Sync 1 DAGs
[2023-02-05 18:22:57,971] {logging_mixin.py:115} INFO - [2023-02-05 18:22:57,970] {dag.py:2968} INFO - Setting next_dagrun for orchestration_2 to 2023-01-30T07:00:00+00:00, run_after=2023-02-06T07:00:00+00:00
[2023-02-05 18:22:58,031] {processor.py:161} INFO - Processing /home/milo/13-airflow/airflowhome/dags/052_orchestration.py took 0.584 seconds
[2023-02-05 18:23:29,064] {processor.py:153} INFO - Started process (PID=31449) to work on /home/milo/13-airflow/airflowhome/dags/052_orchestration.py
[2023-02-05 18:23:29,066] {processor.py:641} INFO - Processing file /home/milo/13-airflow/airflowhome/dags/052_orchestration.py for tasks to queue
[2023-02-05 18:23:29,067] {logging_mixin.py:115} INFO - [2023-02-05 18:23:29,067] {dagbag.py:508} INFO - Filling up the DagBag from /home/milo/13-airflow/airflowhome/dags/052_orchestration.py
[2023-02-05 18:23:29,077] {processor.py:651} INFO - DAG(s) dict_keys(['orchestration_2']) retrieved from /home/milo/13-airflow/airflowhome/dags/052_orchestration.py
[2023-02-05 18:23:29,104] {logging_mixin.py:115} INFO - [2023-02-05 18:23:29,104] {dag.py:2420} INFO - Sync 1 DAGs
[2023-02-05 18:23:29,136] {logging_mixin.py:115} INFO - [2023-02-05 18:23:29,136] {dag.py:2968} INFO - Setting next_dagrun for orchestration_2 to 2023-01-30T07:00:00+00:00, run_after=2023-02-06T07:00:00+00:00
[2023-02-05 18:23:29,156] {processor.py:161} INFO - Processing /home/milo/13-airflow/airflowhome/dags/052_orchestration.py took 0.097 seconds
[2023-02-05 18:23:59,784] {processor.py:153} INFO - Started process (PID=31460) to work on /home/milo/13-airflow/airflowhome/dags/052_orchestration.py
[2023-02-05 18:23:59,786] {processor.py:641} INFO - Processing file /home/milo/13-airflow/airflowhome/dags/052_orchestration.py for tasks to queue
[2023-02-05 18:23:59,787] {logging_mixin.py:115} INFO - [2023-02-05 18:23:59,787] {dagbag.py:508} INFO - Filling up the DagBag from /home/milo/13-airflow/airflowhome/dags/052_orchestration.py
[2023-02-05 18:23:59,798] {processor.py:651} INFO - DAG(s) dict_keys(['orchestration_2']) retrieved from /home/milo/13-airflow/airflowhome/dags/052_orchestration.py
[2023-02-05 18:23:59,825] {logging_mixin.py:115} INFO - [2023-02-05 18:23:59,824] {dag.py:2420} INFO - Sync 1 DAGs
[2023-02-05 18:23:59,857] {logging_mixin.py:115} INFO - [2023-02-05 18:23:59,856] {dag.py:2968} INFO - Setting next_dagrun for orchestration_2 to 2023-01-30T07:00:00+00:00, run_after=2023-02-06T07:00:00+00:00
[2023-02-05 18:23:59,875] {processor.py:161} INFO - Processing /home/milo/13-airflow/airflowhome/dags/052_orchestration.py took 0.096 seconds
[2023-02-05 18:24:30,425] {processor.py:153} INFO - Started process (PID=31471) to work on /home/milo/13-airflow/airflowhome/dags/052_orchestration.py
[2023-02-05 18:24:30,427] {processor.py:641} INFO - Processing file /home/milo/13-airflow/airflowhome/dags/052_orchestration.py for tasks to queue
[2023-02-05 18:24:30,427] {logging_mixin.py:115} INFO - [2023-02-05 18:24:30,427] {dagbag.py:508} INFO - Filling up the DagBag from /home/milo/13-airflow/airflowhome/dags/052_orchestration.py
[2023-02-05 18:24:30,438] {processor.py:651} INFO - DAG(s) dict_keys(['orchestration_2']) retrieved from /home/milo/13-airflow/airflowhome/dags/052_orchestration.py
[2023-02-05 18:24:30,466] {logging_mixin.py:115} INFO - [2023-02-05 18:24:30,466] {dag.py:2420} INFO - Sync 1 DAGs
[2023-02-05 18:24:30,498] {logging_mixin.py:115} INFO - [2023-02-05 18:24:30,498] {dag.py:2968} INFO - Setting next_dagrun for orchestration_2 to 2023-01-30T07:00:00+00:00, run_after=2023-02-06T07:00:00+00:00
[2023-02-05 18:24:30,520] {processor.py:161} INFO - Processing /home/milo/13-airflow/airflowhome/dags/052_orchestration.py took 0.100 seconds
[2023-02-05 18:25:00,968] {processor.py:153} INFO - Started process (PID=31481) to work on /home/milo/13-airflow/airflowhome/dags/052_orchestration.py
[2023-02-05 18:25:00,969] {processor.py:641} INFO - Processing file /home/milo/13-airflow/airflowhome/dags/052_orchestration.py for tasks to queue
[2023-02-05 18:25:00,970] {logging_mixin.py:115} INFO - [2023-02-05 18:25:00,970] {dagbag.py:508} INFO - Filling up the DagBag from /home/milo/13-airflow/airflowhome/dags/052_orchestration.py
[2023-02-05 18:25:00,980] {processor.py:651} INFO - DAG(s) dict_keys(['orchestration_2']) retrieved from /home/milo/13-airflow/airflowhome/dags/052_orchestration.py
[2023-02-05 18:25:01,007] {logging_mixin.py:115} INFO - [2023-02-05 18:25:01,007] {dag.py:2420} INFO - Sync 1 DAGs
[2023-02-05 18:25:01,039] {logging_mixin.py:115} INFO - [2023-02-05 18:25:01,039] {dag.py:2968} INFO - Setting next_dagrun for orchestration_2 to 2023-01-30T07:00:00+00:00, run_after=2023-02-06T07:00:00+00:00
[2023-02-05 18:25:01,058] {processor.py:161} INFO - Processing /home/milo/13-airflow/airflowhome/dags/052_orchestration.py took 0.095 seconds
[2023-02-05 18:25:31,578] {processor.py:153} INFO - Started process (PID=31496) to work on /home/milo/13-airflow/airflowhome/dags/052_orchestration.py
[2023-02-05 18:25:31,580] {processor.py:641} INFO - Processing file /home/milo/13-airflow/airflowhome/dags/052_orchestration.py for tasks to queue
[2023-02-05 18:25:31,582] {logging_mixin.py:115} INFO - [2023-02-05 18:25:31,581] {dagbag.py:508} INFO - Filling up the DagBag from /home/milo/13-airflow/airflowhome/dags/052_orchestration.py
[2023-02-05 18:25:31,594] {processor.py:651} INFO - DAG(s) dict_keys(['orchestration_2']) retrieved from /home/milo/13-airflow/airflowhome/dags/052_orchestration.py
[2023-02-05 18:25:31,624] {logging_mixin.py:115} INFO - [2023-02-05 18:25:31,624] {dag.py:2420} INFO - Sync 1 DAGs
[2023-02-05 18:25:31,657] {logging_mixin.py:115} INFO - [2023-02-05 18:25:31,657] {dag.py:2968} INFO - Setting next_dagrun for orchestration_2 to 2023-01-30T07:00:00+00:00, run_after=2023-02-06T07:00:00+00:00
[2023-02-05 18:25:31,682] {processor.py:161} INFO - Processing /home/milo/13-airflow/airflowhome/dags/052_orchestration.py took 0.109 seconds
[2023-02-05 18:26:02,124] {processor.py:153} INFO - Started process (PID=31510) to work on /home/milo/13-airflow/airflowhome/dags/052_orchestration.py
[2023-02-05 18:26:02,124] {processor.py:641} INFO - Processing file /home/milo/13-airflow/airflowhome/dags/052_orchestration.py for tasks to queue
[2023-02-05 18:26:02,125] {logging_mixin.py:115} INFO - [2023-02-05 18:26:02,125] {dagbag.py:508} INFO - Filling up the DagBag from /home/milo/13-airflow/airflowhome/dags/052_orchestration.py
[2023-02-05 18:26:02,136] {processor.py:651} INFO - DAG(s) dict_keys(['orchestration_2']) retrieved from /home/milo/13-airflow/airflowhome/dags/052_orchestration.py
[2023-02-05 18:26:02,164] {logging_mixin.py:115} INFO - [2023-02-05 18:26:02,164] {dag.py:2420} INFO - Sync 1 DAGs
[2023-02-05 18:26:02,198] {logging_mixin.py:115} INFO - [2023-02-05 18:26:02,198] {dag.py:2968} INFO - Setting next_dagrun for orchestration_2 to 2023-01-30T07:00:00+00:00, run_after=2023-02-06T07:00:00+00:00
[2023-02-05 18:26:02,221] {processor.py:161} INFO - Processing /home/milo/13-airflow/airflowhome/dags/052_orchestration.py took 0.102 seconds
[2023-02-05 18:26:32,733] {processor.py:153} INFO - Started process (PID=31521) to work on /home/milo/13-airflow/airflowhome/dags/052_orchestration.py
[2023-02-05 18:26:32,735] {processor.py:641} INFO - Processing file /home/milo/13-airflow/airflowhome/dags/052_orchestration.py for tasks to queue
[2023-02-05 18:26:32,737] {logging_mixin.py:115} INFO - [2023-02-05 18:26:32,736] {dagbag.py:508} INFO - Filling up the DagBag from /home/milo/13-airflow/airflowhome/dags/052_orchestration.py
[2023-02-05 18:26:32,746] {processor.py:651} INFO - DAG(s) dict_keys(['orchestration_2']) retrieved from /home/milo/13-airflow/airflowhome/dags/052_orchestration.py
[2023-02-05 18:26:32,773] {logging_mixin.py:115} INFO - [2023-02-05 18:26:32,773] {dag.py:2420} INFO - Sync 1 DAGs
[2023-02-05 18:26:32,805] {logging_mixin.py:115} INFO - [2023-02-05 18:26:32,805] {dag.py:2968} INFO - Setting next_dagrun for orchestration_2 to 2023-01-30T07:00:00+00:00, run_after=2023-02-06T07:00:00+00:00
[2023-02-05 18:26:32,828] {processor.py:161} INFO - Processing /home/milo/13-airflow/airflowhome/dags/052_orchestration.py took 0.099 seconds
[2023-02-05 18:27:03,230] {processor.py:153} INFO - Started process (PID=31529) to work on /home/milo/13-airflow/airflowhome/dags/052_orchestration.py
[2023-02-05 18:27:03,230] {processor.py:641} INFO - Processing file /home/milo/13-airflow/airflowhome/dags/052_orchestration.py for tasks to queue
[2023-02-05 18:27:03,231] {logging_mixin.py:115} INFO - [2023-02-05 18:27:03,231] {dagbag.py:508} INFO - Filling up the DagBag from /home/milo/13-airflow/airflowhome/dags/052_orchestration.py
[2023-02-05 18:27:03,242] {processor.py:651} INFO - DAG(s) dict_keys(['orchestration_2']) retrieved from /home/milo/13-airflow/airflowhome/dags/052_orchestration.py
[2023-02-05 18:27:03,269] {logging_mixin.py:115} INFO - [2023-02-05 18:27:03,269] {dag.py:2420} INFO - Sync 1 DAGs
[2023-02-05 18:27:03,303] {logging_mixin.py:115} INFO - [2023-02-05 18:27:03,303] {dag.py:2968} INFO - Setting next_dagrun for orchestration_2 to 2023-01-30T07:00:00+00:00, run_after=2023-02-06T07:00:00+00:00
[2023-02-05 18:27:03,327] {processor.py:161} INFO - Processing /home/milo/13-airflow/airflowhome/dags/052_orchestration.py took 0.103 seconds
[2023-02-05 18:27:33,800] {processor.py:153} INFO - Started process (PID=31544) to work on /home/milo/13-airflow/airflowhome/dags/052_orchestration.py
[2023-02-05 18:27:33,802] {processor.py:641} INFO - Processing file /home/milo/13-airflow/airflowhome/dags/052_orchestration.py for tasks to queue
[2023-02-05 18:27:33,803] {logging_mixin.py:115} INFO - [2023-02-05 18:27:33,803] {dagbag.py:508} INFO - Filling up the DagBag from /home/milo/13-airflow/airflowhome/dags/052_orchestration.py
[2023-02-05 18:27:33,813] {processor.py:651} INFO - DAG(s) dict_keys(['orchestration_2']) retrieved from /home/milo/13-airflow/airflowhome/dags/052_orchestration.py
[2023-02-05 18:27:33,841] {logging_mixin.py:115} INFO - [2023-02-05 18:27:33,841] {dag.py:2420} INFO - Sync 1 DAGs
[2023-02-05 18:27:33,872] {logging_mixin.py:115} INFO - [2023-02-05 18:27:33,872] {dag.py:2968} INFO - Setting next_dagrun for orchestration_2 to 2023-01-30T07:00:00+00:00, run_after=2023-02-06T07:00:00+00:00
[2023-02-05 18:27:33,896] {processor.py:161} INFO - Processing /home/milo/13-airflow/airflowhome/dags/052_orchestration.py took 0.101 seconds
[2023-02-05 18:28:04,322] {processor.py:153} INFO - Started process (PID=31553) to work on /home/milo/13-airflow/airflowhome/dags/052_orchestration.py
[2023-02-05 18:28:04,323] {processor.py:641} INFO - Processing file /home/milo/13-airflow/airflowhome/dags/052_orchestration.py for tasks to queue
[2023-02-05 18:28:04,323] {logging_mixin.py:115} INFO - [2023-02-05 18:28:04,323] {dagbag.py:508} INFO - Filling up the DagBag from /home/milo/13-airflow/airflowhome/dags/052_orchestration.py
[2023-02-05 18:28:04,334] {processor.py:651} INFO - DAG(s) dict_keys(['orchestration_2']) retrieved from /home/milo/13-airflow/airflowhome/dags/052_orchestration.py
[2023-02-05 18:28:04,362] {logging_mixin.py:115} INFO - [2023-02-05 18:28:04,362] {dag.py:2420} INFO - Sync 1 DAGs
[2023-02-05 18:28:04,396] {logging_mixin.py:115} INFO - [2023-02-05 18:28:04,396] {dag.py:2968} INFO - Setting next_dagrun for orchestration_2 to 2023-01-30T07:00:00+00:00, run_after=2023-02-06T07:00:00+00:00
[2023-02-05 18:28:04,419] {processor.py:161} INFO - Processing /home/milo/13-airflow/airflowhome/dags/052_orchestration.py took 0.102 seconds
[2023-02-05 18:28:34,916] {processor.py:153} INFO - Started process (PID=31565) to work on /home/milo/13-airflow/airflowhome/dags/052_orchestration.py
[2023-02-05 18:28:34,920] {processor.py:641} INFO - Processing file /home/milo/13-airflow/airflowhome/dags/052_orchestration.py for tasks to queue
[2023-02-05 18:28:34,921] {logging_mixin.py:115} INFO - [2023-02-05 18:28:34,921] {dagbag.py:508} INFO - Filling up the DagBag from /home/milo/13-airflow/airflowhome/dags/052_orchestration.py
[2023-02-05 18:28:34,931] {processor.py:651} INFO - DAG(s) dict_keys(['orchestration_2']) retrieved from /home/milo/13-airflow/airflowhome/dags/052_orchestration.py
[2023-02-05 18:28:34,958] {logging_mixin.py:115} INFO - [2023-02-05 18:28:34,958] {dag.py:2420} INFO - Sync 1 DAGs
[2023-02-05 18:28:34,991] {logging_mixin.py:115} INFO - [2023-02-05 18:28:34,991] {dag.py:2968} INFO - Setting next_dagrun for orchestration_2 to 2023-01-30T07:00:00+00:00, run_after=2023-02-06T07:00:00+00:00
[2023-02-05 18:28:35,015] {processor.py:161} INFO - Processing /home/milo/13-airflow/airflowhome/dags/052_orchestration.py took 0.104 seconds
[2023-02-05 18:29:05,487] {processor.py:153} INFO - Started process (PID=31576) to work on /home/milo/13-airflow/airflowhome/dags/052_orchestration.py
[2023-02-05 18:29:05,488] {processor.py:641} INFO - Processing file /home/milo/13-airflow/airflowhome/dags/052_orchestration.py for tasks to queue
[2023-02-05 18:29:05,489] {logging_mixin.py:115} INFO - [2023-02-05 18:29:05,488] {dagbag.py:508} INFO - Filling up the DagBag from /home/milo/13-airflow/airflowhome/dags/052_orchestration.py
[2023-02-05 18:29:05,499] {processor.py:651} INFO - DAG(s) dict_keys(['orchestration_2']) retrieved from /home/milo/13-airflow/airflowhome/dags/052_orchestration.py
[2023-02-05 18:29:05,526] {logging_mixin.py:115} INFO - [2023-02-05 18:29:05,525] {dag.py:2420} INFO - Sync 1 DAGs
[2023-02-05 18:29:05,557] {logging_mixin.py:115} INFO - [2023-02-05 18:29:05,557] {dag.py:2968} INFO - Setting next_dagrun for orchestration_2 to 2023-01-30T07:00:00+00:00, run_after=2023-02-06T07:00:00+00:00
[2023-02-05 18:29:05,579] {processor.py:161} INFO - Processing /home/milo/13-airflow/airflowhome/dags/052_orchestration.py took 0.096 seconds
[2023-02-05 18:29:36,068] {processor.py:153} INFO - Started process (PID=31587) to work on /home/milo/13-airflow/airflowhome/dags/052_orchestration.py
[2023-02-05 18:29:36,071] {processor.py:641} INFO - Processing file /home/milo/13-airflow/airflowhome/dags/052_orchestration.py for tasks to queue
[2023-02-05 18:29:36,071] {logging_mixin.py:115} INFO - [2023-02-05 18:29:36,071] {dagbag.py:508} INFO - Filling up the DagBag from /home/milo/13-airflow/airflowhome/dags/052_orchestration.py
[2023-02-05 18:29:36,082] {processor.py:651} INFO - DAG(s) dict_keys(['orchestration_2']) retrieved from /home/milo/13-airflow/airflowhome/dags/052_orchestration.py
[2023-02-05 18:29:36,111] {logging_mixin.py:115} INFO - [2023-02-05 18:29:36,111] {dag.py:2420} INFO - Sync 1 DAGs
[2023-02-05 18:29:36,144] {logging_mixin.py:115} INFO - [2023-02-05 18:29:36,144] {dag.py:2968} INFO - Setting next_dagrun for orchestration_2 to 2023-01-30T07:00:00+00:00, run_after=2023-02-06T07:00:00+00:00
[2023-02-05 18:29:36,167] {processor.py:161} INFO - Processing /home/milo/13-airflow/airflowhome/dags/052_orchestration.py took 0.106 seconds
[2023-02-05 18:30:06,729] {processor.py:153} INFO - Started process (PID=31598) to work on /home/milo/13-airflow/airflowhome/dags/052_orchestration.py
[2023-02-05 18:30:06,730] {processor.py:641} INFO - Processing file /home/milo/13-airflow/airflowhome/dags/052_orchestration.py for tasks to queue
[2023-02-05 18:30:06,731] {logging_mixin.py:115} INFO - [2023-02-05 18:30:06,731] {dagbag.py:508} INFO - Filling up the DagBag from /home/milo/13-airflow/airflowhome/dags/052_orchestration.py
[2023-02-05 18:30:06,742] {processor.py:651} INFO - DAG(s) dict_keys(['orchestration_2']) retrieved from /home/milo/13-airflow/airflowhome/dags/052_orchestration.py
[2023-02-05 18:30:06,770] {logging_mixin.py:115} INFO - [2023-02-05 18:30:06,770] {dag.py:2420} INFO - Sync 1 DAGs
[2023-02-05 18:30:06,803] {logging_mixin.py:115} INFO - [2023-02-05 18:30:06,803] {dag.py:2968} INFO - Setting next_dagrun for orchestration_2 to 2023-01-30T07:00:00+00:00, run_after=2023-02-06T07:00:00+00:00
[2023-02-05 18:30:06,828] {processor.py:161} INFO - Processing /home/milo/13-airflow/airflowhome/dags/052_orchestration.py took 0.105 seconds
[2023-02-05 18:30:37,234] {processor.py:153} INFO - Started process (PID=31613) to work on /home/milo/13-airflow/airflowhome/dags/052_orchestration.py
[2023-02-05 18:30:37,235] {processor.py:641} INFO - Processing file /home/milo/13-airflow/airflowhome/dags/052_orchestration.py for tasks to queue
[2023-02-05 18:30:37,239] {logging_mixin.py:115} INFO - [2023-02-05 18:30:37,239] {dagbag.py:508} INFO - Filling up the DagBag from /home/milo/13-airflow/airflowhome/dags/052_orchestration.py
[2023-02-05 18:30:37,249] {processor.py:651} INFO - DAG(s) dict_keys(['orchestration_2']) retrieved from /home/milo/13-airflow/airflowhome/dags/052_orchestration.py
[2023-02-05 18:30:37,317] {logging_mixin.py:115} INFO - [2023-02-05 18:30:37,317] {dag.py:2420} INFO - Sync 1 DAGs
[2023-02-05 18:30:37,354] {logging_mixin.py:115} INFO - [2023-02-05 18:30:37,354] {dag.py:2968} INFO - Setting next_dagrun for orchestration_2 to 2023-01-30T07:00:00+00:00, run_after=2023-02-06T07:00:00+00:00
[2023-02-05 18:30:37,375] {processor.py:161} INFO - Processing /home/milo/13-airflow/airflowhome/dags/052_orchestration.py took 0.148 seconds
[2023-02-05 18:31:08,055] {processor.py:153} INFO - Started process (PID=31622) to work on /home/milo/13-airflow/airflowhome/dags/052_orchestration.py
[2023-02-05 18:31:08,057] {processor.py:641} INFO - Processing file /home/milo/13-airflow/airflowhome/dags/052_orchestration.py for tasks to queue
[2023-02-05 18:31:08,058] {logging_mixin.py:115} INFO - [2023-02-05 18:31:08,058] {dagbag.py:508} INFO - Filling up the DagBag from /home/milo/13-airflow/airflowhome/dags/052_orchestration.py
[2023-02-05 18:31:08,068] {processor.py:651} INFO - DAG(s) dict_keys(['orchestration_2']) retrieved from /home/milo/13-airflow/airflowhome/dags/052_orchestration.py
[2023-02-05 18:31:08,095] {logging_mixin.py:115} INFO - [2023-02-05 18:31:08,095] {dag.py:2420} INFO - Sync 1 DAGs
[2023-02-05 18:31:08,130] {logging_mixin.py:115} INFO - [2023-02-05 18:31:08,130] {dag.py:2968} INFO - Setting next_dagrun for orchestration_2 to 2023-01-30T07:00:00+00:00, run_after=2023-02-06T07:00:00+00:00
[2023-02-05 18:31:08,151] {processor.py:161} INFO - Processing /home/milo/13-airflow/airflowhome/dags/052_orchestration.py took 0.101 seconds
[2023-02-05 18:31:39,609] {processor.py:153} INFO - Started process (PID=31636) to work on /home/milo/13-airflow/airflowhome/dags/052_orchestration.py
[2023-02-05 18:31:39,610] {processor.py:641} INFO - Processing file /home/milo/13-airflow/airflowhome/dags/052_orchestration.py for tasks to queue
[2023-02-05 18:31:39,610] {logging_mixin.py:115} INFO - [2023-02-05 18:31:39,610] {dagbag.py:508} INFO - Filling up the DagBag from /home/milo/13-airflow/airflowhome/dags/052_orchestration.py
[2023-02-05 18:31:39,620] {processor.py:651} INFO - DAG(s) dict_keys(['orchestration_2']) retrieved from /home/milo/13-airflow/airflowhome/dags/052_orchestration.py
[2023-02-05 18:31:39,648] {logging_mixin.py:115} INFO - [2023-02-05 18:31:39,648] {dag.py:2420} INFO - Sync 1 DAGs
[2023-02-05 18:31:39,690] {logging_mixin.py:115} INFO - [2023-02-05 18:31:39,690] {dag.py:2968} INFO - Setting next_dagrun for orchestration_2 to 2023-01-30T07:00:00+00:00, run_after=2023-02-06T07:00:00+00:00
[2023-02-05 18:31:39,709] {processor.py:161} INFO - Processing /home/milo/13-airflow/airflowhome/dags/052_orchestration.py took 0.105 seconds
[2023-02-05 18:32:10,103] {processor.py:153} INFO - Started process (PID=31648) to work on /home/milo/13-airflow/airflowhome/dags/052_orchestration.py
[2023-02-05 18:32:10,105] {processor.py:641} INFO - Processing file /home/milo/13-airflow/airflowhome/dags/052_orchestration.py for tasks to queue
[2023-02-05 18:32:10,107] {logging_mixin.py:115} INFO - [2023-02-05 18:32:10,106] {dagbag.py:508} INFO - Filling up the DagBag from /home/milo/13-airflow/airflowhome/dags/052_orchestration.py
[2023-02-05 18:32:10,117] {processor.py:651} INFO - DAG(s) dict_keys(['orchestration_2']) retrieved from /home/milo/13-airflow/airflowhome/dags/052_orchestration.py
[2023-02-05 18:32:10,145] {logging_mixin.py:115} INFO - [2023-02-05 18:32:10,145] {dag.py:2420} INFO - Sync 1 DAGs
[2023-02-05 18:32:10,179] {logging_mixin.py:115} INFO - [2023-02-05 18:32:10,179] {dag.py:2968} INFO - Setting next_dagrun for orchestration_2 to 2023-01-30T07:00:00+00:00, run_after=2023-02-06T07:00:00+00:00
[2023-02-05 18:32:10,199] {processor.py:161} INFO - Processing /home/milo/13-airflow/airflowhome/dags/052_orchestration.py took 0.101 seconds
[2023-02-05 18:32:40,668] {processor.py:153} INFO - Started process (PID=31661) to work on /home/milo/13-airflow/airflowhome/dags/052_orchestration.py
[2023-02-05 18:32:40,669] {processor.py:641} INFO - Processing file /home/milo/13-airflow/airflowhome/dags/052_orchestration.py for tasks to queue
[2023-02-05 18:32:40,670] {logging_mixin.py:115} INFO - [2023-02-05 18:32:40,669] {dagbag.py:508} INFO - Filling up the DagBag from /home/milo/13-airflow/airflowhome/dags/052_orchestration.py
[2023-02-05 18:32:40,680] {processor.py:651} INFO - DAG(s) dict_keys(['orchestration_2']) retrieved from /home/milo/13-airflow/airflowhome/dags/052_orchestration.py
[2023-02-05 18:32:40,708] {logging_mixin.py:115} INFO - [2023-02-05 18:32:40,708] {dag.py:2420} INFO - Sync 1 DAGs
[2023-02-05 18:32:40,744] {logging_mixin.py:115} INFO - [2023-02-05 18:32:40,743] {dag.py:2968} INFO - Setting next_dagrun for orchestration_2 to 2023-01-30T07:00:00+00:00, run_after=2023-02-06T07:00:00+00:00
[2023-02-05 18:32:40,764] {processor.py:161} INFO - Processing /home/milo/13-airflow/airflowhome/dags/052_orchestration.py took 0.101 seconds
[2023-02-05 18:33:11,159] {processor.py:153} INFO - Started process (PID=31673) to work on /home/milo/13-airflow/airflowhome/dags/052_orchestration.py
[2023-02-05 18:33:11,162] {processor.py:641} INFO - Processing file /home/milo/13-airflow/airflowhome/dags/052_orchestration.py for tasks to queue
[2023-02-05 18:33:11,163] {logging_mixin.py:115} INFO - [2023-02-05 18:33:11,163] {dagbag.py:508} INFO - Filling up the DagBag from /home/milo/13-airflow/airflowhome/dags/052_orchestration.py
[2023-02-05 18:33:11,173] {processor.py:651} INFO - DAG(s) dict_keys(['orchestration_2']) retrieved from /home/milo/13-airflow/airflowhome/dags/052_orchestration.py
[2023-02-05 18:33:11,200] {logging_mixin.py:115} INFO - [2023-02-05 18:33:11,200] {dag.py:2420} INFO - Sync 1 DAGs
[2023-02-05 18:33:11,232] {logging_mixin.py:115} INFO - [2023-02-05 18:33:11,231] {dag.py:2968} INFO - Setting next_dagrun for orchestration_2 to 2023-01-30T07:00:00+00:00, run_after=2023-02-06T07:00:00+00:00
[2023-02-05 18:33:11,250] {processor.py:161} INFO - Processing /home/milo/13-airflow/airflowhome/dags/052_orchestration.py took 0.098 seconds
[2023-02-05 18:33:41,743] {processor.py:153} INFO - Started process (PID=31686) to work on /home/milo/13-airflow/airflowhome/dags/052_orchestration.py
[2023-02-05 18:33:41,743] {processor.py:641} INFO - Processing file /home/milo/13-airflow/airflowhome/dags/052_orchestration.py for tasks to queue
[2023-02-05 18:33:41,744] {logging_mixin.py:115} INFO - [2023-02-05 18:33:41,744] {dagbag.py:508} INFO - Filling up the DagBag from /home/milo/13-airflow/airflowhome/dags/052_orchestration.py
[2023-02-05 18:33:41,755] {processor.py:651} INFO - DAG(s) dict_keys(['orchestration_2']) retrieved from /home/milo/13-airflow/airflowhome/dags/052_orchestration.py
[2023-02-05 18:33:41,783] {logging_mixin.py:115} INFO - [2023-02-05 18:33:41,783] {dag.py:2420} INFO - Sync 1 DAGs
[2023-02-05 18:33:41,815] {logging_mixin.py:115} INFO - [2023-02-05 18:33:41,815] {dag.py:2968} INFO - Setting next_dagrun for orchestration_2 to 2023-01-30T07:00:00+00:00, run_after=2023-02-06T07:00:00+00:00
[2023-02-05 18:33:41,837] {processor.py:161} INFO - Processing /home/milo/13-airflow/airflowhome/dags/052_orchestration.py took 0.099 seconds
[2023-02-05 18:34:12,138] {processor.py:153} INFO - Started process (PID=31696) to work on /home/milo/13-airflow/airflowhome/dags/052_orchestration.py
[2023-02-05 18:34:12,139] {processor.py:641} INFO - Processing file /home/milo/13-airflow/airflowhome/dags/052_orchestration.py for tasks to queue
[2023-02-05 18:34:12,141] {logging_mixin.py:115} INFO - [2023-02-05 18:34:12,141] {dagbag.py:508} INFO - Filling up the DagBag from /home/milo/13-airflow/airflowhome/dags/052_orchestration.py
[2023-02-05 18:34:12,151] {processor.py:651} INFO - DAG(s) dict_keys(['orchestration_2']) retrieved from /home/milo/13-airflow/airflowhome/dags/052_orchestration.py
[2023-02-05 18:34:12,184] {logging_mixin.py:115} INFO - [2023-02-05 18:34:12,184] {dag.py:2420} INFO - Sync 1 DAGs
[2023-02-05 18:34:12,216] {logging_mixin.py:115} INFO - [2023-02-05 18:34:12,215] {dag.py:2968} INFO - Setting next_dagrun for orchestration_2 to 2023-01-30T07:00:00+00:00, run_after=2023-02-06T07:00:00+00:00
[2023-02-05 18:34:12,244] {processor.py:161} INFO - Processing /home/milo/13-airflow/airflowhome/dags/052_orchestration.py took 0.112 seconds
[2023-02-05 18:34:42,891] {processor.py:153} INFO - Started process (PID=31705) to work on /home/milo/13-airflow/airflowhome/dags/052_orchestration.py
[2023-02-05 18:34:42,892] {processor.py:641} INFO - Processing file /home/milo/13-airflow/airflowhome/dags/052_orchestration.py for tasks to queue
[2023-02-05 18:34:42,893] {logging_mixin.py:115} INFO - [2023-02-05 18:34:42,892] {dagbag.py:508} INFO - Filling up the DagBag from /home/milo/13-airflow/airflowhome/dags/052_orchestration.py
[2023-02-05 18:34:42,909] {processor.py:651} INFO - DAG(s) dict_keys(['orchestration_2']) retrieved from /home/milo/13-airflow/airflowhome/dags/052_orchestration.py
[2023-02-05 18:34:42,956] {logging_mixin.py:115} INFO - [2023-02-05 18:34:42,956] {dag.py:2420} INFO - Sync 1 DAGs
[2023-02-05 18:34:43,030] {logging_mixin.py:115} INFO - [2023-02-05 18:34:43,030] {dag.py:2968} INFO - Setting next_dagrun for orchestration_2 to 2023-01-30T07:00:00+00:00, run_after=2023-02-06T07:00:00+00:00
[2023-02-05 18:34:43,073] {processor.py:161} INFO - Processing /home/milo/13-airflow/airflowhome/dags/052_orchestration.py took 0.187 seconds
[2023-02-05 18:35:15,564] {processor.py:153} INFO - Started process (PID=31716) to work on /home/milo/13-airflow/airflowhome/dags/052_orchestration.py
[2023-02-05 18:35:15,566] {processor.py:641} INFO - Processing file /home/milo/13-airflow/airflowhome/dags/052_orchestration.py for tasks to queue
[2023-02-05 18:35:15,567] {logging_mixin.py:115} INFO - [2023-02-05 18:35:15,567] {dagbag.py:508} INFO - Filling up the DagBag from /home/milo/13-airflow/airflowhome/dags/052_orchestration.py
[2023-02-05 18:35:15,580] {processor.py:651} INFO - DAG(s) dict_keys(['orchestration_2']) retrieved from /home/milo/13-airflow/airflowhome/dags/052_orchestration.py
[2023-02-05 18:35:15,630] {logging_mixin.py:115} INFO - [2023-02-05 18:35:15,630] {dag.py:2420} INFO - Sync 1 DAGs
[2023-02-05 18:35:15,662] {logging_mixin.py:115} INFO - [2023-02-05 18:35:15,662] {dag.py:2968} INFO - Setting next_dagrun for orchestration_2 to 2023-01-30T07:00:00+00:00, run_after=2023-02-06T07:00:00+00:00
[2023-02-05 18:35:15,681] {processor.py:161} INFO - Processing /home/milo/13-airflow/airflowhome/dags/052_orchestration.py took 0.122 seconds
[2023-02-05 18:35:46,515] {processor.py:153} INFO - Started process (PID=31727) to work on /home/milo/13-airflow/airflowhome/dags/052_orchestration.py
[2023-02-05 18:35:46,516] {processor.py:641} INFO - Processing file /home/milo/13-airflow/airflowhome/dags/052_orchestration.py for tasks to queue
[2023-02-05 18:35:46,517] {logging_mixin.py:115} INFO - [2023-02-05 18:35:46,516] {dagbag.py:508} INFO - Filling up the DagBag from /home/milo/13-airflow/airflowhome/dags/052_orchestration.py
[2023-02-05 18:35:46,527] {processor.py:651} INFO - DAG(s) dict_keys(['orchestration_2']) retrieved from /home/milo/13-airflow/airflowhome/dags/052_orchestration.py
[2023-02-05 18:35:46,554] {logging_mixin.py:115} INFO - [2023-02-05 18:35:46,554] {dag.py:2420} INFO - Sync 1 DAGs
[2023-02-05 18:35:46,589] {logging_mixin.py:115} INFO - [2023-02-05 18:35:46,589] {dag.py:2968} INFO - Setting next_dagrun for orchestration_2 to 2023-01-30T07:00:00+00:00, run_after=2023-02-06T07:00:00+00:00
[2023-02-05 18:35:46,612] {processor.py:161} INFO - Processing /home/milo/13-airflow/airflowhome/dags/052_orchestration.py took 0.102 seconds
[2023-02-05 18:36:17,007] {processor.py:153} INFO - Started process (PID=31736) to work on /home/milo/13-airflow/airflowhome/dags/052_orchestration.py
[2023-02-05 18:36:17,020] {processor.py:641} INFO - Processing file /home/milo/13-airflow/airflowhome/dags/052_orchestration.py for tasks to queue
[2023-02-05 18:36:17,021] {logging_mixin.py:115} INFO - [2023-02-05 18:36:17,021] {dagbag.py:508} INFO - Filling up the DagBag from /home/milo/13-airflow/airflowhome/dags/052_orchestration.py
[2023-02-05 18:36:17,032] {processor.py:651} INFO - DAG(s) dict_keys(['orchestration_2']) retrieved from /home/milo/13-airflow/airflowhome/dags/052_orchestration.py
[2023-02-05 18:36:17,065] {logging_mixin.py:115} INFO - [2023-02-05 18:36:17,065] {dag.py:2420} INFO - Sync 1 DAGs
[2023-02-05 18:36:17,106] {logging_mixin.py:115} INFO - [2023-02-05 18:36:17,106] {dag.py:2968} INFO - Setting next_dagrun for orchestration_2 to 2023-01-30T07:00:00+00:00, run_after=2023-02-06T07:00:00+00:00
[2023-02-05 18:36:17,127] {processor.py:161} INFO - Processing /home/milo/13-airflow/airflowhome/dags/052_orchestration.py took 0.125 seconds
[2023-02-05 18:36:48,106] {processor.py:153} INFO - Started process (PID=31745) to work on /home/milo/13-airflow/airflowhome/dags/052_orchestration.py
[2023-02-05 18:36:48,107] {processor.py:641} INFO - Processing file /home/milo/13-airflow/airflowhome/dags/052_orchestration.py for tasks to queue
[2023-02-05 18:36:48,108] {logging_mixin.py:115} INFO - [2023-02-05 18:36:48,108] {dagbag.py:508} INFO - Filling up the DagBag from /home/milo/13-airflow/airflowhome/dags/052_orchestration.py
[2023-02-05 18:36:48,118] {processor.py:651} INFO - DAG(s) dict_keys(['orchestration_2']) retrieved from /home/milo/13-airflow/airflowhome/dags/052_orchestration.py
[2023-02-05 18:36:48,146] {logging_mixin.py:115} INFO - [2023-02-05 18:36:48,146] {dag.py:2420} INFO - Sync 1 DAGs
[2023-02-05 18:36:48,178] {logging_mixin.py:115} INFO - [2023-02-05 18:36:48,178] {dag.py:2968} INFO - Setting next_dagrun for orchestration_2 to 2023-01-30T07:00:00+00:00, run_after=2023-02-06T07:00:00+00:00
[2023-02-05 18:36:49,279] {processor.py:161} INFO - Processing /home/milo/13-airflow/airflowhome/dags/052_orchestration.py took 1.179 seconds
[2023-02-05 18:37:21,176] {processor.py:153} INFO - Started process (PID=31754) to work on /home/milo/13-airflow/airflowhome/dags/052_orchestration.py
[2023-02-05 18:37:21,182] {processor.py:641} INFO - Processing file /home/milo/13-airflow/airflowhome/dags/052_orchestration.py for tasks to queue
[2023-02-05 18:37:21,184] {logging_mixin.py:115} INFO - [2023-02-05 18:37:21,184] {dagbag.py:508} INFO - Filling up the DagBag from /home/milo/13-airflow/airflowhome/dags/052_orchestration.py
[2023-02-05 18:37:21,195] {processor.py:651} INFO - DAG(s) dict_keys(['orchestration_2']) retrieved from /home/milo/13-airflow/airflowhome/dags/052_orchestration.py
[2023-02-05 18:37:21,226] {logging_mixin.py:115} INFO - [2023-02-05 18:37:21,226] {dag.py:2420} INFO - Sync 1 DAGs
[2023-02-05 18:37:21,267] {logging_mixin.py:115} INFO - [2023-02-05 18:37:21,267] {dag.py:2968} INFO - Setting next_dagrun for orchestration_2 to 2023-01-30T07:00:00+00:00, run_after=2023-02-06T07:00:00+00:00
[2023-02-05 18:37:24,047] {processor.py:161} INFO - Processing /home/milo/13-airflow/airflowhome/dags/052_orchestration.py took 2.877 seconds
[2023-02-05 18:37:54,427] {processor.py:153} INFO - Started process (PID=31763) to work on /home/milo/13-airflow/airflowhome/dags/052_orchestration.py
[2023-02-05 18:37:54,428] {processor.py:641} INFO - Processing file /home/milo/13-airflow/airflowhome/dags/052_orchestration.py for tasks to queue
[2023-02-05 18:37:54,429] {logging_mixin.py:115} INFO - [2023-02-05 18:37:54,429] {dagbag.py:508} INFO - Filling up the DagBag from /home/milo/13-airflow/airflowhome/dags/052_orchestration.py
[2023-02-05 18:37:54,443] {processor.py:651} INFO - DAG(s) dict_keys(['orchestration_2']) retrieved from /home/milo/13-airflow/airflowhome/dags/052_orchestration.py
[2023-02-05 18:37:54,471] {logging_mixin.py:115} INFO - [2023-02-05 18:37:54,471] {dag.py:2420} INFO - Sync 1 DAGs
[2023-02-05 18:37:54,505] {logging_mixin.py:115} INFO - [2023-02-05 18:37:54,505] {dag.py:2968} INFO - Setting next_dagrun for orchestration_2 to 2023-01-30T07:00:00+00:00, run_after=2023-02-06T07:00:00+00:00
[2023-02-05 18:37:54,528] {processor.py:161} INFO - Processing /home/milo/13-airflow/airflowhome/dags/052_orchestration.py took 0.106 seconds
[2023-02-05 18:38:24,797] {processor.py:153} INFO - Started process (PID=31774) to work on /home/milo/13-airflow/airflowhome/dags/052_orchestration.py
[2023-02-05 18:38:24,799] {processor.py:641} INFO - Processing file /home/milo/13-airflow/airflowhome/dags/052_orchestration.py for tasks to queue
[2023-02-05 18:38:24,800] {logging_mixin.py:115} INFO - [2023-02-05 18:38:24,800] {dagbag.py:508} INFO - Filling up the DagBag from /home/milo/13-airflow/airflowhome/dags/052_orchestration.py
[2023-02-05 18:38:24,812] {processor.py:651} INFO - DAG(s) dict_keys(['orchestration_2']) retrieved from /home/milo/13-airflow/airflowhome/dags/052_orchestration.py
[2023-02-05 18:38:24,844] {logging_mixin.py:115} INFO - [2023-02-05 18:38:24,844] {dag.py:2420} INFO - Sync 1 DAGs
[2023-02-05 18:38:24,887] {logging_mixin.py:115} INFO - [2023-02-05 18:38:24,887] {dag.py:2968} INFO - Setting next_dagrun for orchestration_2 to 2023-01-30T07:00:00+00:00, run_after=2023-02-06T07:00:00+00:00
[2023-02-05 18:38:24,909] {processor.py:161} INFO - Processing /home/milo/13-airflow/airflowhome/dags/052_orchestration.py took 0.117 seconds
