[2023-02-05 18:06:28,584] {processor.py:153} INFO - Started process (PID=31111) to work on /home/milo/13-airflow/airflowhome/dags/05_02_orchestration.py
[2023-02-05 18:06:28,585] {processor.py:641} INFO - Processing file /home/milo/13-airflow/airflowhome/dags/05_02_orchestration.py for tasks to queue
[2023-02-05 18:06:28,586] {logging_mixin.py:115} INFO - [2023-02-05 18:06:28,586] {dagbag.py:508} INFO - Filling up the DagBag from /home/milo/13-airflow/airflowhome/dags/05_02_orchestration.py
[2023-02-05 18:06:28,603] {logging_mixin.py:115} INFO - [2023-02-05 18:06:28,599] {dagbag.py:321} ERROR - Failed to import: /home/milo/13-airflow/airflowhome/dags/05_02_orchestration.py
Traceback (most recent call last):
  File "/home/milo/13-airflow/airflowhome/airflowenv/lib/python3.9/site-packages/airflow/models/dagbag.py", line 318, in parse
    loader.exec_module(new_module)
  File "<frozen importlib._bootstrap_external>", line 850, in exec_module
  File "<frozen importlib._bootstrap>", line 228, in _call_with_frames_removed
  File "/home/milo/13-airflow/airflowhome/dags/05_02_orchestration.py", line 12, in <module>
    task_1 = BashOperator(task_id="task_1")
  File "/home/milo/13-airflow/airflowhome/airflowenv/lib/python3.9/site-packages/airflow/models/baseoperator.py", line 373, in apply_defaults
    raise AirflowException(f"missing keyword argument {missing_args.pop()!r}")
airflow.exceptions.AirflowException: missing keyword argument 'bash_command'
[2023-02-05 18:06:28,604] {processor.py:653} WARNING - No viable dags retrieved from /home/milo/13-airflow/airflowhome/dags/05_02_orchestration.py
[2023-02-05 18:06:28,637] {processor.py:161} INFO - Processing /home/milo/13-airflow/airflowhome/dags/05_02_orchestration.py took 0.058 seconds
[2023-02-05 18:06:58,862] {processor.py:153} INFO - Started process (PID=31118) to work on /home/milo/13-airflow/airflowhome/dags/05_02_orchestration.py
[2023-02-05 18:06:58,863] {processor.py:641} INFO - Processing file /home/milo/13-airflow/airflowhome/dags/05_02_orchestration.py for tasks to queue
[2023-02-05 18:06:58,864] {logging_mixin.py:115} INFO - [2023-02-05 18:06:58,864] {dagbag.py:508} INFO - Filling up the DagBag from /home/milo/13-airflow/airflowhome/dags/05_02_orchestration.py
[2023-02-05 18:06:58,875] {logging_mixin.py:115} INFO - [2023-02-05 18:06:58,874] {dagbag.py:321} ERROR - Failed to import: /home/milo/13-airflow/airflowhome/dags/05_02_orchestration.py
Traceback (most recent call last):
  File "/home/milo/13-airflow/airflowhome/airflowenv/lib/python3.9/site-packages/airflow/models/dagbag.py", line 318, in parse
    loader.exec_module(new_module)
  File "<frozen importlib._bootstrap_external>", line 850, in exec_module
  File "<frozen importlib._bootstrap>", line 228, in _call_with_frames_removed
  File "/home/milo/13-airflow/airflowhome/dags/05_02_orchestration.py", line 12, in <module>
    task_1 = BashOperator(task_id="task_1")
  File "/home/milo/13-airflow/airflowhome/airflowenv/lib/python3.9/site-packages/airflow/models/baseoperator.py", line 373, in apply_defaults
    raise AirflowException(f"missing keyword argument {missing_args.pop()!r}")
airflow.exceptions.AirflowException: missing keyword argument 'bash_command'
[2023-02-05 18:06:58,876] {processor.py:653} WARNING - No viable dags retrieved from /home/milo/13-airflow/airflowhome/dags/05_02_orchestration.py
[2023-02-05 18:06:58,905] {processor.py:161} INFO - Processing /home/milo/13-airflow/airflowhome/dags/05_02_orchestration.py took 0.048 seconds
[2023-02-05 18:07:29,172] {processor.py:153} INFO - Started process (PID=31126) to work on /home/milo/13-airflow/airflowhome/dags/05_02_orchestration.py
[2023-02-05 18:07:29,178] {processor.py:641} INFO - Processing file /home/milo/13-airflow/airflowhome/dags/05_02_orchestration.py for tasks to queue
[2023-02-05 18:07:29,179] {logging_mixin.py:115} INFO - [2023-02-05 18:07:29,179] {dagbag.py:508} INFO - Filling up the DagBag from /home/milo/13-airflow/airflowhome/dags/05_02_orchestration.py
[2023-02-05 18:07:29,193] {logging_mixin.py:115} INFO - [2023-02-05 18:07:29,191] {dagbag.py:321} ERROR - Failed to import: /home/milo/13-airflow/airflowhome/dags/05_02_orchestration.py
Traceback (most recent call last):
  File "/home/milo/13-airflow/airflowhome/airflowenv/lib/python3.9/site-packages/airflow/models/dagbag.py", line 318, in parse
    loader.exec_module(new_module)
  File "<frozen importlib._bootstrap_external>", line 850, in exec_module
  File "<frozen importlib._bootstrap>", line 228, in _call_with_frames_removed
  File "/home/milo/13-airflow/airflowhome/dags/05_02_orchestration.py", line 12, in <module>
    task_1 = BashOperator(task_id="task_1")
  File "/home/milo/13-airflow/airflowhome/airflowenv/lib/python3.9/site-packages/airflow/models/baseoperator.py", line 373, in apply_defaults
    raise AirflowException(f"missing keyword argument {missing_args.pop()!r}")
airflow.exceptions.AirflowException: missing keyword argument 'bash_command'
[2023-02-05 18:07:29,193] {processor.py:653} WARNING - No viable dags retrieved from /home/milo/13-airflow/airflowhome/dags/05_02_orchestration.py
[2023-02-05 18:07:29,236] {processor.py:161} INFO - Processing /home/milo/13-airflow/airflowhome/dags/05_02_orchestration.py took 0.069 seconds
[2023-02-05 18:07:59,656] {processor.py:153} INFO - Started process (PID=31134) to work on /home/milo/13-airflow/airflowhome/dags/05_02_orchestration.py
[2023-02-05 18:07:59,657] {processor.py:641} INFO - Processing file /home/milo/13-airflow/airflowhome/dags/05_02_orchestration.py for tasks to queue
[2023-02-05 18:07:59,658] {logging_mixin.py:115} INFO - [2023-02-05 18:07:59,658] {dagbag.py:508} INFO - Filling up the DagBag from /home/milo/13-airflow/airflowhome/dags/05_02_orchestration.py
[2023-02-05 18:07:59,669] {logging_mixin.py:115} INFO - [2023-02-05 18:07:59,668] {dagbag.py:321} ERROR - Failed to import: /home/milo/13-airflow/airflowhome/dags/05_02_orchestration.py
Traceback (most recent call last):
  File "/home/milo/13-airflow/airflowhome/airflowenv/lib/python3.9/site-packages/airflow/models/dagbag.py", line 318, in parse
    loader.exec_module(new_module)
  File "<frozen importlib._bootstrap_external>", line 850, in exec_module
  File "<frozen importlib._bootstrap>", line 228, in _call_with_frames_removed
  File "/home/milo/13-airflow/airflowhome/dags/05_02_orchestration.py", line 12, in <module>
    task_1 = BashOperator(task_id="task_1")
  File "/home/milo/13-airflow/airflowhome/airflowenv/lib/python3.9/site-packages/airflow/models/baseoperator.py", line 373, in apply_defaults
    raise AirflowException(f"missing keyword argument {missing_args.pop()!r}")
airflow.exceptions.AirflowException: missing keyword argument 'bash_command'
[2023-02-05 18:07:59,670] {processor.py:653} WARNING - No viable dags retrieved from /home/milo/13-airflow/airflowhome/dags/05_02_orchestration.py
[2023-02-05 18:07:59,699] {processor.py:161} INFO - Processing /home/milo/13-airflow/airflowhome/dags/05_02_orchestration.py took 0.048 seconds
[2023-02-05 18:08:30,668] {processor.py:153} INFO - Started process (PID=31143) to work on /home/milo/13-airflow/airflowhome/dags/05_02_orchestration.py
[2023-02-05 18:08:30,670] {processor.py:641} INFO - Processing file /home/milo/13-airflow/airflowhome/dags/05_02_orchestration.py for tasks to queue
[2023-02-05 18:08:30,671] {logging_mixin.py:115} INFO - [2023-02-05 18:08:30,671] {dagbag.py:508} INFO - Filling up the DagBag from /home/milo/13-airflow/airflowhome/dags/05_02_orchestration.py
[2023-02-05 18:08:30,682] {logging_mixin.py:115} INFO - [2023-02-05 18:08:30,681] {dagbag.py:321} ERROR - Failed to import: /home/milo/13-airflow/airflowhome/dags/05_02_orchestration.py
Traceback (most recent call last):
  File "/home/milo/13-airflow/airflowhome/airflowenv/lib/python3.9/site-packages/airflow/models/dagbag.py", line 318, in parse
    loader.exec_module(new_module)
  File "<frozen importlib._bootstrap_external>", line 850, in exec_module
  File "<frozen importlib._bootstrap>", line 228, in _call_with_frames_removed
  File "/home/milo/13-airflow/airflowhome/dags/05_02_orchestration.py", line 12, in <module>
    task_1 = BashOperator(task_id="task_1")
  File "/home/milo/13-airflow/airflowhome/airflowenv/lib/python3.9/site-packages/airflow/models/baseoperator.py", line 373, in apply_defaults
    raise AirflowException(f"missing keyword argument {missing_args.pop()!r}")
airflow.exceptions.AirflowException: missing keyword argument 'bash_command'
[2023-02-05 18:08:30,683] {processor.py:653} WARNING - No viable dags retrieved from /home/milo/13-airflow/airflowhome/dags/05_02_orchestration.py
[2023-02-05 18:08:30,711] {processor.py:161} INFO - Processing /home/milo/13-airflow/airflowhome/dags/05_02_orchestration.py took 0.048 seconds
[2023-02-05 18:09:01,080] {processor.py:153} INFO - Started process (PID=31150) to work on /home/milo/13-airflow/airflowhome/dags/05_02_orchestration.py
[2023-02-05 18:09:01,081] {processor.py:641} INFO - Processing file /home/milo/13-airflow/airflowhome/dags/05_02_orchestration.py for tasks to queue
[2023-02-05 18:09:01,082] {logging_mixin.py:115} INFO - [2023-02-05 18:09:01,082] {dagbag.py:508} INFO - Filling up the DagBag from /home/milo/13-airflow/airflowhome/dags/05_02_orchestration.py
[2023-02-05 18:09:01,094] {logging_mixin.py:115} INFO - [2023-02-05 18:09:01,092] {dagbag.py:321} ERROR - Failed to import: /home/milo/13-airflow/airflowhome/dags/05_02_orchestration.py
Traceback (most recent call last):
  File "/home/milo/13-airflow/airflowhome/airflowenv/lib/python3.9/site-packages/airflow/models/dagbag.py", line 318, in parse
    loader.exec_module(new_module)
  File "<frozen importlib._bootstrap_external>", line 850, in exec_module
  File "<frozen importlib._bootstrap>", line 228, in _call_with_frames_removed
  File "/home/milo/13-airflow/airflowhome/dags/05_02_orchestration.py", line 12, in <module>
    task_1 = BashOperator(task_id="task_1")
  File "/home/milo/13-airflow/airflowhome/airflowenv/lib/python3.9/site-packages/airflow/models/baseoperator.py", line 373, in apply_defaults
    raise AirflowException(f"missing keyword argument {missing_args.pop()!r}")
airflow.exceptions.AirflowException: missing keyword argument 'bash_command'
[2023-02-05 18:09:01,095] {processor.py:653} WARNING - No viable dags retrieved from /home/milo/13-airflow/airflowhome/dags/05_02_orchestration.py
[2023-02-05 18:09:01,135] {processor.py:161} INFO - Processing /home/milo/13-airflow/airflowhome/dags/05_02_orchestration.py took 0.060 seconds
[2023-02-05 18:09:31,350] {processor.py:153} INFO - Started process (PID=31189) to work on /home/milo/13-airflow/airflowhome/dags/05_02_orchestration.py
[2023-02-05 18:09:31,352] {processor.py:641} INFO - Processing file /home/milo/13-airflow/airflowhome/dags/05_02_orchestration.py for tasks to queue
[2023-02-05 18:09:31,353] {logging_mixin.py:115} INFO - [2023-02-05 18:09:31,353] {dagbag.py:508} INFO - Filling up the DagBag from /home/milo/13-airflow/airflowhome/dags/05_02_orchestration.py
[2023-02-05 18:09:31,365] {logging_mixin.py:115} INFO - [2023-02-05 18:09:31,364] {dagbag.py:321} ERROR - Failed to import: /home/milo/13-airflow/airflowhome/dags/05_02_orchestration.py
Traceback (most recent call last):
  File "/home/milo/13-airflow/airflowhome/airflowenv/lib/python3.9/site-packages/airflow/models/dagbag.py", line 318, in parse
    loader.exec_module(new_module)
  File "<frozen importlib._bootstrap_external>", line 850, in exec_module
  File "<frozen importlib._bootstrap>", line 228, in _call_with_frames_removed
  File "/home/milo/13-airflow/airflowhome/dags/05_02_orchestration.py", line 12, in <module>
    task_1 = BashOperator(task_id="task_1")
  File "/home/milo/13-airflow/airflowhome/airflowenv/lib/python3.9/site-packages/airflow/models/baseoperator.py", line 373, in apply_defaults
    raise AirflowException(f"missing keyword argument {missing_args.pop()!r}")
airflow.exceptions.AirflowException: missing keyword argument 'bash_command'
[2023-02-05 18:09:31,366] {processor.py:653} WARNING - No viable dags retrieved from /home/milo/13-airflow/airflowhome/dags/05_02_orchestration.py
[2023-02-05 18:09:31,396] {processor.py:161} INFO - Processing /home/milo/13-airflow/airflowhome/dags/05_02_orchestration.py took 0.051 seconds
[2023-02-05 18:10:01,664] {processor.py:153} INFO - Started process (PID=31196) to work on /home/milo/13-airflow/airflowhome/dags/05_02_orchestration.py
[2023-02-05 18:10:01,665] {processor.py:641} INFO - Processing file /home/milo/13-airflow/airflowhome/dags/05_02_orchestration.py for tasks to queue
[2023-02-05 18:10:01,667] {logging_mixin.py:115} INFO - [2023-02-05 18:10:01,667] {dagbag.py:508} INFO - Filling up the DagBag from /home/milo/13-airflow/airflowhome/dags/05_02_orchestration.py
[2023-02-05 18:10:01,683] {logging_mixin.py:115} INFO - [2023-02-05 18:10:01,678] {dagbag.py:321} ERROR - Failed to import: /home/milo/13-airflow/airflowhome/dags/05_02_orchestration.py
Traceback (most recent call last):
  File "/home/milo/13-airflow/airflowhome/airflowenv/lib/python3.9/site-packages/airflow/models/dagbag.py", line 318, in parse
    loader.exec_module(new_module)
  File "<frozen importlib._bootstrap_external>", line 850, in exec_module
  File "<frozen importlib._bootstrap>", line 228, in _call_with_frames_removed
  File "/home/milo/13-airflow/airflowhome/dags/05_02_orchestration.py", line 12, in <module>
    task_1 = BashOperator(task_id="task_1")
  File "/home/milo/13-airflow/airflowhome/airflowenv/lib/python3.9/site-packages/airflow/models/baseoperator.py", line 373, in apply_defaults
    raise AirflowException(f"missing keyword argument {missing_args.pop()!r}")
airflow.exceptions.AirflowException: missing keyword argument 'bash_command'
[2023-02-05 18:10:01,683] {processor.py:653} WARNING - No viable dags retrieved from /home/milo/13-airflow/airflowhome/dags/05_02_orchestration.py
[2023-02-05 18:10:01,715] {processor.py:161} INFO - Processing /home/milo/13-airflow/airflowhome/dags/05_02_orchestration.py took 0.057 seconds
[2023-02-05 18:10:31,952] {processor.py:153} INFO - Started process (PID=31205) to work on /home/milo/13-airflow/airflowhome/dags/05_02_orchestration.py
[2023-02-05 18:10:31,953] {processor.py:641} INFO - Processing file /home/milo/13-airflow/airflowhome/dags/05_02_orchestration.py for tasks to queue
[2023-02-05 18:10:31,954] {logging_mixin.py:115} INFO - [2023-02-05 18:10:31,954] {dagbag.py:508} INFO - Filling up the DagBag from /home/milo/13-airflow/airflowhome/dags/05_02_orchestration.py
[2023-02-05 18:10:31,966] {logging_mixin.py:115} INFO - [2023-02-05 18:10:31,964] {dagbag.py:321} ERROR - Failed to import: /home/milo/13-airflow/airflowhome/dags/05_02_orchestration.py
Traceback (most recent call last):
  File "/home/milo/13-airflow/airflowhome/airflowenv/lib/python3.9/site-packages/airflow/models/dagbag.py", line 318, in parse
    loader.exec_module(new_module)
  File "<frozen importlib._bootstrap_external>", line 850, in exec_module
  File "<frozen importlib._bootstrap>", line 228, in _call_with_frames_removed
  File "/home/milo/13-airflow/airflowhome/dags/05_02_orchestration.py", line 12, in <module>
    task_1 = BashOperator(task_id="task_1")
  File "/home/milo/13-airflow/airflowhome/airflowenv/lib/python3.9/site-packages/airflow/models/baseoperator.py", line 373, in apply_defaults
    raise AirflowException(f"missing keyword argument {missing_args.pop()!r}")
airflow.exceptions.AirflowException: missing keyword argument 'bash_command'
[2023-02-05 18:10:31,967] {processor.py:653} WARNING - No viable dags retrieved from /home/milo/13-airflow/airflowhome/dags/05_02_orchestration.py
[2023-02-05 18:10:31,996] {processor.py:161} INFO - Processing /home/milo/13-airflow/airflowhome/dags/05_02_orchestration.py took 0.050 seconds
[2023-02-05 18:11:02,244] {processor.py:153} INFO - Started process (PID=31212) to work on /home/milo/13-airflow/airflowhome/dags/05_02_orchestration.py
[2023-02-05 18:11:02,245] {processor.py:641} INFO - Processing file /home/milo/13-airflow/airflowhome/dags/05_02_orchestration.py for tasks to queue
[2023-02-05 18:11:02,246] {logging_mixin.py:115} INFO - [2023-02-05 18:11:02,246] {dagbag.py:508} INFO - Filling up the DagBag from /home/milo/13-airflow/airflowhome/dags/05_02_orchestration.py
[2023-02-05 18:11:02,259] {logging_mixin.py:115} INFO - [2023-02-05 18:11:02,257] {dagbag.py:321} ERROR - Failed to import: /home/milo/13-airflow/airflowhome/dags/05_02_orchestration.py
Traceback (most recent call last):
  File "/home/milo/13-airflow/airflowhome/airflowenv/lib/python3.9/site-packages/airflow/models/dagbag.py", line 318, in parse
    loader.exec_module(new_module)
  File "<frozen importlib._bootstrap_external>", line 850, in exec_module
  File "<frozen importlib._bootstrap>", line 228, in _call_with_frames_removed
  File "/home/milo/13-airflow/airflowhome/dags/05_02_orchestration.py", line 12, in <module>
    task_1 = BashOperator(task_id="task_1")
  File "/home/milo/13-airflow/airflowhome/airflowenv/lib/python3.9/site-packages/airflow/models/baseoperator.py", line 373, in apply_defaults
    raise AirflowException(f"missing keyword argument {missing_args.pop()!r}")
airflow.exceptions.AirflowException: missing keyword argument 'bash_command'
[2023-02-05 18:11:02,260] {processor.py:653} WARNING - No viable dags retrieved from /home/milo/13-airflow/airflowhome/dags/05_02_orchestration.py
[2023-02-05 18:11:02,294] {processor.py:161} INFO - Processing /home/milo/13-airflow/airflowhome/dags/05_02_orchestration.py took 0.055 seconds
[2023-02-05 18:11:32,566] {processor.py:153} INFO - Started process (PID=31220) to work on /home/milo/13-airflow/airflowhome/dags/05_02_orchestration.py
[2023-02-05 18:11:32,569] {processor.py:641} INFO - Processing file /home/milo/13-airflow/airflowhome/dags/05_02_orchestration.py for tasks to queue
[2023-02-05 18:11:32,570] {logging_mixin.py:115} INFO - [2023-02-05 18:11:32,570] {dagbag.py:508} INFO - Filling up the DagBag from /home/milo/13-airflow/airflowhome/dags/05_02_orchestration.py
[2023-02-05 18:11:32,592] {processor.py:651} INFO - DAG(s) dict_keys(['orchestration_2']) retrieved from /home/milo/13-airflow/airflowhome/dags/05_02_orchestration.py
[2023-02-05 18:11:32,709] {logging_mixin.py:115} INFO - [2023-02-05 18:11:32,709] {manager.py:508} INFO - Created Permission View: can delete on DAG:orchestration_2
[2023-02-05 18:11:32,726] {logging_mixin.py:115} INFO - [2023-02-05 18:11:32,726] {manager.py:508} INFO - Created Permission View: can edit on DAG:orchestration_2
[2023-02-05 18:11:32,741] {logging_mixin.py:115} INFO - [2023-02-05 18:11:32,741] {manager.py:508} INFO - Created Permission View: can read on DAG:orchestration_2
[2023-02-05 18:11:32,742] {logging_mixin.py:115} INFO - [2023-02-05 18:11:32,742] {dag.py:2420} INFO - Sync 1 DAGs
[2023-02-05 18:11:32,756] {logging_mixin.py:115} INFO - [2023-02-05 18:11:32,756] {dag.py:2439} INFO - Creating ORM DAG for orchestration_2
[2023-02-05 18:11:32,776] {logging_mixin.py:115} INFO - [2023-02-05 18:11:32,776] {dag.py:2968} INFO - Setting next_dagrun for orchestration_2 to 2023-01-02T07:00:00+00:00, run_after=2023-01-09T07:00:00+00:00
[2023-02-05 18:11:32,818] {processor.py:161} INFO - Processing /home/milo/13-airflow/airflowhome/dags/05_02_orchestration.py took 0.256 seconds
[2023-02-05 18:12:03,358] {processor.py:153} INFO - Started process (PID=31227) to work on /home/milo/13-airflow/airflowhome/dags/05_02_orchestration.py
[2023-02-05 18:12:03,359] {processor.py:641} INFO - Processing file /home/milo/13-airflow/airflowhome/dags/05_02_orchestration.py for tasks to queue
[2023-02-05 18:12:03,360] {logging_mixin.py:115} INFO - [2023-02-05 18:12:03,360] {dagbag.py:508} INFO - Filling up the DagBag from /home/milo/13-airflow/airflowhome/dags/05_02_orchestration.py
[2023-02-05 18:12:03,372] {processor.py:651} INFO - DAG(s) dict_keys(['orchestration_2']) retrieved from /home/milo/13-airflow/airflowhome/dags/05_02_orchestration.py
[2023-02-05 18:12:03,451] {logging_mixin.py:115} INFO - [2023-02-05 18:12:03,451] {dag.py:2420} INFO - Sync 1 DAGs
[2023-02-05 18:12:03,482] {logging_mixin.py:115} INFO - [2023-02-05 18:12:03,482] {dag.py:2968} INFO - Setting next_dagrun for orchestration_2 to 2023-01-02T07:00:00+00:00, run_after=2023-01-09T07:00:00+00:00
[2023-02-05 18:12:03,505] {processor.py:161} INFO - Processing /home/milo/13-airflow/airflowhome/dags/05_02_orchestration.py took 0.151 seconds
[2023-02-05 18:12:33,987] {processor.py:153} INFO - Started process (PID=31235) to work on /home/milo/13-airflow/airflowhome/dags/05_02_orchestration.py
[2023-02-05 18:12:33,989] {processor.py:641} INFO - Processing file /home/milo/13-airflow/airflowhome/dags/05_02_orchestration.py for tasks to queue
[2023-02-05 18:12:33,991] {logging_mixin.py:115} INFO - [2023-02-05 18:12:33,990] {dagbag.py:508} INFO - Filling up the DagBag from /home/milo/13-airflow/airflowhome/dags/05_02_orchestration.py
[2023-02-05 18:12:34,001] {processor.py:651} INFO - DAG(s) dict_keys(['orchestration_2']) retrieved from /home/milo/13-airflow/airflowhome/dags/05_02_orchestration.py
[2023-02-05 18:12:34,029] {logging_mixin.py:115} INFO - [2023-02-05 18:12:34,028] {dag.py:2420} INFO - Sync 1 DAGs
[2023-02-05 18:12:34,064] {logging_mixin.py:115} INFO - [2023-02-05 18:12:34,063] {dag.py:2968} INFO - Setting next_dagrun for orchestration_2 to 2023-01-02T07:00:00+00:00, run_after=2023-01-09T07:00:00+00:00
[2023-02-05 18:12:34,085] {processor.py:161} INFO - Processing /home/milo/13-airflow/airflowhome/dags/05_02_orchestration.py took 0.103 seconds
[2023-02-05 18:13:04,319] {processor.py:153} INFO - Started process (PID=31246) to work on /home/milo/13-airflow/airflowhome/dags/05_02_orchestration.py
[2023-02-05 18:13:04,320] {processor.py:641} INFO - Processing file /home/milo/13-airflow/airflowhome/dags/05_02_orchestration.py for tasks to queue
[2023-02-05 18:13:04,321] {logging_mixin.py:115} INFO - [2023-02-05 18:13:04,321] {dagbag.py:508} INFO - Filling up the DagBag from /home/milo/13-airflow/airflowhome/dags/05_02_orchestration.py
[2023-02-05 18:13:04,331] {processor.py:651} INFO - DAG(s) dict_keys(['orchestration_2']) retrieved from /home/milo/13-airflow/airflowhome/dags/05_02_orchestration.py
[2023-02-05 18:13:04,360] {logging_mixin.py:115} INFO - [2023-02-05 18:13:04,360] {dag.py:2420} INFO - Sync 1 DAGs
[2023-02-05 18:13:04,396] {logging_mixin.py:115} INFO - [2023-02-05 18:13:04,396] {dag.py:2968} INFO - Setting next_dagrun for orchestration_2 to 2023-01-02T07:00:00+00:00, run_after=2023-01-09T07:00:00+00:00
[2023-02-05 18:13:06,129] {processor.py:161} INFO - Processing /home/milo/13-airflow/airflowhome/dags/05_02_orchestration.py took 1.814 seconds
[2023-02-05 18:13:37,279] {processor.py:153} INFO - Started process (PID=31258) to work on /home/milo/13-airflow/airflowhome/dags/05_02_orchestration.py
[2023-02-05 18:13:37,280] {processor.py:641} INFO - Processing file /home/milo/13-airflow/airflowhome/dags/05_02_orchestration.py for tasks to queue
[2023-02-05 18:13:37,281] {logging_mixin.py:115} INFO - [2023-02-05 18:13:37,281] {dagbag.py:508} INFO - Filling up the DagBag from /home/milo/13-airflow/airflowhome/dags/05_02_orchestration.py
[2023-02-05 18:13:37,291] {processor.py:651} INFO - DAG(s) dict_keys(['orchestration_2']) retrieved from /home/milo/13-airflow/airflowhome/dags/05_02_orchestration.py
[2023-02-05 18:13:37,318] {logging_mixin.py:115} INFO - [2023-02-05 18:13:37,318] {dag.py:2420} INFO - Sync 1 DAGs
[2023-02-05 18:13:37,350] {logging_mixin.py:115} INFO - [2023-02-05 18:13:37,350] {dag.py:2968} INFO - Setting next_dagrun for orchestration_2 to 2023-01-30T07:00:00+00:00, run_after=2023-02-06T07:00:00+00:00
[2023-02-05 18:13:37,373] {processor.py:161} INFO - Processing /home/milo/13-airflow/airflowhome/dags/05_02_orchestration.py took 0.112 seconds
[2023-02-05 18:14:08,487] {processor.py:153} INFO - Started process (PID=31265) to work on /home/milo/13-airflow/airflowhome/dags/05_02_orchestration.py
[2023-02-05 18:14:08,487] {processor.py:641} INFO - Processing file /home/milo/13-airflow/airflowhome/dags/05_02_orchestration.py for tasks to queue
[2023-02-05 18:14:08,488] {logging_mixin.py:115} INFO - [2023-02-05 18:14:08,488] {dagbag.py:508} INFO - Filling up the DagBag from /home/milo/13-airflow/airflowhome/dags/05_02_orchestration.py
[2023-02-05 18:14:08,499] {processor.py:651} INFO - DAG(s) dict_keys(['orchestration_2']) retrieved from /home/milo/13-airflow/airflowhome/dags/05_02_orchestration.py
[2023-02-05 18:14:08,527] {logging_mixin.py:115} INFO - [2023-02-05 18:14:08,527] {dag.py:2420} INFO - Sync 1 DAGs
[2023-02-05 18:14:08,562] {logging_mixin.py:115} INFO - [2023-02-05 18:14:08,562] {dag.py:2968} INFO - Setting next_dagrun for orchestration_2 to 2023-01-30T07:00:00+00:00, run_after=2023-02-06T07:00:00+00:00
[2023-02-05 18:14:08,795] {processor.py:161} INFO - Processing /home/milo/13-airflow/airflowhome/dags/05_02_orchestration.py took 0.313 seconds
[2023-02-05 18:14:39,884] {processor.py:153} INFO - Started process (PID=31273) to work on /home/milo/13-airflow/airflowhome/dags/05_02_orchestration.py
[2023-02-05 18:14:39,886] {processor.py:641} INFO - Processing file /home/milo/13-airflow/airflowhome/dags/05_02_orchestration.py for tasks to queue
[2023-02-05 18:14:39,887] {logging_mixin.py:115} INFO - [2023-02-05 18:14:39,886] {dagbag.py:508} INFO - Filling up the DagBag from /home/milo/13-airflow/airflowhome/dags/05_02_orchestration.py
[2023-02-05 18:14:39,897] {processor.py:651} INFO - DAG(s) dict_keys(['orchestration_2']) retrieved from /home/milo/13-airflow/airflowhome/dags/05_02_orchestration.py
[2023-02-05 18:14:39,925] {logging_mixin.py:115} INFO - [2023-02-05 18:14:39,924] {dag.py:2420} INFO - Sync 1 DAGs
[2023-02-05 18:14:39,956] {logging_mixin.py:115} INFO - [2023-02-05 18:14:39,956] {dag.py:2968} INFO - Setting next_dagrun for orchestration_2 to 2023-01-30T07:00:00+00:00, run_after=2023-02-06T07:00:00+00:00
[2023-02-05 18:14:39,977] {processor.py:161} INFO - Processing /home/milo/13-airflow/airflowhome/dags/05_02_orchestration.py took 0.098 seconds
[2023-02-05 18:15:10,530] {processor.py:153} INFO - Started process (PID=31283) to work on /home/milo/13-airflow/airflowhome/dags/05_02_orchestration.py
[2023-02-05 18:15:10,530] {processor.py:641} INFO - Processing file /home/milo/13-airflow/airflowhome/dags/05_02_orchestration.py for tasks to queue
[2023-02-05 18:15:10,531] {logging_mixin.py:115} INFO - [2023-02-05 18:15:10,531] {dagbag.py:508} INFO - Filling up the DagBag from /home/milo/13-airflow/airflowhome/dags/05_02_orchestration.py
[2023-02-05 18:15:10,541] {processor.py:651} INFO - DAG(s) dict_keys(['orchestration_2']) retrieved from /home/milo/13-airflow/airflowhome/dags/05_02_orchestration.py
[2023-02-05 18:15:10,567] {logging_mixin.py:115} INFO - [2023-02-05 18:15:10,567] {dag.py:2420} INFO - Sync 1 DAGs
[2023-02-05 18:15:10,607] {logging_mixin.py:115} INFO - [2023-02-05 18:15:10,607] {dag.py:2968} INFO - Setting next_dagrun for orchestration_2 to 2023-01-30T07:00:00+00:00, run_after=2023-02-06T07:00:00+00:00
[2023-02-05 18:15:10,627] {processor.py:161} INFO - Processing /home/milo/13-airflow/airflowhome/dags/05_02_orchestration.py took 0.102 seconds
[2023-02-05 18:15:41,158] {processor.py:153} INFO - Started process (PID=31294) to work on /home/milo/13-airflow/airflowhome/dags/05_02_orchestration.py
[2023-02-05 18:15:41,160] {processor.py:641} INFO - Processing file /home/milo/13-airflow/airflowhome/dags/05_02_orchestration.py for tasks to queue
[2023-02-05 18:15:41,161] {logging_mixin.py:115} INFO - [2023-02-05 18:15:41,161] {dagbag.py:508} INFO - Filling up the DagBag from /home/milo/13-airflow/airflowhome/dags/05_02_orchestration.py
[2023-02-05 18:15:41,170] {processor.py:651} INFO - DAG(s) dict_keys(['orchestration_2']) retrieved from /home/milo/13-airflow/airflowhome/dags/05_02_orchestration.py
[2023-02-05 18:15:41,198] {logging_mixin.py:115} INFO - [2023-02-05 18:15:41,198] {dag.py:2420} INFO - Sync 1 DAGs
[2023-02-05 18:15:41,231] {logging_mixin.py:115} INFO - [2023-02-05 18:15:41,231] {dag.py:2968} INFO - Setting next_dagrun for orchestration_2 to 2023-01-30T07:00:00+00:00, run_after=2023-02-06T07:00:00+00:00
[2023-02-05 18:15:41,250] {processor.py:161} INFO - Processing /home/milo/13-airflow/airflowhome/dags/05_02_orchestration.py took 0.097 seconds
[2023-02-05 18:16:11,606] {processor.py:153} INFO - Started process (PID=31301) to work on /home/milo/13-airflow/airflowhome/dags/05_02_orchestration.py
[2023-02-05 18:16:11,607] {processor.py:641} INFO - Processing file /home/milo/13-airflow/airflowhome/dags/05_02_orchestration.py for tasks to queue
[2023-02-05 18:16:11,608] {logging_mixin.py:115} INFO - [2023-02-05 18:16:11,608] {dagbag.py:508} INFO - Filling up the DagBag from /home/milo/13-airflow/airflowhome/dags/05_02_orchestration.py
[2023-02-05 18:16:11,619] {processor.py:651} INFO - DAG(s) dict_keys(['orchestration_2']) retrieved from /home/milo/13-airflow/airflowhome/dags/05_02_orchestration.py
[2023-02-05 18:16:11,647] {logging_mixin.py:115} INFO - [2023-02-05 18:16:11,647] {dag.py:2420} INFO - Sync 1 DAGs
[2023-02-05 18:16:11,682] {logging_mixin.py:115} INFO - [2023-02-05 18:16:11,682] {dag.py:2968} INFO - Setting next_dagrun for orchestration_2 to 2023-01-30T07:00:00+00:00, run_after=2023-02-06T07:00:00+00:00
[2023-02-05 18:16:11,708] {processor.py:161} INFO - Processing /home/milo/13-airflow/airflowhome/dags/05_02_orchestration.py took 0.107 seconds
[2023-02-05 18:16:42,712] {processor.py:153} INFO - Started process (PID=31312) to work on /home/milo/13-airflow/airflowhome/dags/05_02_orchestration.py
[2023-02-05 18:16:42,713] {processor.py:641} INFO - Processing file /home/milo/13-airflow/airflowhome/dags/05_02_orchestration.py for tasks to queue
[2023-02-05 18:16:42,714] {logging_mixin.py:115} INFO - [2023-02-05 18:16:42,714] {dagbag.py:508} INFO - Filling up the DagBag from /home/milo/13-airflow/airflowhome/dags/05_02_orchestration.py
[2023-02-05 18:16:42,725] {processor.py:651} INFO - DAG(s) dict_keys(['orchestration_2']) retrieved from /home/milo/13-airflow/airflowhome/dags/05_02_orchestration.py
[2023-02-05 18:16:42,752] {logging_mixin.py:115} INFO - [2023-02-05 18:16:42,752] {dag.py:2420} INFO - Sync 1 DAGs
[2023-02-05 18:16:42,784] {logging_mixin.py:115} INFO - [2023-02-05 18:16:42,784] {dag.py:2968} INFO - Setting next_dagrun for orchestration_2 to 2023-01-30T07:00:00+00:00, run_after=2023-02-06T07:00:00+00:00
[2023-02-05 18:16:42,804] {processor.py:161} INFO - Processing /home/milo/13-airflow/airflowhome/dags/05_02_orchestration.py took 0.098 seconds
[2023-02-05 18:17:14,067] {processor.py:153} INFO - Started process (PID=31322) to work on /home/milo/13-airflow/airflowhome/dags/05_02_orchestration.py
[2023-02-05 18:17:14,068] {processor.py:641} INFO - Processing file /home/milo/13-airflow/airflowhome/dags/05_02_orchestration.py for tasks to queue
[2023-02-05 18:17:14,069] {logging_mixin.py:115} INFO - [2023-02-05 18:17:14,069] {dagbag.py:508} INFO - Filling up the DagBag from /home/milo/13-airflow/airflowhome/dags/05_02_orchestration.py
[2023-02-05 18:17:14,079] {processor.py:651} INFO - DAG(s) dict_keys(['orchestration_2']) retrieved from /home/milo/13-airflow/airflowhome/dags/05_02_orchestration.py
[2023-02-05 18:17:14,111] {logging_mixin.py:115} INFO - [2023-02-05 18:17:14,111] {dag.py:2420} INFO - Sync 1 DAGs
[2023-02-05 18:17:14,146] {logging_mixin.py:115} INFO - [2023-02-05 18:17:14,146] {dag.py:2968} INFO - Setting next_dagrun for orchestration_2 to 2023-01-30T07:00:00+00:00, run_after=2023-02-06T07:00:00+00:00
[2023-02-05 18:17:14,167] {processor.py:161} INFO - Processing /home/milo/13-airflow/airflowhome/dags/05_02_orchestration.py took 0.105 seconds
[2023-02-05 18:17:45,131] {processor.py:153} INFO - Started process (PID=31331) to work on /home/milo/13-airflow/airflowhome/dags/05_02_orchestration.py
[2023-02-05 18:17:45,133] {processor.py:641} INFO - Processing file /home/milo/13-airflow/airflowhome/dags/05_02_orchestration.py for tasks to queue
[2023-02-05 18:17:45,134] {logging_mixin.py:115} INFO - [2023-02-05 18:17:45,134] {dagbag.py:508} INFO - Filling up the DagBag from /home/milo/13-airflow/airflowhome/dags/05_02_orchestration.py
[2023-02-05 18:17:45,144] {processor.py:651} INFO - DAG(s) dict_keys(['orchestration_2']) retrieved from /home/milo/13-airflow/airflowhome/dags/05_02_orchestration.py
[2023-02-05 18:17:45,172] {logging_mixin.py:115} INFO - [2023-02-05 18:17:45,172] {dag.py:2420} INFO - Sync 1 DAGs
[2023-02-05 18:17:45,203] {logging_mixin.py:115} INFO - [2023-02-05 18:17:45,203] {dag.py:2968} INFO - Setting next_dagrun for orchestration_2 to 2023-01-30T07:00:00+00:00, run_after=2023-02-06T07:00:00+00:00
[2023-02-05 18:17:45,281] {processor.py:161} INFO - Processing /home/milo/13-airflow/airflowhome/dags/05_02_orchestration.py took 0.154 seconds
