[2023-02-05 15:10:14,000] {taskinstance.py:1179} INFO - Dependencies all met for <TaskInstance: custom_operator.hello scheduled__2023-01-24T00:00:00+00:00 [queued]>
[2023-02-05 15:10:14,014] {taskinstance.py:1179} INFO - Dependencies all met for <TaskInstance: custom_operator.hello scheduled__2023-01-24T00:00:00+00:00 [queued]>
[2023-02-05 15:10:14,014] {taskinstance.py:1376} INFO - 
--------------------------------------------------------------------------------
[2023-02-05 15:10:14,015] {taskinstance.py:1377} INFO - Starting attempt 2 of 2
[2023-02-05 15:10:14,015] {taskinstance.py:1378} INFO - 
--------------------------------------------------------------------------------
[2023-02-05 15:10:14,042] {taskinstance.py:1397} INFO - Executing <Task(HelloOperator): hello> on 2023-01-24 00:00:00+00:00
[2023-02-05 15:10:14,045] {standard_task_runner.py:52} INFO - Started process 14506 to run task
[2023-02-05 15:10:14,050] {standard_task_runner.py:79} INFO - Running: ['airflow', 'tasks', 'run', 'custom_operator', 'hello', 'scheduled__2023-01-24T00:00:00+00:00', '--job-id', '41', '--raw', '--subdir', 'DAGS_FOLDER/4_custom_operator.py', '--cfg-path', '/tmp/tmpdm69nxoz', '--error-file', '/tmp/tmpjr1khxiw']
[2023-02-05 15:10:14,051] {standard_task_runner.py:80} INFO - Job 41: Subtask hello
[2023-02-05 15:10:14,140] {task_command.py:371} INFO - Running <TaskInstance: custom_operator.hello scheduled__2023-01-24T00:00:00+00:00 [running]> on host pc.
[2023-02-05 15:10:14,231] {taskinstance.py:1589} INFO - Exporting the following env vars:
AIRFLOW_CTX_DAG_OWNER=airflow
AIRFLOW_CTX_DAG_ID=custom_operator
AIRFLOW_CTX_TASK_ID=hello
AIRFLOW_CTX_EXECUTION_DATE=2023-01-24T00:00:00+00:00
AIRFLOW_CTX_TRY_NUMBER=2
AIRFLOW_CTX_DAG_RUN_ID=scheduled__2023-01-24T00:00:00+00:00
[2023-02-05 15:10:14,231] {logging_mixin.py:115} INFO - Hello milo
[2023-02-05 15:10:14,241] {taskinstance.py:1415} INFO - Marking task as SUCCESS. dag_id=custom_operator, task_id=hello, execution_date=20230124T000000, start_date=20230205T201014, end_date=20230205T201014
[2023-02-05 15:10:14,261] {local_task_job.py:156} INFO - Task exited with return code 0
[2023-02-05 15:10:14,287] {local_task_job.py:273} INFO - 0 downstream tasks scheduled from follow-on schedule check
