[2023-02-05 17:51:07,215] {taskinstance.py:1179} INFO - Dependencies all met for <TaskInstance: orchestration.task_3 scheduled__2023-01-23T00:00:00+00:00 [queued]>
[2023-02-05 17:51:07,225] {taskinstance.py:1179} INFO - Dependencies all met for <TaskInstance: orchestration.task_3 scheduled__2023-01-23T00:00:00+00:00 [queued]>
[2023-02-05 17:51:07,226] {taskinstance.py:1376} INFO - 
--------------------------------------------------------------------------------
[2023-02-05 17:51:07,226] {taskinstance.py:1377} INFO - Starting attempt 1 of 1
[2023-02-05 17:51:07,226] {taskinstance.py:1378} INFO - 
--------------------------------------------------------------------------------
[2023-02-05 17:51:07,247] {taskinstance.py:1397} INFO - Executing <Task(BashOperator): task_3> on 2023-01-23 00:00:00+00:00
[2023-02-05 17:51:07,250] {standard_task_runner.py:52} INFO - Started process 30287 to run task
[2023-02-05 17:51:07,255] {standard_task_runner.py:79} INFO - Running: ['airflow', 'tasks', 'run', 'orchestration', 'task_3', 'scheduled__2023-01-23T00:00:00+00:00', '--job-id', '142', '--raw', '--subdir', 'DAGS_FOLDER/5_orchestration_2.py', '--cfg-path', '/tmp/tmp1uo0q7nd', '--error-file', '/tmp/tmpqwsx3zbc']
[2023-02-05 17:51:07,256] {standard_task_runner.py:80} INFO - Job 142: Subtask task_3
[2023-02-05 17:51:07,335] {task_command.py:371} INFO - Running <TaskInstance: orchestration.task_3 scheduled__2023-01-23T00:00:00+00:00 [running]> on host pc.
[2023-02-05 17:51:07,422] {taskinstance.py:1589} INFO - Exporting the following env vars:
AIRFLOW_CTX_DAG_OWNER=airflow
AIRFLOW_CTX_DAG_ID=orchestration
AIRFLOW_CTX_TASK_ID=task_3
AIRFLOW_CTX_EXECUTION_DATE=2023-01-23T00:00:00+00:00
AIRFLOW_CTX_TRY_NUMBER=1
AIRFLOW_CTX_DAG_RUN_ID=scheduled__2023-01-23T00:00:00+00:00
[2023-02-05 17:51:07,423] {subprocess.py:62} INFO - Tmp dir root location: 
 /tmp
[2023-02-05 17:51:07,424] {subprocess.py:74} INFO - Running command: ['bash', '-c', "sleep 2 && echo 'Task_3'"]
[2023-02-05 17:51:07,432] {subprocess.py:85} INFO - Output:
[2023-02-05 17:51:09,434] {subprocess.py:92} INFO - Task_3
[2023-02-05 17:51:09,435] {subprocess.py:96} INFO - Command exited with return code 0
[2023-02-05 17:51:09,482] {taskinstance.py:1415} INFO - Marking task as SUCCESS. dag_id=orchestration, task_id=task_3, execution_date=20230123T000000, start_date=20230205T225107, end_date=20230205T225109
[2023-02-05 17:51:09,525] {local_task_job.py:156} INFO - Task exited with return code 0
[2023-02-05 17:51:09,564] {local_task_job.py:273} INFO - 0 downstream tasks scheduled from follow-on schedule check
