[2023-02-05 17:45:45,212] {taskinstance.py:1179} INFO - Dependencies all met for <TaskInstance: orchestration.task_4 scheduled__2023-01-05T00:00:00+00:00 [queued]>
[2023-02-05 17:45:45,225] {taskinstance.py:1179} INFO - Dependencies all met for <TaskInstance: orchestration.task_4 scheduled__2023-01-05T00:00:00+00:00 [queued]>
[2023-02-05 17:45:45,225] {taskinstance.py:1376} INFO - 
--------------------------------------------------------------------------------
[2023-02-05 17:45:45,225] {taskinstance.py:1377} INFO - Starting attempt 1 of 1
[2023-02-05 17:45:45,225] {taskinstance.py:1378} INFO - 
--------------------------------------------------------------------------------
[2023-02-05 17:45:45,248] {taskinstance.py:1397} INFO - Executing <Task(BashOperator): task_4> on 2023-01-05 00:00:00+00:00
[2023-02-05 17:45:45,251] {standard_task_runner.py:52} INFO - Started process 29941 to run task
[2023-02-05 17:45:45,256] {standard_task_runner.py:79} INFO - Running: ['airflow', 'tasks', 'run', 'orchestration', 'task_4', 'scheduled__2023-01-05T00:00:00+00:00', '--job-id', '69', '--raw', '--subdir', 'DAGS_FOLDER/5_orchestration_2.py', '--cfg-path', '/tmp/tmpok85x62o', '--error-file', '/tmp/tmp213tavhz']
[2023-02-05 17:45:45,258] {standard_task_runner.py:80} INFO - Job 69: Subtask task_4
[2023-02-05 17:45:45,337] {task_command.py:371} INFO - Running <TaskInstance: orchestration.task_4 scheduled__2023-01-05T00:00:00+00:00 [running]> on host pc.
[2023-02-05 17:45:45,429] {taskinstance.py:1589} INFO - Exporting the following env vars:
AIRFLOW_CTX_DAG_OWNER=airflow
AIRFLOW_CTX_DAG_ID=orchestration
AIRFLOW_CTX_TASK_ID=task_4
AIRFLOW_CTX_EXECUTION_DATE=2023-01-05T00:00:00+00:00
AIRFLOW_CTX_TRY_NUMBER=1
AIRFLOW_CTX_DAG_RUN_ID=scheduled__2023-01-05T00:00:00+00:00
[2023-02-05 17:45:45,431] {subprocess.py:62} INFO - Tmp dir root location: 
 /tmp
[2023-02-05 17:45:45,431] {subprocess.py:74} INFO - Running command: ['bash', '-c', "sleep 2 && echo 'Task_4'"]
[2023-02-05 17:45:45,439] {subprocess.py:85} INFO - Output:
[2023-02-05 17:45:47,442] {subprocess.py:92} INFO - Task_4
[2023-02-05 17:45:47,442] {subprocess.py:96} INFO - Command exited with return code 0
[2023-02-05 17:45:47,472] {taskinstance.py:1415} INFO - Marking task as SUCCESS. dag_id=orchestration, task_id=task_4, execution_date=20230105T000000, start_date=20230205T224545, end_date=20230205T224547
[2023-02-05 17:45:47,517] {local_task_job.py:156} INFO - Task exited with return code 0
[2023-02-05 17:45:47,553] {local_task_job.py:273} INFO - 1 downstream tasks scheduled from follow-on schedule check
[2023-02-05 17:56:37,596] {taskinstance.py:1179} INFO - Dependencies all met for <TaskInstance: orchestration.task_4 scheduled__2023-01-05T00:00:00+00:00 [queued]>
[2023-02-05 17:56:37,611] {taskinstance.py:1179} INFO - Dependencies all met for <TaskInstance: orchestration.task_4 scheduled__2023-01-05T00:00:00+00:00 [queued]>
[2023-02-05 17:56:37,612] {taskinstance.py:1376} INFO - 
--------------------------------------------------------------------------------
[2023-02-05 17:56:37,612] {taskinstance.py:1377} INFO - Starting attempt 1 of 1
[2023-02-05 17:56:37,612] {taskinstance.py:1378} INFO - 
--------------------------------------------------------------------------------
[2023-02-05 17:56:38,524] {taskinstance.py:1397} INFO - Executing <Task(BashOperator): task_4> on 2023-01-05 00:00:00+00:00
[2023-02-05 17:56:38,527] {standard_task_runner.py:52} INFO - Started process 30587 to run task
[2023-02-05 17:56:38,532] {standard_task_runner.py:79} INFO - Running: ['airflow', 'tasks', 'run', 'orchestration', 'task_4', 'scheduled__2023-01-05T00:00:00+00:00', '--job-id', '70', '--raw', '--subdir', 'DAGS_FOLDER/5_orchestration_2.py', '--cfg-path', '/tmp/tmp86dapi2r', '--error-file', '/tmp/tmp8as_m__b']
[2023-02-05 17:56:38,533] {standard_task_runner.py:80} INFO - Job 70: Subtask task_4
[2023-02-05 17:56:38,620] {task_command.py:371} INFO - Running <TaskInstance: orchestration.task_4 scheduled__2023-01-05T00:00:00+00:00 [running]> on host pc.
[2023-02-05 17:56:38,705] {taskinstance.py:1589} INFO - Exporting the following env vars:
AIRFLOW_CTX_DAG_OWNER=airflow
AIRFLOW_CTX_DAG_ID=orchestration
AIRFLOW_CTX_TASK_ID=task_4
AIRFLOW_CTX_EXECUTION_DATE=2023-01-05T00:00:00+00:00
AIRFLOW_CTX_TRY_NUMBER=1
AIRFLOW_CTX_DAG_RUN_ID=scheduled__2023-01-05T00:00:00+00:00
[2023-02-05 17:56:38,706] {subprocess.py:62} INFO - Tmp dir root location: 
 /tmp
[2023-02-05 17:56:38,707] {subprocess.py:74} INFO - Running command: ['bash', '-c', "sleep 1 && echo 'Task_4'"]
[2023-02-05 17:56:38,715] {subprocess.py:85} INFO - Output:
[2023-02-05 17:56:39,717] {subprocess.py:92} INFO - Task_4
[2023-02-05 17:56:39,718] {subprocess.py:96} INFO - Command exited with return code 0
[2023-02-05 17:56:39,750] {taskinstance.py:1415} INFO - Marking task as SUCCESS. dag_id=orchestration, task_id=task_4, execution_date=20230105T000000, start_date=20230205T225637, end_date=20230205T225639
[2023-02-05 17:56:39,805] {local_task_job.py:156} INFO - Task exited with return code 0
[2023-02-05 17:56:39,849] {local_task_job.py:273} INFO - 1 downstream tasks scheduled from follow-on schedule check
