[2023-02-05 17:46:07,586] {taskinstance.py:1179} INFO - Dependencies all met for <TaskInstance: orchestration.task_3 scheduled__2023-01-06T00:00:00+00:00 [queued]>
[2023-02-05 17:46:07,598] {taskinstance.py:1179} INFO - Dependencies all met for <TaskInstance: orchestration.task_3 scheduled__2023-01-06T00:00:00+00:00 [queued]>
[2023-02-05 17:46:07,598] {taskinstance.py:1376} INFO - 
--------------------------------------------------------------------------------
[2023-02-05 17:46:07,599] {taskinstance.py:1377} INFO - Starting attempt 1 of 1
[2023-02-05 17:46:07,599] {taskinstance.py:1378} INFO - 
--------------------------------------------------------------------------------
[2023-02-05 17:46:07,620] {taskinstance.py:1397} INFO - Executing <Task(BashOperator): task_3> on 2023-01-06 00:00:00+00:00
[2023-02-05 17:46:07,623] {standard_task_runner.py:52} INFO - Started process 29967 to run task
[2023-02-05 17:46:07,628] {standard_task_runner.py:79} INFO - Running: ['airflow', 'tasks', 'run', 'orchestration', 'task_3', 'scheduled__2023-01-06T00:00:00+00:00', '--job-id', '74', '--raw', '--subdir', 'DAGS_FOLDER/5_orchestration_2.py', '--cfg-path', '/tmp/tmp5beuxhqp', '--error-file', '/tmp/tmp97_t_obx']
[2023-02-05 17:46:07,630] {standard_task_runner.py:80} INFO - Job 74: Subtask task_3
[2023-02-05 17:46:07,705] {task_command.py:371} INFO - Running <TaskInstance: orchestration.task_3 scheduled__2023-01-06T00:00:00+00:00 [running]> on host pc.
[2023-02-05 17:46:07,790] {taskinstance.py:1589} INFO - Exporting the following env vars:
AIRFLOW_CTX_DAG_OWNER=airflow
AIRFLOW_CTX_DAG_ID=orchestration
AIRFLOW_CTX_TASK_ID=task_3
AIRFLOW_CTX_EXECUTION_DATE=2023-01-06T00:00:00+00:00
AIRFLOW_CTX_TRY_NUMBER=1
AIRFLOW_CTX_DAG_RUN_ID=scheduled__2023-01-06T00:00:00+00:00
[2023-02-05 17:46:07,792] {subprocess.py:62} INFO - Tmp dir root location: 
 /tmp
[2023-02-05 17:46:07,792] {subprocess.py:74} INFO - Running command: ['bash', '-c', "sleep 2 && echo 'Task_3'"]
[2023-02-05 17:46:07,800] {subprocess.py:85} INFO - Output:
[2023-02-05 17:46:09,802] {subprocess.py:92} INFO - Task_3
[2023-02-05 17:46:09,803] {subprocess.py:96} INFO - Command exited with return code 0
[2023-02-05 17:46:09,838] {taskinstance.py:1415} INFO - Marking task as SUCCESS. dag_id=orchestration, task_id=task_3, execution_date=20230106T000000, start_date=20230205T224607, end_date=20230205T224609
[2023-02-05 17:46:09,888] {local_task_job.py:156} INFO - Task exited with return code 0
[2023-02-05 17:46:09,926] {local_task_job.py:273} INFO - 0 downstream tasks scheduled from follow-on schedule check
[2023-02-05 17:56:52,565] {taskinstance.py:1179} INFO - Dependencies all met for <TaskInstance: orchestration.task_3 scheduled__2023-01-06T00:00:00+00:00 [queued]>
[2023-02-05 17:56:52,580] {taskinstance.py:1179} INFO - Dependencies all met for <TaskInstance: orchestration.task_3 scheduled__2023-01-06T00:00:00+00:00 [queued]>
[2023-02-05 17:56:52,580] {taskinstance.py:1376} INFO - 
--------------------------------------------------------------------------------
[2023-02-05 17:56:52,580] {taskinstance.py:1377} INFO - Starting attempt 1 of 1
[2023-02-05 17:56:52,580] {taskinstance.py:1378} INFO - 
--------------------------------------------------------------------------------
[2023-02-05 17:56:52,603] {taskinstance.py:1397} INFO - Executing <Task(BashOperator): task_3> on 2023-01-06 00:00:00+00:00
[2023-02-05 17:56:52,607] {standard_task_runner.py:52} INFO - Started process 30601 to run task
[2023-02-05 17:56:52,612] {standard_task_runner.py:79} INFO - Running: ['airflow', 'tasks', 'run', 'orchestration', 'task_3', 'scheduled__2023-01-06T00:00:00+00:00', '--job-id', '73', '--raw', '--subdir', 'DAGS_FOLDER/5_orchestration_2.py', '--cfg-path', '/tmp/tmpjv56a2w2', '--error-file', '/tmp/tmp4ubbnayj']
[2023-02-05 17:56:52,613] {standard_task_runner.py:80} INFO - Job 73: Subtask task_3
[2023-02-05 17:56:52,692] {task_command.py:371} INFO - Running <TaskInstance: orchestration.task_3 scheduled__2023-01-06T00:00:00+00:00 [running]> on host pc.
[2023-02-05 17:56:52,778] {taskinstance.py:1589} INFO - Exporting the following env vars:
AIRFLOW_CTX_DAG_OWNER=airflow
AIRFLOW_CTX_DAG_ID=orchestration
AIRFLOW_CTX_TASK_ID=task_3
AIRFLOW_CTX_EXECUTION_DATE=2023-01-06T00:00:00+00:00
AIRFLOW_CTX_TRY_NUMBER=1
AIRFLOW_CTX_DAG_RUN_ID=scheduled__2023-01-06T00:00:00+00:00
[2023-02-05 17:56:52,780] {subprocess.py:62} INFO - Tmp dir root location: 
 /tmp
[2023-02-05 17:56:52,781] {subprocess.py:74} INFO - Running command: ['bash', '-c', "sleep 1 && echo 'Task_3'"]
[2023-02-05 17:56:52,789] {subprocess.py:85} INFO - Output:
[2023-02-05 17:56:53,791] {subprocess.py:92} INFO - Task_3
[2023-02-05 17:56:53,792] {subprocess.py:96} INFO - Command exited with return code 0
[2023-02-05 17:56:53,825] {taskinstance.py:1415} INFO - Marking task as SUCCESS. dag_id=orchestration, task_id=task_3, execution_date=20230106T000000, start_date=20230205T225652, end_date=20230205T225653
[2023-02-05 17:56:53,867] {local_task_job.py:156} INFO - Task exited with return code 0
[2023-02-05 17:56:53,911] {local_task_job.py:273} INFO - 0 downstream tasks scheduled from follow-on schedule check
