[2023-02-07 20:11:08,763] {taskinstance.py:1179} INFO - Dependencies all met for <TaskInstance: 07.3_file_sensor.waiting_file scheduled__2023-01-26T00:00:00+00:00 [queued]>
[2023-02-07 20:11:08,775] {taskinstance.py:1179} INFO - Dependencies all met for <TaskInstance: 07.3_file_sensor.waiting_file scheduled__2023-01-26T00:00:00+00:00 [queued]>
[2023-02-07 20:11:08,775] {taskinstance.py:1376} INFO - 
--------------------------------------------------------------------------------
[2023-02-07 20:11:08,775] {taskinstance.py:1377} INFO - Starting attempt 1 of 1
[2023-02-07 20:11:08,775] {taskinstance.py:1378} INFO - 
--------------------------------------------------------------------------------
[2023-02-07 20:11:08,799] {taskinstance.py:1397} INFO - Executing <Task(FileSensor): waiting_file> on 2023-01-26 00:00:00+00:00
[2023-02-07 20:11:08,804] {standard_task_runner.py:52} INFO - Started process 43774 to run task
[2023-02-07 20:11:08,810] {standard_task_runner.py:79} INFO - Running: ['airflow', 'tasks', 'run', '07.3_file_sensor', 'waiting_file', 'scheduled__2023-01-26T00:00:00+00:00', '--job-id', '978', '--raw', '--subdir', 'DAGS_FOLDER/07.3_file_sensor.py', '--cfg-path', '/tmp/tmpdxvminy9', '--error-file', '/tmp/tmpe_903f7n']
[2023-02-07 20:11:08,812] {standard_task_runner.py:80} INFO - Job 978: Subtask waiting_file
[2023-02-07 20:11:08,907] {task_command.py:371} INFO - Running <TaskInstance: 07.3_file_sensor.waiting_file scheduled__2023-01-26T00:00:00+00:00 [running]> on host pc.
[2023-02-07 20:11:09,012] {taskinstance.py:1589} INFO - Exporting the following env vars:
AIRFLOW_CTX_DAG_OWNER=airflow
AIRFLOW_CTX_DAG_ID=07.3_file_sensor
AIRFLOW_CTX_TASK_ID=waiting_file
AIRFLOW_CTX_EXECUTION_DATE=2023-01-26T00:00:00+00:00
AIRFLOW_CTX_TRY_NUMBER=1
AIRFLOW_CTX_DAG_RUN_ID=scheduled__2023-01-26T00:00:00+00:00
[2023-02-07 20:11:09,020] {base.py:68} INFO - Using connection ID 'fs_default' for task execution.
[2023-02-07 20:11:09,021] {filesystem.py:58} INFO - Poking for file /tmp/file.txt
[2023-02-07 20:11:09,021] {filesystem.py:63} INFO - Found File /tmp/file.txt last modified: 20230207201105
[2023-02-07 20:11:09,021] {base.py:301} INFO - Success criteria met. Exiting.
[2023-02-07 20:11:09,032] {taskinstance.py:1415} INFO - Marking task as SUCCESS. dag_id=07.3_file_sensor, task_id=waiting_file, execution_date=20230126T000000, start_date=20230208T011108, end_date=20230208T011109
[2023-02-07 20:11:09,061] {local_task_job.py:156} INFO - Task exited with return code 0
[2023-02-07 20:11:09,109] {local_task_job.py:273} INFO - 1 downstream tasks scheduled from follow-on schedule check
