[2023-02-08 00:50:32,895] {taskinstance.py:1179} INFO - Dependencies all met for <TaskInstance: 09_Xcoms.task_1_source scheduled__2023-02-05T00:00:00+00:00 [queued]>
[2023-02-08 00:50:32,908] {taskinstance.py:1179} INFO - Dependencies all met for <TaskInstance: 09_Xcoms.task_1_source scheduled__2023-02-05T00:00:00+00:00 [queued]>
[2023-02-08 00:50:32,909] {taskinstance.py:1376} INFO - 
--------------------------------------------------------------------------------
[2023-02-08 00:50:32,909] {taskinstance.py:1377} INFO - Starting attempt 1 of 1
[2023-02-08 00:50:32,909] {taskinstance.py:1378} INFO - 
--------------------------------------------------------------------------------
[2023-02-08 00:50:32,930] {taskinstance.py:1397} INFO - Executing <Task(BashOperator): task_1_source> on 2023-02-05 00:00:00+00:00
[2023-02-08 00:50:32,934] {standard_task_runner.py:52} INFO - Started process 53415 to run task
[2023-02-08 00:50:32,940] {standard_task_runner.py:79} INFO - Running: ['airflow', 'tasks', 'run', '09_Xcoms', 'task_1_source', 'scheduled__2023-02-05T00:00:00+00:00', '--job-id', '1384', '--raw', '--subdir', 'DAGS_FOLDER/09_xcoms.py', '--cfg-path', '/tmp/tmppg_qelsc', '--error-file', '/tmp/tmpmq6ua0tx']
[2023-02-08 00:50:32,941] {standard_task_runner.py:80} INFO - Job 1384: Subtask task_1_source
[2023-02-08 00:50:33,031] {task_command.py:371} INFO - Running <TaskInstance: 09_Xcoms.task_1_source scheduled__2023-02-05T00:00:00+00:00 [running]> on host pc.
[2023-02-08 00:50:33,129] {taskinstance.py:1589} INFO - Exporting the following env vars:
AIRFLOW_CTX_DAG_OWNER=airflow
AIRFLOW_CTX_DAG_ID=09_Xcoms
AIRFLOW_CTX_TASK_ID=task_1_source
AIRFLOW_CTX_EXECUTION_DATE=2023-02-05T00:00:00+00:00
AIRFLOW_CTX_TRY_NUMBER=1
AIRFLOW_CTX_DAG_RUN_ID=scheduled__2023-02-05T00:00:00+00:00
[2023-02-08 00:50:33,130] {subprocess.py:62} INFO - Tmp dir root location: 
 /tmp
[2023-02-08 00:50:33,131] {subprocess.py:74} INFO - Running command: ['bash', '-c', 'sleep 5 && echo $((5 * 3))']
[2023-02-08 00:50:33,140] {subprocess.py:85} INFO - Output:
[2023-02-08 00:50:38,143] {subprocess.py:92} INFO - 15
[2023-02-08 00:50:38,143] {subprocess.py:96} INFO - Command exited with return code 0
[2023-02-08 00:50:38,173] {taskinstance.py:1415} INFO - Marking task as SUCCESS. dag_id=09_Xcoms, task_id=task_1_source, execution_date=20230205T000000, start_date=20230208T055032, end_date=20230208T055038
[2023-02-08 00:50:38,209] {local_task_job.py:156} INFO - Task exited with return code 0
[2023-02-08 00:50:38,264] {local_task_job.py:273} INFO - 1 downstream tasks scheduled from follow-on schedule check
