[2023-02-05 17:48:34,826] {taskinstance.py:1179} INFO - Dependencies all met for <TaskInstance: orchestration.task_2 scheduled__2023-01-15T00:00:00+00:00 [queued]>
[2023-02-05 17:48:34,836] {taskinstance.py:1179} INFO - Dependencies all met for <TaskInstance: orchestration.task_2 scheduled__2023-01-15T00:00:00+00:00 [queued]>
[2023-02-05 17:48:34,836] {taskinstance.py:1376} INFO - 
--------------------------------------------------------------------------------
[2023-02-05 17:48:34,836] {taskinstance.py:1377} INFO - Starting attempt 1 of 1
[2023-02-05 17:48:34,836] {taskinstance.py:1378} INFO - 
--------------------------------------------------------------------------------
[2023-02-05 17:48:34,857] {taskinstance.py:1397} INFO - Executing <Task(BashOperator): task_2> on 2023-01-15 00:00:00+00:00
[2023-02-05 17:48:34,860] {standard_task_runner.py:52} INFO - Started process 30131 to run task
[2023-02-05 17:48:34,865] {standard_task_runner.py:79} INFO - Running: ['airflow', 'tasks', 'run', 'orchestration', 'task_2', 'scheduled__2023-01-15T00:00:00+00:00', '--job-id', '108', '--raw', '--subdir', 'DAGS_FOLDER/5_orchestration_2.py', '--cfg-path', '/tmp/tmpaukiar_p', '--error-file', '/tmp/tmpeprj7oo8']
[2023-02-05 17:48:34,867] {standard_task_runner.py:80} INFO - Job 108: Subtask task_2
[2023-02-05 17:48:34,945] {task_command.py:371} INFO - Running <TaskInstance: orchestration.task_2 scheduled__2023-01-15T00:00:00+00:00 [running]> on host pc.
[2023-02-05 17:48:35,032] {taskinstance.py:1589} INFO - Exporting the following env vars:
AIRFLOW_CTX_DAG_OWNER=airflow
AIRFLOW_CTX_DAG_ID=orchestration
AIRFLOW_CTX_TASK_ID=task_2
AIRFLOW_CTX_EXECUTION_DATE=2023-01-15T00:00:00+00:00
AIRFLOW_CTX_TRY_NUMBER=1
AIRFLOW_CTX_DAG_RUN_ID=scheduled__2023-01-15T00:00:00+00:00
[2023-02-05 17:48:35,033] {subprocess.py:62} INFO - Tmp dir root location: 
 /tmp
[2023-02-05 17:48:35,033] {subprocess.py:74} INFO - Running command: ['bash', '-c', "sleep 2 && echo 'Task_2'"]
[2023-02-05 17:48:35,041] {subprocess.py:85} INFO - Output:
[2023-02-05 17:48:37,043] {subprocess.py:92} INFO - Task_2
[2023-02-05 17:48:37,044] {subprocess.py:96} INFO - Command exited with return code 0
[2023-02-05 17:48:37,073] {taskinstance.py:1415} INFO - Marking task as SUCCESS. dag_id=orchestration, task_id=task_2, execution_date=20230115T000000, start_date=20230205T224834, end_date=20230205T224837
[2023-02-05 17:48:37,125] {local_task_job.py:156} INFO - Task exited with return code 0
[2023-02-05 17:48:37,180] {local_task_job.py:273} INFO - 2 downstream tasks scheduled from follow-on schedule check
[2023-02-05 17:59:16,614] {taskinstance.py:1179} INFO - Dependencies all met for <TaskInstance: orchestration.task_2 scheduled__2023-01-15T00:00:00+00:00 [queued]>
[2023-02-05 17:59:16,626] {taskinstance.py:1179} INFO - Dependencies all met for <TaskInstance: orchestration.task_2 scheduled__2023-01-15T00:00:00+00:00 [queued]>
[2023-02-05 17:59:16,627] {taskinstance.py:1376} INFO - 
--------------------------------------------------------------------------------
[2023-02-05 17:59:16,627] {taskinstance.py:1377} INFO - Starting attempt 1 of 1
[2023-02-05 17:59:16,627] {taskinstance.py:1378} INFO - 
--------------------------------------------------------------------------------
[2023-02-05 17:59:16,647] {taskinstance.py:1397} INFO - Executing <Task(BashOperator): task_2> on 2023-01-15 00:00:00+00:00
[2023-02-05 17:59:16,650] {standard_task_runner.py:52} INFO - Started process 30780 to run task
[2023-02-05 17:59:16,655] {standard_task_runner.py:79} INFO - Running: ['airflow', 'tasks', 'run', 'orchestration', 'task_2', 'scheduled__2023-01-15T00:00:00+00:00', '--job-id', '108', '--raw', '--subdir', 'DAGS_FOLDER/5_orchestration_2.py', '--cfg-path', '/tmp/tmpccl6ezay', '--error-file', '/tmp/tmpyswg5_qy']
[2023-02-05 17:59:16,656] {standard_task_runner.py:80} INFO - Job 108: Subtask task_2
[2023-02-05 17:59:16,738] {task_command.py:371} INFO - Running <TaskInstance: orchestration.task_2 scheduled__2023-01-15T00:00:00+00:00 [running]> on host pc.
[2023-02-05 17:59:16,819] {taskinstance.py:1589} INFO - Exporting the following env vars:
AIRFLOW_CTX_DAG_OWNER=airflow
AIRFLOW_CTX_DAG_ID=orchestration
AIRFLOW_CTX_TASK_ID=task_2
AIRFLOW_CTX_EXECUTION_DATE=2023-01-15T00:00:00+00:00
AIRFLOW_CTX_TRY_NUMBER=1
AIRFLOW_CTX_DAG_RUN_ID=scheduled__2023-01-15T00:00:00+00:00
[2023-02-05 17:59:16,820] {subprocess.py:62} INFO - Tmp dir root location: 
 /tmp
[2023-02-05 17:59:16,820] {subprocess.py:74} INFO - Running command: ['bash', '-c', "sleep 1 && echo 'Task_2'"]
[2023-02-05 17:59:16,828] {subprocess.py:85} INFO - Output:
[2023-02-05 17:59:17,830] {subprocess.py:92} INFO - Task_2
[2023-02-05 17:59:17,830] {subprocess.py:96} INFO - Command exited with return code 0
[2023-02-05 17:59:17,860] {taskinstance.py:1415} INFO - Marking task as SUCCESS. dag_id=orchestration, task_id=task_2, execution_date=20230115T000000, start_date=20230205T225916, end_date=20230205T225917
[2023-02-05 17:59:17,879] {local_task_job.py:156} INFO - Task exited with return code 0
[2023-02-05 17:59:17,929] {local_task_job.py:273} INFO - 2 downstream tasks scheduled from follow-on schedule check
