[2023-02-08 00:33:41,688] {taskinstance.py:1179} INFO - Dependencies all met for <TaskInstance: 09_Xcoms.task_3_pull scheduled__2022-12-12T00:00:00+00:00 [queued]>
[2023-02-08 00:33:41,700] {taskinstance.py:1179} INFO - Dependencies all met for <TaskInstance: 09_Xcoms.task_3_pull scheduled__2022-12-12T00:00:00+00:00 [queued]>
[2023-02-08 00:33:41,700] {taskinstance.py:1376} INFO - 
--------------------------------------------------------------------------------
[2023-02-08 00:33:41,701] {taskinstance.py:1377} INFO - Starting attempt 1 of 1
[2023-02-08 00:33:41,701] {taskinstance.py:1378} INFO - 
--------------------------------------------------------------------------------
[2023-02-08 00:33:41,720] {taskinstance.py:1397} INFO - Executing <Task(PythonOperator): task_3_pull> on 2022-12-12 00:00:00+00:00
[2023-02-08 00:33:41,724] {standard_task_runner.py:52} INFO - Started process 52563 to run task
[2023-02-08 00:33:41,730] {standard_task_runner.py:79} INFO - Running: ['airflow', 'tasks', 'run', '09_Xcoms', 'task_3_pull', 'scheduled__2022-12-12T00:00:00+00:00', '--job-id', '1221', '--raw', '--subdir', 'DAGS_FOLDER/09_xcoms.py', '--cfg-path', '/tmp/tmpdgtu2ytj', '--error-file', '/tmp/tmpbsla_oen']
[2023-02-08 00:33:41,732] {standard_task_runner.py:80} INFO - Job 1221: Subtask task_3_pull
[2023-02-08 00:33:41,822] {task_command.py:371} INFO - Running <TaskInstance: 09_Xcoms.task_3_pull scheduled__2022-12-12T00:00:00+00:00 [running]> on host pc.
[2023-02-08 00:33:41,913] {taskinstance.py:1589} INFO - Exporting the following env vars:
AIRFLOW_CTX_DAG_OWNER=airflow
AIRFLOW_CTX_DAG_ID=09_Xcoms
AIRFLOW_CTX_TASK_ID=task_3_pull
AIRFLOW_CTX_EXECUTION_DATE=2022-12-12T00:00:00+00:00
AIRFLOW_CTX_TRY_NUMBER=1
AIRFLOW_CTX_DAG_RUN_ID=scheduled__2022-12-12T00:00:00+00:00
[2023-02-08 00:33:41,923] {logging_mixin.py:115} INFO - 9
[2023-02-08 00:33:41,923] {python.py:173} INFO - Done. Returned value was: None
[2023-02-08 00:33:41,933] {taskinstance.py:1415} INFO - Marking task as SUCCESS. dag_id=09_Xcoms, task_id=task_3_pull, execution_date=20221212T000000, start_date=20230208T053341, end_date=20230208T053341
[2023-02-08 00:33:41,982] {local_task_job.py:156} INFO - Task exited with return code 0
[2023-02-08 00:33:42,006] {local_task_job.py:273} INFO - 0 downstream tasks scheduled from follow-on schedule check
