[2023-02-07 19:07:13,730] {taskinstance.py:1179} INFO - Dependencies all met for <TaskInstance: 07.1_external_dag.external_task_1 scheduled__2022-11-13T00:00:00+00:00 [queued]>
[2023-02-07 19:07:13,748] {taskinstance.py:1179} INFO - Dependencies all met for <TaskInstance: 07.1_external_dag.external_task_1 scheduled__2022-11-13T00:00:00+00:00 [queued]>
[2023-02-07 19:07:13,748] {taskinstance.py:1376} INFO - 
--------------------------------------------------------------------------------
[2023-02-07 19:07:13,748] {taskinstance.py:1377} INFO - Starting attempt 1 of 1
[2023-02-07 19:07:13,748] {taskinstance.py:1378} INFO - 
--------------------------------------------------------------------------------
[2023-02-07 19:07:13,770] {taskinstance.py:1397} INFO - Executing <Task(BashOperator): external_task_1> on 2022-11-13 00:00:00+00:00
[2023-02-07 19:07:13,773] {standard_task_runner.py:52} INFO - Started process 37973 to run task
[2023-02-07 19:07:13,779] {standard_task_runner.py:79} INFO - Running: ['airflow', 'tasks', 'run', '07.1_external_dag', 'external_task_1', 'scheduled__2022-11-13T00:00:00+00:00', '--job-id', '461', '--raw', '--subdir', 'DAGS_FOLDER/07.1_external_task.py', '--cfg-path', '/tmp/tmpn5yfl2x2', '--error-file', '/tmp/tmp2034y4yw']
[2023-02-07 19:07:13,781] {standard_task_runner.py:80} INFO - Job 461: Subtask external_task_1
[2023-02-07 19:07:13,871] {task_command.py:371} INFO - Running <TaskInstance: 07.1_external_dag.external_task_1 scheduled__2022-11-13T00:00:00+00:00 [running]> on host pc.
[2023-02-07 19:07:13,962] {taskinstance.py:1589} INFO - Exporting the following env vars:
AIRFLOW_CTX_DAG_OWNER=airflow
AIRFLOW_CTX_DAG_ID=07.1_external_dag
AIRFLOW_CTX_TASK_ID=external_task_1
AIRFLOW_CTX_EXECUTION_DATE=2022-11-13T00:00:00+00:00
AIRFLOW_CTX_TRY_NUMBER=1
AIRFLOW_CTX_DAG_RUN_ID=scheduled__2022-11-13T00:00:00+00:00
[2023-02-07 19:07:13,963] {subprocess.py:62} INFO - Tmp dir root location: 
 /tmp
[2023-02-07 19:07:13,964] {subprocess.py:74} INFO - Running command: ['bash', '-c', "sleep 10 && echo 'external task executed!'"]
[2023-02-07 19:07:13,974] {subprocess.py:85} INFO - Output:
[2023-02-07 19:07:23,977] {subprocess.py:92} INFO - external task executed!
[2023-02-07 19:07:23,977] {subprocess.py:96} INFO - Command exited with return code 0
[2023-02-07 19:07:24,119] {taskinstance.py:1415} INFO - Marking task as SUCCESS. dag_id=07.1_external_dag, task_id=external_task_1, execution_date=20221113T000000, start_date=20230208T000713, end_date=20230208T000724
[2023-02-07 19:07:24,214] {local_task_job.py:156} INFO - Task exited with return code 0
[2023-02-07 19:07:24,351] {local_task_job.py:273} INFO - 0 downstream tasks scheduled from follow-on schedule check
