[2023-02-05 17:46:24,547] {taskinstance.py:1179} INFO - Dependencies all met for <TaskInstance: orchestration.task_4 scheduled__2023-01-07T00:00:00+00:00 [queued]>
[2023-02-05 17:46:24,558] {taskinstance.py:1179} INFO - Dependencies all met for <TaskInstance: orchestration.task_4 scheduled__2023-01-07T00:00:00+00:00 [queued]>
[2023-02-05 17:46:24,558] {taskinstance.py:1376} INFO - 
--------------------------------------------------------------------------------
[2023-02-05 17:46:24,558] {taskinstance.py:1377} INFO - Starting attempt 1 of 1
[2023-02-05 17:46:24,558] {taskinstance.py:1378} INFO - 
--------------------------------------------------------------------------------
[2023-02-05 17:46:24,581] {taskinstance.py:1397} INFO - Executing <Task(BashOperator): task_4> on 2023-01-07 00:00:00+00:00
[2023-02-05 17:46:24,585] {standard_task_runner.py:52} INFO - Started process 29987 to run task
[2023-02-05 17:46:24,590] {standard_task_runner.py:79} INFO - Running: ['airflow', 'tasks', 'run', 'orchestration', 'task_4', 'scheduled__2023-01-07T00:00:00+00:00', '--job-id', '78', '--raw', '--subdir', 'DAGS_FOLDER/5_orchestration_2.py', '--cfg-path', '/tmp/tmpab2adllu', '--error-file', '/tmp/tmp9w6ul7vf']
[2023-02-05 17:46:24,592] {standard_task_runner.py:80} INFO - Job 78: Subtask task_4
[2023-02-05 17:46:24,674] {task_command.py:371} INFO - Running <TaskInstance: orchestration.task_4 scheduled__2023-01-07T00:00:00+00:00 [running]> on host pc.
[2023-02-05 17:46:24,768] {taskinstance.py:1589} INFO - Exporting the following env vars:
AIRFLOW_CTX_DAG_OWNER=airflow
AIRFLOW_CTX_DAG_ID=orchestration
AIRFLOW_CTX_TASK_ID=task_4
AIRFLOW_CTX_EXECUTION_DATE=2023-01-07T00:00:00+00:00
AIRFLOW_CTX_TRY_NUMBER=1
AIRFLOW_CTX_DAG_RUN_ID=scheduled__2023-01-07T00:00:00+00:00
[2023-02-05 17:46:24,769] {subprocess.py:62} INFO - Tmp dir root location: 
 /tmp
[2023-02-05 17:46:24,770] {subprocess.py:74} INFO - Running command: ['bash', '-c', "sleep 2 && echo 'Task_4'"]
[2023-02-05 17:46:24,777] {subprocess.py:85} INFO - Output:
[2023-02-05 17:46:26,783] {subprocess.py:92} INFO - Task_4
[2023-02-05 17:46:26,783] {subprocess.py:96} INFO - Command exited with return code 0
[2023-02-05 17:46:26,813] {taskinstance.py:1415} INFO - Marking task as SUCCESS. dag_id=orchestration, task_id=task_4, execution_date=20230107T000000, start_date=20230205T224624, end_date=20230205T224626
[2023-02-05 17:46:26,853] {local_task_job.py:156} INFO - Task exited with return code 0
[2023-02-05 17:46:26,893] {local_task_job.py:273} INFO - 1 downstream tasks scheduled from follow-on schedule check
[2023-02-05 17:57:15,375] {taskinstance.py:1179} INFO - Dependencies all met for <TaskInstance: orchestration.task_4 scheduled__2023-01-07T00:00:00+00:00 [queued]>
[2023-02-05 17:57:15,389] {taskinstance.py:1179} INFO - Dependencies all met for <TaskInstance: orchestration.task_4 scheduled__2023-01-07T00:00:00+00:00 [queued]>
[2023-02-05 17:57:15,390] {taskinstance.py:1376} INFO - 
--------------------------------------------------------------------------------
[2023-02-05 17:57:15,390] {taskinstance.py:1377} INFO - Starting attempt 1 of 1
[2023-02-05 17:57:15,390] {taskinstance.py:1378} INFO - 
--------------------------------------------------------------------------------
[2023-02-05 17:57:15,785] {taskinstance.py:1397} INFO - Executing <Task(BashOperator): task_4> on 2023-01-07 00:00:00+00:00
[2023-02-05 17:57:15,788] {standard_task_runner.py:52} INFO - Started process 30631 to run task
[2023-02-05 17:57:15,795] {standard_task_runner.py:79} INFO - Running: ['airflow', 'tasks', 'run', 'orchestration', 'task_4', 'scheduled__2023-01-07T00:00:00+00:00', '--job-id', '78', '--raw', '--subdir', 'DAGS_FOLDER/5_orchestration_2.py', '--cfg-path', '/tmp/tmp1uy8bp89', '--error-file', '/tmp/tmpp4foe8b3']
[2023-02-05 17:57:15,796] {standard_task_runner.py:80} INFO - Job 78: Subtask task_4
[2023-02-05 17:57:15,876] {task_command.py:371} INFO - Running <TaskInstance: orchestration.task_4 scheduled__2023-01-07T00:00:00+00:00 [running]> on host pc.
[2023-02-05 17:57:15,960] {taskinstance.py:1589} INFO - Exporting the following env vars:
AIRFLOW_CTX_DAG_OWNER=airflow
AIRFLOW_CTX_DAG_ID=orchestration
AIRFLOW_CTX_TASK_ID=task_4
AIRFLOW_CTX_EXECUTION_DATE=2023-01-07T00:00:00+00:00
AIRFLOW_CTX_TRY_NUMBER=1
AIRFLOW_CTX_DAG_RUN_ID=scheduled__2023-01-07T00:00:00+00:00
[2023-02-05 17:57:15,961] {subprocess.py:62} INFO - Tmp dir root location: 
 /tmp
[2023-02-05 17:57:15,962] {subprocess.py:74} INFO - Running command: ['bash', '-c', "sleep 1 && echo 'Task_4'"]
[2023-02-05 17:57:15,970] {subprocess.py:85} INFO - Output:
[2023-02-05 17:57:16,972] {subprocess.py:92} INFO - Task_4
[2023-02-05 17:57:16,972] {subprocess.py:96} INFO - Command exited with return code 0
[2023-02-05 17:57:17,002] {taskinstance.py:1415} INFO - Marking task as SUCCESS. dag_id=orchestration, task_id=task_4, execution_date=20230107T000000, start_date=20230205T225715, end_date=20230205T225717
[2023-02-05 17:57:17,055] {local_task_job.py:156} INFO - Task exited with return code 0
[2023-02-05 17:57:17,098] {local_task_job.py:273} INFO - 1 downstream tasks scheduled from follow-on schedule check
