[2023-02-05 17:52:02,741] {taskinstance.py:1179} INFO - Dependencies all met for <TaskInstance: orchestration.task_5 scheduled__2023-01-24T00:00:00+00:00 [queued]>
[2023-02-05 17:52:02,753] {taskinstance.py:1179} INFO - Dependencies all met for <TaskInstance: orchestration.task_5 scheduled__2023-01-24T00:00:00+00:00 [queued]>
[2023-02-05 17:52:02,753] {taskinstance.py:1376} INFO - 
--------------------------------------------------------------------------------
[2023-02-05 17:52:02,753] {taskinstance.py:1377} INFO - Starting attempt 1 of 1
[2023-02-05 17:52:02,753] {taskinstance.py:1378} INFO - 
--------------------------------------------------------------------------------
[2023-02-05 17:52:02,778] {taskinstance.py:1397} INFO - Executing <Task(BashOperator): task_5> on 2023-01-24 00:00:00+00:00
[2023-02-05 17:52:02,781] {standard_task_runner.py:52} INFO - Started process 30334 to run task
[2023-02-05 17:52:02,786] {standard_task_runner.py:79} INFO - Running: ['airflow', 'tasks', 'run', 'orchestration', 'task_5', 'scheduled__2023-01-24T00:00:00+00:00', '--job-id', '151', '--raw', '--subdir', 'DAGS_FOLDER/5_orchestration_2.py', '--cfg-path', '/tmp/tmpw6okwks6', '--error-file', '/tmp/tmp8ethaqc6']
[2023-02-05 17:52:02,788] {standard_task_runner.py:80} INFO - Job 151: Subtask task_5
[2023-02-05 17:52:02,870] {task_command.py:371} INFO - Running <TaskInstance: orchestration.task_5 scheduled__2023-01-24T00:00:00+00:00 [running]> on host pc.
[2023-02-05 17:52:02,963] {taskinstance.py:1589} INFO - Exporting the following env vars:
AIRFLOW_CTX_DAG_OWNER=airflow
AIRFLOW_CTX_DAG_ID=orchestration
AIRFLOW_CTX_TASK_ID=task_5
AIRFLOW_CTX_EXECUTION_DATE=2023-01-24T00:00:00+00:00
AIRFLOW_CTX_TRY_NUMBER=1
AIRFLOW_CTX_DAG_RUN_ID=scheduled__2023-01-24T00:00:00+00:00
[2023-02-05 17:52:02,964] {subprocess.py:62} INFO - Tmp dir root location: 
 /tmp
[2023-02-05 17:52:02,965] {subprocess.py:74} INFO - Running command: ['bash', '-c', "sleep 2 && echo 'Task_5'"]
[2023-02-05 17:52:02,972] {subprocess.py:85} INFO - Output:
[2023-02-05 17:52:04,975] {subprocess.py:92} INFO - Task_5
[2023-02-05 17:52:04,976] {subprocess.py:96} INFO - Command exited with return code 0
[2023-02-05 17:52:05,008] {taskinstance.py:1415} INFO - Marking task as SUCCESS. dag_id=orchestration, task_id=task_5, execution_date=20230124T000000, start_date=20230205T225202, end_date=20230205T225205
[2023-02-05 17:52:05,045] {local_task_job.py:156} INFO - Task exited with return code 0
[2023-02-05 17:52:05,074] {local_task_job.py:273} INFO - 0 downstream tasks scheduled from follow-on schedule check
