[2023-02-07 18:01:35,658] {taskinstance.py:1179} INFO - Dependencies all met for <TaskInstance: 07.2_external_task_sensor.waiting_dag scheduled__2022-11-03T00:00:00+00:00 [queued]>
[2023-02-07 18:01:35,700] {taskinstance.py:1179} INFO - Dependencies all met for <TaskInstance: 07.2_external_task_sensor.waiting_dag scheduled__2022-11-03T00:00:00+00:00 [queued]>
[2023-02-07 18:01:35,722] {taskinstance.py:1376} INFO - 
--------------------------------------------------------------------------------
[2023-02-07 18:01:35,722] {taskinstance.py:1377} INFO - Starting attempt 1 of 1
[2023-02-07 18:01:35,723] {taskinstance.py:1378} INFO - 
--------------------------------------------------------------------------------
[2023-02-07 18:01:35,829] {taskinstance.py:1397} INFO - Executing <Task(ExternalTaskSensor): waiting_dag> on 2022-11-03 00:00:00+00:00
[2023-02-07 18:01:35,832] {standard_task_runner.py:52} INFO - Started process 28286 to run task
[2023-02-07 18:01:35,876] {standard_task_runner.py:79} INFO - Running: ['airflow', 'tasks', 'run', '07.2_external_task_sensor', 'waiting_dag', 'scheduled__2022-11-03T00:00:00+00:00', '--job-id', '413', '--raw', '--subdir', 'DAGS_FOLDER/07.2_external_task_sensor.py', '--cfg-path', '/tmp/tmpuavvy97k', '--error-file', '/tmp/tmp8zz1kicz']
[2023-02-07 18:01:35,890] {standard_task_runner.py:80} INFO - Job 413: Subtask waiting_dag
[2023-02-07 18:01:36,148] {task_command.py:371} INFO - Running <TaskInstance: 07.2_external_task_sensor.waiting_dag scheduled__2022-11-03T00:00:00+00:00 [running]> on host pc.
[2023-02-07 18:01:36,357] {taskinstance.py:1589} INFO - Exporting the following env vars:
AIRFLOW_CTX_DAG_OWNER=airflow
AIRFLOW_CTX_DAG_ID=07.2_external_task_sensor
AIRFLOW_CTX_TASK_ID=waiting_dag
AIRFLOW_CTX_EXECUTION_DATE=2022-11-03T00:00:00+00:00
AIRFLOW_CTX_TRY_NUMBER=1
AIRFLOW_CTX_DAG_RUN_ID=scheduled__2022-11-03T00:00:00+00:00
[2023-02-07 18:01:36,358] {external_task.py:184} INFO - Poking for tasks ['task_1'] in dag 07_external_task_sensor on 2022-11-03T00:00:00+00:00 ... 
[2023-02-07 18:01:46,395] {external_task.py:184} INFO - Poking for tasks ['task_1'] in dag 07_external_task_sensor on 2022-11-03T00:00:00+00:00 ... 
[2023-02-07 18:01:56,400] {external_task.py:184} INFO - Poking for tasks ['task_1'] in dag 07_external_task_sensor on 2022-11-03T00:00:00+00:00 ... 
[2023-02-07 18:02:06,409] {external_task.py:184} INFO - Poking for tasks ['task_1'] in dag 07_external_task_sensor on 2022-11-03T00:00:00+00:00 ... 
[2023-02-07 18:02:16,414] {external_task.py:184} INFO - Poking for tasks ['task_1'] in dag 07_external_task_sensor on 2022-11-03T00:00:00+00:00 ... 
[2023-02-07 18:02:26,426] {external_task.py:184} INFO - Poking for tasks ['task_1'] in dag 07_external_task_sensor on 2022-11-03T00:00:00+00:00 ... 
[2023-02-07 18:02:36,432] {external_task.py:184} INFO - Poking for tasks ['task_1'] in dag 07_external_task_sensor on 2022-11-03T00:00:00+00:00 ... 
[2023-02-07 18:02:46,443] {external_task.py:184} INFO - Poking for tasks ['task_1'] in dag 07_external_task_sensor on 2022-11-03T00:00:00+00:00 ... 
[2023-02-07 18:02:56,458] {external_task.py:184} INFO - Poking for tasks ['task_1'] in dag 07_external_task_sensor on 2022-11-03T00:00:00+00:00 ... 
[2023-02-07 18:03:06,464] {external_task.py:184} INFO - Poking for tasks ['task_1'] in dag 07_external_task_sensor on 2022-11-03T00:00:00+00:00 ... 
[2023-02-07 18:03:16,479] {external_task.py:184} INFO - Poking for tasks ['task_1'] in dag 07_external_task_sensor on 2022-11-03T00:00:00+00:00 ... 
[2023-02-07 18:03:26,494] {external_task.py:184} INFO - Poking for tasks ['task_1'] in dag 07_external_task_sensor on 2022-11-03T00:00:00+00:00 ... 
[2023-02-07 18:03:36,502] {external_task.py:184} INFO - Poking for tasks ['task_1'] in dag 07_external_task_sensor on 2022-11-03T00:00:00+00:00 ... 
[2023-02-07 18:03:46,518] {external_task.py:184} INFO - Poking for tasks ['task_1'] in dag 07_external_task_sensor on 2022-11-03T00:00:00+00:00 ... 
[2023-02-07 18:03:56,533] {external_task.py:184} INFO - Poking for tasks ['task_1'] in dag 07_external_task_sensor on 2022-11-03T00:00:00+00:00 ... 
[2023-02-07 18:04:06,539] {external_task.py:184} INFO - Poking for tasks ['task_1'] in dag 07_external_task_sensor on 2022-11-03T00:00:00+00:00 ... 
[2023-02-07 18:04:16,551] {external_task.py:184} INFO - Poking for tasks ['task_1'] in dag 07_external_task_sensor on 2022-11-03T00:00:00+00:00 ... 
[2023-02-07 18:04:26,562] {external_task.py:184} INFO - Poking for tasks ['task_1'] in dag 07_external_task_sensor on 2022-11-03T00:00:00+00:00 ... 
[2023-02-07 18:04:36,576] {external_task.py:184} INFO - Poking for tasks ['task_1'] in dag 07_external_task_sensor on 2022-11-03T00:00:00+00:00 ... 
[2023-02-07 18:04:46,587] {external_task.py:184} INFO - Poking for tasks ['task_1'] in dag 07_external_task_sensor on 2022-11-03T00:00:00+00:00 ... 
[2023-02-07 18:04:56,621] {external_task.py:184} INFO - Poking for tasks ['task_1'] in dag 07_external_task_sensor on 2022-11-03T00:00:00+00:00 ... 
[2023-02-07 18:05:06,637] {external_task.py:184} INFO - Poking for tasks ['task_1'] in dag 07_external_task_sensor on 2022-11-03T00:00:00+00:00 ... 
[2023-02-07 18:05:16,653] {external_task.py:184} INFO - Poking for tasks ['task_1'] in dag 07_external_task_sensor on 2022-11-03T00:00:00+00:00 ... 
[2023-02-07 18:05:26,668] {external_task.py:184} INFO - Poking for tasks ['task_1'] in dag 07_external_task_sensor on 2022-11-03T00:00:00+00:00 ... 
[2023-02-07 18:05:36,679] {external_task.py:184} INFO - Poking for tasks ['task_1'] in dag 07_external_task_sensor on 2022-11-03T00:00:00+00:00 ... 
[2023-02-07 18:05:46,692] {external_task.py:184} INFO - Poking for tasks ['task_1'] in dag 07_external_task_sensor on 2022-11-03T00:00:00+00:00 ... 
[2023-02-07 18:05:56,698] {external_task.py:184} INFO - Poking for tasks ['task_1'] in dag 07_external_task_sensor on 2022-11-03T00:00:00+00:00 ... 
[2023-02-07 18:06:06,706] {external_task.py:184} INFO - Poking for tasks ['task_1'] in dag 07_external_task_sensor on 2022-11-03T00:00:00+00:00 ... 
[2023-02-07 18:06:16,712] {external_task.py:184} INFO - Poking for tasks ['task_1'] in dag 07_external_task_sensor on 2022-11-03T00:00:00+00:00 ... 
[2023-02-07 18:06:26,727] {external_task.py:184} INFO - Poking for tasks ['task_1'] in dag 07_external_task_sensor on 2022-11-03T00:00:00+00:00 ... 
[2023-02-07 18:06:36,742] {external_task.py:184} INFO - Poking for tasks ['task_1'] in dag 07_external_task_sensor on 2022-11-03T00:00:00+00:00 ... 
[2023-02-07 18:06:46,755] {external_task.py:184} INFO - Poking for tasks ['task_1'] in dag 07_external_task_sensor on 2022-11-03T00:00:00+00:00 ... 
[2023-02-07 18:06:56,771] {external_task.py:184} INFO - Poking for tasks ['task_1'] in dag 07_external_task_sensor on 2022-11-03T00:00:00+00:00 ... 
[2023-02-07 18:07:06,783] {external_task.py:184} INFO - Poking for tasks ['task_1'] in dag 07_external_task_sensor on 2022-11-03T00:00:00+00:00 ... 
[2023-02-07 18:07:16,797] {external_task.py:184} INFO - Poking for tasks ['task_1'] in dag 07_external_task_sensor on 2022-11-03T00:00:00+00:00 ... 
[2023-02-07 18:07:26,812] {external_task.py:184} INFO - Poking for tasks ['task_1'] in dag 07_external_task_sensor on 2022-11-03T00:00:00+00:00 ... 
[2023-02-07 18:07:36,827] {external_task.py:184} INFO - Poking for tasks ['task_1'] in dag 07_external_task_sensor on 2022-11-03T00:00:00+00:00 ... 
[2023-02-07 18:07:46,843] {external_task.py:184} INFO - Poking for tasks ['task_1'] in dag 07_external_task_sensor on 2022-11-03T00:00:00+00:00 ... 
[2023-02-07 18:07:56,857] {external_task.py:184} INFO - Poking for tasks ['task_1'] in dag 07_external_task_sensor on 2022-11-03T00:00:00+00:00 ... 
[2023-02-07 18:08:06,867] {external_task.py:184} INFO - Poking for tasks ['task_1'] in dag 07_external_task_sensor on 2022-11-03T00:00:00+00:00 ... 
[2023-02-07 18:08:16,879] {external_task.py:184} INFO - Poking for tasks ['task_1'] in dag 07_external_task_sensor on 2022-11-03T00:00:00+00:00 ... 
[2023-02-07 18:08:26,895] {external_task.py:184} INFO - Poking for tasks ['task_1'] in dag 07_external_task_sensor on 2022-11-03T00:00:00+00:00 ... 
[2023-02-07 18:08:36,909] {external_task.py:184} INFO - Poking for tasks ['task_1'] in dag 07_external_task_sensor on 2022-11-03T00:00:00+00:00 ... 
[2023-02-07 18:08:46,923] {external_task.py:184} INFO - Poking for tasks ['task_1'] in dag 07_external_task_sensor on 2022-11-03T00:00:00+00:00 ... 
[2023-02-07 18:08:56,932] {external_task.py:184} INFO - Poking for tasks ['task_1'] in dag 07_external_task_sensor on 2022-11-03T00:00:00+00:00 ... 
[2023-02-07 18:09:06,944] {external_task.py:184} INFO - Poking for tasks ['task_1'] in dag 07_external_task_sensor on 2022-11-03T00:00:00+00:00 ... 
[2023-02-07 18:09:16,951] {external_task.py:184} INFO - Poking for tasks ['task_1'] in dag 07_external_task_sensor on 2022-11-03T00:00:00+00:00 ... 
[2023-02-07 18:09:26,962] {external_task.py:184} INFO - Poking for tasks ['task_1'] in dag 07_external_task_sensor on 2022-11-03T00:00:00+00:00 ... 
[2023-02-07 18:09:36,976] {external_task.py:184} INFO - Poking for tasks ['task_1'] in dag 07_external_task_sensor on 2022-11-03T00:00:00+00:00 ... 
[2023-02-07 18:09:46,991] {external_task.py:184} INFO - Poking for tasks ['task_1'] in dag 07_external_task_sensor on 2022-11-03T00:00:00+00:00 ... 
[2023-02-07 18:09:57,006] {external_task.py:184} INFO - Poking for tasks ['task_1'] in dag 07_external_task_sensor on 2022-11-03T00:00:00+00:00 ... 
[2023-02-07 18:10:07,022] {external_task.py:184} INFO - Poking for tasks ['task_1'] in dag 07_external_task_sensor on 2022-11-03T00:00:00+00:00 ... 
[2023-02-07 18:10:17,036] {external_task.py:184} INFO - Poking for tasks ['task_1'] in dag 07_external_task_sensor on 2022-11-03T00:00:00+00:00 ... 
[2023-02-07 18:10:27,051] {external_task.py:184} INFO - Poking for tasks ['task_1'] in dag 07_external_task_sensor on 2022-11-03T00:00:00+00:00 ... 
[2023-02-07 18:10:37,065] {external_task.py:184} INFO - Poking for tasks ['task_1'] in dag 07_external_task_sensor on 2022-11-03T00:00:00+00:00 ... 
[2023-02-07 18:10:47,072] {external_task.py:184} INFO - Poking for tasks ['task_1'] in dag 07_external_task_sensor on 2022-11-03T00:00:00+00:00 ... 
[2023-02-07 18:10:57,086] {external_task.py:184} INFO - Poking for tasks ['task_1'] in dag 07_external_task_sensor on 2022-11-03T00:00:00+00:00 ... 
[2023-02-07 18:11:07,096] {external_task.py:184} INFO - Poking for tasks ['task_1'] in dag 07_external_task_sensor on 2022-11-03T00:00:00+00:00 ... 
[2023-02-07 18:11:17,111] {external_task.py:184} INFO - Poking for tasks ['task_1'] in dag 07_external_task_sensor on 2022-11-03T00:00:00+00:00 ... 
[2023-02-07 18:11:27,125] {external_task.py:184} INFO - Poking for tasks ['task_1'] in dag 07_external_task_sensor on 2022-11-03T00:00:00+00:00 ... 
[2023-02-07 18:11:37,135] {external_task.py:184} INFO - Poking for tasks ['task_1'] in dag 07_external_task_sensor on 2022-11-03T00:00:00+00:00 ... 
[2023-02-07 18:11:47,144] {external_task.py:184} INFO - Poking for tasks ['task_1'] in dag 07_external_task_sensor on 2022-11-03T00:00:00+00:00 ... 
[2023-02-07 18:11:57,150] {external_task.py:184} INFO - Poking for tasks ['task_1'] in dag 07_external_task_sensor on 2022-11-03T00:00:00+00:00 ... 
[2023-02-07 18:12:07,159] {external_task.py:184} INFO - Poking for tasks ['task_1'] in dag 07_external_task_sensor on 2022-11-03T00:00:00+00:00 ... 
[2023-02-07 18:12:17,174] {external_task.py:184} INFO - Poking for tasks ['task_1'] in dag 07_external_task_sensor on 2022-11-03T00:00:00+00:00 ... 
[2023-02-07 18:12:27,189] {external_task.py:184} INFO - Poking for tasks ['task_1'] in dag 07_external_task_sensor on 2022-11-03T00:00:00+00:00 ... 
[2023-02-07 18:12:37,196] {external_task.py:184} INFO - Poking for tasks ['task_1'] in dag 07_external_task_sensor on 2022-11-03T00:00:00+00:00 ... 
[2023-02-07 18:12:40,173] {process_utils.py:125} INFO - Sending Signals.SIGTERM to group 28286. PIDs of all processes in the group: [28286]
[2023-02-07 18:12:40,173] {process_utils.py:80} INFO - Sending the signal Signals.SIGTERM to group 28286
[2023-02-07 18:12:40,173] {taskinstance.py:1561} ERROR - Received SIGTERM. Terminating subprocesses.
[2023-02-07 18:12:40,185] {taskinstance.py:1909} ERROR - Task failed with exception
Traceback (most recent call last):
  File "/home/milo/13-airflow/airflowhome/airflowenv/lib/python3.9/site-packages/airflow/sensors/base.py", line 299, in execute
    time.sleep(self._get_next_poke_interval(started_at, run_duration, try_number))
  File "/home/milo/13-airflow/airflowhome/airflowenv/lib/python3.9/site-packages/airflow/models/taskinstance.py", line 1563, in signal_handler
    raise AirflowException("Task received SIGTERM signal")
airflow.exceptions.AirflowException: Task received SIGTERM signal
[2023-02-07 18:12:40,198] {taskinstance.py:1415} INFO - Marking task as FAILED. dag_id=07.2_external_task_sensor, task_id=waiting_dag, execution_date=20221103T000000, start_date=20230207T230135, end_date=20230207T231240
[2023-02-07 18:12:40,216] {standard_task_runner.py:92} ERROR - Failed to execute job 413 for task waiting_dag (Task received SIGTERM signal; 28286)
[2023-02-07 18:12:40,234] {process_utils.py:75} INFO - Process psutil.Process(pid=28286, status='terminated', exitcode=1, started='18:01:34') (28286) terminated with exit code 1
[2023-02-07 19:05:55,078] {taskinstance.py:1179} INFO - Dependencies all met for <TaskInstance: 07.2_external_task_sensor.waiting_dag scheduled__2022-11-03T00:00:00+00:00 [queued]>
[2023-02-07 19:05:55,091] {taskinstance.py:1179} INFO - Dependencies all met for <TaskInstance: 07.2_external_task_sensor.waiting_dag scheduled__2022-11-03T00:00:00+00:00 [queued]>
[2023-02-07 19:05:55,091] {taskinstance.py:1376} INFO - 
--------------------------------------------------------------------------------
[2023-02-07 19:05:55,091] {taskinstance.py:1377} INFO - Starting attempt 1 of 1
[2023-02-07 19:05:55,091] {taskinstance.py:1378} INFO - 
--------------------------------------------------------------------------------
[2023-02-07 19:05:55,116] {taskinstance.py:1397} INFO - Executing <Task(ExternalTaskSensor): waiting_dag> on 2022-11-03 00:00:00+00:00
[2023-02-07 19:05:55,120] {standard_task_runner.py:52} INFO - Started process 37771 to run task
[2023-02-07 19:05:55,126] {standard_task_runner.py:79} INFO - Running: ['airflow', 'tasks', 'run', '07.2_external_task_sensor', 'waiting_dag', 'scheduled__2022-11-03T00:00:00+00:00', '--job-id', '452', '--raw', '--subdir', 'DAGS_FOLDER/07.2_external_task_sensor.py', '--cfg-path', '/tmp/tmpgeyqhsrr', '--error-file', '/tmp/tmpww_e3kr5']
[2023-02-07 19:05:55,128] {standard_task_runner.py:80} INFO - Job 452: Subtask waiting_dag
[2023-02-07 19:05:55,215] {task_command.py:371} INFO - Running <TaskInstance: 07.2_external_task_sensor.waiting_dag scheduled__2022-11-03T00:00:00+00:00 [running]> on host pc.
[2023-02-07 19:05:55,309] {taskinstance.py:1589} INFO - Exporting the following env vars:
AIRFLOW_CTX_DAG_OWNER=airflow
AIRFLOW_CTX_DAG_ID=07.2_external_task_sensor
AIRFLOW_CTX_TASK_ID=waiting_dag
AIRFLOW_CTX_EXECUTION_DATE=2022-11-03T00:00:00+00:00
AIRFLOW_CTX_TRY_NUMBER=1
AIRFLOW_CTX_DAG_RUN_ID=scheduled__2022-11-03T00:00:00+00:00
[2023-02-07 19:05:55,310] {external_task.py:184} INFO - Poking for tasks ['external_task_1'] in dag 07.1_external_dag on 2022-11-03T00:00:00+00:00 ... 
[2023-02-07 19:05:55,319] {base.py:301} INFO - Success criteria met. Exiting.
[2023-02-07 19:05:55,330] {taskinstance.py:1415} INFO - Marking task as SUCCESS. dag_id=07.2_external_task_sensor, task_id=waiting_dag, execution_date=20221103T000000, start_date=20230208T000555, end_date=20230208T000555
[2023-02-07 19:05:55,378] {local_task_job.py:156} INFO - Task exited with return code 0
[2023-02-07 19:05:55,430] {local_task_job.py:273} INFO - 0 downstream tasks scheduled from follow-on schedule check
