[2023-02-05 21:27:16,728] {taskinstance.py:1179} INFO - Dependencies all met for <TaskInstance: 06_monitoring.task_1 scheduled__2022-11-14T00:00:00+00:00 [queued]>
[2023-02-05 21:27:16,739] {taskinstance.py:1179} INFO - Dependencies all met for <TaskInstance: 06_monitoring.task_1 scheduled__2022-11-14T00:00:00+00:00 [queued]>
[2023-02-05 21:27:16,739] {taskinstance.py:1376} INFO - 
--------------------------------------------------------------------------------
[2023-02-05 21:27:16,739] {taskinstance.py:1377} INFO - Starting attempt 2 of 2
[2023-02-05 21:27:16,739] {taskinstance.py:1378} INFO - 
--------------------------------------------------------------------------------
[2023-02-05 21:27:16,763] {taskinstance.py:1397} INFO - Executing <Task(BashOperator): task_1> on 2022-11-14 00:00:00+00:00
[2023-02-05 21:27:16,766] {standard_task_runner.py:52} INFO - Started process 35776 to run task
[2023-02-05 21:27:16,771] {standard_task_runner.py:79} INFO - Running: ['airflow', 'tasks', 'run', '06_monitoring', 'task_1', 'scheduled__2022-11-14T00:00:00+00:00', '--job-id', '205', '--raw', '--subdir', 'DAGS_FOLDER/06_monitoring.py', '--cfg-path', '/tmp/tmpmh9y415p', '--error-file', '/tmp/tmpj_rhek7w']
[2023-02-05 21:27:16,772] {standard_task_runner.py:80} INFO - Job 205: Subtask task_1
[2023-02-05 21:27:16,858] {task_command.py:371} INFO - Running <TaskInstance: 06_monitoring.task_1 scheduled__2022-11-14T00:00:00+00:00 [running]> on host pc.
[2023-02-05 21:27:16,948] {taskinstance.py:1589} INFO - Exporting the following env vars:
AIRFLOW_CTX_DAG_OWNER=airflow
AIRFLOW_CTX_DAG_ID=06_monitoring
AIRFLOW_CTX_TASK_ID=task_1
AIRFLOW_CTX_EXECUTION_DATE=2022-11-14T00:00:00+00:00
AIRFLOW_CTX_TRY_NUMBER=2
AIRFLOW_CTX_DAG_RUN_ID=scheduled__2022-11-14T00:00:00+00:00
[2023-02-05 21:27:16,949] {subprocess.py:62} INFO - Tmp dir root location: 
 /tmp
[2023-02-05 21:27:16,950] {subprocess.py:74} INFO - Running command: ['bash', '-c', "sleep 2 && echo 'First task!'"]
[2023-02-05 21:27:16,958] {subprocess.py:85} INFO - Output:
[2023-02-05 21:27:18,961] {subprocess.py:92} INFO - First task!
[2023-02-05 21:27:18,961] {subprocess.py:96} INFO - Command exited with return code 0
[2023-02-05 21:27:18,999] {taskinstance.py:1415} INFO - Marking task as SUCCESS. dag_id=06_monitoring, task_id=task_1, execution_date=20221114T000000, start_date=20230206T022716, end_date=20230206T022718
[2023-02-05 21:27:19,045] {local_task_job.py:156} INFO - Task exited with return code 0
[2023-02-05 21:27:19,075] {local_task_job.py:273} INFO - 0 downstream tasks scheduled from follow-on schedule check
[2023-02-05 21:57:13,084] {taskinstance.py:1179} INFO - Dependencies all met for <TaskInstance: 06_monitoring.task_1 scheduled__2022-11-14T00:00:00+00:00 [queued]>
[2023-02-05 21:57:13,097] {taskinstance.py:1179} INFO - Dependencies all met for <TaskInstance: 06_monitoring.task_1 scheduled__2022-11-14T00:00:00+00:00 [queued]>
[2023-02-05 21:57:13,097] {taskinstance.py:1376} INFO - 
--------------------------------------------------------------------------------
[2023-02-05 21:57:13,097] {taskinstance.py:1377} INFO - Starting attempt 2 of 2
[2023-02-05 21:57:13,097] {taskinstance.py:1378} INFO - 
--------------------------------------------------------------------------------
[2023-02-05 21:57:13,119] {taskinstance.py:1397} INFO - Executing <Task(BashOperator): task_1> on 2022-11-14 00:00:00+00:00
[2023-02-05 21:57:13,123] {standard_task_runner.py:52} INFO - Started process 36917 to run task
[2023-02-05 21:57:13,128] {standard_task_runner.py:79} INFO - Running: ['airflow', 'tasks', 'run', '06_monitoring', 'task_1', 'scheduled__2022-11-14T00:00:00+00:00', '--job-id', '228', '--raw', '--subdir', 'DAGS_FOLDER/06_monitoring.py', '--cfg-path', '/tmp/tmp3a0c00tr', '--error-file', '/tmp/tmp_7bnz8bw']
[2023-02-05 21:57:13,129] {standard_task_runner.py:80} INFO - Job 228: Subtask task_1
[2023-02-05 21:57:13,206] {task_command.py:371} INFO - Running <TaskInstance: 06_monitoring.task_1 scheduled__2022-11-14T00:00:00+00:00 [running]> on host pc.
[2023-02-05 21:57:13,304] {taskinstance.py:1589} INFO - Exporting the following env vars:
AIRFLOW_CTX_DAG_OWNER=airflow
AIRFLOW_CTX_DAG_ID=06_monitoring
AIRFLOW_CTX_TASK_ID=task_1
AIRFLOW_CTX_EXECUTION_DATE=2022-11-14T00:00:00+00:00
AIRFLOW_CTX_TRY_NUMBER=2
AIRFLOW_CTX_DAG_RUN_ID=scheduled__2022-11-14T00:00:00+00:00
[2023-02-05 21:57:13,305] {subprocess.py:62} INFO - Tmp dir root location: 
 /tmp
[2023-02-05 21:57:13,306] {subprocess.py:74} INFO - Running command: ['bash', '-c', "sleep 2 && echo 'First task!'"]
[2023-02-05 21:57:13,314] {subprocess.py:85} INFO - Output:
[2023-02-05 21:57:15,316] {subprocess.py:92} INFO - First task!
[2023-02-05 21:57:15,316] {subprocess.py:96} INFO - Command exited with return code 0
[2023-02-05 21:57:15,346] {taskinstance.py:1415} INFO - Marking task as SUCCESS. dag_id=06_monitoring, task_id=task_1, execution_date=20221114T000000, start_date=20230206T025713, end_date=20230206T025715
[2023-02-05 21:57:15,388] {local_task_job.py:156} INFO - Task exited with return code 0
[2023-02-05 21:57:15,437] {local_task_job.py:273} INFO - 1 downstream tasks scheduled from follow-on schedule check
