[2023-02-05 21:42:46,611] {taskinstance.py:1179} INFO - Dependencies all met for <TaskInstance: 06_monitoring.task_4 scheduled__2022-11-15T00:00:00+00:00 [queued]>
[2023-02-05 21:42:46,622] {taskinstance.py:1179} INFO - Dependencies all met for <TaskInstance: 06_monitoring.task_4 scheduled__2022-11-15T00:00:00+00:00 [queued]>
[2023-02-05 21:42:46,622] {taskinstance.py:1376} INFO - 
--------------------------------------------------------------------------------
[2023-02-05 21:42:46,622] {taskinstance.py:1377} INFO - Starting attempt 1 of 1
[2023-02-05 21:42:46,622] {taskinstance.py:1378} INFO - 
--------------------------------------------------------------------------------
[2023-02-05 21:42:46,645] {taskinstance.py:1397} INFO - Executing <Task(PythonOperator): task_4> on 2022-11-15 00:00:00+00:00
[2023-02-05 21:42:46,649] {standard_task_runner.py:52} INFO - Started process 36547 to run task
[2023-02-05 21:42:46,654] {standard_task_runner.py:79} INFO - Running: ['airflow', 'tasks', 'run', '06_monitoring', 'task_4', 'scheduled__2022-11-15T00:00:00+00:00', '--job-id', '200', '--raw', '--subdir', 'DAGS_FOLDER/06_monitoring.py', '--cfg-path', '/tmp/tmpppuh_d14', '--error-file', '/tmp/tmpyj2fk2ee']
[2023-02-05 21:42:46,655] {standard_task_runner.py:80} INFO - Job 200: Subtask task_4
[2023-02-05 21:42:46,735] {task_command.py:371} INFO - Running <TaskInstance: 06_monitoring.task_4 scheduled__2022-11-15T00:00:00+00:00 [running]> on host pc.
[2023-02-05 21:42:46,823] {taskinstance.py:1589} INFO - Exporting the following env vars:
AIRFLOW_CTX_DAG_OWNER=airflow
AIRFLOW_CTX_DAG_ID=06_monitoring
AIRFLOW_CTX_TASK_ID=task_4
AIRFLOW_CTX_EXECUTION_DATE=2022-11-15T00:00:00+00:00
AIRFLOW_CTX_TRY_NUMBER=1
AIRFLOW_CTX_DAG_RUN_ID=scheduled__2022-11-15T00:00:00+00:00
[2023-02-05 21:42:46,824] {python.py:173} INFO - Done. Returned value was: None
[2023-02-05 21:42:46,834] {taskinstance.py:1415} INFO - Marking task as SUCCESS. dag_id=06_monitoring, task_id=task_4, execution_date=20221115T000000, start_date=20230206T024246, end_date=20230206T024246
[2023-02-05 21:42:46,865] {local_task_job.py:156} INFO - Task exited with return code 0
[2023-02-05 21:42:46,903] {local_task_job.py:273} INFO - 1 downstream tasks scheduled from follow-on schedule check
