[2023-02-07 19:54:25,698] {taskinstance.py:1179} INFO - Dependencies all met for <TaskInstance: 07.3_file_sensor.file_task scheduled__2022-12-06T00:00:00+00:00 [queued]>
[2023-02-07 19:54:25,708] {taskinstance.py:1179} INFO - Dependencies all met for <TaskInstance: 07.3_file_sensor.file_task scheduled__2022-12-06T00:00:00+00:00 [queued]>
[2023-02-07 19:54:25,708] {taskinstance.py:1376} INFO - 
--------------------------------------------------------------------------------
[2023-02-07 19:54:25,708] {taskinstance.py:1377} INFO - Starting attempt 1 of 1
[2023-02-07 19:54:25,708] {taskinstance.py:1378} INFO - 
--------------------------------------------------------------------------------
[2023-02-07 19:54:25,729] {taskinstance.py:1397} INFO - Executing <Task(BashOperator): file_task> on 2022-12-06 00:00:00+00:00
[2023-02-07 19:54:25,733] {standard_task_runner.py:52} INFO - Started process 43152 to run task
[2023-02-07 19:54:25,739] {standard_task_runner.py:79} INFO - Running: ['airflow', 'tasks', 'run', '07.3_file_sensor', 'file_task', 'scheduled__2022-12-06T00:00:00+00:00', '--job-id', '821', '--raw', '--subdir', 'DAGS_FOLDER/07.3_file_sensor.py', '--cfg-path', '/tmp/tmpyrfgigpy', '--error-file', '/tmp/tmpq2kk5u3c']
[2023-02-07 19:54:25,740] {standard_task_runner.py:80} INFO - Job 821: Subtask file_task
[2023-02-07 19:54:25,827] {task_command.py:371} INFO - Running <TaskInstance: 07.3_file_sensor.file_task scheduled__2022-12-06T00:00:00+00:00 [running]> on host pc.
[2023-02-07 19:54:25,922] {taskinstance.py:1589} INFO - Exporting the following env vars:
AIRFLOW_CTX_DAG_OWNER=airflow
AIRFLOW_CTX_DAG_ID=07.3_file_sensor
AIRFLOW_CTX_TASK_ID=file_task
AIRFLOW_CTX_EXECUTION_DATE=2022-12-06T00:00:00+00:00
AIRFLOW_CTX_TRY_NUMBER=1
AIRFLOW_CTX_DAG_RUN_ID=scheduled__2022-12-06T00:00:00+00:00
[2023-02-07 19:54:25,923] {subprocess.py:62} INFO - Tmp dir root location: 
 /tmp
[2023-02-07 19:54:25,924] {subprocess.py:74} INFO - Running command: ['bash', '-c', 'sleep 10 && touch /tmp/file.txt']
[2023-02-07 19:54:25,935] {subprocess.py:85} INFO - Output:
[2023-02-07 19:54:35,938] {subprocess.py:96} INFO - Command exited with return code 0
[2023-02-07 19:54:35,980] {taskinstance.py:1415} INFO - Marking task as SUCCESS. dag_id=07.3_file_sensor, task_id=file_task, execution_date=20221206T000000, start_date=20230208T005425, end_date=20230208T005435
[2023-02-07 19:54:36,019] {local_task_job.py:156} INFO - Task exited with return code 0
[2023-02-07 19:54:36,062] {local_task_job.py:273} INFO - 1 downstream tasks scheduled from follow-on schedule check
