[2023-02-05 21:11:55,616] {taskinstance.py:1179} INFO - Dependencies all met for <TaskInstance: 06_monitoring.task_2 scheduled__2022-11-09T00:00:00+00:00 [queued]>
[2023-02-05 21:11:55,625] {taskinstance.py:1179} INFO - Dependencies all met for <TaskInstance: 06_monitoring.task_2 scheduled__2022-11-09T00:00:00+00:00 [queued]>
[2023-02-05 21:11:55,625] {taskinstance.py:1376} INFO - 
--------------------------------------------------------------------------------
[2023-02-05 21:11:55,625] {taskinstance.py:1377} INFO - Starting attempt 1 of 1
[2023-02-05 21:11:55,625] {taskinstance.py:1378} INFO - 
--------------------------------------------------------------------------------
[2023-02-05 21:11:55,651] {taskinstance.py:1397} INFO - Executing <Task(BashOperator): task_2> on 2022-11-09 00:00:00+00:00
[2023-02-05 21:11:55,655] {standard_task_runner.py:52} INFO - Started process 35069 to run task
[2023-02-05 21:11:55,660] {standard_task_runner.py:79} INFO - Running: ['airflow', 'tasks', 'run', '06_monitoring', 'task_2', 'scheduled__2022-11-09T00:00:00+00:00', '--job-id', '148', '--raw', '--subdir', 'DAGS_FOLDER/06_monitoring.py', '--cfg-path', '/tmp/tmpfidvymn1', '--error-file', '/tmp/tmpohzmkvpc']
[2023-02-05 21:11:55,661] {standard_task_runner.py:80} INFO - Job 148: Subtask task_2
[2023-02-05 21:11:55,739] {task_command.py:371} INFO - Running <TaskInstance: 06_monitoring.task_2 scheduled__2022-11-09T00:00:00+00:00 [running]> on host pc.
[2023-02-05 21:11:55,819] {taskinstance.py:1589} INFO - Exporting the following env vars:
AIRFLOW_CTX_DAG_OWNER=airflow
AIRFLOW_CTX_DAG_ID=06_monitoring
AIRFLOW_CTX_TASK_ID=task_2
AIRFLOW_CTX_EXECUTION_DATE=2022-11-09T00:00:00+00:00
AIRFLOW_CTX_TRY_NUMBER=1
AIRFLOW_CTX_DAG_RUN_ID=scheduled__2022-11-09T00:00:00+00:00
[2023-02-05 21:11:55,820] {subprocess.py:62} INFO - Tmp dir root location: 
 /tmp
[2023-02-05 21:11:55,821] {subprocess.py:74} INFO - Running command: ['bash', '-c', "sleep 2 && echo 'Second task!"]
[2023-02-05 21:11:55,831] {subprocess.py:85} INFO - Output:
[2023-02-05 21:11:55,833] {subprocess.py:92} INFO - bash: -c: line 1: unexpected EOF while looking for matching `''
[2023-02-05 21:11:55,833] {subprocess.py:92} INFO - bash: -c: line 2: syntax error: unexpected end of file
[2023-02-05 21:11:55,833] {subprocess.py:96} INFO - Command exited with return code 2
[2023-02-05 21:11:55,845] {taskinstance.py:1909} ERROR - Task failed with exception
Traceback (most recent call last):
  File "/home/milo/13-airflow/airflowhome/airflowenv/lib/python3.9/site-packages/airflow/operators/bash.py", line 194, in execute
    raise AirflowException(
airflow.exceptions.AirflowException: Bash command failed. The command returned a non-zero exit code 2.
[2023-02-05 21:11:55,848] {taskinstance.py:1415} INFO - Marking task as FAILED. dag_id=06_monitoring, task_id=task_2, execution_date=20221109T000000, start_date=20230206T021155, end_date=20230206T021155
[2023-02-05 21:11:55,864] {standard_task_runner.py:92} ERROR - Failed to execute job 148 for task task_2 (Bash command failed. The command returned a non-zero exit code 2.; 35069)
[2023-02-05 21:11:55,872] {local_task_job.py:156} INFO - Task exited with return code 1
[2023-02-05 21:11:55,914] {local_task_job.py:273} INFO - 0 downstream tasks scheduled from follow-on schedule check
[2023-02-05 21:15:02,169] {taskinstance.py:1179} INFO - Dependencies all met for <TaskInstance: 06_monitoring.task_2 scheduled__2022-11-09T00:00:00+00:00 [queued]>
[2023-02-05 21:15:02,180] {taskinstance.py:1179} INFO - Dependencies all met for <TaskInstance: 06_monitoring.task_2 scheduled__2022-11-09T00:00:00+00:00 [queued]>
[2023-02-05 21:15:02,180] {taskinstance.py:1376} INFO - 
--------------------------------------------------------------------------------
[2023-02-05 21:15:02,180] {taskinstance.py:1377} INFO - Starting attempt 1 of 1
[2023-02-05 21:15:02,180] {taskinstance.py:1378} INFO - 
--------------------------------------------------------------------------------
[2023-02-05 21:15:02,202] {taskinstance.py:1397} INFO - Executing <Task(BashOperator): task_2> on 2022-11-09 00:00:00+00:00
[2023-02-05 21:15:02,205] {standard_task_runner.py:52} INFO - Started process 35287 to run task
[2023-02-05 21:15:02,210] {standard_task_runner.py:79} INFO - Running: ['airflow', 'tasks', 'run', '06_monitoring', 'task_2', 'scheduled__2022-11-09T00:00:00+00:00', '--job-id', '142', '--raw', '--subdir', 'DAGS_FOLDER/06_monitoring.py', '--cfg-path', '/tmp/tmppnmr1t01', '--error-file', '/tmp/tmp5i8sts20']
[2023-02-05 21:15:02,212] {standard_task_runner.py:80} INFO - Job 142: Subtask task_2
[2023-02-05 21:15:02,298] {task_command.py:371} INFO - Running <TaskInstance: 06_monitoring.task_2 scheduled__2022-11-09T00:00:00+00:00 [running]> on host pc.
[2023-02-05 21:15:02,383] {taskinstance.py:1589} INFO - Exporting the following env vars:
AIRFLOW_CTX_DAG_OWNER=airflow
AIRFLOW_CTX_DAG_ID=06_monitoring
AIRFLOW_CTX_TASK_ID=task_2
AIRFLOW_CTX_EXECUTION_DATE=2022-11-09T00:00:00+00:00
AIRFLOW_CTX_TRY_NUMBER=1
AIRFLOW_CTX_DAG_RUN_ID=scheduled__2022-11-09T00:00:00+00:00
[2023-02-05 21:15:02,384] {subprocess.py:62} INFO - Tmp dir root location: 
 /tmp
[2023-02-05 21:15:02,385] {subprocess.py:74} INFO - Running command: ['bash', '-c', "sleep 2 && echo 'Second task!"]
[2023-02-05 21:15:02,393] {subprocess.py:85} INFO - Output:
[2023-02-05 21:15:02,394] {subprocess.py:92} INFO - bash: -c: line 1: unexpected EOF while looking for matching `''
[2023-02-05 21:15:02,395] {subprocess.py:92} INFO - bash: -c: line 2: syntax error: unexpected end of file
[2023-02-05 21:15:02,395] {subprocess.py:96} INFO - Command exited with return code 2
[2023-02-05 21:15:02,406] {taskinstance.py:1909} ERROR - Task failed with exception
Traceback (most recent call last):
  File "/home/milo/13-airflow/airflowhome/airflowenv/lib/python3.9/site-packages/airflow/operators/bash.py", line 194, in execute
    raise AirflowException(
airflow.exceptions.AirflowException: Bash command failed. The command returned a non-zero exit code 2.
[2023-02-05 21:15:02,410] {taskinstance.py:1415} INFO - Marking task as FAILED. dag_id=06_monitoring, task_id=task_2, execution_date=20221109T000000, start_date=20230206T021502, end_date=20230206T021502
[2023-02-05 21:15:02,427] {standard_task_runner.py:92} ERROR - Failed to execute job 142 for task task_2 (Bash command failed. The command returned a non-zero exit code 2.; 35287)
[2023-02-05 21:15:02,465] {local_task_job.py:156} INFO - Task exited with return code 1
[2023-02-05 21:15:02,533] {local_task_job.py:273} INFO - 0 downstream tasks scheduled from follow-on schedule check
[2023-02-05 21:34:11,362] {taskinstance.py:1179} INFO - Dependencies all met for <TaskInstance: 06_monitoring.task_2 scheduled__2022-11-09T00:00:00+00:00 [queued]>
[2023-02-05 21:34:11,375] {taskinstance.py:1179} INFO - Dependencies all met for <TaskInstance: 06_monitoring.task_2 scheduled__2022-11-09T00:00:00+00:00 [queued]>
[2023-02-05 21:34:11,375] {taskinstance.py:1376} INFO - 
--------------------------------------------------------------------------------
[2023-02-05 21:34:11,375] {taskinstance.py:1377} INFO - Starting attempt 1 of 1
[2023-02-05 21:34:11,375] {taskinstance.py:1378} INFO - 
--------------------------------------------------------------------------------
[2023-02-05 21:34:11,399] {taskinstance.py:1397} INFO - Executing <Task(BashOperator): task_2> on 2022-11-09 00:00:00+00:00
[2023-02-05 21:34:11,402] {standard_task_runner.py:52} INFO - Started process 36148 to run task
[2023-02-05 21:34:11,407] {standard_task_runner.py:79} INFO - Running: ['airflow', 'tasks', 'run', '06_monitoring', 'task_2', 'scheduled__2022-11-09T00:00:00+00:00', '--job-id', '142', '--raw', '--subdir', 'DAGS_FOLDER/06_monitoring.py', '--cfg-path', '/tmp/tmpbheylke5', '--error-file', '/tmp/tmpfja0ne9b']
[2023-02-05 21:34:11,408] {standard_task_runner.py:80} INFO - Job 142: Subtask task_2
[2023-02-05 21:34:11,486] {task_command.py:371} INFO - Running <TaskInstance: 06_monitoring.task_2 scheduled__2022-11-09T00:00:00+00:00 [running]> on host pc.
[2023-02-05 21:34:11,568] {taskinstance.py:1589} INFO - Exporting the following env vars:
AIRFLOW_CTX_DAG_OWNER=airflow
AIRFLOW_CTX_DAG_ID=06_monitoring
AIRFLOW_CTX_TASK_ID=task_2
AIRFLOW_CTX_EXECUTION_DATE=2022-11-09T00:00:00+00:00
AIRFLOW_CTX_TRY_NUMBER=1
AIRFLOW_CTX_DAG_RUN_ID=scheduled__2022-11-09T00:00:00+00:00
[2023-02-05 21:34:11,569] {subprocess.py:62} INFO - Tmp dir root location: 
 /tmp
[2023-02-05 21:34:11,570] {subprocess.py:74} INFO - Running command: ['bash', '-c', "sleep 2 && echo 'Second task!"]
[2023-02-05 21:34:11,578] {subprocess.py:85} INFO - Output:
[2023-02-05 21:34:11,579] {subprocess.py:92} INFO - bash: -c: line 1: unexpected EOF while looking for matching `''
[2023-02-05 21:34:11,579] {subprocess.py:92} INFO - bash: -c: line 2: syntax error: unexpected end of file
[2023-02-05 21:34:11,580] {subprocess.py:96} INFO - Command exited with return code 2
[2023-02-05 21:34:11,591] {taskinstance.py:1909} ERROR - Task failed with exception
Traceback (most recent call last):
  File "/home/milo/13-airflow/airflowhome/airflowenv/lib/python3.9/site-packages/airflow/operators/bash.py", line 194, in execute
    raise AirflowException(
airflow.exceptions.AirflowException: Bash command failed. The command returned a non-zero exit code 2.
[2023-02-05 21:34:11,595] {taskinstance.py:1415} INFO - Marking task as FAILED. dag_id=06_monitoring, task_id=task_2, execution_date=20221109T000000, start_date=20230206T023411, end_date=20230206T023411
[2023-02-05 21:34:11,614] {standard_task_runner.py:92} ERROR - Failed to execute job 142 for task task_2 (Bash command failed. The command returned a non-zero exit code 2.; 36148)
[2023-02-05 21:34:11,658] {local_task_job.py:156} INFO - Task exited with return code 1
[2023-02-05 21:34:11,705] {local_task_job.py:273} INFO - 0 downstream tasks scheduled from follow-on schedule check
