[2023-02-05 21:29:09,567] {taskinstance.py:1179} INFO - Dependencies all met for <TaskInstance: 06_monitoring.task_2 scheduled__2022-11-09T00:00:00+00:00 [queued]>
[2023-02-05 21:29:09,579] {taskinstance.py:1179} INFO - Dependencies all met for <TaskInstance: 06_monitoring.task_2 scheduled__2022-11-09T00:00:00+00:00 [queued]>
[2023-02-05 21:29:09,579] {taskinstance.py:1376} INFO - 
--------------------------------------------------------------------------------
[2023-02-05 21:29:09,579] {taskinstance.py:1377} INFO - Starting attempt 2 of 2
[2023-02-05 21:29:09,580] {taskinstance.py:1378} INFO - 
--------------------------------------------------------------------------------
[2023-02-05 21:29:09,603] {taskinstance.py:1397} INFO - Executing <Task(BashOperator): task_2> on 2022-11-09 00:00:00+00:00
[2023-02-05 21:29:09,607] {standard_task_runner.py:52} INFO - Started process 35892 to run task
[2023-02-05 21:29:09,612] {standard_task_runner.py:79} INFO - Running: ['airflow', 'tasks', 'run', '06_monitoring', 'task_2', 'scheduled__2022-11-09T00:00:00+00:00', '--job-id', '231', '--raw', '--subdir', 'DAGS_FOLDER/06_monitoring.py', '--cfg-path', '/tmp/tmph6ehfyok', '--error-file', '/tmp/tmpckmmclpo']
[2023-02-05 21:29:09,613] {standard_task_runner.py:80} INFO - Job 231: Subtask task_2
[2023-02-05 21:29:09,695] {task_command.py:371} INFO - Running <TaskInstance: 06_monitoring.task_2 scheduled__2022-11-09T00:00:00+00:00 [running]> on host pc.
[2023-02-05 21:29:09,784] {taskinstance.py:1589} INFO - Exporting the following env vars:
AIRFLOW_CTX_DAG_OWNER=airflow
AIRFLOW_CTX_DAG_ID=06_monitoring
AIRFLOW_CTX_TASK_ID=task_2
AIRFLOW_CTX_EXECUTION_DATE=2022-11-09T00:00:00+00:00
AIRFLOW_CTX_TRY_NUMBER=2
AIRFLOW_CTX_DAG_RUN_ID=scheduled__2022-11-09T00:00:00+00:00
[2023-02-05 21:29:09,786] {subprocess.py:62} INFO - Tmp dir root location: 
 /tmp
[2023-02-05 21:29:09,786] {subprocess.py:74} INFO - Running command: ['bash', '-c', "sleep 2 && echo 'Second task!'"]
[2023-02-05 21:29:09,794] {subprocess.py:85} INFO - Output:
[2023-02-05 21:29:11,797] {subprocess.py:92} INFO - Second task!
[2023-02-05 21:29:11,797] {subprocess.py:96} INFO - Command exited with return code 0
[2023-02-05 21:29:11,825] {taskinstance.py:1415} INFO - Marking task as SUCCESS. dag_id=06_monitoring, task_id=task_2, execution_date=20221109T000000, start_date=20230206T022909, end_date=20230206T022911
[2023-02-05 21:29:11,872] {local_task_job.py:156} INFO - Task exited with return code 0
[2023-02-05 21:29:11,898] {local_task_job.py:273} INFO - 0 downstream tasks scheduled from follow-on schedule check
[2023-02-05 21:40:49,829] {taskinstance.py:1179} INFO - Dependencies all met for <TaskInstance: 06_monitoring.task_2 scheduled__2022-11-09T00:00:00+00:00 [queued]>
[2023-02-05 21:40:49,849] {taskinstance.py:1179} INFO - Dependencies all met for <TaskInstance: 06_monitoring.task_2 scheduled__2022-11-09T00:00:00+00:00 [queued]>
[2023-02-05 21:40:49,849] {taskinstance.py:1376} INFO - 
--------------------------------------------------------------------------------
[2023-02-05 21:40:49,849] {taskinstance.py:1377} INFO - Starting attempt 2 of 2
[2023-02-05 21:40:49,849] {taskinstance.py:1378} INFO - 
--------------------------------------------------------------------------------
[2023-02-05 21:40:49,898] {taskinstance.py:1397} INFO - Executing <Task(BashOperator): task_2> on 2022-11-09 00:00:00+00:00
[2023-02-05 21:40:49,902] {standard_task_runner.py:52} INFO - Started process 36428 to run task
[2023-02-05 21:40:49,912] {standard_task_runner.py:79} INFO - Running: ['airflow', 'tasks', 'run', '06_monitoring', 'task_2', 'scheduled__2022-11-09T00:00:00+00:00', '--job-id', '166', '--raw', '--subdir', 'DAGS_FOLDER/06_monitoring.py', '--cfg-path', '/tmp/tmph0m00xi7', '--error-file', '/tmp/tmpyfplubgo']
[2023-02-05 21:40:49,913] {standard_task_runner.py:80} INFO - Job 166: Subtask task_2
[2023-02-05 21:40:50,032] {task_command.py:371} INFO - Running <TaskInstance: 06_monitoring.task_2 scheduled__2022-11-09T00:00:00+00:00 [running]> on host pc.
[2023-02-05 21:40:50,162] {taskinstance.py:1589} INFO - Exporting the following env vars:
AIRFLOW_CTX_DAG_OWNER=airflow
AIRFLOW_CTX_DAG_ID=06_monitoring
AIRFLOW_CTX_TASK_ID=task_2
AIRFLOW_CTX_EXECUTION_DATE=2022-11-09T00:00:00+00:00
AIRFLOW_CTX_TRY_NUMBER=2
AIRFLOW_CTX_DAG_RUN_ID=scheduled__2022-11-09T00:00:00+00:00
[2023-02-05 21:40:50,164] {subprocess.py:62} INFO - Tmp dir root location: 
 /tmp
[2023-02-05 21:40:50,168] {subprocess.py:74} INFO - Running command: ['bash', '-c', "sleep 2 && echo 'Second task!'"]
[2023-02-05 21:40:50,180] {subprocess.py:85} INFO - Output:
[2023-02-05 21:40:52,183] {subprocess.py:92} INFO - Second task!
[2023-02-05 21:40:52,184] {subprocess.py:96} INFO - Command exited with return code 0
[2023-02-05 21:40:52,215] {taskinstance.py:1415} INFO - Marking task as SUCCESS. dag_id=06_monitoring, task_id=task_2, execution_date=20221109T000000, start_date=20230206T024049, end_date=20230206T024052
[2023-02-05 21:40:52,255] {local_task_job.py:156} INFO - Task exited with return code 0
[2023-02-05 21:40:52,304] {local_task_job.py:273} INFO - 1 downstream tasks scheduled from follow-on schedule check
