[2023-02-05 17:45:40,912] {taskinstance.py:1179} INFO - Dependencies all met for <TaskInstance: orchestration.task_3 scheduled__2023-01-05T00:00:00+00:00 [queued]>
[2023-02-05 17:45:40,922] {taskinstance.py:1179} INFO - Dependencies all met for <TaskInstance: orchestration.task_3 scheduled__2023-01-05T00:00:00+00:00 [queued]>
[2023-02-05 17:45:40,922] {taskinstance.py:1376} INFO - 
--------------------------------------------------------------------------------
[2023-02-05 17:45:40,923] {taskinstance.py:1377} INFO - Starting attempt 1 of 1
[2023-02-05 17:45:40,923] {taskinstance.py:1378} INFO - 
--------------------------------------------------------------------------------
[2023-02-05 17:45:40,986] {taskinstance.py:1397} INFO - Executing <Task(BashOperator): task_3> on 2023-01-05 00:00:00+00:00
[2023-02-05 17:45:40,990] {standard_task_runner.py:52} INFO - Started process 29937 to run task
[2023-02-05 17:45:40,996] {standard_task_runner.py:79} INFO - Running: ['airflow', 'tasks', 'run', 'orchestration', 'task_3', 'scheduled__2023-01-05T00:00:00+00:00', '--job-id', '68', '--raw', '--subdir', 'DAGS_FOLDER/5_orchestration_2.py', '--cfg-path', '/tmp/tmp8zfqf_vs', '--error-file', '/tmp/tmp8eekl85_']
[2023-02-05 17:45:40,997] {standard_task_runner.py:80} INFO - Job 68: Subtask task_3
[2023-02-05 17:45:41,084] {task_command.py:371} INFO - Running <TaskInstance: orchestration.task_3 scheduled__2023-01-05T00:00:00+00:00 [running]> on host pc.
[2023-02-05 17:45:41,179] {taskinstance.py:1589} INFO - Exporting the following env vars:
AIRFLOW_CTX_DAG_OWNER=airflow
AIRFLOW_CTX_DAG_ID=orchestration
AIRFLOW_CTX_TASK_ID=task_3
AIRFLOW_CTX_EXECUTION_DATE=2023-01-05T00:00:00+00:00
AIRFLOW_CTX_TRY_NUMBER=1
AIRFLOW_CTX_DAG_RUN_ID=scheduled__2023-01-05T00:00:00+00:00
[2023-02-05 17:45:41,180] {subprocess.py:62} INFO - Tmp dir root location: 
 /tmp
[2023-02-05 17:45:41,181] {subprocess.py:74} INFO - Running command: ['bash', '-c', "sleep 2 && echo 'Task_3'"]
[2023-02-05 17:45:41,188] {subprocess.py:85} INFO - Output:
[2023-02-05 17:45:43,191] {subprocess.py:92} INFO - Task_3
[2023-02-05 17:45:43,191] {subprocess.py:96} INFO - Command exited with return code 0
[2023-02-05 17:45:43,221] {taskinstance.py:1415} INFO - Marking task as SUCCESS. dag_id=orchestration, task_id=task_3, execution_date=20230105T000000, start_date=20230205T224540, end_date=20230205T224543
[2023-02-05 17:45:43,255] {local_task_job.py:156} INFO - Task exited with return code 0
[2023-02-05 17:45:43,293] {local_task_job.py:273} INFO - 0 downstream tasks scheduled from follow-on schedule check
[2023-02-05 17:56:32,786] {taskinstance.py:1179} INFO - Dependencies all met for <TaskInstance: orchestration.task_3 scheduled__2023-01-05T00:00:00+00:00 [queued]>
[2023-02-05 17:56:32,800] {taskinstance.py:1179} INFO - Dependencies all met for <TaskInstance: orchestration.task_3 scheduled__2023-01-05T00:00:00+00:00 [queued]>
[2023-02-05 17:56:32,801] {taskinstance.py:1376} INFO - 
--------------------------------------------------------------------------------
[2023-02-05 17:56:32,801] {taskinstance.py:1377} INFO - Starting attempt 1 of 1
[2023-02-05 17:56:32,801] {taskinstance.py:1378} INFO - 
--------------------------------------------------------------------------------
[2023-02-05 17:56:32,824] {taskinstance.py:1397} INFO - Executing <Task(BashOperator): task_3> on 2023-01-05 00:00:00+00:00
[2023-02-05 17:56:32,828] {standard_task_runner.py:52} INFO - Started process 30583 to run task
[2023-02-05 17:56:32,833] {standard_task_runner.py:79} INFO - Running: ['airflow', 'tasks', 'run', 'orchestration', 'task_3', 'scheduled__2023-01-05T00:00:00+00:00', '--job-id', '69', '--raw', '--subdir', 'DAGS_FOLDER/5_orchestration_2.py', '--cfg-path', '/tmp/tmprufkvfq1', '--error-file', '/tmp/tmp2rtwhoe0']
[2023-02-05 17:56:32,834] {standard_task_runner.py:80} INFO - Job 69: Subtask task_3
[2023-02-05 17:56:32,918] {task_command.py:371} INFO - Running <TaskInstance: orchestration.task_3 scheduled__2023-01-05T00:00:00+00:00 [running]> on host pc.
[2023-02-05 17:56:33,005] {taskinstance.py:1589} INFO - Exporting the following env vars:
AIRFLOW_CTX_DAG_OWNER=airflow
AIRFLOW_CTX_DAG_ID=orchestration
AIRFLOW_CTX_TASK_ID=task_3
AIRFLOW_CTX_EXECUTION_DATE=2023-01-05T00:00:00+00:00
AIRFLOW_CTX_TRY_NUMBER=1
AIRFLOW_CTX_DAG_RUN_ID=scheduled__2023-01-05T00:00:00+00:00
[2023-02-05 17:56:33,006] {subprocess.py:62} INFO - Tmp dir root location: 
 /tmp
[2023-02-05 17:56:33,007] {subprocess.py:74} INFO - Running command: ['bash', '-c', "sleep 1 && echo 'Task_3'"]
[2023-02-05 17:56:33,016] {subprocess.py:85} INFO - Output:
[2023-02-05 17:56:34,018] {subprocess.py:92} INFO - Task_3
[2023-02-05 17:56:34,019] {subprocess.py:96} INFO - Command exited with return code 0
[2023-02-05 17:56:34,051] {taskinstance.py:1415} INFO - Marking task as SUCCESS. dag_id=orchestration, task_id=task_3, execution_date=20230105T000000, start_date=20230205T225632, end_date=20230205T225634
[2023-02-05 17:56:34,089] {local_task_job.py:156} INFO - Task exited with return code 0
[2023-02-05 17:56:34,132] {local_task_job.py:273} INFO - 0 downstream tasks scheduled from follow-on schedule check
