[2023-02-07 19:48:02,949] {taskinstance.py:1179} INFO - Dependencies all met for <TaskInstance: 07.3_file_sensor.file_task scheduled__2022-11-19T00:00:00+00:00 [queued]>
[2023-02-07 19:48:02,962] {taskinstance.py:1179} INFO - Dependencies all met for <TaskInstance: 07.3_file_sensor.file_task scheduled__2022-11-19T00:00:00+00:00 [queued]>
[2023-02-07 19:48:02,962] {taskinstance.py:1376} INFO - 
--------------------------------------------------------------------------------
[2023-02-07 19:48:02,963] {taskinstance.py:1377} INFO - Starting attempt 1 of 1
[2023-02-07 19:48:02,963] {taskinstance.py:1378} INFO - 
--------------------------------------------------------------------------------
[2023-02-07 19:48:02,986] {taskinstance.py:1397} INFO - Executing <Task(BashOperator): file_task> on 2022-11-19 00:00:00+00:00
[2023-02-07 19:48:02,990] {standard_task_runner.py:52} INFO - Started process 42926 to run task
[2023-02-07 19:48:02,996] {standard_task_runner.py:79} INFO - Running: ['airflow', 'tasks', 'run', '07.3_file_sensor', 'file_task', 'scheduled__2022-11-19T00:00:00+00:00', '--job-id', '765', '--raw', '--subdir', 'DAGS_FOLDER/07.3_file_sensor.py', '--cfg-path', '/tmp/tmpovvkyy1t', '--error-file', '/tmp/tmpjlacs75b']
[2023-02-07 19:48:02,998] {standard_task_runner.py:80} INFO - Job 765: Subtask file_task
[2023-02-07 19:48:03,096] {task_command.py:371} INFO - Running <TaskInstance: 07.3_file_sensor.file_task scheduled__2022-11-19T00:00:00+00:00 [running]> on host pc.
[2023-02-07 19:48:03,202] {taskinstance.py:1589} INFO - Exporting the following env vars:
AIRFLOW_CTX_DAG_OWNER=airflow
AIRFLOW_CTX_DAG_ID=07.3_file_sensor
AIRFLOW_CTX_TASK_ID=file_task
AIRFLOW_CTX_EXECUTION_DATE=2022-11-19T00:00:00+00:00
AIRFLOW_CTX_TRY_NUMBER=1
AIRFLOW_CTX_DAG_RUN_ID=scheduled__2022-11-19T00:00:00+00:00
[2023-02-07 19:48:03,203] {subprocess.py:62} INFO - Tmp dir root location: 
 /tmp
[2023-02-07 19:48:03,204] {subprocess.py:74} INFO - Running command: ['bash', '-c', 'sleep 10 && touch /tmp/file.txt']
[2023-02-07 19:48:03,214] {subprocess.py:85} INFO - Output:
[2023-02-07 19:48:13,218] {subprocess.py:96} INFO - Command exited with return code 0
[2023-02-07 19:48:13,253] {taskinstance.py:1415} INFO - Marking task as SUCCESS. dag_id=07.3_file_sensor, task_id=file_task, execution_date=20221119T000000, start_date=20230208T004802, end_date=20230208T004813
[2023-02-07 19:48:13,283] {local_task_job.py:156} INFO - Task exited with return code 0
[2023-02-07 19:48:13,323] {local_task_job.py:273} INFO - 1 downstream tasks scheduled from follow-on schedule check
