[2023-02-05 21:13:07,054] {taskinstance.py:1179} INFO - Dependencies all met for <TaskInstance: 06_monitoring.task_2 scheduled__2022-11-18T00:00:00+00:00 [queued]>
[2023-02-05 21:13:07,077] {taskinstance.py:1179} INFO - Dependencies all met for <TaskInstance: 06_monitoring.task_2 scheduled__2022-11-18T00:00:00+00:00 [queued]>
[2023-02-05 21:13:07,078] {taskinstance.py:1376} INFO - 
--------------------------------------------------------------------------------
[2023-02-05 21:13:07,078] {taskinstance.py:1377} INFO - Starting attempt 1 of 1
[2023-02-05 21:13:07,078] {taskinstance.py:1378} INFO - 
--------------------------------------------------------------------------------
[2023-02-05 21:13:07,119] {taskinstance.py:1397} INFO - Executing <Task(BashOperator): task_2> on 2022-11-18 00:00:00+00:00
[2023-02-05 21:13:07,122] {standard_task_runner.py:52} INFO - Started process 35165 to run task
[2023-02-05 21:13:07,132] {standard_task_runner.py:79} INFO - Running: ['airflow', 'tasks', 'run', '06_monitoring', 'task_2', 'scheduled__2022-11-18T00:00:00+00:00', '--job-id', '167', '--raw', '--subdir', 'DAGS_FOLDER/06_monitoring.py', '--cfg-path', '/tmp/tmp9gynbfkh', '--error-file', '/tmp/tmpzw5j3c2g']
[2023-02-05 21:13:07,134] {standard_task_runner.py:80} INFO - Job 167: Subtask task_2
[2023-02-05 21:13:07,256] {task_command.py:371} INFO - Running <TaskInstance: 06_monitoring.task_2 scheduled__2022-11-18T00:00:00+00:00 [running]> on host pc.
[2023-02-05 21:13:07,357] {taskinstance.py:1589} INFO - Exporting the following env vars:
AIRFLOW_CTX_DAG_OWNER=airflow
AIRFLOW_CTX_DAG_ID=06_monitoring
AIRFLOW_CTX_TASK_ID=task_2
AIRFLOW_CTX_EXECUTION_DATE=2022-11-18T00:00:00+00:00
AIRFLOW_CTX_TRY_NUMBER=1
AIRFLOW_CTX_DAG_RUN_ID=scheduled__2022-11-18T00:00:00+00:00
[2023-02-05 21:13:07,359] {subprocess.py:62} INFO - Tmp dir root location: 
 /tmp
[2023-02-05 21:13:07,360] {subprocess.py:74} INFO - Running command: ['bash', '-c', "sleep 2 && echo 'Second task!"]
[2023-02-05 21:13:07,369] {subprocess.py:85} INFO - Output:
[2023-02-05 21:13:07,370] {subprocess.py:92} INFO - bash: -c: line 1: unexpected EOF while looking for matching `''
[2023-02-05 21:13:07,370] {subprocess.py:92} INFO - bash: -c: line 2: syntax error: unexpected end of file
[2023-02-05 21:13:07,370] {subprocess.py:96} INFO - Command exited with return code 2
[2023-02-05 21:13:07,462] {taskinstance.py:1909} ERROR - Task failed with exception
Traceback (most recent call last):
  File "/home/milo/13-airflow/airflowhome/airflowenv/lib/python3.9/site-packages/airflow/operators/bash.py", line 194, in execute
    raise AirflowException(
airflow.exceptions.AirflowException: Bash command failed. The command returned a non-zero exit code 2.
[2023-02-05 21:13:07,466] {taskinstance.py:1415} INFO - Marking task as FAILED. dag_id=06_monitoring, task_id=task_2, execution_date=20221118T000000, start_date=20230206T021307, end_date=20230206T021307
[2023-02-05 21:13:07,485] {standard_task_runner.py:92} ERROR - Failed to execute job 167 for task task_2 (Bash command failed. The command returned a non-zero exit code 2.; 35165)
[2023-02-05 21:13:07,506] {local_task_job.py:156} INFO - Task exited with return code 1
[2023-02-05 21:13:07,573] {local_task_job.py:273} INFO - 0 downstream tasks scheduled from follow-on schedule check
[2023-02-05 21:16:38,267] {taskinstance.py:1179} INFO - Dependencies all met for <TaskInstance: 06_monitoring.task_2 scheduled__2022-11-18T00:00:00+00:00 [queued]>
[2023-02-05 21:16:38,277] {taskinstance.py:1179} INFO - Dependencies all met for <TaskInstance: 06_monitoring.task_2 scheduled__2022-11-18T00:00:00+00:00 [queued]>
[2023-02-05 21:16:38,278] {taskinstance.py:1376} INFO - 
--------------------------------------------------------------------------------
[2023-02-05 21:16:38,278] {taskinstance.py:1377} INFO - Starting attempt 1 of 1
[2023-02-05 21:16:38,278] {taskinstance.py:1378} INFO - 
--------------------------------------------------------------------------------
[2023-02-05 21:16:38,300] {taskinstance.py:1397} INFO - Executing <Task(BashOperator): task_2> on 2022-11-18 00:00:00+00:00
[2023-02-05 21:16:38,304] {standard_task_runner.py:52} INFO - Started process 35378 to run task
[2023-02-05 21:16:38,309] {standard_task_runner.py:79} INFO - Running: ['airflow', 'tasks', 'run', '06_monitoring', 'task_2', 'scheduled__2022-11-18T00:00:00+00:00', '--job-id', '160', '--raw', '--subdir', 'DAGS_FOLDER/06_monitoring.py', '--cfg-path', '/tmp/tmp7a8s_ujr', '--error-file', '/tmp/tmpiy9_sagg']
[2023-02-05 21:16:38,310] {standard_task_runner.py:80} INFO - Job 160: Subtask task_2
[2023-02-05 21:16:38,386] {task_command.py:371} INFO - Running <TaskInstance: 06_monitoring.task_2 scheduled__2022-11-18T00:00:00+00:00 [running]> on host pc.
[2023-02-05 21:16:38,470] {taskinstance.py:1589} INFO - Exporting the following env vars:
AIRFLOW_CTX_DAG_OWNER=airflow
AIRFLOW_CTX_DAG_ID=06_monitoring
AIRFLOW_CTX_TASK_ID=task_2
AIRFLOW_CTX_EXECUTION_DATE=2022-11-18T00:00:00+00:00
AIRFLOW_CTX_TRY_NUMBER=1
AIRFLOW_CTX_DAG_RUN_ID=scheduled__2022-11-18T00:00:00+00:00
[2023-02-05 21:16:38,471] {subprocess.py:62} INFO - Tmp dir root location: 
 /tmp
[2023-02-05 21:16:38,472] {subprocess.py:74} INFO - Running command: ['bash', '-c', "sleep 2 && echo 'Second task!"]
[2023-02-05 21:16:38,480] {subprocess.py:85} INFO - Output:
[2023-02-05 21:16:38,481] {subprocess.py:92} INFO - bash: -c: line 1: unexpected EOF while looking for matching `''
[2023-02-05 21:16:38,481] {subprocess.py:92} INFO - bash: -c: line 2: syntax error: unexpected end of file
[2023-02-05 21:16:38,481] {subprocess.py:96} INFO - Command exited with return code 2
[2023-02-05 21:16:38,493] {taskinstance.py:1909} ERROR - Task failed with exception
Traceback (most recent call last):
  File "/home/milo/13-airflow/airflowhome/airflowenv/lib/python3.9/site-packages/airflow/operators/bash.py", line 194, in execute
    raise AirflowException(
airflow.exceptions.AirflowException: Bash command failed. The command returned a non-zero exit code 2.
[2023-02-05 21:16:38,496] {taskinstance.py:1415} INFO - Marking task as FAILED. dag_id=06_monitoring, task_id=task_2, execution_date=20221118T000000, start_date=20230206T021638, end_date=20230206T021638
[2023-02-05 21:16:38,515] {standard_task_runner.py:92} ERROR - Failed to execute job 160 for task task_2 (Bash command failed. The command returned a non-zero exit code 2.; 35378)
[2023-02-05 21:16:38,560] {local_task_job.py:156} INFO - Task exited with return code 1
[2023-02-05 21:16:38,613] {local_task_job.py:273} INFO - 0 downstream tasks scheduled from follow-on schedule check
