[2023-02-05 21:11:00,470] {taskinstance.py:1169} INFO - Dependencies not met for <TaskInstance: 06_monitoring.task_5 scheduled__2022-11-03T00:00:00+00:00 [queued]>, dependency 'Trigger Rule' FAILED: Task's trigger rule 'all_success' requires all upstream tasks to have succeeded, but found 1 non-success(es). upstream_tasks_state={'total': 1, 'successes': 0, 'skipped': 0, 'failed': 0, 'upstream_failed': 0, 'done': 0}, upstream_task_ids={'task_4'}
[2023-02-05 21:11:00,471] {local_task_job.py:101} INFO - Task is not able to be run
[2023-02-05 21:42:53,392] {taskinstance.py:1179} INFO - Dependencies all met for <TaskInstance: 06_monitoring.task_5 scheduled__2022-11-03T00:00:00+00:00 [queued]>
[2023-02-05 21:42:53,403] {taskinstance.py:1179} INFO - Dependencies all met for <TaskInstance: 06_monitoring.task_5 scheduled__2022-11-03T00:00:00+00:00 [queued]>
[2023-02-05 21:42:53,403] {taskinstance.py:1376} INFO - 
--------------------------------------------------------------------------------
[2023-02-05 21:42:53,403] {taskinstance.py:1377} INFO - Starting attempt 1 of 1
[2023-02-05 21:42:53,403] {taskinstance.py:1378} INFO - 
--------------------------------------------------------------------------------
[2023-02-05 21:42:53,425] {taskinstance.py:1397} INFO - Executing <Task(BashOperator): task_5> on 2022-11-03 00:00:00+00:00
[2023-02-05 21:42:53,428] {standard_task_runner.py:52} INFO - Started process 36554 to run task
[2023-02-05 21:42:53,433] {standard_task_runner.py:79} INFO - Running: ['airflow', 'tasks', 'run', '06_monitoring', 'task_5', 'scheduled__2022-11-03T00:00:00+00:00', '--job-id', '202', '--raw', '--subdir', 'DAGS_FOLDER/06_monitoring.py', '--cfg-path', '/tmp/tmpjo1taj26', '--error-file', '/tmp/tmp5stq92x3']
[2023-02-05 21:42:53,434] {standard_task_runner.py:80} INFO - Job 202: Subtask task_5
[2023-02-05 21:42:53,513] {task_command.py:371} INFO - Running <TaskInstance: 06_monitoring.task_5 scheduled__2022-11-03T00:00:00+00:00 [running]> on host pc.
[2023-02-05 21:42:53,596] {taskinstance.py:1589} INFO - Exporting the following env vars:
AIRFLOW_CTX_DAG_OWNER=airflow
AIRFLOW_CTX_DAG_ID=06_monitoring
AIRFLOW_CTX_TASK_ID=task_5
AIRFLOW_CTX_EXECUTION_DATE=2022-11-03T00:00:00+00:00
AIRFLOW_CTX_TRY_NUMBER=1
AIRFLOW_CTX_DAG_RUN_ID=scheduled__2022-11-03T00:00:00+00:00
[2023-02-05 21:42:53,597] {subprocess.py:62} INFO - Tmp dir root location: 
 /tmp
[2023-02-05 21:42:53,598] {subprocess.py:74} INFO - Running command: ['bash', '-c', "sleep 2 && echo 'Fifth task!'"]
[2023-02-05 21:42:53,606] {subprocess.py:85} INFO - Output:
[2023-02-05 21:42:55,608] {subprocess.py:92} INFO - Fifth task!
[2023-02-05 21:42:55,609] {subprocess.py:96} INFO - Command exited with return code 0
[2023-02-05 21:42:55,638] {taskinstance.py:1415} INFO - Marking task as SUCCESS. dag_id=06_monitoring, task_id=task_5, execution_date=20221103T000000, start_date=20230206T024253, end_date=20230206T024255
[2023-02-05 21:42:55,693] {local_task_job.py:156} INFO - Task exited with return code 0
[2023-02-05 21:42:55,718] {local_task_job.py:273} INFO - 0 downstream tasks scheduled from follow-on schedule check
