[2023-02-07 21:18:15,129] {taskinstance.py:1179} INFO - Dependencies all met for <TaskInstance: 8_templating.task_1 scheduled__2022-12-23T00:00:00+00:00 [queued]>
[2023-02-07 21:18:15,142] {taskinstance.py:1179} INFO - Dependencies all met for <TaskInstance: 8_templating.task_1 scheduled__2022-12-23T00:00:00+00:00 [queued]>
[2023-02-07 21:18:15,142] {taskinstance.py:1376} INFO - 
--------------------------------------------------------------------------------
[2023-02-07 21:18:15,142] {taskinstance.py:1377} INFO - Starting attempt 1 of 1
[2023-02-07 21:18:15,142] {taskinstance.py:1378} INFO - 
--------------------------------------------------------------------------------
[2023-02-07 21:18:15,163] {taskinstance.py:1397} INFO - Executing <Task(BashOperator): task_1> on 2022-12-23 00:00:00+00:00
[2023-02-07 21:18:15,167] {standard_task_runner.py:52} INFO - Started process 45814 to run task
[2023-02-07 21:18:15,173] {standard_task_runner.py:79} INFO - Running: ['airflow', 'tasks', 'run', '8_templating', 'task_1', 'scheduled__2022-12-23T00:00:00+00:00', '--job-id', '1020', '--raw', '--subdir', 'DAGS_FOLDER/08_templating_jinja.py', '--cfg-path', '/tmp/tmpy5lx9bcn', '--error-file', '/tmp/tmp0qdv0o4w']
[2023-02-07 21:18:15,175] {standard_task_runner.py:80} INFO - Job 1020: Subtask task_1
[2023-02-07 21:18:15,315] {task_command.py:371} INFO - Running <TaskInstance: 8_templating.task_1 scheduled__2022-12-23T00:00:00+00:00 [running]> on host pc.
[2023-02-07 21:18:15,408] {taskinstance.py:1589} INFO - Exporting the following env vars:
AIRFLOW_CTX_DAG_OWNER=airflow
AIRFLOW_CTX_DAG_ID=8_templating
AIRFLOW_CTX_TASK_ID=task_1
AIRFLOW_CTX_EXECUTION_DATE=2022-12-23T00:00:00+00:00
AIRFLOW_CTX_TRY_NUMBER=1
AIRFLOW_CTX_DAG_RUN_ID=scheduled__2022-12-23T00:00:00+00:00
[2023-02-07 21:18:15,409] {subprocess.py:62} INFO - Tmp dir root location: 
 /tmp
[2023-02-07 21:18:15,410] {subprocess.py:74} INFO - Running command: ['bash', '-c', ' \n\n    echo "2022-12-23"\n    echo "file1.txt"\n\n    echo "2022-12-23"\n    echo "file2.txt"\n']
[2023-02-07 21:18:15,419] {subprocess.py:85} INFO - Output:
[2023-02-07 21:18:15,420] {subprocess.py:92} INFO - 2022-12-23
[2023-02-07 21:18:15,420] {subprocess.py:92} INFO - file1.txt
[2023-02-07 21:18:15,420] {subprocess.py:92} INFO - 2022-12-23
[2023-02-07 21:18:15,420] {subprocess.py:92} INFO - file2.txt
[2023-02-07 21:18:15,420] {subprocess.py:96} INFO - Command exited with return code 0
[2023-02-07 21:18:15,449] {taskinstance.py:1415} INFO - Marking task as SUCCESS. dag_id=8_templating, task_id=task_1, execution_date=20221223T000000, start_date=20230208T021815, end_date=20230208T021815
[2023-02-07 21:18:15,505] {local_task_job.py:156} INFO - Task exited with return code 0
[2023-02-07 21:18:15,529] {local_task_job.py:273} INFO - 0 downstream tasks scheduled from follow-on schedule check
