[2023-02-05 21:38:41,769] {taskinstance.py:1179} INFO - Dependencies all met for <TaskInstance: 06_monitoring.task_4 scheduled__2022-11-01T00:00:00+00:00 [queued]>
[2023-02-05 21:38:41,781] {taskinstance.py:1179} INFO - Dependencies all met for <TaskInstance: 06_monitoring.task_4 scheduled__2022-11-01T00:00:00+00:00 [queued]>
[2023-02-05 21:38:41,781] {taskinstance.py:1376} INFO - 
--------------------------------------------------------------------------------
[2023-02-05 21:38:41,781] {taskinstance.py:1377} INFO - Starting attempt 2 of 2
[2023-02-05 21:38:41,781] {taskinstance.py:1378} INFO - 
--------------------------------------------------------------------------------
[2023-02-05 21:38:41,803] {taskinstance.py:1397} INFO - Executing <Task(PythonOperator): task_4> on 2022-11-01 00:00:00+00:00
[2023-02-05 21:38:41,806] {standard_task_runner.py:52} INFO - Started process 36317 to run task
[2023-02-05 21:38:41,811] {standard_task_runner.py:79} INFO - Running: ['airflow', 'tasks', 'run', '06_monitoring', 'task_4', 'scheduled__2022-11-01T00:00:00+00:00', '--job-id', '157', '--raw', '--subdir', 'DAGS_FOLDER/06_monitoring.py', '--cfg-path', '/tmp/tmp5o6w7jwr', '--error-file', '/tmp/tmpfiia0787']
[2023-02-05 21:38:41,812] {standard_task_runner.py:80} INFO - Job 157: Subtask task_4
[2023-02-05 21:38:41,891] {task_command.py:371} INFO - Running <TaskInstance: 06_monitoring.task_4 scheduled__2022-11-01T00:00:00+00:00 [running]> on host pc.
[2023-02-05 21:38:41,970] {taskinstance.py:1589} INFO - Exporting the following env vars:
AIRFLOW_CTX_DAG_OWNER=airflow
AIRFLOW_CTX_DAG_ID=06_monitoring
AIRFLOW_CTX_TASK_ID=task_4
AIRFLOW_CTX_EXECUTION_DATE=2022-11-01T00:00:00+00:00
AIRFLOW_CTX_TRY_NUMBER=2
AIRFLOW_CTX_DAG_RUN_ID=scheduled__2022-11-01T00:00:00+00:00
[2023-02-05 21:38:41,971] {python.py:173} INFO - Done. Returned value was: None
[2023-02-05 21:38:41,981] {taskinstance.py:1415} INFO - Marking task as SUCCESS. dag_id=06_monitoring, task_id=task_4, execution_date=20221101T000000, start_date=20230206T023841, end_date=20230206T023841
[2023-02-05 21:38:42,027] {local_task_job.py:156} INFO - Task exited with return code 0
[2023-02-05 21:38:42,068] {local_task_job.py:273} INFO - 1 downstream tasks scheduled from follow-on schedule check
