[2023-02-05 21:20:47,132] {taskinstance.py:1179} INFO - Dependencies all met for <TaskInstance: 06_monitoring.task_4 scheduled__2022-11-07T00:00:00+00:00 [queued]>
[2023-02-05 21:20:47,143] {taskinstance.py:1179} INFO - Dependencies all met for <TaskInstance: 06_monitoring.task_4 scheduled__2022-11-07T00:00:00+00:00 [queued]>
[2023-02-05 21:20:47,144] {taskinstance.py:1376} INFO - 
--------------------------------------------------------------------------------
[2023-02-05 21:20:47,144] {taskinstance.py:1377} INFO - Starting attempt 1 of 1
[2023-02-05 21:20:47,144] {taskinstance.py:1378} INFO - 
--------------------------------------------------------------------------------
[2023-02-05 21:20:47,173] {taskinstance.py:1397} INFO - Executing <Task(PythonOperator): task_4> on 2022-11-07 00:00:00+00:00
[2023-02-05 21:20:47,176] {standard_task_runner.py:52} INFO - Started process 35567 to run task
[2023-02-05 21:20:47,194] {standard_task_runner.py:79} INFO - Running: ['airflow', 'tasks', 'run', '06_monitoring', 'task_4', 'scheduled__2022-11-07T00:00:00+00:00', '--job-id', '188', '--raw', '--subdir', 'DAGS_FOLDER/06_monitoring.py', '--cfg-path', '/tmp/tmp38h4nxot', '--error-file', '/tmp/tmp6cy7lngw']
[2023-02-05 21:20:47,195] {standard_task_runner.py:80} INFO - Job 188: Subtask task_4
[2023-02-05 21:20:47,320] {task_command.py:371} INFO - Running <TaskInstance: 06_monitoring.task_4 scheduled__2022-11-07T00:00:00+00:00 [running]> on host pc.
[2023-02-05 21:20:47,517] {taskinstance.py:1589} INFO - Exporting the following env vars:
AIRFLOW_CTX_DAG_OWNER=airflow
AIRFLOW_CTX_DAG_ID=06_monitoring
AIRFLOW_CTX_TASK_ID=task_4
AIRFLOW_CTX_EXECUTION_DATE=2022-11-07T00:00:00+00:00
AIRFLOW_CTX_TRY_NUMBER=1
AIRFLOW_CTX_DAG_RUN_ID=scheduled__2022-11-07T00:00:00+00:00
[2023-02-05 21:20:47,519] {taskinstance.py:1909} ERROR - Task failed with exception
Traceback (most recent call last):
  File "/home/milo/13-airflow/airflowhome/airflowenv/lib/python3.9/site-packages/airflow/operators/python.py", line 171, in execute
    return_value = self.execute_callable()
  File "/home/milo/13-airflow/airflowhome/airflowenv/lib/python3.9/site-packages/airflow/operators/python.py", line 189, in execute_callable
    return self.python_callable(*self.op_args, **self.op_kwargs)
  File "/home/milo/13-airflow/airflowhome/dags/06_monitoring.py", line 8, in my_function
    raise Exception
Exception
[2023-02-05 21:20:47,528] {taskinstance.py:1415} INFO - Marking task as FAILED. dag_id=06_monitoring, task_id=task_4, execution_date=20221107T000000, start_date=20230206T022047, end_date=20230206T022047
[2023-02-05 21:20:47,563] {standard_task_runner.py:92} ERROR - Failed to execute job 188 for task task_4 (; 35567)
[2023-02-05 21:20:47,586] {local_task_job.py:156} INFO - Task exited with return code 1
[2023-02-05 21:20:47,636] {local_task_job.py:273} INFO - 0 downstream tasks scheduled from follow-on schedule check
[2023-02-05 21:42:29,907] {taskinstance.py:1179} INFO - Dependencies all met for <TaskInstance: 06_monitoring.task_4 scheduled__2022-11-07T00:00:00+00:00 [queued]>
[2023-02-05 21:42:29,919] {taskinstance.py:1179} INFO - Dependencies all met for <TaskInstance: 06_monitoring.task_4 scheduled__2022-11-07T00:00:00+00:00 [queued]>
[2023-02-05 21:42:29,919] {taskinstance.py:1376} INFO - 
--------------------------------------------------------------------------------
[2023-02-05 21:42:29,919] {taskinstance.py:1377} INFO - Starting attempt 1 of 1
[2023-02-05 21:42:29,920] {taskinstance.py:1378} INFO - 
--------------------------------------------------------------------------------
[2023-02-05 21:42:29,941] {taskinstance.py:1397} INFO - Executing <Task(PythonOperator): task_4> on 2022-11-07 00:00:00+00:00
[2023-02-05 21:42:29,944] {standard_task_runner.py:52} INFO - Started process 36531 to run task
[2023-02-05 21:42:29,949] {standard_task_runner.py:79} INFO - Running: ['airflow', 'tasks', 'run', '06_monitoring', 'task_4', 'scheduled__2022-11-07T00:00:00+00:00', '--job-id', '192', '--raw', '--subdir', 'DAGS_FOLDER/06_monitoring.py', '--cfg-path', '/tmp/tmpr0zuyk5a', '--error-file', '/tmp/tmpimm_zo11']
[2023-02-05 21:42:29,951] {standard_task_runner.py:80} INFO - Job 192: Subtask task_4
[2023-02-05 21:42:30,031] {task_command.py:371} INFO - Running <TaskInstance: 06_monitoring.task_4 scheduled__2022-11-07T00:00:00+00:00 [running]> on host pc.
[2023-02-05 21:42:30,116] {taskinstance.py:1589} INFO - Exporting the following env vars:
AIRFLOW_CTX_DAG_OWNER=airflow
AIRFLOW_CTX_DAG_ID=06_monitoring
AIRFLOW_CTX_TASK_ID=task_4
AIRFLOW_CTX_EXECUTION_DATE=2022-11-07T00:00:00+00:00
AIRFLOW_CTX_TRY_NUMBER=1
AIRFLOW_CTX_DAG_RUN_ID=scheduled__2022-11-07T00:00:00+00:00
[2023-02-05 21:42:30,118] {python.py:173} INFO - Done. Returned value was: None
[2023-02-05 21:42:30,127] {taskinstance.py:1415} INFO - Marking task as SUCCESS. dag_id=06_monitoring, task_id=task_4, execution_date=20221107T000000, start_date=20230206T024229, end_date=20230206T024230
[2023-02-05 21:42:30,160] {local_task_job.py:156} INFO - Task exited with return code 0
[2023-02-05 21:42:30,200] {local_task_job.py:273} INFO - 1 downstream tasks scheduled from follow-on schedule check
