[2023-02-05 17:53:22,651] {taskinstance.py:1179} INFO - Dependencies all met for <TaskInstance: orchestration.task_2 scheduled__2023-01-30T00:00:00+00:00 [queued]>
[2023-02-05 17:53:22,663] {taskinstance.py:1179} INFO - Dependencies all met for <TaskInstance: orchestration.task_2 scheduled__2023-01-30T00:00:00+00:00 [queued]>
[2023-02-05 17:53:22,663] {taskinstance.py:1376} INFO - 
--------------------------------------------------------------------------------
[2023-02-05 17:53:22,663] {taskinstance.py:1377} INFO - Starting attempt 1 of 1
[2023-02-05 17:53:22,663] {taskinstance.py:1378} INFO - 
--------------------------------------------------------------------------------
[2023-02-05 17:53:22,684] {taskinstance.py:1397} INFO - Executing <Task(BashOperator): task_2> on 2023-01-30 00:00:00+00:00
[2023-02-05 17:53:22,687] {standard_task_runner.py:52} INFO - Started process 30402 to run task
[2023-02-05 17:53:22,692] {standard_task_runner.py:79} INFO - Running: ['airflow', 'tasks', 'run', 'orchestration', 'task_2', 'scheduled__2023-01-30T00:00:00+00:00', '--job-id', '164', '--raw', '--subdir', 'DAGS_FOLDER/5_orchestration_2.py', '--cfg-path', '/tmp/tmp4l0s0jvk', '--error-file', '/tmp/tmpy4g87mc1']
[2023-02-05 17:53:22,693] {standard_task_runner.py:80} INFO - Job 164: Subtask task_2
[2023-02-05 17:53:22,772] {task_command.py:371} INFO - Running <TaskInstance: orchestration.task_2 scheduled__2023-01-30T00:00:00+00:00 [running]> on host pc.
[2023-02-05 17:53:22,852] {taskinstance.py:1589} INFO - Exporting the following env vars:
AIRFLOW_CTX_DAG_OWNER=airflow
AIRFLOW_CTX_DAG_ID=orchestration
AIRFLOW_CTX_TASK_ID=task_2
AIRFLOW_CTX_EXECUTION_DATE=2023-01-30T00:00:00+00:00
AIRFLOW_CTX_TRY_NUMBER=1
AIRFLOW_CTX_DAG_RUN_ID=scheduled__2023-01-30T00:00:00+00:00
[2023-02-05 17:53:22,853] {subprocess.py:62} INFO - Tmp dir root location: 
 /tmp
[2023-02-05 17:53:22,854] {subprocess.py:74} INFO - Running command: ['bash', '-c', "sleep 2 && echo 'Task_2'"]
[2023-02-05 17:53:22,862] {subprocess.py:85} INFO - Output:
[2023-02-05 17:53:24,864] {subprocess.py:92} INFO - Task_2
[2023-02-05 17:53:24,864] {subprocess.py:96} INFO - Command exited with return code 0
[2023-02-05 17:53:24,892] {taskinstance.py:1415} INFO - Marking task as SUCCESS. dag_id=orchestration, task_id=task_2, execution_date=20230130T000000, start_date=20230205T225322, end_date=20230205T225324
[2023-02-05 17:53:24,911] {local_task_job.py:156} INFO - Task exited with return code 0
[2023-02-05 17:53:24,955] {local_task_job.py:273} INFO - 0 downstream tasks scheduled from follow-on schedule check
