[2023-02-05 17:53:16,065] {taskinstance.py:1179} INFO - Dependencies all met for <TaskInstance: orchestration.task_5 scheduled__2023-01-27T00:00:00+00:00 [queued]>
[2023-02-05 17:53:16,077] {taskinstance.py:1179} INFO - Dependencies all met for <TaskInstance: orchestration.task_5 scheduled__2023-01-27T00:00:00+00:00 [queued]>
[2023-02-05 17:53:16,078] {taskinstance.py:1376} INFO - 
--------------------------------------------------------------------------------
[2023-02-05 17:53:16,078] {taskinstance.py:1377} INFO - Starting attempt 1 of 1
[2023-02-05 17:53:16,078] {taskinstance.py:1378} INFO - 
--------------------------------------------------------------------------------
[2023-02-05 17:53:16,098] {taskinstance.py:1397} INFO - Executing <Task(BashOperator): task_5> on 2023-01-27 00:00:00+00:00
[2023-02-05 17:53:16,101] {standard_task_runner.py:52} INFO - Started process 30396 to run task
[2023-02-05 17:53:16,107] {standard_task_runner.py:79} INFO - Running: ['airflow', 'tasks', 'run', 'orchestration', 'task_5', 'scheduled__2023-01-27T00:00:00+00:00', '--job-id', '163', '--raw', '--subdir', 'DAGS_FOLDER/5_orchestration_2.py', '--cfg-path', '/tmp/tmp5n4yrh_e', '--error-file', '/tmp/tmpaxz3d8iz']
[2023-02-05 17:53:16,108] {standard_task_runner.py:80} INFO - Job 163: Subtask task_5
[2023-02-05 17:53:16,235] {task_command.py:371} INFO - Running <TaskInstance: orchestration.task_5 scheduled__2023-01-27T00:00:00+00:00 [running]> on host pc.
[2023-02-05 17:53:16,320] {taskinstance.py:1589} INFO - Exporting the following env vars:
AIRFLOW_CTX_DAG_OWNER=airflow
AIRFLOW_CTX_DAG_ID=orchestration
AIRFLOW_CTX_TASK_ID=task_5
AIRFLOW_CTX_EXECUTION_DATE=2023-01-27T00:00:00+00:00
AIRFLOW_CTX_TRY_NUMBER=1
AIRFLOW_CTX_DAG_RUN_ID=scheduled__2023-01-27T00:00:00+00:00
[2023-02-05 17:53:16,321] {subprocess.py:62} INFO - Tmp dir root location: 
 /tmp
[2023-02-05 17:53:16,322] {subprocess.py:74} INFO - Running command: ['bash', '-c', "sleep 2 && echo 'Task_5'"]
[2023-02-05 17:53:16,329] {subprocess.py:85} INFO - Output:
[2023-02-05 17:53:18,332] {subprocess.py:92} INFO - Task_5
[2023-02-05 17:53:18,332] {subprocess.py:96} INFO - Command exited with return code 0
[2023-02-05 17:53:18,971] {taskinstance.py:1415} INFO - Marking task as SUCCESS. dag_id=orchestration, task_id=task_5, execution_date=20230127T000000, start_date=20230205T225316, end_date=20230205T225318
[2023-02-05 17:53:20,174] {local_task_job.py:156} INFO - Task exited with return code 0
[2023-02-05 17:53:20,200] {local_task_job.py:273} INFO - 0 downstream tasks scheduled from follow-on schedule check
