[2023-02-05 21:12:02,885] {taskinstance.py:1179} INFO - Dependencies all met for <TaskInstance: 06_monitoring.task_1 scheduled__2022-11-11T00:00:00+00:00 [queued]>
[2023-02-05 21:12:02,895] {taskinstance.py:1179} INFO - Dependencies all met for <TaskInstance: 06_monitoring.task_1 scheduled__2022-11-11T00:00:00+00:00 [queued]>
[2023-02-05 21:12:02,895] {taskinstance.py:1376} INFO - 
--------------------------------------------------------------------------------
[2023-02-05 21:12:02,895] {taskinstance.py:1377} INFO - Starting attempt 1 of 1
[2023-02-05 21:12:02,895] {taskinstance.py:1378} INFO - 
--------------------------------------------------------------------------------
[2023-02-05 21:12:02,916] {taskinstance.py:1397} INFO - Executing <Task(BashOperator): task_1> on 2022-11-11 00:00:00+00:00
[2023-02-05 21:12:02,919] {standard_task_runner.py:52} INFO - Started process 35081 to run task
[2023-02-05 21:12:02,924] {standard_task_runner.py:79} INFO - Running: ['airflow', 'tasks', 'run', '06_monitoring', 'task_1', 'scheduled__2022-11-11T00:00:00+00:00', '--job-id', '150', '--raw', '--subdir', 'DAGS_FOLDER/06_monitoring.py', '--cfg-path', '/tmp/tmp8h32_7u3', '--error-file', '/tmp/tmpu0v5kjp5']
[2023-02-05 21:12:02,925] {standard_task_runner.py:80} INFO - Job 150: Subtask task_1
[2023-02-05 21:12:03,004] {task_command.py:371} INFO - Running <TaskInstance: 06_monitoring.task_1 scheduled__2022-11-11T00:00:00+00:00 [running]> on host pc.
[2023-02-05 21:12:03,085] {taskinstance.py:1589} INFO - Exporting the following env vars:
AIRFLOW_CTX_DAG_OWNER=airflow
AIRFLOW_CTX_DAG_ID=06_monitoring
AIRFLOW_CTX_TASK_ID=task_1
AIRFLOW_CTX_EXECUTION_DATE=2022-11-11T00:00:00+00:00
AIRFLOW_CTX_TRY_NUMBER=1
AIRFLOW_CTX_DAG_RUN_ID=scheduled__2022-11-11T00:00:00+00:00
[2023-02-05 21:12:03,090] {subprocess.py:62} INFO - Tmp dir root location: 
 /tmp
[2023-02-05 21:12:03,091] {subprocess.py:74} INFO - Running command: ['bash', '-c', "sleep 2 && echo 'First task!'"]
[2023-02-05 21:12:03,101] {subprocess.py:85} INFO - Output:
[2023-02-05 21:12:05,104] {subprocess.py:92} INFO - First task!
[2023-02-05 21:12:05,105] {subprocess.py:96} INFO - Command exited with return code 0
[2023-02-05 21:12:05,135] {taskinstance.py:1415} INFO - Marking task as SUCCESS. dag_id=06_monitoring, task_id=task_1, execution_date=20221111T000000, start_date=20230206T021202, end_date=20230206T021205
[2023-02-05 21:12:05,184] {local_task_job.py:156} INFO - Task exited with return code 0
[2023-02-05 21:12:05,278] {local_task_job.py:273} INFO - 1 downstream tasks scheduled from follow-on schedule check
[2023-02-05 21:15:13,650] {taskinstance.py:1179} INFO - Dependencies all met for <TaskInstance: 06_monitoring.task_1 scheduled__2022-11-11T00:00:00+00:00 [queued]>
[2023-02-05 21:15:13,664] {taskinstance.py:1179} INFO - Dependencies all met for <TaskInstance: 06_monitoring.task_1 scheduled__2022-11-11T00:00:00+00:00 [queued]>
[2023-02-05 21:15:13,664] {taskinstance.py:1376} INFO - 
--------------------------------------------------------------------------------
[2023-02-05 21:15:13,664] {taskinstance.py:1377} INFO - Starting attempt 1 of 1
[2023-02-05 21:15:13,664] {taskinstance.py:1378} INFO - 
--------------------------------------------------------------------------------
[2023-02-05 21:15:13,687] {taskinstance.py:1397} INFO - Executing <Task(BashOperator): task_1> on 2022-11-11 00:00:00+00:00
[2023-02-05 21:15:13,690] {standard_task_runner.py:52} INFO - Started process 35298 to run task
[2023-02-05 21:15:13,695] {standard_task_runner.py:79} INFO - Running: ['airflow', 'tasks', 'run', '06_monitoring', 'task_1', 'scheduled__2022-11-11T00:00:00+00:00', '--job-id', '144', '--raw', '--subdir', 'DAGS_FOLDER/06_monitoring.py', '--cfg-path', '/tmp/tmp_1lgt_q6', '--error-file', '/tmp/tmpftm728fq']
[2023-02-05 21:15:13,696] {standard_task_runner.py:80} INFO - Job 144: Subtask task_1
[2023-02-05 21:15:13,775] {task_command.py:371} INFO - Running <TaskInstance: 06_monitoring.task_1 scheduled__2022-11-11T00:00:00+00:00 [running]> on host pc.
[2023-02-05 21:15:13,859] {taskinstance.py:1589} INFO - Exporting the following env vars:
AIRFLOW_CTX_DAG_OWNER=airflow
AIRFLOW_CTX_DAG_ID=06_monitoring
AIRFLOW_CTX_TASK_ID=task_1
AIRFLOW_CTX_EXECUTION_DATE=2022-11-11T00:00:00+00:00
AIRFLOW_CTX_TRY_NUMBER=1
AIRFLOW_CTX_DAG_RUN_ID=scheduled__2022-11-11T00:00:00+00:00
[2023-02-05 21:15:13,861] {subprocess.py:62} INFO - Tmp dir root location: 
 /tmp
[2023-02-05 21:15:13,861] {subprocess.py:74} INFO - Running command: ['bash', '-c', "sleep 2 && echo 'First task!'"]
[2023-02-05 21:15:13,869] {subprocess.py:85} INFO - Output:
[2023-02-05 21:15:15,871] {subprocess.py:92} INFO - First task!
[2023-02-05 21:15:15,872] {subprocess.py:96} INFO - Command exited with return code 0
[2023-02-05 21:15:17,598] {taskinstance.py:1415} INFO - Marking task as SUCCESS. dag_id=06_monitoring, task_id=task_1, execution_date=20221111T000000, start_date=20230206T021513, end_date=20230206T021517
[2023-02-05 21:15:17,806] {local_task_job.py:156} INFO - Task exited with return code 0
[2023-02-05 21:15:17,867] {local_task_job.py:273} INFO - 1 downstream tasks scheduled from follow-on schedule check
[2023-02-05 21:34:19,673] {taskinstance.py:1179} INFO - Dependencies all met for <TaskInstance: 06_monitoring.task_1 scheduled__2022-11-11T00:00:00+00:00 [queued]>
[2023-02-05 21:34:19,685] {taskinstance.py:1179} INFO - Dependencies all met for <TaskInstance: 06_monitoring.task_1 scheduled__2022-11-11T00:00:00+00:00 [queued]>
[2023-02-05 21:34:19,685] {taskinstance.py:1376} INFO - 
--------------------------------------------------------------------------------
[2023-02-05 21:34:19,685] {taskinstance.py:1377} INFO - Starting attempt 1 of 1
[2023-02-05 21:34:19,685] {taskinstance.py:1378} INFO - 
--------------------------------------------------------------------------------
[2023-02-05 21:34:19,719] {taskinstance.py:1397} INFO - Executing <Task(BashOperator): task_1> on 2022-11-11 00:00:00+00:00
[2023-02-05 21:34:19,722] {standard_task_runner.py:52} INFO - Started process 36161 to run task
[2023-02-05 21:34:19,727] {standard_task_runner.py:79} INFO - Running: ['airflow', 'tasks', 'run', '06_monitoring', 'task_1', 'scheduled__2022-11-11T00:00:00+00:00', '--job-id', '144', '--raw', '--subdir', 'DAGS_FOLDER/06_monitoring.py', '--cfg-path', '/tmp/tmpwgmv2k_i', '--error-file', '/tmp/tmp3cnwcf9h']
[2023-02-05 21:34:19,728] {standard_task_runner.py:80} INFO - Job 144: Subtask task_1
[2023-02-05 21:34:19,806] {task_command.py:371} INFO - Running <TaskInstance: 06_monitoring.task_1 scheduled__2022-11-11T00:00:00+00:00 [running]> on host pc.
[2023-02-05 21:34:19,893] {taskinstance.py:1589} INFO - Exporting the following env vars:
AIRFLOW_CTX_DAG_OWNER=airflow
AIRFLOW_CTX_DAG_ID=06_monitoring
AIRFLOW_CTX_TASK_ID=task_1
AIRFLOW_CTX_EXECUTION_DATE=2022-11-11T00:00:00+00:00
AIRFLOW_CTX_TRY_NUMBER=1
AIRFLOW_CTX_DAG_RUN_ID=scheduled__2022-11-11T00:00:00+00:00
[2023-02-05 21:34:19,894] {subprocess.py:62} INFO - Tmp dir root location: 
 /tmp
[2023-02-05 21:34:19,895] {subprocess.py:74} INFO - Running command: ['bash', '-c', "sleep 2 && echo 'First task!'"]
[2023-02-05 21:34:19,902] {subprocess.py:85} INFO - Output:
[2023-02-05 21:34:21,905] {subprocess.py:92} INFO - First task!
[2023-02-05 21:34:21,905] {subprocess.py:96} INFO - Command exited with return code 0
[2023-02-05 21:34:21,940] {taskinstance.py:1415} INFO - Marking task as SUCCESS. dag_id=06_monitoring, task_id=task_1, execution_date=20221111T000000, start_date=20230206T023419, end_date=20230206T023421
[2023-02-05 21:34:21,987] {local_task_job.py:156} INFO - Task exited with return code 0
[2023-02-05 21:34:22,035] {local_task_job.py:273} INFO - 1 downstream tasks scheduled from follow-on schedule check
