[2023-02-05 14:41:31,379] {taskinstance.py:1179} INFO - Dependencies all met for <TaskInstance: python_operator.hello_with_python scheduled__2023-01-24T00:00:00+00:00 [queued]>
[2023-02-05 14:41:31,389] {taskinstance.py:1179} INFO - Dependencies all met for <TaskInstance: python_operator.hello_with_python scheduled__2023-01-24T00:00:00+00:00 [queued]>
[2023-02-05 14:41:31,389] {taskinstance.py:1376} INFO - 
--------------------------------------------------------------------------------
[2023-02-05 14:41:31,389] {taskinstance.py:1377} INFO - Starting attempt 1 of 1
[2023-02-05 14:41:31,389] {taskinstance.py:1378} INFO - 
--------------------------------------------------------------------------------
[2023-02-05 14:41:31,412] {taskinstance.py:1397} INFO - Executing <Task(PythonOperator): hello_with_python> on 2023-01-24 00:00:00+00:00
[2023-02-05 14:41:31,414] {standard_task_runner.py:52} INFO - Started process 11399 to run task
[2023-02-05 14:41:31,420] {standard_task_runner.py:79} INFO - Running: ['airflow', 'tasks', 'run', 'python_operator', 'hello_with_python', 'scheduled__2023-01-24T00:00:00+00:00', '--job-id', '39', '--raw', '--subdir', 'DAGS_FOLDER/2_python_operator.py', '--cfg-path', '/tmp/tmpi_9s4z4z', '--error-file', '/tmp/tmp5qqbj_p0']
[2023-02-05 14:41:31,422] {standard_task_runner.py:80} INFO - Job 39: Subtask hello_with_python
[2023-02-05 14:41:31,497] {task_command.py:371} INFO - Running <TaskInstance: python_operator.hello_with_python scheduled__2023-01-24T00:00:00+00:00 [running]> on host pc.
[2023-02-05 14:41:31,578] {taskinstance.py:1589} INFO - Exporting the following env vars:
AIRFLOW_CTX_DAG_OWNER=airflow
AIRFLOW_CTX_DAG_ID=python_operator
AIRFLOW_CTX_TASK_ID=hello_with_python
AIRFLOW_CTX_EXECUTION_DATE=2023-01-24T00:00:00+00:00
AIRFLOW_CTX_TRY_NUMBER=1
AIRFLOW_CTX_DAG_RUN_ID=scheduled__2023-01-24T00:00:00+00:00
[2023-02-05 14:41:31,579] {logging_mixin.py:115} INFO - Hello Universe
[2023-02-05 14:41:31,579] {python.py:173} INFO - Done. Returned value was: None
[2023-02-05 14:41:31,589] {taskinstance.py:1415} INFO - Marking task as SUCCESS. dag_id=python_operator, task_id=hello_with_python, execution_date=20230124T000000, start_date=20230205T194131, end_date=20230205T194131
[2023-02-05 14:41:31,634] {local_task_job.py:156} INFO - Task exited with return code 0
[2023-02-05 14:41:31,657] {local_task_job.py:273} INFO - 0 downstream tasks scheduled from follow-on schedule check
