[2023-02-08 00:07:45,769] {taskinstance.py:1179} INFO - Dependencies all met for <TaskInstance: 09_Xcoms.task_1_source scheduled__2022-12-06T00:00:00+00:00 [queued]>
[2023-02-08 00:07:45,780] {taskinstance.py:1179} INFO - Dependencies all met for <TaskInstance: 09_Xcoms.task_1_source scheduled__2022-12-06T00:00:00+00:00 [queued]>
[2023-02-08 00:07:45,780] {taskinstance.py:1376} INFO - 
--------------------------------------------------------------------------------
[2023-02-08 00:07:45,780] {taskinstance.py:1377} INFO - Starting attempt 2 of 2
[2023-02-08 00:07:45,780] {taskinstance.py:1378} INFO - 
--------------------------------------------------------------------------------
[2023-02-08 00:07:45,802] {taskinstance.py:1397} INFO - Executing <Task(BashOperator): task_1_source> on 2022-12-06 00:00:00+00:00
[2023-02-08 00:07:45,806] {standard_task_runner.py:52} INFO - Started process 51475 to run task
[2023-02-08 00:07:45,816] {standard_task_runner.py:79} INFO - Running: ['airflow', 'tasks', 'run', '09_Xcoms', 'task_1_source', 'scheduled__2022-12-06T00:00:00+00:00', '--job-id', '1079', '--raw', '--subdir', 'DAGS_FOLDER/09_xcoms.py', '--cfg-path', '/tmp/tmpxo6uf489', '--error-file', '/tmp/tmp9a3hrn_6']
[2023-02-08 00:07:45,818] {standard_task_runner.py:80} INFO - Job 1079: Subtask task_1_source
[2023-02-08 00:07:45,902] {task_command.py:371} INFO - Running <TaskInstance: 09_Xcoms.task_1_source scheduled__2022-12-06T00:00:00+00:00 [running]> on host pc.
[2023-02-08 00:07:45,994] {taskinstance.py:1589} INFO - Exporting the following env vars:
AIRFLOW_CTX_DAG_OWNER=airflow
AIRFLOW_CTX_DAG_ID=09_Xcoms
AIRFLOW_CTX_TASK_ID=task_1_source
AIRFLOW_CTX_EXECUTION_DATE=2022-12-06T00:00:00+00:00
AIRFLOW_CTX_TRY_NUMBER=2
AIRFLOW_CTX_DAG_RUN_ID=scheduled__2022-12-06T00:00:00+00:00
[2023-02-08 00:07:45,996] {subprocess.py:62} INFO - Tmp dir root location: 
 /tmp
[2023-02-08 00:07:45,997] {subprocess.py:74} INFO - Running command: ['bash', '-c', 'sleep 5 && echo $((5 * 3))']
[2023-02-08 00:07:46,006] {subprocess.py:85} INFO - Output:
[2023-02-08 00:07:51,008] {subprocess.py:92} INFO - 15
[2023-02-08 00:07:51,009] {subprocess.py:96} INFO - Command exited with return code 0
[2023-02-08 00:07:51,039] {taskinstance.py:1415} INFO - Marking task as SUCCESS. dag_id=09_Xcoms, task_id=task_1_source, execution_date=20221206T000000, start_date=20230208T050745, end_date=20230208T050751
[2023-02-08 00:07:51,088] {local_task_job.py:156} INFO - Task exited with return code 0
[2023-02-08 00:07:51,129] {local_task_job.py:273} INFO - 1 downstream tasks scheduled from follow-on schedule check
