[2023-02-08 00:31:44,854] {taskinstance.py:1179} INFO - Dependencies all met for <TaskInstance: 09_Xcoms.task_1_source scheduled__2022-12-06T00:00:00+00:00 [queued]>
[2023-02-08 00:31:44,866] {taskinstance.py:1179} INFO - Dependencies all met for <TaskInstance: 09_Xcoms.task_1_source scheduled__2022-12-06T00:00:00+00:00 [queued]>
[2023-02-08 00:31:44,866] {taskinstance.py:1376} INFO - 
--------------------------------------------------------------------------------
[2023-02-08 00:31:44,866] {taskinstance.py:1377} INFO - Starting attempt 4 of 4
[2023-02-08 00:31:44,866] {taskinstance.py:1378} INFO - 
--------------------------------------------------------------------------------
[2023-02-08 00:31:44,887] {taskinstance.py:1397} INFO - Executing <Task(BashOperator): task_1_source> on 2022-12-06 00:00:00+00:00
[2023-02-08 00:31:44,890] {standard_task_runner.py:52} INFO - Started process 52465 to run task
[2023-02-08 00:31:44,896] {standard_task_runner.py:79} INFO - Running: ['airflow', 'tasks', 'run', '09_Xcoms', 'task_1_source', 'scheduled__2022-12-06T00:00:00+00:00', '--job-id', '1201', '--raw', '--subdir', 'DAGS_FOLDER/09_xcoms.py', '--cfg-path', '/tmp/tmp3ugkv5d1', '--error-file', '/tmp/tmpen_baibm']
[2023-02-08 00:31:44,898] {standard_task_runner.py:80} INFO - Job 1201: Subtask task_1_source
[2023-02-08 00:31:44,983] {task_command.py:371} INFO - Running <TaskInstance: 09_Xcoms.task_1_source scheduled__2022-12-06T00:00:00+00:00 [running]> on host pc.
[2023-02-08 00:31:45,072] {taskinstance.py:1589} INFO - Exporting the following env vars:
AIRFLOW_CTX_DAG_OWNER=airflow
AIRFLOW_CTX_DAG_ID=09_Xcoms
AIRFLOW_CTX_TASK_ID=task_1_source
AIRFLOW_CTX_EXECUTION_DATE=2022-12-06T00:00:00+00:00
AIRFLOW_CTX_TRY_NUMBER=4
AIRFLOW_CTX_DAG_RUN_ID=scheduled__2022-12-06T00:00:00+00:00
[2023-02-08 00:31:45,073] {subprocess.py:62} INFO - Tmp dir root location: 
 /tmp
[2023-02-08 00:31:45,074] {subprocess.py:74} INFO - Running command: ['bash', '-c', 'sleep 5 && echo $((5 * 3))']
[2023-02-08 00:31:45,085] {subprocess.py:85} INFO - Output:
[2023-02-08 00:31:50,086] {subprocess.py:92} INFO - 15
[2023-02-08 00:31:50,086] {subprocess.py:96} INFO - Command exited with return code 0
[2023-02-08 00:31:50,116] {taskinstance.py:1415} INFO - Marking task as SUCCESS. dag_id=09_Xcoms, task_id=task_1_source, execution_date=20221206T000000, start_date=20230208T053144, end_date=20230208T053150
[2023-02-08 00:31:50,168] {local_task_job.py:156} INFO - Task exited with return code 0
[2023-02-08 00:31:50,239] {local_task_job.py:273} INFO - 1 downstream tasks scheduled from follow-on schedule check
