[2023-02-08 00:25:41,483] {taskinstance.py:1179} INFO - Dependencies all met for <TaskInstance: 09_Xcoms.task_1_source scheduled__2022-12-06T00:00:00+00:00 [queued]>
[2023-02-08 00:25:41,494] {taskinstance.py:1179} INFO - Dependencies all met for <TaskInstance: 09_Xcoms.task_1_source scheduled__2022-12-06T00:00:00+00:00 [queued]>
[2023-02-08 00:25:41,494] {taskinstance.py:1376} INFO - 
--------------------------------------------------------------------------------
[2023-02-08 00:25:41,495] {taskinstance.py:1377} INFO - Starting attempt 3 of 3
[2023-02-08 00:25:41,495] {taskinstance.py:1378} INFO - 
--------------------------------------------------------------------------------
[2023-02-08 00:25:41,522] {taskinstance.py:1397} INFO - Executing <Task(BashOperator): task_1_source> on 2022-12-06 00:00:00+00:00
[2023-02-08 00:25:41,526] {standard_task_runner.py:52} INFO - Started process 52212 to run task
[2023-02-08 00:25:41,532] {standard_task_runner.py:79} INFO - Running: ['airflow', 'tasks', 'run', '09_Xcoms', 'task_1_source', 'scheduled__2022-12-06T00:00:00+00:00', '--job-id', '1175', '--raw', '--subdir', 'DAGS_FOLDER/09_xcoms.py', '--cfg-path', '/tmp/tmplsudl5zb', '--error-file', '/tmp/tmpjkrwqvs3']
[2023-02-08 00:25:41,534] {standard_task_runner.py:80} INFO - Job 1175: Subtask task_1_source
[2023-02-08 00:25:41,650] {task_command.py:371} INFO - Running <TaskInstance: 09_Xcoms.task_1_source scheduled__2022-12-06T00:00:00+00:00 [running]> on host pc.
[2023-02-08 00:25:41,761] {taskinstance.py:1589} INFO - Exporting the following env vars:
AIRFLOW_CTX_DAG_OWNER=airflow
AIRFLOW_CTX_DAG_ID=09_Xcoms
AIRFLOW_CTX_TASK_ID=task_1_source
AIRFLOW_CTX_EXECUTION_DATE=2022-12-06T00:00:00+00:00
AIRFLOW_CTX_TRY_NUMBER=3
AIRFLOW_CTX_DAG_RUN_ID=scheduled__2022-12-06T00:00:00+00:00
[2023-02-08 00:25:41,762] {subprocess.py:62} INFO - Tmp dir root location: 
 /tmp
[2023-02-08 00:25:41,763] {subprocess.py:74} INFO - Running command: ['bash', '-c', 'sleep 5 && echo $((5 * 3))']
[2023-02-08 00:25:41,773] {subprocess.py:85} INFO - Output:
[2023-02-08 00:25:46,776] {subprocess.py:92} INFO - 15
[2023-02-08 00:25:46,776] {subprocess.py:96} INFO - Command exited with return code 0
[2023-02-08 00:25:46,810] {taskinstance.py:1415} INFO - Marking task as SUCCESS. dag_id=09_Xcoms, task_id=task_1_source, execution_date=20221206T000000, start_date=20230208T052541, end_date=20230208T052546
[2023-02-08 00:25:46,852] {local_task_job.py:156} INFO - Task exited with return code 0
[2023-02-08 00:25:46,900] {local_task_job.py:273} INFO - 1 downstream tasks scheduled from follow-on schedule check
