[2023-02-08 00:44:48,955] {taskinstance.py:1179} INFO - Dependencies all met for <TaskInstance: 09_Xcoms.task_2_pull scheduled__2023-01-15T00:00:00+00:00 [queued]>
[2023-02-08 00:44:48,970] {taskinstance.py:1179} INFO - Dependencies all met for <TaskInstance: 09_Xcoms.task_2_pull scheduled__2023-01-15T00:00:00+00:00 [queued]>
[2023-02-08 00:44:48,970] {taskinstance.py:1376} INFO - 
--------------------------------------------------------------------------------
[2023-02-08 00:44:48,970] {taskinstance.py:1377} INFO - Starting attempt 1 of 1
[2023-02-08 00:44:48,970] {taskinstance.py:1378} INFO - 
--------------------------------------------------------------------------------
[2023-02-08 00:44:48,997] {taskinstance.py:1397} INFO - Executing <Task(BashOperator): task_2_pull> on 2023-01-15 00:00:00+00:00
[2023-02-08 00:44:49,001] {standard_task_runner.py:52} INFO - Started process 53115 to run task
[2023-02-08 00:44:49,008] {standard_task_runner.py:79} INFO - Running: ['airflow', 'tasks', 'run', '09_Xcoms', 'task_2_pull', 'scheduled__2023-01-15T00:00:00+00:00', '--job-id', '1322', '--raw', '--subdir', 'DAGS_FOLDER/09_xcoms.py', '--cfg-path', '/tmp/tmpy5qepiaq', '--error-file', '/tmp/tmpldn3a6bz']
[2023-02-08 00:44:49,009] {standard_task_runner.py:80} INFO - Job 1322: Subtask task_2_pull
[2023-02-08 00:44:49,119] {task_command.py:371} INFO - Running <TaskInstance: 09_Xcoms.task_2_pull scheduled__2023-01-15T00:00:00+00:00 [running]> on host pc.
[2023-02-08 00:44:49,243] {taskinstance.py:1589} INFO - Exporting the following env vars:
AIRFLOW_CTX_DAG_OWNER=airflow
AIRFLOW_CTX_DAG_ID=09_Xcoms
AIRFLOW_CTX_TASK_ID=task_2_pull
AIRFLOW_CTX_EXECUTION_DATE=2023-01-15T00:00:00+00:00
AIRFLOW_CTX_TRY_NUMBER=1
AIRFLOW_CTX_DAG_RUN_ID=scheduled__2023-01-15T00:00:00+00:00
[2023-02-08 00:44:49,244] {subprocess.py:62} INFO - Tmp dir root location: 
 /tmp
[2023-02-08 00:44:49,245] {subprocess.py:74} INFO - Running command: ['bash', '-c', 'sleep 3 && echo 15']
[2023-02-08 00:44:49,254] {subprocess.py:85} INFO - Output:
[2023-02-08 00:44:52,257] {subprocess.py:92} INFO - 15
[2023-02-08 00:44:52,258] {subprocess.py:96} INFO - Command exited with return code 0
[2023-02-08 00:44:52,296] {taskinstance.py:1415} INFO - Marking task as SUCCESS. dag_id=09_Xcoms, task_id=task_2_pull, execution_date=20230115T000000, start_date=20230208T054448, end_date=20230208T054452
[2023-02-08 00:44:52,353] {local_task_job.py:156} INFO - Task exited with return code 0
[2023-02-08 00:44:52,414] {local_task_job.py:273} INFO - 1 downstream tasks scheduled from follow-on schedule check
