[2023-02-05 17:48:25,404] {taskinstance.py:1179} INFO - Dependencies all met for <TaskInstance: orchestration.task_5 scheduled__2023-01-13T00:00:00+00:00 [queued]>
[2023-02-05 17:48:25,415] {taskinstance.py:1179} INFO - Dependencies all met for <TaskInstance: orchestration.task_5 scheduled__2023-01-13T00:00:00+00:00 [queued]>
[2023-02-05 17:48:25,415] {taskinstance.py:1376} INFO - 
--------------------------------------------------------------------------------
[2023-02-05 17:48:25,415] {taskinstance.py:1377} INFO - Starting attempt 1 of 1
[2023-02-05 17:48:25,415] {taskinstance.py:1378} INFO - 
--------------------------------------------------------------------------------
[2023-02-05 17:48:25,438] {taskinstance.py:1397} INFO - Executing <Task(BashOperator): task_5> on 2023-01-13 00:00:00+00:00
[2023-02-05 17:48:25,441] {standard_task_runner.py:52} INFO - Started process 30120 to run task
[2023-02-05 17:48:25,446] {standard_task_runner.py:79} INFO - Running: ['airflow', 'tasks', 'run', 'orchestration', 'task_5', 'scheduled__2023-01-13T00:00:00+00:00', '--job-id', '106', '--raw', '--subdir', 'DAGS_FOLDER/5_orchestration_2.py', '--cfg-path', '/tmp/tmpsct6r5qs', '--error-file', '/tmp/tmp5xjq073z']
[2023-02-05 17:48:25,448] {standard_task_runner.py:80} INFO - Job 106: Subtask task_5
[2023-02-05 17:48:25,533] {task_command.py:371} INFO - Running <TaskInstance: orchestration.task_5 scheduled__2023-01-13T00:00:00+00:00 [running]> on host pc.
[2023-02-05 17:48:25,626] {taskinstance.py:1589} INFO - Exporting the following env vars:
AIRFLOW_CTX_DAG_OWNER=airflow
AIRFLOW_CTX_DAG_ID=orchestration
AIRFLOW_CTX_TASK_ID=task_5
AIRFLOW_CTX_EXECUTION_DATE=2023-01-13T00:00:00+00:00
AIRFLOW_CTX_TRY_NUMBER=1
AIRFLOW_CTX_DAG_RUN_ID=scheduled__2023-01-13T00:00:00+00:00
[2023-02-05 17:48:25,627] {subprocess.py:62} INFO - Tmp dir root location: 
 /tmp
[2023-02-05 17:48:25,628] {subprocess.py:74} INFO - Running command: ['bash', '-c', "sleep 2 && echo 'Task_5'"]
[2023-02-05 17:48:25,637] {subprocess.py:85} INFO - Output:
[2023-02-05 17:48:27,639] {subprocess.py:92} INFO - Task_5
[2023-02-05 17:48:27,640] {subprocess.py:96} INFO - Command exited with return code 0
[2023-02-05 17:48:27,668] {taskinstance.py:1415} INFO - Marking task as SUCCESS. dag_id=orchestration, task_id=task_5, execution_date=20230113T000000, start_date=20230205T224825, end_date=20230205T224827
[2023-02-05 17:48:27,706] {local_task_job.py:156} INFO - Task exited with return code 0
[2023-02-05 17:48:27,735] {local_task_job.py:273} INFO - 0 downstream tasks scheduled from follow-on schedule check
[2023-02-05 17:58:58,131] {taskinstance.py:1179} INFO - Dependencies all met for <TaskInstance: orchestration.task_5 scheduled__2023-01-13T00:00:00+00:00 [queued]>
[2023-02-05 17:58:58,144] {taskinstance.py:1179} INFO - Dependencies all met for <TaskInstance: orchestration.task_5 scheduled__2023-01-13T00:00:00+00:00 [queued]>
[2023-02-05 17:58:58,145] {taskinstance.py:1376} INFO - 
--------------------------------------------------------------------------------
[2023-02-05 17:58:58,145] {taskinstance.py:1377} INFO - Starting attempt 1 of 1
[2023-02-05 17:58:58,145] {taskinstance.py:1378} INFO - 
--------------------------------------------------------------------------------
[2023-02-05 17:58:58,165] {taskinstance.py:1397} INFO - Executing <Task(BashOperator): task_5> on 2023-01-13 00:00:00+00:00
[2023-02-05 17:58:58,168] {standard_task_runner.py:52} INFO - Started process 30756 to run task
[2023-02-05 17:58:58,173] {standard_task_runner.py:79} INFO - Running: ['airflow', 'tasks', 'run', 'orchestration', 'task_5', 'scheduled__2023-01-13T00:00:00+00:00', '--job-id', '103', '--raw', '--subdir', 'DAGS_FOLDER/5_orchestration_2.py', '--cfg-path', '/tmp/tmp6wupix8q', '--error-file', '/tmp/tmpw8pw36ny']
[2023-02-05 17:58:58,174] {standard_task_runner.py:80} INFO - Job 103: Subtask task_5
[2023-02-05 17:58:58,251] {task_command.py:371} INFO - Running <TaskInstance: orchestration.task_5 scheduled__2023-01-13T00:00:00+00:00 [running]> on host pc.
[2023-02-05 17:58:58,331] {taskinstance.py:1589} INFO - Exporting the following env vars:
AIRFLOW_CTX_DAG_OWNER=airflow
AIRFLOW_CTX_DAG_ID=orchestration
AIRFLOW_CTX_TASK_ID=task_5
AIRFLOW_CTX_EXECUTION_DATE=2023-01-13T00:00:00+00:00
AIRFLOW_CTX_TRY_NUMBER=1
AIRFLOW_CTX_DAG_RUN_ID=scheduled__2023-01-13T00:00:00+00:00
[2023-02-05 17:58:58,332] {subprocess.py:62} INFO - Tmp dir root location: 
 /tmp
[2023-02-05 17:58:58,333] {subprocess.py:74} INFO - Running command: ['bash', '-c', "sleep 1 && echo 'Task_5'"]
[2023-02-05 17:58:58,340] {subprocess.py:85} INFO - Output:
[2023-02-05 17:58:59,342] {subprocess.py:92} INFO - Task_5
[2023-02-05 17:58:59,343] {subprocess.py:96} INFO - Command exited with return code 0
[2023-02-05 17:58:59,371] {taskinstance.py:1415} INFO - Marking task as SUCCESS. dag_id=orchestration, task_id=task_5, execution_date=20230113T000000, start_date=20230205T225858, end_date=20230205T225859
[2023-02-05 17:58:59,430] {local_task_job.py:156} INFO - Task exited with return code 0
[2023-02-05 17:58:59,453] {local_task_job.py:273} INFO - 0 downstream tasks scheduled from follow-on schedule check
