[2023-02-07 17:52:03,900] {processor.py:153} INFO - Started process (PID=26894) to work on /home/milo/13-airflow/airflowhome/dags/07.1_external_task.py
[2023-02-07 17:52:03,901] {processor.py:641} INFO - Processing file /home/milo/13-airflow/airflowhome/dags/07.1_external_task.py for tasks to queue
[2023-02-07 17:52:03,901] {logging_mixin.py:115} INFO - [2023-02-07 17:52:03,901] {dagbag.py:508} INFO - Filling up the DagBag from /home/milo/13-airflow/airflowhome/dags/07.1_external_task.py
[2023-02-07 17:52:03,918] {processor.py:651} INFO - DAG(s) dict_keys(['07.1_external_task']) retrieved from /home/milo/13-airflow/airflowhome/dags/07.1_external_task.py
[2023-02-07 17:52:04,531] {logging_mixin.py:115} INFO - [2023-02-07 17:52:04,531] {manager.py:508} INFO - Created Permission View: can edit on DAG:07.1_external_task
[2023-02-07 17:52:04,552] {logging_mixin.py:115} INFO - [2023-02-07 17:52:04,552] {manager.py:508} INFO - Created Permission View: can delete on DAG:07.1_external_task
[2023-02-07 17:52:04,581] {logging_mixin.py:115} INFO - [2023-02-07 17:52:04,581] {manager.py:508} INFO - Created Permission View: can read on DAG:07.1_external_task
[2023-02-07 17:52:04,581] {logging_mixin.py:115} INFO - [2023-02-07 17:52:04,581] {dag.py:2420} INFO - Sync 1 DAGs
[2023-02-07 17:52:04,596] {logging_mixin.py:115} INFO - [2023-02-07 17:52:04,595] {dag.py:2439} INFO - Creating ORM DAG for 07.1_external_task
[2023-02-07 17:52:04,620] {logging_mixin.py:115} INFO - [2023-02-07 17:52:04,620] {dag.py:2968} INFO - Setting next_dagrun for 07.1_external_task to 2022-11-01T00:00:00+00:00, run_after=2022-11-02T00:00:00+00:00
[2023-02-07 17:52:04,671] {processor.py:161} INFO - Processing /home/milo/13-airflow/airflowhome/dags/07.1_external_task.py took 0.777 seconds
[2023-02-07 17:52:45,830] {processor.py:153} INFO - Started process (PID=27009) to work on /home/milo/13-airflow/airflowhome/dags/07.1_external_task.py
[2023-02-07 17:52:45,832] {processor.py:641} INFO - Processing file /home/milo/13-airflow/airflowhome/dags/07.1_external_task.py for tasks to queue
[2023-02-07 17:52:45,833] {logging_mixin.py:115} INFO - [2023-02-07 17:52:45,833] {dagbag.py:508} INFO - Filling up the DagBag from /home/milo/13-airflow/airflowhome/dags/07.1_external_task.py
[2023-02-07 17:52:45,848] {processor.py:651} INFO - DAG(s) dict_keys(['07.1_external_task']) retrieved from /home/milo/13-airflow/airflowhome/dags/07.1_external_task.py
[2023-02-07 17:52:45,882] {logging_mixin.py:115} INFO - [2023-02-07 17:52:45,882] {dag.py:2420} INFO - Sync 1 DAGs
[2023-02-07 17:52:45,918] {logging_mixin.py:115} INFO - [2023-02-07 17:52:45,918] {dag.py:2968} INFO - Setting next_dagrun for 07.1_external_task to 2022-11-01T00:00:00+00:00, run_after=2022-11-02T00:00:00+00:00
[2023-02-07 17:52:45,940] {processor.py:161} INFO - Processing /home/milo/13-airflow/airflowhome/dags/07.1_external_task.py took 0.116 seconds
[2023-02-07 17:53:16,205] {processor.py:153} INFO - Started process (PID=27091) to work on /home/milo/13-airflow/airflowhome/dags/07.1_external_task.py
[2023-02-07 17:53:16,206] {processor.py:641} INFO - Processing file /home/milo/13-airflow/airflowhome/dags/07.1_external_task.py for tasks to queue
[2023-02-07 17:53:16,207] {logging_mixin.py:115} INFO - [2023-02-07 17:53:16,207] {dagbag.py:508} INFO - Filling up the DagBag from /home/milo/13-airflow/airflowhome/dags/07.1_external_task.py
[2023-02-07 17:53:16,231] {processor.py:651} INFO - DAG(s) dict_keys(['07.1_external_task']) retrieved from /home/milo/13-airflow/airflowhome/dags/07.1_external_task.py
[2023-02-07 17:53:16,259] {logging_mixin.py:115} INFO - [2023-02-07 17:53:16,259] {dag.py:2420} INFO - Sync 1 DAGs
[2023-02-07 17:53:16,291] {logging_mixin.py:115} INFO - [2023-02-07 17:53:16,291] {dag.py:2968} INFO - Setting next_dagrun for 07.1_external_task to 2022-11-01T00:00:00+00:00, run_after=2022-11-02T00:00:00+00:00
[2023-02-07 17:53:16,314] {processor.py:161} INFO - Processing /home/milo/13-airflow/airflowhome/dags/07.1_external_task.py took 0.114 seconds
[2023-02-07 17:53:46,702] {processor.py:153} INFO - Started process (PID=27178) to work on /home/milo/13-airflow/airflowhome/dags/07.1_external_task.py
[2023-02-07 17:53:46,703] {processor.py:641} INFO - Processing file /home/milo/13-airflow/airflowhome/dags/07.1_external_task.py for tasks to queue
[2023-02-07 17:53:46,704] {logging_mixin.py:115} INFO - [2023-02-07 17:53:46,704] {dagbag.py:508} INFO - Filling up the DagBag from /home/milo/13-airflow/airflowhome/dags/07.1_external_task.py
[2023-02-07 17:53:46,720] {processor.py:651} INFO - DAG(s) dict_keys(['07.1_external_task']) retrieved from /home/milo/13-airflow/airflowhome/dags/07.1_external_task.py
[2023-02-07 17:53:46,748] {logging_mixin.py:115} INFO - [2023-02-07 17:53:46,748] {dag.py:2420} INFO - Sync 1 DAGs
[2023-02-07 17:53:46,789] {logging_mixin.py:115} INFO - [2023-02-07 17:53:46,789] {dag.py:2968} INFO - Setting next_dagrun for 07.1_external_task to 2022-11-01T00:00:00+00:00, run_after=2022-11-02T00:00:00+00:00
[2023-02-07 17:53:46,825] {processor.py:161} INFO - Processing /home/milo/13-airflow/airflowhome/dags/07.1_external_task.py took 0.128 seconds
[2023-02-07 17:54:17,288] {processor.py:153} INFO - Started process (PID=27258) to work on /home/milo/13-airflow/airflowhome/dags/07.1_external_task.py
[2023-02-07 17:54:17,291] {processor.py:641} INFO - Processing file /home/milo/13-airflow/airflowhome/dags/07.1_external_task.py for tasks to queue
[2023-02-07 17:54:17,292] {logging_mixin.py:115} INFO - [2023-02-07 17:54:17,292] {dagbag.py:508} INFO - Filling up the DagBag from /home/milo/13-airflow/airflowhome/dags/07.1_external_task.py
[2023-02-07 17:54:17,307] {processor.py:651} INFO - DAG(s) dict_keys(['07.1_external_task']) retrieved from /home/milo/13-airflow/airflowhome/dags/07.1_external_task.py
[2023-02-07 17:54:17,335] {logging_mixin.py:115} INFO - [2023-02-07 17:54:17,334] {dag.py:2420} INFO - Sync 1 DAGs
[2023-02-07 17:54:17,366] {logging_mixin.py:115} INFO - [2023-02-07 17:54:17,366] {dag.py:2968} INFO - Setting next_dagrun for 07.1_external_task to 2022-11-01T00:00:00+00:00, run_after=2022-11-02T00:00:00+00:00
[2023-02-07 17:54:17,392] {processor.py:161} INFO - Processing /home/milo/13-airflow/airflowhome/dags/07.1_external_task.py took 0.116 seconds
[2023-02-07 17:56:47,423] {processor.py:153} INFO - Started process (PID=27610) to work on /home/milo/13-airflow/airflowhome/dags/07.1_external_task.py
[2023-02-07 17:56:47,424] {processor.py:641} INFO - Processing file /home/milo/13-airflow/airflowhome/dags/07.1_external_task.py for tasks to queue
[2023-02-07 17:56:47,425] {logging_mixin.py:115} INFO - [2023-02-07 17:56:47,425] {dagbag.py:508} INFO - Filling up the DagBag from /home/milo/13-airflow/airflowhome/dags/07.1_external_task.py
[2023-02-07 17:56:47,447] {processor.py:651} INFO - DAG(s) dict_keys(['07.1_external_task']) retrieved from /home/milo/13-airflow/airflowhome/dags/07.1_external_task.py
[2023-02-07 17:56:47,564] {logging_mixin.py:115} INFO - [2023-02-07 17:56:47,564] {dag.py:2420} INFO - Sync 1 DAGs
[2023-02-07 17:56:47,589] {logging_mixin.py:115} INFO - [2023-02-07 17:56:47,589] {dag.py:2968} INFO - Setting next_dagrun for 07.1_external_task to 2022-11-01T00:00:00+00:00, run_after=2022-11-02T00:00:00+00:00
[2023-02-07 17:56:47,616] {processor.py:161} INFO - Processing /home/milo/13-airflow/airflowhome/dags/07.1_external_task.py took 0.201 seconds
[2023-02-07 18:01:32,477] {processor.py:153} INFO - Started process (PID=28267) to work on /home/milo/13-airflow/airflowhome/dags/07.1_external_task.py
[2023-02-07 18:01:32,486] {processor.py:641} INFO - Processing file /home/milo/13-airflow/airflowhome/dags/07.1_external_task.py for tasks to queue
[2023-02-07 18:01:32,487] {logging_mixin.py:115} INFO - [2023-02-07 18:01:32,487] {dagbag.py:508} INFO - Filling up the DagBag from /home/milo/13-airflow/airflowhome/dags/07.1_external_task.py
[2023-02-07 18:01:32,509] {processor.py:651} INFO - DAG(s) dict_keys(['07.1_external_task']) retrieved from /home/milo/13-airflow/airflowhome/dags/07.1_external_task.py
[2023-02-07 18:01:32,566] {logging_mixin.py:115} INFO - [2023-02-07 18:01:32,566] {dag.py:2420} INFO - Sync 1 DAGs
[2023-02-07 18:01:32,622] {logging_mixin.py:115} INFO - [2023-02-07 18:01:32,622] {dag.py:2968} INFO - Setting next_dagrun for 07.1_external_task to 2022-11-01T00:00:00+00:00, run_after=2022-11-02T00:00:00+00:00
[2023-02-07 18:01:32,647] {processor.py:161} INFO - Processing /home/milo/13-airflow/airflowhome/dags/07.1_external_task.py took 0.189 seconds
[2023-02-07 18:13:01,978] {processor.py:153} INFO - Started process (PID=29837) to work on /home/milo/13-airflow/airflowhome/dags/07.1_external_task.py
[2023-02-07 18:13:01,980] {processor.py:641} INFO - Processing file /home/milo/13-airflow/airflowhome/dags/07.1_external_task.py for tasks to queue
[2023-02-07 18:13:01,982] {logging_mixin.py:115} INFO - [2023-02-07 18:13:01,981] {dagbag.py:508} INFO - Filling up the DagBag from /home/milo/13-airflow/airflowhome/dags/07.1_external_task.py
[2023-02-07 18:13:01,997] {processor.py:651} INFO - DAG(s) dict_keys(['07.1_external_task']) retrieved from /home/milo/13-airflow/airflowhome/dags/07.1_external_task.py
[2023-02-07 18:13:02,087] {logging_mixin.py:115} INFO - [2023-02-07 18:13:02,087] {dag.py:2420} INFO - Sync 1 DAGs
[2023-02-07 18:13:02,116] {logging_mixin.py:115} INFO - [2023-02-07 18:13:02,116] {dag.py:2968} INFO - Setting next_dagrun for 07.1_external_task to 2022-11-02T00:00:00+00:00, run_after=2022-11-03T00:00:00+00:00
[2023-02-07 18:13:02,142] {processor.py:161} INFO - Processing /home/milo/13-airflow/airflowhome/dags/07.1_external_task.py took 0.172 seconds
[2023-02-07 18:13:32,744] {processor.py:153} INFO - Started process (PID=29917) to work on /home/milo/13-airflow/airflowhome/dags/07.1_external_task.py
[2023-02-07 18:13:32,745] {processor.py:641} INFO - Processing file /home/milo/13-airflow/airflowhome/dags/07.1_external_task.py for tasks to queue
[2023-02-07 18:13:32,746] {logging_mixin.py:115} INFO - [2023-02-07 18:13:32,745] {dagbag.py:508} INFO - Filling up the DagBag from /home/milo/13-airflow/airflowhome/dags/07.1_external_task.py
[2023-02-07 18:13:32,758] {processor.py:651} INFO - DAG(s) dict_keys(['07.1_external_task']) retrieved from /home/milo/13-airflow/airflowhome/dags/07.1_external_task.py
[2023-02-07 18:13:32,786] {logging_mixin.py:115} INFO - [2023-02-07 18:13:32,785] {dag.py:2420} INFO - Sync 1 DAGs
[2023-02-07 18:13:32,835] {logging_mixin.py:115} INFO - [2023-02-07 18:13:32,835] {dag.py:2968} INFO - Setting next_dagrun for 07.1_external_task to 2022-11-02T00:00:00+00:00, run_after=2022-11-03T00:00:00+00:00
[2023-02-07 18:13:32,855] {processor.py:161} INFO - Processing /home/milo/13-airflow/airflowhome/dags/07.1_external_task.py took 0.117 seconds
[2023-02-07 18:14:20,816] {processor.py:153} INFO - Started process (PID=30050) to work on /home/milo/13-airflow/airflowhome/dags/07.1_external_task.py
[2023-02-07 18:14:20,818] {processor.py:641} INFO - Processing file /home/milo/13-airflow/airflowhome/dags/07.1_external_task.py for tasks to queue
[2023-02-07 18:14:20,819] {logging_mixin.py:115} INFO - [2023-02-07 18:14:20,819] {dagbag.py:508} INFO - Filling up the DagBag from /home/milo/13-airflow/airflowhome/dags/07.1_external_task.py
[2023-02-07 18:14:20,831] {processor.py:651} INFO - DAG(s) dict_keys(['07.1_external_task']) retrieved from /home/milo/13-airflow/airflowhome/dags/07.1_external_task.py
[2023-02-07 18:14:20,861] {logging_mixin.py:115} INFO - [2023-02-07 18:14:20,860] {dag.py:2420} INFO - Sync 1 DAGs
[2023-02-07 18:14:20,897] {logging_mixin.py:115} INFO - [2023-02-07 18:14:20,897] {dag.py:2968} INFO - Setting next_dagrun for 07.1_external_task to 2022-11-04T00:00:00+00:00, run_after=2022-11-05T00:00:00+00:00
[2023-02-07 18:14:20,920] {processor.py:161} INFO - Processing /home/milo/13-airflow/airflowhome/dags/07.1_external_task.py took 0.109 seconds
[2023-02-07 18:20:24,405] {processor.py:153} INFO - Started process (PID=30915) to work on /home/milo/13-airflow/airflowhome/dags/07.1_external_task.py
[2023-02-07 18:20:24,407] {processor.py:641} INFO - Processing file /home/milo/13-airflow/airflowhome/dags/07.1_external_task.py for tasks to queue
[2023-02-07 18:20:24,408] {logging_mixin.py:115} INFO - [2023-02-07 18:20:24,408] {dagbag.py:508} INFO - Filling up the DagBag from /home/milo/13-airflow/airflowhome/dags/07.1_external_task.py
[2023-02-07 18:20:24,419] {processor.py:651} INFO - DAG(s) dict_keys(['07.1_external_task']) retrieved from /home/milo/13-airflow/airflowhome/dags/07.1_external_task.py
[2023-02-07 18:20:24,447] {logging_mixin.py:115} INFO - [2023-02-07 18:20:24,447] {dag.py:2420} INFO - Sync 1 DAGs
[2023-02-07 18:20:24,478] {logging_mixin.py:115} INFO - [2023-02-07 18:20:24,478] {dag.py:2968} INFO - Setting next_dagrun for 07.1_external_task to 2022-11-08T00:00:00+00:00, run_after=2022-11-09T00:00:00+00:00
[2023-02-07 18:20:24,501] {processor.py:161} INFO - Processing /home/milo/13-airflow/airflowhome/dags/07.1_external_task.py took 0.101 seconds
[2023-02-07 18:22:25,625] {processor.py:153} INFO - Started process (PID=31230) to work on /home/milo/13-airflow/airflowhome/dags/07.1_external_task.py
[2023-02-07 18:22:25,627] {processor.py:641} INFO - Processing file /home/milo/13-airflow/airflowhome/dags/07.1_external_task.py for tasks to queue
[2023-02-07 18:22:25,628] {logging_mixin.py:115} INFO - [2023-02-07 18:22:25,628] {dagbag.py:508} INFO - Filling up the DagBag from /home/milo/13-airflow/airflowhome/dags/07.1_external_task.py
[2023-02-07 18:22:25,641] {processor.py:651} INFO - DAG(s) dict_keys(['07.1_external_task']) retrieved from /home/milo/13-airflow/airflowhome/dags/07.1_external_task.py
[2023-02-07 18:22:25,672] {logging_mixin.py:115} INFO - [2023-02-07 18:22:25,672] {dag.py:2420} INFO - Sync 1 DAGs
[2023-02-07 18:22:25,710] {logging_mixin.py:115} INFO - [2023-02-07 18:22:25,708] {dag.py:2968} INFO - Setting next_dagrun for 07.1_external_task to 2022-11-16T00:00:00+00:00, run_after=2022-11-17T00:00:00+00:00
[2023-02-07 18:22:25,734] {processor.py:161} INFO - Processing /home/milo/13-airflow/airflowhome/dags/07.1_external_task.py took 0.114 seconds
[2023-02-07 18:23:48,055] {processor.py:153} INFO - Started process (PID=31438) to work on /home/milo/13-airflow/airflowhome/dags/07.1_external_task.py
[2023-02-07 18:23:48,057] {processor.py:641} INFO - Processing file /home/milo/13-airflow/airflowhome/dags/07.1_external_task.py for tasks to queue
[2023-02-07 18:23:48,057] {logging_mixin.py:115} INFO - [2023-02-07 18:23:48,057] {dagbag.py:508} INFO - Filling up the DagBag from /home/milo/13-airflow/airflowhome/dags/07.1_external_task.py
[2023-02-07 18:23:48,071] {processor.py:651} INFO - DAG(s) dict_keys(['07.1_external_task']) retrieved from /home/milo/13-airflow/airflowhome/dags/07.1_external_task.py
[2023-02-07 18:23:48,101] {logging_mixin.py:115} INFO - [2023-02-07 18:23:48,101] {dag.py:2420} INFO - Sync 1 DAGs
[2023-02-07 18:23:48,134] {logging_mixin.py:115} INFO - [2023-02-07 18:23:48,134] {dag.py:2968} INFO - Setting next_dagrun for 07.1_external_task to 2022-11-22T00:00:00+00:00, run_after=2022-11-23T00:00:00+00:00
[2023-02-07 18:23:48,163] {processor.py:161} INFO - Processing /home/milo/13-airflow/airflowhome/dags/07.1_external_task.py took 0.113 seconds
[2023-02-07 18:24:19,151] {processor.py:153} INFO - Started process (PID=31564) to work on /home/milo/13-airflow/airflowhome/dags/07.1_external_task.py
[2023-02-07 18:24:19,152] {processor.py:641} INFO - Processing file /home/milo/13-airflow/airflowhome/dags/07.1_external_task.py for tasks to queue
[2023-02-07 18:24:19,153] {logging_mixin.py:115} INFO - [2023-02-07 18:24:19,152] {dagbag.py:508} INFO - Filling up the DagBag from /home/milo/13-airflow/airflowhome/dags/07.1_external_task.py
[2023-02-07 18:24:19,165] {processor.py:651} INFO - DAG(s) dict_keys(['07.1_external_dag']) retrieved from /home/milo/13-airflow/airflowhome/dags/07.1_external_task.py
[2023-02-07 18:24:19,290] {logging_mixin.py:115} INFO - [2023-02-07 18:24:19,290] {manager.py:508} INFO - Created Permission View: can delete on DAG:07.1_external_dag
[2023-02-07 18:24:19,307] {logging_mixin.py:115} INFO - [2023-02-07 18:24:19,307] {manager.py:508} INFO - Created Permission View: can edit on DAG:07.1_external_dag
[2023-02-07 18:24:19,322] {logging_mixin.py:115} INFO - [2023-02-07 18:24:19,321] {manager.py:508} INFO - Created Permission View: can read on DAG:07.1_external_dag
[2023-02-07 18:24:19,322] {logging_mixin.py:115} INFO - [2023-02-07 18:24:19,322] {dag.py:2420} INFO - Sync 1 DAGs
[2023-02-07 18:24:19,333] {logging_mixin.py:115} INFO - [2023-02-07 18:24:19,333] {dag.py:2439} INFO - Creating ORM DAG for 07.1_external_dag
[2023-02-07 18:24:19,348] {logging_mixin.py:115} INFO - [2023-02-07 18:24:19,348] {dag.py:2968} INFO - Setting next_dagrun for 07.1_external_dag to 2022-11-01T00:00:00+00:00, run_after=2022-11-02T00:00:00+00:00
[2023-02-07 18:24:19,369] {processor.py:161} INFO - Processing /home/milo/13-airflow/airflowhome/dags/07.1_external_task.py took 0.224 seconds
[2023-02-07 18:24:49,485] {processor.py:153} INFO - Started process (PID=31663) to work on /home/milo/13-airflow/airflowhome/dags/07.1_external_task.py
[2023-02-07 18:24:49,487] {processor.py:641} INFO - Processing file /home/milo/13-airflow/airflowhome/dags/07.1_external_task.py for tasks to queue
[2023-02-07 18:24:49,488] {logging_mixin.py:115} INFO - [2023-02-07 18:24:49,488] {dagbag.py:508} INFO - Filling up the DagBag from /home/milo/13-airflow/airflowhome/dags/07.1_external_task.py
[2023-02-07 18:24:49,500] {processor.py:651} INFO - DAG(s) dict_keys(['07.1_external_dag']) retrieved from /home/milo/13-airflow/airflowhome/dags/07.1_external_task.py
[2023-02-07 18:24:49,535] {logging_mixin.py:115} INFO - [2023-02-07 18:24:49,535] {dag.py:2420} INFO - Sync 1 DAGs
[2023-02-07 18:24:49,563] {logging_mixin.py:115} INFO - [2023-02-07 18:24:49,563] {dag.py:2968} INFO - Setting next_dagrun for 07.1_external_dag to 2022-11-01T00:00:00+00:00, run_after=2022-11-02T00:00:00+00:00
[2023-02-07 18:24:49,653] {processor.py:161} INFO - Processing /home/milo/13-airflow/airflowhome/dags/07.1_external_task.py took 0.174 seconds
[2023-02-07 18:25:20,039] {processor.py:153} INFO - Started process (PID=31745) to work on /home/milo/13-airflow/airflowhome/dags/07.1_external_task.py
[2023-02-07 18:25:20,040] {processor.py:641} INFO - Processing file /home/milo/13-airflow/airflowhome/dags/07.1_external_task.py for tasks to queue
[2023-02-07 18:25:20,041] {logging_mixin.py:115} INFO - [2023-02-07 18:25:20,040] {dagbag.py:508} INFO - Filling up the DagBag from /home/milo/13-airflow/airflowhome/dags/07.1_external_task.py
[2023-02-07 18:25:20,053] {processor.py:651} INFO - DAG(s) dict_keys(['07.1_external_dag']) retrieved from /home/milo/13-airflow/airflowhome/dags/07.1_external_task.py
[2023-02-07 18:25:20,084] {logging_mixin.py:115} INFO - [2023-02-07 18:25:20,084] {dag.py:2420} INFO - Sync 1 DAGs
[2023-02-07 18:25:20,111] {logging_mixin.py:115} INFO - [2023-02-07 18:25:20,111] {dag.py:2968} INFO - Setting next_dagrun for 07.1_external_dag to 2022-11-01T00:00:00+00:00, run_after=2022-11-02T00:00:00+00:00
[2023-02-07 18:25:20,134] {processor.py:161} INFO - Processing /home/milo/13-airflow/airflowhome/dags/07.1_external_task.py took 0.100 seconds
[2023-02-07 18:25:50,699] {processor.py:153} INFO - Started process (PID=31827) to work on /home/milo/13-airflow/airflowhome/dags/07.1_external_task.py
[2023-02-07 18:25:50,704] {processor.py:641} INFO - Processing file /home/milo/13-airflow/airflowhome/dags/07.1_external_task.py for tasks to queue
[2023-02-07 18:25:50,705] {logging_mixin.py:115} INFO - [2023-02-07 18:25:50,705] {dagbag.py:508} INFO - Filling up the DagBag from /home/milo/13-airflow/airflowhome/dags/07.1_external_task.py
[2023-02-07 18:25:50,717] {processor.py:651} INFO - DAG(s) dict_keys(['07.1_external_dag']) retrieved from /home/milo/13-airflow/airflowhome/dags/07.1_external_task.py
[2023-02-07 18:25:50,745] {logging_mixin.py:115} INFO - [2023-02-07 18:25:50,745] {dag.py:2420} INFO - Sync 1 DAGs
[2023-02-07 18:25:50,772] {logging_mixin.py:115} INFO - [2023-02-07 18:25:50,772] {dag.py:2968} INFO - Setting next_dagrun for 07.1_external_dag to 2022-11-01T00:00:00+00:00, run_after=2022-11-02T00:00:00+00:00
[2023-02-07 18:25:50,794] {processor.py:161} INFO - Processing /home/milo/13-airflow/airflowhome/dags/07.1_external_task.py took 0.101 seconds
[2023-02-07 18:26:21,127] {processor.py:153} INFO - Started process (PID=31899) to work on /home/milo/13-airflow/airflowhome/dags/07.1_external_task.py
[2023-02-07 18:26:21,128] {processor.py:641} INFO - Processing file /home/milo/13-airflow/airflowhome/dags/07.1_external_task.py for tasks to queue
[2023-02-07 18:26:21,129] {logging_mixin.py:115} INFO - [2023-02-07 18:26:21,129] {dagbag.py:508} INFO - Filling up the DagBag from /home/milo/13-airflow/airflowhome/dags/07.1_external_task.py
[2023-02-07 18:26:21,141] {processor.py:651} INFO - DAG(s) dict_keys(['07.1_external_dag']) retrieved from /home/milo/13-airflow/airflowhome/dags/07.1_external_task.py
[2023-02-07 18:26:21,168] {logging_mixin.py:115} INFO - [2023-02-07 18:26:21,168] {dag.py:2420} INFO - Sync 1 DAGs
[2023-02-07 18:26:21,197] {logging_mixin.py:115} INFO - [2023-02-07 18:26:21,197] {dag.py:2968} INFO - Setting next_dagrun for 07.1_external_dag to 2022-11-01T00:00:00+00:00, run_after=2022-11-02T00:00:00+00:00
[2023-02-07 18:26:21,231] {processor.py:161} INFO - Processing /home/milo/13-airflow/airflowhome/dags/07.1_external_task.py took 0.110 seconds
[2023-02-07 18:26:51,984] {processor.py:153} INFO - Started process (PID=31978) to work on /home/milo/13-airflow/airflowhome/dags/07.1_external_task.py
[2023-02-07 18:26:51,986] {processor.py:641} INFO - Processing file /home/milo/13-airflow/airflowhome/dags/07.1_external_task.py for tasks to queue
[2023-02-07 18:26:51,988] {logging_mixin.py:115} INFO - [2023-02-07 18:26:51,988] {dagbag.py:508} INFO - Filling up the DagBag from /home/milo/13-airflow/airflowhome/dags/07.1_external_task.py
[2023-02-07 18:26:52,000] {processor.py:651} INFO - DAG(s) dict_keys(['07.1_external_dag']) retrieved from /home/milo/13-airflow/airflowhome/dags/07.1_external_task.py
[2023-02-07 18:26:52,052] {logging_mixin.py:115} INFO - [2023-02-07 18:26:52,051] {dag.py:2420} INFO - Sync 1 DAGs
[2023-02-07 18:26:52,087] {logging_mixin.py:115} INFO - [2023-02-07 18:26:52,087] {dag.py:2968} INFO - Setting next_dagrun for 07.1_external_dag to 2022-11-01T00:00:00+00:00, run_after=2022-11-02T00:00:00+00:00
[2023-02-07 18:26:52,124] {processor.py:161} INFO - Processing /home/milo/13-airflow/airflowhome/dags/07.1_external_task.py took 0.145 seconds
[2023-02-07 18:27:22,580] {processor.py:153} INFO - Started process (PID=32053) to work on /home/milo/13-airflow/airflowhome/dags/07.1_external_task.py
[2023-02-07 18:27:22,581] {processor.py:641} INFO - Processing file /home/milo/13-airflow/airflowhome/dags/07.1_external_task.py for tasks to queue
[2023-02-07 18:27:22,582] {logging_mixin.py:115} INFO - [2023-02-07 18:27:22,582] {dagbag.py:508} INFO - Filling up the DagBag from /home/milo/13-airflow/airflowhome/dags/07.1_external_task.py
[2023-02-07 18:27:22,594] {processor.py:651} INFO - DAG(s) dict_keys(['07.1_external_dag']) retrieved from /home/milo/13-airflow/airflowhome/dags/07.1_external_task.py
[2023-02-07 18:27:22,621] {logging_mixin.py:115} INFO - [2023-02-07 18:27:22,620] {dag.py:2420} INFO - Sync 1 DAGs
[2023-02-07 18:27:22,660] {logging_mixin.py:115} INFO - [2023-02-07 18:27:22,660] {dag.py:2968} INFO - Setting next_dagrun for 07.1_external_dag to 2022-11-01T00:00:00+00:00, run_after=2022-11-02T00:00:00+00:00
[2023-02-07 18:27:22,680] {processor.py:161} INFO - Processing /home/milo/13-airflow/airflowhome/dags/07.1_external_task.py took 0.105 seconds
[2023-02-07 18:33:56,157] {processor.py:153} INFO - Started process (PID=32959) to work on /home/milo/13-airflow/airflowhome/dags/07.1_external_task.py
[2023-02-07 18:33:56,158] {processor.py:641} INFO - Processing file /home/milo/13-airflow/airflowhome/dags/07.1_external_task.py for tasks to queue
[2023-02-07 18:33:56,159] {logging_mixin.py:115} INFO - [2023-02-07 18:33:56,159] {dagbag.py:508} INFO - Filling up the DagBag from /home/milo/13-airflow/airflowhome/dags/07.1_external_task.py
[2023-02-07 18:33:56,171] {processor.py:651} INFO - DAG(s) dict_keys(['07.1_external_dag']) retrieved from /home/milo/13-airflow/airflowhome/dags/07.1_external_task.py
[2023-02-07 18:33:56,196] {logging_mixin.py:115} INFO - [2023-02-07 18:33:56,196] {dag.py:2420} INFO - Sync 1 DAGs
[2023-02-07 18:33:56,226] {logging_mixin.py:115} INFO - [2023-02-07 18:33:56,225] {dag.py:2968} INFO - Setting next_dagrun for 07.1_external_dag to 2022-11-01T00:00:00+00:00, run_after=2022-11-02T00:00:00+00:00
[2023-02-07 18:33:56,248] {processor.py:161} INFO - Processing /home/milo/13-airflow/airflowhome/dags/07.1_external_task.py took 0.097 seconds
[2023-02-07 18:34:26,406] {processor.py:153} INFO - Started process (PID=33035) to work on /home/milo/13-airflow/airflowhome/dags/07.1_external_task.py
[2023-02-07 18:34:26,407] {processor.py:641} INFO - Processing file /home/milo/13-airflow/airflowhome/dags/07.1_external_task.py for tasks to queue
[2023-02-07 18:34:26,418] {logging_mixin.py:115} INFO - [2023-02-07 18:34:26,418] {dagbag.py:508} INFO - Filling up the DagBag from /home/milo/13-airflow/airflowhome/dags/07.1_external_task.py
[2023-02-07 18:34:26,439] {processor.py:651} INFO - DAG(s) dict_keys(['07.1_external_dag']) retrieved from /home/milo/13-airflow/airflowhome/dags/07.1_external_task.py
[2023-02-07 18:34:26,482] {logging_mixin.py:115} INFO - [2023-02-07 18:34:26,482] {dag.py:2420} INFO - Sync 1 DAGs
[2023-02-07 18:34:26,529] {logging_mixin.py:115} INFO - [2023-02-07 18:34:26,528] {dag.py:2968} INFO - Setting next_dagrun for 07.1_external_dag to 2022-11-01T00:00:00+00:00, run_after=2022-11-02T00:00:00+00:00
[2023-02-07 18:34:26,562] {processor.py:161} INFO - Processing /home/milo/13-airflow/airflowhome/dags/07.1_external_task.py took 0.170 seconds
[2023-02-07 18:34:56,751] {processor.py:153} INFO - Started process (PID=33114) to work on /home/milo/13-airflow/airflowhome/dags/07.1_external_task.py
[2023-02-07 18:34:56,752] {processor.py:641} INFO - Processing file /home/milo/13-airflow/airflowhome/dags/07.1_external_task.py for tasks to queue
[2023-02-07 18:34:56,753] {logging_mixin.py:115} INFO - [2023-02-07 18:34:56,753] {dagbag.py:508} INFO - Filling up the DagBag from /home/milo/13-airflow/airflowhome/dags/07.1_external_task.py
[2023-02-07 18:34:56,766] {processor.py:651} INFO - DAG(s) dict_keys(['07.1_external_dag']) retrieved from /home/milo/13-airflow/airflowhome/dags/07.1_external_task.py
[2023-02-07 18:34:56,810] {logging_mixin.py:115} INFO - [2023-02-07 18:34:56,810] {dag.py:2420} INFO - Sync 1 DAGs
[2023-02-07 18:34:56,841] {logging_mixin.py:115} INFO - [2023-02-07 18:34:56,840] {dag.py:2968} INFO - Setting next_dagrun for 07.1_external_dag to 2022-11-01T00:00:00+00:00, run_after=2022-11-02T00:00:00+00:00
[2023-02-07 18:34:56,865] {processor.py:161} INFO - Processing /home/milo/13-airflow/airflowhome/dags/07.1_external_task.py took 0.126 seconds
[2023-02-07 18:35:27,328] {processor.py:153} INFO - Started process (PID=33311) to work on /home/milo/13-airflow/airflowhome/dags/07.1_external_task.py
[2023-02-07 18:35:27,329] {processor.py:641} INFO - Processing file /home/milo/13-airflow/airflowhome/dags/07.1_external_task.py for tasks to queue
[2023-02-07 18:35:27,329] {logging_mixin.py:115} INFO - [2023-02-07 18:35:27,329] {dagbag.py:508} INFO - Filling up the DagBag from /home/milo/13-airflow/airflowhome/dags/07.1_external_task.py
[2023-02-07 18:35:27,347] {processor.py:651} INFO - DAG(s) dict_keys(['07.1_external_dag']) retrieved from /home/milo/13-airflow/airflowhome/dags/07.1_external_task.py
[2023-02-07 18:35:27,383] {logging_mixin.py:115} INFO - [2023-02-07 18:35:27,383] {dag.py:2420} INFO - Sync 1 DAGs
[2023-02-07 18:35:27,429] {logging_mixin.py:115} INFO - [2023-02-07 18:35:27,429] {dag.py:2968} INFO - Setting next_dagrun for 07.1_external_dag to 2022-11-01T00:00:00+00:00, run_after=2022-11-02T00:00:00+00:00
[2023-02-07 18:35:27,455] {processor.py:161} INFO - Processing /home/milo/13-airflow/airflowhome/dags/07.1_external_task.py took 0.145 seconds
[2023-02-07 18:35:57,550] {processor.py:153} INFO - Started process (PID=33389) to work on /home/milo/13-airflow/airflowhome/dags/07.1_external_task.py
[2023-02-07 18:35:57,573] {processor.py:641} INFO - Processing file /home/milo/13-airflow/airflowhome/dags/07.1_external_task.py for tasks to queue
[2023-02-07 18:35:57,574] {logging_mixin.py:115} INFO - [2023-02-07 18:35:57,574] {dagbag.py:508} INFO - Filling up the DagBag from /home/milo/13-airflow/airflowhome/dags/07.1_external_task.py
[2023-02-07 18:35:57,585] {processor.py:651} INFO - DAG(s) dict_keys(['07.1_external_dag']) retrieved from /home/milo/13-airflow/airflowhome/dags/07.1_external_task.py
[2023-02-07 18:35:57,620] {logging_mixin.py:115} INFO - [2023-02-07 18:35:57,620] {dag.py:2420} INFO - Sync 1 DAGs
[2023-02-07 18:35:57,675] {logging_mixin.py:115} INFO - [2023-02-07 18:35:57,675] {dag.py:2968} INFO - Setting next_dagrun for 07.1_external_dag to 2022-11-01T00:00:00+00:00, run_after=2022-11-02T00:00:00+00:00
[2023-02-07 18:35:57,696] {processor.py:161} INFO - Processing /home/milo/13-airflow/airflowhome/dags/07.1_external_task.py took 0.151 seconds
[2023-02-07 18:36:27,950] {processor.py:153} INFO - Started process (PID=33465) to work on /home/milo/13-airflow/airflowhome/dags/07.1_external_task.py
[2023-02-07 18:36:27,951] {processor.py:641} INFO - Processing file /home/milo/13-airflow/airflowhome/dags/07.1_external_task.py for tasks to queue
[2023-02-07 18:36:27,952] {logging_mixin.py:115} INFO - [2023-02-07 18:36:27,952] {dagbag.py:508} INFO - Filling up the DagBag from /home/milo/13-airflow/airflowhome/dags/07.1_external_task.py
[2023-02-07 18:36:27,964] {processor.py:651} INFO - DAG(s) dict_keys(['07.1_external_dag']) retrieved from /home/milo/13-airflow/airflowhome/dags/07.1_external_task.py
[2023-02-07 18:36:27,997] {logging_mixin.py:115} INFO - [2023-02-07 18:36:27,997] {dag.py:2420} INFO - Sync 1 DAGs
[2023-02-07 18:36:28,031] {logging_mixin.py:115} INFO - [2023-02-07 18:36:28,031] {dag.py:2968} INFO - Setting next_dagrun for 07.1_external_dag to 2022-11-01T00:00:00+00:00, run_after=2022-11-02T00:00:00+00:00
[2023-02-07 18:36:28,057] {processor.py:161} INFO - Processing /home/milo/13-airflow/airflowhome/dags/07.1_external_task.py took 0.112 seconds
[2023-02-07 18:36:58,298] {processor.py:153} INFO - Started process (PID=33538) to work on /home/milo/13-airflow/airflowhome/dags/07.1_external_task.py
[2023-02-07 18:36:58,300] {processor.py:641} INFO - Processing file /home/milo/13-airflow/airflowhome/dags/07.1_external_task.py for tasks to queue
[2023-02-07 18:36:58,301] {logging_mixin.py:115} INFO - [2023-02-07 18:36:58,301] {dagbag.py:508} INFO - Filling up the DagBag from /home/milo/13-airflow/airflowhome/dags/07.1_external_task.py
[2023-02-07 18:36:58,312] {processor.py:651} INFO - DAG(s) dict_keys(['07.1_external_dag']) retrieved from /home/milo/13-airflow/airflowhome/dags/07.1_external_task.py
[2023-02-07 18:36:58,340] {logging_mixin.py:115} INFO - [2023-02-07 18:36:58,340] {dag.py:2420} INFO - Sync 1 DAGs
[2023-02-07 18:36:58,370] {logging_mixin.py:115} INFO - [2023-02-07 18:36:58,370] {dag.py:2968} INFO - Setting next_dagrun for 07.1_external_dag to 2022-11-01T00:00:00+00:00, run_after=2022-11-02T00:00:00+00:00
[2023-02-07 18:36:58,392] {processor.py:161} INFO - Processing /home/milo/13-airflow/airflowhome/dags/07.1_external_task.py took 0.099 seconds
[2023-02-07 18:37:28,681] {processor.py:153} INFO - Started process (PID=33615) to work on /home/milo/13-airflow/airflowhome/dags/07.1_external_task.py
[2023-02-07 18:37:28,682] {processor.py:641} INFO - Processing file /home/milo/13-airflow/airflowhome/dags/07.1_external_task.py for tasks to queue
[2023-02-07 18:37:28,683] {logging_mixin.py:115} INFO - [2023-02-07 18:37:28,683] {dagbag.py:508} INFO - Filling up the DagBag from /home/milo/13-airflow/airflowhome/dags/07.1_external_task.py
[2023-02-07 18:37:28,695] {processor.py:651} INFO - DAG(s) dict_keys(['07.1_external_dag']) retrieved from /home/milo/13-airflow/airflowhome/dags/07.1_external_task.py
[2023-02-07 18:37:28,723] {logging_mixin.py:115} INFO - [2023-02-07 18:37:28,722] {dag.py:2420} INFO - Sync 1 DAGs
[2023-02-07 18:37:28,753] {logging_mixin.py:115} INFO - [2023-02-07 18:37:28,753] {dag.py:2968} INFO - Setting next_dagrun for 07.1_external_dag to 2022-11-01T00:00:00+00:00, run_after=2022-11-02T00:00:00+00:00
[2023-02-07 18:37:28,775] {processor.py:161} INFO - Processing /home/milo/13-airflow/airflowhome/dags/07.1_external_task.py took 0.100 seconds
[2023-02-07 18:37:59,285] {processor.py:153} INFO - Started process (PID=33698) to work on /home/milo/13-airflow/airflowhome/dags/07.1_external_task.py
[2023-02-07 18:37:59,287] {processor.py:641} INFO - Processing file /home/milo/13-airflow/airflowhome/dags/07.1_external_task.py for tasks to queue
[2023-02-07 18:37:59,288] {logging_mixin.py:115} INFO - [2023-02-07 18:37:59,288] {dagbag.py:508} INFO - Filling up the DagBag from /home/milo/13-airflow/airflowhome/dags/07.1_external_task.py
[2023-02-07 18:37:59,313] {processor.py:651} INFO - DAG(s) dict_keys(['07.1_external_dag']) retrieved from /home/milo/13-airflow/airflowhome/dags/07.1_external_task.py
[2023-02-07 18:37:59,657] {logging_mixin.py:115} INFO - [2023-02-07 18:37:59,657] {dag.py:2420} INFO - Sync 1 DAGs
[2023-02-07 18:37:59,710] {logging_mixin.py:115} INFO - [2023-02-07 18:37:59,709] {dag.py:2439} INFO - Creating ORM DAG for 07.1_external_dag
[2023-02-07 18:37:59,739] {logging_mixin.py:115} INFO - [2023-02-07 18:37:59,738] {dag.py:2968} INFO - Setting next_dagrun for 07.1_external_dag to 2022-11-01T00:00:00+00:00, run_after=2022-11-02T00:00:00+00:00
[2023-02-07 18:37:59,775] {processor.py:161} INFO - Processing /home/milo/13-airflow/airflowhome/dags/07.1_external_task.py took 0.504 seconds
[2023-02-07 18:38:29,925] {processor.py:153} INFO - Started process (PID=33773) to work on /home/milo/13-airflow/airflowhome/dags/07.1_external_task.py
[2023-02-07 18:38:29,926] {processor.py:641} INFO - Processing file /home/milo/13-airflow/airflowhome/dags/07.1_external_task.py for tasks to queue
[2023-02-07 18:38:29,927] {logging_mixin.py:115} INFO - [2023-02-07 18:38:29,926] {dagbag.py:508} INFO - Filling up the DagBag from /home/milo/13-airflow/airflowhome/dags/07.1_external_task.py
[2023-02-07 18:38:29,938] {processor.py:651} INFO - DAG(s) dict_keys(['07.1_external_dag']) retrieved from /home/milo/13-airflow/airflowhome/dags/07.1_external_task.py
[2023-02-07 18:38:29,967] {logging_mixin.py:115} INFO - [2023-02-07 18:38:29,967] {dag.py:2420} INFO - Sync 1 DAGs
[2023-02-07 18:38:30,000] {logging_mixin.py:115} INFO - [2023-02-07 18:38:29,999] {dag.py:2968} INFO - Setting next_dagrun for 07.1_external_dag to 2022-11-01T00:00:00+00:00, run_after=2022-11-02T00:00:00+00:00
[2023-02-07 18:38:30,024] {processor.py:161} INFO - Processing /home/milo/13-airflow/airflowhome/dags/07.1_external_task.py took 0.105 seconds
[2023-02-07 18:39:00,218] {processor.py:153} INFO - Started process (PID=33846) to work on /home/milo/13-airflow/airflowhome/dags/07.1_external_task.py
[2023-02-07 18:39:00,220] {processor.py:641} INFO - Processing file /home/milo/13-airflow/airflowhome/dags/07.1_external_task.py for tasks to queue
[2023-02-07 18:39:00,221] {logging_mixin.py:115} INFO - [2023-02-07 18:39:00,221] {dagbag.py:508} INFO - Filling up the DagBag from /home/milo/13-airflow/airflowhome/dags/07.1_external_task.py
[2023-02-07 18:39:00,232] {processor.py:651} INFO - DAG(s) dict_keys(['07.1_external_dag']) retrieved from /home/milo/13-airflow/airflowhome/dags/07.1_external_task.py
[2023-02-07 18:39:00,260] {logging_mixin.py:115} INFO - [2023-02-07 18:39:00,259] {dag.py:2420} INFO - Sync 1 DAGs
[2023-02-07 18:39:00,290] {logging_mixin.py:115} INFO - [2023-02-07 18:39:00,290] {dag.py:2968} INFO - Setting next_dagrun for 07.1_external_dag to 2022-11-01T00:00:00+00:00, run_after=2022-11-02T00:00:00+00:00
[2023-02-07 18:39:00,314] {processor.py:161} INFO - Processing /home/milo/13-airflow/airflowhome/dags/07.1_external_task.py took 0.102 seconds
[2023-02-07 18:39:30,526] {processor.py:153} INFO - Started process (PID=33955) to work on /home/milo/13-airflow/airflowhome/dags/07.1_external_task.py
[2023-02-07 18:39:30,535] {processor.py:641} INFO - Processing file /home/milo/13-airflow/airflowhome/dags/07.1_external_task.py for tasks to queue
[2023-02-07 18:39:30,536] {logging_mixin.py:115} INFO - [2023-02-07 18:39:30,536] {dagbag.py:508} INFO - Filling up the DagBag from /home/milo/13-airflow/airflowhome/dags/07.1_external_task.py
[2023-02-07 18:39:30,547] {processor.py:651} INFO - DAG(s) dict_keys(['07.1_external_dag']) retrieved from /home/milo/13-airflow/airflowhome/dags/07.1_external_task.py
[2023-02-07 18:39:30,575] {logging_mixin.py:115} INFO - [2023-02-07 18:39:30,574] {dag.py:2420} INFO - Sync 1 DAGs
[2023-02-07 18:39:30,610] {logging_mixin.py:115} INFO - [2023-02-07 18:39:30,610] {dag.py:2968} INFO - Setting next_dagrun for 07.1_external_dag to 2022-11-01T00:00:00+00:00, run_after=2022-11-02T00:00:00+00:00
[2023-02-07 18:39:30,633] {processor.py:161} INFO - Processing /home/milo/13-airflow/airflowhome/dags/07.1_external_task.py took 0.112 seconds
[2023-02-07 18:40:00,973] {processor.py:153} INFO - Started process (PID=34028) to work on /home/milo/13-airflow/airflowhome/dags/07.1_external_task.py
[2023-02-07 18:40:00,975] {processor.py:641} INFO - Processing file /home/milo/13-airflow/airflowhome/dags/07.1_external_task.py for tasks to queue
[2023-02-07 18:40:00,976] {logging_mixin.py:115} INFO - [2023-02-07 18:40:00,976] {dagbag.py:508} INFO - Filling up the DagBag from /home/milo/13-airflow/airflowhome/dags/07.1_external_task.py
[2023-02-07 18:40:00,987] {processor.py:651} INFO - DAG(s) dict_keys(['07.1_external_dag']) retrieved from /home/milo/13-airflow/airflowhome/dags/07.1_external_task.py
[2023-02-07 18:40:01,016] {logging_mixin.py:115} INFO - [2023-02-07 18:40:01,016] {dag.py:2420} INFO - Sync 1 DAGs
[2023-02-07 18:40:01,045] {logging_mixin.py:115} INFO - [2023-02-07 18:40:01,045] {dag.py:2968} INFO - Setting next_dagrun for 07.1_external_dag to 2022-11-01T00:00:00+00:00, run_after=2022-11-02T00:00:00+00:00
[2023-02-07 18:40:01,070] {processor.py:161} INFO - Processing /home/milo/13-airflow/airflowhome/dags/07.1_external_task.py took 0.102 seconds
[2023-02-07 18:40:31,503] {processor.py:153} INFO - Started process (PID=34101) to work on /home/milo/13-airflow/airflowhome/dags/07.1_external_task.py
[2023-02-07 18:40:31,504] {processor.py:641} INFO - Processing file /home/milo/13-airflow/airflowhome/dags/07.1_external_task.py for tasks to queue
[2023-02-07 18:40:31,505] {logging_mixin.py:115} INFO - [2023-02-07 18:40:31,505] {dagbag.py:508} INFO - Filling up the DagBag from /home/milo/13-airflow/airflowhome/dags/07.1_external_task.py
[2023-02-07 18:40:31,517] {processor.py:651} INFO - DAG(s) dict_keys(['07.1_external_dag']) retrieved from /home/milo/13-airflow/airflowhome/dags/07.1_external_task.py
[2023-02-07 18:40:31,552] {logging_mixin.py:115} INFO - [2023-02-07 18:40:31,552] {dag.py:2420} INFO - Sync 1 DAGs
[2023-02-07 18:40:31,582] {logging_mixin.py:115} INFO - [2023-02-07 18:40:31,581] {dag.py:2968} INFO - Setting next_dagrun for 07.1_external_dag to 2022-11-01T00:00:00+00:00, run_after=2022-11-02T00:00:00+00:00
[2023-02-07 18:40:31,622] {processor.py:161} INFO - Processing /home/milo/13-airflow/airflowhome/dags/07.1_external_task.py took 0.124 seconds
[2023-02-07 18:41:02,231] {processor.py:153} INFO - Started process (PID=34180) to work on /home/milo/13-airflow/airflowhome/dags/07.1_external_task.py
[2023-02-07 18:41:02,233] {processor.py:641} INFO - Processing file /home/milo/13-airflow/airflowhome/dags/07.1_external_task.py for tasks to queue
[2023-02-07 18:41:02,234] {logging_mixin.py:115} INFO - [2023-02-07 18:41:02,234] {dagbag.py:508} INFO - Filling up the DagBag from /home/milo/13-airflow/airflowhome/dags/07.1_external_task.py
[2023-02-07 18:41:02,246] {processor.py:651} INFO - DAG(s) dict_keys(['07.1_external_dag']) retrieved from /home/milo/13-airflow/airflowhome/dags/07.1_external_task.py
[2023-02-07 18:41:02,279] {logging_mixin.py:115} INFO - [2023-02-07 18:41:02,279] {dag.py:2420} INFO - Sync 1 DAGs
[2023-02-07 18:41:02,307] {logging_mixin.py:115} INFO - [2023-02-07 18:41:02,307] {dag.py:2968} INFO - Setting next_dagrun for 07.1_external_dag to 2022-11-01T00:00:00+00:00, run_after=2022-11-02T00:00:00+00:00
[2023-02-07 18:41:02,333] {processor.py:161} INFO - Processing /home/milo/13-airflow/airflowhome/dags/07.1_external_task.py took 0.107 seconds
[2023-02-07 18:41:32,585] {processor.py:153} INFO - Started process (PID=34252) to work on /home/milo/13-airflow/airflowhome/dags/07.1_external_task.py
[2023-02-07 18:41:32,588] {processor.py:641} INFO - Processing file /home/milo/13-airflow/airflowhome/dags/07.1_external_task.py for tasks to queue
[2023-02-07 18:41:32,589] {logging_mixin.py:115} INFO - [2023-02-07 18:41:32,589] {dagbag.py:508} INFO - Filling up the DagBag from /home/milo/13-airflow/airflowhome/dags/07.1_external_task.py
[2023-02-07 18:41:32,603] {processor.py:651} INFO - DAG(s) dict_keys(['07.1_external_dag']) retrieved from /home/milo/13-airflow/airflowhome/dags/07.1_external_task.py
[2023-02-07 18:41:32,638] {logging_mixin.py:115} INFO - [2023-02-07 18:41:32,638] {dag.py:2420} INFO - Sync 1 DAGs
[2023-02-07 18:41:32,667] {logging_mixin.py:115} INFO - [2023-02-07 18:41:32,667] {dag.py:2968} INFO - Setting next_dagrun for 07.1_external_dag to 2022-11-01T00:00:00+00:00, run_after=2022-11-02T00:00:00+00:00
[2023-02-07 18:41:32,692] {processor.py:161} INFO - Processing /home/milo/13-airflow/airflowhome/dags/07.1_external_task.py took 0.113 seconds
[2023-02-07 18:42:04,199] {processor.py:153} INFO - Started process (PID=34331) to work on /home/milo/13-airflow/airflowhome/dags/07.1_external_task.py
[2023-02-07 18:42:04,201] {processor.py:641} INFO - Processing file /home/milo/13-airflow/airflowhome/dags/07.1_external_task.py for tasks to queue
[2023-02-07 18:42:04,202] {logging_mixin.py:115} INFO - [2023-02-07 18:42:04,202] {dagbag.py:508} INFO - Filling up the DagBag from /home/milo/13-airflow/airflowhome/dags/07.1_external_task.py
[2023-02-07 18:42:04,215] {processor.py:651} INFO - DAG(s) dict_keys(['07.1_external_dag']) retrieved from /home/milo/13-airflow/airflowhome/dags/07.1_external_task.py
[2023-02-07 18:42:04,249] {logging_mixin.py:115} INFO - [2023-02-07 18:42:04,249] {dag.py:2420} INFO - Sync 1 DAGs
[2023-02-07 18:42:04,277] {logging_mixin.py:115} INFO - [2023-02-07 18:42:04,277] {dag.py:2968} INFO - Setting next_dagrun for 07.1_external_dag to 2022-11-01T00:00:00+00:00, run_after=2022-11-02T00:00:00+00:00
[2023-02-07 18:42:04,311] {processor.py:161} INFO - Processing /home/milo/13-airflow/airflowhome/dags/07.1_external_task.py took 0.117 seconds
[2023-02-07 18:42:35,552] {processor.py:153} INFO - Started process (PID=34409) to work on /home/milo/13-airflow/airflowhome/dags/07.1_external_task.py
[2023-02-07 18:42:35,553] {processor.py:641} INFO - Processing file /home/milo/13-airflow/airflowhome/dags/07.1_external_task.py for tasks to queue
[2023-02-07 18:42:35,554] {logging_mixin.py:115} INFO - [2023-02-07 18:42:35,554] {dagbag.py:508} INFO - Filling up the DagBag from /home/milo/13-airflow/airflowhome/dags/07.1_external_task.py
[2023-02-07 18:42:35,576] {processor.py:651} INFO - DAG(s) dict_keys(['07.1_external_dag']) retrieved from /home/milo/13-airflow/airflowhome/dags/07.1_external_task.py
[2023-02-07 18:42:35,626] {logging_mixin.py:115} INFO - [2023-02-07 18:42:35,625] {dag.py:2420} INFO - Sync 1 DAGs
[2023-02-07 18:42:35,677] {logging_mixin.py:115} INFO - [2023-02-07 18:42:35,677] {dag.py:2968} INFO - Setting next_dagrun for 07.1_external_dag to 2022-11-01T00:00:00+00:00, run_after=2022-11-02T00:00:00+00:00
[2023-02-07 18:42:35,700] {processor.py:161} INFO - Processing /home/milo/13-airflow/airflowhome/dags/07.1_external_task.py took 0.162 seconds
[2023-02-07 18:43:06,281] {processor.py:153} INFO - Started process (PID=34488) to work on /home/milo/13-airflow/airflowhome/dags/07.1_external_task.py
[2023-02-07 18:43:06,283] {processor.py:641} INFO - Processing file /home/milo/13-airflow/airflowhome/dags/07.1_external_task.py for tasks to queue
[2023-02-07 18:43:06,284] {logging_mixin.py:115} INFO - [2023-02-07 18:43:06,284] {dagbag.py:508} INFO - Filling up the DagBag from /home/milo/13-airflow/airflowhome/dags/07.1_external_task.py
[2023-02-07 18:43:06,295] {processor.py:651} INFO - DAG(s) dict_keys(['07.1_external_dag']) retrieved from /home/milo/13-airflow/airflowhome/dags/07.1_external_task.py
[2023-02-07 18:43:06,326] {logging_mixin.py:115} INFO - [2023-02-07 18:43:06,326] {dag.py:2420} INFO - Sync 1 DAGs
[2023-02-07 18:43:06,353] {logging_mixin.py:115} INFO - [2023-02-07 18:43:06,353] {dag.py:2968} INFO - Setting next_dagrun for 07.1_external_dag to 2022-11-01T00:00:00+00:00, run_after=2022-11-02T00:00:00+00:00
[2023-02-07 18:43:06,614] {processor.py:161} INFO - Processing /home/milo/13-airflow/airflowhome/dags/07.1_external_task.py took 0.339 seconds
[2023-02-07 18:43:36,864] {processor.py:153} INFO - Started process (PID=34560) to work on /home/milo/13-airflow/airflowhome/dags/07.1_external_task.py
[2023-02-07 18:43:36,865] {processor.py:641} INFO - Processing file /home/milo/13-airflow/airflowhome/dags/07.1_external_task.py for tasks to queue
[2023-02-07 18:43:36,866] {logging_mixin.py:115} INFO - [2023-02-07 18:43:36,866] {dagbag.py:508} INFO - Filling up the DagBag from /home/milo/13-airflow/airflowhome/dags/07.1_external_task.py
[2023-02-07 18:43:36,877] {processor.py:651} INFO - DAG(s) dict_keys(['07.1_external_dag']) retrieved from /home/milo/13-airflow/airflowhome/dags/07.1_external_task.py
[2023-02-07 18:43:36,908] {logging_mixin.py:115} INFO - [2023-02-07 18:43:36,908] {dag.py:2420} INFO - Sync 1 DAGs
[2023-02-07 18:43:36,936] {logging_mixin.py:115} INFO - [2023-02-07 18:43:36,936] {dag.py:2968} INFO - Setting next_dagrun for 07.1_external_dag to 2022-11-01T00:00:00+00:00, run_after=2022-11-02T00:00:00+00:00
[2023-02-07 18:43:38,591] {processor.py:161} INFO - Processing /home/milo/13-airflow/airflowhome/dags/07.1_external_task.py took 1.733 seconds
[2023-02-07 18:50:01,599] {processor.py:153} INFO - Started process (PID=35416) to work on /home/milo/13-airflow/airflowhome/dags/07.1_external_task.py
[2023-02-07 18:50:01,600] {processor.py:641} INFO - Processing file /home/milo/13-airflow/airflowhome/dags/07.1_external_task.py for tasks to queue
[2023-02-07 18:50:01,601] {logging_mixin.py:115} INFO - [2023-02-07 18:50:01,601] {dagbag.py:508} INFO - Filling up the DagBag from /home/milo/13-airflow/airflowhome/dags/07.1_external_task.py
[2023-02-07 18:50:01,614] {processor.py:651} INFO - DAG(s) dict_keys(['07.1_external_dag']) retrieved from /home/milo/13-airflow/airflowhome/dags/07.1_external_task.py
[2023-02-07 18:50:01,703] {logging_mixin.py:115} INFO - [2023-02-07 18:50:01,703] {dag.py:2420} INFO - Sync 1 DAGs
[2023-02-07 18:50:01,713] {logging_mixin.py:115} INFO - [2023-02-07 18:50:01,713] {dag.py:2439} INFO - Creating ORM DAG for 07.1_external_dag
[2023-02-07 18:50:01,729] {logging_mixin.py:115} INFO - [2023-02-07 18:50:01,729] {dag.py:2968} INFO - Setting next_dagrun for 07.1_external_dag to 2022-11-01T00:00:00+00:00, run_after=2022-11-02T00:00:00+00:00
[2023-02-07 18:50:01,762] {processor.py:161} INFO - Processing /home/milo/13-airflow/airflowhome/dags/07.1_external_task.py took 0.181 seconds
[2023-02-07 18:50:32,134] {processor.py:153} INFO - Started process (PID=35490) to work on /home/milo/13-airflow/airflowhome/dags/07.1_external_task.py
[2023-02-07 18:50:32,135] {processor.py:641} INFO - Processing file /home/milo/13-airflow/airflowhome/dags/07.1_external_task.py for tasks to queue
[2023-02-07 18:50:32,136] {logging_mixin.py:115} INFO - [2023-02-07 18:50:32,135] {dagbag.py:508} INFO - Filling up the DagBag from /home/milo/13-airflow/airflowhome/dags/07.1_external_task.py
[2023-02-07 18:50:32,149] {processor.py:651} INFO - DAG(s) dict_keys(['07.1_external_dag']) retrieved from /home/milo/13-airflow/airflowhome/dags/07.1_external_task.py
[2023-02-07 18:50:32,176] {logging_mixin.py:115} INFO - [2023-02-07 18:50:32,176] {dag.py:2420} INFO - Sync 1 DAGs
[2023-02-07 18:50:32,203] {logging_mixin.py:115} INFO - [2023-02-07 18:50:32,203] {dag.py:2968} INFO - Setting next_dagrun for 07.1_external_dag to 2022-11-01T00:00:00+00:00, run_after=2022-11-02T00:00:00+00:00
[2023-02-07 18:50:32,238] {processor.py:161} INFO - Processing /home/milo/13-airflow/airflowhome/dags/07.1_external_task.py took 0.109 seconds
[2023-02-07 18:51:02,742] {processor.py:153} INFO - Started process (PID=35563) to work on /home/milo/13-airflow/airflowhome/dags/07.1_external_task.py
[2023-02-07 18:51:02,743] {processor.py:641} INFO - Processing file /home/milo/13-airflow/airflowhome/dags/07.1_external_task.py for tasks to queue
[2023-02-07 18:51:02,745] {logging_mixin.py:115} INFO - [2023-02-07 18:51:02,745] {dagbag.py:508} INFO - Filling up the DagBag from /home/milo/13-airflow/airflowhome/dags/07.1_external_task.py
[2023-02-07 18:51:02,756] {processor.py:651} INFO - DAG(s) dict_keys(['07.1_external_dag']) retrieved from /home/milo/13-airflow/airflowhome/dags/07.1_external_task.py
[2023-02-07 18:51:02,783] {logging_mixin.py:115} INFO - [2023-02-07 18:51:02,782] {dag.py:2420} INFO - Sync 1 DAGs
[2023-02-07 18:51:02,809] {logging_mixin.py:115} INFO - [2023-02-07 18:51:02,809] {dag.py:2968} INFO - Setting next_dagrun for 07.1_external_dag to 2022-11-01T00:00:00+00:00, run_after=2022-11-02T00:00:00+00:00
[2023-02-07 18:51:02,830] {processor.py:161} INFO - Processing /home/milo/13-airflow/airflowhome/dags/07.1_external_task.py took 0.094 seconds
[2023-02-07 18:51:33,284] {processor.py:153} INFO - Started process (PID=35641) to work on /home/milo/13-airflow/airflowhome/dags/07.1_external_task.py
[2023-02-07 18:51:33,285] {processor.py:641} INFO - Processing file /home/milo/13-airflow/airflowhome/dags/07.1_external_task.py for tasks to queue
[2023-02-07 18:51:33,287] {logging_mixin.py:115} INFO - [2023-02-07 18:51:33,287] {dagbag.py:508} INFO - Filling up the DagBag from /home/milo/13-airflow/airflowhome/dags/07.1_external_task.py
[2023-02-07 18:51:33,299] {processor.py:651} INFO - DAG(s) dict_keys(['07.1_external_dag']) retrieved from /home/milo/13-airflow/airflowhome/dags/07.1_external_task.py
[2023-02-07 18:51:33,335] {logging_mixin.py:115} INFO - [2023-02-07 18:51:33,335] {dag.py:2420} INFO - Sync 1 DAGs
[2023-02-07 18:51:33,363] {logging_mixin.py:115} INFO - [2023-02-07 18:51:33,363] {dag.py:2968} INFO - Setting next_dagrun for 07.1_external_dag to 2022-11-01T00:00:00+00:00, run_after=2022-11-02T00:00:00+00:00
[2023-02-07 18:51:33,386] {processor.py:161} INFO - Processing /home/milo/13-airflow/airflowhome/dags/07.1_external_task.py took 0.109 seconds
[2023-02-07 18:52:03,767] {processor.py:153} INFO - Started process (PID=35714) to work on /home/milo/13-airflow/airflowhome/dags/07.1_external_task.py
[2023-02-07 18:52:03,769] {processor.py:641} INFO - Processing file /home/milo/13-airflow/airflowhome/dags/07.1_external_task.py for tasks to queue
[2023-02-07 18:52:03,770] {logging_mixin.py:115} INFO - [2023-02-07 18:52:03,770] {dagbag.py:508} INFO - Filling up the DagBag from /home/milo/13-airflow/airflowhome/dags/07.1_external_task.py
[2023-02-07 18:52:03,781] {processor.py:651} INFO - DAG(s) dict_keys(['07.1_external_dag']) retrieved from /home/milo/13-airflow/airflowhome/dags/07.1_external_task.py
[2023-02-07 18:52:03,809] {logging_mixin.py:115} INFO - [2023-02-07 18:52:03,809] {dag.py:2420} INFO - Sync 1 DAGs
[2023-02-07 18:52:03,837] {logging_mixin.py:115} INFO - [2023-02-07 18:52:03,836] {dag.py:2968} INFO - Setting next_dagrun for 07.1_external_dag to 2022-11-01T00:00:00+00:00, run_after=2022-11-02T00:00:00+00:00
[2023-02-07 18:52:03,859] {processor.py:161} INFO - Processing /home/milo/13-airflow/airflowhome/dags/07.1_external_task.py took 0.097 seconds
[2023-02-07 18:52:34,210] {processor.py:153} INFO - Started process (PID=35786) to work on /home/milo/13-airflow/airflowhome/dags/07.1_external_task.py
[2023-02-07 18:52:34,210] {processor.py:641} INFO - Processing file /home/milo/13-airflow/airflowhome/dags/07.1_external_task.py for tasks to queue
[2023-02-07 18:52:34,211] {logging_mixin.py:115} INFO - [2023-02-07 18:52:34,211] {dagbag.py:508} INFO - Filling up the DagBag from /home/milo/13-airflow/airflowhome/dags/07.1_external_task.py
[2023-02-07 18:52:34,223] {processor.py:651} INFO - DAG(s) dict_keys(['07.1_external_dag']) retrieved from /home/milo/13-airflow/airflowhome/dags/07.1_external_task.py
[2023-02-07 18:52:34,250] {logging_mixin.py:115} INFO - [2023-02-07 18:52:34,250] {dag.py:2420} INFO - Sync 1 DAGs
[2023-02-07 18:52:34,278] {logging_mixin.py:115} INFO - [2023-02-07 18:52:34,277] {dag.py:2968} INFO - Setting next_dagrun for 07.1_external_dag to 2022-11-01T00:00:00+00:00, run_after=2022-11-02T00:00:00+00:00
[2023-02-07 18:52:34,300] {processor.py:161} INFO - Processing /home/milo/13-airflow/airflowhome/dags/07.1_external_task.py took 0.096 seconds
[2023-02-07 18:53:04,628] {processor.py:153} INFO - Started process (PID=35860) to work on /home/milo/13-airflow/airflowhome/dags/07.1_external_task.py
[2023-02-07 18:53:04,630] {processor.py:641} INFO - Processing file /home/milo/13-airflow/airflowhome/dags/07.1_external_task.py for tasks to queue
[2023-02-07 18:53:04,631] {logging_mixin.py:115} INFO - [2023-02-07 18:53:04,631] {dagbag.py:508} INFO - Filling up the DagBag from /home/milo/13-airflow/airflowhome/dags/07.1_external_task.py
[2023-02-07 18:53:04,643] {processor.py:651} INFO - DAG(s) dict_keys(['07.1_external_dag']) retrieved from /home/milo/13-airflow/airflowhome/dags/07.1_external_task.py
[2023-02-07 18:53:04,672] {logging_mixin.py:115} INFO - [2023-02-07 18:53:04,672] {dag.py:2420} INFO - Sync 1 DAGs
[2023-02-07 18:53:04,701] {logging_mixin.py:115} INFO - [2023-02-07 18:53:04,701] {dag.py:2968} INFO - Setting next_dagrun for 07.1_external_dag to 2022-11-01T00:00:00+00:00, run_after=2022-11-02T00:00:00+00:00
[2023-02-07 18:53:04,721] {processor.py:161} INFO - Processing /home/milo/13-airflow/airflowhome/dags/07.1_external_task.py took 0.100 seconds
[2023-02-07 18:53:35,215] {processor.py:153} INFO - Started process (PID=35937) to work on /home/milo/13-airflow/airflowhome/dags/07.1_external_task.py
[2023-02-07 18:53:35,216] {processor.py:641} INFO - Processing file /home/milo/13-airflow/airflowhome/dags/07.1_external_task.py for tasks to queue
[2023-02-07 18:53:35,217] {logging_mixin.py:115} INFO - [2023-02-07 18:53:35,217] {dagbag.py:508} INFO - Filling up the DagBag from /home/milo/13-airflow/airflowhome/dags/07.1_external_task.py
[2023-02-07 18:53:35,229] {processor.py:651} INFO - DAG(s) dict_keys(['07.1_external_dag']) retrieved from /home/milo/13-airflow/airflowhome/dags/07.1_external_task.py
[2023-02-07 18:53:35,259] {logging_mixin.py:115} INFO - [2023-02-07 18:53:35,259] {dag.py:2420} INFO - Sync 1 DAGs
[2023-02-07 18:53:35,286] {logging_mixin.py:115} INFO - [2023-02-07 18:53:35,286] {dag.py:2968} INFO - Setting next_dagrun for 07.1_external_dag to 2022-11-01T00:00:00+00:00, run_after=2022-11-02T00:00:00+00:00
[2023-02-07 18:53:35,307] {processor.py:161} INFO - Processing /home/milo/13-airflow/airflowhome/dags/07.1_external_task.py took 0.098 seconds
[2023-02-07 18:54:05,662] {processor.py:153} INFO - Started process (PID=36010) to work on /home/milo/13-airflow/airflowhome/dags/07.1_external_task.py
[2023-02-07 18:54:05,663] {processor.py:641} INFO - Processing file /home/milo/13-airflow/airflowhome/dags/07.1_external_task.py for tasks to queue
[2023-02-07 18:54:05,665] {logging_mixin.py:115} INFO - [2023-02-07 18:54:05,664] {dagbag.py:508} INFO - Filling up the DagBag from /home/milo/13-airflow/airflowhome/dags/07.1_external_task.py
[2023-02-07 18:54:05,677] {processor.py:651} INFO - DAG(s) dict_keys(['07.1_external_dag']) retrieved from /home/milo/13-airflow/airflowhome/dags/07.1_external_task.py
[2023-02-07 18:54:05,706] {logging_mixin.py:115} INFO - [2023-02-07 18:54:05,706] {dag.py:2420} INFO - Sync 1 DAGs
[2023-02-07 18:54:05,736] {logging_mixin.py:115} INFO - [2023-02-07 18:54:05,735] {dag.py:2968} INFO - Setting next_dagrun for 07.1_external_dag to 2022-11-01T00:00:00+00:00, run_after=2022-11-02T00:00:00+00:00
[2023-02-07 18:54:05,763] {processor.py:161} INFO - Processing /home/milo/13-airflow/airflowhome/dags/07.1_external_task.py took 0.107 seconds
[2023-02-07 18:54:36,318] {processor.py:153} INFO - Started process (PID=36088) to work on /home/milo/13-airflow/airflowhome/dags/07.1_external_task.py
[2023-02-07 18:54:36,319] {processor.py:641} INFO - Processing file /home/milo/13-airflow/airflowhome/dags/07.1_external_task.py for tasks to queue
[2023-02-07 18:54:36,320] {logging_mixin.py:115} INFO - [2023-02-07 18:54:36,320] {dagbag.py:508} INFO - Filling up the DagBag from /home/milo/13-airflow/airflowhome/dags/07.1_external_task.py
[2023-02-07 18:54:36,332] {processor.py:651} INFO - DAG(s) dict_keys(['07.1_external_dag']) retrieved from /home/milo/13-airflow/airflowhome/dags/07.1_external_task.py
[2023-02-07 18:54:36,362] {logging_mixin.py:115} INFO - [2023-02-07 18:54:36,362] {dag.py:2420} INFO - Sync 1 DAGs
[2023-02-07 18:54:36,392] {logging_mixin.py:115} INFO - [2023-02-07 18:54:36,391] {dag.py:2968} INFO - Setting next_dagrun for 07.1_external_dag to 2022-11-01T00:00:00+00:00, run_after=2022-11-02T00:00:00+00:00
[2023-02-07 18:54:36,414] {processor.py:161} INFO - Processing /home/milo/13-airflow/airflowhome/dags/07.1_external_task.py took 0.102 seconds
[2023-02-07 18:55:06,868] {processor.py:153} INFO - Started process (PID=36164) to work on /home/milo/13-airflow/airflowhome/dags/07.1_external_task.py
[2023-02-07 18:55:06,871] {processor.py:641} INFO - Processing file /home/milo/13-airflow/airflowhome/dags/07.1_external_task.py for tasks to queue
[2023-02-07 18:55:06,872] {logging_mixin.py:115} INFO - [2023-02-07 18:55:06,872] {dagbag.py:508} INFO - Filling up the DagBag from /home/milo/13-airflow/airflowhome/dags/07.1_external_task.py
[2023-02-07 18:55:06,886] {processor.py:651} INFO - DAG(s) dict_keys(['07.1_external_dag']) retrieved from /home/milo/13-airflow/airflowhome/dags/07.1_external_task.py
[2023-02-07 18:55:06,921] {logging_mixin.py:115} INFO - [2023-02-07 18:55:06,921] {dag.py:2420} INFO - Sync 1 DAGs
[2023-02-07 18:55:06,957] {logging_mixin.py:115} INFO - [2023-02-07 18:55:06,957] {dag.py:2968} INFO - Setting next_dagrun for 07.1_external_dag to 2022-11-01T00:00:00+00:00, run_after=2022-11-02T00:00:00+00:00
[2023-02-07 18:55:06,985] {processor.py:161} INFO - Processing /home/milo/13-airflow/airflowhome/dags/07.1_external_task.py took 0.124 seconds
[2023-02-07 18:55:37,407] {processor.py:153} INFO - Started process (PID=36236) to work on /home/milo/13-airflow/airflowhome/dags/07.1_external_task.py
[2023-02-07 18:55:37,407] {processor.py:641} INFO - Processing file /home/milo/13-airflow/airflowhome/dags/07.1_external_task.py for tasks to queue
[2023-02-07 18:55:37,408] {logging_mixin.py:115} INFO - [2023-02-07 18:55:37,408] {dagbag.py:508} INFO - Filling up the DagBag from /home/milo/13-airflow/airflowhome/dags/07.1_external_task.py
[2023-02-07 18:55:37,421] {processor.py:651} INFO - DAG(s) dict_keys(['07.1_external_dag']) retrieved from /home/milo/13-airflow/airflowhome/dags/07.1_external_task.py
[2023-02-07 18:55:37,451] {logging_mixin.py:115} INFO - [2023-02-07 18:55:37,451] {dag.py:2420} INFO - Sync 1 DAGs
[2023-02-07 18:55:37,481] {logging_mixin.py:115} INFO - [2023-02-07 18:55:37,481] {dag.py:2968} INFO - Setting next_dagrun for 07.1_external_dag to 2022-11-01T00:00:00+00:00, run_after=2022-11-02T00:00:00+00:00
[2023-02-07 18:55:37,502] {processor.py:161} INFO - Processing /home/milo/13-airflow/airflowhome/dags/07.1_external_task.py took 0.101 seconds
[2023-02-07 18:56:08,082] {processor.py:153} INFO - Started process (PID=36309) to work on /home/milo/13-airflow/airflowhome/dags/07.1_external_task.py
[2023-02-07 18:56:08,084] {processor.py:641} INFO - Processing file /home/milo/13-airflow/airflowhome/dags/07.1_external_task.py for tasks to queue
[2023-02-07 18:56:08,085] {logging_mixin.py:115} INFO - [2023-02-07 18:56:08,085] {dagbag.py:508} INFO - Filling up the DagBag from /home/milo/13-airflow/airflowhome/dags/07.1_external_task.py
[2023-02-07 18:56:08,098] {processor.py:651} INFO - DAG(s) dict_keys(['07.1_external_dag']) retrieved from /home/milo/13-airflow/airflowhome/dags/07.1_external_task.py
[2023-02-07 18:56:08,131] {logging_mixin.py:115} INFO - [2023-02-07 18:56:08,131] {dag.py:2420} INFO - Sync 1 DAGs
[2023-02-07 18:56:08,165] {logging_mixin.py:115} INFO - [2023-02-07 18:56:08,165] {dag.py:2968} INFO - Setting next_dagrun for 07.1_external_dag to 2022-11-01T00:00:00+00:00, run_after=2022-11-02T00:00:00+00:00
[2023-02-07 18:56:08,188] {processor.py:161} INFO - Processing /home/milo/13-airflow/airflowhome/dags/07.1_external_task.py took 0.113 seconds
[2023-02-07 18:56:38,702] {processor.py:153} INFO - Started process (PID=36384) to work on /home/milo/13-airflow/airflowhome/dags/07.1_external_task.py
[2023-02-07 18:56:38,705] {processor.py:641} INFO - Processing file /home/milo/13-airflow/airflowhome/dags/07.1_external_task.py for tasks to queue
[2023-02-07 18:56:38,706] {logging_mixin.py:115} INFO - [2023-02-07 18:56:38,706] {dagbag.py:508} INFO - Filling up the DagBag from /home/milo/13-airflow/airflowhome/dags/07.1_external_task.py
[2023-02-07 18:56:38,720] {processor.py:651} INFO - DAG(s) dict_keys(['07.1_external_dag']) retrieved from /home/milo/13-airflow/airflowhome/dags/07.1_external_task.py
[2023-02-07 18:56:38,778] {logging_mixin.py:115} INFO - [2023-02-07 18:56:38,778] {dag.py:2420} INFO - Sync 1 DAGs
[2023-02-07 18:56:38,818] {logging_mixin.py:115} INFO - [2023-02-07 18:56:38,817] {dag.py:2968} INFO - Setting next_dagrun for 07.1_external_dag to 2022-11-01T00:00:00+00:00, run_after=2022-11-02T00:00:00+00:00
[2023-02-07 18:56:38,840] {processor.py:161} INFO - Processing /home/milo/13-airflow/airflowhome/dags/07.1_external_task.py took 0.154 seconds
[2023-02-07 18:57:09,200] {processor.py:153} INFO - Started process (PID=36460) to work on /home/milo/13-airflow/airflowhome/dags/07.1_external_task.py
[2023-02-07 18:57:09,201] {processor.py:641} INFO - Processing file /home/milo/13-airflow/airflowhome/dags/07.1_external_task.py for tasks to queue
[2023-02-07 18:57:09,202] {logging_mixin.py:115} INFO - [2023-02-07 18:57:09,202] {dagbag.py:508} INFO - Filling up the DagBag from /home/milo/13-airflow/airflowhome/dags/07.1_external_task.py
[2023-02-07 18:57:09,215] {processor.py:651} INFO - DAG(s) dict_keys(['07.1_external_dag']) retrieved from /home/milo/13-airflow/airflowhome/dags/07.1_external_task.py
[2023-02-07 18:57:09,245] {logging_mixin.py:115} INFO - [2023-02-07 18:57:09,245] {dag.py:2420} INFO - Sync 1 DAGs
[2023-02-07 18:57:09,273] {logging_mixin.py:115} INFO - [2023-02-07 18:57:09,273] {dag.py:2968} INFO - Setting next_dagrun for 07.1_external_dag to 2022-11-01T00:00:00+00:00, run_after=2022-11-02T00:00:00+00:00
[2023-02-07 18:57:09,295] {processor.py:161} INFO - Processing /home/milo/13-airflow/airflowhome/dags/07.1_external_task.py took 0.100 seconds
[2023-02-07 18:57:39,740] {processor.py:153} INFO - Started process (PID=36533) to work on /home/milo/13-airflow/airflowhome/dags/07.1_external_task.py
[2023-02-07 18:57:39,742] {processor.py:641} INFO - Processing file /home/milo/13-airflow/airflowhome/dags/07.1_external_task.py for tasks to queue
[2023-02-07 18:57:39,743] {logging_mixin.py:115} INFO - [2023-02-07 18:57:39,743] {dagbag.py:508} INFO - Filling up the DagBag from /home/milo/13-airflow/airflowhome/dags/07.1_external_task.py
[2023-02-07 18:57:39,755] {processor.py:651} INFO - DAG(s) dict_keys(['07.1_external_dag']) retrieved from /home/milo/13-airflow/airflowhome/dags/07.1_external_task.py
[2023-02-07 18:57:39,785] {logging_mixin.py:115} INFO - [2023-02-07 18:57:39,785] {dag.py:2420} INFO - Sync 1 DAGs
[2023-02-07 18:57:39,815] {logging_mixin.py:115} INFO - [2023-02-07 18:57:39,814] {dag.py:2968} INFO - Setting next_dagrun for 07.1_external_dag to 2022-11-01T00:00:00+00:00, run_after=2022-11-02T00:00:00+00:00
[2023-02-07 18:57:39,837] {processor.py:161} INFO - Processing /home/milo/13-airflow/airflowhome/dags/07.1_external_task.py took 0.102 seconds
[2023-02-07 18:58:10,298] {processor.py:153} INFO - Started process (PID=36606) to work on /home/milo/13-airflow/airflowhome/dags/07.1_external_task.py
[2023-02-07 18:58:10,299] {processor.py:641} INFO - Processing file /home/milo/13-airflow/airflowhome/dags/07.1_external_task.py for tasks to queue
[2023-02-07 18:58:10,300] {logging_mixin.py:115} INFO - [2023-02-07 18:58:10,300] {dagbag.py:508} INFO - Filling up the DagBag from /home/milo/13-airflow/airflowhome/dags/07.1_external_task.py
[2023-02-07 18:58:10,312] {processor.py:651} INFO - DAG(s) dict_keys(['07.1_external_dag']) retrieved from /home/milo/13-airflow/airflowhome/dags/07.1_external_task.py
[2023-02-07 18:58:10,341] {logging_mixin.py:115} INFO - [2023-02-07 18:58:10,341] {dag.py:2420} INFO - Sync 1 DAGs
[2023-02-07 18:58:10,370] {logging_mixin.py:115} INFO - [2023-02-07 18:58:10,370] {dag.py:2968} INFO - Setting next_dagrun for 07.1_external_dag to 2022-11-01T00:00:00+00:00, run_after=2022-11-02T00:00:00+00:00
[2023-02-07 18:58:10,393] {processor.py:161} INFO - Processing /home/milo/13-airflow/airflowhome/dags/07.1_external_task.py took 0.101 seconds
[2023-02-07 18:58:40,885] {processor.py:153} INFO - Started process (PID=36681) to work on /home/milo/13-airflow/airflowhome/dags/07.1_external_task.py
[2023-02-07 18:58:40,893] {processor.py:641} INFO - Processing file /home/milo/13-airflow/airflowhome/dags/07.1_external_task.py for tasks to queue
[2023-02-07 18:58:40,894] {logging_mixin.py:115} INFO - [2023-02-07 18:58:40,894] {dagbag.py:508} INFO - Filling up the DagBag from /home/milo/13-airflow/airflowhome/dags/07.1_external_task.py
[2023-02-07 18:58:40,927] {processor.py:651} INFO - DAG(s) dict_keys(['07.1_external_dag']) retrieved from /home/milo/13-airflow/airflowhome/dags/07.1_external_task.py
[2023-02-07 18:58:40,995] {logging_mixin.py:115} INFO - [2023-02-07 18:58:40,995] {dag.py:2420} INFO - Sync 1 DAGs
[2023-02-07 18:58:41,060] {logging_mixin.py:115} INFO - [2023-02-07 18:58:41,060] {dag.py:2968} INFO - Setting next_dagrun for 07.1_external_dag to 2022-11-01T00:00:00+00:00, run_after=2022-11-02T00:00:00+00:00
[2023-02-07 18:58:41,086] {processor.py:161} INFO - Processing /home/milo/13-airflow/airflowhome/dags/07.1_external_task.py took 0.227 seconds
[2023-02-07 18:59:11,212] {processor.py:153} INFO - Started process (PID=36757) to work on /home/milo/13-airflow/airflowhome/dags/07.1_external_task.py
[2023-02-07 18:59:11,215] {processor.py:641} INFO - Processing file /home/milo/13-airflow/airflowhome/dags/07.1_external_task.py for tasks to queue
[2023-02-07 18:59:11,216] {logging_mixin.py:115} INFO - [2023-02-07 18:59:11,216] {dagbag.py:508} INFO - Filling up the DagBag from /home/milo/13-airflow/airflowhome/dags/07.1_external_task.py
[2023-02-07 18:59:11,229] {processor.py:651} INFO - DAG(s) dict_keys(['07.1_external_dag']) retrieved from /home/milo/13-airflow/airflowhome/dags/07.1_external_task.py
[2023-02-07 18:59:11,258] {logging_mixin.py:115} INFO - [2023-02-07 18:59:11,258] {dag.py:2420} INFO - Sync 1 DAGs
[2023-02-07 18:59:11,289] {logging_mixin.py:115} INFO - [2023-02-07 18:59:11,289] {dag.py:2968} INFO - Setting next_dagrun for 07.1_external_dag to 2022-11-01T00:00:00+00:00, run_after=2022-11-02T00:00:00+00:00
[2023-02-07 18:59:11,313] {processor.py:161} INFO - Processing /home/milo/13-airflow/airflowhome/dags/07.1_external_task.py took 0.107 seconds
[2023-02-07 18:59:41,527] {processor.py:153} INFO - Started process (PID=36829) to work on /home/milo/13-airflow/airflowhome/dags/07.1_external_task.py
[2023-02-07 18:59:41,530] {processor.py:641} INFO - Processing file /home/milo/13-airflow/airflowhome/dags/07.1_external_task.py for tasks to queue
[2023-02-07 18:59:41,531] {logging_mixin.py:115} INFO - [2023-02-07 18:59:41,531] {dagbag.py:508} INFO - Filling up the DagBag from /home/milo/13-airflow/airflowhome/dags/07.1_external_task.py
[2023-02-07 18:59:41,545] {processor.py:651} INFO - DAG(s) dict_keys(['07.1_external_dag']) retrieved from /home/milo/13-airflow/airflowhome/dags/07.1_external_task.py
[2023-02-07 18:59:41,578] {logging_mixin.py:115} INFO - [2023-02-07 18:59:41,578] {dag.py:2420} INFO - Sync 1 DAGs
[2023-02-07 18:59:41,610] {logging_mixin.py:115} INFO - [2023-02-07 18:59:41,609] {dag.py:2968} INFO - Setting next_dagrun for 07.1_external_dag to 2022-11-01T00:00:00+00:00, run_after=2022-11-02T00:00:00+00:00
[2023-02-07 18:59:41,631] {processor.py:161} INFO - Processing /home/milo/13-airflow/airflowhome/dags/07.1_external_task.py took 0.110 seconds
