[2023-02-07 17:20:46,757] {processor.py:153} INFO - Started process (PID=22248) to work on /home/milo/13-airflow/airflowhome/dags/07.1_external_task_sensor.py
[2023-02-07 17:20:46,758] {processor.py:641} INFO - Processing file /home/milo/13-airflow/airflowhome/dags/07.1_external_task_sensor.py for tasks to queue
[2023-02-07 17:20:46,758] {logging_mixin.py:115} INFO - [2023-02-07 17:20:46,758] {dagbag.py:508} INFO - Filling up the DagBag from /home/milo/13-airflow/airflowhome/dags/07.1_external_task_sensor.py
[2023-02-07 17:20:46,774] {processor.py:651} INFO - DAG(s) dict_keys(['07_external_task_sensor']) retrieved from /home/milo/13-airflow/airflowhome/dags/07.1_external_task_sensor.py
[2023-02-07 17:20:46,793] {logging_mixin.py:115} INFO - [2023-02-07 17:20:46,793] {dag.py:2420} INFO - Sync 1 DAGs
[2023-02-07 17:20:46,831] {logging_mixin.py:115} INFO - [2023-02-07 17:20:46,831] {dag.py:2968} INFO - Setting next_dagrun for 07_external_task_sensor to 2022-11-01T00:00:00+00:00, run_after=2022-11-02T00:00:00+00:00
[2023-02-07 17:20:46,860] {processor.py:161} INFO - Processing /home/milo/13-airflow/airflowhome/dags/07.1_external_task_sensor.py took 0.108 seconds
[2023-02-07 17:21:17,343] {processor.py:153} INFO - Started process (PID=22332) to work on /home/milo/13-airflow/airflowhome/dags/07.1_external_task_sensor.py
[2023-02-07 17:21:17,345] {processor.py:641} INFO - Processing file /home/milo/13-airflow/airflowhome/dags/07.1_external_task_sensor.py for tasks to queue
[2023-02-07 17:21:17,346] {logging_mixin.py:115} INFO - [2023-02-07 17:21:17,346] {dagbag.py:508} INFO - Filling up the DagBag from /home/milo/13-airflow/airflowhome/dags/07.1_external_task_sensor.py
[2023-02-07 17:21:17,361] {processor.py:651} INFO - DAG(s) dict_keys(['07_external_task_sensor']) retrieved from /home/milo/13-airflow/airflowhome/dags/07.1_external_task_sensor.py
[2023-02-07 17:21:17,469] {logging_mixin.py:115} INFO - [2023-02-07 17:21:17,469] {dag.py:2420} INFO - Sync 1 DAGs
[2023-02-07 17:21:17,501] {logging_mixin.py:115} INFO - [2023-02-07 17:21:17,501] {dag.py:2968} INFO - Setting next_dagrun for 07_external_task_sensor to 2022-11-01T00:00:00+00:00, run_after=2022-11-02T00:00:00+00:00
[2023-02-07 17:21:17,524] {processor.py:161} INFO - Processing /home/milo/13-airflow/airflowhome/dags/07.1_external_task_sensor.py took 0.187 seconds
[2023-02-07 17:21:49,013] {processor.py:153} INFO - Started process (PID=22417) to work on /home/milo/13-airflow/airflowhome/dags/07.1_external_task_sensor.py
[2023-02-07 17:21:49,014] {processor.py:641} INFO - Processing file /home/milo/13-airflow/airflowhome/dags/07.1_external_task_sensor.py for tasks to queue
[2023-02-07 17:21:49,017] {logging_mixin.py:115} INFO - [2023-02-07 17:21:49,017] {dagbag.py:508} INFO - Filling up the DagBag from /home/milo/13-airflow/airflowhome/dags/07.1_external_task_sensor.py
[2023-02-07 17:21:49,036] {processor.py:651} INFO - DAG(s) dict_keys(['07_external_task_sensor']) retrieved from /home/milo/13-airflow/airflowhome/dags/07.1_external_task_sensor.py
[2023-02-07 17:21:49,057] {logging_mixin.py:115} INFO - [2023-02-07 17:21:49,057] {dag.py:2420} INFO - Sync 1 DAGs
[2023-02-07 17:21:49,108] {logging_mixin.py:115} INFO - [2023-02-07 17:21:49,108] {dag.py:2968} INFO - Setting next_dagrun for 07_external_task_sensor to 2022-11-01T00:00:00+00:00, run_after=2022-11-02T00:00:00+00:00
[2023-02-07 17:21:49,154] {processor.py:161} INFO - Processing /home/milo/13-airflow/airflowhome/dags/07.1_external_task_sensor.py took 0.148 seconds
[2023-02-07 17:22:19,516] {processor.py:153} INFO - Started process (PID=22502) to work on /home/milo/13-airflow/airflowhome/dags/07.1_external_task_sensor.py
[2023-02-07 17:22:19,518] {processor.py:641} INFO - Processing file /home/milo/13-airflow/airflowhome/dags/07.1_external_task_sensor.py for tasks to queue
[2023-02-07 17:22:19,519] {logging_mixin.py:115} INFO - [2023-02-07 17:22:19,519] {dagbag.py:508} INFO - Filling up the DagBag from /home/milo/13-airflow/airflowhome/dags/07.1_external_task_sensor.py
[2023-02-07 17:22:19,536] {processor.py:651} INFO - DAG(s) dict_keys(['07_external_task_sensor']) retrieved from /home/milo/13-airflow/airflowhome/dags/07.1_external_task_sensor.py
[2023-02-07 17:22:19,630] {logging_mixin.py:115} INFO - [2023-02-07 17:22:19,630] {dag.py:2420} INFO - Sync 1 DAGs
[2023-02-07 17:22:19,663] {logging_mixin.py:115} INFO - [2023-02-07 17:22:19,663] {dag.py:2968} INFO - Setting next_dagrun for 07_external_task_sensor to 2022-11-01T00:00:00+00:00, run_after=2022-11-02T00:00:00+00:00
[2023-02-07 17:22:19,690] {processor.py:161} INFO - Processing /home/milo/13-airflow/airflowhome/dags/07.1_external_task_sensor.py took 0.179 seconds
[2023-02-07 17:22:50,077] {processor.py:153} INFO - Started process (PID=22581) to work on /home/milo/13-airflow/airflowhome/dags/07.1_external_task_sensor.py
[2023-02-07 17:22:50,078] {processor.py:641} INFO - Processing file /home/milo/13-airflow/airflowhome/dags/07.1_external_task_sensor.py for tasks to queue
[2023-02-07 17:22:50,079] {logging_mixin.py:115} INFO - [2023-02-07 17:22:50,079] {dagbag.py:508} INFO - Filling up the DagBag from /home/milo/13-airflow/airflowhome/dags/07.1_external_task_sensor.py
[2023-02-07 17:22:50,095] {processor.py:651} INFO - DAG(s) dict_keys(['07_external_task_sensor']) retrieved from /home/milo/13-airflow/airflowhome/dags/07.1_external_task_sensor.py
[2023-02-07 17:22:50,138] {logging_mixin.py:115} INFO - [2023-02-07 17:22:50,137] {dag.py:2420} INFO - Sync 1 DAGs
[2023-02-07 17:22:50,173] {logging_mixin.py:115} INFO - [2023-02-07 17:22:50,173] {dag.py:2968} INFO - Setting next_dagrun for 07_external_task_sensor to 2022-11-01T00:00:00+00:00, run_after=2022-11-02T00:00:00+00:00
[2023-02-07 17:22:50,194] {processor.py:161} INFO - Processing /home/milo/13-airflow/airflowhome/dags/07.1_external_task_sensor.py took 0.122 seconds
[2023-02-07 17:23:20,733] {processor.py:153} INFO - Started process (PID=22665) to work on /home/milo/13-airflow/airflowhome/dags/07.1_external_task_sensor.py
[2023-02-07 17:23:20,735] {processor.py:641} INFO - Processing file /home/milo/13-airflow/airflowhome/dags/07.1_external_task_sensor.py for tasks to queue
[2023-02-07 17:23:20,736] {logging_mixin.py:115} INFO - [2023-02-07 17:23:20,736] {dagbag.py:508} INFO - Filling up the DagBag from /home/milo/13-airflow/airflowhome/dags/07.1_external_task_sensor.py
[2023-02-07 17:23:20,752] {processor.py:651} INFO - DAG(s) dict_keys(['07_external_task_sensor']) retrieved from /home/milo/13-airflow/airflowhome/dags/07.1_external_task_sensor.py
[2023-02-07 17:23:20,770] {logging_mixin.py:115} INFO - [2023-02-07 17:23:20,770] {dag.py:2420} INFO - Sync 1 DAGs
[2023-02-07 17:23:20,805] {logging_mixin.py:115} INFO - [2023-02-07 17:23:20,805] {dag.py:2968} INFO - Setting next_dagrun for 07_external_task_sensor to 2022-11-01T00:00:00+00:00, run_after=2022-11-02T00:00:00+00:00
[2023-02-07 17:23:20,847] {processor.py:161} INFO - Processing /home/milo/13-airflow/airflowhome/dags/07.1_external_task_sensor.py took 0.120 seconds
[2023-02-07 17:23:51,279] {processor.py:153} INFO - Started process (PID=22744) to work on /home/milo/13-airflow/airflowhome/dags/07.1_external_task_sensor.py
[2023-02-07 17:23:51,280] {processor.py:641} INFO - Processing file /home/milo/13-airflow/airflowhome/dags/07.1_external_task_sensor.py for tasks to queue
[2023-02-07 17:23:51,281] {logging_mixin.py:115} INFO - [2023-02-07 17:23:51,280] {dagbag.py:508} INFO - Filling up the DagBag from /home/milo/13-airflow/airflowhome/dags/07.1_external_task_sensor.py
[2023-02-07 17:23:51,297] {processor.py:651} INFO - DAG(s) dict_keys(['07_external_task_sensor']) retrieved from /home/milo/13-airflow/airflowhome/dags/07.1_external_task_sensor.py
[2023-02-07 17:23:51,389] {logging_mixin.py:115} INFO - [2023-02-07 17:23:51,389] {dag.py:2420} INFO - Sync 1 DAGs
[2023-02-07 17:23:51,419] {logging_mixin.py:115} INFO - [2023-02-07 17:23:51,419] {dag.py:2968} INFO - Setting next_dagrun for 07_external_task_sensor to 2022-11-01T00:00:00+00:00, run_after=2022-11-02T00:00:00+00:00
[2023-02-07 17:23:51,445] {processor.py:161} INFO - Processing /home/milo/13-airflow/airflowhome/dags/07.1_external_task_sensor.py took 0.171 seconds
[2023-02-07 17:24:21,828] {processor.py:153} INFO - Started process (PID=22829) to work on /home/milo/13-airflow/airflowhome/dags/07.1_external_task_sensor.py
[2023-02-07 17:24:21,830] {processor.py:641} INFO - Processing file /home/milo/13-airflow/airflowhome/dags/07.1_external_task_sensor.py for tasks to queue
[2023-02-07 17:24:21,831] {logging_mixin.py:115} INFO - [2023-02-07 17:24:21,831] {dagbag.py:508} INFO - Filling up the DagBag from /home/milo/13-airflow/airflowhome/dags/07.1_external_task_sensor.py
[2023-02-07 17:24:21,847] {processor.py:651} INFO - DAG(s) dict_keys(['07_external_task_sensor']) retrieved from /home/milo/13-airflow/airflowhome/dags/07.1_external_task_sensor.py
[2023-02-07 17:24:21,887] {logging_mixin.py:115} INFO - [2023-02-07 17:24:21,887] {dag.py:2420} INFO - Sync 1 DAGs
[2023-02-07 17:24:21,927] {logging_mixin.py:115} INFO - [2023-02-07 17:24:21,927] {dag.py:2968} INFO - Setting next_dagrun for 07_external_task_sensor to 2022-11-01T00:00:00+00:00, run_after=2022-11-02T00:00:00+00:00
[2023-02-07 17:24:21,950] {processor.py:161} INFO - Processing /home/milo/13-airflow/airflowhome/dags/07.1_external_task_sensor.py took 0.129 seconds
[2023-02-07 17:24:52,373] {processor.py:153} INFO - Started process (PID=22908) to work on /home/milo/13-airflow/airflowhome/dags/07.1_external_task_sensor.py
[2023-02-07 17:24:52,374] {processor.py:641} INFO - Processing file /home/milo/13-airflow/airflowhome/dags/07.1_external_task_sensor.py for tasks to queue
[2023-02-07 17:24:52,375] {logging_mixin.py:115} INFO - [2023-02-07 17:24:52,375] {dagbag.py:508} INFO - Filling up the DagBag from /home/milo/13-airflow/airflowhome/dags/07.1_external_task_sensor.py
[2023-02-07 17:24:52,390] {processor.py:651} INFO - DAG(s) dict_keys(['07_external_task_sensor']) retrieved from /home/milo/13-airflow/airflowhome/dags/07.1_external_task_sensor.py
[2023-02-07 17:24:52,409] {logging_mixin.py:115} INFO - [2023-02-07 17:24:52,408] {dag.py:2420} INFO - Sync 1 DAGs
[2023-02-07 17:24:52,456] {logging_mixin.py:115} INFO - [2023-02-07 17:24:52,456] {dag.py:2968} INFO - Setting next_dagrun for 07_external_task_sensor to 2022-11-01T00:00:00+00:00, run_after=2022-11-02T00:00:00+00:00
[2023-02-07 17:24:52,482] {processor.py:161} INFO - Processing /home/milo/13-airflow/airflowhome/dags/07.1_external_task_sensor.py took 0.114 seconds
[2023-02-07 17:25:22,756] {processor.py:153} INFO - Started process (PID=22996) to work on /home/milo/13-airflow/airflowhome/dags/07.1_external_task_sensor.py
[2023-02-07 17:25:22,759] {processor.py:641} INFO - Processing file /home/milo/13-airflow/airflowhome/dags/07.1_external_task_sensor.py for tasks to queue
[2023-02-07 17:25:22,760] {logging_mixin.py:115} INFO - [2023-02-07 17:25:22,759] {dagbag.py:508} INFO - Filling up the DagBag from /home/milo/13-airflow/airflowhome/dags/07.1_external_task_sensor.py
[2023-02-07 17:25:22,774] {processor.py:651} INFO - DAG(s) dict_keys(['07_external_task_sensor']) retrieved from /home/milo/13-airflow/airflowhome/dags/07.1_external_task_sensor.py
[2023-02-07 17:25:22,867] {logging_mixin.py:115} INFO - [2023-02-07 17:25:22,866] {dag.py:2420} INFO - Sync 1 DAGs
[2023-02-07 17:25:22,900] {logging_mixin.py:115} INFO - [2023-02-07 17:25:22,900] {dag.py:2968} INFO - Setting next_dagrun for 07_external_task_sensor to 2022-11-01T00:00:00+00:00, run_after=2022-11-02T00:00:00+00:00
[2023-02-07 17:25:22,932] {processor.py:161} INFO - Processing /home/milo/13-airflow/airflowhome/dags/07.1_external_task_sensor.py took 0.181 seconds
[2023-02-07 17:25:53,128] {processor.py:153} INFO - Started process (PID=23076) to work on /home/milo/13-airflow/airflowhome/dags/07.1_external_task_sensor.py
[2023-02-07 17:25:53,129] {processor.py:641} INFO - Processing file /home/milo/13-airflow/airflowhome/dags/07.1_external_task_sensor.py for tasks to queue
[2023-02-07 17:25:53,130] {logging_mixin.py:115} INFO - [2023-02-07 17:25:53,130] {dagbag.py:508} INFO - Filling up the DagBag from /home/milo/13-airflow/airflowhome/dags/07.1_external_task_sensor.py
[2023-02-07 17:25:53,148] {processor.py:651} INFO - DAG(s) dict_keys(['07_external_task_sensor']) retrieved from /home/milo/13-airflow/airflowhome/dags/07.1_external_task_sensor.py
[2023-02-07 17:25:53,191] {logging_mixin.py:115} INFO - [2023-02-07 17:25:53,191] {dag.py:2420} INFO - Sync 1 DAGs
[2023-02-07 17:25:53,224] {logging_mixin.py:115} INFO - [2023-02-07 17:25:53,224] {dag.py:2968} INFO - Setting next_dagrun for 07_external_task_sensor to 2022-11-01T00:00:00+00:00, run_after=2022-11-02T00:00:00+00:00
[2023-02-07 17:25:53,260] {processor.py:161} INFO - Processing /home/milo/13-airflow/airflowhome/dags/07.1_external_task_sensor.py took 0.137 seconds
[2023-02-07 17:26:25,377] {processor.py:153} INFO - Started process (PID=23165) to work on /home/milo/13-airflow/airflowhome/dags/07.1_external_task_sensor.py
[2023-02-07 17:26:25,379] {processor.py:641} INFO - Processing file /home/milo/13-airflow/airflowhome/dags/07.1_external_task_sensor.py for tasks to queue
[2023-02-07 17:26:25,380] {logging_mixin.py:115} INFO - [2023-02-07 17:26:25,380] {dagbag.py:508} INFO - Filling up the DagBag from /home/milo/13-airflow/airflowhome/dags/07.1_external_task_sensor.py
[2023-02-07 17:26:25,395] {processor.py:651} INFO - DAG(s) dict_keys(['07_external_task_sensor']) retrieved from /home/milo/13-airflow/airflowhome/dags/07.1_external_task_sensor.py
[2023-02-07 17:26:25,413] {logging_mixin.py:115} INFO - [2023-02-07 17:26:25,412] {dag.py:2420} INFO - Sync 1 DAGs
[2023-02-07 17:26:25,445] {logging_mixin.py:115} INFO - [2023-02-07 17:26:25,445] {dag.py:2968} INFO - Setting next_dagrun for 07_external_task_sensor to 2022-11-01T00:00:00+00:00, run_after=2022-11-02T00:00:00+00:00
[2023-02-07 17:26:27,156] {processor.py:161} INFO - Processing /home/milo/13-airflow/airflowhome/dags/07.1_external_task_sensor.py took 1.786 seconds
[2023-02-07 17:26:59,705] {processor.py:153} INFO - Started process (PID=23256) to work on /home/milo/13-airflow/airflowhome/dags/07.1_external_task_sensor.py
[2023-02-07 17:26:59,707] {processor.py:641} INFO - Processing file /home/milo/13-airflow/airflowhome/dags/07.1_external_task_sensor.py for tasks to queue
[2023-02-07 17:26:59,708] {logging_mixin.py:115} INFO - [2023-02-07 17:26:59,707] {dagbag.py:508} INFO - Filling up the DagBag from /home/milo/13-airflow/airflowhome/dags/07.1_external_task_sensor.py
[2023-02-07 17:26:59,725] {processor.py:651} INFO - DAG(s) dict_keys(['07_external_task_sensor']) retrieved from /home/milo/13-airflow/airflowhome/dags/07.1_external_task_sensor.py
[2023-02-07 17:26:59,821] {logging_mixin.py:115} INFO - [2023-02-07 17:26:59,821] {dag.py:2420} INFO - Sync 1 DAGs
[2023-02-07 17:26:59,852] {logging_mixin.py:115} INFO - [2023-02-07 17:26:59,852] {dag.py:2968} INFO - Setting next_dagrun for 07_external_task_sensor to 2022-11-01T00:00:00+00:00, run_after=2022-11-02T00:00:00+00:00
[2023-02-07 17:27:00,905] {processor.py:161} INFO - Processing /home/milo/13-airflow/airflowhome/dags/07.1_external_task_sensor.py took 1.208 seconds
[2023-02-07 17:27:32,384] {processor.py:153} INFO - Started process (PID=23345) to work on /home/milo/13-airflow/airflowhome/dags/07.1_external_task_sensor.py
[2023-02-07 17:27:32,386] {processor.py:641} INFO - Processing file /home/milo/13-airflow/airflowhome/dags/07.1_external_task_sensor.py for tasks to queue
[2023-02-07 17:27:32,387] {logging_mixin.py:115} INFO - [2023-02-07 17:27:32,387] {dagbag.py:508} INFO - Filling up the DagBag from /home/milo/13-airflow/airflowhome/dags/07.1_external_task_sensor.py
[2023-02-07 17:27:32,402] {processor.py:651} INFO - DAG(s) dict_keys(['07_external_task_sensor']) retrieved from /home/milo/13-airflow/airflowhome/dags/07.1_external_task_sensor.py
[2023-02-07 17:27:32,443] {logging_mixin.py:115} INFO - [2023-02-07 17:27:32,443] {dag.py:2420} INFO - Sync 1 DAGs
[2023-02-07 17:27:32,480] {logging_mixin.py:115} INFO - [2023-02-07 17:27:32,480] {dag.py:2968} INFO - Setting next_dagrun for 07_external_task_sensor to 2022-11-01T00:00:00+00:00, run_after=2022-11-02T00:00:00+00:00
[2023-02-07 17:27:32,503] {processor.py:161} INFO - Processing /home/milo/13-airflow/airflowhome/dags/07.1_external_task_sensor.py took 0.126 seconds
[2023-02-07 17:28:03,936] {processor.py:153} INFO - Started process (PID=23433) to work on /home/milo/13-airflow/airflowhome/dags/07.1_external_task_sensor.py
[2023-02-07 17:28:03,937] {processor.py:641} INFO - Processing file /home/milo/13-airflow/airflowhome/dags/07.1_external_task_sensor.py for tasks to queue
[2023-02-07 17:28:03,938] {logging_mixin.py:115} INFO - [2023-02-07 17:28:03,937] {dagbag.py:508} INFO - Filling up the DagBag from /home/milo/13-airflow/airflowhome/dags/07.1_external_task_sensor.py
[2023-02-07 17:28:03,954] {processor.py:651} INFO - DAG(s) dict_keys(['07_external_task_sensor']) retrieved from /home/milo/13-airflow/airflowhome/dags/07.1_external_task_sensor.py
[2023-02-07 17:28:03,972] {logging_mixin.py:115} INFO - [2023-02-07 17:28:03,972] {dag.py:2420} INFO - Sync 1 DAGs
[2023-02-07 17:28:04,010] {logging_mixin.py:115} INFO - [2023-02-07 17:28:04,009] {dag.py:2968} INFO - Setting next_dagrun for 07_external_task_sensor to 2022-11-01T00:00:00+00:00, run_after=2022-11-02T00:00:00+00:00
[2023-02-07 17:28:04,036] {processor.py:161} INFO - Processing /home/milo/13-airflow/airflowhome/dags/07.1_external_task_sensor.py took 0.106 seconds
[2023-02-07 17:28:38,095] {processor.py:153} INFO - Started process (PID=23523) to work on /home/milo/13-airflow/airflowhome/dags/07.1_external_task_sensor.py
[2023-02-07 17:28:38,097] {processor.py:641} INFO - Processing file /home/milo/13-airflow/airflowhome/dags/07.1_external_task_sensor.py for tasks to queue
[2023-02-07 17:28:38,098] {logging_mixin.py:115} INFO - [2023-02-07 17:28:38,098] {dagbag.py:508} INFO - Filling up the DagBag from /home/milo/13-airflow/airflowhome/dags/07.1_external_task_sensor.py
[2023-02-07 17:28:38,113] {processor.py:651} INFO - DAG(s) dict_keys(['07_external_task_sensor']) retrieved from /home/milo/13-airflow/airflowhome/dags/07.1_external_task_sensor.py
[2023-02-07 17:28:38,203] {logging_mixin.py:115} INFO - [2023-02-07 17:28:38,203] {dag.py:2420} INFO - Sync 1 DAGs
[2023-02-07 17:28:38,234] {logging_mixin.py:115} INFO - [2023-02-07 17:28:38,234] {dag.py:2968} INFO - Setting next_dagrun for 07_external_task_sensor to 2022-11-01T00:00:00+00:00, run_after=2022-11-02T00:00:00+00:00
[2023-02-07 17:28:38,259] {processor.py:161} INFO - Processing /home/milo/13-airflow/airflowhome/dags/07.1_external_task_sensor.py took 0.171 seconds
[2023-02-07 17:29:08,382] {processor.py:153} INFO - Started process (PID=23603) to work on /home/milo/13-airflow/airflowhome/dags/07.1_external_task_sensor.py
[2023-02-07 17:29:08,383] {processor.py:641} INFO - Processing file /home/milo/13-airflow/airflowhome/dags/07.1_external_task_sensor.py for tasks to queue
[2023-02-07 17:29:08,384] {logging_mixin.py:115} INFO - [2023-02-07 17:29:08,384] {dagbag.py:508} INFO - Filling up the DagBag from /home/milo/13-airflow/airflowhome/dags/07.1_external_task_sensor.py
[2023-02-07 17:29:08,398] {processor.py:651} INFO - DAG(s) dict_keys(['07_external_task_sensor']) retrieved from /home/milo/13-airflow/airflowhome/dags/07.1_external_task_sensor.py
[2023-02-07 17:29:08,439] {logging_mixin.py:115} INFO - [2023-02-07 17:29:08,439] {dag.py:2420} INFO - Sync 1 DAGs
[2023-02-07 17:29:08,476] {logging_mixin.py:115} INFO - [2023-02-07 17:29:08,475] {dag.py:2968} INFO - Setting next_dagrun for 07_external_task_sensor to 2022-11-01T00:00:00+00:00, run_after=2022-11-02T00:00:00+00:00
[2023-02-07 17:29:09,103] {processor.py:161} INFO - Processing /home/milo/13-airflow/airflowhome/dags/07.1_external_task_sensor.py took 0.728 seconds
[2023-02-07 17:29:39,367] {processor.py:153} INFO - Started process (PID=23688) to work on /home/milo/13-airflow/airflowhome/dags/07.1_external_task_sensor.py
[2023-02-07 17:29:39,370] {processor.py:641} INFO - Processing file /home/milo/13-airflow/airflowhome/dags/07.1_external_task_sensor.py for tasks to queue
[2023-02-07 17:29:39,371] {logging_mixin.py:115} INFO - [2023-02-07 17:29:39,371] {dagbag.py:508} INFO - Filling up the DagBag from /home/milo/13-airflow/airflowhome/dags/07.1_external_task_sensor.py
[2023-02-07 17:29:39,387] {processor.py:651} INFO - DAG(s) dict_keys(['07.2_external_task_sensor']) retrieved from /home/milo/13-airflow/airflowhome/dags/07.1_external_task_sensor.py
[2023-02-07 17:29:39,512] {logging_mixin.py:115} INFO - [2023-02-07 17:29:39,512] {manager.py:508} INFO - Created Permission View: can edit on DAG:07.2_external_task_sensor
[2023-02-07 17:29:39,530] {logging_mixin.py:115} INFO - [2023-02-07 17:29:39,530] {manager.py:508} INFO - Created Permission View: can delete on DAG:07.2_external_task_sensor
[2023-02-07 17:29:39,545] {logging_mixin.py:115} INFO - [2023-02-07 17:29:39,544] {manager.py:508} INFO - Created Permission View: can read on DAG:07.2_external_task_sensor
[2023-02-07 17:29:39,545] {logging_mixin.py:115} INFO - [2023-02-07 17:29:39,545] {dag.py:2420} INFO - Sync 1 DAGs
[2023-02-07 17:29:39,558] {logging_mixin.py:115} INFO - [2023-02-07 17:29:39,558] {dag.py:2439} INFO - Creating ORM DAG for 07.2_external_task_sensor
[2023-02-07 17:29:39,575] {logging_mixin.py:115} INFO - [2023-02-07 17:29:39,575] {dag.py:2968} INFO - Setting next_dagrun for 07.2_external_task_sensor to 2022-11-01T00:00:00+00:00, run_after=2022-11-02T00:00:00+00:00
[2023-02-07 17:29:39,602] {processor.py:161} INFO - Processing /home/milo/13-airflow/airflowhome/dags/07.1_external_task_sensor.py took 0.240 seconds
[2023-02-07 17:30:09,695] {processor.py:153} INFO - Started process (PID=23768) to work on /home/milo/13-airflow/airflowhome/dags/07.1_external_task_sensor.py
[2023-02-07 17:30:09,696] {processor.py:641} INFO - Processing file /home/milo/13-airflow/airflowhome/dags/07.1_external_task_sensor.py for tasks to queue
[2023-02-07 17:30:09,697] {logging_mixin.py:115} INFO - [2023-02-07 17:30:09,696] {dagbag.py:508} INFO - Filling up the DagBag from /home/milo/13-airflow/airflowhome/dags/07.1_external_task_sensor.py
[2023-02-07 17:30:09,713] {processor.py:651} INFO - DAG(s) dict_keys(['07.2_external_task_sensor']) retrieved from /home/milo/13-airflow/airflowhome/dags/07.1_external_task_sensor.py
[2023-02-07 17:30:09,759] {logging_mixin.py:115} INFO - [2023-02-07 17:30:09,758] {dag.py:2420} INFO - Sync 1 DAGs
[2023-02-07 17:30:09,800] {logging_mixin.py:115} INFO - [2023-02-07 17:30:09,799] {dag.py:2968} INFO - Setting next_dagrun for 07.2_external_task_sensor to 2022-11-01T00:00:00+00:00, run_after=2022-11-02T00:00:00+00:00
[2023-02-07 17:30:09,833] {processor.py:161} INFO - Processing /home/milo/13-airflow/airflowhome/dags/07.1_external_task_sensor.py took 0.145 seconds
[2023-02-07 17:30:41,184] {processor.py:153} INFO - Started process (PID=23855) to work on /home/milo/13-airflow/airflowhome/dags/07.1_external_task_sensor.py
[2023-02-07 17:30:41,191] {processor.py:641} INFO - Processing file /home/milo/13-airflow/airflowhome/dags/07.1_external_task_sensor.py for tasks to queue
[2023-02-07 17:30:41,192] {logging_mixin.py:115} INFO - [2023-02-07 17:30:41,192] {dagbag.py:508} INFO - Filling up the DagBag from /home/milo/13-airflow/airflowhome/dags/07.1_external_task_sensor.py
[2023-02-07 17:30:41,213] {processor.py:651} INFO - DAG(s) dict_keys(['07.2_external_task_sensor']) retrieved from /home/milo/13-airflow/airflowhome/dags/07.1_external_task_sensor.py
[2023-02-07 17:30:41,278] {logging_mixin.py:115} INFO - [2023-02-07 17:30:41,278] {dag.py:2420} INFO - Sync 1 DAGs
[2023-02-07 17:30:41,331] {logging_mixin.py:115} INFO - [2023-02-07 17:30:41,331] {dag.py:2968} INFO - Setting next_dagrun for 07.2_external_task_sensor to 2022-11-01T00:00:00+00:00, run_after=2022-11-02T00:00:00+00:00
[2023-02-07 17:30:41,364] {processor.py:161} INFO - Processing /home/milo/13-airflow/airflowhome/dags/07.1_external_task_sensor.py took 0.189 seconds
