[2023-02-07 19:54:37,824] {taskinstance.py:1179} INFO - Dependencies all met for <TaskInstance: 07.3_file_sensor.waiting_file scheduled__2022-12-05T00:00:00+00:00 [queued]>
[2023-02-07 19:54:37,835] {taskinstance.py:1179} INFO - Dependencies all met for <TaskInstance: 07.3_file_sensor.waiting_file scheduled__2022-12-05T00:00:00+00:00 [queued]>
[2023-02-07 19:54:37,835] {taskinstance.py:1376} INFO - 
--------------------------------------------------------------------------------
[2023-02-07 19:54:37,835] {taskinstance.py:1377} INFO - Starting attempt 1 of 1
[2023-02-07 19:54:37,836] {taskinstance.py:1378} INFO - 
--------------------------------------------------------------------------------
[2023-02-07 19:54:37,865] {taskinstance.py:1397} INFO - Executing <Task(FileSensor): waiting_file> on 2022-12-05 00:00:00+00:00
[2023-02-07 19:54:37,869] {standard_task_runner.py:52} INFO - Started process 43156 to run task
[2023-02-07 19:54:37,876] {standard_task_runner.py:79} INFO - Running: ['airflow', 'tasks', 'run', '07.3_file_sensor', 'waiting_file', 'scheduled__2022-12-05T00:00:00+00:00', '--job-id', '822', '--raw', '--subdir', 'DAGS_FOLDER/07.3_file_sensor.py', '--cfg-path', '/tmp/tmp3psn9g3r', '--error-file', '/tmp/tmphcc22cbd']
[2023-02-07 19:54:37,877] {standard_task_runner.py:80} INFO - Job 822: Subtask waiting_file
[2023-02-07 19:54:37,962] {task_command.py:371} INFO - Running <TaskInstance: 07.3_file_sensor.waiting_file scheduled__2022-12-05T00:00:00+00:00 [running]> on host pc.
[2023-02-07 19:54:38,061] {taskinstance.py:1589} INFO - Exporting the following env vars:
AIRFLOW_CTX_DAG_OWNER=airflow
AIRFLOW_CTX_DAG_ID=07.3_file_sensor
AIRFLOW_CTX_TASK_ID=waiting_file
AIRFLOW_CTX_EXECUTION_DATE=2022-12-05T00:00:00+00:00
AIRFLOW_CTX_TRY_NUMBER=1
AIRFLOW_CTX_DAG_RUN_ID=scheduled__2022-12-05T00:00:00+00:00
[2023-02-07 19:54:38,068] {base.py:68} INFO - Using connection ID 'fs_default' for task execution.
[2023-02-07 19:54:38,069] {filesystem.py:58} INFO - Poking for file /tmp/file.txt
[2023-02-07 19:54:38,069] {filesystem.py:63} INFO - Found File /tmp/file.txt last modified: 20230207195435
[2023-02-07 19:54:38,070] {base.py:301} INFO - Success criteria met. Exiting.
[2023-02-07 19:54:38,079] {taskinstance.py:1415} INFO - Marking task as SUCCESS. dag_id=07.3_file_sensor, task_id=waiting_file, execution_date=20221205T000000, start_date=20230208T005437, end_date=20230208T005438
[2023-02-07 19:54:38,129] {local_task_job.py:156} INFO - Task exited with return code 0
[2023-02-07 19:54:38,175] {local_task_job.py:273} INFO - 1 downstream tasks scheduled from follow-on schedule check
