[2023-02-08 00:44:24,806] {taskinstance.py:1179} INFO - Dependencies all met for <TaskInstance: 09_Xcoms.task_1_source scheduled__2023-01-14T00:00:00+00:00 [queued]>
[2023-02-08 00:44:24,819] {taskinstance.py:1179} INFO - Dependencies all met for <TaskInstance: 09_Xcoms.task_1_source scheduled__2023-01-14T00:00:00+00:00 [queued]>
[2023-02-08 00:44:24,819] {taskinstance.py:1376} INFO - 
--------------------------------------------------------------------------------
[2023-02-08 00:44:24,819] {taskinstance.py:1377} INFO - Starting attempt 1 of 1
[2023-02-08 00:44:24,819] {taskinstance.py:1378} INFO - 
--------------------------------------------------------------------------------
[2023-02-08 00:44:24,843] {taskinstance.py:1397} INFO - Executing <Task(BashOperator): task_1_source> on 2023-01-14 00:00:00+00:00
[2023-02-08 00:44:24,847] {standard_task_runner.py:52} INFO - Started process 53096 to run task
[2023-02-08 00:44:24,853] {standard_task_runner.py:79} INFO - Running: ['airflow', 'tasks', 'run', '09_Xcoms', 'task_1_source', 'scheduled__2023-01-14T00:00:00+00:00', '--job-id', '1318', '--raw', '--subdir', 'DAGS_FOLDER/09_xcoms.py', '--cfg-path', '/tmp/tmpbgi29rq1', '--error-file', '/tmp/tmpg7z5rkjs']
[2023-02-08 00:44:24,854] {standard_task_runner.py:80} INFO - Job 1318: Subtask task_1_source
[2023-02-08 00:44:24,942] {task_command.py:371} INFO - Running <TaskInstance: 09_Xcoms.task_1_source scheduled__2023-01-14T00:00:00+00:00 [running]> on host pc.
[2023-02-08 00:44:25,037] {taskinstance.py:1589} INFO - Exporting the following env vars:
AIRFLOW_CTX_DAG_OWNER=airflow
AIRFLOW_CTX_DAG_ID=09_Xcoms
AIRFLOW_CTX_TASK_ID=task_1_source
AIRFLOW_CTX_EXECUTION_DATE=2023-01-14T00:00:00+00:00
AIRFLOW_CTX_TRY_NUMBER=1
AIRFLOW_CTX_DAG_RUN_ID=scheduled__2023-01-14T00:00:00+00:00
[2023-02-08 00:44:25,038] {subprocess.py:62} INFO - Tmp dir root location: 
 /tmp
[2023-02-08 00:44:25,039] {subprocess.py:74} INFO - Running command: ['bash', '-c', 'sleep 5 && echo $((5 * 3))']
[2023-02-08 00:44:25,048] {subprocess.py:85} INFO - Output:
[2023-02-08 00:44:30,051] {subprocess.py:92} INFO - 15
[2023-02-08 00:44:30,051] {subprocess.py:96} INFO - Command exited with return code 0
[2023-02-08 00:44:30,082] {taskinstance.py:1415} INFO - Marking task as SUCCESS. dag_id=09_Xcoms, task_id=task_1_source, execution_date=20230114T000000, start_date=20230208T054424, end_date=20230208T054430
[2023-02-08 00:44:30,128] {local_task_job.py:156} INFO - Task exited with return code 0
[2023-02-08 00:44:30,184] {local_task_job.py:273} INFO - 1 downstream tasks scheduled from follow-on schedule check
