[2023-02-08 00:47:45,383] {taskinstance.py:1179} INFO - Dependencies all met for <TaskInstance: 09_Xcoms.task_1_source scheduled__2023-01-26T00:00:00+00:00 [queued]>
[2023-02-08 00:47:45,396] {taskinstance.py:1179} INFO - Dependencies all met for <TaskInstance: 09_Xcoms.task_1_source scheduled__2023-01-26T00:00:00+00:00 [queued]>
[2023-02-08 00:47:45,396] {taskinstance.py:1376} INFO - 
--------------------------------------------------------------------------------
[2023-02-08 00:47:45,396] {taskinstance.py:1377} INFO - Starting attempt 1 of 1
[2023-02-08 00:47:45,397] {taskinstance.py:1378} INFO - 
--------------------------------------------------------------------------------
[2023-02-08 00:47:45,419] {taskinstance.py:1397} INFO - Executing <Task(BashOperator): task_1_source> on 2023-01-26 00:00:00+00:00
[2023-02-08 00:47:45,422] {standard_task_runner.py:52} INFO - Started process 53271 to run task
[2023-02-08 00:47:45,428] {standard_task_runner.py:79} INFO - Running: ['airflow', 'tasks', 'run', '09_Xcoms', 'task_1_source', 'scheduled__2023-01-26T00:00:00+00:00', '--job-id', '1354', '--raw', '--subdir', 'DAGS_FOLDER/09_xcoms.py', '--cfg-path', '/tmp/tmpef91zihu', '--error-file', '/tmp/tmphf7oqfsw']
[2023-02-08 00:47:45,430] {standard_task_runner.py:80} INFO - Job 1354: Subtask task_1_source
[2023-02-08 00:47:45,522] {task_command.py:371} INFO - Running <TaskInstance: 09_Xcoms.task_1_source scheduled__2023-01-26T00:00:00+00:00 [running]> on host pc.
[2023-02-08 00:47:45,621] {taskinstance.py:1589} INFO - Exporting the following env vars:
AIRFLOW_CTX_DAG_OWNER=airflow
AIRFLOW_CTX_DAG_ID=09_Xcoms
AIRFLOW_CTX_TASK_ID=task_1_source
AIRFLOW_CTX_EXECUTION_DATE=2023-01-26T00:00:00+00:00
AIRFLOW_CTX_TRY_NUMBER=1
AIRFLOW_CTX_DAG_RUN_ID=scheduled__2023-01-26T00:00:00+00:00
[2023-02-08 00:47:45,622] {subprocess.py:62} INFO - Tmp dir root location: 
 /tmp
[2023-02-08 00:47:45,623] {subprocess.py:74} INFO - Running command: ['bash', '-c', 'sleep 5 && echo $((5 * 3))']
[2023-02-08 00:47:45,632] {subprocess.py:85} INFO - Output:
[2023-02-08 00:47:50,635] {subprocess.py:92} INFO - 15
[2023-02-08 00:47:50,636] {subprocess.py:96} INFO - Command exited with return code 0
[2023-02-08 00:47:50,676] {taskinstance.py:1415} INFO - Marking task as SUCCESS. dag_id=09_Xcoms, task_id=task_1_source, execution_date=20230126T000000, start_date=20230208T054745, end_date=20230208T054750
[2023-02-08 00:47:50,706] {local_task_job.py:156} INFO - Task exited with return code 0
[2023-02-08 00:47:50,760] {local_task_job.py:273} INFO - 1 downstream tasks scheduled from follow-on schedule check
