[2023-02-07 19:36:49,055] {taskinstance.py:1179} INFO - Dependencies all met for <TaskInstance: 07.2_external_task_sensor.task-2 scheduled__2023-01-09T00:00:00+00:00 [queued]>
[2023-02-07 19:36:49,072] {taskinstance.py:1179} INFO - Dependencies all met for <TaskInstance: 07.2_external_task_sensor.task-2 scheduled__2023-01-09T00:00:00+00:00 [queued]>
[2023-02-07 19:36:49,072] {taskinstance.py:1376} INFO - 
--------------------------------------------------------------------------------
[2023-02-07 19:36:49,072] {taskinstance.py:1377} INFO - Starting attempt 1 of 1
[2023-02-07 19:36:49,072] {taskinstance.py:1378} INFO - 
--------------------------------------------------------------------------------
[2023-02-07 19:36:49,098] {taskinstance.py:1397} INFO - Executing <Task(BashOperator): task-2> on 2023-01-09 00:00:00+00:00
[2023-02-07 19:36:49,102] {standard_task_runner.py:52} INFO - Started process 42480 to run task
[2023-02-07 19:36:49,109] {standard_task_runner.py:79} INFO - Running: ['airflow', 'tasks', 'run', '07.2_external_task_sensor', 'task-2', 'scheduled__2023-01-09T00:00:00+00:00', '--job-id', '662', '--raw', '--subdir', 'DAGS_FOLDER/07.2_external_task_sensor.py', '--cfg-path', '/tmp/tmpdmsd12qr', '--error-file', '/tmp/tmpfnhtxl4y']
[2023-02-07 19:36:49,111] {standard_task_runner.py:80} INFO - Job 662: Subtask task-2
[2023-02-07 19:36:49,206] {task_command.py:371} INFO - Running <TaskInstance: 07.2_external_task_sensor.task-2 scheduled__2023-01-09T00:00:00+00:00 [running]> on host pc.
[2023-02-07 19:36:49,307] {taskinstance.py:1589} INFO - Exporting the following env vars:
AIRFLOW_CTX_DAG_OWNER=airflow
AIRFLOW_CTX_DAG_ID=07.2_external_task_sensor
AIRFLOW_CTX_TASK_ID=task-2
AIRFLOW_CTX_EXECUTION_DATE=2023-01-09T00:00:00+00:00
AIRFLOW_CTX_TRY_NUMBER=1
AIRFLOW_CTX_DAG_RUN_ID=scheduled__2023-01-09T00:00:00+00:00
[2023-02-07 19:36:49,309] {subprocess.py:62} INFO - Tmp dir root location: 
 /tmp
[2023-02-07 19:36:49,309] {subprocess.py:74} INFO - Running command: ['bash', '-c', "sleep 5 && echo 'DAG 2 ended'"]
[2023-02-07 19:36:49,319] {subprocess.py:85} INFO - Output:
[2023-02-07 19:36:54,322] {subprocess.py:92} INFO - DAG 2 ended
[2023-02-07 19:36:54,323] {subprocess.py:96} INFO - Command exited with return code 0
[2023-02-07 19:36:54,355] {taskinstance.py:1415} INFO - Marking task as SUCCESS. dag_id=07.2_external_task_sensor, task_id=task-2, execution_date=20230109T000000, start_date=20230208T003649, end_date=20230208T003654
[2023-02-07 19:36:54,380] {local_task_job.py:156} INFO - Task exited with return code 0
[2023-02-07 19:36:54,409] {local_task_job.py:273} INFO - 0 downstream tasks scheduled from follow-on schedule check
