[2023-02-05 17:45:58,947] {taskinstance.py:1179} INFO - Dependencies all met for <TaskInstance: orchestration.task_2 scheduled__2023-01-06T00:00:00+00:00 [queued]>
[2023-02-05 17:45:58,958] {taskinstance.py:1179} INFO - Dependencies all met for <TaskInstance: orchestration.task_2 scheduled__2023-01-06T00:00:00+00:00 [queued]>
[2023-02-05 17:45:58,959] {taskinstance.py:1376} INFO - 
--------------------------------------------------------------------------------
[2023-02-05 17:45:58,959] {taskinstance.py:1377} INFO - Starting attempt 1 of 1
[2023-02-05 17:45:58,959] {taskinstance.py:1378} INFO - 
--------------------------------------------------------------------------------
[2023-02-05 17:45:58,981] {taskinstance.py:1397} INFO - Executing <Task(BashOperator): task_2> on 2023-01-06 00:00:00+00:00
[2023-02-05 17:45:58,984] {standard_task_runner.py:52} INFO - Started process 29958 to run task
[2023-02-05 17:45:58,993] {standard_task_runner.py:79} INFO - Running: ['airflow', 'tasks', 'run', 'orchestration', 'task_2', 'scheduled__2023-01-06T00:00:00+00:00', '--job-id', '72', '--raw', '--subdir', 'DAGS_FOLDER/5_orchestration_2.py', '--cfg-path', '/tmp/tmpksbkdo2r', '--error-file', '/tmp/tmpdsu0h6_x']
[2023-02-05 17:45:58,994] {standard_task_runner.py:80} INFO - Job 72: Subtask task_2
[2023-02-05 17:45:59,077] {task_command.py:371} INFO - Running <TaskInstance: orchestration.task_2 scheduled__2023-01-06T00:00:00+00:00 [running]> on host pc.
[2023-02-05 17:45:59,163] {taskinstance.py:1589} INFO - Exporting the following env vars:
AIRFLOW_CTX_DAG_OWNER=airflow
AIRFLOW_CTX_DAG_ID=orchestration
AIRFLOW_CTX_TASK_ID=task_2
AIRFLOW_CTX_EXECUTION_DATE=2023-01-06T00:00:00+00:00
AIRFLOW_CTX_TRY_NUMBER=1
AIRFLOW_CTX_DAG_RUN_ID=scheduled__2023-01-06T00:00:00+00:00
[2023-02-05 17:45:59,164] {subprocess.py:62} INFO - Tmp dir root location: 
 /tmp
[2023-02-05 17:45:59,164] {subprocess.py:74} INFO - Running command: ['bash', '-c', "sleep 2 && echo 'Task_2'"]
[2023-02-05 17:45:59,207] {subprocess.py:85} INFO - Output:
[2023-02-05 17:46:01,190] {subprocess.py:92} INFO - Task_2
[2023-02-05 17:46:01,190] {subprocess.py:96} INFO - Command exited with return code 0
[2023-02-05 17:46:01,220] {taskinstance.py:1415} INFO - Marking task as SUCCESS. dag_id=orchestration, task_id=task_2, execution_date=20230106T000000, start_date=20230205T224558, end_date=20230205T224601
[2023-02-05 17:46:01,248] {local_task_job.py:156} INFO - Task exited with return code 0
[2023-02-05 17:46:01,297] {local_task_job.py:273} INFO - 2 downstream tasks scheduled from follow-on schedule check
[2023-02-05 17:56:49,158] {taskinstance.py:1179} INFO - Dependencies all met for <TaskInstance: orchestration.task_2 scheduled__2023-01-06T00:00:00+00:00 [queued]>
[2023-02-05 17:56:49,172] {taskinstance.py:1179} INFO - Dependencies all met for <TaskInstance: orchestration.task_2 scheduled__2023-01-06T00:00:00+00:00 [queued]>
[2023-02-05 17:56:49,172] {taskinstance.py:1376} INFO - 
--------------------------------------------------------------------------------
[2023-02-05 17:56:49,173] {taskinstance.py:1377} INFO - Starting attempt 1 of 1
[2023-02-05 17:56:49,173] {taskinstance.py:1378} INFO - 
--------------------------------------------------------------------------------
[2023-02-05 17:56:49,194] {taskinstance.py:1397} INFO - Executing <Task(BashOperator): task_2> on 2023-01-06 00:00:00+00:00
[2023-02-05 17:56:49,197] {standard_task_runner.py:52} INFO - Started process 30597 to run task
[2023-02-05 17:56:49,203] {standard_task_runner.py:79} INFO - Running: ['airflow', 'tasks', 'run', 'orchestration', 'task_2', 'scheduled__2023-01-06T00:00:00+00:00', '--job-id', '72', '--raw', '--subdir', 'DAGS_FOLDER/5_orchestration_2.py', '--cfg-path', '/tmp/tmpqq26i9s9', '--error-file', '/tmp/tmpkjmhnpvf']
[2023-02-05 17:56:49,204] {standard_task_runner.py:80} INFO - Job 72: Subtask task_2
[2023-02-05 17:56:49,344] {task_command.py:371} INFO - Running <TaskInstance: orchestration.task_2 scheduled__2023-01-06T00:00:00+00:00 [running]> on host pc.
[2023-02-05 17:56:49,447] {taskinstance.py:1589} INFO - Exporting the following env vars:
AIRFLOW_CTX_DAG_OWNER=airflow
AIRFLOW_CTX_DAG_ID=orchestration
AIRFLOW_CTX_TASK_ID=task_2
AIRFLOW_CTX_EXECUTION_DATE=2023-01-06T00:00:00+00:00
AIRFLOW_CTX_TRY_NUMBER=1
AIRFLOW_CTX_DAG_RUN_ID=scheduled__2023-01-06T00:00:00+00:00
[2023-02-05 17:56:49,449] {subprocess.py:62} INFO - Tmp dir root location: 
 /tmp
[2023-02-05 17:56:49,450] {subprocess.py:74} INFO - Running command: ['bash', '-c', "sleep 1 && echo 'Task_2'"]
[2023-02-05 17:56:49,458] {subprocess.py:85} INFO - Output:
[2023-02-05 17:56:50,460] {subprocess.py:92} INFO - Task_2
[2023-02-05 17:56:50,461] {subprocess.py:96} INFO - Command exited with return code 0
[2023-02-05 17:56:50,492] {taskinstance.py:1415} INFO - Marking task as SUCCESS. dag_id=orchestration, task_id=task_2, execution_date=20230106T000000, start_date=20230205T225649, end_date=20230205T225650
[2023-02-05 17:56:50,538] {local_task_job.py:156} INFO - Task exited with return code 0
[2023-02-05 17:56:50,600] {local_task_job.py:273} INFO - 2 downstream tasks scheduled from follow-on schedule check
