[2023-02-08 02:04:51,132] {taskinstance.py:1179} INFO - Dependencies all met for <TaskInstance: 10_branching.branch scheduled__2022-07-16T00:00:00+00:00 [queued]>
[2023-02-08 02:04:51,149] {taskinstance.py:1179} INFO - Dependencies all met for <TaskInstance: 10_branching.branch scheduled__2022-07-16T00:00:00+00:00 [queued]>
[2023-02-08 02:04:51,149] {taskinstance.py:1376} INFO - 
--------------------------------------------------------------------------------
[2023-02-08 02:04:51,149] {taskinstance.py:1377} INFO - Starting attempt 1 of 1
[2023-02-08 02:04:51,149] {taskinstance.py:1378} INFO - 
--------------------------------------------------------------------------------
[2023-02-08 02:04:51,173] {taskinstance.py:1397} INFO - Executing <Task(BranchPythonOperator): branch> on 2022-07-16 00:00:00+00:00
[2023-02-08 02:04:51,178] {standard_task_runner.py:52} INFO - Started process 56010 to run task
[2023-02-08 02:04:51,184] {standard_task_runner.py:79} INFO - Running: ['airflow', 'tasks', 'run', '10_branching', 'branch', 'scheduled__2022-07-16T00:00:00+00:00', '--job-id', '1423', '--raw', '--subdir', 'DAGS_FOLDER/10_branchpythonoperator.py', '--cfg-path', '/tmp/tmp7wc5b8gh', '--error-file', '/tmp/tmp1dmvpp9q']
[2023-02-08 02:04:51,186] {standard_task_runner.py:80} INFO - Job 1423: Subtask branch
[2023-02-08 02:04:51,288] {task_command.py:371} INFO - Running <TaskInstance: 10_branching.branch scheduled__2022-07-16T00:00:00+00:00 [running]> on host pc.
[2023-02-08 02:04:51,396] {taskinstance.py:1589} INFO - Exporting the following env vars:
AIRFLOW_CTX_DAG_OWNER=airflow
AIRFLOW_CTX_DAG_ID=10_branching
AIRFLOW_CTX_TASK_ID=branch
AIRFLOW_CTX_EXECUTION_DATE=2022-07-16T00:00:00+00:00
AIRFLOW_CTX_TRY_NUMBER=1
AIRFLOW_CTX_DAG_RUN_ID=scheduled__2022-07-16T00:00:00+00:00
[2023-02-08 02:04:51,397] {python.py:173} INFO - Done. Returned value was: start_15_june
[2023-02-08 02:04:51,398] {skipmixin.py:140} INFO - Following branch start_15_june
[2023-02-08 02:04:51,398] {skipmixin.py:175} INFO - Skipping tasks ['finish_14_june']
[2023-02-08 02:04:51,465] {taskinstance.py:1415} INFO - Marking task as SUCCESS. dag_id=10_branching, task_id=branch, execution_date=20220716T000000, start_date=20230208T070451, end_date=20230208T070451
[2023-02-08 02:04:51,516] {local_task_job.py:156} INFO - Task exited with return code 0
[2023-02-08 02:04:51,572] {local_task_job.py:273} INFO - 1 downstream tasks scheduled from follow-on schedule check
