[2023-02-05 23:37:48,517] {taskinstance.py:1179} INFO - Dependencies all met for <TaskInstance: 06_monitoring_trigger_rules.task_1 scheduled__2022-11-08T00:00:00+00:00 [queued]>
[2023-02-05 23:37:48,527] {taskinstance.py:1179} INFO - Dependencies all met for <TaskInstance: 06_monitoring_trigger_rules.task_1 scheduled__2022-11-08T00:00:00+00:00 [queued]>
[2023-02-05 23:37:48,527] {taskinstance.py:1376} INFO - 
--------------------------------------------------------------------------------
[2023-02-05 23:37:48,527] {taskinstance.py:1377} INFO - Starting attempt 1 of 3
[2023-02-05 23:37:48,527] {taskinstance.py:1378} INFO - 
--------------------------------------------------------------------------------
[2023-02-05 23:37:48,548] {taskinstance.py:1397} INFO - Executing <Task(BashOperator): task_1> on 2022-11-08 00:00:00+00:00
[2023-02-05 23:37:48,551] {standard_task_runner.py:52} INFO - Started process 39387 to run task
[2023-02-05 23:37:48,557] {standard_task_runner.py:79} INFO - Running: ['airflow', 'tasks', 'run', '06_monitoring_trigger_rules', 'task_1', 'scheduled__2022-11-08T00:00:00+00:00', '--job-id', '305', '--raw', '--subdir', 'DAGS_FOLDER/06.2_monitoring_trigger_rules.py', '--cfg-path', '/tmp/tmpn9ik9kae', '--error-file', '/tmp/tmp7fbrcxg5']
[2023-02-05 23:37:48,558] {standard_task_runner.py:80} INFO - Job 305: Subtask task_1
[2023-02-05 23:37:48,640] {task_command.py:371} INFO - Running <TaskInstance: 06_monitoring_trigger_rules.task_1 scheduled__2022-11-08T00:00:00+00:00 [running]> on host pc.
[2023-02-05 23:37:48,738] {taskinstance.py:1589} INFO - Exporting the following env vars:
AIRFLOW_CTX_DAG_OWNER=airflow
AIRFLOW_CTX_DAG_ID=06_monitoring_trigger_rules
AIRFLOW_CTX_TASK_ID=task_1
AIRFLOW_CTX_EXECUTION_DATE=2022-11-08T00:00:00+00:00
AIRFLOW_CTX_TRY_NUMBER=1
AIRFLOW_CTX_DAG_RUN_ID=scheduled__2022-11-08T00:00:00+00:00
[2023-02-05 23:37:48,739] {subprocess.py:62} INFO - Tmp dir root location: 
 /tmp
[2023-02-05 23:37:48,741] {subprocess.py:74} INFO - Running command: ['bash', '-c', "sleep 2 && echo 'First task!'"]
[2023-02-05 23:37:48,748] {subprocess.py:85} INFO - Output:
[2023-02-05 23:37:50,751] {subprocess.py:92} INFO - First task!
[2023-02-05 23:37:50,752] {subprocess.py:96} INFO - Command exited with return code 0
[2023-02-05 23:37:50,782] {taskinstance.py:1415} INFO - Marking task as SUCCESS. dag_id=06_monitoring_trigger_rules, task_id=task_1, execution_date=20221108T000000, start_date=20230206T043748, end_date=20230206T043750
[2023-02-05 23:37:50,816] {local_task_job.py:156} INFO - Task exited with return code 0
[2023-02-05 23:37:50,873] {local_task_job.py:273} INFO - 1 downstream tasks scheduled from follow-on schedule check
