[2023-02-05 21:13:02,373] {taskinstance.py:1179} INFO - Dependencies all met for <TaskInstance: 06_monitoring.task_1 scheduled__2022-11-19T00:00:00+00:00 [queued]>
[2023-02-05 21:13:02,384] {taskinstance.py:1179} INFO - Dependencies all met for <TaskInstance: 06_monitoring.task_1 scheduled__2022-11-19T00:00:00+00:00 [queued]>
[2023-02-05 21:13:02,384] {taskinstance.py:1376} INFO - 
--------------------------------------------------------------------------------
[2023-02-05 21:13:02,385] {taskinstance.py:1377} INFO - Starting attempt 1 of 1
[2023-02-05 21:13:02,385] {taskinstance.py:1378} INFO - 
--------------------------------------------------------------------------------
[2023-02-05 21:13:02,406] {taskinstance.py:1397} INFO - Executing <Task(BashOperator): task_1> on 2022-11-19 00:00:00+00:00
[2023-02-05 21:13:02,409] {standard_task_runner.py:52} INFO - Started process 35156 to run task
[2023-02-05 21:13:02,414] {standard_task_runner.py:79} INFO - Running: ['airflow', 'tasks', 'run', '06_monitoring', 'task_1', 'scheduled__2022-11-19T00:00:00+00:00', '--job-id', '166', '--raw', '--subdir', 'DAGS_FOLDER/06_monitoring.py', '--cfg-path', '/tmp/tmpyrygx5lp', '--error-file', '/tmp/tmpjtdwz9c3']
[2023-02-05 21:13:02,415] {standard_task_runner.py:80} INFO - Job 166: Subtask task_1
[2023-02-05 21:13:02,496] {task_command.py:371} INFO - Running <TaskInstance: 06_monitoring.task_1 scheduled__2022-11-19T00:00:00+00:00 [running]> on host pc.
[2023-02-05 21:13:02,581] {taskinstance.py:1589} INFO - Exporting the following env vars:
AIRFLOW_CTX_DAG_OWNER=airflow
AIRFLOW_CTX_DAG_ID=06_monitoring
AIRFLOW_CTX_TASK_ID=task_1
AIRFLOW_CTX_EXECUTION_DATE=2022-11-19T00:00:00+00:00
AIRFLOW_CTX_TRY_NUMBER=1
AIRFLOW_CTX_DAG_RUN_ID=scheduled__2022-11-19T00:00:00+00:00
[2023-02-05 21:13:02,582] {subprocess.py:62} INFO - Tmp dir root location: 
 /tmp
[2023-02-05 21:13:02,582] {subprocess.py:74} INFO - Running command: ['bash', '-c', "sleep 2 && echo 'First task!'"]
[2023-02-05 21:13:02,590] {subprocess.py:85} INFO - Output:
[2023-02-05 21:13:04,592] {subprocess.py:92} INFO - First task!
[2023-02-05 21:13:04,592] {subprocess.py:96} INFO - Command exited with return code 0
[2023-02-05 21:13:04,622] {taskinstance.py:1415} INFO - Marking task as SUCCESS. dag_id=06_monitoring, task_id=task_1, execution_date=20221119T000000, start_date=20230206T021302, end_date=20230206T021304
[2023-02-05 21:13:04,674] {local_task_job.py:156} INFO - Task exited with return code 0
[2023-02-05 21:13:04,765] {local_task_job.py:273} INFO - 1 downstream tasks scheduled from follow-on schedule check
[2023-02-05 21:16:32,083] {taskinstance.py:1179} INFO - Dependencies all met for <TaskInstance: 06_monitoring.task_1 scheduled__2022-11-19T00:00:00+00:00 [queued]>
[2023-02-05 21:16:32,095] {taskinstance.py:1179} INFO - Dependencies all met for <TaskInstance: 06_monitoring.task_1 scheduled__2022-11-19T00:00:00+00:00 [queued]>
[2023-02-05 21:16:32,095] {taskinstance.py:1376} INFO - 
--------------------------------------------------------------------------------
[2023-02-05 21:16:32,095] {taskinstance.py:1377} INFO - Starting attempt 1 of 1
[2023-02-05 21:16:32,096] {taskinstance.py:1378} INFO - 
--------------------------------------------------------------------------------
[2023-02-05 21:16:32,118] {taskinstance.py:1397} INFO - Executing <Task(BashOperator): task_1> on 2022-11-19 00:00:00+00:00
[2023-02-05 21:16:32,121] {standard_task_runner.py:52} INFO - Started process 35374 to run task
[2023-02-05 21:16:32,126] {standard_task_runner.py:79} INFO - Running: ['airflow', 'tasks', 'run', '06_monitoring', 'task_1', 'scheduled__2022-11-19T00:00:00+00:00', '--job-id', '159', '--raw', '--subdir', 'DAGS_FOLDER/06_monitoring.py', '--cfg-path', '/tmp/tmpnsn0r856', '--error-file', '/tmp/tmpoze98zck']
[2023-02-05 21:16:32,127] {standard_task_runner.py:80} INFO - Job 159: Subtask task_1
[2023-02-05 21:16:32,206] {task_command.py:371} INFO - Running <TaskInstance: 06_monitoring.task_1 scheduled__2022-11-19T00:00:00+00:00 [running]> on host pc.
[2023-02-05 21:16:32,289] {taskinstance.py:1589} INFO - Exporting the following env vars:
AIRFLOW_CTX_DAG_OWNER=airflow
AIRFLOW_CTX_DAG_ID=06_monitoring
AIRFLOW_CTX_TASK_ID=task_1
AIRFLOW_CTX_EXECUTION_DATE=2022-11-19T00:00:00+00:00
AIRFLOW_CTX_TRY_NUMBER=1
AIRFLOW_CTX_DAG_RUN_ID=scheduled__2022-11-19T00:00:00+00:00
[2023-02-05 21:16:32,290] {subprocess.py:62} INFO - Tmp dir root location: 
 /tmp
[2023-02-05 21:16:32,291] {subprocess.py:74} INFO - Running command: ['bash', '-c', "sleep 2 && echo 'First task!'"]
[2023-02-05 21:16:32,299] {subprocess.py:85} INFO - Output:
[2023-02-05 21:16:34,301] {subprocess.py:92} INFO - First task!
[2023-02-05 21:16:34,302] {subprocess.py:96} INFO - Command exited with return code 0
[2023-02-05 21:16:34,852] {taskinstance.py:1415} INFO - Marking task as SUCCESS. dag_id=06_monitoring, task_id=task_1, execution_date=20221119T000000, start_date=20230206T021632, end_date=20230206T021634
[2023-02-05 21:16:35,511] {local_task_job.py:156} INFO - Task exited with return code 0
[2023-02-05 21:16:35,950] {local_task_job.py:273} INFO - 1 downstream tasks scheduled from follow-on schedule check
