[2023-02-07 20:07:07,228] {taskinstance.py:1179} INFO - Dependencies all met for <TaskInstance: 07.3_file_sensor.end_task scheduled__2023-01-13T00:00:00+00:00 [queued]>
[2023-02-07 20:07:07,241] {taskinstance.py:1179} INFO - Dependencies all met for <TaskInstance: 07.3_file_sensor.end_task scheduled__2023-01-13T00:00:00+00:00 [queued]>
[2023-02-07 20:07:07,241] {taskinstance.py:1376} INFO - 
--------------------------------------------------------------------------------
[2023-02-07 20:07:07,241] {taskinstance.py:1377} INFO - Starting attempt 1 of 1
[2023-02-07 20:07:07,241] {taskinstance.py:1378} INFO - 
--------------------------------------------------------------------------------
[2023-02-07 20:07:07,262] {taskinstance.py:1397} INFO - Executing <Task(BashOperator): end_task> on 2023-01-13 00:00:00+00:00
[2023-02-07 20:07:07,266] {standard_task_runner.py:52} INFO - Started process 43610 to run task
[2023-02-07 20:07:07,274] {standard_task_runner.py:79} INFO - Running: ['airflow', 'tasks', 'run', '07.3_file_sensor', 'end_task', 'scheduled__2023-01-13T00:00:00+00:00', '--job-id', '943', '--raw', '--subdir', 'DAGS_FOLDER/07.3_file_sensor.py', '--cfg-path', '/tmp/tmph1bkxs1a', '--error-file', '/tmp/tmp3ljq12j5']
[2023-02-07 20:07:07,275] {standard_task_runner.py:80} INFO - Job 943: Subtask end_task
[2023-02-07 20:07:07,370] {task_command.py:371} INFO - Running <TaskInstance: 07.3_file_sensor.end_task scheduled__2023-01-13T00:00:00+00:00 [running]> on host pc.
[2023-02-07 20:07:07,474] {taskinstance.py:1589} INFO - Exporting the following env vars:
AIRFLOW_CTX_DAG_OWNER=airflow
AIRFLOW_CTX_DAG_ID=07.3_file_sensor
AIRFLOW_CTX_TASK_ID=end_task
AIRFLOW_CTX_EXECUTION_DATE=2023-01-13T00:00:00+00:00
AIRFLOW_CTX_TRY_NUMBER=1
AIRFLOW_CTX_DAG_RUN_ID=scheduled__2023-01-13T00:00:00+00:00
[2023-02-07 20:07:07,476] {subprocess.py:62} INFO - Tmp dir root location: 
 /tmp
[2023-02-07 20:07:07,477] {subprocess.py:74} INFO - Running command: ['bash', '-c', "echo 'The file has arrived!'"]
[2023-02-07 20:07:07,487] {subprocess.py:85} INFO - Output:
[2023-02-07 20:07:07,489] {subprocess.py:92} INFO - The file has arrived!
[2023-02-07 20:07:07,489] {subprocess.py:96} INFO - Command exited with return code 0
[2023-02-07 20:07:07,520] {taskinstance.py:1415} INFO - Marking task as SUCCESS. dag_id=07.3_file_sensor, task_id=end_task, execution_date=20230113T000000, start_date=20230208T010707, end_date=20230208T010707
[2023-02-07 20:07:07,604] {local_task_job.py:156} INFO - Task exited with return code 0
[2023-02-07 20:07:07,630] {local_task_job.py:273} INFO - 0 downstream tasks scheduled from follow-on schedule check
