[2023-02-05 21:25:35,362] {taskinstance.py:1179} INFO - Dependencies all met for <TaskInstance: 06_monitoring.task_1 scheduled__2022-11-08T00:00:00+00:00 [queued]>
[2023-02-05 21:25:35,374] {taskinstance.py:1179} INFO - Dependencies all met for <TaskInstance: 06_monitoring.task_1 scheduled__2022-11-08T00:00:00+00:00 [queued]>
[2023-02-05 21:25:35,374] {taskinstance.py:1376} INFO - 
--------------------------------------------------------------------------------
[2023-02-05 21:25:35,374] {taskinstance.py:1377} INFO - Starting attempt 2 of 2
[2023-02-05 21:25:35,374] {taskinstance.py:1378} INFO - 
--------------------------------------------------------------------------------
[2023-02-05 21:25:35,394] {taskinstance.py:1397} INFO - Executing <Task(BashOperator): task_1> on 2022-11-08 00:00:00+00:00
[2023-02-05 21:25:35,397] {standard_task_runner.py:52} INFO - Started process 35697 to run task
[2023-02-05 21:25:35,402] {standard_task_runner.py:79} INFO - Running: ['airflow', 'tasks', 'run', '06_monitoring', 'task_1', 'scheduled__2022-11-08T00:00:00+00:00', '--job-id', '191', '--raw', '--subdir', 'DAGS_FOLDER/06_monitoring.py', '--cfg-path', '/tmp/tmp5r8eolm4', '--error-file', '/tmp/tmp0s75rzo0']
[2023-02-05 21:25:35,403] {standard_task_runner.py:80} INFO - Job 191: Subtask task_1
[2023-02-05 21:25:35,488] {task_command.py:371} INFO - Running <TaskInstance: 06_monitoring.task_1 scheduled__2022-11-08T00:00:00+00:00 [running]> on host pc.
[2023-02-05 21:25:35,571] {taskinstance.py:1589} INFO - Exporting the following env vars:
AIRFLOW_CTX_DAG_OWNER=airflow
AIRFLOW_CTX_DAG_ID=06_monitoring
AIRFLOW_CTX_TASK_ID=task_1
AIRFLOW_CTX_EXECUTION_DATE=2022-11-08T00:00:00+00:00
AIRFLOW_CTX_TRY_NUMBER=2
AIRFLOW_CTX_DAG_RUN_ID=scheduled__2022-11-08T00:00:00+00:00
[2023-02-05 21:25:35,572] {subprocess.py:62} INFO - Tmp dir root location: 
 /tmp
[2023-02-05 21:25:35,573] {subprocess.py:74} INFO - Running command: ['bash', '-c', "sleep 2 && echo 'First task!'"]
[2023-02-05 21:25:35,581] {subprocess.py:85} INFO - Output:
[2023-02-05 21:25:37,584] {subprocess.py:92} INFO - First task!
[2023-02-05 21:25:37,584] {subprocess.py:96} INFO - Command exited with return code 0
[2023-02-05 21:25:37,613] {taskinstance.py:1415} INFO - Marking task as SUCCESS. dag_id=06_monitoring, task_id=task_1, execution_date=20221108T000000, start_date=20230206T022535, end_date=20230206T022537
[2023-02-05 21:25:37,670] {local_task_job.py:156} INFO - Task exited with return code 0
[2023-02-05 21:25:37,698] {local_task_job.py:273} INFO - 0 downstream tasks scheduled from follow-on schedule check
[2023-02-05 21:56:43,746] {taskinstance.py:1179} INFO - Dependencies all met for <TaskInstance: 06_monitoring.task_1 scheduled__2022-11-08T00:00:00+00:00 [queued]>
[2023-02-05 21:56:43,758] {taskinstance.py:1179} INFO - Dependencies all met for <TaskInstance: 06_monitoring.task_1 scheduled__2022-11-08T00:00:00+00:00 [queued]>
[2023-02-05 21:56:43,758] {taskinstance.py:1376} INFO - 
--------------------------------------------------------------------------------
[2023-02-05 21:56:43,758] {taskinstance.py:1377} INFO - Starting attempt 2 of 2
[2023-02-05 21:56:43,758] {taskinstance.py:1378} INFO - 
--------------------------------------------------------------------------------
[2023-02-05 21:56:43,779] {taskinstance.py:1397} INFO - Executing <Task(BashOperator): task_1> on 2022-11-08 00:00:00+00:00
[2023-02-05 21:56:43,783] {standard_task_runner.py:52} INFO - Started process 36891 to run task
[2023-02-05 21:56:43,787] {standard_task_runner.py:79} INFO - Running: ['airflow', 'tasks', 'run', '06_monitoring', 'task_1', 'scheduled__2022-11-08T00:00:00+00:00', '--job-id', '222', '--raw', '--subdir', 'DAGS_FOLDER/06_monitoring.py', '--cfg-path', '/tmp/tmphvj1een9', '--error-file', '/tmp/tmpc7zqktvv']
[2023-02-05 21:56:43,789] {standard_task_runner.py:80} INFO - Job 222: Subtask task_1
[2023-02-05 21:56:43,869] {task_command.py:371} INFO - Running <TaskInstance: 06_monitoring.task_1 scheduled__2022-11-08T00:00:00+00:00 [running]> on host pc.
[2023-02-05 21:56:43,953] {taskinstance.py:1589} INFO - Exporting the following env vars:
AIRFLOW_CTX_DAG_OWNER=airflow
AIRFLOW_CTX_DAG_ID=06_monitoring
AIRFLOW_CTX_TASK_ID=task_1
AIRFLOW_CTX_EXECUTION_DATE=2022-11-08T00:00:00+00:00
AIRFLOW_CTX_TRY_NUMBER=2
AIRFLOW_CTX_DAG_RUN_ID=scheduled__2022-11-08T00:00:00+00:00
[2023-02-05 21:56:43,954] {subprocess.py:62} INFO - Tmp dir root location: 
 /tmp
[2023-02-05 21:56:43,955] {subprocess.py:74} INFO - Running command: ['bash', '-c', "sleep 2 && echo 'First task!'"]
[2023-02-05 21:56:43,962] {subprocess.py:85} INFO - Output:
[2023-02-05 21:56:45,965] {subprocess.py:92} INFO - First task!
[2023-02-05 21:56:45,965] {subprocess.py:96} INFO - Command exited with return code 0
[2023-02-05 21:56:46,014] {taskinstance.py:1415} INFO - Marking task as SUCCESS. dag_id=06_monitoring, task_id=task_1, execution_date=20221108T000000, start_date=20230206T025643, end_date=20230206T025646
[2023-02-05 21:56:46,048] {local_task_job.py:156} INFO - Task exited with return code 0
[2023-02-05 21:56:46,100] {local_task_job.py:273} INFO - 1 downstream tasks scheduled from follow-on schedule check
