[2023-02-05 17:47:19,997] {taskinstance.py:1179} INFO - Dependencies all met for <TaskInstance: orchestration.task_5 scheduled__2023-01-10T00:00:00+00:00 [queued]>
[2023-02-05 17:47:20,007] {taskinstance.py:1179} INFO - Dependencies all met for <TaskInstance: orchestration.task_5 scheduled__2023-01-10T00:00:00+00:00 [queued]>
[2023-02-05 17:47:20,008] {taskinstance.py:1376} INFO - 
--------------------------------------------------------------------------------
[2023-02-05 17:47:20,008] {taskinstance.py:1377} INFO - Starting attempt 1 of 1
[2023-02-05 17:47:20,008] {taskinstance.py:1378} INFO - 
--------------------------------------------------------------------------------
[2023-02-05 17:47:20,029] {taskinstance.py:1397} INFO - Executing <Task(BashOperator): task_5> on 2023-01-10 00:00:00+00:00
[2023-02-05 17:47:20,033] {standard_task_runner.py:52} INFO - Started process 30046 to run task
[2023-02-05 17:47:20,038] {standard_task_runner.py:79} INFO - Running: ['airflow', 'tasks', 'run', 'orchestration', 'task_5', 'scheduled__2023-01-10T00:00:00+00:00', '--job-id', '91', '--raw', '--subdir', 'DAGS_FOLDER/5_orchestration_2.py', '--cfg-path', '/tmp/tmpd9jqvlv7', '--error-file', '/tmp/tmpstqy1u5i']
[2023-02-05 17:47:20,039] {standard_task_runner.py:80} INFO - Job 91: Subtask task_5
[2023-02-05 17:47:20,116] {task_command.py:371} INFO - Running <TaskInstance: orchestration.task_5 scheduled__2023-01-10T00:00:00+00:00 [running]> on host pc.
[2023-02-05 17:47:20,205] {taskinstance.py:1589} INFO - Exporting the following env vars:
AIRFLOW_CTX_DAG_OWNER=airflow
AIRFLOW_CTX_DAG_ID=orchestration
AIRFLOW_CTX_TASK_ID=task_5
AIRFLOW_CTX_EXECUTION_DATE=2023-01-10T00:00:00+00:00
AIRFLOW_CTX_TRY_NUMBER=1
AIRFLOW_CTX_DAG_RUN_ID=scheduled__2023-01-10T00:00:00+00:00
[2023-02-05 17:47:20,206] {subprocess.py:62} INFO - Tmp dir root location: 
 /tmp
[2023-02-05 17:47:20,207] {subprocess.py:74} INFO - Running command: ['bash', '-c', "sleep 2 && echo 'Task_5'"]
[2023-02-05 17:47:20,215] {subprocess.py:85} INFO - Output:
[2023-02-05 17:47:22,217] {subprocess.py:92} INFO - Task_5
[2023-02-05 17:47:22,217] {subprocess.py:96} INFO - Command exited with return code 0
[2023-02-05 17:47:22,250] {taskinstance.py:1415} INFO - Marking task as SUCCESS. dag_id=orchestration, task_id=task_5, execution_date=20230110T000000, start_date=20230205T224719, end_date=20230205T224722
[2023-02-05 17:47:22,298] {local_task_job.py:156} INFO - Task exited with return code 0
[2023-02-05 17:47:22,325] {local_task_job.py:273} INFO - 0 downstream tasks scheduled from follow-on schedule check
[2023-02-05 17:58:14,898] {taskinstance.py:1179} INFO - Dependencies all met for <TaskInstance: orchestration.task_5 scheduled__2023-01-10T00:00:00+00:00 [queued]>
[2023-02-05 17:58:14,912] {taskinstance.py:1179} INFO - Dependencies all met for <TaskInstance: orchestration.task_5 scheduled__2023-01-10T00:00:00+00:00 [queued]>
[2023-02-05 17:58:14,913] {taskinstance.py:1376} INFO - 
--------------------------------------------------------------------------------
[2023-02-05 17:58:14,913] {taskinstance.py:1377} INFO - Starting attempt 1 of 1
[2023-02-05 17:58:14,913] {taskinstance.py:1378} INFO - 
--------------------------------------------------------------------------------
[2023-02-05 17:58:14,934] {taskinstance.py:1397} INFO - Executing <Task(BashOperator): task_5> on 2023-01-10 00:00:00+00:00
[2023-02-05 17:58:14,937] {standard_task_runner.py:52} INFO - Started process 30697 to run task
[2023-02-05 17:58:14,942] {standard_task_runner.py:79} INFO - Running: ['airflow', 'tasks', 'run', 'orchestration', 'task_5', 'scheduled__2023-01-10T00:00:00+00:00', '--job-id', '91', '--raw', '--subdir', 'DAGS_FOLDER/5_orchestration_2.py', '--cfg-path', '/tmp/tmpx4yov99l', '--error-file', '/tmp/tmpni6b77s_']
[2023-02-05 17:58:14,943] {standard_task_runner.py:80} INFO - Job 91: Subtask task_5
[2023-02-05 17:58:15,043] {task_command.py:371} INFO - Running <TaskInstance: orchestration.task_5 scheduled__2023-01-10T00:00:00+00:00 [running]> on host pc.
[2023-02-05 17:58:15,148] {taskinstance.py:1589} INFO - Exporting the following env vars:
AIRFLOW_CTX_DAG_OWNER=airflow
AIRFLOW_CTX_DAG_ID=orchestration
AIRFLOW_CTX_TASK_ID=task_5
AIRFLOW_CTX_EXECUTION_DATE=2023-01-10T00:00:00+00:00
AIRFLOW_CTX_TRY_NUMBER=1
AIRFLOW_CTX_DAG_RUN_ID=scheduled__2023-01-10T00:00:00+00:00
[2023-02-05 17:58:15,150] {subprocess.py:62} INFO - Tmp dir root location: 
 /tmp
[2023-02-05 17:58:15,150] {subprocess.py:74} INFO - Running command: ['bash', '-c', "sleep 1 && echo 'Task_5'"]
[2023-02-05 17:58:15,165] {subprocess.py:85} INFO - Output:
[2023-02-05 17:58:16,161] {subprocess.py:92} INFO - Task_5
[2023-02-05 17:58:16,162] {subprocess.py:96} INFO - Command exited with return code 0
[2023-02-05 17:58:16,192] {taskinstance.py:1415} INFO - Marking task as SUCCESS. dag_id=orchestration, task_id=task_5, execution_date=20230110T000000, start_date=20230205T225814, end_date=20230205T225816
[2023-02-05 17:58:16,238] {local_task_job.py:156} INFO - Task exited with return code 0
[2023-02-05 17:58:16,264] {local_task_job.py:273} INFO - 0 downstream tasks scheduled from follow-on schedule check
