[2023-02-07 19:55:18,595] {taskinstance.py:1179} INFO - Dependencies all met for <TaskInstance: 07.3_file_sensor.file_task scheduled__2022-12-09T00:00:00+00:00 [queued]>
[2023-02-07 19:55:18,606] {taskinstance.py:1179} INFO - Dependencies all met for <TaskInstance: 07.3_file_sensor.file_task scheduled__2022-12-09T00:00:00+00:00 [queued]>
[2023-02-07 19:55:18,606] {taskinstance.py:1376} INFO - 
--------------------------------------------------------------------------------
[2023-02-07 19:55:18,606] {taskinstance.py:1377} INFO - Starting attempt 1 of 1
[2023-02-07 19:55:18,606] {taskinstance.py:1378} INFO - 
--------------------------------------------------------------------------------
[2023-02-07 19:55:18,628] {taskinstance.py:1397} INFO - Executing <Task(BashOperator): file_task> on 2022-12-09 00:00:00+00:00
[2023-02-07 19:55:18,631] {standard_task_runner.py:52} INFO - Started process 43189 to run task
[2023-02-07 19:55:18,637] {standard_task_runner.py:79} INFO - Running: ['airflow', 'tasks', 'run', '07.3_file_sensor', 'file_task', 'scheduled__2022-12-09T00:00:00+00:00', '--job-id', '830', '--raw', '--subdir', 'DAGS_FOLDER/07.3_file_sensor.py', '--cfg-path', '/tmp/tmptccabpar', '--error-file', '/tmp/tmpkz8abrut']
[2023-02-07 19:55:18,639] {standard_task_runner.py:80} INFO - Job 830: Subtask file_task
[2023-02-07 19:55:18,726] {task_command.py:371} INFO - Running <TaskInstance: 07.3_file_sensor.file_task scheduled__2022-12-09T00:00:00+00:00 [running]> on host pc.
[2023-02-07 19:55:18,828] {taskinstance.py:1589} INFO - Exporting the following env vars:
AIRFLOW_CTX_DAG_OWNER=airflow
AIRFLOW_CTX_DAG_ID=07.3_file_sensor
AIRFLOW_CTX_TASK_ID=file_task
AIRFLOW_CTX_EXECUTION_DATE=2022-12-09T00:00:00+00:00
AIRFLOW_CTX_TRY_NUMBER=1
AIRFLOW_CTX_DAG_RUN_ID=scheduled__2022-12-09T00:00:00+00:00
[2023-02-07 19:55:18,829] {subprocess.py:62} INFO - Tmp dir root location: 
 /tmp
[2023-02-07 19:55:18,830] {subprocess.py:74} INFO - Running command: ['bash', '-c', 'sleep 10 && touch /tmp/file.txt']
[2023-02-07 19:55:18,839] {subprocess.py:85} INFO - Output:
[2023-02-07 19:55:28,842] {subprocess.py:96} INFO - Command exited with return code 0
[2023-02-07 19:55:28,872] {taskinstance.py:1415} INFO - Marking task as SUCCESS. dag_id=07.3_file_sensor, task_id=file_task, execution_date=20221209T000000, start_date=20230208T005518, end_date=20230208T005528
[2023-02-07 19:55:28,917] {local_task_job.py:156} INFO - Task exited with return code 0
[2023-02-07 19:55:28,957] {local_task_job.py:273} INFO - 1 downstream tasks scheduled from follow-on schedule check
