[2023-02-07 20:10:50,610] {taskinstance.py:1179} INFO - Dependencies all met for <TaskInstance: 07.3_file_sensor.waiting_file scheduled__2023-01-25T00:00:00+00:00 [queued]>
[2023-02-07 20:10:50,621] {taskinstance.py:1179} INFO - Dependencies all met for <TaskInstance: 07.3_file_sensor.waiting_file scheduled__2023-01-25T00:00:00+00:00 [queued]>
[2023-02-07 20:10:50,621] {taskinstance.py:1376} INFO - 
--------------------------------------------------------------------------------
[2023-02-07 20:10:50,621] {taskinstance.py:1377} INFO - Starting attempt 1 of 1
[2023-02-07 20:10:50,621] {taskinstance.py:1378} INFO - 
--------------------------------------------------------------------------------
[2023-02-07 20:10:50,644] {taskinstance.py:1397} INFO - Executing <Task(FileSensor): waiting_file> on 2023-01-25 00:00:00+00:00
[2023-02-07 20:10:50,648] {standard_task_runner.py:52} INFO - Started process 43764 to run task
[2023-02-07 20:10:50,655] {standard_task_runner.py:79} INFO - Running: ['airflow', 'tasks', 'run', '07.3_file_sensor', 'waiting_file', 'scheduled__2023-01-25T00:00:00+00:00', '--job-id', '975', '--raw', '--subdir', 'DAGS_FOLDER/07.3_file_sensor.py', '--cfg-path', '/tmp/tmphbun8ee7', '--error-file', '/tmp/tmpeuv5sdl2']
[2023-02-07 20:10:50,656] {standard_task_runner.py:80} INFO - Job 975: Subtask waiting_file
[2023-02-07 20:10:50,748] {task_command.py:371} INFO - Running <TaskInstance: 07.3_file_sensor.waiting_file scheduled__2023-01-25T00:00:00+00:00 [running]> on host pc.
[2023-02-07 20:10:50,849] {taskinstance.py:1589} INFO - Exporting the following env vars:
AIRFLOW_CTX_DAG_OWNER=airflow
AIRFLOW_CTX_DAG_ID=07.3_file_sensor
AIRFLOW_CTX_TASK_ID=waiting_file
AIRFLOW_CTX_EXECUTION_DATE=2023-01-25T00:00:00+00:00
AIRFLOW_CTX_TRY_NUMBER=1
AIRFLOW_CTX_DAG_RUN_ID=scheduled__2023-01-25T00:00:00+00:00
[2023-02-07 20:10:50,856] {base.py:68} INFO - Using connection ID 'fs_default' for task execution.
[2023-02-07 20:10:50,857] {filesystem.py:58} INFO - Poking for file /tmp/file.txt
[2023-02-07 20:10:50,858] {filesystem.py:63} INFO - Found File /tmp/file.txt last modified: 20230207201047
[2023-02-07 20:10:50,858] {base.py:301} INFO - Success criteria met. Exiting.
[2023-02-07 20:10:50,868] {taskinstance.py:1415} INFO - Marking task as SUCCESS. dag_id=07.3_file_sensor, task_id=waiting_file, execution_date=20230125T000000, start_date=20230208T011050, end_date=20230208T011050
[2023-02-07 20:10:50,906] {local_task_job.py:156} INFO - Task exited with return code 0
[2023-02-07 20:10:50,957] {local_task_job.py:273} INFO - 1 downstream tasks scheduled from follow-on schedule check
