[2023-02-06 00:12:16,897] {taskinstance.py:1179} INFO - Dependencies all met for <TaskInstance: 06_monitoring_trigger_rules.task_3 scheduled__2022-11-03T00:00:00+00:00 [queued]>
[2023-02-06 00:12:16,908] {taskinstance.py:1179} INFO - Dependencies all met for <TaskInstance: 06_monitoring_trigger_rules.task_3 scheduled__2022-11-03T00:00:00+00:00 [queued]>
[2023-02-06 00:12:16,908] {taskinstance.py:1376} INFO - 
--------------------------------------------------------------------------------
[2023-02-06 00:12:16,908] {taskinstance.py:1377} INFO - Starting attempt 2 of 4
[2023-02-06 00:12:16,908] {taskinstance.py:1378} INFO - 
--------------------------------------------------------------------------------
[2023-02-06 00:12:16,929] {taskinstance.py:1397} INFO - Executing <Task(BashOperator): task_3> on 2022-11-03 00:00:00+00:00
[2023-02-06 00:12:16,933] {standard_task_runner.py:52} INFO - Started process 40448 to run task
[2023-02-06 00:12:16,938] {standard_task_runner.py:79} INFO - Running: ['airflow', 'tasks', 'run', '06_monitoring_trigger_rules', 'task_3', 'scheduled__2022-11-03T00:00:00+00:00', '--job-id', '380', '--raw', '--subdir', 'DAGS_FOLDER/06.2_monitoring_trigger_rules.py', '--cfg-path', '/tmp/tmpn_jwujo7', '--error-file', '/tmp/tmp0repb6z6']
[2023-02-06 00:12:16,939] {standard_task_runner.py:80} INFO - Job 380: Subtask task_3
[2023-02-06 00:12:17,020] {task_command.py:371} INFO - Running <TaskInstance: 06_monitoring_trigger_rules.task_3 scheduled__2022-11-03T00:00:00+00:00 [running]> on host pc.
[2023-02-06 00:12:17,102] {taskinstance.py:1589} INFO - Exporting the following env vars:
AIRFLOW_CTX_DAG_OWNER=airflow
AIRFLOW_CTX_DAG_ID=06_monitoring_trigger_rules
AIRFLOW_CTX_TASK_ID=task_3
AIRFLOW_CTX_EXECUTION_DATE=2022-11-03T00:00:00+00:00
AIRFLOW_CTX_TRY_NUMBER=2
AIRFLOW_CTX_DAG_RUN_ID=scheduled__2022-11-03T00:00:00+00:00
[2023-02-06 00:12:17,103] {subprocess.py:62} INFO - Tmp dir root location: 
 /tmp
[2023-02-06 00:12:17,104] {subprocess.py:74} INFO - Running command: ['bash', '-c', "sleep 2 && echo 'Third task!'"]
[2023-02-06 00:12:17,111] {subprocess.py:85} INFO - Output:
[2023-02-06 00:12:19,115] {subprocess.py:92} INFO - Third task!
[2023-02-06 00:12:19,116] {subprocess.py:96} INFO - Command exited with return code 0
[2023-02-06 00:12:19,144] {taskinstance.py:1415} INFO - Marking task as SUCCESS. dag_id=06_monitoring_trigger_rules, task_id=task_3, execution_date=20221103T000000, start_date=20230206T051216, end_date=20230206T051219
[2023-02-06 00:12:19,199] {local_task_job.py:156} INFO - Task exited with return code 0
[2023-02-06 00:12:19,227] {local_task_job.py:273} INFO - 0 downstream tasks scheduled from follow-on schedule check
