[2023-02-06 00:16:08,069] {taskinstance.py:1179} INFO - Dependencies all met for <TaskInstance: 06_monitoring_trigger_rules.task_3 scheduled__2022-11-03T00:00:00+00:00 [queued]>
[2023-02-06 00:16:08,079] {taskinstance.py:1179} INFO - Dependencies all met for <TaskInstance: 06_monitoring_trigger_rules.task_3 scheduled__2022-11-03T00:00:00+00:00 [queued]>
[2023-02-06 00:16:08,079] {taskinstance.py:1376} INFO - 
--------------------------------------------------------------------------------
[2023-02-06 00:16:08,079] {taskinstance.py:1377} INFO - Starting attempt 4 of 6
[2023-02-06 00:16:08,079] {taskinstance.py:1378} INFO - 
--------------------------------------------------------------------------------
[2023-02-06 00:16:08,098] {taskinstance.py:1397} INFO - Executing <Task(BashOperator): task_3> on 2022-11-03 00:00:00+00:00
[2023-02-06 00:16:08,101] {standard_task_runner.py:52} INFO - Started process 40554 to run task
[2023-02-06 00:16:08,106] {standard_task_runner.py:79} INFO - Running: ['airflow', 'tasks', 'run', '06_monitoring_trigger_rules', 'task_3', 'scheduled__2022-11-03T00:00:00+00:00', '--job-id', '382', '--raw', '--subdir', 'DAGS_FOLDER/06.2_monitoring_trigger_rules.py', '--cfg-path', '/tmp/tmpi8h7q3e4', '--error-file', '/tmp/tmpxmhm18w9']
[2023-02-06 00:16:08,107] {standard_task_runner.py:80} INFO - Job 382: Subtask task_3
[2023-02-06 00:16:08,184] {task_command.py:371} INFO - Running <TaskInstance: 06_monitoring_trigger_rules.task_3 scheduled__2022-11-03T00:00:00+00:00 [running]> on host pc.
[2023-02-06 00:16:08,267] {taskinstance.py:1589} INFO - Exporting the following env vars:
AIRFLOW_CTX_DAG_OWNER=airflow
AIRFLOW_CTX_DAG_ID=06_monitoring_trigger_rules
AIRFLOW_CTX_TASK_ID=task_3
AIRFLOW_CTX_EXECUTION_DATE=2022-11-03T00:00:00+00:00
AIRFLOW_CTX_TRY_NUMBER=4
AIRFLOW_CTX_DAG_RUN_ID=scheduled__2022-11-03T00:00:00+00:00
[2023-02-06 00:16:08,268] {subprocess.py:62} INFO - Tmp dir root location: 
 /tmp
[2023-02-06 00:16:08,269] {subprocess.py:74} INFO - Running command: ['bash', '-c', "sleep 2 && echo 'Third task!'"]
[2023-02-06 00:16:08,276] {subprocess.py:85} INFO - Output:
[2023-02-06 00:16:10,278] {subprocess.py:92} INFO - Third task!
[2023-02-06 00:16:10,279] {subprocess.py:96} INFO - Command exited with return code 0
[2023-02-06 00:16:10,308] {taskinstance.py:1415} INFO - Marking task as SUCCESS. dag_id=06_monitoring_trigger_rules, task_id=task_3, execution_date=20221103T000000, start_date=20230206T051608, end_date=20230206T051610
[2023-02-06 00:16:10,364] {local_task_job.py:156} INFO - Task exited with return code 0
[2023-02-06 00:16:10,389] {local_task_job.py:273} INFO - 0 downstream tasks scheduled from follow-on schedule check
