[2023-02-05 21:29:05,372] {taskinstance.py:1179} INFO - Dependencies all met for <TaskInstance: 06_monitoring.task_2 scheduled__2022-11-08T00:00:00+00:00 [queued]>
[2023-02-05 21:29:05,383] {taskinstance.py:1179} INFO - Dependencies all met for <TaskInstance: 06_monitoring.task_2 scheduled__2022-11-08T00:00:00+00:00 [queued]>
[2023-02-05 21:29:05,383] {taskinstance.py:1376} INFO - 
--------------------------------------------------------------------------------
[2023-02-05 21:29:05,383] {taskinstance.py:1377} INFO - Starting attempt 2 of 2
[2023-02-05 21:29:05,383] {taskinstance.py:1378} INFO - 
--------------------------------------------------------------------------------
[2023-02-05 21:29:05,404] {taskinstance.py:1397} INFO - Executing <Task(BashOperator): task_2> on 2022-11-08 00:00:00+00:00
[2023-02-05 21:29:05,408] {standard_task_runner.py:52} INFO - Started process 35888 to run task
[2023-02-05 21:29:05,413] {standard_task_runner.py:79} INFO - Running: ['airflow', 'tasks', 'run', '06_monitoring', 'task_2', 'scheduled__2022-11-08T00:00:00+00:00', '--job-id', '230', '--raw', '--subdir', 'DAGS_FOLDER/06_monitoring.py', '--cfg-path', '/tmp/tmp9tn94tpo', '--error-file', '/tmp/tmpn714n3nl']
[2023-02-05 21:29:05,414] {standard_task_runner.py:80} INFO - Job 230: Subtask task_2
[2023-02-05 21:29:05,491] {task_command.py:371} INFO - Running <TaskInstance: 06_monitoring.task_2 scheduled__2022-11-08T00:00:00+00:00 [running]> on host pc.
[2023-02-05 21:29:05,579] {taskinstance.py:1589} INFO - Exporting the following env vars:
AIRFLOW_CTX_DAG_OWNER=airflow
AIRFLOW_CTX_DAG_ID=06_monitoring
AIRFLOW_CTX_TASK_ID=task_2
AIRFLOW_CTX_EXECUTION_DATE=2022-11-08T00:00:00+00:00
AIRFLOW_CTX_TRY_NUMBER=2
AIRFLOW_CTX_DAG_RUN_ID=scheduled__2022-11-08T00:00:00+00:00
[2023-02-05 21:29:05,580] {subprocess.py:62} INFO - Tmp dir root location: 
 /tmp
[2023-02-05 21:29:05,581] {subprocess.py:74} INFO - Running command: ['bash', '-c', "sleep 2 && echo 'Second task!'"]
[2023-02-05 21:29:05,592] {subprocess.py:85} INFO - Output:
[2023-02-05 21:29:07,595] {subprocess.py:92} INFO - Second task!
[2023-02-05 21:29:07,596] {subprocess.py:96} INFO - Command exited with return code 0
[2023-02-05 21:29:07,631] {taskinstance.py:1415} INFO - Marking task as SUCCESS. dag_id=06_monitoring, task_id=task_2, execution_date=20221108T000000, start_date=20230206T022905, end_date=20230206T022907
[2023-02-05 21:29:07,672] {local_task_job.py:156} INFO - Task exited with return code 0
[2023-02-05 21:29:07,698] {local_task_job.py:273} INFO - 0 downstream tasks scheduled from follow-on schedule check
[2023-02-05 21:40:44,475] {taskinstance.py:1179} INFO - Dependencies all met for <TaskInstance: 06_monitoring.task_2 scheduled__2022-11-08T00:00:00+00:00 [queued]>
[2023-02-05 21:40:44,486] {taskinstance.py:1179} INFO - Dependencies all met for <TaskInstance: 06_monitoring.task_2 scheduled__2022-11-08T00:00:00+00:00 [queued]>
[2023-02-05 21:40:44,486] {taskinstance.py:1376} INFO - 
--------------------------------------------------------------------------------
[2023-02-05 21:40:44,486] {taskinstance.py:1377} INFO - Starting attempt 2 of 2
[2023-02-05 21:40:44,486] {taskinstance.py:1378} INFO - 
--------------------------------------------------------------------------------
[2023-02-05 21:40:44,507] {taskinstance.py:1397} INFO - Executing <Task(BashOperator): task_2> on 2022-11-08 00:00:00+00:00
[2023-02-05 21:40:44,511] {standard_task_runner.py:52} INFO - Started process 36424 to run task
[2023-02-05 21:40:44,516] {standard_task_runner.py:79} INFO - Running: ['airflow', 'tasks', 'run', '06_monitoring', 'task_2', 'scheduled__2022-11-08T00:00:00+00:00', '--job-id', '165', '--raw', '--subdir', 'DAGS_FOLDER/06_monitoring.py', '--cfg-path', '/tmp/tmpa3e29ful', '--error-file', '/tmp/tmpt81sxo98']
[2023-02-05 21:40:44,517] {standard_task_runner.py:80} INFO - Job 165: Subtask task_2
[2023-02-05 21:40:44,605] {task_command.py:371} INFO - Running <TaskInstance: 06_monitoring.task_2 scheduled__2022-11-08T00:00:00+00:00 [running]> on host pc.
[2023-02-05 21:40:44,911] {taskinstance.py:1589} INFO - Exporting the following env vars:
AIRFLOW_CTX_DAG_OWNER=airflow
AIRFLOW_CTX_DAG_ID=06_monitoring
AIRFLOW_CTX_TASK_ID=task_2
AIRFLOW_CTX_EXECUTION_DATE=2022-11-08T00:00:00+00:00
AIRFLOW_CTX_TRY_NUMBER=2
AIRFLOW_CTX_DAG_RUN_ID=scheduled__2022-11-08T00:00:00+00:00
[2023-02-05 21:40:44,913] {subprocess.py:62} INFO - Tmp dir root location: 
 /tmp
[2023-02-05 21:40:44,913] {subprocess.py:74} INFO - Running command: ['bash', '-c', "sleep 2 && echo 'Second task!'"]
[2023-02-05 21:40:44,922] {subprocess.py:85} INFO - Output:
[2023-02-05 21:40:46,925] {subprocess.py:92} INFO - Second task!
[2023-02-05 21:40:46,926] {subprocess.py:96} INFO - Command exited with return code 0
[2023-02-05 21:40:47,025] {taskinstance.py:1415} INFO - Marking task as SUCCESS. dag_id=06_monitoring, task_id=task_2, execution_date=20221108T000000, start_date=20230206T024044, end_date=20230206T024047
[2023-02-05 21:40:47,142] {local_task_job.py:156} INFO - Task exited with return code 0
[2023-02-05 21:40:47,297] {local_task_job.py:273} INFO - 1 downstream tasks scheduled from follow-on schedule check
