[2023-02-05 21:11:46,264] {taskinstance.py:1179} INFO - Dependencies all met for <TaskInstance: 06_monitoring.task_2 scheduled__2022-11-08T00:00:00+00:00 [queued]>
[2023-02-05 21:11:46,274] {taskinstance.py:1179} INFO - Dependencies all met for <TaskInstance: 06_monitoring.task_2 scheduled__2022-11-08T00:00:00+00:00 [queued]>
[2023-02-05 21:11:46,275] {taskinstance.py:1376} INFO - 
--------------------------------------------------------------------------------
[2023-02-05 21:11:46,276] {taskinstance.py:1377} INFO - Starting attempt 1 of 1
[2023-02-05 21:11:46,276] {taskinstance.py:1378} INFO - 
--------------------------------------------------------------------------------
[2023-02-05 21:11:46,298] {taskinstance.py:1397} INFO - Executing <Task(BashOperator): task_2> on 2022-11-08 00:00:00+00:00
[2023-02-05 21:11:46,301] {standard_task_runner.py:52} INFO - Started process 35058 to run task
[2023-02-05 21:11:46,306] {standard_task_runner.py:79} INFO - Running: ['airflow', 'tasks', 'run', '06_monitoring', 'task_2', 'scheduled__2022-11-08T00:00:00+00:00', '--job-id', '146', '--raw', '--subdir', 'DAGS_FOLDER/06_monitoring.py', '--cfg-path', '/tmp/tmpdfqrh0l0', '--error-file', '/tmp/tmp7gv2srgz']
[2023-02-05 21:11:46,307] {standard_task_runner.py:80} INFO - Job 146: Subtask task_2
[2023-02-05 21:11:46,389] {task_command.py:371} INFO - Running <TaskInstance: 06_monitoring.task_2 scheduled__2022-11-08T00:00:00+00:00 [running]> on host pc.
[2023-02-05 21:11:46,466] {taskinstance.py:1589} INFO - Exporting the following env vars:
AIRFLOW_CTX_DAG_OWNER=airflow
AIRFLOW_CTX_DAG_ID=06_monitoring
AIRFLOW_CTX_TASK_ID=task_2
AIRFLOW_CTX_EXECUTION_DATE=2022-11-08T00:00:00+00:00
AIRFLOW_CTX_TRY_NUMBER=1
AIRFLOW_CTX_DAG_RUN_ID=scheduled__2022-11-08T00:00:00+00:00
[2023-02-05 21:11:46,468] {subprocess.py:62} INFO - Tmp dir root location: 
 /tmp
[2023-02-05 21:11:46,469] {subprocess.py:74} INFO - Running command: ['bash', '-c', "sleep 2 && echo 'Second task!"]
[2023-02-05 21:11:46,476] {subprocess.py:85} INFO - Output:
[2023-02-05 21:11:46,478] {subprocess.py:92} INFO - bash: -c: line 1: unexpected EOF while looking for matching `''
[2023-02-05 21:11:46,478] {subprocess.py:92} INFO - bash: -c: line 2: syntax error: unexpected end of file
[2023-02-05 21:11:46,478] {subprocess.py:96} INFO - Command exited with return code 2
[2023-02-05 21:11:46,489] {taskinstance.py:1909} ERROR - Task failed with exception
Traceback (most recent call last):
  File "/home/milo/13-airflow/airflowhome/airflowenv/lib/python3.9/site-packages/airflow/operators/bash.py", line 194, in execute
    raise AirflowException(
airflow.exceptions.AirflowException: Bash command failed. The command returned a non-zero exit code 2.
[2023-02-05 21:11:46,493] {taskinstance.py:1415} INFO - Marking task as FAILED. dag_id=06_monitoring, task_id=task_2, execution_date=20221108T000000, start_date=20230206T021146, end_date=20230206T021146
[2023-02-05 21:11:46,509] {standard_task_runner.py:92} ERROR - Failed to execute job 146 for task task_2 (Bash command failed. The command returned a non-zero exit code 2.; 35058)
[2023-02-05 21:11:46,517] {local_task_job.py:156} INFO - Task exited with return code 1
[2023-02-05 21:11:46,561] {local_task_job.py:273} INFO - 0 downstream tasks scheduled from follow-on schedule check
[2023-02-05 21:14:54,940] {taskinstance.py:1179} INFO - Dependencies all met for <TaskInstance: 06_monitoring.task_2 scheduled__2022-11-08T00:00:00+00:00 [queued]>
[2023-02-05 21:14:54,959] {taskinstance.py:1179} INFO - Dependencies all met for <TaskInstance: 06_monitoring.task_2 scheduled__2022-11-08T00:00:00+00:00 [queued]>
[2023-02-05 21:14:54,960] {taskinstance.py:1376} INFO - 
--------------------------------------------------------------------------------
[2023-02-05 21:14:54,960] {taskinstance.py:1377} INFO - Starting attempt 1 of 1
[2023-02-05 21:14:54,960] {taskinstance.py:1378} INFO - 
--------------------------------------------------------------------------------
[2023-02-05 21:14:54,990] {taskinstance.py:1397} INFO - Executing <Task(BashOperator): task_2> on 2022-11-08 00:00:00+00:00
[2023-02-05 21:14:54,994] {standard_task_runner.py:52} INFO - Started process 35276 to run task
[2023-02-05 21:14:55,004] {standard_task_runner.py:79} INFO - Running: ['airflow', 'tasks', 'run', '06_monitoring', 'task_2', 'scheduled__2022-11-08T00:00:00+00:00', '--job-id', '140', '--raw', '--subdir', 'DAGS_FOLDER/06_monitoring.py', '--cfg-path', '/tmp/tmpzdy_yj1i', '--error-file', '/tmp/tmplhyhp2xd']
[2023-02-05 21:14:55,005] {standard_task_runner.py:80} INFO - Job 140: Subtask task_2
[2023-02-05 21:14:55,083] {task_command.py:371} INFO - Running <TaskInstance: 06_monitoring.task_2 scheduled__2022-11-08T00:00:00+00:00 [running]> on host pc.
[2023-02-05 21:14:55,186] {taskinstance.py:1589} INFO - Exporting the following env vars:
AIRFLOW_CTX_DAG_OWNER=airflow
AIRFLOW_CTX_DAG_ID=06_monitoring
AIRFLOW_CTX_TASK_ID=task_2
AIRFLOW_CTX_EXECUTION_DATE=2022-11-08T00:00:00+00:00
AIRFLOW_CTX_TRY_NUMBER=1
AIRFLOW_CTX_DAG_RUN_ID=scheduled__2022-11-08T00:00:00+00:00
[2023-02-05 21:14:55,192] {subprocess.py:62} INFO - Tmp dir root location: 
 /tmp
[2023-02-05 21:14:55,193] {subprocess.py:74} INFO - Running command: ['bash', '-c', "sleep 2 && echo 'Second task!"]
[2023-02-05 21:14:55,201] {subprocess.py:85} INFO - Output:
[2023-02-05 21:14:55,202] {subprocess.py:92} INFO - bash: -c: line 1: unexpected EOF while looking for matching `''
[2023-02-05 21:14:55,203] {subprocess.py:92} INFO - bash: -c: line 2: syntax error: unexpected end of file
[2023-02-05 21:14:55,203] {subprocess.py:96} INFO - Command exited with return code 2
[2023-02-05 21:14:55,216] {taskinstance.py:1909} ERROR - Task failed with exception
Traceback (most recent call last):
  File "/home/milo/13-airflow/airflowhome/airflowenv/lib/python3.9/site-packages/airflow/operators/bash.py", line 194, in execute
    raise AirflowException(
airflow.exceptions.AirflowException: Bash command failed. The command returned a non-zero exit code 2.
[2023-02-05 21:14:55,220] {taskinstance.py:1415} INFO - Marking task as FAILED. dag_id=06_monitoring, task_id=task_2, execution_date=20221108T000000, start_date=20230206T021454, end_date=20230206T021455
[2023-02-05 21:14:55,239] {standard_task_runner.py:92} ERROR - Failed to execute job 140 for task task_2 (Bash command failed. The command returned a non-zero exit code 2.; 35276)
[2023-02-05 21:14:55,251] {local_task_job.py:156} INFO - Task exited with return code 1
[2023-02-05 21:14:55,310] {local_task_job.py:273} INFO - 0 downstream tasks scheduled from follow-on schedule check
[2023-02-05 21:34:02,227] {taskinstance.py:1179} INFO - Dependencies all met for <TaskInstance: 06_monitoring.task_2 scheduled__2022-11-08T00:00:00+00:00 [queued]>
[2023-02-05 21:34:02,239] {taskinstance.py:1179} INFO - Dependencies all met for <TaskInstance: 06_monitoring.task_2 scheduled__2022-11-08T00:00:00+00:00 [queued]>
[2023-02-05 21:34:02,239] {taskinstance.py:1376} INFO - 
--------------------------------------------------------------------------------
[2023-02-05 21:34:02,239] {taskinstance.py:1377} INFO - Starting attempt 1 of 1
[2023-02-05 21:34:02,239] {taskinstance.py:1378} INFO - 
--------------------------------------------------------------------------------
[2023-02-05 21:34:02,262] {taskinstance.py:1397} INFO - Executing <Task(BashOperator): task_2> on 2022-11-08 00:00:00+00:00
[2023-02-05 21:34:02,265] {standard_task_runner.py:52} INFO - Started process 36136 to run task
[2023-02-05 21:34:02,272] {standard_task_runner.py:79} INFO - Running: ['airflow', 'tasks', 'run', '06_monitoring', 'task_2', 'scheduled__2022-11-08T00:00:00+00:00', '--job-id', '140', '--raw', '--subdir', 'DAGS_FOLDER/06_monitoring.py', '--cfg-path', '/tmp/tmpeqz6of44', '--error-file', '/tmp/tmpxjrezya8']
[2023-02-05 21:34:02,273] {standard_task_runner.py:80} INFO - Job 140: Subtask task_2
[2023-02-05 21:34:02,350] {task_command.py:371} INFO - Running <TaskInstance: 06_monitoring.task_2 scheduled__2022-11-08T00:00:00+00:00 [running]> on host pc.
[2023-02-05 21:34:02,431] {taskinstance.py:1589} INFO - Exporting the following env vars:
AIRFLOW_CTX_DAG_OWNER=airflow
AIRFLOW_CTX_DAG_ID=06_monitoring
AIRFLOW_CTX_TASK_ID=task_2
AIRFLOW_CTX_EXECUTION_DATE=2022-11-08T00:00:00+00:00
AIRFLOW_CTX_TRY_NUMBER=1
AIRFLOW_CTX_DAG_RUN_ID=scheduled__2022-11-08T00:00:00+00:00
[2023-02-05 21:34:02,433] {subprocess.py:62} INFO - Tmp dir root location: 
 /tmp
[2023-02-05 21:34:02,434] {subprocess.py:74} INFO - Running command: ['bash', '-c', "sleep 2 && echo 'Second task!"]
[2023-02-05 21:34:02,442] {subprocess.py:85} INFO - Output:
[2023-02-05 21:34:02,443] {subprocess.py:92} INFO - bash: -c: line 1: unexpected EOF while looking for matching `''
[2023-02-05 21:34:02,443] {subprocess.py:92} INFO - bash: -c: line 2: syntax error: unexpected end of file
[2023-02-05 21:34:02,444] {subprocess.py:96} INFO - Command exited with return code 2
[2023-02-05 21:34:02,455] {taskinstance.py:1909} ERROR - Task failed with exception
Traceback (most recent call last):
  File "/home/milo/13-airflow/airflowhome/airflowenv/lib/python3.9/site-packages/airflow/operators/bash.py", line 194, in execute
    raise AirflowException(
airflow.exceptions.AirflowException: Bash command failed. The command returned a non-zero exit code 2.
[2023-02-05 21:34:02,460] {taskinstance.py:1415} INFO - Marking task as FAILED. dag_id=06_monitoring, task_id=task_2, execution_date=20221108T000000, start_date=20230206T023402, end_date=20230206T023402
[2023-02-05 21:34:02,475] {standard_task_runner.py:92} ERROR - Failed to execute job 140 for task task_2 (Bash command failed. The command returned a non-zero exit code 2.; 36136)
[2023-02-05 21:34:02,482] {local_task_job.py:156} INFO - Task exited with return code 1
[2023-02-05 21:34:02,540] {local_task_job.py:273} INFO - 0 downstream tasks scheduled from follow-on schedule check
