[2023-02-05 21:29:22,233] {taskinstance.py:1179} INFO - Dependencies all met for <TaskInstance: 06_monitoring.task_2 scheduled__2022-11-12T00:00:00+00:00 [queued]>
[2023-02-05 21:29:22,245] {taskinstance.py:1179} INFO - Dependencies all met for <TaskInstance: 06_monitoring.task_2 scheduled__2022-11-12T00:00:00+00:00 [queued]>
[2023-02-05 21:29:22,246] {taskinstance.py:1376} INFO - 
--------------------------------------------------------------------------------
[2023-02-05 21:29:22,246] {taskinstance.py:1377} INFO - Starting attempt 2 of 2
[2023-02-05 21:29:22,246] {taskinstance.py:1378} INFO - 
--------------------------------------------------------------------------------
[2023-02-05 21:29:22,267] {taskinstance.py:1397} INFO - Executing <Task(BashOperator): task_2> on 2022-11-12 00:00:00+00:00
[2023-02-05 21:29:22,270] {standard_task_runner.py:52} INFO - Started process 35904 to run task
[2023-02-05 21:29:22,275] {standard_task_runner.py:79} INFO - Running: ['airflow', 'tasks', 'run', '06_monitoring', 'task_2', 'scheduled__2022-11-12T00:00:00+00:00', '--job-id', '234', '--raw', '--subdir', 'DAGS_FOLDER/06_monitoring.py', '--cfg-path', '/tmp/tmp_wu6f9z1', '--error-file', '/tmp/tmp5xf2tdw9']
[2023-02-05 21:29:22,276] {standard_task_runner.py:80} INFO - Job 234: Subtask task_2
[2023-02-05 21:29:22,355] {task_command.py:371} INFO - Running <TaskInstance: 06_monitoring.task_2 scheduled__2022-11-12T00:00:00+00:00 [running]> on host pc.
[2023-02-05 21:29:22,445] {taskinstance.py:1589} INFO - Exporting the following env vars:
AIRFLOW_CTX_DAG_OWNER=airflow
AIRFLOW_CTX_DAG_ID=06_monitoring
AIRFLOW_CTX_TASK_ID=task_2
AIRFLOW_CTX_EXECUTION_DATE=2022-11-12T00:00:00+00:00
AIRFLOW_CTX_TRY_NUMBER=2
AIRFLOW_CTX_DAG_RUN_ID=scheduled__2022-11-12T00:00:00+00:00
[2023-02-05 21:29:22,446] {subprocess.py:62} INFO - Tmp dir root location: 
 /tmp
[2023-02-05 21:29:22,446] {subprocess.py:74} INFO - Running command: ['bash', '-c', "sleep 2 && echo 'Second task!'"]
[2023-02-05 21:29:22,454] {subprocess.py:85} INFO - Output:
[2023-02-05 21:29:24,457] {subprocess.py:92} INFO - Second task!
[2023-02-05 21:29:24,457] {subprocess.py:96} INFO - Command exited with return code 0
[2023-02-05 21:29:24,487] {taskinstance.py:1415} INFO - Marking task as SUCCESS. dag_id=06_monitoring, task_id=task_2, execution_date=20221112T000000, start_date=20230206T022922, end_date=20230206T022924
[2023-02-05 21:29:24,534] {local_task_job.py:156} INFO - Task exited with return code 0
[2023-02-05 21:29:24,563] {local_task_job.py:273} INFO - 0 downstream tasks scheduled from follow-on schedule check
[2023-02-05 21:41:02,731] {taskinstance.py:1179} INFO - Dependencies all met for <TaskInstance: 06_monitoring.task_2 scheduled__2022-11-12T00:00:00+00:00 [queued]>
[2023-02-05 21:41:02,742] {taskinstance.py:1179} INFO - Dependencies all met for <TaskInstance: 06_monitoring.task_2 scheduled__2022-11-12T00:00:00+00:00 [queued]>
[2023-02-05 21:41:02,743] {taskinstance.py:1376} INFO - 
--------------------------------------------------------------------------------
[2023-02-05 21:41:02,743] {taskinstance.py:1377} INFO - Starting attempt 2 of 2
[2023-02-05 21:41:02,743] {taskinstance.py:1378} INFO - 
--------------------------------------------------------------------------------
[2023-02-05 21:41:02,763] {taskinstance.py:1397} INFO - Executing <Task(BashOperator): task_2> on 2022-11-12 00:00:00+00:00
[2023-02-05 21:41:02,766] {standard_task_runner.py:52} INFO - Started process 36440 to run task
[2023-02-05 21:41:02,771] {standard_task_runner.py:79} INFO - Running: ['airflow', 'tasks', 'run', '06_monitoring', 'task_2', 'scheduled__2022-11-12T00:00:00+00:00', '--job-id', '169', '--raw', '--subdir', 'DAGS_FOLDER/06_monitoring.py', '--cfg-path', '/tmp/tmp0948ov28', '--error-file', '/tmp/tmpl7btp1gz']
[2023-02-05 21:41:02,772] {standard_task_runner.py:80} INFO - Job 169: Subtask task_2
[2023-02-05 21:41:02,852] {task_command.py:371} INFO - Running <TaskInstance: 06_monitoring.task_2 scheduled__2022-11-12T00:00:00+00:00 [running]> on host pc.
[2023-02-05 21:41:02,944] {taskinstance.py:1589} INFO - Exporting the following env vars:
AIRFLOW_CTX_DAG_OWNER=airflow
AIRFLOW_CTX_DAG_ID=06_monitoring
AIRFLOW_CTX_TASK_ID=task_2
AIRFLOW_CTX_EXECUTION_DATE=2022-11-12T00:00:00+00:00
AIRFLOW_CTX_TRY_NUMBER=2
AIRFLOW_CTX_DAG_RUN_ID=scheduled__2022-11-12T00:00:00+00:00
[2023-02-05 21:41:02,945] {subprocess.py:62} INFO - Tmp dir root location: 
 /tmp
[2023-02-05 21:41:02,946] {subprocess.py:74} INFO - Running command: ['bash', '-c', "sleep 2 && echo 'Second task!'"]
[2023-02-05 21:41:02,953] {subprocess.py:85} INFO - Output:
[2023-02-05 21:41:04,956] {subprocess.py:92} INFO - Second task!
[2023-02-05 21:41:04,957] {subprocess.py:96} INFO - Command exited with return code 0
[2023-02-05 21:41:04,989] {taskinstance.py:1415} INFO - Marking task as SUCCESS. dag_id=06_monitoring, task_id=task_2, execution_date=20221112T000000, start_date=20230206T024102, end_date=20230206T024104
[2023-02-05 21:41:05,035] {local_task_job.py:156} INFO - Task exited with return code 0
[2023-02-05 21:41:05,085] {local_task_job.py:273} INFO - 1 downstream tasks scheduled from follow-on schedule check
