[2023-02-08 02:04:37,378] {taskinstance.py:1179} INFO - Dependencies all met for <TaskInstance: 10_branching.finish_14_june scheduled__2022-07-13T00:00:00+00:00 [queued]>
[2023-02-08 02:04:37,391] {taskinstance.py:1179} INFO - Dependencies all met for <TaskInstance: 10_branching.finish_14_june scheduled__2022-07-13T00:00:00+00:00 [queued]>
[2023-02-08 02:04:37,392] {taskinstance.py:1376} INFO - 
--------------------------------------------------------------------------------
[2023-02-08 02:04:37,392] {taskinstance.py:1377} INFO - Starting attempt 1 of 1
[2023-02-08 02:04:37,392] {taskinstance.py:1378} INFO - 
--------------------------------------------------------------------------------
[2023-02-08 02:04:37,416] {taskinstance.py:1397} INFO - Executing <Task(BashOperator): finish_14_june> on 2022-07-13 00:00:00+00:00
[2023-02-08 02:04:37,420] {standard_task_runner.py:52} INFO - Started process 55990 to run task
[2023-02-08 02:04:37,426] {standard_task_runner.py:79} INFO - Running: ['airflow', 'tasks', 'run', '10_branching', 'finish_14_june', 'scheduled__2022-07-13T00:00:00+00:00', '--job-id', '1418', '--raw', '--subdir', 'DAGS_FOLDER/10_branchpythonoperator.py', '--cfg-path', '/tmp/tmpl_o0a02o', '--error-file', '/tmp/tmp1x1iee3r']
[2023-02-08 02:04:37,428] {standard_task_runner.py:80} INFO - Job 1418: Subtask finish_14_june
[2023-02-08 02:04:37,524] {task_command.py:371} INFO - Running <TaskInstance: 10_branching.finish_14_june scheduled__2022-07-13T00:00:00+00:00 [running]> on host pc.
[2023-02-08 02:04:37,621] {taskinstance.py:1589} INFO - Exporting the following env vars:
AIRFLOW_CTX_DAG_OWNER=airflow
AIRFLOW_CTX_DAG_ID=10_branching
AIRFLOW_CTX_TASK_ID=finish_14_june
AIRFLOW_CTX_EXECUTION_DATE=2022-07-13T00:00:00+00:00
AIRFLOW_CTX_TRY_NUMBER=1
AIRFLOW_CTX_DAG_RUN_ID=scheduled__2022-07-13T00:00:00+00:00
[2023-02-08 02:04:37,622] {subprocess.py:62} INFO - Tmp dir root location: 
 /tmp
[2023-02-08 02:04:37,623] {subprocess.py:74} INFO - Running command: ['bash', '-c', "echo 'Running 2022-07-13'"]
[2023-02-08 02:04:37,634] {subprocess.py:85} INFO - Output:
[2023-02-08 02:04:37,636] {subprocess.py:92} INFO - Running 2022-07-13
[2023-02-08 02:04:37,636] {subprocess.py:96} INFO - Command exited with return code 0
[2023-02-08 02:04:37,668] {taskinstance.py:1415} INFO - Marking task as SUCCESS. dag_id=10_branching, task_id=finish_14_june, execution_date=20220713T000000, start_date=20230208T070437, end_date=20230208T070437
[2023-02-08 02:04:37,718] {local_task_job.py:156} INFO - Task exited with return code 0
[2023-02-08 02:04:37,747] {local_task_job.py:273} INFO - 0 downstream tasks scheduled from follow-on schedule check
