[2023-02-05 17:47:02,522] {taskinstance.py:1179} INFO - Dependencies all met for <TaskInstance: orchestration.task_5 scheduled__2023-01-08T00:00:00+00:00 [queued]>
[2023-02-05 17:47:02,533] {taskinstance.py:1179} INFO - Dependencies all met for <TaskInstance: orchestration.task_5 scheduled__2023-01-08T00:00:00+00:00 [queued]>
[2023-02-05 17:47:02,534] {taskinstance.py:1376} INFO - 
--------------------------------------------------------------------------------
[2023-02-05 17:47:02,534] {taskinstance.py:1377} INFO - Starting attempt 1 of 1
[2023-02-05 17:47:02,534] {taskinstance.py:1378} INFO - 
--------------------------------------------------------------------------------
[2023-02-05 17:47:02,559] {taskinstance.py:1397} INFO - Executing <Task(BashOperator): task_5> on 2023-01-08 00:00:00+00:00
[2023-02-05 17:47:02,562] {standard_task_runner.py:52} INFO - Started process 30025 to run task
[2023-02-05 17:47:02,567] {standard_task_runner.py:79} INFO - Running: ['airflow', 'tasks', 'run', 'orchestration', 'task_5', 'scheduled__2023-01-08T00:00:00+00:00', '--job-id', '87', '--raw', '--subdir', 'DAGS_FOLDER/5_orchestration_2.py', '--cfg-path', '/tmp/tmpuf552ay5', '--error-file', '/tmp/tmpgqdpoqi2']
[2023-02-05 17:47:02,569] {standard_task_runner.py:80} INFO - Job 87: Subtask task_5
[2023-02-05 17:47:02,680] {task_command.py:371} INFO - Running <TaskInstance: orchestration.task_5 scheduled__2023-01-08T00:00:00+00:00 [running]> on host pc.
[2023-02-05 17:47:02,774] {taskinstance.py:1589} INFO - Exporting the following env vars:
AIRFLOW_CTX_DAG_OWNER=airflow
AIRFLOW_CTX_DAG_ID=orchestration
AIRFLOW_CTX_TASK_ID=task_5
AIRFLOW_CTX_EXECUTION_DATE=2023-01-08T00:00:00+00:00
AIRFLOW_CTX_TRY_NUMBER=1
AIRFLOW_CTX_DAG_RUN_ID=scheduled__2023-01-08T00:00:00+00:00
[2023-02-05 17:47:02,775] {subprocess.py:62} INFO - Tmp dir root location: 
 /tmp
[2023-02-05 17:47:02,776] {subprocess.py:74} INFO - Running command: ['bash', '-c', "sleep 2 && echo 'Task_5'"]
[2023-02-05 17:47:02,784] {subprocess.py:85} INFO - Output:
[2023-02-05 17:47:04,787] {subprocess.py:92} INFO - Task_5
[2023-02-05 17:47:04,787] {subprocess.py:96} INFO - Command exited with return code 0
[2023-02-05 17:47:04,818] {taskinstance.py:1415} INFO - Marking task as SUCCESS. dag_id=orchestration, task_id=task_5, execution_date=20230108T000000, start_date=20230205T224702, end_date=20230205T224704
[2023-02-05 17:47:04,868] {local_task_job.py:156} INFO - Task exited with return code 0
[2023-02-05 17:47:04,897] {local_task_job.py:273} INFO - 0 downstream tasks scheduled from follow-on schedule check
[2023-02-05 17:57:42,620] {taskinstance.py:1179} INFO - Dependencies all met for <TaskInstance: orchestration.task_5 scheduled__2023-01-08T00:00:00+00:00 [queued]>
[2023-02-05 17:57:42,652] {taskinstance.py:1179} INFO - Dependencies all met for <TaskInstance: orchestration.task_5 scheduled__2023-01-08T00:00:00+00:00 [queued]>
[2023-02-05 17:57:42,652] {taskinstance.py:1376} INFO - 
--------------------------------------------------------------------------------
[2023-02-05 17:57:42,652] {taskinstance.py:1377} INFO - Starting attempt 1 of 1
[2023-02-05 17:57:42,652] {taskinstance.py:1378} INFO - 
--------------------------------------------------------------------------------
[2023-02-05 17:57:42,756] {taskinstance.py:1397} INFO - Executing <Task(BashOperator): task_5> on 2023-01-08 00:00:00+00:00
[2023-02-05 17:57:42,759] {standard_task_runner.py:52} INFO - Started process 30659 to run task
[2023-02-05 17:57:42,765] {standard_task_runner.py:79} INFO - Running: ['airflow', 'tasks', 'run', 'orchestration', 'task_5', 'scheduled__2023-01-08T00:00:00+00:00', '--job-id', '83', '--raw', '--subdir', 'DAGS_FOLDER/5_orchestration_2.py', '--cfg-path', '/tmp/tmposa39g7s', '--error-file', '/tmp/tmpb8fftudb']
[2023-02-05 17:57:42,766] {standard_task_runner.py:80} INFO - Job 83: Subtask task_5
[2023-02-05 17:57:42,895] {task_command.py:371} INFO - Running <TaskInstance: orchestration.task_5 scheduled__2023-01-08T00:00:00+00:00 [running]> on host pc.
[2023-02-05 17:57:42,997] {taskinstance.py:1589} INFO - Exporting the following env vars:
AIRFLOW_CTX_DAG_OWNER=airflow
AIRFLOW_CTX_DAG_ID=orchestration
AIRFLOW_CTX_TASK_ID=task_5
AIRFLOW_CTX_EXECUTION_DATE=2023-01-08T00:00:00+00:00
AIRFLOW_CTX_TRY_NUMBER=1
AIRFLOW_CTX_DAG_RUN_ID=scheduled__2023-01-08T00:00:00+00:00
[2023-02-05 17:57:42,999] {subprocess.py:62} INFO - Tmp dir root location: 
 /tmp
[2023-02-05 17:57:43,000] {subprocess.py:74} INFO - Running command: ['bash', '-c', "sleep 1 && echo 'Task_5'"]
[2023-02-05 17:57:43,008] {subprocess.py:85} INFO - Output:
[2023-02-05 17:57:44,011] {subprocess.py:92} INFO - Task_5
[2023-02-05 17:57:44,011] {subprocess.py:96} INFO - Command exited with return code 0
[2023-02-05 17:57:44,048] {taskinstance.py:1415} INFO - Marking task as SUCCESS. dag_id=orchestration, task_id=task_5, execution_date=20230108T000000, start_date=20230205T225742, end_date=20230205T225744
[2023-02-05 17:57:44,101] {local_task_job.py:156} INFO - Task exited with return code 0
[2023-02-05 17:57:44,127] {local_task_job.py:273} INFO - 0 downstream tasks scheduled from follow-on schedule check
