[2023-02-07 21:17:29,083] {taskinstance.py:1179} INFO - Dependencies all met for <TaskInstance: 8_templating.task_1 scheduled__2022-12-09T00:00:00+00:00 [queued]>
[2023-02-07 21:17:29,097] {taskinstance.py:1179} INFO - Dependencies all met for <TaskInstance: 8_templating.task_1 scheduled__2022-12-09T00:00:00+00:00 [queued]>
[2023-02-07 21:17:29,097] {taskinstance.py:1376} INFO - 
--------------------------------------------------------------------------------
[2023-02-07 21:17:29,097] {taskinstance.py:1377} INFO - Starting attempt 1 of 1
[2023-02-07 21:17:29,097] {taskinstance.py:1378} INFO - 
--------------------------------------------------------------------------------
[2023-02-07 21:17:29,122] {taskinstance.py:1397} INFO - Executing <Task(BashOperator): task_1> on 2022-12-09 00:00:00+00:00
[2023-02-07 21:17:29,126] {standard_task_runner.py:52} INFO - Started process 45747 to run task
[2023-02-07 21:17:29,135] {standard_task_runner.py:79} INFO - Running: ['airflow', 'tasks', 'run', '8_templating', 'task_1', 'scheduled__2022-12-09T00:00:00+00:00', '--job-id', '1006', '--raw', '--subdir', 'DAGS_FOLDER/08_templating_jinja.py', '--cfg-path', '/tmp/tmpnlzo3p2j', '--error-file', '/tmp/tmp7brf83il']
[2023-02-07 21:17:29,137] {standard_task_runner.py:80} INFO - Job 1006: Subtask task_1
[2023-02-07 21:17:29,231] {task_command.py:371} INFO - Running <TaskInstance: 8_templating.task_1 scheduled__2022-12-09T00:00:00+00:00 [running]> on host pc.
[2023-02-07 21:17:29,349] {taskinstance.py:1589} INFO - Exporting the following env vars:
AIRFLOW_CTX_DAG_OWNER=airflow
AIRFLOW_CTX_DAG_ID=8_templating
AIRFLOW_CTX_TASK_ID=task_1
AIRFLOW_CTX_EXECUTION_DATE=2022-12-09T00:00:00+00:00
AIRFLOW_CTX_TRY_NUMBER=1
AIRFLOW_CTX_DAG_RUN_ID=scheduled__2022-12-09T00:00:00+00:00
[2023-02-07 21:17:29,350] {subprocess.py:62} INFO - Tmp dir root location: 
 /tmp
[2023-02-07 21:17:29,351] {subprocess.py:74} INFO - Running command: ['bash', '-c', ' \n\n    echo "2022-12-09"\n    echo "file1.txt"\n\n    echo "2022-12-09"\n    echo "file2.txt"\n']
[2023-02-07 21:17:29,362] {subprocess.py:85} INFO - Output:
[2023-02-07 21:17:29,364] {subprocess.py:92} INFO - 2022-12-09
[2023-02-07 21:17:29,364] {subprocess.py:92} INFO - file1.txt
[2023-02-07 21:17:29,364] {subprocess.py:92} INFO - 2022-12-09
[2023-02-07 21:17:29,364] {subprocess.py:92} INFO - file2.txt
[2023-02-07 21:17:29,364] {subprocess.py:96} INFO - Command exited with return code 0
[2023-02-07 21:17:29,400] {taskinstance.py:1415} INFO - Marking task as SUCCESS. dag_id=8_templating, task_id=task_1, execution_date=20221209T000000, start_date=20230208T021729, end_date=20230208T021729
[2023-02-07 21:17:29,424] {local_task_job.py:156} INFO - Task exited with return code 0
[2023-02-07 21:17:29,451] {local_task_job.py:273} INFO - 0 downstream tasks scheduled from follow-on schedule check
