[2023-02-05 21:29:34,877] {taskinstance.py:1179} INFO - Dependencies all met for <TaskInstance: 06_monitoring.task_2 scheduled__2022-11-15T00:00:00+00:00 [queued]>
[2023-02-05 21:29:34,888] {taskinstance.py:1179} INFO - Dependencies all met for <TaskInstance: 06_monitoring.task_2 scheduled__2022-11-15T00:00:00+00:00 [queued]>
[2023-02-05 21:29:34,888] {taskinstance.py:1376} INFO - 
--------------------------------------------------------------------------------
[2023-02-05 21:29:34,889] {taskinstance.py:1377} INFO - Starting attempt 2 of 2
[2023-02-05 21:29:34,889] {taskinstance.py:1378} INFO - 
--------------------------------------------------------------------------------
[2023-02-05 21:29:34,911] {taskinstance.py:1397} INFO - Executing <Task(BashOperator): task_2> on 2022-11-15 00:00:00+00:00
[2023-02-05 21:29:34,914] {standard_task_runner.py:52} INFO - Started process 35917 to run task
[2023-02-05 21:29:34,919] {standard_task_runner.py:79} INFO - Running: ['airflow', 'tasks', 'run', '06_monitoring', 'task_2', 'scheduled__2022-11-15T00:00:00+00:00', '--job-id', '237', '--raw', '--subdir', 'DAGS_FOLDER/06_monitoring.py', '--cfg-path', '/tmp/tmp28nu9vxp', '--error-file', '/tmp/tmpf36r7_71']
[2023-02-05 21:29:34,921] {standard_task_runner.py:80} INFO - Job 237: Subtask task_2
[2023-02-05 21:29:35,002] {task_command.py:371} INFO - Running <TaskInstance: 06_monitoring.task_2 scheduled__2022-11-15T00:00:00+00:00 [running]> on host pc.
[2023-02-05 21:29:35,089] {taskinstance.py:1589} INFO - Exporting the following env vars:
AIRFLOW_CTX_DAG_OWNER=airflow
AIRFLOW_CTX_DAG_ID=06_monitoring
AIRFLOW_CTX_TASK_ID=task_2
AIRFLOW_CTX_EXECUTION_DATE=2022-11-15T00:00:00+00:00
AIRFLOW_CTX_TRY_NUMBER=2
AIRFLOW_CTX_DAG_RUN_ID=scheduled__2022-11-15T00:00:00+00:00
[2023-02-05 21:29:35,090] {subprocess.py:62} INFO - Tmp dir root location: 
 /tmp
[2023-02-05 21:29:35,091] {subprocess.py:74} INFO - Running command: ['bash', '-c', "sleep 2 && echo 'Second task!'"]
[2023-02-05 21:29:35,099] {subprocess.py:85} INFO - Output:
[2023-02-05 21:29:37,101] {subprocess.py:92} INFO - Second task!
[2023-02-05 21:29:37,101] {subprocess.py:96} INFO - Command exited with return code 0
[2023-02-05 21:29:37,130] {taskinstance.py:1415} INFO - Marking task as SUCCESS. dag_id=06_monitoring, task_id=task_2, execution_date=20221115T000000, start_date=20230206T022934, end_date=20230206T022937
[2023-02-05 21:29:37,183] {local_task_job.py:156} INFO - Task exited with return code 0
[2023-02-05 21:29:37,209] {local_task_job.py:273} INFO - 0 downstream tasks scheduled from follow-on schedule check
[2023-02-05 21:41:15,508] {taskinstance.py:1179} INFO - Dependencies all met for <TaskInstance: 06_monitoring.task_2 scheduled__2022-11-15T00:00:00+00:00 [queued]>
[2023-02-05 21:41:15,521] {taskinstance.py:1179} INFO - Dependencies all met for <TaskInstance: 06_monitoring.task_2 scheduled__2022-11-15T00:00:00+00:00 [queued]>
[2023-02-05 21:41:15,521] {taskinstance.py:1376} INFO - 
--------------------------------------------------------------------------------
[2023-02-05 21:41:15,521] {taskinstance.py:1377} INFO - Starting attempt 2 of 2
[2023-02-05 21:41:15,521] {taskinstance.py:1378} INFO - 
--------------------------------------------------------------------------------
[2023-02-05 21:41:15,543] {taskinstance.py:1397} INFO - Executing <Task(BashOperator): task_2> on 2022-11-15 00:00:00+00:00
[2023-02-05 21:41:15,546] {standard_task_runner.py:52} INFO - Started process 36452 to run task
[2023-02-05 21:41:15,551] {standard_task_runner.py:79} INFO - Running: ['airflow', 'tasks', 'run', '06_monitoring', 'task_2', 'scheduled__2022-11-15T00:00:00+00:00', '--job-id', '172', '--raw', '--subdir', 'DAGS_FOLDER/06_monitoring.py', '--cfg-path', '/tmp/tmp9s7ozbal', '--error-file', '/tmp/tmpnldioowr']
[2023-02-05 21:41:15,553] {standard_task_runner.py:80} INFO - Job 172: Subtask task_2
[2023-02-05 21:41:15,642] {task_command.py:371} INFO - Running <TaskInstance: 06_monitoring.task_2 scheduled__2022-11-15T00:00:00+00:00 [running]> on host pc.
[2023-02-05 21:41:15,733] {taskinstance.py:1589} INFO - Exporting the following env vars:
AIRFLOW_CTX_DAG_OWNER=airflow
AIRFLOW_CTX_DAG_ID=06_monitoring
AIRFLOW_CTX_TASK_ID=task_2
AIRFLOW_CTX_EXECUTION_DATE=2022-11-15T00:00:00+00:00
AIRFLOW_CTX_TRY_NUMBER=2
AIRFLOW_CTX_DAG_RUN_ID=scheduled__2022-11-15T00:00:00+00:00
[2023-02-05 21:41:15,734] {subprocess.py:62} INFO - Tmp dir root location: 
 /tmp
[2023-02-05 21:41:15,735] {subprocess.py:74} INFO - Running command: ['bash', '-c', "sleep 2 && echo 'Second task!'"]
[2023-02-05 21:41:15,742] {subprocess.py:85} INFO - Output:
[2023-02-05 21:41:17,745] {subprocess.py:92} INFO - Second task!
[2023-02-05 21:41:17,745] {subprocess.py:96} INFO - Command exited with return code 0
[2023-02-05 21:41:17,777] {taskinstance.py:1415} INFO - Marking task as SUCCESS. dag_id=06_monitoring, task_id=task_2, execution_date=20221115T000000, start_date=20230206T024115, end_date=20230206T024117
[2023-02-05 21:41:17,813] {local_task_job.py:156} INFO - Task exited with return code 0
[2023-02-05 21:41:17,863] {local_task_job.py:273} INFO - 1 downstream tasks scheduled from follow-on schedule check
