[2023-02-05 21:11:37,862] {taskinstance.py:1169} INFO - Dependencies not met for <TaskInstance: 06_monitoring.task_5 scheduled__2022-11-07T00:00:00+00:00 [queued]>, dependency 'Trigger Rule' FAILED: Task's trigger rule 'all_success' requires all upstream tasks to have succeeded, but found 1 non-success(es). upstream_tasks_state={'total': 1, 'successes': 0, 'skipped': 0, 'failed': 0, 'upstream_failed': 0, 'done': 0}, upstream_task_ids={'task_4'}
[2023-02-05 21:11:37,863] {local_task_job.py:101} INFO - Task is not able to be run
[2023-02-05 21:22:50,695] {taskinstance.py:1179} INFO - Dependencies all met for <TaskInstance: 06_monitoring.task_5 scheduled__2022-11-07T00:00:00+00:00 [queued]>
[2023-02-05 21:22:50,708] {taskinstance.py:1179} INFO - Dependencies all met for <TaskInstance: 06_monitoring.task_5 scheduled__2022-11-07T00:00:00+00:00 [queued]>
[2023-02-05 21:22:50,708] {taskinstance.py:1376} INFO - 
--------------------------------------------------------------------------------
[2023-02-05 21:22:50,708] {taskinstance.py:1377} INFO - Starting attempt 1 of 1
[2023-02-05 21:22:50,709] {taskinstance.py:1378} INFO - 
--------------------------------------------------------------------------------
[2023-02-05 21:22:50,731] {taskinstance.py:1397} INFO - Executing <Task(BashOperator): task_5> on 2022-11-07 00:00:00+00:00
[2023-02-05 21:22:50,734] {standard_task_runner.py:52} INFO - Started process 35613 to run task
[2023-02-05 21:22:50,739] {standard_task_runner.py:79} INFO - Running: ['airflow', 'tasks', 'run', '06_monitoring', 'task_5', 'scheduled__2022-11-07T00:00:00+00:00', '--job-id', '190', '--raw', '--subdir', 'DAGS_FOLDER/06_monitoring.py', '--cfg-path', '/tmp/tmpdht6xmfq', '--error-file', '/tmp/tmpvbynu7_s']
[2023-02-05 21:22:50,740] {standard_task_runner.py:80} INFO - Job 190: Subtask task_5
[2023-02-05 21:22:50,819] {task_command.py:371} INFO - Running <TaskInstance: 06_monitoring.task_5 scheduled__2022-11-07T00:00:00+00:00 [running]> on host pc.
[2023-02-05 21:22:50,909] {taskinstance.py:1589} INFO - Exporting the following env vars:
AIRFLOW_CTX_DAG_OWNER=airflow
AIRFLOW_CTX_DAG_ID=06_monitoring
AIRFLOW_CTX_TASK_ID=task_5
AIRFLOW_CTX_EXECUTION_DATE=2022-11-07T00:00:00+00:00
AIRFLOW_CTX_TRY_NUMBER=1
AIRFLOW_CTX_DAG_RUN_ID=scheduled__2022-11-07T00:00:00+00:00
[2023-02-05 21:22:50,910] {subprocess.py:62} INFO - Tmp dir root location: 
 /tmp
[2023-02-05 21:22:50,911] {subprocess.py:74} INFO - Running command: ['bash', '-c', "sleep 2 && echo 'Fifth task!'"]
[2023-02-05 21:22:50,919] {subprocess.py:85} INFO - Output:
[2023-02-05 21:22:52,922] {subprocess.py:92} INFO - Fifth task!
[2023-02-05 21:22:52,922] {subprocess.py:96} INFO - Command exited with return code 0
[2023-02-05 21:22:52,960] {taskinstance.py:1415} INFO - Marking task as SUCCESS. dag_id=06_monitoring, task_id=task_5, execution_date=20221107T000000, start_date=20230206T022250, end_date=20230206T022252
[2023-02-05 21:22:52,999] {local_task_job.py:156} INFO - Task exited with return code 0
[2023-02-05 21:22:53,037] {local_task_job.py:273} INFO - 0 downstream tasks scheduled from follow-on schedule check
[2023-02-05 21:43:10,207] {taskinstance.py:1179} INFO - Dependencies all met for <TaskInstance: 06_monitoring.task_5 scheduled__2022-11-07T00:00:00+00:00 [queued]>
[2023-02-05 21:43:10,222] {taskinstance.py:1179} INFO - Dependencies all met for <TaskInstance: 06_monitoring.task_5 scheduled__2022-11-07T00:00:00+00:00 [queued]>
[2023-02-05 21:43:10,222] {taskinstance.py:1376} INFO - 
--------------------------------------------------------------------------------
[2023-02-05 21:43:10,222] {taskinstance.py:1377} INFO - Starting attempt 1 of 1
[2023-02-05 21:43:10,222] {taskinstance.py:1378} INFO - 
--------------------------------------------------------------------------------
[2023-02-05 21:43:10,248] {taskinstance.py:1397} INFO - Executing <Task(BashOperator): task_5> on 2022-11-07 00:00:00+00:00
[2023-02-05 21:43:10,252] {standard_task_runner.py:52} INFO - Started process 36570 to run task
[2023-02-05 21:43:10,258] {standard_task_runner.py:79} INFO - Running: ['airflow', 'tasks', 'run', '06_monitoring', 'task_5', 'scheduled__2022-11-07T00:00:00+00:00', '--job-id', '206', '--raw', '--subdir', 'DAGS_FOLDER/06_monitoring.py', '--cfg-path', '/tmp/tmpug4i_yr9', '--error-file', '/tmp/tmpmubyu5d8']
[2023-02-05 21:43:10,259] {standard_task_runner.py:80} INFO - Job 206: Subtask task_5
[2023-02-05 21:43:10,353] {task_command.py:371} INFO - Running <TaskInstance: 06_monitoring.task_5 scheduled__2022-11-07T00:00:00+00:00 [running]> on host pc.
[2023-02-05 21:43:10,454] {taskinstance.py:1589} INFO - Exporting the following env vars:
AIRFLOW_CTX_DAG_OWNER=airflow
AIRFLOW_CTX_DAG_ID=06_monitoring
AIRFLOW_CTX_TASK_ID=task_5
AIRFLOW_CTX_EXECUTION_DATE=2022-11-07T00:00:00+00:00
AIRFLOW_CTX_TRY_NUMBER=1
AIRFLOW_CTX_DAG_RUN_ID=scheduled__2022-11-07T00:00:00+00:00
[2023-02-05 21:43:10,455] {subprocess.py:62} INFO - Tmp dir root location: 
 /tmp
[2023-02-05 21:43:10,456] {subprocess.py:74} INFO - Running command: ['bash', '-c', "sleep 2 && echo 'Fifth task!'"]
[2023-02-05 21:43:10,464] {subprocess.py:85} INFO - Output:
[2023-02-05 21:43:12,467] {subprocess.py:92} INFO - Fifth task!
[2023-02-05 21:43:12,468] {subprocess.py:96} INFO - Command exited with return code 0
[2023-02-05 21:43:12,503] {taskinstance.py:1415} INFO - Marking task as SUCCESS. dag_id=06_monitoring, task_id=task_5, execution_date=20221107T000000, start_date=20230206T024310, end_date=20230206T024312
[2023-02-05 21:43:12,558] {local_task_job.py:156} INFO - Task exited with return code 0
[2023-02-05 21:43:12,583] {local_task_job.py:273} INFO - 0 downstream tasks scheduled from follow-on schedule check
