[2023-02-08 00:38:37,887] {taskinstance.py:1179} INFO - Dependencies all met for <TaskInstance: 09_Xcoms.task_1_source scheduled__2022-12-27T00:00:00+00:00 [queued]>
[2023-02-08 00:38:37,899] {taskinstance.py:1179} INFO - Dependencies all met for <TaskInstance: 09_Xcoms.task_1_source scheduled__2022-12-27T00:00:00+00:00 [queued]>
[2023-02-08 00:38:37,899] {taskinstance.py:1376} INFO - 
--------------------------------------------------------------------------------
[2023-02-08 00:38:37,899] {taskinstance.py:1377} INFO - Starting attempt 4 of 4
[2023-02-08 00:38:37,899] {taskinstance.py:1378} INFO - 
--------------------------------------------------------------------------------
[2023-02-08 00:38:37,921] {taskinstance.py:1397} INFO - Executing <Task(BashOperator): task_1_source> on 2022-12-27 00:00:00+00:00
[2023-02-08 00:38:37,925] {standard_task_runner.py:52} INFO - Started process 52812 to run task
[2023-02-08 00:38:37,931] {standard_task_runner.py:79} INFO - Running: ['airflow', 'tasks', 'run', '09_Xcoms', 'task_1_source', 'scheduled__2022-12-27T00:00:00+00:00', '--job-id', '1266', '--raw', '--subdir', 'DAGS_FOLDER/09_xcoms.py', '--cfg-path', '/tmp/tmplpfi9vj2', '--error-file', '/tmp/tmpcwpz2iv1']
[2023-02-08 00:38:37,932] {standard_task_runner.py:80} INFO - Job 1266: Subtask task_1_source
[2023-02-08 00:38:38,023] {task_command.py:371} INFO - Running <TaskInstance: 09_Xcoms.task_1_source scheduled__2022-12-27T00:00:00+00:00 [running]> on host pc.
[2023-02-08 00:38:38,115] {taskinstance.py:1589} INFO - Exporting the following env vars:
AIRFLOW_CTX_DAG_OWNER=airflow
AIRFLOW_CTX_DAG_ID=09_Xcoms
AIRFLOW_CTX_TASK_ID=task_1_source
AIRFLOW_CTX_EXECUTION_DATE=2022-12-27T00:00:00+00:00
AIRFLOW_CTX_TRY_NUMBER=4
AIRFLOW_CTX_DAG_RUN_ID=scheduled__2022-12-27T00:00:00+00:00
[2023-02-08 00:38:38,116] {subprocess.py:62} INFO - Tmp dir root location: 
 /tmp
[2023-02-08 00:38:38,117] {subprocess.py:74} INFO - Running command: ['bash', '-c', 'sleep 5 && echo $((5 * 3))']
[2023-02-08 00:38:38,126] {subprocess.py:85} INFO - Output:
[2023-02-08 00:38:43,129] {subprocess.py:92} INFO - 15
[2023-02-08 00:38:43,129] {subprocess.py:96} INFO - Command exited with return code 0
[2023-02-08 00:38:43,163] {taskinstance.py:1415} INFO - Marking task as SUCCESS. dag_id=09_Xcoms, task_id=task_1_source, execution_date=20221227T000000, start_date=20230208T053837, end_date=20230208T053843
[2023-02-08 00:38:43,201] {local_task_job.py:156} INFO - Task exited with return code 0
[2023-02-08 00:38:43,253] {local_task_job.py:273} INFO - 1 downstream tasks scheduled from follow-on schedule check
