[2023-02-07 20:03:33,762] {taskinstance.py:1179} INFO - Dependencies all met for <TaskInstance: 07.3_file_sensor.end_task scheduled__2023-01-01T00:00:00+00:00 [queued]>
[2023-02-07 20:03:33,775] {taskinstance.py:1179} INFO - Dependencies all met for <TaskInstance: 07.3_file_sensor.end_task scheduled__2023-01-01T00:00:00+00:00 [queued]>
[2023-02-07 20:03:33,775] {taskinstance.py:1376} INFO - 
--------------------------------------------------------------------------------
[2023-02-07 20:03:33,775] {taskinstance.py:1377} INFO - Starting attempt 1 of 1
[2023-02-07 20:03:33,775] {taskinstance.py:1378} INFO - 
--------------------------------------------------------------------------------
[2023-02-07 20:03:33,797] {taskinstance.py:1397} INFO - Executing <Task(BashOperator): end_task> on 2023-01-01 00:00:00+00:00
[2023-02-07 20:03:33,801] {standard_task_runner.py:52} INFO - Started process 43473 to run task
[2023-02-07 20:03:33,808] {standard_task_runner.py:79} INFO - Running: ['airflow', 'tasks', 'run', '07.3_file_sensor', 'end_task', 'scheduled__2023-01-01T00:00:00+00:00', '--job-id', '907', '--raw', '--subdir', 'DAGS_FOLDER/07.3_file_sensor.py', '--cfg-path', '/tmp/tmpt24q6dqg', '--error-file', '/tmp/tmpuc6kkq_b']
[2023-02-07 20:03:33,810] {standard_task_runner.py:80} INFO - Job 907: Subtask end_task
[2023-02-07 20:03:33,900] {task_command.py:371} INFO - Running <TaskInstance: 07.3_file_sensor.end_task scheduled__2023-01-01T00:00:00+00:00 [running]> on host pc.
[2023-02-07 20:03:34,002] {taskinstance.py:1589} INFO - Exporting the following env vars:
AIRFLOW_CTX_DAG_OWNER=airflow
AIRFLOW_CTX_DAG_ID=07.3_file_sensor
AIRFLOW_CTX_TASK_ID=end_task
AIRFLOW_CTX_EXECUTION_DATE=2023-01-01T00:00:00+00:00
AIRFLOW_CTX_TRY_NUMBER=1
AIRFLOW_CTX_DAG_RUN_ID=scheduled__2023-01-01T00:00:00+00:00
[2023-02-07 20:03:34,003] {subprocess.py:62} INFO - Tmp dir root location: 
 /tmp
[2023-02-07 20:03:34,004] {subprocess.py:74} INFO - Running command: ['bash', '-c', "echo 'The file has arrived!'"]
[2023-02-07 20:03:34,015] {subprocess.py:85} INFO - Output:
[2023-02-07 20:03:34,017] {subprocess.py:92} INFO - The file has arrived!
[2023-02-07 20:03:34,017] {subprocess.py:96} INFO - Command exited with return code 0
[2023-02-07 20:03:34,047] {taskinstance.py:1415} INFO - Marking task as SUCCESS. dag_id=07.3_file_sensor, task_id=end_task, execution_date=20230101T000000, start_date=20230208T010333, end_date=20230208T010334
[2023-02-07 20:03:34,103] {local_task_job.py:156} INFO - Task exited with return code 0
[2023-02-07 20:03:34,134] {local_task_job.py:273} INFO - 0 downstream tasks scheduled from follow-on schedule check
