[2023-02-07 20:08:10,231] {taskinstance.py:1179} INFO - Dependencies all met for <TaskInstance: 07.3_file_sensor.end_task scheduled__2023-01-16T00:00:00+00:00 [queued]>
[2023-02-07 20:08:10,244] {taskinstance.py:1179} INFO - Dependencies all met for <TaskInstance: 07.3_file_sensor.end_task scheduled__2023-01-16T00:00:00+00:00 [queued]>
[2023-02-07 20:08:10,244] {taskinstance.py:1376} INFO - 
--------------------------------------------------------------------------------
[2023-02-07 20:08:10,245] {taskinstance.py:1377} INFO - Starting attempt 1 of 1
[2023-02-07 20:08:10,245] {taskinstance.py:1378} INFO - 
--------------------------------------------------------------------------------
[2023-02-07 20:08:10,272] {taskinstance.py:1397} INFO - Executing <Task(BashOperator): end_task> on 2023-01-16 00:00:00+00:00
[2023-02-07 20:08:10,277] {standard_task_runner.py:52} INFO - Started process 43645 to run task
[2023-02-07 20:08:10,284] {standard_task_runner.py:79} INFO - Running: ['airflow', 'tasks', 'run', '07.3_file_sensor', 'end_task', 'scheduled__2023-01-16T00:00:00+00:00', '--job-id', '952', '--raw', '--subdir', 'DAGS_FOLDER/07.3_file_sensor.py', '--cfg-path', '/tmp/tmpvo0rqt0z', '--error-file', '/tmp/tmp31gzzk7h']
[2023-02-07 20:08:10,285] {standard_task_runner.py:80} INFO - Job 952: Subtask end_task
[2023-02-07 20:08:10,382] {task_command.py:371} INFO - Running <TaskInstance: 07.3_file_sensor.end_task scheduled__2023-01-16T00:00:00+00:00 [running]> on host pc.
[2023-02-07 20:08:10,485] {taskinstance.py:1589} INFO - Exporting the following env vars:
AIRFLOW_CTX_DAG_OWNER=airflow
AIRFLOW_CTX_DAG_ID=07.3_file_sensor
AIRFLOW_CTX_TASK_ID=end_task
AIRFLOW_CTX_EXECUTION_DATE=2023-01-16T00:00:00+00:00
AIRFLOW_CTX_TRY_NUMBER=1
AIRFLOW_CTX_DAG_RUN_ID=scheduled__2023-01-16T00:00:00+00:00
[2023-02-07 20:08:10,487] {subprocess.py:62} INFO - Tmp dir root location: 
 /tmp
[2023-02-07 20:08:10,488] {subprocess.py:74} INFO - Running command: ['bash', '-c', "echo 'The file has arrived!'"]
[2023-02-07 20:08:10,499] {subprocess.py:85} INFO - Output:
[2023-02-07 20:08:10,500] {subprocess.py:92} INFO - The file has arrived!
[2023-02-07 20:08:10,500] {subprocess.py:96} INFO - Command exited with return code 0
[2023-02-07 20:08:10,535] {taskinstance.py:1415} INFO - Marking task as SUCCESS. dag_id=07.3_file_sensor, task_id=end_task, execution_date=20230116T000000, start_date=20230208T010810, end_date=20230208T010810
[2023-02-07 20:08:10,577] {local_task_job.py:156} INFO - Task exited with return code 0
[2023-02-07 20:08:10,605] {local_task_job.py:273} INFO - 0 downstream tasks scheduled from follow-on schedule check
