[2023-02-05 21:11:31,736] {taskinstance.py:1179} INFO - Dependencies all met for <TaskInstance: 06_monitoring.task_1 scheduled__2022-11-07T00:00:00+00:00 [queued]>
[2023-02-05 21:11:31,746] {taskinstance.py:1179} INFO - Dependencies all met for <TaskInstance: 06_monitoring.task_1 scheduled__2022-11-07T00:00:00+00:00 [queued]>
[2023-02-05 21:11:31,746] {taskinstance.py:1376} INFO - 
--------------------------------------------------------------------------------
[2023-02-05 21:11:31,746] {taskinstance.py:1377} INFO - Starting attempt 1 of 1
[2023-02-05 21:11:31,746] {taskinstance.py:1378} INFO - 
--------------------------------------------------------------------------------
[2023-02-05 21:11:31,767] {taskinstance.py:1397} INFO - Executing <Task(BashOperator): task_1> on 2022-11-07 00:00:00+00:00
[2023-02-05 21:11:31,770] {standard_task_runner.py:52} INFO - Started process 35041 to run task
[2023-02-05 21:11:31,775] {standard_task_runner.py:79} INFO - Running: ['airflow', 'tasks', 'run', '06_monitoring', 'task_1', 'scheduled__2022-11-07T00:00:00+00:00', '--job-id', '141', '--raw', '--subdir', 'DAGS_FOLDER/06_monitoring.py', '--cfg-path', '/tmp/tmpgl56rcpi', '--error-file', '/tmp/tmpv47fxjmi']
[2023-02-05 21:11:31,776] {standard_task_runner.py:80} INFO - Job 141: Subtask task_1
[2023-02-05 21:11:31,859] {task_command.py:371} INFO - Running <TaskInstance: 06_monitoring.task_1 scheduled__2022-11-07T00:00:00+00:00 [running]> on host pc.
[2023-02-05 21:11:31,941] {taskinstance.py:1589} INFO - Exporting the following env vars:
AIRFLOW_CTX_DAG_OWNER=airflow
AIRFLOW_CTX_DAG_ID=06_monitoring
AIRFLOW_CTX_TASK_ID=task_1
AIRFLOW_CTX_EXECUTION_DATE=2022-11-07T00:00:00+00:00
AIRFLOW_CTX_TRY_NUMBER=1
AIRFLOW_CTX_DAG_RUN_ID=scheduled__2022-11-07T00:00:00+00:00
[2023-02-05 21:11:31,942] {subprocess.py:62} INFO - Tmp dir root location: 
 /tmp
[2023-02-05 21:11:31,943] {subprocess.py:74} INFO - Running command: ['bash', '-c', "sleep 2 && echo 'First task!'"]
[2023-02-05 21:11:31,951] {subprocess.py:85} INFO - Output:
[2023-02-05 21:11:33,954] {subprocess.py:92} INFO - First task!
[2023-02-05 21:11:33,954] {subprocess.py:96} INFO - Command exited with return code 0
[2023-02-05 21:11:33,990] {taskinstance.py:1415} INFO - Marking task as SUCCESS. dag_id=06_monitoring, task_id=task_1, execution_date=20221107T000000, start_date=20230206T021131, end_date=20230206T021133
[2023-02-05 21:11:34,035] {local_task_job.py:156} INFO - Task exited with return code 0
[2023-02-05 21:11:34,081] {local_task_job.py:273} INFO - 1 downstream tasks scheduled from follow-on schedule check
[2023-02-05 21:14:29,460] {taskinstance.py:1179} INFO - Dependencies all met for <TaskInstance: 06_monitoring.task_1 scheduled__2022-11-07T00:00:00+00:00 [queued]>
[2023-02-05 21:14:29,471] {taskinstance.py:1179} INFO - Dependencies all met for <TaskInstance: 06_monitoring.task_1 scheduled__2022-11-07T00:00:00+00:00 [queued]>
[2023-02-05 21:14:29,471] {taskinstance.py:1376} INFO - 
--------------------------------------------------------------------------------
[2023-02-05 21:14:29,472] {taskinstance.py:1377} INFO - Starting attempt 1 of 1
[2023-02-05 21:14:29,472] {taskinstance.py:1378} INFO - 
--------------------------------------------------------------------------------
[2023-02-05 21:14:29,493] {taskinstance.py:1397} INFO - Executing <Task(BashOperator): task_1> on 2022-11-07 00:00:00+00:00
[2023-02-05 21:14:29,497] {standard_task_runner.py:52} INFO - Started process 35248 to run task
[2023-02-05 21:14:29,501] {standard_task_runner.py:79} INFO - Running: ['airflow', 'tasks', 'run', '06_monitoring', 'task_1', 'scheduled__2022-11-07T00:00:00+00:00', '--job-id', '135', '--raw', '--subdir', 'DAGS_FOLDER/06_monitoring.py', '--cfg-path', '/tmp/tmpg667pezq', '--error-file', '/tmp/tmpi5273kz5']
[2023-02-05 21:14:29,503] {standard_task_runner.py:80} INFO - Job 135: Subtask task_1
[2023-02-05 21:14:29,581] {task_command.py:371} INFO - Running <TaskInstance: 06_monitoring.task_1 scheduled__2022-11-07T00:00:00+00:00 [running]> on host pc.
[2023-02-05 21:14:29,663] {taskinstance.py:1589} INFO - Exporting the following env vars:
AIRFLOW_CTX_DAG_OWNER=airflow
AIRFLOW_CTX_DAG_ID=06_monitoring
AIRFLOW_CTX_TASK_ID=task_1
AIRFLOW_CTX_EXECUTION_DATE=2022-11-07T00:00:00+00:00
AIRFLOW_CTX_TRY_NUMBER=1
AIRFLOW_CTX_DAG_RUN_ID=scheduled__2022-11-07T00:00:00+00:00
[2023-02-05 21:14:29,665] {subprocess.py:62} INFO - Tmp dir root location: 
 /tmp
[2023-02-05 21:14:29,665] {subprocess.py:74} INFO - Running command: ['bash', '-c', "sleep 2 && echo 'First task!'"]
[2023-02-05 21:14:29,674] {subprocess.py:85} INFO - Output:
[2023-02-05 21:14:31,676] {subprocess.py:92} INFO - First task!
[2023-02-05 21:14:31,677] {subprocess.py:96} INFO - Command exited with return code 0
[2023-02-05 21:14:34,179] {taskinstance.py:1415} INFO - Marking task as SUCCESS. dag_id=06_monitoring, task_id=task_1, execution_date=20221107T000000, start_date=20230206T021429, end_date=20230206T021434
[2023-02-05 21:14:34,213] {local_task_job.py:156} INFO - Task exited with return code 0
[2023-02-05 21:14:34,299] {local_task_job.py:273} INFO - 1 downstream tasks scheduled from follow-on schedule check
[2023-02-05 21:33:32,041] {taskinstance.py:1179} INFO - Dependencies all met for <TaskInstance: 06_monitoring.task_1 scheduled__2022-11-07T00:00:00+00:00 [queued]>
[2023-02-05 21:33:32,052] {taskinstance.py:1179} INFO - Dependencies all met for <TaskInstance: 06_monitoring.task_1 scheduled__2022-11-07T00:00:00+00:00 [queued]>
[2023-02-05 21:33:32,053] {taskinstance.py:1376} INFO - 
--------------------------------------------------------------------------------
[2023-02-05 21:33:32,053] {taskinstance.py:1377} INFO - Starting attempt 1 of 1
[2023-02-05 21:33:32,053] {taskinstance.py:1378} INFO - 
--------------------------------------------------------------------------------
[2023-02-05 21:33:32,075] {taskinstance.py:1397} INFO - Executing <Task(BashOperator): task_1> on 2022-11-07 00:00:00+00:00
[2023-02-05 21:33:32,079] {standard_task_runner.py:52} INFO - Started process 36110 to run task
[2023-02-05 21:33:32,083] {standard_task_runner.py:79} INFO - Running: ['airflow', 'tasks', 'run', '06_monitoring', 'task_1', 'scheduled__2022-11-07T00:00:00+00:00', '--job-id', '135', '--raw', '--subdir', 'DAGS_FOLDER/06_monitoring.py', '--cfg-path', '/tmp/tmpv2p7bm5x', '--error-file', '/tmp/tmpqz0rk9dv']
[2023-02-05 21:33:32,084] {standard_task_runner.py:80} INFO - Job 135: Subtask task_1
[2023-02-05 21:33:32,162] {task_command.py:371} INFO - Running <TaskInstance: 06_monitoring.task_1 scheduled__2022-11-07T00:00:00+00:00 [running]> on host pc.
[2023-02-05 21:33:32,248] {taskinstance.py:1589} INFO - Exporting the following env vars:
AIRFLOW_CTX_DAG_OWNER=airflow
AIRFLOW_CTX_DAG_ID=06_monitoring
AIRFLOW_CTX_TASK_ID=task_1
AIRFLOW_CTX_EXECUTION_DATE=2022-11-07T00:00:00+00:00
AIRFLOW_CTX_TRY_NUMBER=1
AIRFLOW_CTX_DAG_RUN_ID=scheduled__2022-11-07T00:00:00+00:00
[2023-02-05 21:33:32,249] {subprocess.py:62} INFO - Tmp dir root location: 
 /tmp
[2023-02-05 21:33:32,250] {subprocess.py:74} INFO - Running command: ['bash', '-c', "sleep 2 && echo 'First task!'"]
[2023-02-05 21:33:32,258] {subprocess.py:85} INFO - Output:
[2023-02-05 21:33:34,261] {subprocess.py:92} INFO - First task!
[2023-02-05 21:33:34,261] {subprocess.py:96} INFO - Command exited with return code 0
[2023-02-05 21:33:34,292] {taskinstance.py:1415} INFO - Marking task as SUCCESS. dag_id=06_monitoring, task_id=task_1, execution_date=20221107T000000, start_date=20230206T023332, end_date=20230206T023334
[2023-02-05 21:33:34,343] {local_task_job.py:156} INFO - Task exited with return code 0
[2023-02-05 21:33:34,398] {local_task_job.py:273} INFO - 1 downstream tasks scheduled from follow-on schedule check
