[2023-02-05 21:16:40,799] {taskinstance.py:1179} INFO - Dependencies all met for <TaskInstance: 06_monitoring.task_1 scheduled__2022-11-20T00:00:00+00:00 [queued]>
[2023-02-05 21:16:40,809] {taskinstance.py:1179} INFO - Dependencies all met for <TaskInstance: 06_monitoring.task_1 scheduled__2022-11-20T00:00:00+00:00 [queued]>
[2023-02-05 21:16:40,809] {taskinstance.py:1376} INFO - 
--------------------------------------------------------------------------------
[2023-02-05 21:16:40,809] {taskinstance.py:1377} INFO - Starting attempt 1 of 1
[2023-02-05 21:16:40,809] {taskinstance.py:1378} INFO - 
--------------------------------------------------------------------------------
[2023-02-05 21:16:40,832] {taskinstance.py:1397} INFO - Executing <Task(BashOperator): task_1> on 2022-11-20 00:00:00+00:00
[2023-02-05 21:16:40,836] {standard_task_runner.py:52} INFO - Started process 35382 to run task
[2023-02-05 21:16:40,840] {standard_task_runner.py:79} INFO - Running: ['airflow', 'tasks', 'run', '06_monitoring', 'task_1', 'scheduled__2022-11-20T00:00:00+00:00', '--job-id', '161', '--raw', '--subdir', 'DAGS_FOLDER/06_monitoring.py', '--cfg-path', '/tmp/tmphdt1isxf', '--error-file', '/tmp/tmp42h2nzex']
[2023-02-05 21:16:40,841] {standard_task_runner.py:80} INFO - Job 161: Subtask task_1
[2023-02-05 21:16:40,923] {task_command.py:371} INFO - Running <TaskInstance: 06_monitoring.task_1 scheduled__2022-11-20T00:00:00+00:00 [running]> on host pc.
[2023-02-05 21:16:41,015] {taskinstance.py:1589} INFO - Exporting the following env vars:
AIRFLOW_CTX_DAG_OWNER=airflow
AIRFLOW_CTX_DAG_ID=06_monitoring
AIRFLOW_CTX_TASK_ID=task_1
AIRFLOW_CTX_EXECUTION_DATE=2022-11-20T00:00:00+00:00
AIRFLOW_CTX_TRY_NUMBER=1
AIRFLOW_CTX_DAG_RUN_ID=scheduled__2022-11-20T00:00:00+00:00
[2023-02-05 21:16:41,016] {subprocess.py:62} INFO - Tmp dir root location: 
 /tmp
[2023-02-05 21:16:41,017] {subprocess.py:74} INFO - Running command: ['bash', '-c', "sleep 2 && echo 'First task!'"]
[2023-02-05 21:16:41,034] {subprocess.py:85} INFO - Output:
[2023-02-05 21:16:43,036] {subprocess.py:92} INFO - First task!
[2023-02-05 21:16:43,037] {subprocess.py:96} INFO - Command exited with return code 0
[2023-02-05 21:16:43,067] {taskinstance.py:1415} INFO - Marking task as SUCCESS. dag_id=06_monitoring, task_id=task_1, execution_date=20221120T000000, start_date=20230206T021640, end_date=20230206T021643
[2023-02-05 21:16:43,100] {local_task_job.py:156} INFO - Task exited with return code 0
[2023-02-05 21:16:43,152] {local_task_job.py:273} INFO - 1 downstream tasks scheduled from follow-on schedule check
