[2023-02-05 17:49:24,051] {taskinstance.py:1179} INFO - Dependencies all met for <TaskInstance: orchestration.task_5 scheduled__2023-01-16T00:00:00+00:00 [queued]>
[2023-02-05 17:49:24,061] {taskinstance.py:1179} INFO - Dependencies all met for <TaskInstance: orchestration.task_5 scheduled__2023-01-16T00:00:00+00:00 [queued]>
[2023-02-05 17:49:24,062] {taskinstance.py:1376} INFO - 
--------------------------------------------------------------------------------
[2023-02-05 17:49:24,062] {taskinstance.py:1377} INFO - Starting attempt 1 of 1
[2023-02-05 17:49:24,062] {taskinstance.py:1378} INFO - 
--------------------------------------------------------------------------------
[2023-02-05 17:49:24,084] {taskinstance.py:1397} INFO - Executing <Task(BashOperator): task_5> on 2023-01-16 00:00:00+00:00
[2023-02-05 17:49:24,087] {standard_task_runner.py:52} INFO - Started process 30179 to run task
[2023-02-05 17:49:24,092] {standard_task_runner.py:79} INFO - Running: ['airflow', 'tasks', 'run', 'orchestration', 'task_5', 'scheduled__2023-01-16T00:00:00+00:00', '--job-id', '119', '--raw', '--subdir', 'DAGS_FOLDER/5_orchestration_2.py', '--cfg-path', '/tmp/tmp22qz600c', '--error-file', '/tmp/tmp37ss7lhi']
[2023-02-05 17:49:24,093] {standard_task_runner.py:80} INFO - Job 119: Subtask task_5
[2023-02-05 17:49:24,174] {task_command.py:371} INFO - Running <TaskInstance: orchestration.task_5 scheduled__2023-01-16T00:00:00+00:00 [running]> on host pc.
[2023-02-05 17:49:24,266] {taskinstance.py:1589} INFO - Exporting the following env vars:
AIRFLOW_CTX_DAG_OWNER=airflow
AIRFLOW_CTX_DAG_ID=orchestration
AIRFLOW_CTX_TASK_ID=task_5
AIRFLOW_CTX_EXECUTION_DATE=2023-01-16T00:00:00+00:00
AIRFLOW_CTX_TRY_NUMBER=1
AIRFLOW_CTX_DAG_RUN_ID=scheduled__2023-01-16T00:00:00+00:00
[2023-02-05 17:49:24,268] {subprocess.py:62} INFO - Tmp dir root location: 
 /tmp
[2023-02-05 17:49:24,269] {subprocess.py:74} INFO - Running command: ['bash', '-c', "sleep 2 && echo 'Task_5'"]
[2023-02-05 17:49:24,276] {subprocess.py:85} INFO - Output:
[2023-02-05 17:49:26,279] {subprocess.py:92} INFO - Task_5
[2023-02-05 17:49:26,279] {subprocess.py:96} INFO - Command exited with return code 0
[2023-02-05 17:49:26,335] {taskinstance.py:1415} INFO - Marking task as SUCCESS. dag_id=orchestration, task_id=task_5, execution_date=20230116T000000, start_date=20230205T224924, end_date=20230205T224926
[2023-02-05 17:49:26,368] {local_task_job.py:156} INFO - Task exited with return code 0
[2023-02-05 17:49:26,392] {local_task_job.py:273} INFO - 0 downstream tasks scheduled from follow-on schedule check
[2023-02-05 17:59:40,320] {taskinstance.py:1179} INFO - Dependencies all met for <TaskInstance: orchestration.task_5 scheduled__2023-01-16T00:00:00+00:00 [queued]>
[2023-02-05 17:59:40,337] {taskinstance.py:1179} INFO - Dependencies all met for <TaskInstance: orchestration.task_5 scheduled__2023-01-16T00:00:00+00:00 [queued]>
[2023-02-05 17:59:40,338] {taskinstance.py:1376} INFO - 
--------------------------------------------------------------------------------
[2023-02-05 17:59:40,338] {taskinstance.py:1377} INFO - Starting attempt 1 of 1
[2023-02-05 17:59:40,338] {taskinstance.py:1378} INFO - 
--------------------------------------------------------------------------------
[2023-02-05 17:59:40,360] {taskinstance.py:1397} INFO - Executing <Task(BashOperator): task_5> on 2023-01-16 00:00:00+00:00
[2023-02-05 17:59:40,363] {standard_task_runner.py:52} INFO - Started process 30813 to run task
[2023-02-05 17:59:40,369] {standard_task_runner.py:79} INFO - Running: ['airflow', 'tasks', 'run', 'orchestration', 'task_5', 'scheduled__2023-01-16T00:00:00+00:00', '--job-id', '115', '--raw', '--subdir', 'DAGS_FOLDER/5_orchestration_2.py', '--cfg-path', '/tmp/tmp3ft6us7t', '--error-file', '/tmp/tmpzlx7p8dc']
[2023-02-05 17:59:40,370] {standard_task_runner.py:80} INFO - Job 115: Subtask task_5
[2023-02-05 17:59:40,458] {task_command.py:371} INFO - Running <TaskInstance: orchestration.task_5 scheduled__2023-01-16T00:00:00+00:00 [running]> on host pc.
[2023-02-05 17:59:40,554] {taskinstance.py:1589} INFO - Exporting the following env vars:
AIRFLOW_CTX_DAG_OWNER=airflow
AIRFLOW_CTX_DAG_ID=orchestration
AIRFLOW_CTX_TASK_ID=task_5
AIRFLOW_CTX_EXECUTION_DATE=2023-01-16T00:00:00+00:00
AIRFLOW_CTX_TRY_NUMBER=1
AIRFLOW_CTX_DAG_RUN_ID=scheduled__2023-01-16T00:00:00+00:00
[2023-02-05 17:59:40,556] {subprocess.py:62} INFO - Tmp dir root location: 
 /tmp
[2023-02-05 17:59:40,556] {subprocess.py:74} INFO - Running command: ['bash', '-c', "sleep 1 && echo 'Task_5'"]
[2023-02-05 17:59:40,565] {subprocess.py:85} INFO - Output:
[2023-02-05 17:59:41,568] {subprocess.py:92} INFO - Task_5
[2023-02-05 17:59:41,568] {subprocess.py:96} INFO - Command exited with return code 0
[2023-02-05 17:59:41,615] {taskinstance.py:1415} INFO - Marking task as SUCCESS. dag_id=orchestration, task_id=task_5, execution_date=20230116T000000, start_date=20230205T225940, end_date=20230205T225941
[2023-02-05 17:59:41,665] {local_task_job.py:156} INFO - Task exited with return code 0
[2023-02-05 17:59:41,689] {local_task_job.py:273} INFO - 0 downstream tasks scheduled from follow-on schedule check
