[2023-02-08 00:39:18,665] {taskinstance.py:1179} INFO - Dependencies all met for <TaskInstance: 09_Xcoms.task_2_pull scheduled__2022-12-29T00:00:00+00:00 [queued]>
[2023-02-08 00:39:18,677] {taskinstance.py:1179} INFO - Dependencies all met for <TaskInstance: 09_Xcoms.task_2_pull scheduled__2022-12-29T00:00:00+00:00 [queued]>
[2023-02-08 00:39:18,677] {taskinstance.py:1376} INFO - 
--------------------------------------------------------------------------------
[2023-02-08 00:39:18,677] {taskinstance.py:1377} INFO - Starting attempt 3 of 3
[2023-02-08 00:39:18,677] {taskinstance.py:1378} INFO - 
--------------------------------------------------------------------------------
[2023-02-08 00:39:18,699] {taskinstance.py:1397} INFO - Executing <Task(BashOperator): task_2_pull> on 2022-12-29 00:00:00+00:00
[2023-02-08 00:39:18,703] {standard_task_runner.py:52} INFO - Started process 52877 to run task
[2023-02-08 00:39:18,709] {standard_task_runner.py:79} INFO - Running: ['airflow', 'tasks', 'run', '09_Xcoms', 'task_2_pull', 'scheduled__2022-12-29T00:00:00+00:00', '--job-id', '1273', '--raw', '--subdir', 'DAGS_FOLDER/09_xcoms.py', '--cfg-path', '/tmp/tmpqu2pfzdd', '--error-file', '/tmp/tmpla4qyp89']
[2023-02-08 00:39:18,711] {standard_task_runner.py:80} INFO - Job 1273: Subtask task_2_pull
[2023-02-08 00:39:18,801] {task_command.py:371} INFO - Running <TaskInstance: 09_Xcoms.task_2_pull scheduled__2022-12-29T00:00:00+00:00 [running]> on host pc.
[2023-02-08 00:39:18,902] {taskinstance.py:1589} INFO - Exporting the following env vars:
AIRFLOW_CTX_DAG_OWNER=airflow
AIRFLOW_CTX_DAG_ID=09_Xcoms
AIRFLOW_CTX_TASK_ID=task_2_pull
AIRFLOW_CTX_EXECUTION_DATE=2022-12-29T00:00:00+00:00
AIRFLOW_CTX_TRY_NUMBER=3
AIRFLOW_CTX_DAG_RUN_ID=scheduled__2022-12-29T00:00:00+00:00
[2023-02-08 00:39:18,903] {subprocess.py:62} INFO - Tmp dir root location: 
 /tmp
[2023-02-08 00:39:18,904] {subprocess.py:74} INFO - Running command: ['bash', '-c', 'sleep 3 && echo 15']
[2023-02-08 00:39:18,913] {subprocess.py:85} INFO - Output:
[2023-02-08 00:39:21,916] {subprocess.py:92} INFO - 15
[2023-02-08 00:39:21,917] {subprocess.py:96} INFO - Command exited with return code 0
[2023-02-08 00:39:22,763] {taskinstance.py:1415} INFO - Marking task as SUCCESS. dag_id=09_Xcoms, task_id=task_2_pull, execution_date=20221229T000000, start_date=20230208T053918, end_date=20230208T053922
[2023-02-08 00:39:22,821] {local_task_job.py:156} INFO - Task exited with return code 0
[2023-02-08 00:39:22,864] {local_task_job.py:273} INFO - 1 downstream tasks scheduled from follow-on schedule check
