[2023-02-07 20:02:27,570] {taskinstance.py:1179} INFO - Dependencies all met for <TaskInstance: 07.3_file_sensor.end_task scheduled__2022-12-29T00:00:00+00:00 [queued]>
[2023-02-07 20:02:27,583] {taskinstance.py:1179} INFO - Dependencies all met for <TaskInstance: 07.3_file_sensor.end_task scheduled__2022-12-29T00:00:00+00:00 [queued]>
[2023-02-07 20:02:27,584] {taskinstance.py:1376} INFO - 
--------------------------------------------------------------------------------
[2023-02-07 20:02:27,584] {taskinstance.py:1377} INFO - Starting attempt 1 of 1
[2023-02-07 20:02:27,584] {taskinstance.py:1378} INFO - 
--------------------------------------------------------------------------------
[2023-02-07 20:02:27,606] {taskinstance.py:1397} INFO - Executing <Task(BashOperator): end_task> on 2022-12-29 00:00:00+00:00
[2023-02-07 20:02:27,610] {standard_task_runner.py:52} INFO - Started process 43435 to run task
[2023-02-07 20:02:27,617] {standard_task_runner.py:79} INFO - Running: ['airflow', 'tasks', 'run', '07.3_file_sensor', 'end_task', 'scheduled__2022-12-29T00:00:00+00:00', '--job-id', '897', '--raw', '--subdir', 'DAGS_FOLDER/07.3_file_sensor.py', '--cfg-path', '/tmp/tmpmt0knunz', '--error-file', '/tmp/tmp4myuxe71']
[2023-02-07 20:02:27,618] {standard_task_runner.py:80} INFO - Job 897: Subtask end_task
[2023-02-07 20:02:27,712] {task_command.py:371} INFO - Running <TaskInstance: 07.3_file_sensor.end_task scheduled__2022-12-29T00:00:00+00:00 [running]> on host pc.
[2023-02-07 20:02:27,811] {taskinstance.py:1589} INFO - Exporting the following env vars:
AIRFLOW_CTX_DAG_OWNER=airflow
AIRFLOW_CTX_DAG_ID=07.3_file_sensor
AIRFLOW_CTX_TASK_ID=end_task
AIRFLOW_CTX_EXECUTION_DATE=2022-12-29T00:00:00+00:00
AIRFLOW_CTX_TRY_NUMBER=1
AIRFLOW_CTX_DAG_RUN_ID=scheduled__2022-12-29T00:00:00+00:00
[2023-02-07 20:02:27,813] {subprocess.py:62} INFO - Tmp dir root location: 
 /tmp
[2023-02-07 20:02:27,814] {subprocess.py:74} INFO - Running command: ['bash', '-c', "echo 'The file has arrived!'"]
[2023-02-07 20:02:27,823] {subprocess.py:85} INFO - Output:
[2023-02-07 20:02:27,825] {subprocess.py:92} INFO - The file has arrived!
[2023-02-07 20:02:27,825] {subprocess.py:96} INFO - Command exited with return code 0
[2023-02-07 20:02:27,855] {taskinstance.py:1415} INFO - Marking task as SUCCESS. dag_id=07.3_file_sensor, task_id=end_task, execution_date=20221229T000000, start_date=20230208T010227, end_date=20230208T010227
[2023-02-07 20:02:27,908] {local_task_job.py:156} INFO - Task exited with return code 0
[2023-02-07 20:02:27,933] {local_task_job.py:273} INFO - 0 downstream tasks scheduled from follow-on schedule check
