[2023-02-05 21:42:01,870] {taskinstance.py:1179} INFO - Dependencies all met for <TaskInstance: 06_monitoring.task_3 scheduled__2022-11-12T00:00:00+00:00 [queued]>
[2023-02-05 21:42:01,880] {taskinstance.py:1179} INFO - Dependencies all met for <TaskInstance: 06_monitoring.task_3 scheduled__2022-11-12T00:00:00+00:00 [queued]>
[2023-02-05 21:42:01,881] {taskinstance.py:1376} INFO - 
--------------------------------------------------------------------------------
[2023-02-05 21:42:01,881] {taskinstance.py:1377} INFO - Starting attempt 1 of 1
[2023-02-05 21:42:01,881] {taskinstance.py:1378} INFO - 
--------------------------------------------------------------------------------
[2023-02-05 21:42:01,902] {taskinstance.py:1397} INFO - Executing <Task(BashOperator): task_3> on 2022-11-12 00:00:00+00:00
[2023-02-05 21:42:01,905] {standard_task_runner.py:52} INFO - Started process 36499 to run task
[2023-02-05 21:42:01,910] {standard_task_runner.py:79} INFO - Running: ['airflow', 'tasks', 'run', '06_monitoring', 'task_3', 'scheduled__2022-11-12T00:00:00+00:00', '--job-id', '183', '--raw', '--subdir', 'DAGS_FOLDER/06_monitoring.py', '--cfg-path', '/tmp/tmplk9o4rqd', '--error-file', '/tmp/tmp586gu3sz']
[2023-02-05 21:42:01,911] {standard_task_runner.py:80} INFO - Job 183: Subtask task_3
[2023-02-05 21:42:01,992] {task_command.py:371} INFO - Running <TaskInstance: 06_monitoring.task_3 scheduled__2022-11-12T00:00:00+00:00 [running]> on host pc.
[2023-02-05 21:42:02,077] {taskinstance.py:1589} INFO - Exporting the following env vars:
AIRFLOW_CTX_DAG_OWNER=airflow
AIRFLOW_CTX_DAG_ID=06_monitoring
AIRFLOW_CTX_TASK_ID=task_3
AIRFLOW_CTX_EXECUTION_DATE=2022-11-12T00:00:00+00:00
AIRFLOW_CTX_TRY_NUMBER=1
AIRFLOW_CTX_DAG_RUN_ID=scheduled__2022-11-12T00:00:00+00:00
[2023-02-05 21:42:02,078] {subprocess.py:62} INFO - Tmp dir root location: 
 /tmp
[2023-02-05 21:42:02,079] {subprocess.py:74} INFO - Running command: ['bash', '-c', "sleep 2 && echo 'Third task!'"]
[2023-02-05 21:42:02,086] {subprocess.py:85} INFO - Output:
[2023-02-05 21:42:04,090] {subprocess.py:92} INFO - Third task!
[2023-02-05 21:42:04,090] {subprocess.py:96} INFO - Command exited with return code 0
[2023-02-05 21:42:04,118] {taskinstance.py:1415} INFO - Marking task as SUCCESS. dag_id=06_monitoring, task_id=task_3, execution_date=20221112T000000, start_date=20230206T024201, end_date=20230206T024204
[2023-02-05 21:42:04,169] {local_task_job.py:156} INFO - Task exited with return code 0
[2023-02-05 21:42:04,215] {local_task_job.py:273} INFO - 1 downstream tasks scheduled from follow-on schedule check
