[2023-02-05 17:49:37,321] {taskinstance.py:1179} INFO - Dependencies all met for <TaskInstance: orchestration.task_5 scheduled__2023-01-17T00:00:00+00:00 [queued]>
[2023-02-05 17:49:37,339] {taskinstance.py:1179} INFO - Dependencies all met for <TaskInstance: orchestration.task_5 scheduled__2023-01-17T00:00:00+00:00 [queued]>
[2023-02-05 17:49:37,339] {taskinstance.py:1376} INFO - 
--------------------------------------------------------------------------------
[2023-02-05 17:49:37,339] {taskinstance.py:1377} INFO - Starting attempt 1 of 1
[2023-02-05 17:49:37,339] {taskinstance.py:1378} INFO - 
--------------------------------------------------------------------------------
[2023-02-05 17:49:37,369] {taskinstance.py:1397} INFO - Executing <Task(BashOperator): task_5> on 2023-01-17 00:00:00+00:00
[2023-02-05 17:49:37,372] {standard_task_runner.py:52} INFO - Started process 30192 to run task
[2023-02-05 17:49:37,377] {standard_task_runner.py:79} INFO - Running: ['airflow', 'tasks', 'run', 'orchestration', 'task_5', 'scheduled__2023-01-17T00:00:00+00:00', '--job-id', '122', '--raw', '--subdir', 'DAGS_FOLDER/5_orchestration_2.py', '--cfg-path', '/tmp/tmpxxek_nn_', '--error-file', '/tmp/tmpzfs3quc7']
[2023-02-05 17:49:37,379] {standard_task_runner.py:80} INFO - Job 122: Subtask task_5
[2023-02-05 17:49:37,468] {task_command.py:371} INFO - Running <TaskInstance: orchestration.task_5 scheduled__2023-01-17T00:00:00+00:00 [running]> on host pc.
[2023-02-05 17:49:37,564] {taskinstance.py:1589} INFO - Exporting the following env vars:
AIRFLOW_CTX_DAG_OWNER=airflow
AIRFLOW_CTX_DAG_ID=orchestration
AIRFLOW_CTX_TASK_ID=task_5
AIRFLOW_CTX_EXECUTION_DATE=2023-01-17T00:00:00+00:00
AIRFLOW_CTX_TRY_NUMBER=1
AIRFLOW_CTX_DAG_RUN_ID=scheduled__2023-01-17T00:00:00+00:00
[2023-02-05 17:49:37,565] {subprocess.py:62} INFO - Tmp dir root location: 
 /tmp
[2023-02-05 17:49:37,566] {subprocess.py:74} INFO - Running command: ['bash', '-c', "sleep 2 && echo 'Task_5'"]
[2023-02-05 17:49:37,576] {subprocess.py:85} INFO - Output:
[2023-02-05 17:49:39,580] {subprocess.py:92} INFO - Task_5
[2023-02-05 17:49:39,580] {subprocess.py:96} INFO - Command exited with return code 0
[2023-02-05 17:49:39,614] {taskinstance.py:1415} INFO - Marking task as SUCCESS. dag_id=orchestration, task_id=task_5, execution_date=20230117T000000, start_date=20230205T224937, end_date=20230205T224939
[2023-02-05 17:49:39,637] {local_task_job.py:156} INFO - Task exited with return code 0
[2023-02-05 17:49:39,667] {local_task_job.py:273} INFO - 0 downstream tasks scheduled from follow-on schedule check
[2023-02-05 17:59:54,301] {taskinstance.py:1179} INFO - Dependencies all met for <TaskInstance: orchestration.task_5 scheduled__2023-01-17T00:00:00+00:00 [queued]>
[2023-02-05 17:59:54,319] {taskinstance.py:1179} INFO - Dependencies all met for <TaskInstance: orchestration.task_5 scheduled__2023-01-17T00:00:00+00:00 [queued]>
[2023-02-05 17:59:54,319] {taskinstance.py:1376} INFO - 
--------------------------------------------------------------------------------
[2023-02-05 17:59:54,319] {taskinstance.py:1377} INFO - Starting attempt 1 of 1
[2023-02-05 17:59:54,319] {taskinstance.py:1378} INFO - 
--------------------------------------------------------------------------------
[2023-02-05 17:59:54,341] {taskinstance.py:1397} INFO - Executing <Task(BashOperator): task_5> on 2023-01-17 00:00:00+00:00
[2023-02-05 17:59:54,344] {standard_task_runner.py:52} INFO - Started process 30833 to run task
[2023-02-05 17:59:54,350] {standard_task_runner.py:79} INFO - Running: ['airflow', 'tasks', 'run', 'orchestration', 'task_5', 'scheduled__2023-01-17T00:00:00+00:00', '--job-id', '119', '--raw', '--subdir', 'DAGS_FOLDER/5_orchestration_2.py', '--cfg-path', '/tmp/tmpcy2vr8ti', '--error-file', '/tmp/tmpvrryxyx4']
[2023-02-05 17:59:54,352] {standard_task_runner.py:80} INFO - Job 119: Subtask task_5
[2023-02-05 17:59:54,434] {task_command.py:371} INFO - Running <TaskInstance: orchestration.task_5 scheduled__2023-01-17T00:00:00+00:00 [running]> on host pc.
[2023-02-05 17:59:54,526] {taskinstance.py:1589} INFO - Exporting the following env vars:
AIRFLOW_CTX_DAG_OWNER=airflow
AIRFLOW_CTX_DAG_ID=orchestration
AIRFLOW_CTX_TASK_ID=task_5
AIRFLOW_CTX_EXECUTION_DATE=2023-01-17T00:00:00+00:00
AIRFLOW_CTX_TRY_NUMBER=1
AIRFLOW_CTX_DAG_RUN_ID=scheduled__2023-01-17T00:00:00+00:00
[2023-02-05 17:59:54,528] {subprocess.py:62} INFO - Tmp dir root location: 
 /tmp
[2023-02-05 17:59:54,530] {subprocess.py:74} INFO - Running command: ['bash', '-c', "sleep 1 && echo 'Task_5'"]
[2023-02-05 17:59:54,539] {subprocess.py:85} INFO - Output:
[2023-02-05 17:59:55,542] {subprocess.py:92} INFO - Task_5
[2023-02-05 17:59:55,542] {subprocess.py:96} INFO - Command exited with return code 0
[2023-02-05 17:59:55,573] {taskinstance.py:1415} INFO - Marking task as SUCCESS. dag_id=orchestration, task_id=task_5, execution_date=20230117T000000, start_date=20230205T225954, end_date=20230205T225955
[2023-02-05 17:59:55,606] {local_task_job.py:156} INFO - Task exited with return code 0
[2023-02-05 17:59:55,637] {local_task_job.py:273} INFO - 0 downstream tasks scheduled from follow-on schedule check
