[2023-02-06 00:19:02,286] {taskinstance.py:1179} INFO - Dependencies all met for <TaskInstance: 06_monitoring_trigger_rules.task_5 scheduled__2022-11-04T00:00:00+00:00 [queued]>
[2023-02-06 00:19:02,300] {taskinstance.py:1179} INFO - Dependencies all met for <TaskInstance: 06_monitoring_trigger_rules.task_5 scheduled__2022-11-04T00:00:00+00:00 [queued]>
[2023-02-06 00:19:02,300] {taskinstance.py:1376} INFO - 
--------------------------------------------------------------------------------
[2023-02-06 00:19:02,300] {taskinstance.py:1377} INFO - Starting attempt 1 of 3
[2023-02-06 00:19:02,300] {taskinstance.py:1378} INFO - 
--------------------------------------------------------------------------------
[2023-02-06 00:19:02,322] {taskinstance.py:1397} INFO - Executing <Task(BashOperator): task_5> on 2022-11-04 00:00:00+00:00
[2023-02-06 00:19:02,325] {standard_task_runner.py:52} INFO - Started process 40652 to run task
[2023-02-06 00:19:02,330] {standard_task_runner.py:79} INFO - Running: ['airflow', 'tasks', 'run', '06_monitoring_trigger_rules', 'task_5', 'scheduled__2022-11-04T00:00:00+00:00', '--job-id', '388', '--raw', '--subdir', 'DAGS_FOLDER/06.2_monitoring_trigger_rules.py', '--cfg-path', '/tmp/tmp9dujzmv4', '--error-file', '/tmp/tmpf54o_glx']
[2023-02-06 00:19:02,331] {standard_task_runner.py:80} INFO - Job 388: Subtask task_5
[2023-02-06 00:19:02,409] {task_command.py:371} INFO - Running <TaskInstance: 06_monitoring_trigger_rules.task_5 scheduled__2022-11-04T00:00:00+00:00 [running]> on host pc.
[2023-02-06 00:19:02,491] {taskinstance.py:1589} INFO - Exporting the following env vars:
AIRFLOW_CTX_DAG_OWNER=airflow
AIRFLOW_CTX_DAG_ID=06_monitoring_trigger_rules
AIRFLOW_CTX_TASK_ID=task_5
AIRFLOW_CTX_EXECUTION_DATE=2022-11-04T00:00:00+00:00
AIRFLOW_CTX_TRY_NUMBER=1
AIRFLOW_CTX_DAG_RUN_ID=scheduled__2022-11-04T00:00:00+00:00
[2023-02-06 00:19:02,492] {subprocess.py:62} INFO - Tmp dir root location: 
 /tmp
[2023-02-06 00:19:02,493] {subprocess.py:74} INFO - Running command: ['bash', '-c', "sleep 2 && echo 'Fifth task!'"]
[2023-02-06 00:19:02,501] {subprocess.py:85} INFO - Output:
[2023-02-06 00:19:04,503] {subprocess.py:92} INFO - Fifth task!
[2023-02-06 00:19:04,504] {subprocess.py:96} INFO - Command exited with return code 0
[2023-02-06 00:19:04,533] {taskinstance.py:1415} INFO - Marking task as SUCCESS. dag_id=06_monitoring_trigger_rules, task_id=task_5, execution_date=20221104T000000, start_date=20230206T051902, end_date=20230206T051904
[2023-02-06 00:19:04,591] {local_task_job.py:156} INFO - Task exited with return code 0
[2023-02-06 00:19:04,616] {local_task_job.py:273} INFO - 0 downstream tasks scheduled from follow-on schedule check
