[2023-02-05 21:10:36,833] {taskinstance.py:1179} INFO - Dependencies all met for <TaskInstance: 06_monitoring.task_5 scheduled__2022-11-01T00:00:00+00:00 [queued]>
[2023-02-05 21:10:36,843] {taskinstance.py:1179} INFO - Dependencies all met for <TaskInstance: 06_monitoring.task_5 scheduled__2022-11-01T00:00:00+00:00 [queued]>
[2023-02-05 21:10:36,843] {taskinstance.py:1376} INFO - 
--------------------------------------------------------------------------------
[2023-02-05 21:10:36,844] {taskinstance.py:1377} INFO - Starting attempt 1 of 1
[2023-02-05 21:10:36,844] {taskinstance.py:1378} INFO - 
--------------------------------------------------------------------------------
[2023-02-05 21:10:36,869] {taskinstance.py:1397} INFO - Executing <Task(BashOperator): task_5> on 2022-11-01 00:00:00+00:00
[2023-02-05 21:10:36,872] {standard_task_runner.py:52} INFO - Started process 34975 to run task
[2023-02-05 21:10:36,877] {standard_task_runner.py:79} INFO - Running: ['airflow', 'tasks', 'run', '06_monitoring', 'task_5', 'scheduled__2022-11-01T00:00:00+00:00', '--job-id', '125', '--raw', '--subdir', 'DAGS_FOLDER/06_monitoring.py', '--cfg-path', '/tmp/tmpninx41v3', '--error-file', '/tmp/tmpimp4bjxv']
[2023-02-05 21:10:36,878] {standard_task_runner.py:80} INFO - Job 125: Subtask task_5
[2023-02-05 21:10:36,964] {task_command.py:371} INFO - Running <TaskInstance: 06_monitoring.task_5 scheduled__2022-11-01T00:00:00+00:00 [running]> on host pc.
[2023-02-05 21:10:37,061] {taskinstance.py:1589} INFO - Exporting the following env vars:
AIRFLOW_CTX_DAG_OWNER=airflow
AIRFLOW_CTX_DAG_ID=06_monitoring
AIRFLOW_CTX_TASK_ID=task_5
AIRFLOW_CTX_EXECUTION_DATE=2022-11-01T00:00:00+00:00
AIRFLOW_CTX_TRY_NUMBER=1
AIRFLOW_CTX_DAG_RUN_ID=scheduled__2022-11-01T00:00:00+00:00
[2023-02-05 21:10:37,063] {subprocess.py:62} INFO - Tmp dir root location: 
 /tmp
[2023-02-05 21:10:37,064] {subprocess.py:74} INFO - Running command: ['bash', '-c', "sleep 2 && echo 'Fifth task!'"]
[2023-02-05 21:10:37,072] {subprocess.py:85} INFO - Output:
[2023-02-05 21:10:39,074] {subprocess.py:92} INFO - Fifth task!
[2023-02-05 21:10:39,074] {subprocess.py:96} INFO - Command exited with return code 0
[2023-02-05 21:10:39,259] {taskinstance.py:1415} INFO - Marking task as SUCCESS. dag_id=06_monitoring, task_id=task_5, execution_date=20221101T000000, start_date=20230206T021036, end_date=20230206T021039
[2023-02-05 21:10:39,297] {local_task_job.py:156} INFO - Task exited with return code 0
[2023-02-05 21:10:39,321] {local_task_job.py:273} INFO - 0 downstream tasks scheduled from follow-on schedule check
[2023-02-05 21:38:46,633] {taskinstance.py:1179} INFO - Dependencies all met for <TaskInstance: 06_monitoring.task_5 scheduled__2022-11-01T00:00:00+00:00 [queued]>
[2023-02-05 21:38:46,653] {taskinstance.py:1179} INFO - Dependencies all met for <TaskInstance: 06_monitoring.task_5 scheduled__2022-11-01T00:00:00+00:00 [queued]>
[2023-02-05 21:38:46,653] {taskinstance.py:1376} INFO - 
--------------------------------------------------------------------------------
[2023-02-05 21:38:46,653] {taskinstance.py:1377} INFO - Starting attempt 1 of 1
[2023-02-05 21:38:46,653] {taskinstance.py:1378} INFO - 
--------------------------------------------------------------------------------
[2023-02-05 21:38:46,678] {taskinstance.py:1397} INFO - Executing <Task(BashOperator): task_5> on 2022-11-01 00:00:00+00:00
[2023-02-05 21:38:46,681] {standard_task_runner.py:52} INFO - Started process 36321 to run task
[2023-02-05 21:38:46,686] {standard_task_runner.py:79} INFO - Running: ['airflow', 'tasks', 'run', '06_monitoring', 'task_5', 'scheduled__2022-11-01T00:00:00+00:00', '--job-id', '158', '--raw', '--subdir', 'DAGS_FOLDER/06_monitoring.py', '--cfg-path', '/tmp/tmpb4ri72bp', '--error-file', '/tmp/tmp5w7bc7mv']
[2023-02-05 21:38:46,687] {standard_task_runner.py:80} INFO - Job 158: Subtask task_5
[2023-02-05 21:38:46,768] {task_command.py:371} INFO - Running <TaskInstance: 06_monitoring.task_5 scheduled__2022-11-01T00:00:00+00:00 [running]> on host pc.
[2023-02-05 21:38:46,853] {taskinstance.py:1589} INFO - Exporting the following env vars:
AIRFLOW_CTX_DAG_OWNER=airflow
AIRFLOW_CTX_DAG_ID=06_monitoring
AIRFLOW_CTX_TASK_ID=task_5
AIRFLOW_CTX_EXECUTION_DATE=2022-11-01T00:00:00+00:00
AIRFLOW_CTX_TRY_NUMBER=1
AIRFLOW_CTX_DAG_RUN_ID=scheduled__2022-11-01T00:00:00+00:00
[2023-02-05 21:38:46,854] {subprocess.py:62} INFO - Tmp dir root location: 
 /tmp
[2023-02-05 21:38:46,855] {subprocess.py:74} INFO - Running command: ['bash', '-c', "sleep 2 && echo 'Fifth task!'"]
[2023-02-05 21:38:46,863] {subprocess.py:85} INFO - Output:
[2023-02-05 21:38:48,865] {subprocess.py:92} INFO - Fifth task!
[2023-02-05 21:38:48,865] {subprocess.py:96} INFO - Command exited with return code 0
[2023-02-05 21:38:48,895] {taskinstance.py:1415} INFO - Marking task as SUCCESS. dag_id=06_monitoring, task_id=task_5, execution_date=20221101T000000, start_date=20230206T023846, end_date=20230206T023848
[2023-02-05 21:38:48,946] {local_task_job.py:156} INFO - Task exited with return code 0
[2023-02-05 21:38:48,972] {local_task_job.py:273} INFO - 0 downstream tasks scheduled from follow-on schedule check
