[2023-02-05 23:34:53,708] {taskinstance.py:1179} INFO - Dependencies all met for <TaskInstance: 06_monitoring_trigger_rules.task_1 scheduled__2022-11-03T00:00:00+00:00 [queued]>
[2023-02-05 23:34:53,723] {taskinstance.py:1179} INFO - Dependencies all met for <TaskInstance: 06_monitoring_trigger_rules.task_1 scheduled__2022-11-03T00:00:00+00:00 [queued]>
[2023-02-05 23:34:53,724] {taskinstance.py:1376} INFO - 
--------------------------------------------------------------------------------
[2023-02-05 23:34:53,724] {taskinstance.py:1377} INFO - Starting attempt 1 of 3
[2023-02-05 23:34:53,724] {taskinstance.py:1378} INFO - 
--------------------------------------------------------------------------------
[2023-02-05 23:34:53,745] {taskinstance.py:1397} INFO - Executing <Task(BashOperator): task_1> on 2022-11-03 00:00:00+00:00
[2023-02-05 23:34:53,749] {standard_task_runner.py:52} INFO - Started process 39204 to run task
[2023-02-05 23:34:53,754] {standard_task_runner.py:79} INFO - Running: ['airflow', 'tasks', 'run', '06_monitoring_trigger_rules', 'task_1', 'scheduled__2022-11-03T00:00:00+00:00', '--job-id', '265', '--raw', '--subdir', 'DAGS_FOLDER/06.2_monitoring_trigger_rules.py', '--cfg-path', '/tmp/tmpd_9jvkyy', '--error-file', '/tmp/tmpr2tak8el']
[2023-02-05 23:34:53,755] {standard_task_runner.py:80} INFO - Job 265: Subtask task_1
[2023-02-05 23:34:53,831] {task_command.py:371} INFO - Running <TaskInstance: 06_monitoring_trigger_rules.task_1 scheduled__2022-11-03T00:00:00+00:00 [running]> on host pc.
[2023-02-05 23:34:53,912] {taskinstance.py:1589} INFO - Exporting the following env vars:
AIRFLOW_CTX_DAG_OWNER=airflow
AIRFLOW_CTX_DAG_ID=06_monitoring_trigger_rules
AIRFLOW_CTX_TASK_ID=task_1
AIRFLOW_CTX_EXECUTION_DATE=2022-11-03T00:00:00+00:00
AIRFLOW_CTX_TRY_NUMBER=1
AIRFLOW_CTX_DAG_RUN_ID=scheduled__2022-11-03T00:00:00+00:00
[2023-02-05 23:34:53,913] {subprocess.py:62} INFO - Tmp dir root location: 
 /tmp
[2023-02-05 23:34:53,914] {subprocess.py:74} INFO - Running command: ['bash', '-c', "sleep 2 && echo 'First task!'"]
[2023-02-05 23:34:53,922] {subprocess.py:85} INFO - Output:
[2023-02-05 23:34:55,925] {subprocess.py:92} INFO - First task!
[2023-02-05 23:34:55,925] {subprocess.py:96} INFO - Command exited with return code 0
[2023-02-05 23:34:57,238] {taskinstance.py:1415} INFO - Marking task as SUCCESS. dag_id=06_monitoring_trigger_rules, task_id=task_1, execution_date=20221103T000000, start_date=20230206T043453, end_date=20230206T043457
[2023-02-05 23:34:58,343] {local_task_job.py:156} INFO - Task exited with return code 0
[2023-02-05 23:34:58,404] {local_task_job.py:273} INFO - 1 downstream tasks scheduled from follow-on schedule check
