[2023-02-05 17:45:36,277] {taskinstance.py:1179} INFO - Dependencies all met for <TaskInstance: orchestration.task_5 scheduled__2023-01-03T00:00:00+00:00 [queued]>
[2023-02-05 17:45:36,288] {taskinstance.py:1179} INFO - Dependencies all met for <TaskInstance: orchestration.task_5 scheduled__2023-01-03T00:00:00+00:00 [queued]>
[2023-02-05 17:45:36,288] {taskinstance.py:1376} INFO - 
--------------------------------------------------------------------------------
[2023-02-05 17:45:36,288] {taskinstance.py:1377} INFO - Starting attempt 1 of 1
[2023-02-05 17:45:36,288] {taskinstance.py:1378} INFO - 
--------------------------------------------------------------------------------
[2023-02-05 17:45:36,310] {taskinstance.py:1397} INFO - Executing <Task(BashOperator): task_5> on 2023-01-03 00:00:00+00:00
[2023-02-05 17:45:36,314] {standard_task_runner.py:52} INFO - Started process 29930 to run task
[2023-02-05 17:45:36,319] {standard_task_runner.py:79} INFO - Running: ['airflow', 'tasks', 'run', 'orchestration', 'task_5', 'scheduled__2023-01-03T00:00:00+00:00', '--job-id', '67', '--raw', '--subdir', 'DAGS_FOLDER/5_orchestration_2.py', '--cfg-path', '/tmp/tmpt0tdb2vx', '--error-file', '/tmp/tmpgl5u5q8p']
[2023-02-05 17:45:36,320] {standard_task_runner.py:80} INFO - Job 67: Subtask task_5
[2023-02-05 17:45:36,399] {task_command.py:371} INFO - Running <TaskInstance: orchestration.task_5 scheduled__2023-01-03T00:00:00+00:00 [running]> on host pc.
[2023-02-05 17:45:36,498] {taskinstance.py:1589} INFO - Exporting the following env vars:
AIRFLOW_CTX_DAG_OWNER=airflow
AIRFLOW_CTX_DAG_ID=orchestration
AIRFLOW_CTX_TASK_ID=task_5
AIRFLOW_CTX_EXECUTION_DATE=2023-01-03T00:00:00+00:00
AIRFLOW_CTX_TRY_NUMBER=1
AIRFLOW_CTX_DAG_RUN_ID=scheduled__2023-01-03T00:00:00+00:00
[2023-02-05 17:45:36,499] {subprocess.py:62} INFO - Tmp dir root location: 
 /tmp
[2023-02-05 17:45:36,500] {subprocess.py:74} INFO - Running command: ['bash', '-c', "sleep 2 && echo 'Task_5'"]
[2023-02-05 17:45:36,508] {subprocess.py:85} INFO - Output:
[2023-02-05 17:45:38,510] {subprocess.py:92} INFO - Task_5
[2023-02-05 17:45:38,511] {subprocess.py:96} INFO - Command exited with return code 0
[2023-02-05 17:45:38,539] {taskinstance.py:1415} INFO - Marking task as SUCCESS. dag_id=orchestration, task_id=task_5, execution_date=20230103T000000, start_date=20230205T224536, end_date=20230205T224538
[2023-02-05 17:45:38,579] {local_task_job.py:156} INFO - Task exited with return code 0
[2023-02-05 17:45:38,609] {local_task_job.py:273} INFO - 0 downstream tasks scheduled from follow-on schedule check
[2023-02-05 17:56:10,093] {taskinstance.py:1179} INFO - Dependencies all met for <TaskInstance: orchestration.task_5 scheduled__2023-01-03T00:00:00+00:00 [queued]>
[2023-02-05 17:56:10,106] {taskinstance.py:1179} INFO - Dependencies all met for <TaskInstance: orchestration.task_5 scheduled__2023-01-03T00:00:00+00:00 [queued]>
[2023-02-05 17:56:10,107] {taskinstance.py:1376} INFO - 
--------------------------------------------------------------------------------
[2023-02-05 17:56:10,107] {taskinstance.py:1377} INFO - Starting attempt 1 of 1
[2023-02-05 17:56:10,107] {taskinstance.py:1378} INFO - 
--------------------------------------------------------------------------------
[2023-02-05 17:56:10,130] {taskinstance.py:1397} INFO - Executing <Task(BashOperator): task_5> on 2023-01-03 00:00:00+00:00
[2023-02-05 17:56:10,133] {standard_task_runner.py:52} INFO - Started process 30553 to run task
[2023-02-05 17:56:10,138] {standard_task_runner.py:79} INFO - Running: ['airflow', 'tasks', 'run', 'orchestration', 'task_5', 'scheduled__2023-01-03T00:00:00+00:00', '--job-id', '63', '--raw', '--subdir', 'DAGS_FOLDER/5_orchestration_2.py', '--cfg-path', '/tmp/tmpugtm19ap', '--error-file', '/tmp/tmpom4pwj7y']
[2023-02-05 17:56:10,140] {standard_task_runner.py:80} INFO - Job 63: Subtask task_5
[2023-02-05 17:56:10,219] {task_command.py:371} INFO - Running <TaskInstance: orchestration.task_5 scheduled__2023-01-03T00:00:00+00:00 [running]> on host pc.
[2023-02-05 17:56:10,308] {taskinstance.py:1589} INFO - Exporting the following env vars:
AIRFLOW_CTX_DAG_OWNER=airflow
AIRFLOW_CTX_DAG_ID=orchestration
AIRFLOW_CTX_TASK_ID=task_5
AIRFLOW_CTX_EXECUTION_DATE=2023-01-03T00:00:00+00:00
AIRFLOW_CTX_TRY_NUMBER=1
AIRFLOW_CTX_DAG_RUN_ID=scheduled__2023-01-03T00:00:00+00:00
[2023-02-05 17:56:10,309] {subprocess.py:62} INFO - Tmp dir root location: 
 /tmp
[2023-02-05 17:56:10,310] {subprocess.py:74} INFO - Running command: ['bash', '-c', "sleep 1 && echo 'Task_5'"]
[2023-02-05 17:56:10,318] {subprocess.py:85} INFO - Output:
[2023-02-05 17:56:11,321] {subprocess.py:92} INFO - Task_5
[2023-02-05 17:56:11,321] {subprocess.py:96} INFO - Command exited with return code 0
[2023-02-05 17:56:11,351] {taskinstance.py:1415} INFO - Marking task as SUCCESS. dag_id=orchestration, task_id=task_5, execution_date=20230103T000000, start_date=20230205T225610, end_date=20230205T225611
[2023-02-05 17:56:11,394] {local_task_job.py:156} INFO - Task exited with return code 0
[2023-02-05 17:56:11,426] {local_task_job.py:273} INFO - 0 downstream tasks scheduled from follow-on schedule check
