[2023-02-05 17:46:16,122] {taskinstance.py:1179} INFO - Dependencies all met for <TaskInstance: orchestration.task_2 scheduled__2023-01-08T00:00:00+00:00 [queued]>
[2023-02-05 17:46:16,132] {taskinstance.py:1179} INFO - Dependencies all met for <TaskInstance: orchestration.task_2 scheduled__2023-01-08T00:00:00+00:00 [queued]>
[2023-02-05 17:46:16,133] {taskinstance.py:1376} INFO - 
--------------------------------------------------------------------------------
[2023-02-05 17:46:16,133] {taskinstance.py:1377} INFO - Starting attempt 1 of 1
[2023-02-05 17:46:16,133] {taskinstance.py:1378} INFO - 
--------------------------------------------------------------------------------
[2023-02-05 17:46:16,153] {taskinstance.py:1397} INFO - Executing <Task(BashOperator): task_2> on 2023-01-08 00:00:00+00:00
[2023-02-05 17:46:16,156] {standard_task_runner.py:52} INFO - Started process 29979 to run task
[2023-02-05 17:46:16,161] {standard_task_runner.py:79} INFO - Running: ['airflow', 'tasks', 'run', 'orchestration', 'task_2', 'scheduled__2023-01-08T00:00:00+00:00', '--job-id', '76', '--raw', '--subdir', 'DAGS_FOLDER/5_orchestration_2.py', '--cfg-path', '/tmp/tmpqtunao82', '--error-file', '/tmp/tmpc05cwogq']
[2023-02-05 17:46:16,162] {standard_task_runner.py:80} INFO - Job 76: Subtask task_2
[2023-02-05 17:46:16,268] {task_command.py:371} INFO - Running <TaskInstance: orchestration.task_2 scheduled__2023-01-08T00:00:00+00:00 [running]> on host pc.
[2023-02-05 17:46:16,354] {taskinstance.py:1589} INFO - Exporting the following env vars:
AIRFLOW_CTX_DAG_OWNER=airflow
AIRFLOW_CTX_DAG_ID=orchestration
AIRFLOW_CTX_TASK_ID=task_2
AIRFLOW_CTX_EXECUTION_DATE=2023-01-08T00:00:00+00:00
AIRFLOW_CTX_TRY_NUMBER=1
AIRFLOW_CTX_DAG_RUN_ID=scheduled__2023-01-08T00:00:00+00:00
[2023-02-05 17:46:16,355] {subprocess.py:62} INFO - Tmp dir root location: 
 /tmp
[2023-02-05 17:46:16,355] {subprocess.py:74} INFO - Running command: ['bash', '-c', "sleep 2 && echo 'Task_2'"]
[2023-02-05 17:46:16,363] {subprocess.py:85} INFO - Output:
[2023-02-05 17:46:18,365] {subprocess.py:92} INFO - Task_2
[2023-02-05 17:46:18,365] {subprocess.py:96} INFO - Command exited with return code 0
[2023-02-05 17:46:18,394] {taskinstance.py:1415} INFO - Marking task as SUCCESS. dag_id=orchestration, task_id=task_2, execution_date=20230108T000000, start_date=20230205T224616, end_date=20230205T224618
[2023-02-05 17:46:18,427] {local_task_job.py:156} INFO - Task exited with return code 0
[2023-02-05 17:46:18,473] {local_task_job.py:273} INFO - 2 downstream tasks scheduled from follow-on schedule check
[2023-02-05 17:57:27,698] {taskinstance.py:1179} INFO - Dependencies all met for <TaskInstance: orchestration.task_2 scheduled__2023-01-08T00:00:00+00:00 [queued]>
[2023-02-05 17:57:27,716] {taskinstance.py:1179} INFO - Dependencies all met for <TaskInstance: orchestration.task_2 scheduled__2023-01-08T00:00:00+00:00 [queued]>
[2023-02-05 17:57:27,716] {taskinstance.py:1376} INFO - 
--------------------------------------------------------------------------------
[2023-02-05 17:57:27,716] {taskinstance.py:1377} INFO - Starting attempt 1 of 1
[2023-02-05 17:57:27,716] {taskinstance.py:1378} INFO - 
--------------------------------------------------------------------------------
[2023-02-05 17:57:28,302] {taskinstance.py:1397} INFO - Executing <Task(BashOperator): task_2> on 2023-01-08 00:00:00+00:00
[2023-02-05 17:57:28,305] {standard_task_runner.py:52} INFO - Started process 30644 to run task
[2023-02-05 17:57:28,310] {standard_task_runner.py:79} INFO - Running: ['airflow', 'tasks', 'run', 'orchestration', 'task_2', 'scheduled__2023-01-08T00:00:00+00:00', '--job-id', '80', '--raw', '--subdir', 'DAGS_FOLDER/5_orchestration_2.py', '--cfg-path', '/tmp/tmpa_6i05ox', '--error-file', '/tmp/tmpn6a2nfbj']
[2023-02-05 17:57:28,311] {standard_task_runner.py:80} INFO - Job 80: Subtask task_2
[2023-02-05 17:57:28,948] {task_command.py:371} INFO - Running <TaskInstance: orchestration.task_2 scheduled__2023-01-08T00:00:00+00:00 [running]> on host pc.
[2023-02-05 17:57:29,734] {taskinstance.py:1589} INFO - Exporting the following env vars:
AIRFLOW_CTX_DAG_OWNER=airflow
AIRFLOW_CTX_DAG_ID=orchestration
AIRFLOW_CTX_TASK_ID=task_2
AIRFLOW_CTX_EXECUTION_DATE=2023-01-08T00:00:00+00:00
AIRFLOW_CTX_TRY_NUMBER=1
AIRFLOW_CTX_DAG_RUN_ID=scheduled__2023-01-08T00:00:00+00:00
[2023-02-05 17:57:29,736] {subprocess.py:62} INFO - Tmp dir root location: 
 /tmp
[2023-02-05 17:57:29,736] {subprocess.py:74} INFO - Running command: ['bash', '-c', "sleep 1 && echo 'Task_2'"]
[2023-02-05 17:57:29,751] {subprocess.py:85} INFO - Output:
[2023-02-05 17:57:30,753] {subprocess.py:92} INFO - Task_2
[2023-02-05 17:57:30,753] {subprocess.py:96} INFO - Command exited with return code 0
[2023-02-05 17:57:30,782] {taskinstance.py:1415} INFO - Marking task as SUCCESS. dag_id=orchestration, task_id=task_2, execution_date=20230108T000000, start_date=20230205T225727, end_date=20230205T225730
[2023-02-05 17:57:30,815] {local_task_job.py:156} INFO - Task exited with return code 0
[2023-02-05 17:57:30,875] {local_task_job.py:273} INFO - 2 downstream tasks scheduled from follow-on schedule check
