[2023-02-05 21:29:30,692] {taskinstance.py:1179} INFO - Dependencies all met for <TaskInstance: 06_monitoring.task_2 scheduled__2022-11-14T00:00:00+00:00 [queued]>
[2023-02-05 21:29:30,706] {taskinstance.py:1179} INFO - Dependencies all met for <TaskInstance: 06_monitoring.task_2 scheduled__2022-11-14T00:00:00+00:00 [queued]>
[2023-02-05 21:29:30,707] {taskinstance.py:1376} INFO - 
--------------------------------------------------------------------------------
[2023-02-05 21:29:30,707] {taskinstance.py:1377} INFO - Starting attempt 2 of 2
[2023-02-05 21:29:30,707] {taskinstance.py:1378} INFO - 
--------------------------------------------------------------------------------
[2023-02-05 21:29:30,727] {taskinstance.py:1397} INFO - Executing <Task(BashOperator): task_2> on 2022-11-14 00:00:00+00:00
[2023-02-05 21:29:30,731] {standard_task_runner.py:52} INFO - Started process 35913 to run task
[2023-02-05 21:29:30,736] {standard_task_runner.py:79} INFO - Running: ['airflow', 'tasks', 'run', '06_monitoring', 'task_2', 'scheduled__2022-11-14T00:00:00+00:00', '--job-id', '236', '--raw', '--subdir', 'DAGS_FOLDER/06_monitoring.py', '--cfg-path', '/tmp/tmpwg35gwgr', '--error-file', '/tmp/tmprglb8rk5']
[2023-02-05 21:29:30,737] {standard_task_runner.py:80} INFO - Job 236: Subtask task_2
[2023-02-05 21:29:30,832] {task_command.py:371} INFO - Running <TaskInstance: 06_monitoring.task_2 scheduled__2022-11-14T00:00:00+00:00 [running]> on host pc.
[2023-02-05 21:29:30,928] {taskinstance.py:1589} INFO - Exporting the following env vars:
AIRFLOW_CTX_DAG_OWNER=airflow
AIRFLOW_CTX_DAG_ID=06_monitoring
AIRFLOW_CTX_TASK_ID=task_2
AIRFLOW_CTX_EXECUTION_DATE=2022-11-14T00:00:00+00:00
AIRFLOW_CTX_TRY_NUMBER=2
AIRFLOW_CTX_DAG_RUN_ID=scheduled__2022-11-14T00:00:00+00:00
[2023-02-05 21:29:30,929] {subprocess.py:62} INFO - Tmp dir root location: 
 /tmp
[2023-02-05 21:29:30,930] {subprocess.py:74} INFO - Running command: ['bash', '-c', "sleep 2 && echo 'Second task!'"]
[2023-02-05 21:29:30,937] {subprocess.py:85} INFO - Output:
[2023-02-05 21:29:32,940] {subprocess.py:92} INFO - Second task!
[2023-02-05 21:29:32,940] {subprocess.py:96} INFO - Command exited with return code 0
[2023-02-05 21:29:32,971] {taskinstance.py:1415} INFO - Marking task as SUCCESS. dag_id=06_monitoring, task_id=task_2, execution_date=20221114T000000, start_date=20230206T022930, end_date=20230206T022932
[2023-02-05 21:29:32,996] {local_task_job.py:156} INFO - Task exited with return code 0
[2023-02-05 21:29:33,024] {local_task_job.py:273} INFO - 0 downstream tasks scheduled from follow-on schedule check
[2023-02-05 21:41:11,222] {taskinstance.py:1179} INFO - Dependencies all met for <TaskInstance: 06_monitoring.task_2 scheduled__2022-11-14T00:00:00+00:00 [queued]>
[2023-02-05 21:41:11,234] {taskinstance.py:1179} INFO - Dependencies all met for <TaskInstance: 06_monitoring.task_2 scheduled__2022-11-14T00:00:00+00:00 [queued]>
[2023-02-05 21:41:11,234] {taskinstance.py:1376} INFO - 
--------------------------------------------------------------------------------
[2023-02-05 21:41:11,234] {taskinstance.py:1377} INFO - Starting attempt 2 of 2
[2023-02-05 21:41:11,234] {taskinstance.py:1378} INFO - 
--------------------------------------------------------------------------------
[2023-02-05 21:41:11,259] {taskinstance.py:1397} INFO - Executing <Task(BashOperator): task_2> on 2022-11-14 00:00:00+00:00
[2023-02-05 21:41:11,262] {standard_task_runner.py:52} INFO - Started process 36448 to run task
[2023-02-05 21:41:11,268] {standard_task_runner.py:79} INFO - Running: ['airflow', 'tasks', 'run', '06_monitoring', 'task_2', 'scheduled__2022-11-14T00:00:00+00:00', '--job-id', '171', '--raw', '--subdir', 'DAGS_FOLDER/06_monitoring.py', '--cfg-path', '/tmp/tmp130iiwnf', '--error-file', '/tmp/tmpw70ypym1']
[2023-02-05 21:41:11,269] {standard_task_runner.py:80} INFO - Job 171: Subtask task_2
[2023-02-05 21:41:11,353] {task_command.py:371} INFO - Running <TaskInstance: 06_monitoring.task_2 scheduled__2022-11-14T00:00:00+00:00 [running]> on host pc.
[2023-02-05 21:41:11,456] {taskinstance.py:1589} INFO - Exporting the following env vars:
AIRFLOW_CTX_DAG_OWNER=airflow
AIRFLOW_CTX_DAG_ID=06_monitoring
AIRFLOW_CTX_TASK_ID=task_2
AIRFLOW_CTX_EXECUTION_DATE=2022-11-14T00:00:00+00:00
AIRFLOW_CTX_TRY_NUMBER=2
AIRFLOW_CTX_DAG_RUN_ID=scheduled__2022-11-14T00:00:00+00:00
[2023-02-05 21:41:11,457] {subprocess.py:62} INFO - Tmp dir root location: 
 /tmp
[2023-02-05 21:41:11,458] {subprocess.py:74} INFO - Running command: ['bash', '-c', "sleep 2 && echo 'Second task!'"]
[2023-02-05 21:41:11,466] {subprocess.py:85} INFO - Output:
[2023-02-05 21:41:13,469] {subprocess.py:92} INFO - Second task!
[2023-02-05 21:41:13,469] {subprocess.py:96} INFO - Command exited with return code 0
[2023-02-05 21:41:13,514] {taskinstance.py:1415} INFO - Marking task as SUCCESS. dag_id=06_monitoring, task_id=task_2, execution_date=20221114T000000, start_date=20230206T024111, end_date=20230206T024113
[2023-02-05 21:41:13,568] {local_task_job.py:156} INFO - Task exited with return code 0
[2023-02-05 21:41:13,615] {local_task_job.py:273} INFO - 1 downstream tasks scheduled from follow-on schedule check
