[2023-02-05 21:12:37,252] {taskinstance.py:1179} INFO - Dependencies all met for <TaskInstance: 06_monitoring.task_1 scheduled__2022-11-15T00:00:00+00:00 [queued]>
[2023-02-05 21:12:37,262] {taskinstance.py:1179} INFO - Dependencies all met for <TaskInstance: 06_monitoring.task_1 scheduled__2022-11-15T00:00:00+00:00 [queued]>
[2023-02-05 21:12:37,262] {taskinstance.py:1376} INFO - 
--------------------------------------------------------------------------------
[2023-02-05 21:12:37,262] {taskinstance.py:1377} INFO - Starting attempt 1 of 1
[2023-02-05 21:12:37,262] {taskinstance.py:1378} INFO - 
--------------------------------------------------------------------------------
[2023-02-05 21:12:37,283] {taskinstance.py:1397} INFO - Executing <Task(BashOperator): task_1> on 2022-11-15 00:00:00+00:00
[2023-02-05 21:12:37,286] {standard_task_runner.py:52} INFO - Started process 35127 to run task
[2023-02-05 21:12:37,291] {standard_task_runner.py:79} INFO - Running: ['airflow', 'tasks', 'run', '06_monitoring', 'task_1', 'scheduled__2022-11-15T00:00:00+00:00', '--job-id', '159', '--raw', '--subdir', 'DAGS_FOLDER/06_monitoring.py', '--cfg-path', '/tmp/tmp3cy7vow6', '--error-file', '/tmp/tmp_zo_g7u8']
[2023-02-05 21:12:37,292] {standard_task_runner.py:80} INFO - Job 159: Subtask task_1
[2023-02-05 21:12:37,371] {task_command.py:371} INFO - Running <TaskInstance: 06_monitoring.task_1 scheduled__2022-11-15T00:00:00+00:00 [running]> on host pc.
[2023-02-05 21:12:37,469] {taskinstance.py:1589} INFO - Exporting the following env vars:
AIRFLOW_CTX_DAG_OWNER=airflow
AIRFLOW_CTX_DAG_ID=06_monitoring
AIRFLOW_CTX_TASK_ID=task_1
AIRFLOW_CTX_EXECUTION_DATE=2022-11-15T00:00:00+00:00
AIRFLOW_CTX_TRY_NUMBER=1
AIRFLOW_CTX_DAG_RUN_ID=scheduled__2022-11-15T00:00:00+00:00
[2023-02-05 21:12:37,471] {subprocess.py:62} INFO - Tmp dir root location: 
 /tmp
[2023-02-05 21:12:37,472] {subprocess.py:74} INFO - Running command: ['bash', '-c', "sleep 2 && echo 'First task!'"]
[2023-02-05 21:12:37,479] {subprocess.py:85} INFO - Output:
[2023-02-05 21:12:39,482] {subprocess.py:92} INFO - First task!
[2023-02-05 21:12:39,482] {subprocess.py:96} INFO - Command exited with return code 0
[2023-02-05 21:12:39,515] {taskinstance.py:1415} INFO - Marking task as SUCCESS. dag_id=06_monitoring, task_id=task_1, execution_date=20221115T000000, start_date=20230206T021237, end_date=20230206T021239
[2023-02-05 21:12:39,550] {local_task_job.py:156} INFO - Task exited with return code 0
[2023-02-05 21:12:39,596] {local_task_job.py:273} INFO - 1 downstream tasks scheduled from follow-on schedule check
[2023-02-05 21:15:47,826] {taskinstance.py:1179} INFO - Dependencies all met for <TaskInstance: 06_monitoring.task_1 scheduled__2022-11-15T00:00:00+00:00 [queued]>
[2023-02-05 21:15:47,837] {taskinstance.py:1179} INFO - Dependencies all met for <TaskInstance: 06_monitoring.task_1 scheduled__2022-11-15T00:00:00+00:00 [queued]>
[2023-02-05 21:15:47,837] {taskinstance.py:1376} INFO - 
--------------------------------------------------------------------------------
[2023-02-05 21:15:47,837] {taskinstance.py:1377} INFO - Starting attempt 1 of 1
[2023-02-05 21:15:47,837] {taskinstance.py:1378} INFO - 
--------------------------------------------------------------------------------
[2023-02-05 21:15:47,857] {taskinstance.py:1397} INFO - Executing <Task(BashOperator): task_1> on 2022-11-15 00:00:00+00:00
[2023-02-05 21:15:47,860] {standard_task_runner.py:52} INFO - Started process 35333 to run task
[2023-02-05 21:15:47,865] {standard_task_runner.py:79} INFO - Running: ['airflow', 'tasks', 'run', '06_monitoring', 'task_1', 'scheduled__2022-11-15T00:00:00+00:00', '--job-id', '151', '--raw', '--subdir', 'DAGS_FOLDER/06_monitoring.py', '--cfg-path', '/tmp/tmpmapdntiz', '--error-file', '/tmp/tmp7fp6q7r3']
[2023-02-05 21:15:47,866] {standard_task_runner.py:80} INFO - Job 151: Subtask task_1
[2023-02-05 21:15:47,941] {task_command.py:371} INFO - Running <TaskInstance: 06_monitoring.task_1 scheduled__2022-11-15T00:00:00+00:00 [running]> on host pc.
[2023-02-05 21:15:48,051] {taskinstance.py:1589} INFO - Exporting the following env vars:
AIRFLOW_CTX_DAG_OWNER=airflow
AIRFLOW_CTX_DAG_ID=06_monitoring
AIRFLOW_CTX_TASK_ID=task_1
AIRFLOW_CTX_EXECUTION_DATE=2022-11-15T00:00:00+00:00
AIRFLOW_CTX_TRY_NUMBER=1
AIRFLOW_CTX_DAG_RUN_ID=scheduled__2022-11-15T00:00:00+00:00
[2023-02-05 21:15:48,052] {subprocess.py:62} INFO - Tmp dir root location: 
 /tmp
[2023-02-05 21:15:48,053] {subprocess.py:74} INFO - Running command: ['bash', '-c', "sleep 2 && echo 'First task!'"]
[2023-02-05 21:15:48,061] {subprocess.py:85} INFO - Output:
[2023-02-05 21:15:50,063] {subprocess.py:92} INFO - First task!
[2023-02-05 21:15:50,063] {subprocess.py:96} INFO - Command exited with return code 0
[2023-02-05 21:15:50,099] {taskinstance.py:1415} INFO - Marking task as SUCCESS. dag_id=06_monitoring, task_id=task_1, execution_date=20221115T000000, start_date=20230206T021547, end_date=20230206T021550
[2023-02-05 21:15:50,124] {local_task_job.py:156} INFO - Task exited with return code 0
[2023-02-05 21:15:50,172] {local_task_job.py:273} INFO - 1 downstream tasks scheduled from follow-on schedule check
[2023-02-05 21:34:51,474] {taskinstance.py:1179} INFO - Dependencies all met for <TaskInstance: 06_monitoring.task_1 scheduled__2022-11-15T00:00:00+00:00 [queued]>
[2023-02-05 21:34:51,487] {taskinstance.py:1179} INFO - Dependencies all met for <TaskInstance: 06_monitoring.task_1 scheduled__2022-11-15T00:00:00+00:00 [queued]>
[2023-02-05 21:34:51,487] {taskinstance.py:1376} INFO - 
--------------------------------------------------------------------------------
[2023-02-05 21:34:51,487] {taskinstance.py:1377} INFO - Starting attempt 1 of 1
[2023-02-05 21:34:51,487] {taskinstance.py:1378} INFO - 
--------------------------------------------------------------------------------
[2023-02-05 21:34:51,511] {taskinstance.py:1397} INFO - Executing <Task(BashOperator): task_1> on 2022-11-15 00:00:00+00:00
[2023-02-05 21:34:51,514] {standard_task_runner.py:52} INFO - Started process 36197 to run task
[2023-02-05 21:34:51,520] {standard_task_runner.py:79} INFO - Running: ['airflow', 'tasks', 'run', '06_monitoring', 'task_1', 'scheduled__2022-11-15T00:00:00+00:00', '--job-id', '151', '--raw', '--subdir', 'DAGS_FOLDER/06_monitoring.py', '--cfg-path', '/tmp/tmp1fnp4r3r', '--error-file', '/tmp/tmpuvvjdn6j']
[2023-02-05 21:34:51,521] {standard_task_runner.py:80} INFO - Job 151: Subtask task_1
[2023-02-05 21:34:51,610] {task_command.py:371} INFO - Running <TaskInstance: 06_monitoring.task_1 scheduled__2022-11-15T00:00:00+00:00 [running]> on host pc.
[2023-02-05 21:34:51,726] {taskinstance.py:1589} INFO - Exporting the following env vars:
AIRFLOW_CTX_DAG_OWNER=airflow
AIRFLOW_CTX_DAG_ID=06_monitoring
AIRFLOW_CTX_TASK_ID=task_1
AIRFLOW_CTX_EXECUTION_DATE=2022-11-15T00:00:00+00:00
AIRFLOW_CTX_TRY_NUMBER=1
AIRFLOW_CTX_DAG_RUN_ID=scheduled__2022-11-15T00:00:00+00:00
[2023-02-05 21:34:51,727] {subprocess.py:62} INFO - Tmp dir root location: 
 /tmp
[2023-02-05 21:34:51,728] {subprocess.py:74} INFO - Running command: ['bash', '-c', "sleep 2 && echo 'First task!'"]
[2023-02-05 21:34:51,737] {subprocess.py:85} INFO - Output:
[2023-02-05 21:34:53,740] {subprocess.py:92} INFO - First task!
[2023-02-05 21:34:53,740] {subprocess.py:96} INFO - Command exited with return code 0
[2023-02-05 21:34:53,773] {taskinstance.py:1415} INFO - Marking task as SUCCESS. dag_id=06_monitoring, task_id=task_1, execution_date=20221115T000000, start_date=20230206T023451, end_date=20230206T023453
[2023-02-05 21:34:53,820] {local_task_job.py:156} INFO - Task exited with return code 0
[2023-02-05 21:34:53,879] {local_task_job.py:273} INFO - 1 downstream tasks scheduled from follow-on schedule check
