[2023-02-08 02:05:49,494] {taskinstance.py:1179} INFO - Dependencies all met for <TaskInstance: 10_branching.start_15_june scheduled__2022-07-25T00:00:00+00:00 [queued]>
[2023-02-08 02:05:49,507] {taskinstance.py:1179} INFO - Dependencies all met for <TaskInstance: 10_branching.start_15_june scheduled__2022-07-25T00:00:00+00:00 [queued]>
[2023-02-08 02:05:49,507] {taskinstance.py:1376} INFO - 
--------------------------------------------------------------------------------
[2023-02-08 02:05:49,508] {taskinstance.py:1377} INFO - Starting attempt 1 of 1
[2023-02-08 02:05:49,508] {taskinstance.py:1378} INFO - 
--------------------------------------------------------------------------------
[2023-02-08 02:05:49,534] {taskinstance.py:1397} INFO - Executing <Task(BashOperator): start_15_june> on 2022-07-25 00:00:00+00:00
[2023-02-08 02:05:49,538] {standard_task_runner.py:52} INFO - Started process 56081 to run task
[2023-02-08 02:05:49,544] {standard_task_runner.py:79} INFO - Running: ['airflow', 'tasks', 'run', '10_branching', 'start_15_june', 'scheduled__2022-07-25T00:00:00+00:00', '--job-id', '1443', '--raw', '--subdir', 'DAGS_FOLDER/10_branchpythonoperator.py', '--cfg-path', '/tmp/tmpvtc2vh9k', '--error-file', '/tmp/tmpfd5l2b44']
[2023-02-08 02:05:49,546] {standard_task_runner.py:80} INFO - Job 1443: Subtask start_15_june
[2023-02-08 02:05:49,636] {task_command.py:371} INFO - Running <TaskInstance: 10_branching.start_15_june scheduled__2022-07-25T00:00:00+00:00 [running]> on host pc.
[2023-02-08 02:05:49,732] {taskinstance.py:1589} INFO - Exporting the following env vars:
AIRFLOW_CTX_DAG_OWNER=airflow
AIRFLOW_CTX_DAG_ID=10_branching
AIRFLOW_CTX_TASK_ID=start_15_june
AIRFLOW_CTX_EXECUTION_DATE=2022-07-25T00:00:00+00:00
AIRFLOW_CTX_TRY_NUMBER=1
AIRFLOW_CTX_DAG_RUN_ID=scheduled__2022-07-25T00:00:00+00:00
[2023-02-08 02:05:49,733] {subprocess.py:62} INFO - Tmp dir root location: 
 /tmp
[2023-02-08 02:05:49,734] {subprocess.py:74} INFO - Running command: ['bash', '-c', "echo 'Running 2022-07-25'"]
[2023-02-08 02:05:49,744] {subprocess.py:85} INFO - Output:
[2023-02-08 02:05:49,745] {subprocess.py:92} INFO - Running 2022-07-25
[2023-02-08 02:05:49,745] {subprocess.py:96} INFO - Command exited with return code 0
[2023-02-08 02:05:49,779] {taskinstance.py:1415} INFO - Marking task as SUCCESS. dag_id=10_branching, task_id=start_15_june, execution_date=20220725T000000, start_date=20230208T070549, end_date=20230208T070549
[2023-02-08 02:05:49,836] {local_task_job.py:156} INFO - Task exited with return code 0
[2023-02-08 02:05:49,864] {local_task_job.py:273} INFO - 0 downstream tasks scheduled from follow-on schedule check
