[2023-02-05 17:54:30,343] {taskinstance.py:1179} INFO - Dependencies all met for <TaskInstance: orchestration.task_3 scheduled__2023-02-01T00:00:00+00:00 [queued]>
[2023-02-05 17:54:30,359] {taskinstance.py:1179} INFO - Dependencies all met for <TaskInstance: orchestration.task_3 scheduled__2023-02-01T00:00:00+00:00 [queued]>
[2023-02-05 17:54:30,359] {taskinstance.py:1376} INFO - 
--------------------------------------------------------------------------------
[2023-02-05 17:54:30,360] {taskinstance.py:1377} INFO - Starting attempt 1 of 1
[2023-02-05 17:54:30,360] {taskinstance.py:1378} INFO - 
--------------------------------------------------------------------------------
[2023-02-05 17:54:30,382] {taskinstance.py:1397} INFO - Executing <Task(BashOperator): task_3> on 2023-02-01 00:00:00+00:00
[2023-02-05 17:54:30,386] {standard_task_runner.py:52} INFO - Started process 30471 to run task
[2023-02-05 17:54:30,391] {standard_task_runner.py:79} INFO - Running: ['airflow', 'tasks', 'run', 'orchestration', 'task_3', 'scheduled__2023-02-01T00:00:00+00:00', '--job-id', '177', '--raw', '--subdir', 'DAGS_FOLDER/5_orchestration_2.py', '--cfg-path', '/tmp/tmpaey62b9i', '--error-file', '/tmp/tmpi0g088ey']
[2023-02-05 17:54:30,392] {standard_task_runner.py:80} INFO - Job 177: Subtask task_3
[2023-02-05 17:54:30,473] {task_command.py:371} INFO - Running <TaskInstance: orchestration.task_3 scheduled__2023-02-01T00:00:00+00:00 [running]> on host pc.
[2023-02-05 17:54:30,567] {taskinstance.py:1589} INFO - Exporting the following env vars:
AIRFLOW_CTX_DAG_OWNER=airflow
AIRFLOW_CTX_DAG_ID=orchestration
AIRFLOW_CTX_TASK_ID=task_3
AIRFLOW_CTX_EXECUTION_DATE=2023-02-01T00:00:00+00:00
AIRFLOW_CTX_TRY_NUMBER=1
AIRFLOW_CTX_DAG_RUN_ID=scheduled__2023-02-01T00:00:00+00:00
[2023-02-05 17:54:30,568] {subprocess.py:62} INFO - Tmp dir root location: 
 /tmp
[2023-02-05 17:54:30,569] {subprocess.py:74} INFO - Running command: ['bash', '-c', "sleep 2 && echo 'Task_3'"]
[2023-02-05 17:54:30,577] {subprocess.py:85} INFO - Output:
[2023-02-05 17:54:32,579] {subprocess.py:92} INFO - Task_3
[2023-02-05 17:54:32,580] {subprocess.py:96} INFO - Command exited with return code 0
[2023-02-05 17:54:32,636] {taskinstance.py:1415} INFO - Marking task as SUCCESS. dag_id=orchestration, task_id=task_3, execution_date=20230201T000000, start_date=20230205T225430, end_date=20230205T225432
[2023-02-05 17:54:32,691] {local_task_job.py:156} INFO - Task exited with return code 0
[2023-02-05 17:54:32,734] {local_task_job.py:273} INFO - 0 downstream tasks scheduled from follow-on schedule check
