[2023-02-05 17:47:15,453] {taskinstance.py:1179} INFO - Dependencies all met for <TaskInstance: orchestration.task_5 scheduled__2023-01-09T00:00:00+00:00 [queued]>
[2023-02-05 17:47:15,463] {taskinstance.py:1179} INFO - Dependencies all met for <TaskInstance: orchestration.task_5 scheduled__2023-01-09T00:00:00+00:00 [queued]>
[2023-02-05 17:47:15,463] {taskinstance.py:1376} INFO - 
--------------------------------------------------------------------------------
[2023-02-05 17:47:15,463] {taskinstance.py:1377} INFO - Starting attempt 1 of 1
[2023-02-05 17:47:15,464] {taskinstance.py:1378} INFO - 
--------------------------------------------------------------------------------
[2023-02-05 17:47:15,486] {taskinstance.py:1397} INFO - Executing <Task(BashOperator): task_5> on 2023-01-09 00:00:00+00:00
[2023-02-05 17:47:15,489] {standard_task_runner.py:52} INFO - Started process 30040 to run task
[2023-02-05 17:47:15,495] {standard_task_runner.py:79} INFO - Running: ['airflow', 'tasks', 'run', 'orchestration', 'task_5', 'scheduled__2023-01-09T00:00:00+00:00', '--job-id', '90', '--raw', '--subdir', 'DAGS_FOLDER/5_orchestration_2.py', '--cfg-path', '/tmp/tmp2irastks', '--error-file', '/tmp/tmp1ek28kba']
[2023-02-05 17:47:15,496] {standard_task_runner.py:80} INFO - Job 90: Subtask task_5
[2023-02-05 17:47:15,576] {task_command.py:371} INFO - Running <TaskInstance: orchestration.task_5 scheduled__2023-01-09T00:00:00+00:00 [running]> on host pc.
[2023-02-05 17:47:15,679] {taskinstance.py:1589} INFO - Exporting the following env vars:
AIRFLOW_CTX_DAG_OWNER=airflow
AIRFLOW_CTX_DAG_ID=orchestration
AIRFLOW_CTX_TASK_ID=task_5
AIRFLOW_CTX_EXECUTION_DATE=2023-01-09T00:00:00+00:00
AIRFLOW_CTX_TRY_NUMBER=1
AIRFLOW_CTX_DAG_RUN_ID=scheduled__2023-01-09T00:00:00+00:00
[2023-02-05 17:47:15,680] {subprocess.py:62} INFO - Tmp dir root location: 
 /tmp
[2023-02-05 17:47:15,681] {subprocess.py:74} INFO - Running command: ['bash', '-c', "sleep 2 && echo 'Task_5'"]
[2023-02-05 17:47:15,691] {subprocess.py:85} INFO - Output:
[2023-02-05 17:47:17,694] {subprocess.py:92} INFO - Task_5
[2023-02-05 17:47:17,694] {subprocess.py:96} INFO - Command exited with return code 0
[2023-02-05 17:47:17,724] {taskinstance.py:1415} INFO - Marking task as SUCCESS. dag_id=orchestration, task_id=task_5, execution_date=20230109T000000, start_date=20230205T224715, end_date=20230205T224717
[2023-02-05 17:47:17,766] {local_task_job.py:156} INFO - Task exited with return code 0
[2023-02-05 17:47:17,792] {local_task_job.py:273} INFO - 0 downstream tasks scheduled from follow-on schedule check
[2023-02-05 17:58:00,285] {taskinstance.py:1179} INFO - Dependencies all met for <TaskInstance: orchestration.task_5 scheduled__2023-01-09T00:00:00+00:00 [queued]>
[2023-02-05 17:58:00,299] {taskinstance.py:1179} INFO - Dependencies all met for <TaskInstance: orchestration.task_5 scheduled__2023-01-09T00:00:00+00:00 [queued]>
[2023-02-05 17:58:00,299] {taskinstance.py:1376} INFO - 
--------------------------------------------------------------------------------
[2023-02-05 17:58:00,299] {taskinstance.py:1377} INFO - Starting attempt 1 of 1
[2023-02-05 17:58:00,299] {taskinstance.py:1378} INFO - 
--------------------------------------------------------------------------------
[2023-02-05 17:58:00,321] {taskinstance.py:1397} INFO - Executing <Task(BashOperator): task_5> on 2023-01-09 00:00:00+00:00
[2023-02-05 17:58:00,324] {standard_task_runner.py:52} INFO - Started process 30679 to run task
[2023-02-05 17:58:00,330] {standard_task_runner.py:79} INFO - Running: ['airflow', 'tasks', 'run', 'orchestration', 'task_5', 'scheduled__2023-01-09T00:00:00+00:00', '--job-id', '87', '--raw', '--subdir', 'DAGS_FOLDER/5_orchestration_2.py', '--cfg-path', '/tmp/tmp0e28nuxk', '--error-file', '/tmp/tmpl98rvn8a']
[2023-02-05 17:58:00,331] {standard_task_runner.py:80} INFO - Job 87: Subtask task_5
[2023-02-05 17:58:00,410] {task_command.py:371} INFO - Running <TaskInstance: orchestration.task_5 scheduled__2023-01-09T00:00:00+00:00 [running]> on host pc.
[2023-02-05 17:58:00,496] {taskinstance.py:1589} INFO - Exporting the following env vars:
AIRFLOW_CTX_DAG_OWNER=airflow
AIRFLOW_CTX_DAG_ID=orchestration
AIRFLOW_CTX_TASK_ID=task_5
AIRFLOW_CTX_EXECUTION_DATE=2023-01-09T00:00:00+00:00
AIRFLOW_CTX_TRY_NUMBER=1
AIRFLOW_CTX_DAG_RUN_ID=scheduled__2023-01-09T00:00:00+00:00
[2023-02-05 17:58:00,498] {subprocess.py:62} INFO - Tmp dir root location: 
 /tmp
[2023-02-05 17:58:00,498] {subprocess.py:74} INFO - Running command: ['bash', '-c', "sleep 1 && echo 'Task_5'"]
[2023-02-05 17:58:00,506] {subprocess.py:85} INFO - Output:
[2023-02-05 17:58:01,509] {subprocess.py:92} INFO - Task_5
[2023-02-05 17:58:01,509] {subprocess.py:96} INFO - Command exited with return code 0
[2023-02-05 17:58:01,541] {taskinstance.py:1415} INFO - Marking task as SUCCESS. dag_id=orchestration, task_id=task_5, execution_date=20230109T000000, start_date=20230205T225800, end_date=20230205T225801
[2023-02-05 17:58:01,585] {local_task_job.py:156} INFO - Task exited with return code 0
[2023-02-05 17:58:01,619] {local_task_job.py:273} INFO - 0 downstream tasks scheduled from follow-on schedule check
