[2023-02-08 02:05:35,391] {taskinstance.py:1179} INFO - Dependencies all met for <TaskInstance: 10_branching.start_15_june scheduled__2022-07-23T00:00:00+00:00 [queued]>
[2023-02-08 02:05:35,406] {taskinstance.py:1179} INFO - Dependencies all met for <TaskInstance: 10_branching.start_15_june scheduled__2022-07-23T00:00:00+00:00 [queued]>
[2023-02-08 02:05:35,406] {taskinstance.py:1376} INFO - 
--------------------------------------------------------------------------------
[2023-02-08 02:05:35,406] {taskinstance.py:1377} INFO - Starting attempt 1 of 1
[2023-02-08 02:05:35,406] {taskinstance.py:1378} INFO - 
--------------------------------------------------------------------------------
[2023-02-08 02:05:35,428] {taskinstance.py:1397} INFO - Executing <Task(BashOperator): start_15_june> on 2022-07-23 00:00:00+00:00
[2023-02-08 02:05:35,433] {standard_task_runner.py:52} INFO - Started process 56065 to run task
[2023-02-08 02:05:35,439] {standard_task_runner.py:79} INFO - Running: ['airflow', 'tasks', 'run', '10_branching', 'start_15_june', 'scheduled__2022-07-23T00:00:00+00:00', '--job-id', '1438', '--raw', '--subdir', 'DAGS_FOLDER/10_branchpythonoperator.py', '--cfg-path', '/tmp/tmpwb5s61or', '--error-file', '/tmp/tmpmirexqrd']
[2023-02-08 02:05:35,441] {standard_task_runner.py:80} INFO - Job 1438: Subtask start_15_june
[2023-02-08 02:05:35,538] {task_command.py:371} INFO - Running <TaskInstance: 10_branching.start_15_june scheduled__2022-07-23T00:00:00+00:00 [running]> on host pc.
[2023-02-08 02:05:35,638] {taskinstance.py:1589} INFO - Exporting the following env vars:
AIRFLOW_CTX_DAG_OWNER=airflow
AIRFLOW_CTX_DAG_ID=10_branching
AIRFLOW_CTX_TASK_ID=start_15_june
AIRFLOW_CTX_EXECUTION_DATE=2022-07-23T00:00:00+00:00
AIRFLOW_CTX_TRY_NUMBER=1
AIRFLOW_CTX_DAG_RUN_ID=scheduled__2022-07-23T00:00:00+00:00
[2023-02-08 02:05:35,640] {subprocess.py:62} INFO - Tmp dir root location: 
 /tmp
[2023-02-08 02:05:35,640] {subprocess.py:74} INFO - Running command: ['bash', '-c', "echo 'Running 2022-07-23'"]
[2023-02-08 02:05:35,650] {subprocess.py:85} INFO - Output:
[2023-02-08 02:05:35,652] {subprocess.py:92} INFO - Running 2022-07-23
[2023-02-08 02:05:35,652] {subprocess.py:96} INFO - Command exited with return code 0
[2023-02-08 02:05:35,707] {taskinstance.py:1415} INFO - Marking task as SUCCESS. dag_id=10_branching, task_id=start_15_june, execution_date=20220723T000000, start_date=20230208T070535, end_date=20230208T070535
[2023-02-08 02:05:35,730] {local_task_job.py:156} INFO - Task exited with return code 0
[2023-02-08 02:05:35,760] {local_task_job.py:273} INFO - 0 downstream tasks scheduled from follow-on schedule check
