[2023-02-05 17:52:07,257] {taskinstance.py:1179} INFO - Dependencies all met for <TaskInstance: orchestration.task_3 scheduled__2023-01-26T00:00:00+00:00 [queued]>
[2023-02-05 17:52:07,267] {taskinstance.py:1179} INFO - Dependencies all met for <TaskInstance: orchestration.task_3 scheduled__2023-01-26T00:00:00+00:00 [queued]>
[2023-02-05 17:52:07,267] {taskinstance.py:1376} INFO - 
--------------------------------------------------------------------------------
[2023-02-05 17:52:07,267] {taskinstance.py:1377} INFO - Starting attempt 1 of 1
[2023-02-05 17:52:07,267] {taskinstance.py:1378} INFO - 
--------------------------------------------------------------------------------
[2023-02-05 17:52:07,291] {taskinstance.py:1397} INFO - Executing <Task(BashOperator): task_3> on 2023-01-26 00:00:00+00:00
[2023-02-05 17:52:07,294] {standard_task_runner.py:52} INFO - Started process 30339 to run task
[2023-02-05 17:52:07,299] {standard_task_runner.py:79} INFO - Running: ['airflow', 'tasks', 'run', 'orchestration', 'task_3', 'scheduled__2023-01-26T00:00:00+00:00', '--job-id', '152', '--raw', '--subdir', 'DAGS_FOLDER/5_orchestration_2.py', '--cfg-path', '/tmp/tmpqhm_oqt7', '--error-file', '/tmp/tmpzql3fqul']
[2023-02-05 17:52:07,300] {standard_task_runner.py:80} INFO - Job 152: Subtask task_3
[2023-02-05 17:52:07,380] {task_command.py:371} INFO - Running <TaskInstance: orchestration.task_3 scheduled__2023-01-26T00:00:00+00:00 [running]> on host pc.
[2023-02-05 17:52:07,474] {taskinstance.py:1589} INFO - Exporting the following env vars:
AIRFLOW_CTX_DAG_OWNER=airflow
AIRFLOW_CTX_DAG_ID=orchestration
AIRFLOW_CTX_TASK_ID=task_3
AIRFLOW_CTX_EXECUTION_DATE=2023-01-26T00:00:00+00:00
AIRFLOW_CTX_TRY_NUMBER=1
AIRFLOW_CTX_DAG_RUN_ID=scheduled__2023-01-26T00:00:00+00:00
[2023-02-05 17:52:07,475] {subprocess.py:62} INFO - Tmp dir root location: 
 /tmp
[2023-02-05 17:52:07,475] {subprocess.py:74} INFO - Running command: ['bash', '-c', "sleep 2 && echo 'Task_3'"]
[2023-02-05 17:52:07,483] {subprocess.py:85} INFO - Output:
[2023-02-05 17:52:09,486] {subprocess.py:92} INFO - Task_3
[2023-02-05 17:52:09,486] {subprocess.py:96} INFO - Command exited with return code 0
[2023-02-05 17:52:11,362] {taskinstance.py:1415} INFO - Marking task as SUCCESS. dag_id=orchestration, task_id=task_3, execution_date=20230126T000000, start_date=20230205T225207, end_date=20230205T225211
[2023-02-05 17:52:11,408] {local_task_job.py:156} INFO - Task exited with return code 0
[2023-02-05 17:52:11,464] {local_task_job.py:273} INFO - 0 downstream tasks scheduled from follow-on schedule check
