[2023-02-07 19:37:41,957] {taskinstance.py:1179} INFO - Dependencies all met for <TaskInstance: 07.1_external_dag.external_task_1 scheduled__2023-01-25T00:00:00+00:00 [queued]>
[2023-02-07 19:37:41,973] {taskinstance.py:1179} INFO - Dependencies all met for <TaskInstance: 07.1_external_dag.external_task_1 scheduled__2023-01-25T00:00:00+00:00 [queued]>
[2023-02-07 19:37:41,973] {taskinstance.py:1376} INFO - 
--------------------------------------------------------------------------------
[2023-02-07 19:37:41,973] {taskinstance.py:1377} INFO - Starting attempt 1 of 1
[2023-02-07 19:37:41,973] {taskinstance.py:1378} INFO - 
--------------------------------------------------------------------------------
[2023-02-07 19:37:42,000] {taskinstance.py:1397} INFO - Executing <Task(BashOperator): external_task_1> on 2023-01-25 00:00:00+00:00
[2023-02-07 19:37:42,004] {standard_task_runner.py:52} INFO - Started process 42509 to run task
[2023-02-07 19:37:42,010] {standard_task_runner.py:79} INFO - Running: ['airflow', 'tasks', 'run', '07.1_external_dag', 'external_task_1', 'scheduled__2023-01-25T00:00:00+00:00', '--job-id', '669', '--raw', '--subdir', 'DAGS_FOLDER/07.1_external_task.py', '--cfg-path', '/tmp/tmp5akpnlui', '--error-file', '/tmp/tmp0mnkxz76']
[2023-02-07 19:37:42,012] {standard_task_runner.py:80} INFO - Job 669: Subtask external_task_1
[2023-02-07 19:37:42,108] {task_command.py:371} INFO - Running <TaskInstance: 07.1_external_dag.external_task_1 scheduled__2023-01-25T00:00:00+00:00 [running]> on host pc.
[2023-02-07 19:37:42,225] {taskinstance.py:1589} INFO - Exporting the following env vars:
AIRFLOW_CTX_DAG_OWNER=airflow
AIRFLOW_CTX_DAG_ID=07.1_external_dag
AIRFLOW_CTX_TASK_ID=external_task_1
AIRFLOW_CTX_EXECUTION_DATE=2023-01-25T00:00:00+00:00
AIRFLOW_CTX_TRY_NUMBER=1
AIRFLOW_CTX_DAG_RUN_ID=scheduled__2023-01-25T00:00:00+00:00
[2023-02-07 19:37:42,227] {subprocess.py:62} INFO - Tmp dir root location: 
 /tmp
[2023-02-07 19:37:42,227] {subprocess.py:74} INFO - Running command: ['bash', '-c', "sleep 10 && echo 'external task executed!'"]
[2023-02-07 19:37:42,238] {subprocess.py:85} INFO - Output:
[2023-02-07 19:37:52,241] {subprocess.py:92} INFO - external task executed!
[2023-02-07 19:37:52,241] {subprocess.py:96} INFO - Command exited with return code 0
[2023-02-07 19:37:52,272] {taskinstance.py:1415} INFO - Marking task as SUCCESS. dag_id=07.1_external_dag, task_id=external_task_1, execution_date=20230125T000000, start_date=20230208T003741, end_date=20230208T003752
[2023-02-07 19:37:52,297] {local_task_job.py:156} INFO - Task exited with return code 0
[2023-02-07 19:37:52,318] {local_task_job.py:273} INFO - 0 downstream tasks scheduled from follow-on schedule check
