[2023-02-08 00:45:06,315] {taskinstance.py:1179} INFO - Dependencies all met for <TaskInstance: 09_Xcoms.task_2_pull scheduled__2023-01-16T00:00:00+00:00 [queued]>
[2023-02-08 00:45:06,329] {taskinstance.py:1179} INFO - Dependencies all met for <TaskInstance: 09_Xcoms.task_2_pull scheduled__2023-01-16T00:00:00+00:00 [queued]>
[2023-02-08 00:45:06,329] {taskinstance.py:1376} INFO - 
--------------------------------------------------------------------------------
[2023-02-08 00:45:06,330] {taskinstance.py:1377} INFO - Starting attempt 1 of 1
[2023-02-08 00:45:06,330] {taskinstance.py:1378} INFO - 
--------------------------------------------------------------------------------
[2023-02-08 00:45:06,352] {taskinstance.py:1397} INFO - Executing <Task(BashOperator): task_2_pull> on 2023-01-16 00:00:00+00:00
[2023-02-08 00:45:06,356] {standard_task_runner.py:52} INFO - Started process 53133 to run task
[2023-02-08 00:45:06,362] {standard_task_runner.py:79} INFO - Running: ['airflow', 'tasks', 'run', '09_Xcoms', 'task_2_pull', 'scheduled__2023-01-16T00:00:00+00:00', '--job-id', '1325', '--raw', '--subdir', 'DAGS_FOLDER/09_xcoms.py', '--cfg-path', '/tmp/tmprtzbgrg4', '--error-file', '/tmp/tmpb2_c3oxj']
[2023-02-08 00:45:06,364] {standard_task_runner.py:80} INFO - Job 1325: Subtask task_2_pull
[2023-02-08 00:45:06,457] {task_command.py:371} INFO - Running <TaskInstance: 09_Xcoms.task_2_pull scheduled__2023-01-16T00:00:00+00:00 [running]> on host pc.
[2023-02-08 00:45:06,574] {taskinstance.py:1589} INFO - Exporting the following env vars:
AIRFLOW_CTX_DAG_OWNER=airflow
AIRFLOW_CTX_DAG_ID=09_Xcoms
AIRFLOW_CTX_TASK_ID=task_2_pull
AIRFLOW_CTX_EXECUTION_DATE=2023-01-16T00:00:00+00:00
AIRFLOW_CTX_TRY_NUMBER=1
AIRFLOW_CTX_DAG_RUN_ID=scheduled__2023-01-16T00:00:00+00:00
[2023-02-08 00:45:06,576] {subprocess.py:62} INFO - Tmp dir root location: 
 /tmp
[2023-02-08 00:45:06,576] {subprocess.py:74} INFO - Running command: ['bash', '-c', 'sleep 3 && echo 15']
[2023-02-08 00:45:06,585] {subprocess.py:85} INFO - Output:
[2023-02-08 00:45:09,588] {subprocess.py:92} INFO - 15
[2023-02-08 00:45:09,589] {subprocess.py:96} INFO - Command exited with return code 0
[2023-02-08 00:45:09,618] {taskinstance.py:1415} INFO - Marking task as SUCCESS. dag_id=09_Xcoms, task_id=task_2_pull, execution_date=20230116T000000, start_date=20230208T054506, end_date=20230208T054509
[2023-02-08 00:45:09,670] {local_task_job.py:156} INFO - Task exited with return code 0
[2023-02-08 00:45:09,712] {local_task_job.py:273} INFO - 1 downstream tasks scheduled from follow-on schedule check
