[2023-02-05 17:47:11,244] {taskinstance.py:1179} INFO - Dependencies all met for <TaskInstance: orchestration.task_4 scheduled__2023-01-10T00:00:00+00:00 [queued]>
[2023-02-05 17:47:11,255] {taskinstance.py:1179} INFO - Dependencies all met for <TaskInstance: orchestration.task_4 scheduled__2023-01-10T00:00:00+00:00 [queued]>
[2023-02-05 17:47:11,255] {taskinstance.py:1376} INFO - 
--------------------------------------------------------------------------------
[2023-02-05 17:47:11,255] {taskinstance.py:1377} INFO - Starting attempt 1 of 1
[2023-02-05 17:47:11,255] {taskinstance.py:1378} INFO - 
--------------------------------------------------------------------------------
[2023-02-05 17:47:11,277] {taskinstance.py:1397} INFO - Executing <Task(BashOperator): task_4> on 2023-01-10 00:00:00+00:00
[2023-02-05 17:47:11,280] {standard_task_runner.py:52} INFO - Started process 30036 to run task
[2023-02-05 17:47:11,286] {standard_task_runner.py:79} INFO - Running: ['airflow', 'tasks', 'run', 'orchestration', 'task_4', 'scheduled__2023-01-10T00:00:00+00:00', '--job-id', '89', '--raw', '--subdir', 'DAGS_FOLDER/5_orchestration_2.py', '--cfg-path', '/tmp/tmp98drt0_g', '--error-file', '/tmp/tmp15jli4bh']
[2023-02-05 17:47:11,287] {standard_task_runner.py:80} INFO - Job 89: Subtask task_4
[2023-02-05 17:47:11,366] {task_command.py:371} INFO - Running <TaskInstance: orchestration.task_4 scheduled__2023-01-10T00:00:00+00:00 [running]> on host pc.
[2023-02-05 17:47:11,454] {taskinstance.py:1589} INFO - Exporting the following env vars:
AIRFLOW_CTX_DAG_OWNER=airflow
AIRFLOW_CTX_DAG_ID=orchestration
AIRFLOW_CTX_TASK_ID=task_4
AIRFLOW_CTX_EXECUTION_DATE=2023-01-10T00:00:00+00:00
AIRFLOW_CTX_TRY_NUMBER=1
AIRFLOW_CTX_DAG_RUN_ID=scheduled__2023-01-10T00:00:00+00:00
[2023-02-05 17:47:11,455] {subprocess.py:62} INFO - Tmp dir root location: 
 /tmp
[2023-02-05 17:47:11,456] {subprocess.py:74} INFO - Running command: ['bash', '-c', "sleep 2 && echo 'Task_4'"]
[2023-02-05 17:47:11,463] {subprocess.py:85} INFO - Output:
[2023-02-05 17:47:13,466] {subprocess.py:92} INFO - Task_4
[2023-02-05 17:47:13,466] {subprocess.py:96} INFO - Command exited with return code 0
[2023-02-05 17:47:13,497] {taskinstance.py:1415} INFO - Marking task as SUCCESS. dag_id=orchestration, task_id=task_4, execution_date=20230110T000000, start_date=20230205T224711, end_date=20230205T224713
[2023-02-05 17:47:13,546] {local_task_job.py:156} INFO - Task exited with return code 0
[2023-02-05 17:47:13,588] {local_task_job.py:273} INFO - 1 downstream tasks scheduled from follow-on schedule check
[2023-02-05 17:58:11,370] {taskinstance.py:1179} INFO - Dependencies all met for <TaskInstance: orchestration.task_4 scheduled__2023-01-10T00:00:00+00:00 [queued]>
[2023-02-05 17:58:11,384] {taskinstance.py:1179} INFO - Dependencies all met for <TaskInstance: orchestration.task_4 scheduled__2023-01-10T00:00:00+00:00 [queued]>
[2023-02-05 17:58:11,384] {taskinstance.py:1376} INFO - 
--------------------------------------------------------------------------------
[2023-02-05 17:58:11,384] {taskinstance.py:1377} INFO - Starting attempt 1 of 1
[2023-02-05 17:58:11,384] {taskinstance.py:1378} INFO - 
--------------------------------------------------------------------------------
[2023-02-05 17:58:11,407] {taskinstance.py:1397} INFO - Executing <Task(BashOperator): task_4> on 2023-01-10 00:00:00+00:00
[2023-02-05 17:58:11,410] {standard_task_runner.py:52} INFO - Started process 30692 to run task
[2023-02-05 17:58:11,415] {standard_task_runner.py:79} INFO - Running: ['airflow', 'tasks', 'run', 'orchestration', 'task_4', 'scheduled__2023-01-10T00:00:00+00:00', '--job-id', '90', '--raw', '--subdir', 'DAGS_FOLDER/5_orchestration_2.py', '--cfg-path', '/tmp/tmp11od21kb', '--error-file', '/tmp/tmp5f5hop41']
[2023-02-05 17:58:11,417] {standard_task_runner.py:80} INFO - Job 90: Subtask task_4
[2023-02-05 17:58:11,499] {task_command.py:371} INFO - Running <TaskInstance: orchestration.task_4 scheduled__2023-01-10T00:00:00+00:00 [running]> on host pc.
[2023-02-05 17:58:11,590] {taskinstance.py:1589} INFO - Exporting the following env vars:
AIRFLOW_CTX_DAG_OWNER=airflow
AIRFLOW_CTX_DAG_ID=orchestration
AIRFLOW_CTX_TASK_ID=task_4
AIRFLOW_CTX_EXECUTION_DATE=2023-01-10T00:00:00+00:00
AIRFLOW_CTX_TRY_NUMBER=1
AIRFLOW_CTX_DAG_RUN_ID=scheduled__2023-01-10T00:00:00+00:00
[2023-02-05 17:58:11,591] {subprocess.py:62} INFO - Tmp dir root location: 
 /tmp
[2023-02-05 17:58:11,592] {subprocess.py:74} INFO - Running command: ['bash', '-c', "sleep 1 && echo 'Task_4'"]
[2023-02-05 17:58:11,599] {subprocess.py:85} INFO - Output:
[2023-02-05 17:58:12,602] {subprocess.py:92} INFO - Task_4
[2023-02-05 17:58:12,602] {subprocess.py:96} INFO - Command exited with return code 0
[2023-02-05 17:58:12,632] {taskinstance.py:1415} INFO - Marking task as SUCCESS. dag_id=orchestration, task_id=task_4, execution_date=20230110T000000, start_date=20230205T225811, end_date=20230205T225812
[2023-02-05 17:58:12,671] {local_task_job.py:156} INFO - Task exited with return code 0
[2023-02-05 17:58:12,717] {local_task_job.py:273} INFO - 1 downstream tasks scheduled from follow-on schedule check
