[2023-02-05 17:46:37,349] {taskinstance.py:1179} INFO - Dependencies all met for <TaskInstance: orchestration.task_3 scheduled__2023-01-08T00:00:00+00:00 [queued]>
[2023-02-05 17:46:37,359] {taskinstance.py:1179} INFO - Dependencies all met for <TaskInstance: orchestration.task_3 scheduled__2023-01-08T00:00:00+00:00 [queued]>
[2023-02-05 17:46:37,359] {taskinstance.py:1376} INFO - 
--------------------------------------------------------------------------------
[2023-02-05 17:46:37,359] {taskinstance.py:1377} INFO - Starting attempt 1 of 1
[2023-02-05 17:46:37,359] {taskinstance.py:1378} INFO - 
--------------------------------------------------------------------------------
[2023-02-05 17:46:37,381] {taskinstance.py:1397} INFO - Executing <Task(BashOperator): task_3> on 2023-01-08 00:00:00+00:00
[2023-02-05 17:46:37,384] {standard_task_runner.py:52} INFO - Started process 30000 to run task
[2023-02-05 17:46:37,389] {standard_task_runner.py:79} INFO - Running: ['airflow', 'tasks', 'run', 'orchestration', 'task_3', 'scheduled__2023-01-08T00:00:00+00:00', '--job-id', '81', '--raw', '--subdir', 'DAGS_FOLDER/5_orchestration_2.py', '--cfg-path', '/tmp/tmpenfk3sg8', '--error-file', '/tmp/tmpdkfu5ix4']
[2023-02-05 17:46:37,390] {standard_task_runner.py:80} INFO - Job 81: Subtask task_3
[2023-02-05 17:46:37,468] {task_command.py:371} INFO - Running <TaskInstance: orchestration.task_3 scheduled__2023-01-08T00:00:00+00:00 [running]> on host pc.
[2023-02-05 17:46:37,558] {taskinstance.py:1589} INFO - Exporting the following env vars:
AIRFLOW_CTX_DAG_OWNER=airflow
AIRFLOW_CTX_DAG_ID=orchestration
AIRFLOW_CTX_TASK_ID=task_3
AIRFLOW_CTX_EXECUTION_DATE=2023-01-08T00:00:00+00:00
AIRFLOW_CTX_TRY_NUMBER=1
AIRFLOW_CTX_DAG_RUN_ID=scheduled__2023-01-08T00:00:00+00:00
[2023-02-05 17:46:37,560] {subprocess.py:62} INFO - Tmp dir root location: 
 /tmp
[2023-02-05 17:46:37,560] {subprocess.py:74} INFO - Running command: ['bash', '-c', "sleep 2 && echo 'Task_3'"]
[2023-02-05 17:46:37,568] {subprocess.py:85} INFO - Output:
[2023-02-05 17:46:39,570] {subprocess.py:92} INFO - Task_3
[2023-02-05 17:46:39,571] {subprocess.py:96} INFO - Command exited with return code 0
[2023-02-05 17:46:39,608] {taskinstance.py:1415} INFO - Marking task as SUCCESS. dag_id=orchestration, task_id=task_3, execution_date=20230108T000000, start_date=20230205T224637, end_date=20230205T224639
[2023-02-05 17:46:39,648] {local_task_job.py:156} INFO - Task exited with return code 0
[2023-02-05 17:46:39,686] {local_task_job.py:273} INFO - 0 downstream tasks scheduled from follow-on schedule check
[2023-02-05 17:57:33,067] {taskinstance.py:1179} INFO - Dependencies all met for <TaskInstance: orchestration.task_3 scheduled__2023-01-08T00:00:00+00:00 [queued]>
[2023-02-05 17:57:33,080] {taskinstance.py:1179} INFO - Dependencies all met for <TaskInstance: orchestration.task_3 scheduled__2023-01-08T00:00:00+00:00 [queued]>
[2023-02-05 17:57:33,081] {taskinstance.py:1376} INFO - 
--------------------------------------------------------------------------------
[2023-02-05 17:57:33,081] {taskinstance.py:1377} INFO - Starting attempt 1 of 1
[2023-02-05 17:57:33,081] {taskinstance.py:1378} INFO - 
--------------------------------------------------------------------------------
[2023-02-05 17:57:33,104] {taskinstance.py:1397} INFO - Executing <Task(BashOperator): task_3> on 2023-01-08 00:00:00+00:00
[2023-02-05 17:57:33,107] {standard_task_runner.py:52} INFO - Started process 30649 to run task
[2023-02-05 17:57:33,113] {standard_task_runner.py:79} INFO - Running: ['airflow', 'tasks', 'run', 'orchestration', 'task_3', 'scheduled__2023-01-08T00:00:00+00:00', '--job-id', '81', '--raw', '--subdir', 'DAGS_FOLDER/5_orchestration_2.py', '--cfg-path', '/tmp/tmpgfyngcwm', '--error-file', '/tmp/tmp8xvjdgbt']
[2023-02-05 17:57:33,114] {standard_task_runner.py:80} INFO - Job 81: Subtask task_3
[2023-02-05 17:57:33,196] {task_command.py:371} INFO - Running <TaskInstance: orchestration.task_3 scheduled__2023-01-08T00:00:00+00:00 [running]> on host pc.
[2023-02-05 17:57:33,283] {taskinstance.py:1589} INFO - Exporting the following env vars:
AIRFLOW_CTX_DAG_OWNER=airflow
AIRFLOW_CTX_DAG_ID=orchestration
AIRFLOW_CTX_TASK_ID=task_3
AIRFLOW_CTX_EXECUTION_DATE=2023-01-08T00:00:00+00:00
AIRFLOW_CTX_TRY_NUMBER=1
AIRFLOW_CTX_DAG_RUN_ID=scheduled__2023-01-08T00:00:00+00:00
[2023-02-05 17:57:33,285] {subprocess.py:62} INFO - Tmp dir root location: 
 /tmp
[2023-02-05 17:57:33,286] {subprocess.py:74} INFO - Running command: ['bash', '-c', "sleep 1 && echo 'Task_3'"]
[2023-02-05 17:57:33,293] {subprocess.py:85} INFO - Output:
[2023-02-05 17:57:34,296] {subprocess.py:92} INFO - Task_3
[2023-02-05 17:57:34,296] {subprocess.py:96} INFO - Command exited with return code 0
[2023-02-05 17:57:34,325] {taskinstance.py:1415} INFO - Marking task as SUCCESS. dag_id=orchestration, task_id=task_3, execution_date=20230108T000000, start_date=20230205T225733, end_date=20230205T225734
[2023-02-05 17:57:34,368] {local_task_job.py:156} INFO - Task exited with return code 0
[2023-02-05 17:57:34,412] {local_task_job.py:273} INFO - 0 downstream tasks scheduled from follow-on schedule check
