[2023-02-05 17:48:47,545] {taskinstance.py:1179} INFO - Dependencies all met for <TaskInstance: orchestration.task_4 scheduled__2023-01-15T00:00:00+00:00 [queued]>
[2023-02-05 17:48:47,562] {taskinstance.py:1179} INFO - Dependencies all met for <TaskInstance: orchestration.task_4 scheduled__2023-01-15T00:00:00+00:00 [queued]>
[2023-02-05 17:48:47,563] {taskinstance.py:1376} INFO - 
--------------------------------------------------------------------------------
[2023-02-05 17:48:47,563] {taskinstance.py:1377} INFO - Starting attempt 1 of 1
[2023-02-05 17:48:47,563] {taskinstance.py:1378} INFO - 
--------------------------------------------------------------------------------
[2023-02-05 17:48:47,603] {taskinstance.py:1397} INFO - Executing <Task(BashOperator): task_4> on 2023-01-15 00:00:00+00:00
[2023-02-05 17:48:47,607] {standard_task_runner.py:52} INFO - Started process 30144 to run task
[2023-02-05 17:48:47,612] {standard_task_runner.py:79} INFO - Running: ['airflow', 'tasks', 'run', 'orchestration', 'task_4', 'scheduled__2023-01-15T00:00:00+00:00', '--job-id', '111', '--raw', '--subdir', 'DAGS_FOLDER/5_orchestration_2.py', '--cfg-path', '/tmp/tmpwoviiit3', '--error-file', '/tmp/tmplxxrkmet']
[2023-02-05 17:48:47,614] {standard_task_runner.py:80} INFO - Job 111: Subtask task_4
[2023-02-05 17:48:47,691] {task_command.py:371} INFO - Running <TaskInstance: orchestration.task_4 scheduled__2023-01-15T00:00:00+00:00 [running]> on host pc.
[2023-02-05 17:48:47,789] {taskinstance.py:1589} INFO - Exporting the following env vars:
AIRFLOW_CTX_DAG_OWNER=airflow
AIRFLOW_CTX_DAG_ID=orchestration
AIRFLOW_CTX_TASK_ID=task_4
AIRFLOW_CTX_EXECUTION_DATE=2023-01-15T00:00:00+00:00
AIRFLOW_CTX_TRY_NUMBER=1
AIRFLOW_CTX_DAG_RUN_ID=scheduled__2023-01-15T00:00:00+00:00
[2023-02-05 17:48:47,790] {subprocess.py:62} INFO - Tmp dir root location: 
 /tmp
[2023-02-05 17:48:47,791] {subprocess.py:74} INFO - Running command: ['bash', '-c', "sleep 2 && echo 'Task_4'"]
[2023-02-05 17:48:47,799] {subprocess.py:85} INFO - Output:
[2023-02-05 17:48:49,802] {subprocess.py:92} INFO - Task_4
[2023-02-05 17:48:49,802] {subprocess.py:96} INFO - Command exited with return code 0
[2023-02-05 17:48:49,832] {taskinstance.py:1415} INFO - Marking task as SUCCESS. dag_id=orchestration, task_id=task_4, execution_date=20230115T000000, start_date=20230205T224847, end_date=20230205T224849
[2023-02-05 17:48:49,874] {local_task_job.py:156} INFO - Task exited with return code 0
[2023-02-05 17:48:49,918] {local_task_job.py:273} INFO - 1 downstream tasks scheduled from follow-on schedule check
[2023-02-05 17:59:22,749] {taskinstance.py:1179} INFO - Dependencies all met for <TaskInstance: orchestration.task_4 scheduled__2023-01-15T00:00:00+00:00 [queued]>
[2023-02-05 17:59:22,762] {taskinstance.py:1179} INFO - Dependencies all met for <TaskInstance: orchestration.task_4 scheduled__2023-01-15T00:00:00+00:00 [queued]>
[2023-02-05 17:59:22,763] {taskinstance.py:1376} INFO - 
--------------------------------------------------------------------------------
[2023-02-05 17:59:22,763] {taskinstance.py:1377} INFO - Starting attempt 1 of 1
[2023-02-05 17:59:22,763] {taskinstance.py:1378} INFO - 
--------------------------------------------------------------------------------
[2023-02-05 17:59:22,783] {taskinstance.py:1397} INFO - Executing <Task(BashOperator): task_4> on 2023-01-15 00:00:00+00:00
[2023-02-05 17:59:22,786] {standard_task_runner.py:52} INFO - Started process 30789 to run task
[2023-02-05 17:59:22,792] {standard_task_runner.py:79} INFO - Running: ['airflow', 'tasks', 'run', 'orchestration', 'task_4', 'scheduled__2023-01-15T00:00:00+00:00', '--job-id', '110', '--raw', '--subdir', 'DAGS_FOLDER/5_orchestration_2.py', '--cfg-path', '/tmp/tmp99lt9a7c', '--error-file', '/tmp/tmp7lj7_u9q']
[2023-02-05 17:59:22,794] {standard_task_runner.py:80} INFO - Job 110: Subtask task_4
[2023-02-05 17:59:22,869] {task_command.py:371} INFO - Running <TaskInstance: orchestration.task_4 scheduled__2023-01-15T00:00:00+00:00 [running]> on host pc.
[2023-02-05 17:59:22,952] {taskinstance.py:1589} INFO - Exporting the following env vars:
AIRFLOW_CTX_DAG_OWNER=airflow
AIRFLOW_CTX_DAG_ID=orchestration
AIRFLOW_CTX_TASK_ID=task_4
AIRFLOW_CTX_EXECUTION_DATE=2023-01-15T00:00:00+00:00
AIRFLOW_CTX_TRY_NUMBER=1
AIRFLOW_CTX_DAG_RUN_ID=scheduled__2023-01-15T00:00:00+00:00
[2023-02-05 17:59:22,954] {subprocess.py:62} INFO - Tmp dir root location: 
 /tmp
[2023-02-05 17:59:22,954] {subprocess.py:74} INFO - Running command: ['bash', '-c', "sleep 1 && echo 'Task_4'"]
[2023-02-05 17:59:22,963] {subprocess.py:85} INFO - Output:
[2023-02-05 17:59:23,964] {subprocess.py:92} INFO - Task_4
[2023-02-05 17:59:23,965] {subprocess.py:96} INFO - Command exited with return code 0
[2023-02-05 17:59:23,993] {taskinstance.py:1415} INFO - Marking task as SUCCESS. dag_id=orchestration, task_id=task_4, execution_date=20230115T000000, start_date=20230205T225922, end_date=20230205T225923
[2023-02-05 17:59:24,047] {local_task_job.py:156} INFO - Task exited with return code 0
[2023-02-05 17:59:24,095] {local_task_job.py:273} INFO - 1 downstream tasks scheduled from follow-on schedule check
