[2023-02-05 21:42:40,269] {taskinstance.py:1179} INFO - Dependencies all met for <TaskInstance: 06_monitoring.task_4 scheduled__2022-11-12T00:00:00+00:00 [queued]>
[2023-02-05 21:42:40,280] {taskinstance.py:1179} INFO - Dependencies all met for <TaskInstance: 06_monitoring.task_4 scheduled__2022-11-12T00:00:00+00:00 [queued]>
[2023-02-05 21:42:40,280] {taskinstance.py:1376} INFO - 
--------------------------------------------------------------------------------
[2023-02-05 21:42:40,280] {taskinstance.py:1377} INFO - Starting attempt 1 of 1
[2023-02-05 21:42:40,281] {taskinstance.py:1378} INFO - 
--------------------------------------------------------------------------------
[2023-02-05 21:42:40,302] {taskinstance.py:1397} INFO - Executing <Task(PythonOperator): task_4> on 2022-11-12 00:00:00+00:00
[2023-02-05 21:42:40,305] {standard_task_runner.py:52} INFO - Started process 36541 to run task
[2023-02-05 21:42:40,310] {standard_task_runner.py:79} INFO - Running: ['airflow', 'tasks', 'run', '06_monitoring', 'task_4', 'scheduled__2022-11-12T00:00:00+00:00', '--job-id', '197', '--raw', '--subdir', 'DAGS_FOLDER/06_monitoring.py', '--cfg-path', '/tmp/tmphx8681sa', '--error-file', '/tmp/tmpycklb_me']
[2023-02-05 21:42:40,312] {standard_task_runner.py:80} INFO - Job 197: Subtask task_4
[2023-02-05 21:42:40,393] {task_command.py:371} INFO - Running <TaskInstance: 06_monitoring.task_4 scheduled__2022-11-12T00:00:00+00:00 [running]> on host pc.
[2023-02-05 21:42:40,492] {taskinstance.py:1589} INFO - Exporting the following env vars:
AIRFLOW_CTX_DAG_OWNER=airflow
AIRFLOW_CTX_DAG_ID=06_monitoring
AIRFLOW_CTX_TASK_ID=task_4
AIRFLOW_CTX_EXECUTION_DATE=2022-11-12T00:00:00+00:00
AIRFLOW_CTX_TRY_NUMBER=1
AIRFLOW_CTX_DAG_RUN_ID=scheduled__2022-11-12T00:00:00+00:00
[2023-02-05 21:42:40,494] {python.py:173} INFO - Done. Returned value was: None
[2023-02-05 21:42:40,504] {taskinstance.py:1415} INFO - Marking task as SUCCESS. dag_id=06_monitoring, task_id=task_4, execution_date=20221112T000000, start_date=20230206T024240, end_date=20230206T024240
[2023-02-05 21:42:40,562] {local_task_job.py:156} INFO - Task exited with return code 0
[2023-02-05 21:42:40,600] {local_task_job.py:273} INFO - 1 downstream tasks scheduled from follow-on schedule check
