[2023-02-05 21:41:28,720] {taskinstance.py:1179} INFO - Dependencies all met for <TaskInstance: 06_monitoring.task_3 scheduled__2022-11-04T00:00:00+00:00 [queued]>
[2023-02-05 21:41:28,732] {taskinstance.py:1179} INFO - Dependencies all met for <TaskInstance: 06_monitoring.task_3 scheduled__2022-11-04T00:00:00+00:00 [queued]>
[2023-02-05 21:41:28,732] {taskinstance.py:1376} INFO - 
--------------------------------------------------------------------------------
[2023-02-05 21:41:28,732] {taskinstance.py:1377} INFO - Starting attempt 1 of 1
[2023-02-05 21:41:28,733] {taskinstance.py:1378} INFO - 
--------------------------------------------------------------------------------
[2023-02-05 21:41:28,755] {taskinstance.py:1397} INFO - Executing <Task(BashOperator): task_3> on 2022-11-04 00:00:00+00:00
[2023-02-05 21:41:28,759] {standard_task_runner.py:52} INFO - Started process 36467 to run task
[2023-02-05 21:41:28,767] {standard_task_runner.py:79} INFO - Running: ['airflow', 'tasks', 'run', '06_monitoring', 'task_3', 'scheduled__2022-11-04T00:00:00+00:00', '--job-id', '175', '--raw', '--subdir', 'DAGS_FOLDER/06_monitoring.py', '--cfg-path', '/tmp/tmp3k6t2mzo', '--error-file', '/tmp/tmpdopxdylz']
[2023-02-05 21:41:28,768] {standard_task_runner.py:80} INFO - Job 175: Subtask task_3
[2023-02-05 21:41:28,851] {task_command.py:371} INFO - Running <TaskInstance: 06_monitoring.task_3 scheduled__2022-11-04T00:00:00+00:00 [running]> on host pc.
[2023-02-05 21:41:28,937] {taskinstance.py:1589} INFO - Exporting the following env vars:
AIRFLOW_CTX_DAG_OWNER=airflow
AIRFLOW_CTX_DAG_ID=06_monitoring
AIRFLOW_CTX_TASK_ID=task_3
AIRFLOW_CTX_EXECUTION_DATE=2022-11-04T00:00:00+00:00
AIRFLOW_CTX_TRY_NUMBER=1
AIRFLOW_CTX_DAG_RUN_ID=scheduled__2022-11-04T00:00:00+00:00
[2023-02-05 21:41:28,938] {subprocess.py:62} INFO - Tmp dir root location: 
 /tmp
[2023-02-05 21:41:28,939] {subprocess.py:74} INFO - Running command: ['bash', '-c', "sleep 2 && echo 'Third task!'"]
[2023-02-05 21:41:28,947] {subprocess.py:85} INFO - Output:
[2023-02-05 21:41:30,950] {subprocess.py:92} INFO - Third task!
[2023-02-05 21:41:30,950] {subprocess.py:96} INFO - Command exited with return code 0
[2023-02-05 21:41:30,979] {taskinstance.py:1415} INFO - Marking task as SUCCESS. dag_id=06_monitoring, task_id=task_3, execution_date=20221104T000000, start_date=20230206T024128, end_date=20230206T024130
[2023-02-05 21:41:31,024] {local_task_job.py:156} INFO - Task exited with return code 0
[2023-02-05 21:41:31,073] {local_task_job.py:273} INFO - 1 downstream tasks scheduled from follow-on schedule check
