[2023-02-07 19:52:19,389] {taskinstance.py:1179} INFO - Dependencies all met for <TaskInstance: 07.3_file_sensor.file_task scheduled__2022-11-30T00:00:00+00:00 [queued]>
[2023-02-07 19:52:19,400] {taskinstance.py:1179} INFO - Dependencies all met for <TaskInstance: 07.3_file_sensor.file_task scheduled__2022-11-30T00:00:00+00:00 [queued]>
[2023-02-07 19:52:19,400] {taskinstance.py:1376} INFO - 
--------------------------------------------------------------------------------
[2023-02-07 19:52:19,400] {taskinstance.py:1377} INFO - Starting attempt 1 of 1
[2023-02-07 19:52:19,400] {taskinstance.py:1378} INFO - 
--------------------------------------------------------------------------------
[2023-02-07 19:52:19,421] {taskinstance.py:1397} INFO - Executing <Task(BashOperator): file_task> on 2022-11-30 00:00:00+00:00
[2023-02-07 19:52:19,425] {standard_task_runner.py:52} INFO - Started process 43087 to run task
[2023-02-07 19:52:19,431] {standard_task_runner.py:79} INFO - Running: ['airflow', 'tasks', 'run', '07.3_file_sensor', 'file_task', 'scheduled__2022-11-30T00:00:00+00:00', '--job-id', '804', '--raw', '--subdir', 'DAGS_FOLDER/07.3_file_sensor.py', '--cfg-path', '/tmp/tmpftkfwzza', '--error-file', '/tmp/tmp9mrii9_5']
[2023-02-07 19:52:19,434] {standard_task_runner.py:80} INFO - Job 804: Subtask file_task
[2023-02-07 19:52:19,529] {task_command.py:371} INFO - Running <TaskInstance: 07.3_file_sensor.file_task scheduled__2022-11-30T00:00:00+00:00 [running]> on host pc.
[2023-02-07 19:52:19,617] {taskinstance.py:1589} INFO - Exporting the following env vars:
AIRFLOW_CTX_DAG_OWNER=airflow
AIRFLOW_CTX_DAG_ID=07.3_file_sensor
AIRFLOW_CTX_TASK_ID=file_task
AIRFLOW_CTX_EXECUTION_DATE=2022-11-30T00:00:00+00:00
AIRFLOW_CTX_TRY_NUMBER=1
AIRFLOW_CTX_DAG_RUN_ID=scheduled__2022-11-30T00:00:00+00:00
[2023-02-07 19:52:19,619] {subprocess.py:62} INFO - Tmp dir root location: 
 /tmp
[2023-02-07 19:52:19,619] {subprocess.py:74} INFO - Running command: ['bash', '-c', 'sleep 10 && touch /tmp/file.txt']
[2023-02-07 19:52:19,629] {subprocess.py:85} INFO - Output:
[2023-02-07 19:52:29,632] {subprocess.py:96} INFO - Command exited with return code 0
[2023-02-07 19:52:31,598] {taskinstance.py:1415} INFO - Marking task as SUCCESS. dag_id=07.3_file_sensor, task_id=file_task, execution_date=20221130T000000, start_date=20230208T005219, end_date=20230208T005231
[2023-02-07 19:52:31,623] {local_task_job.py:156} INFO - Task exited with return code 0
[2023-02-07 19:52:31,659] {local_task_job.py:273} INFO - 1 downstream tasks scheduled from follow-on schedule check
