[2023-02-08 00:12:27,585] {taskinstance.py:1179} INFO - Dependencies all met for <TaskInstance: 09_Xcoms.task_1_source scheduled__2023-01-01T00:00:00+00:00 [queued]>
[2023-02-08 00:12:27,596] {taskinstance.py:1179} INFO - Dependencies all met for <TaskInstance: 09_Xcoms.task_1_source scheduled__2023-01-01T00:00:00+00:00 [queued]>
[2023-02-08 00:12:27,596] {taskinstance.py:1376} INFO - 
--------------------------------------------------------------------------------
[2023-02-08 00:12:27,596] {taskinstance.py:1377} INFO - Starting attempt 2 of 2
[2023-02-08 00:12:27,596] {taskinstance.py:1378} INFO - 
--------------------------------------------------------------------------------
[2023-02-08 00:12:27,620] {taskinstance.py:1397} INFO - Executing <Task(BashOperator): task_1_source> on 2023-01-01 00:00:00+00:00
[2023-02-08 00:12:27,624] {standard_task_runner.py:52} INFO - Started process 51708 to run task
[2023-02-08 00:12:27,630] {standard_task_runner.py:79} INFO - Running: ['airflow', 'tasks', 'run', '09_Xcoms', 'task_1_source', 'scheduled__2023-01-01T00:00:00+00:00', '--job-id', '1121', '--raw', '--subdir', 'DAGS_FOLDER/09_xcoms.py', '--cfg-path', '/tmp/tmp6ap4gtwf', '--error-file', '/tmp/tmpcw4ja4xm']
[2023-02-08 00:12:27,631] {standard_task_runner.py:80} INFO - Job 1121: Subtask task_1_source
[2023-02-08 00:12:27,719] {task_command.py:371} INFO - Running <TaskInstance: 09_Xcoms.task_1_source scheduled__2023-01-01T00:00:00+00:00 [running]> on host pc.
[2023-02-08 00:12:27,810] {taskinstance.py:1589} INFO - Exporting the following env vars:
AIRFLOW_CTX_DAG_OWNER=airflow
AIRFLOW_CTX_DAG_ID=09_Xcoms
AIRFLOW_CTX_TASK_ID=task_1_source
AIRFLOW_CTX_EXECUTION_DATE=2023-01-01T00:00:00+00:00
AIRFLOW_CTX_TRY_NUMBER=2
AIRFLOW_CTX_DAG_RUN_ID=scheduled__2023-01-01T00:00:00+00:00
[2023-02-08 00:12:27,812] {subprocess.py:62} INFO - Tmp dir root location: 
 /tmp
[2023-02-08 00:12:27,812] {subprocess.py:74} INFO - Running command: ['bash', '-c', 'sleep 5 && echo $((5 * 3))']
[2023-02-08 00:12:27,822] {subprocess.py:85} INFO - Output:
[2023-02-08 00:12:32,825] {subprocess.py:92} INFO - 15
[2023-02-08 00:12:32,825] {subprocess.py:96} INFO - Command exited with return code 0
[2023-02-08 00:12:33,607] {taskinstance.py:1415} INFO - Marking task as SUCCESS. dag_id=09_Xcoms, task_id=task_1_source, execution_date=20230101T000000, start_date=20230208T051227, end_date=20230208T051233
[2023-02-08 00:12:33,634] {local_task_job.py:156} INFO - Task exited with return code 0
[2023-02-08 00:12:33,675] {local_task_job.py:273} INFO - 1 downstream tasks scheduled from follow-on schedule check
