[2023-02-07 22:53:04,398] {taskinstance.py:1179} INFO - Dependencies all met for <TaskInstance: 09_Xcoms.task_1_source scheduled__2023-01-01T00:00:00+00:00 [queued]>
[2023-02-07 22:53:04,412] {taskinstance.py:1179} INFO - Dependencies all met for <TaskInstance: 09_Xcoms.task_1_source scheduled__2023-01-01T00:00:00+00:00 [queued]>
[2023-02-07 22:53:04,412] {taskinstance.py:1376} INFO - 
--------------------------------------------------------------------------------
[2023-02-07 22:53:04,412] {taskinstance.py:1377} INFO - Starting attempt 1 of 1
[2023-02-07 22:53:04,412] {taskinstance.py:1378} INFO - 
--------------------------------------------------------------------------------
[2023-02-07 22:53:04,441] {taskinstance.py:1397} INFO - Executing <Task(BashOperator): task_1_source> on 2023-01-01 00:00:00+00:00
[2023-02-07 22:53:04,445] {standard_task_runner.py:52} INFO - Started process 48951 to run task
[2023-02-07 22:53:04,451] {standard_task_runner.py:79} INFO - Running: ['airflow', 'tasks', 'run', '09_Xcoms', 'task_1_source', 'scheduled__2023-01-01T00:00:00+00:00', '--job-id', '1072', '--raw', '--subdir', 'DAGS_FOLDER/09_xcoms.py', '--cfg-path', '/tmp/tmp31d3_n4j', '--error-file', '/tmp/tmpjp0afyn9']
[2023-02-07 22:53:04,453] {standard_task_runner.py:80} INFO - Job 1072: Subtask task_1_source
[2023-02-07 22:53:04,549] {task_command.py:371} INFO - Running <TaskInstance: 09_Xcoms.task_1_source scheduled__2023-01-01T00:00:00+00:00 [running]> on host pc.
[2023-02-07 22:53:04,681] {taskinstance.py:1589} INFO - Exporting the following env vars:
AIRFLOW_CTX_DAG_OWNER=airflow
AIRFLOW_CTX_DAG_ID=09_Xcoms
AIRFLOW_CTX_TASK_ID=task_1_source
AIRFLOW_CTX_EXECUTION_DATE=2023-01-01T00:00:00+00:00
AIRFLOW_CTX_TRY_NUMBER=1
AIRFLOW_CTX_DAG_RUN_ID=scheduled__2023-01-01T00:00:00+00:00
[2023-02-07 22:53:04,682] {subprocess.py:62} INFO - Tmp dir root location: 
 /tmp
[2023-02-07 22:53:04,683] {subprocess.py:74} INFO - Running command: ['bash', '-c', 'sleep 5 && echo $((5 * 3))']
[2023-02-07 22:53:04,693] {subprocess.py:85} INFO - Output:
[2023-02-07 22:53:09,696] {subprocess.py:92} INFO - 15
[2023-02-07 22:53:09,697] {subprocess.py:96} INFO - Command exited with return code 0
[2023-02-07 22:53:09,780] {taskinstance.py:1415} INFO - Marking task as SUCCESS. dag_id=09_Xcoms, task_id=task_1_source, execution_date=20230101T000000, start_date=20230208T035304, end_date=20230208T035309
[2023-02-07 22:53:09,849] {local_task_job.py:156} INFO - Task exited with return code 0
[2023-02-07 22:53:09,917] {local_task_job.py:273} INFO - 1 downstream tasks scheduled from follow-on schedule check
