[2023-02-05 17:50:06,006] {taskinstance.py:1179} INFO - Dependencies all met for <TaskInstance: orchestration.task_2 scheduled__2023-01-21T00:00:00+00:00 [queued]>
[2023-02-05 17:50:06,016] {taskinstance.py:1179} INFO - Dependencies all met for <TaskInstance: orchestration.task_2 scheduled__2023-01-21T00:00:00+00:00 [queued]>
[2023-02-05 17:50:06,017] {taskinstance.py:1376} INFO - 
--------------------------------------------------------------------------------
[2023-02-05 17:50:06,017] {taskinstance.py:1377} INFO - Starting attempt 1 of 1
[2023-02-05 17:50:06,017] {taskinstance.py:1378} INFO - 
--------------------------------------------------------------------------------
[2023-02-05 17:50:06,043] {taskinstance.py:1397} INFO - Executing <Task(BashOperator): task_2> on 2023-01-21 00:00:00+00:00
[2023-02-05 17:50:06,047] {standard_task_runner.py:52} INFO - Started process 30224 to run task
[2023-02-05 17:50:06,052] {standard_task_runner.py:79} INFO - Running: ['airflow', 'tasks', 'run', 'orchestration', 'task_2', 'scheduled__2023-01-21T00:00:00+00:00', '--job-id', '128', '--raw', '--subdir', 'DAGS_FOLDER/5_orchestration_2.py', '--cfg-path', '/tmp/tmpwk_igu4_', '--error-file', '/tmp/tmposqms0mt']
[2023-02-05 17:50:06,053] {standard_task_runner.py:80} INFO - Job 128: Subtask task_2
[2023-02-05 17:50:06,146] {task_command.py:371} INFO - Running <TaskInstance: orchestration.task_2 scheduled__2023-01-21T00:00:00+00:00 [running]> on host pc.
[2023-02-05 17:50:06,257] {taskinstance.py:1589} INFO - Exporting the following env vars:
AIRFLOW_CTX_DAG_OWNER=airflow
AIRFLOW_CTX_DAG_ID=orchestration
AIRFLOW_CTX_TASK_ID=task_2
AIRFLOW_CTX_EXECUTION_DATE=2023-01-21T00:00:00+00:00
AIRFLOW_CTX_TRY_NUMBER=1
AIRFLOW_CTX_DAG_RUN_ID=scheduled__2023-01-21T00:00:00+00:00
[2023-02-05 17:50:06,258] {subprocess.py:62} INFO - Tmp dir root location: 
 /tmp
[2023-02-05 17:50:06,259] {subprocess.py:74} INFO - Running command: ['bash', '-c', "sleep 2 && echo 'Task_2'"]
[2023-02-05 17:50:06,266] {subprocess.py:85} INFO - Output:
[2023-02-05 17:50:08,269] {subprocess.py:92} INFO - Task_2
[2023-02-05 17:50:08,269] {subprocess.py:96} INFO - Command exited with return code 0
[2023-02-05 17:50:08,382] {taskinstance.py:1415} INFO - Marking task as SUCCESS. dag_id=orchestration, task_id=task_2, execution_date=20230121T000000, start_date=20230205T225006, end_date=20230205T225008
[2023-02-05 17:50:08,477] {local_task_job.py:156} INFO - Task exited with return code 0
[2023-02-05 17:50:08,534] {local_task_job.py:273} INFO - 2 downstream tasks scheduled from follow-on schedule check
