[2023-02-07 20:05:39,480] {taskinstance.py:1179} INFO - Dependencies all met for <TaskInstance: 07.3_file_sensor.end_task scheduled__2023-01-08T00:00:00+00:00 [queued]>
[2023-02-07 20:05:39,493] {taskinstance.py:1179} INFO - Dependencies all met for <TaskInstance: 07.3_file_sensor.end_task scheduled__2023-01-08T00:00:00+00:00 [queued]>
[2023-02-07 20:05:39,493] {taskinstance.py:1376} INFO - 
--------------------------------------------------------------------------------
[2023-02-07 20:05:39,493] {taskinstance.py:1377} INFO - Starting attempt 1 of 1
[2023-02-07 20:05:39,493] {taskinstance.py:1378} INFO - 
--------------------------------------------------------------------------------
[2023-02-07 20:05:39,515] {taskinstance.py:1397} INFO - Executing <Task(BashOperator): end_task> on 2023-01-08 00:00:00+00:00
[2023-02-07 20:05:39,520] {standard_task_runner.py:52} INFO - Started process 43555 to run task
[2023-02-07 20:05:39,526] {standard_task_runner.py:79} INFO - Running: ['airflow', 'tasks', 'run', '07.3_file_sensor', 'end_task', 'scheduled__2023-01-08T00:00:00+00:00', '--job-id', '928', '--raw', '--subdir', 'DAGS_FOLDER/07.3_file_sensor.py', '--cfg-path', '/tmp/tmpbzd9oja7', '--error-file', '/tmp/tmpwe276y4m']
[2023-02-07 20:05:39,528] {standard_task_runner.py:80} INFO - Job 928: Subtask end_task
[2023-02-07 20:05:39,623] {task_command.py:371} INFO - Running <TaskInstance: 07.3_file_sensor.end_task scheduled__2023-01-08T00:00:00+00:00 [running]> on host pc.
[2023-02-07 20:05:39,726] {taskinstance.py:1589} INFO - Exporting the following env vars:
AIRFLOW_CTX_DAG_OWNER=airflow
AIRFLOW_CTX_DAG_ID=07.3_file_sensor
AIRFLOW_CTX_TASK_ID=end_task
AIRFLOW_CTX_EXECUTION_DATE=2023-01-08T00:00:00+00:00
AIRFLOW_CTX_TRY_NUMBER=1
AIRFLOW_CTX_DAG_RUN_ID=scheduled__2023-01-08T00:00:00+00:00
[2023-02-07 20:05:39,727] {subprocess.py:62} INFO - Tmp dir root location: 
 /tmp
[2023-02-07 20:05:39,728] {subprocess.py:74} INFO - Running command: ['bash', '-c', "echo 'The file has arrived!'"]
[2023-02-07 20:05:39,739] {subprocess.py:85} INFO - Output:
[2023-02-07 20:05:39,740] {subprocess.py:92} INFO - The file has arrived!
[2023-02-07 20:05:39,741] {subprocess.py:96} INFO - Command exited with return code 0
[2023-02-07 20:05:39,772] {taskinstance.py:1415} INFO - Marking task as SUCCESS. dag_id=07.3_file_sensor, task_id=end_task, execution_date=20230108T000000, start_date=20230208T010539, end_date=20230208T010539
[2023-02-07 20:05:39,817] {local_task_job.py:156} INFO - Task exited with return code 0
[2023-02-07 20:05:39,846] {local_task_job.py:273} INFO - 0 downstream tasks scheduled from follow-on schedule check
