[2023-02-07 19:08:55,775] {taskinstance.py:1179} INFO - Dependencies all met for <TaskInstance: 07.1_external_dag.external_task_1 scheduled__2022-11-17T00:00:00+00:00 [queued]>
[2023-02-07 19:08:55,789] {taskinstance.py:1179} INFO - Dependencies all met for <TaskInstance: 07.1_external_dag.external_task_1 scheduled__2022-11-17T00:00:00+00:00 [queued]>
[2023-02-07 19:08:55,789] {taskinstance.py:1376} INFO - 
--------------------------------------------------------------------------------
[2023-02-07 19:08:55,789] {taskinstance.py:1377} INFO - Starting attempt 1 of 1
[2023-02-07 19:08:55,789] {taskinstance.py:1378} INFO - 
--------------------------------------------------------------------------------
[2023-02-07 19:08:55,811] {taskinstance.py:1397} INFO - Executing <Task(BashOperator): external_task_1> on 2022-11-17 00:00:00+00:00
[2023-02-07 19:08:55,815] {standard_task_runner.py:52} INFO - Started process 38232 to run task
[2023-02-07 19:08:55,821] {standard_task_runner.py:79} INFO - Running: ['airflow', 'tasks', 'run', '07.1_external_dag', 'external_task_1', 'scheduled__2022-11-17T00:00:00+00:00', '--job-id', '473', '--raw', '--subdir', 'DAGS_FOLDER/07.1_external_task.py', '--cfg-path', '/tmp/tmpxhkfpsx0', '--error-file', '/tmp/tmprfn219mk']
[2023-02-07 19:08:55,822] {standard_task_runner.py:80} INFO - Job 473: Subtask external_task_1
[2023-02-07 19:08:55,916] {task_command.py:371} INFO - Running <TaskInstance: 07.1_external_dag.external_task_1 scheduled__2022-11-17T00:00:00+00:00 [running]> on host pc.
[2023-02-07 19:08:56,008] {taskinstance.py:1589} INFO - Exporting the following env vars:
AIRFLOW_CTX_DAG_OWNER=airflow
AIRFLOW_CTX_DAG_ID=07.1_external_dag
AIRFLOW_CTX_TASK_ID=external_task_1
AIRFLOW_CTX_EXECUTION_DATE=2022-11-17T00:00:00+00:00
AIRFLOW_CTX_TRY_NUMBER=1
AIRFLOW_CTX_DAG_RUN_ID=scheduled__2022-11-17T00:00:00+00:00
[2023-02-07 19:08:56,009] {subprocess.py:62} INFO - Tmp dir root location: 
 /tmp
[2023-02-07 19:08:56,010] {subprocess.py:74} INFO - Running command: ['bash', '-c', "sleep 10 && echo 'external task executed!'"]
[2023-02-07 19:08:56,019] {subprocess.py:85} INFO - Output:
[2023-02-07 19:09:06,022] {subprocess.py:92} INFO - external task executed!
[2023-02-07 19:09:06,023] {subprocess.py:96} INFO - Command exited with return code 0
[2023-02-07 19:09:06,158] {taskinstance.py:1415} INFO - Marking task as SUCCESS. dag_id=07.1_external_dag, task_id=external_task_1, execution_date=20221117T000000, start_date=20230208T000855, end_date=20230208T000906
[2023-02-07 19:09:06,189] {local_task_job.py:156} INFO - Task exited with return code 0
[2023-02-07 19:09:06,212] {local_task_job.py:273} INFO - 0 downstream tasks scheduled from follow-on schedule check
