[2023-02-08 02:06:31,845] {taskinstance.py:1179} INFO - Dependencies all met for <TaskInstance: 10_branching.start_15_june scheduled__2022-07-31T00:00:00+00:00 [queued]>
[2023-02-08 02:06:31,858] {taskinstance.py:1179} INFO - Dependencies all met for <TaskInstance: 10_branching.start_15_june scheduled__2022-07-31T00:00:00+00:00 [queued]>
[2023-02-08 02:06:31,858] {taskinstance.py:1376} INFO - 
--------------------------------------------------------------------------------
[2023-02-08 02:06:31,858] {taskinstance.py:1377} INFO - Starting attempt 1 of 1
[2023-02-08 02:06:31,859] {taskinstance.py:1378} INFO - 
--------------------------------------------------------------------------------
[2023-02-08 02:06:31,880] {taskinstance.py:1397} INFO - Executing <Task(BashOperator): start_15_june> on 2022-07-31 00:00:00+00:00
[2023-02-08 02:06:31,884] {standard_task_runner.py:52} INFO - Started process 56122 to run task
[2023-02-08 02:06:31,890] {standard_task_runner.py:79} INFO - Running: ['airflow', 'tasks', 'run', '10_branching', 'start_15_june', 'scheduled__2022-07-31T00:00:00+00:00', '--job-id', '1455', '--raw', '--subdir', 'DAGS_FOLDER/10_branchpythonoperator.py', '--cfg-path', '/tmp/tmp6po5ey12', '--error-file', '/tmp/tmpi_g7thkj']
[2023-02-08 02:06:31,891] {standard_task_runner.py:80} INFO - Job 1455: Subtask start_15_june
[2023-02-08 02:06:31,979] {task_command.py:371} INFO - Running <TaskInstance: 10_branching.start_15_june scheduled__2022-07-31T00:00:00+00:00 [running]> on host pc.
[2023-02-08 02:06:32,089] {taskinstance.py:1589} INFO - Exporting the following env vars:
AIRFLOW_CTX_DAG_OWNER=airflow
AIRFLOW_CTX_DAG_ID=10_branching
AIRFLOW_CTX_TASK_ID=start_15_june
AIRFLOW_CTX_EXECUTION_DATE=2022-07-31T00:00:00+00:00
AIRFLOW_CTX_TRY_NUMBER=1
AIRFLOW_CTX_DAG_RUN_ID=scheduled__2022-07-31T00:00:00+00:00
[2023-02-08 02:06:32,091] {subprocess.py:62} INFO - Tmp dir root location: 
 /tmp
[2023-02-08 02:06:32,091] {subprocess.py:74} INFO - Running command: ['bash', '-c', "echo 'Running 2022-07-31'"]
[2023-02-08 02:06:32,103] {subprocess.py:85} INFO - Output:
[2023-02-08 02:06:32,105] {subprocess.py:92} INFO - Running 2022-07-31
[2023-02-08 02:06:32,105] {subprocess.py:96} INFO - Command exited with return code 0
[2023-02-08 02:06:32,135] {taskinstance.py:1415} INFO - Marking task as SUCCESS. dag_id=10_branching, task_id=start_15_june, execution_date=20220731T000000, start_date=20230208T070631, end_date=20230208T070632
[2023-02-08 02:06:32,181] {local_task_job.py:156} INFO - Task exited with return code 0
[2023-02-08 02:06:32,208] {local_task_job.py:273} INFO - 0 downstream tasks scheduled from follow-on schedule check
