[2023-02-07 18:20:41,834] {taskinstance.py:1179} INFO - Dependencies all met for <TaskInstance: 07.1_external_task.external_task_1 scheduled__2022-11-09T00:00:00+00:00 [queued]>
[2023-02-07 18:20:41,849] {taskinstance.py:1179} INFO - Dependencies all met for <TaskInstance: 07.1_external_task.external_task_1 scheduled__2022-11-09T00:00:00+00:00 [queued]>
[2023-02-07 18:20:41,849] {taskinstance.py:1376} INFO - 
--------------------------------------------------------------------------------
[2023-02-07 18:20:41,849] {taskinstance.py:1377} INFO - Starting attempt 1 of 1
[2023-02-07 18:20:41,849] {taskinstance.py:1378} INFO - 
--------------------------------------------------------------------------------
[2023-02-07 18:20:41,876] {taskinstance.py:1397} INFO - Executing <Task(BashOperator): external_task_1> on 2022-11-09 00:00:00+00:00
[2023-02-07 18:20:41,880] {standard_task_runner.py:52} INFO - Started process 30960 to run task
[2023-02-07 18:20:41,885] {standard_task_runner.py:79} INFO - Running: ['airflow', 'tasks', 'run', '07.1_external_task', 'external_task_1', 'scheduled__2022-11-09T00:00:00+00:00', '--job-id', '426', '--raw', '--subdir', 'DAGS_FOLDER/07.1_external_task.py', '--cfg-path', '/tmp/tmpmqiz8vxb', '--error-file', '/tmp/tmpzxrt_16_']
[2023-02-07 18:20:41,887] {standard_task_runner.py:80} INFO - Job 426: Subtask external_task_1
[2023-02-07 18:20:41,971] {task_command.py:371} INFO - Running <TaskInstance: 07.1_external_task.external_task_1 scheduled__2022-11-09T00:00:00+00:00 [running]> on host pc.
[2023-02-07 18:20:42,064] {taskinstance.py:1589} INFO - Exporting the following env vars:
AIRFLOW_CTX_DAG_OWNER=airflow
AIRFLOW_CTX_DAG_ID=07.1_external_task
AIRFLOW_CTX_TASK_ID=external_task_1
AIRFLOW_CTX_EXECUTION_DATE=2022-11-09T00:00:00+00:00
AIRFLOW_CTX_TRY_NUMBER=1
AIRFLOW_CTX_DAG_RUN_ID=scheduled__2022-11-09T00:00:00+00:00
[2023-02-07 18:20:42,066] {subprocess.py:62} INFO - Tmp dir root location: 
 /tmp
[2023-02-07 18:20:42,066] {subprocess.py:74} INFO - Running command: ['bash', '-c', "sleep 10 && echo 'external task executed!'"]
[2023-02-07 18:20:42,074] {subprocess.py:85} INFO - Output:
[2023-02-07 18:20:52,077] {subprocess.py:92} INFO - external task executed!
[2023-02-07 18:20:52,077] {subprocess.py:96} INFO - Command exited with return code 0
[2023-02-07 18:20:54,483] {taskinstance.py:1415} INFO - Marking task as SUCCESS. dag_id=07.1_external_task, task_id=external_task_1, execution_date=20221109T000000, start_date=20230207T232041, end_date=20230207T232054
[2023-02-07 18:20:54,571] {local_task_job.py:156} INFO - Task exited with return code 0
[2023-02-07 18:20:54,596] {local_task_job.py:273} INFO - 0 downstream tasks scheduled from follow-on schedule check
