[2023-02-07 19:26:46,951] {taskinstance.py:1179} INFO - Dependencies all met for <TaskInstance: 07.2_external_task_sensor.task-2 scheduled__2022-12-21T00:00:00+00:00 [queued]>
[2023-02-07 19:26:46,969] {taskinstance.py:1179} INFO - Dependencies all met for <TaskInstance: 07.2_external_task_sensor.task-2 scheduled__2022-12-21T00:00:00+00:00 [queued]>
[2023-02-07 19:26:46,969] {taskinstance.py:1376} INFO - 
--------------------------------------------------------------------------------
[2023-02-07 19:26:46,969] {taskinstance.py:1377} INFO - Starting attempt 1 of 1
[2023-02-07 19:26:46,969] {taskinstance.py:1378} INFO - 
--------------------------------------------------------------------------------
[2023-02-07 19:26:46,995] {taskinstance.py:1397} INFO - Executing <Task(BashOperator): task-2> on 2022-12-21 00:00:00+00:00
[2023-02-07 19:26:46,999] {standard_task_runner.py:52} INFO - Started process 41121 to run task
[2023-02-07 19:26:47,007] {standard_task_runner.py:79} INFO - Running: ['airflow', 'tasks', 'run', '07.2_external_task_sensor', 'task-2', 'scheduled__2022-12-21T00:00:00+00:00', '--job-id', '603', '--raw', '--subdir', 'DAGS_FOLDER/07.2_external_task_sensor.py', '--cfg-path', '/tmp/tmpi77vv60s', '--error-file', '/tmp/tmp17q4336v']
[2023-02-07 19:26:47,008] {standard_task_runner.py:80} INFO - Job 603: Subtask task-2
[2023-02-07 19:26:47,200] {task_command.py:371} INFO - Running <TaskInstance: 07.2_external_task_sensor.task-2 scheduled__2022-12-21T00:00:00+00:00 [running]> on host pc.
[2023-02-07 19:26:47,389] {taskinstance.py:1589} INFO - Exporting the following env vars:
AIRFLOW_CTX_DAG_OWNER=airflow
AIRFLOW_CTX_DAG_ID=07.2_external_task_sensor
AIRFLOW_CTX_TASK_ID=task-2
AIRFLOW_CTX_EXECUTION_DATE=2022-12-21T00:00:00+00:00
AIRFLOW_CTX_TRY_NUMBER=1
AIRFLOW_CTX_DAG_RUN_ID=scheduled__2022-12-21T00:00:00+00:00
[2023-02-07 19:26:47,391] {subprocess.py:62} INFO - Tmp dir root location: 
 /tmp
[2023-02-07 19:26:47,393] {subprocess.py:74} INFO - Running command: ['bash', '-c', "sleep 5 && echo 'DAG 2 ended'"]
[2023-02-07 19:26:47,404] {subprocess.py:85} INFO - Output:
[2023-02-07 19:26:52,408] {subprocess.py:92} INFO - DAG 2 ended
[2023-02-07 19:26:52,409] {subprocess.py:96} INFO - Command exited with return code 0
[2023-02-07 19:26:52,439] {taskinstance.py:1415} INFO - Marking task as SUCCESS. dag_id=07.2_external_task_sensor, task_id=task-2, execution_date=20221221T000000, start_date=20230208T002646, end_date=20230208T002652
[2023-02-07 19:26:52,493] {local_task_job.py:156} INFO - Task exited with return code 0
[2023-02-07 19:26:52,527] {local_task_job.py:273} INFO - 0 downstream tasks scheduled from follow-on schedule check
