[2023-02-08 00:13:31,003] {taskinstance.py:1179} INFO - Dependencies all met for <TaskInstance: 09_Xcoms.task_2_pull scheduled__2022-12-24T00:00:00+00:00 [queued]>
[2023-02-08 00:13:31,016] {taskinstance.py:1179} INFO - Dependencies all met for <TaskInstance: 09_Xcoms.task_2_pull scheduled__2022-12-24T00:00:00+00:00 [queued]>
[2023-02-08 00:13:31,016] {taskinstance.py:1376} INFO - 
--------------------------------------------------------------------------------
[2023-02-08 00:13:31,016] {taskinstance.py:1377} INFO - Starting attempt 2 of 2
[2023-02-08 00:13:31,016] {taskinstance.py:1378} INFO - 
--------------------------------------------------------------------------------
[2023-02-08 00:13:31,524] {taskinstance.py:1397} INFO - Executing <Task(BashOperator): task_2_pull> on 2022-12-24 00:00:00+00:00
[2023-02-08 00:13:31,527] {standard_task_runner.py:52} INFO - Started process 51743 to run task
[2023-02-08 00:13:31,534] {standard_task_runner.py:79} INFO - Running: ['airflow', 'tasks', 'run', '09_Xcoms', 'task_2_pull', 'scheduled__2022-12-24T00:00:00+00:00', '--job-id', '1129', '--raw', '--subdir', 'DAGS_FOLDER/09_xcoms.py', '--cfg-path', '/tmp/tmpz9vns37u', '--error-file', '/tmp/tmpq8tdnxe7']
[2023-02-08 00:13:31,536] {standard_task_runner.py:80} INFO - Job 1129: Subtask task_2_pull
[2023-02-08 00:13:31,638] {task_command.py:371} INFO - Running <TaskInstance: 09_Xcoms.task_2_pull scheduled__2022-12-24T00:00:00+00:00 [running]> on host pc.
[2023-02-08 00:13:31,790] {taskinstance.py:1589} INFO - Exporting the following env vars:
AIRFLOW_CTX_DAG_OWNER=airflow
AIRFLOW_CTX_DAG_ID=09_Xcoms
AIRFLOW_CTX_TASK_ID=task_2_pull
AIRFLOW_CTX_EXECUTION_DATE=2022-12-24T00:00:00+00:00
AIRFLOW_CTX_TRY_NUMBER=2
AIRFLOW_CTX_DAG_RUN_ID=scheduled__2022-12-24T00:00:00+00:00
[2023-02-08 00:13:31,792] {subprocess.py:62} INFO - Tmp dir root location: 
 /tmp
[2023-02-08 00:13:31,794] {subprocess.py:74} INFO - Running command: ['bash', '-c', 'sleep 3 && echo 15']
[2023-02-08 00:13:31,814] {subprocess.py:85} INFO - Output:
[2023-02-08 00:13:34,824] {subprocess.py:92} INFO - 15
[2023-02-08 00:13:34,825] {subprocess.py:96} INFO - Command exited with return code 0
[2023-02-08 00:13:35,882] {taskinstance.py:1415} INFO - Marking task as SUCCESS. dag_id=09_Xcoms, task_id=task_2_pull, execution_date=20221224T000000, start_date=20230208T051331, end_date=20230208T051335
[2023-02-08 00:13:37,208] {local_task_job.py:156} INFO - Task exited with return code 0
[2023-02-08 00:13:37,234] {local_task_job.py:273} INFO - 0 downstream tasks scheduled from follow-on schedule check
