[2023-02-05 21:43:18,520] {taskinstance.py:1179} INFO - Dependencies all met for <TaskInstance: 06_monitoring.task_5 scheduled__2022-11-09T00:00:00+00:00 [queued]>
[2023-02-05 21:43:18,531] {taskinstance.py:1179} INFO - Dependencies all met for <TaskInstance: 06_monitoring.task_5 scheduled__2022-11-09T00:00:00+00:00 [queued]>
[2023-02-05 21:43:18,531] {taskinstance.py:1376} INFO - 
--------------------------------------------------------------------------------
[2023-02-05 21:43:18,531] {taskinstance.py:1377} INFO - Starting attempt 1 of 1
[2023-02-05 21:43:18,531] {taskinstance.py:1378} INFO - 
--------------------------------------------------------------------------------
[2023-02-05 21:43:18,553] {taskinstance.py:1397} INFO - Executing <Task(BashOperator): task_5> on 2022-11-09 00:00:00+00:00
[2023-02-05 21:43:18,556] {standard_task_runner.py:52} INFO - Started process 36578 to run task
[2023-02-05 21:43:18,561] {standard_task_runner.py:79} INFO - Running: ['airflow', 'tasks', 'run', '06_monitoring', 'task_5', 'scheduled__2022-11-09T00:00:00+00:00', '--job-id', '208', '--raw', '--subdir', 'DAGS_FOLDER/06_monitoring.py', '--cfg-path', '/tmp/tmp57ait7rx', '--error-file', '/tmp/tmp335boxtw']
[2023-02-05 21:43:18,562] {standard_task_runner.py:80} INFO - Job 208: Subtask task_5
[2023-02-05 21:43:18,643] {task_command.py:371} INFO - Running <TaskInstance: 06_monitoring.task_5 scheduled__2022-11-09T00:00:00+00:00 [running]> on host pc.
[2023-02-05 21:43:18,736] {taskinstance.py:1589} INFO - Exporting the following env vars:
AIRFLOW_CTX_DAG_OWNER=airflow
AIRFLOW_CTX_DAG_ID=06_monitoring
AIRFLOW_CTX_TASK_ID=task_5
AIRFLOW_CTX_EXECUTION_DATE=2022-11-09T00:00:00+00:00
AIRFLOW_CTX_TRY_NUMBER=1
AIRFLOW_CTX_DAG_RUN_ID=scheduled__2022-11-09T00:00:00+00:00
[2023-02-05 21:43:18,737] {subprocess.py:62} INFO - Tmp dir root location: 
 /tmp
[2023-02-05 21:43:18,738] {subprocess.py:74} INFO - Running command: ['bash', '-c', "sleep 2 && echo 'Fifth task!'"]
[2023-02-05 21:43:18,746] {subprocess.py:85} INFO - Output:
[2023-02-05 21:43:20,749] {subprocess.py:92} INFO - Fifth task!
[2023-02-05 21:43:20,749] {subprocess.py:96} INFO - Command exited with return code 0
[2023-02-05 21:43:20,780] {taskinstance.py:1415} INFO - Marking task as SUCCESS. dag_id=06_monitoring, task_id=task_5, execution_date=20221109T000000, start_date=20230206T024318, end_date=20230206T024320
[2023-02-05 21:43:20,820] {local_task_job.py:156} INFO - Task exited with return code 0
[2023-02-05 21:43:20,850] {local_task_job.py:273} INFO - 0 downstream tasks scheduled from follow-on schedule check
