[2023-02-05 21:27:08,380] {taskinstance.py:1179} INFO - Dependencies all met for <TaskInstance: 06_monitoring.task_1 scheduled__2022-11-12T00:00:00+00:00 [queued]>
[2023-02-05 21:27:08,391] {taskinstance.py:1179} INFO - Dependencies all met for <TaskInstance: 06_monitoring.task_1 scheduled__2022-11-12T00:00:00+00:00 [queued]>
[2023-02-05 21:27:08,391] {taskinstance.py:1376} INFO - 
--------------------------------------------------------------------------------
[2023-02-05 21:27:08,391] {taskinstance.py:1377} INFO - Starting attempt 2 of 2
[2023-02-05 21:27:08,391] {taskinstance.py:1378} INFO - 
--------------------------------------------------------------------------------
[2023-02-05 21:27:08,412] {taskinstance.py:1397} INFO - Executing <Task(BashOperator): task_1> on 2022-11-12 00:00:00+00:00
[2023-02-05 21:27:08,415] {standard_task_runner.py:52} INFO - Started process 35768 to run task
[2023-02-05 21:27:08,420] {standard_task_runner.py:79} INFO - Running: ['airflow', 'tasks', 'run', '06_monitoring', 'task_1', 'scheduled__2022-11-12T00:00:00+00:00', '--job-id', '203', '--raw', '--subdir', 'DAGS_FOLDER/06_monitoring.py', '--cfg-path', '/tmp/tmpl594ydo1', '--error-file', '/tmp/tmp2qy0gy18']
[2023-02-05 21:27:08,421] {standard_task_runner.py:80} INFO - Job 203: Subtask task_1
[2023-02-05 21:27:08,504] {task_command.py:371} INFO - Running <TaskInstance: 06_monitoring.task_1 scheduled__2022-11-12T00:00:00+00:00 [running]> on host pc.
[2023-02-05 21:27:08,597] {taskinstance.py:1589} INFO - Exporting the following env vars:
AIRFLOW_CTX_DAG_OWNER=airflow
AIRFLOW_CTX_DAG_ID=06_monitoring
AIRFLOW_CTX_TASK_ID=task_1
AIRFLOW_CTX_EXECUTION_DATE=2022-11-12T00:00:00+00:00
AIRFLOW_CTX_TRY_NUMBER=2
AIRFLOW_CTX_DAG_RUN_ID=scheduled__2022-11-12T00:00:00+00:00
[2023-02-05 21:27:08,598] {subprocess.py:62} INFO - Tmp dir root location: 
 /tmp
[2023-02-05 21:27:08,598] {subprocess.py:74} INFO - Running command: ['bash', '-c', "sleep 2 && echo 'First task!'"]
[2023-02-05 21:27:08,606] {subprocess.py:85} INFO - Output:
[2023-02-05 21:27:10,608] {subprocess.py:92} INFO - First task!
[2023-02-05 21:27:10,609] {subprocess.py:96} INFO - Command exited with return code 0
[2023-02-05 21:27:10,642] {taskinstance.py:1415} INFO - Marking task as SUCCESS. dag_id=06_monitoring, task_id=task_1, execution_date=20221112T000000, start_date=20230206T022708, end_date=20230206T022710
[2023-02-05 21:27:10,680] {local_task_job.py:156} INFO - Task exited with return code 0
[2023-02-05 21:27:10,712] {local_task_job.py:273} INFO - 0 downstream tasks scheduled from follow-on schedule check
[2023-02-05 21:57:00,426] {taskinstance.py:1179} INFO - Dependencies all met for <TaskInstance: 06_monitoring.task_1 scheduled__2022-11-12T00:00:00+00:00 [queued]>
[2023-02-05 21:57:00,437] {taskinstance.py:1179} INFO - Dependencies all met for <TaskInstance: 06_monitoring.task_1 scheduled__2022-11-12T00:00:00+00:00 [queued]>
[2023-02-05 21:57:00,437] {taskinstance.py:1376} INFO - 
--------------------------------------------------------------------------------
[2023-02-05 21:57:00,437] {taskinstance.py:1377} INFO - Starting attempt 2 of 2
[2023-02-05 21:57:00,437] {taskinstance.py:1378} INFO - 
--------------------------------------------------------------------------------
[2023-02-05 21:57:00,459] {taskinstance.py:1397} INFO - Executing <Task(BashOperator): task_1> on 2022-11-12 00:00:00+00:00
[2023-02-05 21:57:00,462] {standard_task_runner.py:52} INFO - Started process 36907 to run task
[2023-02-05 21:57:00,468] {standard_task_runner.py:79} INFO - Running: ['airflow', 'tasks', 'run', '06_monitoring', 'task_1', 'scheduled__2022-11-12T00:00:00+00:00', '--job-id', '226', '--raw', '--subdir', 'DAGS_FOLDER/06_monitoring.py', '--cfg-path', '/tmp/tmpv9nkdy6x', '--error-file', '/tmp/tmpgaf0h3pv']
[2023-02-05 21:57:00,469] {standard_task_runner.py:80} INFO - Job 226: Subtask task_1
[2023-02-05 21:57:00,550] {task_command.py:371} INFO - Running <TaskInstance: 06_monitoring.task_1 scheduled__2022-11-12T00:00:00+00:00 [running]> on host pc.
[2023-02-05 21:57:00,644] {taskinstance.py:1589} INFO - Exporting the following env vars:
AIRFLOW_CTX_DAG_OWNER=airflow
AIRFLOW_CTX_DAG_ID=06_monitoring
AIRFLOW_CTX_TASK_ID=task_1
AIRFLOW_CTX_EXECUTION_DATE=2022-11-12T00:00:00+00:00
AIRFLOW_CTX_TRY_NUMBER=2
AIRFLOW_CTX_DAG_RUN_ID=scheduled__2022-11-12T00:00:00+00:00
[2023-02-05 21:57:00,645] {subprocess.py:62} INFO - Tmp dir root location: 
 /tmp
[2023-02-05 21:57:00,646] {subprocess.py:74} INFO - Running command: ['bash', '-c', "sleep 2 && echo 'First task!'"]
[2023-02-05 21:57:00,653] {subprocess.py:85} INFO - Output:
[2023-02-05 21:57:02,656] {subprocess.py:92} INFO - First task!
[2023-02-05 21:57:02,656] {subprocess.py:96} INFO - Command exited with return code 0
[2023-02-05 21:57:02,708] {taskinstance.py:1415} INFO - Marking task as SUCCESS. dag_id=06_monitoring, task_id=task_1, execution_date=20221112T000000, start_date=20230206T025700, end_date=20230206T025702
[2023-02-05 21:57:02,729] {local_task_job.py:156} INFO - Task exited with return code 0
[2023-02-05 21:57:02,779] {local_task_job.py:273} INFO - 1 downstream tasks scheduled from follow-on schedule check
