[2023-02-05 21:12:10,441] {taskinstance.py:1179} INFO - Dependencies all met for <TaskInstance: 06_monitoring.task_1 scheduled__2022-11-12T00:00:00+00:00 [queued]>
[2023-02-05 21:12:10,450] {taskinstance.py:1179} INFO - Dependencies all met for <TaskInstance: 06_monitoring.task_1 scheduled__2022-11-12T00:00:00+00:00 [queued]>
[2023-02-05 21:12:10,451] {taskinstance.py:1376} INFO - 
--------------------------------------------------------------------------------
[2023-02-05 21:12:10,451] {taskinstance.py:1377} INFO - Starting attempt 1 of 1
[2023-02-05 21:12:10,451] {taskinstance.py:1378} INFO - 
--------------------------------------------------------------------------------
[2023-02-05 21:12:10,475] {taskinstance.py:1397} INFO - Executing <Task(BashOperator): task_1> on 2022-11-12 00:00:00+00:00
[2023-02-05 21:12:10,479] {standard_task_runner.py:52} INFO - Started process 35091 to run task
[2023-02-05 21:12:10,484] {standard_task_runner.py:79} INFO - Running: ['airflow', 'tasks', 'run', '06_monitoring', 'task_1', 'scheduled__2022-11-12T00:00:00+00:00', '--job-id', '152', '--raw', '--subdir', 'DAGS_FOLDER/06_monitoring.py', '--cfg-path', '/tmp/tmpebjq3ofn', '--error-file', '/tmp/tmpn4hg6_r_']
[2023-02-05 21:12:10,485] {standard_task_runner.py:80} INFO - Job 152: Subtask task_1
[2023-02-05 21:12:10,566] {task_command.py:371} INFO - Running <TaskInstance: 06_monitoring.task_1 scheduled__2022-11-12T00:00:00+00:00 [running]> on host pc.
[2023-02-05 21:12:10,650] {taskinstance.py:1589} INFO - Exporting the following env vars:
AIRFLOW_CTX_DAG_OWNER=airflow
AIRFLOW_CTX_DAG_ID=06_monitoring
AIRFLOW_CTX_TASK_ID=task_1
AIRFLOW_CTX_EXECUTION_DATE=2022-11-12T00:00:00+00:00
AIRFLOW_CTX_TRY_NUMBER=1
AIRFLOW_CTX_DAG_RUN_ID=scheduled__2022-11-12T00:00:00+00:00
[2023-02-05 21:12:10,651] {subprocess.py:62} INFO - Tmp dir root location: 
 /tmp
[2023-02-05 21:12:10,652] {subprocess.py:74} INFO - Running command: ['bash', '-c', "sleep 2 && echo 'First task!'"]
[2023-02-05 21:12:10,660] {subprocess.py:85} INFO - Output:
[2023-02-05 21:12:12,663] {subprocess.py:92} INFO - First task!
[2023-02-05 21:12:12,663] {subprocess.py:96} INFO - Command exited with return code 0
[2023-02-05 21:12:12,693] {taskinstance.py:1415} INFO - Marking task as SUCCESS. dag_id=06_monitoring, task_id=task_1, execution_date=20221112T000000, start_date=20230206T021210, end_date=20230206T021212
[2023-02-05 21:12:12,744] {local_task_job.py:156} INFO - Task exited with return code 0
[2023-02-05 21:12:12,796] {local_task_job.py:273} INFO - 1 downstream tasks scheduled from follow-on schedule check
[2023-02-05 21:15:20,147] {taskinstance.py:1179} INFO - Dependencies all met for <TaskInstance: 06_monitoring.task_1 scheduled__2022-11-12T00:00:00+00:00 [queued]>
[2023-02-05 21:15:20,158] {taskinstance.py:1179} INFO - Dependencies all met for <TaskInstance: 06_monitoring.task_1 scheduled__2022-11-12T00:00:00+00:00 [queued]>
[2023-02-05 21:15:20,158] {taskinstance.py:1376} INFO - 
--------------------------------------------------------------------------------
[2023-02-05 21:15:20,158] {taskinstance.py:1377} INFO - Starting attempt 1 of 1
[2023-02-05 21:15:20,158] {taskinstance.py:1378} INFO - 
--------------------------------------------------------------------------------
[2023-02-05 21:15:20,180] {taskinstance.py:1397} INFO - Executing <Task(BashOperator): task_1> on 2022-11-12 00:00:00+00:00
[2023-02-05 21:15:20,183] {standard_task_runner.py:52} INFO - Started process 35303 to run task
[2023-02-05 21:15:20,188] {standard_task_runner.py:79} INFO - Running: ['airflow', 'tasks', 'run', '06_monitoring', 'task_1', 'scheduled__2022-11-12T00:00:00+00:00', '--job-id', '145', '--raw', '--subdir', 'DAGS_FOLDER/06_monitoring.py', '--cfg-path', '/tmp/tmp68o3a9x9', '--error-file', '/tmp/tmp7qxwzrar']
[2023-02-05 21:15:20,189] {standard_task_runner.py:80} INFO - Job 145: Subtask task_1
[2023-02-05 21:15:20,275] {task_command.py:371} INFO - Running <TaskInstance: 06_monitoring.task_1 scheduled__2022-11-12T00:00:00+00:00 [running]> on host pc.
[2023-02-05 21:15:20,368] {taskinstance.py:1589} INFO - Exporting the following env vars:
AIRFLOW_CTX_DAG_OWNER=airflow
AIRFLOW_CTX_DAG_ID=06_monitoring
AIRFLOW_CTX_TASK_ID=task_1
AIRFLOW_CTX_EXECUTION_DATE=2022-11-12T00:00:00+00:00
AIRFLOW_CTX_TRY_NUMBER=1
AIRFLOW_CTX_DAG_RUN_ID=scheduled__2022-11-12T00:00:00+00:00
[2023-02-05 21:15:20,369] {subprocess.py:62} INFO - Tmp dir root location: 
 /tmp
[2023-02-05 21:15:20,370] {subprocess.py:74} INFO - Running command: ['bash', '-c', "sleep 2 && echo 'First task!'"]
[2023-02-05 21:15:20,378] {subprocess.py:85} INFO - Output:
[2023-02-05 21:15:22,380] {subprocess.py:92} INFO - First task!
[2023-02-05 21:15:22,381] {subprocess.py:96} INFO - Command exited with return code 0
[2023-02-05 21:15:24,182] {taskinstance.py:1415} INFO - Marking task as SUCCESS. dag_id=06_monitoring, task_id=task_1, execution_date=20221112T000000, start_date=20230206T021520, end_date=20230206T021524
[2023-02-05 21:15:24,338] {local_task_job.py:156} INFO - Task exited with return code 0
[2023-02-05 21:15:24,390] {local_task_job.py:273} INFO - 1 downstream tasks scheduled from follow-on schedule check
[2023-02-05 21:34:24,154] {taskinstance.py:1179} INFO - Dependencies all met for <TaskInstance: 06_monitoring.task_1 scheduled__2022-11-12T00:00:00+00:00 [queued]>
[2023-02-05 21:34:24,164] {taskinstance.py:1179} INFO - Dependencies all met for <TaskInstance: 06_monitoring.task_1 scheduled__2022-11-12T00:00:00+00:00 [queued]>
[2023-02-05 21:34:24,164] {taskinstance.py:1376} INFO - 
--------------------------------------------------------------------------------
[2023-02-05 21:34:24,165] {taskinstance.py:1377} INFO - Starting attempt 1 of 1
[2023-02-05 21:34:24,165] {taskinstance.py:1378} INFO - 
--------------------------------------------------------------------------------
[2023-02-05 21:34:24,184] {taskinstance.py:1397} INFO - Executing <Task(BashOperator): task_1> on 2022-11-12 00:00:00+00:00
[2023-02-05 21:34:24,188] {standard_task_runner.py:52} INFO - Started process 36166 to run task
[2023-02-05 21:34:24,194] {standard_task_runner.py:79} INFO - Running: ['airflow', 'tasks', 'run', '06_monitoring', 'task_1', 'scheduled__2022-11-12T00:00:00+00:00', '--job-id', '145', '--raw', '--subdir', 'DAGS_FOLDER/06_monitoring.py', '--cfg-path', '/tmp/tmpfyuolxtp', '--error-file', '/tmp/tmpkjk4n0yj']
[2023-02-05 21:34:24,195] {standard_task_runner.py:80} INFO - Job 145: Subtask task_1
[2023-02-05 21:34:24,272] {task_command.py:371} INFO - Running <TaskInstance: 06_monitoring.task_1 scheduled__2022-11-12T00:00:00+00:00 [running]> on host pc.
[2023-02-05 21:34:24,356] {taskinstance.py:1589} INFO - Exporting the following env vars:
AIRFLOW_CTX_DAG_OWNER=airflow
AIRFLOW_CTX_DAG_ID=06_monitoring
AIRFLOW_CTX_TASK_ID=task_1
AIRFLOW_CTX_EXECUTION_DATE=2022-11-12T00:00:00+00:00
AIRFLOW_CTX_TRY_NUMBER=1
AIRFLOW_CTX_DAG_RUN_ID=scheduled__2022-11-12T00:00:00+00:00
[2023-02-05 21:34:24,357] {subprocess.py:62} INFO - Tmp dir root location: 
 /tmp
[2023-02-05 21:34:24,358] {subprocess.py:74} INFO - Running command: ['bash', '-c', "sleep 2 && echo 'First task!'"]
[2023-02-05 21:34:24,366] {subprocess.py:85} INFO - Output:
[2023-02-05 21:34:26,368] {subprocess.py:92} INFO - First task!
[2023-02-05 21:34:26,369] {subprocess.py:96} INFO - Command exited with return code 0
[2023-02-05 21:34:28,457] {taskinstance.py:1415} INFO - Marking task as SUCCESS. dag_id=06_monitoring, task_id=task_1, execution_date=20221112T000000, start_date=20230206T023424, end_date=20230206T023428
[2023-02-05 21:34:28,505] {local_task_job.py:156} INFO - Task exited with return code 0
[2023-02-05 21:34:28,556] {local_task_job.py:273} INFO - 1 downstream tasks scheduled from follow-on schedule check
