[2023-02-05 21:27:31,729] {taskinstance.py:1179} INFO - Dependencies all met for <TaskInstance: 06_monitoring.task_1 scheduled__2022-11-17T00:00:00+00:00 [queued]>
[2023-02-05 21:27:31,740] {taskinstance.py:1179} INFO - Dependencies all met for <TaskInstance: 06_monitoring.task_1 scheduled__2022-11-17T00:00:00+00:00 [queued]>
[2023-02-05 21:27:31,741] {taskinstance.py:1376} INFO - 
--------------------------------------------------------------------------------
[2023-02-05 21:27:31,741] {taskinstance.py:1377} INFO - Starting attempt 2 of 2
[2023-02-05 21:27:31,741] {taskinstance.py:1378} INFO - 
--------------------------------------------------------------------------------
[2023-02-05 21:27:31,761] {taskinstance.py:1397} INFO - Executing <Task(BashOperator): task_1> on 2022-11-17 00:00:00+00:00
[2023-02-05 21:27:31,764] {standard_task_runner.py:52} INFO - Started process 35792 to run task
[2023-02-05 21:27:31,769] {standard_task_runner.py:79} INFO - Running: ['airflow', 'tasks', 'run', '06_monitoring', 'task_1', 'scheduled__2022-11-17T00:00:00+00:00', '--job-id', '208', '--raw', '--subdir', 'DAGS_FOLDER/06_monitoring.py', '--cfg-path', '/tmp/tmp8_om4ol_', '--error-file', '/tmp/tmptqgv6iov']
[2023-02-05 21:27:31,770] {standard_task_runner.py:80} INFO - Job 208: Subtask task_1
[2023-02-05 21:27:31,852] {task_command.py:371} INFO - Running <TaskInstance: 06_monitoring.task_1 scheduled__2022-11-17T00:00:00+00:00 [running]> on host pc.
[2023-02-05 21:27:31,937] {taskinstance.py:1589} INFO - Exporting the following env vars:
AIRFLOW_CTX_DAG_OWNER=airflow
AIRFLOW_CTX_DAG_ID=06_monitoring
AIRFLOW_CTX_TASK_ID=task_1
AIRFLOW_CTX_EXECUTION_DATE=2022-11-17T00:00:00+00:00
AIRFLOW_CTX_TRY_NUMBER=2
AIRFLOW_CTX_DAG_RUN_ID=scheduled__2022-11-17T00:00:00+00:00
[2023-02-05 21:27:31,938] {subprocess.py:62} INFO - Tmp dir root location: 
 /tmp
[2023-02-05 21:27:31,939] {subprocess.py:74} INFO - Running command: ['bash', '-c', "sleep 2 && echo 'First task!'"]
[2023-02-05 21:27:31,946] {subprocess.py:85} INFO - Output:
[2023-02-05 21:27:33,949] {subprocess.py:92} INFO - First task!
[2023-02-05 21:27:33,949] {subprocess.py:96} INFO - Command exited with return code 0
[2023-02-05 21:27:33,982] {taskinstance.py:1415} INFO - Marking task as SUCCESS. dag_id=06_monitoring, task_id=task_1, execution_date=20221117T000000, start_date=20230206T022731, end_date=20230206T022733
[2023-02-05 21:27:34,030] {local_task_job.py:156} INFO - Task exited with return code 0
[2023-02-05 21:27:34,059] {local_task_job.py:273} INFO - 0 downstream tasks scheduled from follow-on schedule check
