[2023-02-05 23:40:14,570] {taskinstance.py:1179} INFO - Dependencies all met for <TaskInstance: 06_monitoring_trigger_rules.task_3 scheduled__2022-11-13T00:00:00+00:00 [queued]>
[2023-02-05 23:40:14,580] {taskinstance.py:1179} INFO - Dependencies all met for <TaskInstance: 06_monitoring_trigger_rules.task_3 scheduled__2022-11-13T00:00:00+00:00 [queued]>
[2023-02-05 23:40:14,580] {taskinstance.py:1376} INFO - 
--------------------------------------------------------------------------------
[2023-02-05 23:40:14,580] {taskinstance.py:1377} INFO - Starting attempt 1 of 3
[2023-02-05 23:40:14,580] {taskinstance.py:1378} INFO - 
--------------------------------------------------------------------------------
[2023-02-05 23:40:14,601] {taskinstance.py:1397} INFO - Executing <Task(BashOperator): task_3> on 2022-11-13 00:00:00+00:00
[2023-02-05 23:40:14,604] {standard_task_runner.py:52} INFO - Started process 39591 to run task
[2023-02-05 23:40:14,609] {standard_task_runner.py:79} INFO - Running: ['airflow', 'tasks', 'run', '06_monitoring_trigger_rules', 'task_3', 'scheduled__2022-11-13T00:00:00+00:00', '--job-id', '346', '--raw', '--subdir', 'DAGS_FOLDER/06.2_monitoring_trigger_rules.py', '--cfg-path', '/tmp/tmpw2qt4kd_', '--error-file', '/tmp/tmpmd2vjddm']
[2023-02-05 23:40:14,610] {standard_task_runner.py:80} INFO - Job 346: Subtask task_3
[2023-02-05 23:40:14,683] {task_command.py:371} INFO - Running <TaskInstance: 06_monitoring_trigger_rules.task_3 scheduled__2022-11-13T00:00:00+00:00 [running]> on host pc.
[2023-02-05 23:40:14,771] {taskinstance.py:1589} INFO - Exporting the following env vars:
AIRFLOW_CTX_DAG_OWNER=airflow
AIRFLOW_CTX_DAG_ID=06_monitoring_trigger_rules
AIRFLOW_CTX_TASK_ID=task_3
AIRFLOW_CTX_EXECUTION_DATE=2022-11-13T00:00:00+00:00
AIRFLOW_CTX_TRY_NUMBER=1
AIRFLOW_CTX_DAG_RUN_ID=scheduled__2022-11-13T00:00:00+00:00
[2023-02-05 23:40:14,772] {subprocess.py:62} INFO - Tmp dir root location: 
 /tmp
[2023-02-05 23:40:14,773] {subprocess.py:74} INFO - Running command: ['bash', '-c', "sleep 2 && echo 'Third task!'"]
[2023-02-05 23:40:14,783] {subprocess.py:85} INFO - Output:
[2023-02-05 23:40:16,783] {subprocess.py:92} INFO - Third task!
[2023-02-05 23:40:16,783] {subprocess.py:96} INFO - Command exited with return code 0
[2023-02-05 23:40:16,814] {taskinstance.py:1415} INFO - Marking task as SUCCESS. dag_id=06_monitoring_trigger_rules, task_id=task_3, execution_date=20221113T000000, start_date=20230206T044014, end_date=20230206T044016
[2023-02-05 23:40:16,869] {local_task_job.py:156} INFO - Task exited with return code 0
[2023-02-05 23:40:16,919] {local_task_job.py:273} INFO - 1 downstream tasks scheduled from follow-on schedule check
