[2023-02-07 19:33:49,723] {taskinstance.py:1179} INFO - Dependencies all met for <TaskInstance: 07.2_external_task_sensor.task-2 scheduled__2023-01-02T00:00:00+00:00 [queued]>
[2023-02-07 19:33:49,739] {taskinstance.py:1179} INFO - Dependencies all met for <TaskInstance: 07.2_external_task_sensor.task-2 scheduled__2023-01-02T00:00:00+00:00 [queued]>
[2023-02-07 19:33:49,740] {taskinstance.py:1376} INFO - 
--------------------------------------------------------------------------------
[2023-02-07 19:33:49,740] {taskinstance.py:1377} INFO - Starting attempt 1 of 1
[2023-02-07 19:33:49,740] {taskinstance.py:1378} INFO - 
--------------------------------------------------------------------------------
[2023-02-07 19:33:49,765] {taskinstance.py:1397} INFO - Executing <Task(BashOperator): task-2> on 2023-01-02 00:00:00+00:00
[2023-02-07 19:33:49,769] {standard_task_runner.py:52} INFO - Started process 42383 to run task
[2023-02-07 19:33:49,775] {standard_task_runner.py:79} INFO - Running: ['airflow', 'tasks', 'run', '07.2_external_task_sensor', 'task-2', 'scheduled__2023-01-02T00:00:00+00:00', '--job-id', '641', '--raw', '--subdir', 'DAGS_FOLDER/07.2_external_task_sensor.py', '--cfg-path', '/tmp/tmpooz3084g', '--error-file', '/tmp/tmpm6c49khd']
[2023-02-07 19:33:49,777] {standard_task_runner.py:80} INFO - Job 641: Subtask task-2
[2023-02-07 19:33:49,880] {task_command.py:371} INFO - Running <TaskInstance: 07.2_external_task_sensor.task-2 scheduled__2023-01-02T00:00:00+00:00 [running]> on host pc.
[2023-02-07 19:33:50,017] {taskinstance.py:1589} INFO - Exporting the following env vars:
AIRFLOW_CTX_DAG_OWNER=airflow
AIRFLOW_CTX_DAG_ID=07.2_external_task_sensor
AIRFLOW_CTX_TASK_ID=task-2
AIRFLOW_CTX_EXECUTION_DATE=2023-01-02T00:00:00+00:00
AIRFLOW_CTX_TRY_NUMBER=1
AIRFLOW_CTX_DAG_RUN_ID=scheduled__2023-01-02T00:00:00+00:00
[2023-02-07 19:33:50,019] {subprocess.py:62} INFO - Tmp dir root location: 
 /tmp
[2023-02-07 19:33:50,019] {subprocess.py:74} INFO - Running command: ['bash', '-c', "sleep 5 && echo 'DAG 2 ended'"]
[2023-02-07 19:33:50,030] {subprocess.py:85} INFO - Output:
[2023-02-07 19:33:55,033] {subprocess.py:92} INFO - DAG 2 ended
[2023-02-07 19:33:55,033] {subprocess.py:96} INFO - Command exited with return code 0
[2023-02-07 19:33:56,390] {taskinstance.py:1415} INFO - Marking task as SUCCESS. dag_id=07.2_external_task_sensor, task_id=task-2, execution_date=20230102T000000, start_date=20230208T003349, end_date=20230208T003356
[2023-02-07 19:33:56,433] {local_task_job.py:156} INFO - Task exited with return code 0
[2023-02-07 19:33:56,454] {local_task_job.py:273} INFO - 0 downstream tasks scheduled from follow-on schedule check
