[2023-02-07 20:02:05,445] {taskinstance.py:1179} INFO - Dependencies all met for <TaskInstance: 07.3_file_sensor.end_task scheduled__2022-12-27T00:00:00+00:00 [queued]>
[2023-02-07 20:02:05,459] {taskinstance.py:1179} INFO - Dependencies all met for <TaskInstance: 07.3_file_sensor.end_task scheduled__2022-12-27T00:00:00+00:00 [queued]>
[2023-02-07 20:02:05,460] {taskinstance.py:1376} INFO - 
--------------------------------------------------------------------------------
[2023-02-07 20:02:05,460] {taskinstance.py:1377} INFO - Starting attempt 1 of 1
[2023-02-07 20:02:05,460] {taskinstance.py:1378} INFO - 
--------------------------------------------------------------------------------
[2023-02-07 20:02:05,487] {taskinstance.py:1397} INFO - Executing <Task(BashOperator): end_task> on 2022-12-27 00:00:00+00:00
[2023-02-07 20:02:05,491] {standard_task_runner.py:52} INFO - Started process 43419 to run task
[2023-02-07 20:02:05,499] {standard_task_runner.py:79} INFO - Running: ['airflow', 'tasks', 'run', '07.3_file_sensor', 'end_task', 'scheduled__2022-12-27T00:00:00+00:00', '--job-id', '892', '--raw', '--subdir', 'DAGS_FOLDER/07.3_file_sensor.py', '--cfg-path', '/tmp/tmpaji3sqy6', '--error-file', '/tmp/tmpcjpx3zb6']
[2023-02-07 20:02:05,500] {standard_task_runner.py:80} INFO - Job 892: Subtask end_task
[2023-02-07 20:02:05,604] {task_command.py:371} INFO - Running <TaskInstance: 07.3_file_sensor.end_task scheduled__2022-12-27T00:00:00+00:00 [running]> on host pc.
[2023-02-07 20:02:05,705] {taskinstance.py:1589} INFO - Exporting the following env vars:
AIRFLOW_CTX_DAG_OWNER=airflow
AIRFLOW_CTX_DAG_ID=07.3_file_sensor
AIRFLOW_CTX_TASK_ID=end_task
AIRFLOW_CTX_EXECUTION_DATE=2022-12-27T00:00:00+00:00
AIRFLOW_CTX_TRY_NUMBER=1
AIRFLOW_CTX_DAG_RUN_ID=scheduled__2022-12-27T00:00:00+00:00
[2023-02-07 20:02:05,706] {subprocess.py:62} INFO - Tmp dir root location: 
 /tmp
[2023-02-07 20:02:05,707] {subprocess.py:74} INFO - Running command: ['bash', '-c', "echo 'The file has arrived!'"]
[2023-02-07 20:02:05,717] {subprocess.py:85} INFO - Output:
[2023-02-07 20:02:05,719] {subprocess.py:92} INFO - The file has arrived!
[2023-02-07 20:02:05,719] {subprocess.py:96} INFO - Command exited with return code 0
[2023-02-07 20:02:05,750] {taskinstance.py:1415} INFO - Marking task as SUCCESS. dag_id=07.3_file_sensor, task_id=end_task, execution_date=20221227T000000, start_date=20230208T010205, end_date=20230208T010205
[2023-02-07 20:02:05,792] {local_task_job.py:156} INFO - Task exited with return code 0
[2023-02-07 20:02:05,816] {local_task_job.py:273} INFO - 0 downstream tasks scheduled from follow-on schedule check
