[2023-02-06 00:10:40,535] {taskinstance.py:1179} INFO - Dependencies all met for <TaskInstance: 06_monitoring_trigger_rules.task_3 scheduled__2022-11-01T00:00:00+00:00 [queued]>
[2023-02-06 00:10:40,545] {taskinstance.py:1179} INFO - Dependencies all met for <TaskInstance: 06_monitoring_trigger_rules.task_3 scheduled__2022-11-01T00:00:00+00:00 [queued]>
[2023-02-06 00:10:40,545] {taskinstance.py:1376} INFO - 
--------------------------------------------------------------------------------
[2023-02-06 00:10:40,545] {taskinstance.py:1377} INFO - Starting attempt 2 of 4
[2023-02-06 00:10:40,545] {taskinstance.py:1378} INFO - 
--------------------------------------------------------------------------------
[2023-02-06 00:10:40,566] {taskinstance.py:1397} INFO - Executing <Task(BashOperator): task_3> on 2022-11-01 00:00:00+00:00
[2023-02-06 00:10:40,569] {standard_task_runner.py:52} INFO - Started process 40391 to run task
[2023-02-06 00:10:40,574] {standard_task_runner.py:79} INFO - Running: ['airflow', 'tasks', 'run', '06_monitoring_trigger_rules', 'task_3', 'scheduled__2022-11-01T00:00:00+00:00', '--job-id', '373', '--raw', '--subdir', 'DAGS_FOLDER/06.2_monitoring_trigger_rules.py', '--cfg-path', '/tmp/tmpachcb4pf', '--error-file', '/tmp/tmp3n3_tc7k']
[2023-02-06 00:10:40,575] {standard_task_runner.py:80} INFO - Job 373: Subtask task_3
[2023-02-06 00:10:40,651] {task_command.py:371} INFO - Running <TaskInstance: 06_monitoring_trigger_rules.task_3 scheduled__2022-11-01T00:00:00+00:00 [running]> on host pc.
[2023-02-06 00:10:40,738] {taskinstance.py:1589} INFO - Exporting the following env vars:
AIRFLOW_CTX_DAG_OWNER=airflow
AIRFLOW_CTX_DAG_ID=06_monitoring_trigger_rules
AIRFLOW_CTX_TASK_ID=task_3
AIRFLOW_CTX_EXECUTION_DATE=2022-11-01T00:00:00+00:00
AIRFLOW_CTX_TRY_NUMBER=2
AIRFLOW_CTX_DAG_RUN_ID=scheduled__2022-11-01T00:00:00+00:00
[2023-02-06 00:10:40,739] {subprocess.py:62} INFO - Tmp dir root location: 
 /tmp
[2023-02-06 00:10:40,740] {subprocess.py:74} INFO - Running command: ['bash', '-c', "sleep 2 && echo 'Third task!'"]
[2023-02-06 00:10:40,747] {subprocess.py:85} INFO - Output:
[2023-02-06 00:10:42,750] {subprocess.py:92} INFO - Third task!
[2023-02-06 00:10:42,750] {subprocess.py:96} INFO - Command exited with return code 0
[2023-02-06 00:10:42,780] {taskinstance.py:1415} INFO - Marking task as SUCCESS. dag_id=06_monitoring_trigger_rules, task_id=task_3, execution_date=20221101T000000, start_date=20230206T051040, end_date=20230206T051042
[2023-02-06 00:10:42,834] {local_task_job.py:156} INFO - Task exited with return code 0
[2023-02-06 00:10:42,882] {local_task_job.py:273} INFO - 1 downstream tasks scheduled from follow-on schedule check
