[2023-02-05 23:33:53,587] {taskinstance.py:1179} INFO - Dependencies all met for <TaskInstance: 06_monitoring_trigger_rules.task_3 scheduled__2022-11-01T00:00:00+00:00 [queued]>
[2023-02-05 23:33:53,596] {taskinstance.py:1179} INFO - Dependencies all met for <TaskInstance: 06_monitoring_trigger_rules.task_3 scheduled__2022-11-01T00:00:00+00:00 [queued]>
[2023-02-05 23:33:53,596] {taskinstance.py:1376} INFO - 
--------------------------------------------------------------------------------
[2023-02-05 23:33:53,597] {taskinstance.py:1377} INFO - Starting attempt 1 of 3
[2023-02-05 23:33:53,597] {taskinstance.py:1378} INFO - 
--------------------------------------------------------------------------------
[2023-02-05 23:33:53,617] {taskinstance.py:1397} INFO - Executing <Task(BashOperator): task_3> on 2022-11-01 00:00:00+00:00
[2023-02-05 23:33:53,620] {standard_task_runner.py:52} INFO - Started process 39142 to run task
[2023-02-05 23:33:53,625] {standard_task_runner.py:79} INFO - Running: ['airflow', 'tasks', 'run', '06_monitoring_trigger_rules', 'task_3', 'scheduled__2022-11-01T00:00:00+00:00', '--job-id', '250', '--raw', '--subdir', 'DAGS_FOLDER/06.2_monitoring_trigger_rules.py', '--cfg-path', '/tmp/tmpzqdxpy60', '--error-file', '/tmp/tmp5v_e7rsj']
[2023-02-05 23:33:53,626] {standard_task_runner.py:80} INFO - Job 250: Subtask task_3
[2023-02-05 23:33:53,698] {task_command.py:371} INFO - Running <TaskInstance: 06_monitoring_trigger_rules.task_3 scheduled__2022-11-01T00:00:00+00:00 [running]> on host pc.
[2023-02-05 23:33:53,779] {taskinstance.py:1589} INFO - Exporting the following env vars:
AIRFLOW_CTX_DAG_OWNER=airflow
AIRFLOW_CTX_DAG_ID=06_monitoring_trigger_rules
AIRFLOW_CTX_TASK_ID=task_3
AIRFLOW_CTX_EXECUTION_DATE=2022-11-01T00:00:00+00:00
AIRFLOW_CTX_TRY_NUMBER=1
AIRFLOW_CTX_DAG_RUN_ID=scheduled__2022-11-01T00:00:00+00:00
[2023-02-05 23:33:53,780] {subprocess.py:62} INFO - Tmp dir root location: 
 /tmp
[2023-02-05 23:33:53,781] {subprocess.py:74} INFO - Running command: ['bash', '-c', "sleep 2 && echo 'Third task!'"]
[2023-02-05 23:33:53,788] {subprocess.py:85} INFO - Output:
[2023-02-05 23:33:55,791] {subprocess.py:92} INFO - Third task!
[2023-02-05 23:33:55,791] {subprocess.py:96} INFO - Command exited with return code 0
[2023-02-05 23:33:55,843] {taskinstance.py:1415} INFO - Marking task as SUCCESS. dag_id=06_monitoring_trigger_rules, task_id=task_3, execution_date=20221101T000000, start_date=20230206T043353, end_date=20230206T043355
[2023-02-05 23:33:55,885] {local_task_job.py:156} INFO - Task exited with return code 0
[2023-02-05 23:33:55,933] {local_task_job.py:273} INFO - 1 downstream tasks scheduled from follow-on schedule check
