[2023-02-05 17:51:20,540] {taskinstance.py:1179} INFO - Dependencies all met for <TaskInstance: orchestration.task_3 scheduled__2023-01-24T00:00:00+00:00 [queued]>
[2023-02-05 17:51:20,550] {taskinstance.py:1179} INFO - Dependencies all met for <TaskInstance: orchestration.task_3 scheduled__2023-01-24T00:00:00+00:00 [queued]>
[2023-02-05 17:51:20,550] {taskinstance.py:1376} INFO - 
--------------------------------------------------------------------------------
[2023-02-05 17:51:20,550] {taskinstance.py:1377} INFO - Starting attempt 1 of 1
[2023-02-05 17:51:20,550] {taskinstance.py:1378} INFO - 
--------------------------------------------------------------------------------
[2023-02-05 17:51:20,571] {taskinstance.py:1397} INFO - Executing <Task(BashOperator): task_3> on 2023-01-24 00:00:00+00:00
[2023-02-05 17:51:20,574] {standard_task_runner.py:52} INFO - Started process 30301 to run task
[2023-02-05 17:51:20,579] {standard_task_runner.py:79} INFO - Running: ['airflow', 'tasks', 'run', 'orchestration', 'task_3', 'scheduled__2023-01-24T00:00:00+00:00', '--job-id', '145', '--raw', '--subdir', 'DAGS_FOLDER/5_orchestration_2.py', '--cfg-path', '/tmp/tmp547h6twy', '--error-file', '/tmp/tmpub7x56y2']
[2023-02-05 17:51:20,580] {standard_task_runner.py:80} INFO - Job 145: Subtask task_3
[2023-02-05 17:51:20,661] {task_command.py:371} INFO - Running <TaskInstance: orchestration.task_3 scheduled__2023-01-24T00:00:00+00:00 [running]> on host pc.
[2023-02-05 17:51:20,750] {taskinstance.py:1589} INFO - Exporting the following env vars:
AIRFLOW_CTX_DAG_OWNER=airflow
AIRFLOW_CTX_DAG_ID=orchestration
AIRFLOW_CTX_TASK_ID=task_3
AIRFLOW_CTX_EXECUTION_DATE=2023-01-24T00:00:00+00:00
AIRFLOW_CTX_TRY_NUMBER=1
AIRFLOW_CTX_DAG_RUN_ID=scheduled__2023-01-24T00:00:00+00:00
[2023-02-05 17:51:20,751] {subprocess.py:62} INFO - Tmp dir root location: 
 /tmp
[2023-02-05 17:51:20,752] {subprocess.py:74} INFO - Running command: ['bash', '-c', "sleep 2 && echo 'Task_3'"]
[2023-02-05 17:51:20,760] {subprocess.py:85} INFO - Output:
[2023-02-05 17:51:22,762] {subprocess.py:92} INFO - Task_3
[2023-02-05 17:51:22,763] {subprocess.py:96} INFO - Command exited with return code 0
[2023-02-05 17:51:24,612] {taskinstance.py:1415} INFO - Marking task as SUCCESS. dag_id=orchestration, task_id=task_3, execution_date=20230124T000000, start_date=20230205T225120, end_date=20230205T225124
[2023-02-05 17:51:24,647] {local_task_job.py:156} INFO - Task exited with return code 0
[2023-02-05 17:51:24,685] {local_task_job.py:273} INFO - 0 downstream tasks scheduled from follow-on schedule check
