[2023-02-08 00:07:23,941] {taskinstance.py:1179} INFO - Dependencies all met for <TaskInstance: 09_Xcoms.task_1_source scheduled__2022-12-03T00:00:00+00:00 [queued]>
[2023-02-08 00:07:23,953] {taskinstance.py:1179} INFO - Dependencies all met for <TaskInstance: 09_Xcoms.task_1_source scheduled__2022-12-03T00:00:00+00:00 [queued]>
[2023-02-08 00:07:23,954] {taskinstance.py:1376} INFO - 
--------------------------------------------------------------------------------
[2023-02-08 00:07:23,955] {taskinstance.py:1377} INFO - Starting attempt 2 of 2
[2023-02-08 00:07:23,955] {taskinstance.py:1378} INFO - 
--------------------------------------------------------------------------------
[2023-02-08 00:07:23,979] {taskinstance.py:1397} INFO - Executing <Task(BashOperator): task_1_source> on 2022-12-03 00:00:00+00:00
[2023-02-08 00:07:23,983] {standard_task_runner.py:52} INFO - Started process 51463 to run task
[2023-02-08 00:07:23,990] {standard_task_runner.py:79} INFO - Running: ['airflow', 'tasks', 'run', '09_Xcoms', 'task_1_source', 'scheduled__2022-12-03T00:00:00+00:00', '--job-id', '1076', '--raw', '--subdir', 'DAGS_FOLDER/09_xcoms.py', '--cfg-path', '/tmp/tmpq20o96r1', '--error-file', '/tmp/tmpm6er92fy']
[2023-02-08 00:07:23,992] {standard_task_runner.py:80} INFO - Job 1076: Subtask task_1_source
[2023-02-08 00:07:24,081] {task_command.py:371} INFO - Running <TaskInstance: 09_Xcoms.task_1_source scheduled__2022-12-03T00:00:00+00:00 [running]> on host pc.
[2023-02-08 00:07:24,184] {taskinstance.py:1589} INFO - Exporting the following env vars:
AIRFLOW_CTX_DAG_OWNER=airflow
AIRFLOW_CTX_DAG_ID=09_Xcoms
AIRFLOW_CTX_TASK_ID=task_1_source
AIRFLOW_CTX_EXECUTION_DATE=2022-12-03T00:00:00+00:00
AIRFLOW_CTX_TRY_NUMBER=2
AIRFLOW_CTX_DAG_RUN_ID=scheduled__2022-12-03T00:00:00+00:00
[2023-02-08 00:07:24,185] {subprocess.py:62} INFO - Tmp dir root location: 
 /tmp
[2023-02-08 00:07:24,186] {subprocess.py:74} INFO - Running command: ['bash', '-c', 'sleep 5 && echo $((5 * 3))']
[2023-02-08 00:07:24,195] {subprocess.py:85} INFO - Output:
[2023-02-08 00:07:29,198] {subprocess.py:92} INFO - 15
[2023-02-08 00:07:29,199] {subprocess.py:96} INFO - Command exited with return code 0
[2023-02-08 00:07:29,231] {taskinstance.py:1415} INFO - Marking task as SUCCESS. dag_id=09_Xcoms, task_id=task_1_source, execution_date=20221203T000000, start_date=20230208T050723, end_date=20230208T050729
[2023-02-08 00:07:29,264] {local_task_job.py:156} INFO - Task exited with return code 0
[2023-02-08 00:07:29,306] {local_task_job.py:273} INFO - 1 downstream tasks scheduled from follow-on schedule check
