[2023-02-08 02:04:54,145] {taskinstance.py:1179} INFO - Dependencies all met for <TaskInstance: 10_branching.start_15_june scheduled__2022-07-16T00:00:00+00:00 [queued]>
[2023-02-08 02:04:54,161] {taskinstance.py:1179} INFO - Dependencies all met for <TaskInstance: 10_branching.start_15_june scheduled__2022-07-16T00:00:00+00:00 [queued]>
[2023-02-08 02:04:54,161] {taskinstance.py:1376} INFO - 
--------------------------------------------------------------------------------
[2023-02-08 02:04:54,161] {taskinstance.py:1377} INFO - Starting attempt 1 of 1
[2023-02-08 02:04:54,161] {taskinstance.py:1378} INFO - 
--------------------------------------------------------------------------------
[2023-02-08 02:04:54,184] {taskinstance.py:1397} INFO - Executing <Task(BashOperator): start_15_june> on 2022-07-16 00:00:00+00:00
[2023-02-08 02:04:54,188] {standard_task_runner.py:52} INFO - Started process 56013 to run task
[2023-02-08 02:04:54,195] {standard_task_runner.py:79} INFO - Running: ['airflow', 'tasks', 'run', '10_branching', 'start_15_june', 'scheduled__2022-07-16T00:00:00+00:00', '--job-id', '1424', '--raw', '--subdir', 'DAGS_FOLDER/10_branchpythonoperator.py', '--cfg-path', '/tmp/tmp_f2bqcva', '--error-file', '/tmp/tmp7dmjtads']
[2023-02-08 02:04:54,196] {standard_task_runner.py:80} INFO - Job 1424: Subtask start_15_june
[2023-02-08 02:04:54,345] {task_command.py:371} INFO - Running <TaskInstance: 10_branching.start_15_june scheduled__2022-07-16T00:00:00+00:00 [running]> on host pc.
[2023-02-08 02:04:54,467] {taskinstance.py:1589} INFO - Exporting the following env vars:
AIRFLOW_CTX_DAG_OWNER=airflow
AIRFLOW_CTX_DAG_ID=10_branching
AIRFLOW_CTX_TASK_ID=start_15_june
AIRFLOW_CTX_EXECUTION_DATE=2022-07-16T00:00:00+00:00
AIRFLOW_CTX_TRY_NUMBER=1
AIRFLOW_CTX_DAG_RUN_ID=scheduled__2022-07-16T00:00:00+00:00
[2023-02-08 02:04:54,469] {subprocess.py:62} INFO - Tmp dir root location: 
 /tmp
[2023-02-08 02:04:54,470] {subprocess.py:74} INFO - Running command: ['bash', '-c', "echo 'Running 2022-07-16'"]
[2023-02-08 02:04:54,483] {subprocess.py:85} INFO - Output:
[2023-02-08 02:04:54,485] {subprocess.py:92} INFO - Running 2022-07-16
[2023-02-08 02:04:54,485] {subprocess.py:96} INFO - Command exited with return code 0
[2023-02-08 02:04:54,521] {taskinstance.py:1415} INFO - Marking task as SUCCESS. dag_id=10_branching, task_id=start_15_june, execution_date=20220716T000000, start_date=20230208T070454, end_date=20230208T070454
[2023-02-08 02:04:54,569] {local_task_job.py:156} INFO - Task exited with return code 0
[2023-02-08 02:04:54,599] {local_task_job.py:273} INFO - 0 downstream tasks scheduled from follow-on schedule check
