[2023-02-06 00:20:00,812] {taskinstance.py:1179} INFO - Dependencies all met for <TaskInstance: 06_monitoring_trigger_rules.task_5 scheduled__2022-11-14T00:00:00+00:00 [queued]>
[2023-02-06 00:20:00,826] {taskinstance.py:1179} INFO - Dependencies all met for <TaskInstance: 06_monitoring_trigger_rules.task_5 scheduled__2022-11-14T00:00:00+00:00 [queued]>
[2023-02-06 00:20:00,826] {taskinstance.py:1376} INFO - 
--------------------------------------------------------------------------------
[2023-02-06 00:20:00,826] {taskinstance.py:1377} INFO - Starting attempt 1 of 3
[2023-02-06 00:20:00,827] {taskinstance.py:1378} INFO - 
--------------------------------------------------------------------------------
[2023-02-06 00:20:00,848] {taskinstance.py:1397} INFO - Executing <Task(BashOperator): task_5> on 2022-11-14 00:00:00+00:00
[2023-02-06 00:20:00,852] {standard_task_runner.py:52} INFO - Started process 40716 to run task
[2023-02-06 00:20:00,860] {standard_task_runner.py:79} INFO - Running: ['airflow', 'tasks', 'run', '06_monitoring_trigger_rules', 'task_5', 'scheduled__2022-11-14T00:00:00+00:00', '--job-id', '398', '--raw', '--subdir', 'DAGS_FOLDER/06.2_monitoring_trigger_rules.py', '--cfg-path', '/tmp/tmpj_fxxcsf', '--error-file', '/tmp/tmptdpsawmy']
[2023-02-06 00:20:00,863] {standard_task_runner.py:80} INFO - Job 398: Subtask task_5
[2023-02-06 00:20:00,957] {task_command.py:371} INFO - Running <TaskInstance: 06_monitoring_trigger_rules.task_5 scheduled__2022-11-14T00:00:00+00:00 [running]> on host pc.
[2023-02-06 00:20:01,085] {taskinstance.py:1589} INFO - Exporting the following env vars:
AIRFLOW_CTX_DAG_OWNER=airflow
AIRFLOW_CTX_DAG_ID=06_monitoring_trigger_rules
AIRFLOW_CTX_TASK_ID=task_5
AIRFLOW_CTX_EXECUTION_DATE=2022-11-14T00:00:00+00:00
AIRFLOW_CTX_TRY_NUMBER=1
AIRFLOW_CTX_DAG_RUN_ID=scheduled__2022-11-14T00:00:00+00:00
[2023-02-06 00:20:01,086] {subprocess.py:62} INFO - Tmp dir root location: 
 /tmp
[2023-02-06 00:20:01,087] {subprocess.py:74} INFO - Running command: ['bash', '-c', "sleep 2 && echo 'Fifth task!'"]
[2023-02-06 00:20:01,096] {subprocess.py:85} INFO - Output:
[2023-02-06 00:20:03,099] {subprocess.py:92} INFO - Fifth task!
[2023-02-06 00:20:03,100] {subprocess.py:96} INFO - Command exited with return code 0
[2023-02-06 00:20:03,139] {taskinstance.py:1415} INFO - Marking task as SUCCESS. dag_id=06_monitoring_trigger_rules, task_id=task_5, execution_date=20221114T000000, start_date=20230206T052000, end_date=20230206T052003
[2023-02-06 00:20:03,204] {local_task_job.py:156} INFO - Task exited with return code 0
[2023-02-06 00:20:03,232] {local_task_job.py:273} INFO - 0 downstream tasks scheduled from follow-on schedule check
