[2023-02-08 02:05:07,433] {taskinstance.py:1179} INFO - Dependencies all met for <TaskInstance: 10_branching.branch scheduled__2022-07-19T00:00:00+00:00 [queued]>
[2023-02-08 02:05:07,445] {taskinstance.py:1179} INFO - Dependencies all met for <TaskInstance: 10_branching.branch scheduled__2022-07-19T00:00:00+00:00 [queued]>
[2023-02-08 02:05:07,446] {taskinstance.py:1376} INFO - 
--------------------------------------------------------------------------------
[2023-02-08 02:05:07,446] {taskinstance.py:1377} INFO - Starting attempt 1 of 1
[2023-02-08 02:05:07,446] {taskinstance.py:1378} INFO - 
--------------------------------------------------------------------------------
[2023-02-08 02:05:07,471] {taskinstance.py:1397} INFO - Executing <Task(BranchPythonOperator): branch> on 2022-07-19 00:00:00+00:00
[2023-02-08 02:05:07,475] {standard_task_runner.py:52} INFO - Started process 56031 to run task
[2023-02-08 02:05:07,483] {standard_task_runner.py:79} INFO - Running: ['airflow', 'tasks', 'run', '10_branching', 'branch', 'scheduled__2022-07-19T00:00:00+00:00', '--job-id', '1428', '--raw', '--subdir', 'DAGS_FOLDER/10_branchpythonoperator.py', '--cfg-path', '/tmp/tmp7wxgr1j0', '--error-file', '/tmp/tmpluxxw01l']
[2023-02-08 02:05:07,484] {standard_task_runner.py:80} INFO - Job 1428: Subtask branch
[2023-02-08 02:05:07,604] {task_command.py:371} INFO - Running <TaskInstance: 10_branching.branch scheduled__2022-07-19T00:00:00+00:00 [running]> on host pc.
[2023-02-08 02:05:07,722] {taskinstance.py:1589} INFO - Exporting the following env vars:
AIRFLOW_CTX_DAG_OWNER=airflow
AIRFLOW_CTX_DAG_ID=10_branching
AIRFLOW_CTX_TASK_ID=branch
AIRFLOW_CTX_EXECUTION_DATE=2022-07-19T00:00:00+00:00
AIRFLOW_CTX_TRY_NUMBER=1
AIRFLOW_CTX_DAG_RUN_ID=scheduled__2022-07-19T00:00:00+00:00
[2023-02-08 02:05:07,725] {python.py:173} INFO - Done. Returned value was: start_15_june
[2023-02-08 02:05:07,726] {skipmixin.py:140} INFO - Following branch start_15_june
[2023-02-08 02:05:07,727] {skipmixin.py:175} INFO - Skipping tasks ['finish_14_june']
[2023-02-08 02:05:07,795] {taskinstance.py:1415} INFO - Marking task as SUCCESS. dag_id=10_branching, task_id=branch, execution_date=20220719T000000, start_date=20230208T070507, end_date=20230208T070507
[2023-02-08 02:05:07,853] {local_task_job.py:156} INFO - Task exited with return code 0
[2023-02-08 02:05:07,911] {local_task_job.py:273} INFO - 1 downstream tasks scheduled from follow-on schedule check
