[2023-02-05 17:49:18,894] {taskinstance.py:1179} INFO - Dependencies all met for <TaskInstance: orchestration.task_4 scheduled__2023-01-17T00:00:00+00:00 [queued]>
[2023-02-05 17:49:18,909] {taskinstance.py:1179} INFO - Dependencies all met for <TaskInstance: orchestration.task_4 scheduled__2023-01-17T00:00:00+00:00 [queued]>
[2023-02-05 17:49:18,909] {taskinstance.py:1376} INFO - 
--------------------------------------------------------------------------------
[2023-02-05 17:49:18,909] {taskinstance.py:1377} INFO - Starting attempt 1 of 1
[2023-02-05 17:49:18,910] {taskinstance.py:1378} INFO - 
--------------------------------------------------------------------------------
[2023-02-05 17:49:18,940] {taskinstance.py:1397} INFO - Executing <Task(BashOperator): task_4> on 2023-01-17 00:00:00+00:00
[2023-02-05 17:49:18,943] {standard_task_runner.py:52} INFO - Started process 30175 to run task
[2023-02-05 17:49:18,948] {standard_task_runner.py:79} INFO - Running: ['airflow', 'tasks', 'run', 'orchestration', 'task_4', 'scheduled__2023-01-17T00:00:00+00:00', '--job-id', '118', '--raw', '--subdir', 'DAGS_FOLDER/5_orchestration_2.py', '--cfg-path', '/tmp/tmprc0xtou7', '--error-file', '/tmp/tmpy9sk1lew']
[2023-02-05 17:49:18,950] {standard_task_runner.py:80} INFO - Job 118: Subtask task_4
[2023-02-05 17:49:19,027] {task_command.py:371} INFO - Running <TaskInstance: orchestration.task_4 scheduled__2023-01-17T00:00:00+00:00 [running]> on host pc.
[2023-02-05 17:49:19,114] {taskinstance.py:1589} INFO - Exporting the following env vars:
AIRFLOW_CTX_DAG_OWNER=airflow
AIRFLOW_CTX_DAG_ID=orchestration
AIRFLOW_CTX_TASK_ID=task_4
AIRFLOW_CTX_EXECUTION_DATE=2023-01-17T00:00:00+00:00
AIRFLOW_CTX_TRY_NUMBER=1
AIRFLOW_CTX_DAG_RUN_ID=scheduled__2023-01-17T00:00:00+00:00
[2023-02-05 17:49:19,116] {subprocess.py:62} INFO - Tmp dir root location: 
 /tmp
[2023-02-05 17:49:19,119] {subprocess.py:74} INFO - Running command: ['bash', '-c', "sleep 2 && echo 'Task_4'"]
[2023-02-05 17:49:19,127] {subprocess.py:85} INFO - Output:
[2023-02-05 17:49:21,129] {subprocess.py:92} INFO - Task_4
[2023-02-05 17:49:21,130] {subprocess.py:96} INFO - Command exited with return code 0
[2023-02-05 17:49:21,163] {taskinstance.py:1415} INFO - Marking task as SUCCESS. dag_id=orchestration, task_id=task_4, execution_date=20230117T000000, start_date=20230205T224918, end_date=20230205T224921
[2023-02-05 17:49:21,209] {local_task_job.py:156} INFO - Task exited with return code 0
[2023-02-05 17:49:21,280] {local_task_job.py:273} INFO - 1 downstream tasks scheduled from follow-on schedule check
[2023-02-05 17:59:50,986] {taskinstance.py:1179} INFO - Dependencies all met for <TaskInstance: orchestration.task_4 scheduled__2023-01-17T00:00:00+00:00 [queued]>
[2023-02-05 17:59:51,000] {taskinstance.py:1179} INFO - Dependencies all met for <TaskInstance: orchestration.task_4 scheduled__2023-01-17T00:00:00+00:00 [queued]>
[2023-02-05 17:59:51,000] {taskinstance.py:1376} INFO - 
--------------------------------------------------------------------------------
[2023-02-05 17:59:51,000] {taskinstance.py:1377} INFO - Starting attempt 1 of 1
[2023-02-05 17:59:51,000] {taskinstance.py:1378} INFO - 
--------------------------------------------------------------------------------
[2023-02-05 17:59:51,022] {taskinstance.py:1397} INFO - Executing <Task(BashOperator): task_4> on 2023-01-17 00:00:00+00:00
[2023-02-05 17:59:51,025] {standard_task_runner.py:52} INFO - Started process 30829 to run task
[2023-02-05 17:59:51,031] {standard_task_runner.py:79} INFO - Running: ['airflow', 'tasks', 'run', 'orchestration', 'task_4', 'scheduled__2023-01-17T00:00:00+00:00', '--job-id', '118', '--raw', '--subdir', 'DAGS_FOLDER/5_orchestration_2.py', '--cfg-path', '/tmp/tmpr_jli2x2', '--error-file', '/tmp/tmpxxju9459']
[2023-02-05 17:59:51,032] {standard_task_runner.py:80} INFO - Job 118: Subtask task_4
[2023-02-05 17:59:51,111] {task_command.py:371} INFO - Running <TaskInstance: orchestration.task_4 scheduled__2023-01-17T00:00:00+00:00 [running]> on host pc.
[2023-02-05 17:59:51,193] {taskinstance.py:1589} INFO - Exporting the following env vars:
AIRFLOW_CTX_DAG_OWNER=airflow
AIRFLOW_CTX_DAG_ID=orchestration
AIRFLOW_CTX_TASK_ID=task_4
AIRFLOW_CTX_EXECUTION_DATE=2023-01-17T00:00:00+00:00
AIRFLOW_CTX_TRY_NUMBER=1
AIRFLOW_CTX_DAG_RUN_ID=scheduled__2023-01-17T00:00:00+00:00
[2023-02-05 17:59:51,195] {subprocess.py:62} INFO - Tmp dir root location: 
 /tmp
[2023-02-05 17:59:51,196] {subprocess.py:74} INFO - Running command: ['bash', '-c', "sleep 1 && echo 'Task_4'"]
[2023-02-05 17:59:51,203] {subprocess.py:85} INFO - Output:
[2023-02-05 17:59:52,206] {subprocess.py:92} INFO - Task_4
[2023-02-05 17:59:52,206] {subprocess.py:96} INFO - Command exited with return code 0
[2023-02-05 17:59:52,238] {taskinstance.py:1415} INFO - Marking task as SUCCESS. dag_id=orchestration, task_id=task_4, execution_date=20230117T000000, start_date=20230205T225950, end_date=20230205T225952
[2023-02-05 17:59:52,286] {local_task_job.py:156} INFO - Task exited with return code 0
[2023-02-05 17:59:52,338] {local_task_job.py:273} INFO - 1 downstream tasks scheduled from follow-on schedule check
