[2023-02-05 21:10:41,647] {taskinstance.py:1179} INFO - Dependencies all met for <TaskInstance: 06_monitoring.task_1 scheduled__2022-11-02T00:00:00+00:00 [queued]>
[2023-02-05 21:10:41,662] {taskinstance.py:1179} INFO - Dependencies all met for <TaskInstance: 06_monitoring.task_1 scheduled__2022-11-02T00:00:00+00:00 [queued]>
[2023-02-05 21:10:41,662] {taskinstance.py:1376} INFO - 
--------------------------------------------------------------------------------
[2023-02-05 21:10:41,662] {taskinstance.py:1377} INFO - Starting attempt 1 of 1
[2023-02-05 21:10:41,662] {taskinstance.py:1378} INFO - 
--------------------------------------------------------------------------------
[2023-02-05 21:10:41,687] {taskinstance.py:1397} INFO - Executing <Task(BashOperator): task_1> on 2022-11-02 00:00:00+00:00
[2023-02-05 21:10:41,690] {standard_task_runner.py:52} INFO - Started process 34980 to run task
[2023-02-05 21:10:41,701] {standard_task_runner.py:79} INFO - Running: ['airflow', 'tasks', 'run', '06_monitoring', 'task_1', 'scheduled__2022-11-02T00:00:00+00:00', '--job-id', '126', '--raw', '--subdir', 'DAGS_FOLDER/06_monitoring.py', '--cfg-path', '/tmp/tmpb9cfxiyx', '--error-file', '/tmp/tmpn1glc9qc']
[2023-02-05 21:10:41,702] {standard_task_runner.py:80} INFO - Job 126: Subtask task_1
[2023-02-05 21:10:41,793] {task_command.py:371} INFO - Running <TaskInstance: 06_monitoring.task_1 scheduled__2022-11-02T00:00:00+00:00 [running]> on host pc.
[2023-02-05 21:10:41,882] {taskinstance.py:1589} INFO - Exporting the following env vars:
AIRFLOW_CTX_DAG_OWNER=airflow
AIRFLOW_CTX_DAG_ID=06_monitoring
AIRFLOW_CTX_TASK_ID=task_1
AIRFLOW_CTX_EXECUTION_DATE=2022-11-02T00:00:00+00:00
AIRFLOW_CTX_TRY_NUMBER=1
AIRFLOW_CTX_DAG_RUN_ID=scheduled__2022-11-02T00:00:00+00:00
[2023-02-05 21:10:41,884] {subprocess.py:62} INFO - Tmp dir root location: 
 /tmp
[2023-02-05 21:10:41,885] {subprocess.py:74} INFO - Running command: ['bash', '-c', "sleep 2 && echo 'First task!'"]
[2023-02-05 21:10:41,892] {subprocess.py:85} INFO - Output:
[2023-02-05 21:10:43,895] {subprocess.py:92} INFO - First task!
[2023-02-05 21:10:43,895] {subprocess.py:96} INFO - Command exited with return code 0
[2023-02-05 21:10:43,925] {taskinstance.py:1415} INFO - Marking task as SUCCESS. dag_id=06_monitoring, task_id=task_1, execution_date=20221102T000000, start_date=20230206T021041, end_date=20230206T021043
[2023-02-05 21:10:43,964] {local_task_job.py:156} INFO - Task exited with return code 0
[2023-02-05 21:10:44,021] {local_task_job.py:273} INFO - 1 downstream tasks scheduled from follow-on schedule check
[2023-02-05 21:13:51,346] {taskinstance.py:1179} INFO - Dependencies all met for <TaskInstance: 06_monitoring.task_1 scheduled__2022-11-02T00:00:00+00:00 [queued]>
[2023-02-05 21:13:51,357] {taskinstance.py:1179} INFO - Dependencies all met for <TaskInstance: 06_monitoring.task_1 scheduled__2022-11-02T00:00:00+00:00 [queued]>
[2023-02-05 21:13:51,357] {taskinstance.py:1376} INFO - 
--------------------------------------------------------------------------------
[2023-02-05 21:13:51,357] {taskinstance.py:1377} INFO - Starting attempt 1 of 1
[2023-02-05 21:13:51,357] {taskinstance.py:1378} INFO - 
--------------------------------------------------------------------------------
[2023-02-05 21:13:51,377] {taskinstance.py:1397} INFO - Executing <Task(BashOperator): task_1> on 2022-11-02 00:00:00+00:00
[2023-02-05 21:13:51,381] {standard_task_runner.py:52} INFO - Started process 35201 to run task
[2023-02-05 21:13:51,386] {standard_task_runner.py:79} INFO - Running: ['airflow', 'tasks', 'run', '06_monitoring', 'task_1', 'scheduled__2022-11-02T00:00:00+00:00', '--job-id', '125', '--raw', '--subdir', 'DAGS_FOLDER/06_monitoring.py', '--cfg-path', '/tmp/tmpoqk9wobl', '--error-file', '/tmp/tmpclmtjygg']
[2023-02-05 21:13:51,387] {standard_task_runner.py:80} INFO - Job 125: Subtask task_1
[2023-02-05 21:13:51,471] {task_command.py:371} INFO - Running <TaskInstance: 06_monitoring.task_1 scheduled__2022-11-02T00:00:00+00:00 [running]> on host pc.
[2023-02-05 21:13:51,555] {taskinstance.py:1589} INFO - Exporting the following env vars:
AIRFLOW_CTX_DAG_OWNER=airflow
AIRFLOW_CTX_DAG_ID=06_monitoring
AIRFLOW_CTX_TASK_ID=task_1
AIRFLOW_CTX_EXECUTION_DATE=2022-11-02T00:00:00+00:00
AIRFLOW_CTX_TRY_NUMBER=1
AIRFLOW_CTX_DAG_RUN_ID=scheduled__2022-11-02T00:00:00+00:00
[2023-02-05 21:13:51,557] {subprocess.py:62} INFO - Tmp dir root location: 
 /tmp
[2023-02-05 21:13:51,557] {subprocess.py:74} INFO - Running command: ['bash', '-c', "sleep 2 && echo 'First task!'"]
[2023-02-05 21:13:51,566] {subprocess.py:85} INFO - Output:
[2023-02-05 21:13:53,568] {subprocess.py:92} INFO - First task!
[2023-02-05 21:13:53,568] {subprocess.py:96} INFO - Command exited with return code 0
[2023-02-05 21:13:53,622] {taskinstance.py:1415} INFO - Marking task as SUCCESS. dag_id=06_monitoring, task_id=task_1, execution_date=20221102T000000, start_date=20230206T021351, end_date=20230206T021353
[2023-02-05 21:13:53,646] {local_task_job.py:156} INFO - Task exited with return code 0
[2023-02-05 21:13:53,698] {local_task_job.py:273} INFO - 1 downstream tasks scheduled from follow-on schedule check
[2023-02-05 21:32:56,704] {taskinstance.py:1179} INFO - Dependencies all met for <TaskInstance: 06_monitoring.task_1 scheduled__2022-11-02T00:00:00+00:00 [queued]>
[2023-02-05 21:32:56,714] {taskinstance.py:1179} INFO - Dependencies all met for <TaskInstance: 06_monitoring.task_1 scheduled__2022-11-02T00:00:00+00:00 [queued]>
[2023-02-05 21:32:56,715] {taskinstance.py:1376} INFO - 
--------------------------------------------------------------------------------
[2023-02-05 21:32:56,715] {taskinstance.py:1377} INFO - Starting attempt 1 of 1
[2023-02-05 21:32:56,715] {taskinstance.py:1378} INFO - 
--------------------------------------------------------------------------------
[2023-02-05 21:32:56,762] {taskinstance.py:1397} INFO - Executing <Task(BashOperator): task_1> on 2022-11-02 00:00:00+00:00
[2023-02-05 21:32:56,765] {standard_task_runner.py:52} INFO - Started process 36062 to run task
[2023-02-05 21:32:56,771] {standard_task_runner.py:79} INFO - Running: ['airflow', 'tasks', 'run', '06_monitoring', 'task_1', 'scheduled__2022-11-02T00:00:00+00:00', '--job-id', '125', '--raw', '--subdir', 'DAGS_FOLDER/06_monitoring.py', '--cfg-path', '/tmp/tmpp163s0kk', '--error-file', '/tmp/tmp9sjfwn6m']
[2023-02-05 21:32:56,772] {standard_task_runner.py:80} INFO - Job 125: Subtask task_1
[2023-02-05 21:32:56,857] {task_command.py:371} INFO - Running <TaskInstance: 06_monitoring.task_1 scheduled__2022-11-02T00:00:00+00:00 [running]> on host pc.
[2023-02-05 21:32:56,950] {taskinstance.py:1589} INFO - Exporting the following env vars:
AIRFLOW_CTX_DAG_OWNER=airflow
AIRFLOW_CTX_DAG_ID=06_monitoring
AIRFLOW_CTX_TASK_ID=task_1
AIRFLOW_CTX_EXECUTION_DATE=2022-11-02T00:00:00+00:00
AIRFLOW_CTX_TRY_NUMBER=1
AIRFLOW_CTX_DAG_RUN_ID=scheduled__2022-11-02T00:00:00+00:00
[2023-02-05 21:32:56,952] {subprocess.py:62} INFO - Tmp dir root location: 
 /tmp
[2023-02-05 21:32:56,952] {subprocess.py:74} INFO - Running command: ['bash', '-c', "sleep 2 && echo 'First task!'"]
[2023-02-05 21:32:56,960] {subprocess.py:85} INFO - Output:
[2023-02-05 21:32:58,962] {subprocess.py:92} INFO - First task!
[2023-02-05 21:32:58,963] {subprocess.py:96} INFO - Command exited with return code 0
[2023-02-05 21:32:59,051] {taskinstance.py:1415} INFO - Marking task as SUCCESS. dag_id=06_monitoring, task_id=task_1, execution_date=20221102T000000, start_date=20230206T023256, end_date=20230206T023259
[2023-02-05 21:32:59,073] {local_task_job.py:156} INFO - Task exited with return code 0
[2023-02-05 21:32:59,134] {local_task_job.py:273} INFO - 1 downstream tasks scheduled from follow-on schedule check
