[2023-02-08 00:43:34,992] {taskinstance.py:1179} INFO - Dependencies all met for <TaskInstance: 09_Xcoms.task_1_source scheduled__2023-01-11T00:00:00+00:00 [queued]>
[2023-02-08 00:43:35,005] {taskinstance.py:1179} INFO - Dependencies all met for <TaskInstance: 09_Xcoms.task_1_source scheduled__2023-01-11T00:00:00+00:00 [queued]>
[2023-02-08 00:43:35,006] {taskinstance.py:1376} INFO - 
--------------------------------------------------------------------------------
[2023-02-08 00:43:35,006] {taskinstance.py:1377} INFO - Starting attempt 1 of 1
[2023-02-08 00:43:35,006] {taskinstance.py:1378} INFO - 
--------------------------------------------------------------------------------
[2023-02-08 00:43:35,027] {taskinstance.py:1397} INFO - Executing <Task(BashOperator): task_1_source> on 2023-01-11 00:00:00+00:00
[2023-02-08 00:43:35,031] {standard_task_runner.py:52} INFO - Started process 53053 to run task
[2023-02-08 00:43:35,037] {standard_task_runner.py:79} INFO - Running: ['airflow', 'tasks', 'run', '09_Xcoms', 'task_1_source', 'scheduled__2023-01-11T00:00:00+00:00', '--job-id', '1309', '--raw', '--subdir', 'DAGS_FOLDER/09_xcoms.py', '--cfg-path', '/tmp/tmpsqlmmbbc', '--error-file', '/tmp/tmpuy7o2dbs']
[2023-02-08 00:43:35,038] {standard_task_runner.py:80} INFO - Job 1309: Subtask task_1_source
[2023-02-08 00:43:35,126] {task_command.py:371} INFO - Running <TaskInstance: 09_Xcoms.task_1_source scheduled__2023-01-11T00:00:00+00:00 [running]> on host pc.
[2023-02-08 00:43:35,222] {taskinstance.py:1589} INFO - Exporting the following env vars:
AIRFLOW_CTX_DAG_OWNER=airflow
AIRFLOW_CTX_DAG_ID=09_Xcoms
AIRFLOW_CTX_TASK_ID=task_1_source
AIRFLOW_CTX_EXECUTION_DATE=2023-01-11T00:00:00+00:00
AIRFLOW_CTX_TRY_NUMBER=1
AIRFLOW_CTX_DAG_RUN_ID=scheduled__2023-01-11T00:00:00+00:00
[2023-02-08 00:43:35,223] {subprocess.py:62} INFO - Tmp dir root location: 
 /tmp
[2023-02-08 00:43:35,224] {subprocess.py:74} INFO - Running command: ['bash', '-c', 'sleep 5 && echo $((5 * 3))']
[2023-02-08 00:43:35,233] {subprocess.py:85} INFO - Output:
[2023-02-08 00:43:40,236] {subprocess.py:92} INFO - 15
[2023-02-08 00:43:40,237] {subprocess.py:96} INFO - Command exited with return code 0
[2023-02-08 00:43:40,266] {taskinstance.py:1415} INFO - Marking task as SUCCESS. dag_id=09_Xcoms, task_id=task_1_source, execution_date=20230111T000000, start_date=20230208T054334, end_date=20230208T054340
[2023-02-08 00:43:40,319] {local_task_job.py:156} INFO - Task exited with return code 0
[2023-02-08 00:43:40,377] {local_task_job.py:273} INFO - 1 downstream tasks scheduled from follow-on schedule check
