[2023-02-08 00:46:46,300] {taskinstance.py:1179} INFO - Dependencies all met for <TaskInstance: 09_Xcoms.task_2_pull scheduled__2023-01-22T00:00:00+00:00 [queued]>
[2023-02-08 00:46:46,313] {taskinstance.py:1179} INFO - Dependencies all met for <TaskInstance: 09_Xcoms.task_2_pull scheduled__2023-01-22T00:00:00+00:00 [queued]>
[2023-02-08 00:46:46,313] {taskinstance.py:1376} INFO - 
--------------------------------------------------------------------------------
[2023-02-08 00:46:46,313] {taskinstance.py:1377} INFO - Starting attempt 1 of 1
[2023-02-08 00:46:46,313] {taskinstance.py:1378} INFO - 
--------------------------------------------------------------------------------
[2023-02-08 00:46:46,335] {taskinstance.py:1397} INFO - Executing <Task(BashOperator): task_2_pull> on 2023-01-22 00:00:00+00:00
[2023-02-08 00:46:46,339] {standard_task_runner.py:52} INFO - Started process 53218 to run task
[2023-02-08 00:46:46,345] {standard_task_runner.py:79} INFO - Running: ['airflow', 'tasks', 'run', '09_Xcoms', 'task_2_pull', 'scheduled__2023-01-22T00:00:00+00:00', '--job-id', '1343', '--raw', '--subdir', 'DAGS_FOLDER/09_xcoms.py', '--cfg-path', '/tmp/tmpxolj35wl', '--error-file', '/tmp/tmpp8_u0x4e']
[2023-02-08 00:46:46,347] {standard_task_runner.py:80} INFO - Job 1343: Subtask task_2_pull
[2023-02-08 00:46:46,439] {task_command.py:371} INFO - Running <TaskInstance: 09_Xcoms.task_2_pull scheduled__2023-01-22T00:00:00+00:00 [running]> on host pc.
[2023-02-08 00:46:46,549] {taskinstance.py:1589} INFO - Exporting the following env vars:
AIRFLOW_CTX_DAG_OWNER=airflow
AIRFLOW_CTX_DAG_ID=09_Xcoms
AIRFLOW_CTX_TASK_ID=task_2_pull
AIRFLOW_CTX_EXECUTION_DATE=2023-01-22T00:00:00+00:00
AIRFLOW_CTX_TRY_NUMBER=1
AIRFLOW_CTX_DAG_RUN_ID=scheduled__2023-01-22T00:00:00+00:00
[2023-02-08 00:46:46,551] {subprocess.py:62} INFO - Tmp dir root location: 
 /tmp
[2023-02-08 00:46:46,552] {subprocess.py:74} INFO - Running command: ['bash', '-c', 'sleep 3 && echo 15']
[2023-02-08 00:46:46,561] {subprocess.py:85} INFO - Output:
[2023-02-08 00:46:49,564] {subprocess.py:92} INFO - 15
[2023-02-08 00:46:49,565] {subprocess.py:96} INFO - Command exited with return code 0
[2023-02-08 00:46:49,608] {taskinstance.py:1415} INFO - Marking task as SUCCESS. dag_id=09_Xcoms, task_id=task_2_pull, execution_date=20230122T000000, start_date=20230208T054646, end_date=20230208T054649
[2023-02-08 00:46:49,658] {local_task_job.py:156} INFO - Task exited with return code 0
[2023-02-08 00:46:49,701] {local_task_job.py:273} INFO - 1 downstream tasks scheduled from follow-on schedule check
