[2023-02-05 17:47:59,590] {taskinstance.py:1179} INFO - Dependencies all met for <TaskInstance: orchestration.task_2 scheduled__2023-01-14T00:00:00+00:00 [queued]>
[2023-02-05 17:47:59,603] {taskinstance.py:1179} INFO - Dependencies all met for <TaskInstance: orchestration.task_2 scheduled__2023-01-14T00:00:00+00:00 [queued]>
[2023-02-05 17:47:59,603] {taskinstance.py:1376} INFO - 
--------------------------------------------------------------------------------
[2023-02-05 17:47:59,603] {taskinstance.py:1377} INFO - Starting attempt 1 of 1
[2023-02-05 17:47:59,604] {taskinstance.py:1378} INFO - 
--------------------------------------------------------------------------------
[2023-02-05 17:47:59,627] {taskinstance.py:1397} INFO - Executing <Task(BashOperator): task_2> on 2023-01-14 00:00:00+00:00
[2023-02-05 17:47:59,631] {standard_task_runner.py:52} INFO - Started process 30092 to run task
[2023-02-05 17:47:59,636] {standard_task_runner.py:79} INFO - Running: ['airflow', 'tasks', 'run', 'orchestration', 'task_2', 'scheduled__2023-01-14T00:00:00+00:00', '--job-id', '100', '--raw', '--subdir', 'DAGS_FOLDER/5_orchestration_2.py', '--cfg-path', '/tmp/tmpqf02yv1n', '--error-file', '/tmp/tmpalkr3m6r']
[2023-02-05 17:47:59,637] {standard_task_runner.py:80} INFO - Job 100: Subtask task_2
[2023-02-05 17:47:59,723] {task_command.py:371} INFO - Running <TaskInstance: orchestration.task_2 scheduled__2023-01-14T00:00:00+00:00 [running]> on host pc.
[2023-02-05 17:47:59,817] {taskinstance.py:1589} INFO - Exporting the following env vars:
AIRFLOW_CTX_DAG_OWNER=airflow
AIRFLOW_CTX_DAG_ID=orchestration
AIRFLOW_CTX_TASK_ID=task_2
AIRFLOW_CTX_EXECUTION_DATE=2023-01-14T00:00:00+00:00
AIRFLOW_CTX_TRY_NUMBER=1
AIRFLOW_CTX_DAG_RUN_ID=scheduled__2023-01-14T00:00:00+00:00
[2023-02-05 17:47:59,819] {subprocess.py:62} INFO - Tmp dir root location: 
 /tmp
[2023-02-05 17:47:59,819] {subprocess.py:74} INFO - Running command: ['bash', '-c', "sleep 2 && echo 'Task_2'"]
[2023-02-05 17:47:59,827] {subprocess.py:85} INFO - Output:
[2023-02-05 17:48:01,829] {subprocess.py:92} INFO - Task_2
[2023-02-05 17:48:01,829] {subprocess.py:96} INFO - Command exited with return code 0
[2023-02-05 17:48:01,858] {taskinstance.py:1415} INFO - Marking task as SUCCESS. dag_id=orchestration, task_id=task_2, execution_date=20230114T000000, start_date=20230205T224759, end_date=20230205T224801
[2023-02-05 17:48:01,895] {local_task_job.py:156} INFO - Task exited with return code 0
[2023-02-05 17:48:01,949] {local_task_job.py:273} INFO - 2 downstream tasks scheduled from follow-on schedule check
[2023-02-05 17:59:02,536] {taskinstance.py:1179} INFO - Dependencies all met for <TaskInstance: orchestration.task_2 scheduled__2023-01-14T00:00:00+00:00 [queued]>
[2023-02-05 17:59:02,549] {taskinstance.py:1179} INFO - Dependencies all met for <TaskInstance: orchestration.task_2 scheduled__2023-01-14T00:00:00+00:00 [queued]>
[2023-02-05 17:59:02,550] {taskinstance.py:1376} INFO - 
--------------------------------------------------------------------------------
[2023-02-05 17:59:02,550] {taskinstance.py:1377} INFO - Starting attempt 1 of 1
[2023-02-05 17:59:02,550] {taskinstance.py:1378} INFO - 
--------------------------------------------------------------------------------
[2023-02-05 17:59:02,570] {taskinstance.py:1397} INFO - Executing <Task(BashOperator): task_2> on 2023-01-14 00:00:00+00:00
[2023-02-05 17:59:02,573] {standard_task_runner.py:52} INFO - Started process 30761 to run task
[2023-02-05 17:59:02,578] {standard_task_runner.py:79} INFO - Running: ['airflow', 'tasks', 'run', 'orchestration', 'task_2', 'scheduled__2023-01-14T00:00:00+00:00', '--job-id', '104', '--raw', '--subdir', 'DAGS_FOLDER/5_orchestration_2.py', '--cfg-path', '/tmp/tmpbb4urdex', '--error-file', '/tmp/tmppxnlsx8x']
[2023-02-05 17:59:02,579] {standard_task_runner.py:80} INFO - Job 104: Subtask task_2
[2023-02-05 17:59:02,664] {task_command.py:371} INFO - Running <TaskInstance: orchestration.task_2 scheduled__2023-01-14T00:00:00+00:00 [running]> on host pc.
[2023-02-05 17:59:02,742] {taskinstance.py:1589} INFO - Exporting the following env vars:
AIRFLOW_CTX_DAG_OWNER=airflow
AIRFLOW_CTX_DAG_ID=orchestration
AIRFLOW_CTX_TASK_ID=task_2
AIRFLOW_CTX_EXECUTION_DATE=2023-01-14T00:00:00+00:00
AIRFLOW_CTX_TRY_NUMBER=1
AIRFLOW_CTX_DAG_RUN_ID=scheduled__2023-01-14T00:00:00+00:00
[2023-02-05 17:59:02,743] {subprocess.py:62} INFO - Tmp dir root location: 
 /tmp
[2023-02-05 17:59:02,744] {subprocess.py:74} INFO - Running command: ['bash', '-c', "sleep 1 && echo 'Task_2'"]
[2023-02-05 17:59:02,750] {subprocess.py:85} INFO - Output:
[2023-02-05 17:59:03,753] {subprocess.py:92} INFO - Task_2
[2023-02-05 17:59:03,753] {subprocess.py:96} INFO - Command exited with return code 0
[2023-02-05 17:59:03,792] {taskinstance.py:1415} INFO - Marking task as SUCCESS. dag_id=orchestration, task_id=task_2, execution_date=20230114T000000, start_date=20230205T225902, end_date=20230205T225903
[2023-02-05 17:59:03,846] {local_task_job.py:156} INFO - Task exited with return code 0
[2023-02-05 17:59:03,899] {local_task_job.py:273} INFO - 2 downstream tasks scheduled from follow-on schedule check
