[2023-02-05 21:10:48,918] {taskinstance.py:1179} INFO - Dependencies all met for <TaskInstance: 06_monitoring.task_5 scheduled__2022-11-02T00:00:00+00:00 [queued]>
[2023-02-05 21:10:48,928] {taskinstance.py:1179} INFO - Dependencies all met for <TaskInstance: 06_monitoring.task_5 scheduled__2022-11-02T00:00:00+00:00 [queued]>
[2023-02-05 21:10:48,929] {taskinstance.py:1376} INFO - 
--------------------------------------------------------------------------------
[2023-02-05 21:10:48,930] {taskinstance.py:1377} INFO - Starting attempt 1 of 1
[2023-02-05 21:10:48,930] {taskinstance.py:1378} INFO - 
--------------------------------------------------------------------------------
[2023-02-05 21:10:48,955] {taskinstance.py:1397} INFO - Executing <Task(BashOperator): task_5> on 2022-11-02 00:00:00+00:00
[2023-02-05 21:10:48,958] {standard_task_runner.py:52} INFO - Started process 34987 to run task
[2023-02-05 21:10:48,963] {standard_task_runner.py:79} INFO - Running: ['airflow', 'tasks', 'run', '06_monitoring', 'task_5', 'scheduled__2022-11-02T00:00:00+00:00', '--job-id', '128', '--raw', '--subdir', 'DAGS_FOLDER/06_monitoring.py', '--cfg-path', '/tmp/tmpvqwaurcl', '--error-file', '/tmp/tmpzx9g1cv9']
[2023-02-05 21:10:48,964] {standard_task_runner.py:80} INFO - Job 128: Subtask task_5
[2023-02-05 21:10:49,046] {task_command.py:371} INFO - Running <TaskInstance: 06_monitoring.task_5 scheduled__2022-11-02T00:00:00+00:00 [running]> on host pc.
[2023-02-05 21:10:49,141] {taskinstance.py:1589} INFO - Exporting the following env vars:
AIRFLOW_CTX_DAG_OWNER=airflow
AIRFLOW_CTX_DAG_ID=06_monitoring
AIRFLOW_CTX_TASK_ID=task_5
AIRFLOW_CTX_EXECUTION_DATE=2022-11-02T00:00:00+00:00
AIRFLOW_CTX_TRY_NUMBER=1
AIRFLOW_CTX_DAG_RUN_ID=scheduled__2022-11-02T00:00:00+00:00
[2023-02-05 21:10:49,142] {subprocess.py:62} INFO - Tmp dir root location: 
 /tmp
[2023-02-05 21:10:49,143] {subprocess.py:74} INFO - Running command: ['bash', '-c', "sleep 2 && echo 'Fifth task!'"]
[2023-02-05 21:10:49,151] {subprocess.py:85} INFO - Output:
[2023-02-05 21:10:51,154] {subprocess.py:92} INFO - Fifth task!
[2023-02-05 21:10:51,154] {subprocess.py:96} INFO - Command exited with return code 0
[2023-02-05 21:10:51,184] {taskinstance.py:1415} INFO - Marking task as SUCCESS. dag_id=06_monitoring, task_id=task_5, execution_date=20221102T000000, start_date=20230206T021048, end_date=20230206T021051
[2023-02-05 21:10:51,226] {local_task_job.py:156} INFO - Task exited with return code 0
[2023-02-05 21:10:51,257] {local_task_job.py:273} INFO - 0 downstream tasks scheduled from follow-on schedule check
[2023-02-05 21:42:49,294] {taskinstance.py:1179} INFO - Dependencies all met for <TaskInstance: 06_monitoring.task_5 scheduled__2022-11-02T00:00:00+00:00 [queued]>
[2023-02-05 21:42:49,305] {taskinstance.py:1179} INFO - Dependencies all met for <TaskInstance: 06_monitoring.task_5 scheduled__2022-11-02T00:00:00+00:00 [queued]>
[2023-02-05 21:42:49,305] {taskinstance.py:1376} INFO - 
--------------------------------------------------------------------------------
[2023-02-05 21:42:49,305] {taskinstance.py:1377} INFO - Starting attempt 1 of 1
[2023-02-05 21:42:49,305] {taskinstance.py:1378} INFO - 
--------------------------------------------------------------------------------
[2023-02-05 21:42:49,327] {taskinstance.py:1397} INFO - Executing <Task(BashOperator): task_5> on 2022-11-02 00:00:00+00:00
[2023-02-05 21:42:49,330] {standard_task_runner.py:52} INFO - Started process 36550 to run task
[2023-02-05 21:42:49,335] {standard_task_runner.py:79} INFO - Running: ['airflow', 'tasks', 'run', '06_monitoring', 'task_5', 'scheduled__2022-11-02T00:00:00+00:00', '--job-id', '201', '--raw', '--subdir', 'DAGS_FOLDER/06_monitoring.py', '--cfg-path', '/tmp/tmpd99017sg', '--error-file', '/tmp/tmpjsjyplaj']
[2023-02-05 21:42:49,337] {standard_task_runner.py:80} INFO - Job 201: Subtask task_5
[2023-02-05 21:42:49,418] {task_command.py:371} INFO - Running <TaskInstance: 06_monitoring.task_5 scheduled__2022-11-02T00:00:00+00:00 [running]> on host pc.
[2023-02-05 21:42:49,506] {taskinstance.py:1589} INFO - Exporting the following env vars:
AIRFLOW_CTX_DAG_OWNER=airflow
AIRFLOW_CTX_DAG_ID=06_monitoring
AIRFLOW_CTX_TASK_ID=task_5
AIRFLOW_CTX_EXECUTION_DATE=2022-11-02T00:00:00+00:00
AIRFLOW_CTX_TRY_NUMBER=1
AIRFLOW_CTX_DAG_RUN_ID=scheduled__2022-11-02T00:00:00+00:00
[2023-02-05 21:42:49,507] {subprocess.py:62} INFO - Tmp dir root location: 
 /tmp
[2023-02-05 21:42:49,508] {subprocess.py:74} INFO - Running command: ['bash', '-c', "sleep 2 && echo 'Fifth task!'"]
[2023-02-05 21:42:49,515] {subprocess.py:85} INFO - Output:
[2023-02-05 21:42:51,518] {subprocess.py:92} INFO - Fifth task!
[2023-02-05 21:42:51,518] {subprocess.py:96} INFO - Command exited with return code 0
[2023-02-05 21:42:51,548] {taskinstance.py:1415} INFO - Marking task as SUCCESS. dag_id=06_monitoring, task_id=task_5, execution_date=20221102T000000, start_date=20230206T024249, end_date=20230206T024251
[2023-02-05 21:42:51,594] {local_task_job.py:156} INFO - Task exited with return code 0
[2023-02-05 21:42:51,622] {local_task_job.py:273} INFO - 0 downstream tasks scheduled from follow-on schedule check
