[2023-02-08 00:50:45,817] {taskinstance.py:1179} INFO - Dependencies all met for <TaskInstance: 09_Xcoms.task_3_pull scheduled__2023-02-05T00:00:00+00:00 [queued]>
[2023-02-08 00:50:45,830] {taskinstance.py:1179} INFO - Dependencies all met for <TaskInstance: 09_Xcoms.task_3_pull scheduled__2023-02-05T00:00:00+00:00 [queued]>
[2023-02-08 00:50:45,831] {taskinstance.py:1376} INFO - 
--------------------------------------------------------------------------------
[2023-02-08 00:50:45,831] {taskinstance.py:1377} INFO - Starting attempt 1 of 1
[2023-02-08 00:50:45,831] {taskinstance.py:1378} INFO - 
--------------------------------------------------------------------------------
[2023-02-08 00:50:45,854] {taskinstance.py:1397} INFO - Executing <Task(PythonOperator): task_3_pull> on 2023-02-05 00:00:00+00:00
[2023-02-08 00:50:45,858] {standard_task_runner.py:52} INFO - Started process 53425 to run task
[2023-02-08 00:50:45,865] {standard_task_runner.py:79} INFO - Running: ['airflow', 'tasks', 'run', '09_Xcoms', 'task_3_pull', 'scheduled__2023-02-05T00:00:00+00:00', '--job-id', '1386', '--raw', '--subdir', 'DAGS_FOLDER/09_xcoms.py', '--cfg-path', '/tmp/tmp0xdc0hrg', '--error-file', '/tmp/tmpx_s80_1m']
[2023-02-08 00:50:45,866] {standard_task_runner.py:80} INFO - Job 1386: Subtask task_3_pull
[2023-02-08 00:50:45,960] {task_command.py:371} INFO - Running <TaskInstance: 09_Xcoms.task_3_pull scheduled__2023-02-05T00:00:00+00:00 [running]> on host pc.
[2023-02-08 00:50:46,057] {taskinstance.py:1589} INFO - Exporting the following env vars:
AIRFLOW_CTX_DAG_OWNER=airflow
AIRFLOW_CTX_DAG_ID=09_Xcoms
AIRFLOW_CTX_TASK_ID=task_3_pull
AIRFLOW_CTX_EXECUTION_DATE=2023-02-05T00:00:00+00:00
AIRFLOW_CTX_TRY_NUMBER=1
AIRFLOW_CTX_DAG_RUN_ID=scheduled__2023-02-05T00:00:00+00:00
[2023-02-08 00:50:46,066] {logging_mixin.py:115} INFO - 9
[2023-02-08 00:50:46,067] {python.py:173} INFO - Done. Returned value was: None
[2023-02-08 00:50:46,076] {taskinstance.py:1415} INFO - Marking task as SUCCESS. dag_id=09_Xcoms, task_id=task_3_pull, execution_date=20230205T000000, start_date=20230208T055045, end_date=20230208T055046
[2023-02-08 00:50:46,115] {local_task_job.py:156} INFO - Task exited with return code 0
[2023-02-08 00:50:46,141] {local_task_job.py:273} INFO - 0 downstream tasks scheduled from follow-on schedule check
