[2023-02-05 21:12:07,435] {taskinstance.py:1179} INFO - Dependencies all met for <TaskInstance: 06_monitoring.task_2 scheduled__2022-11-10T00:00:00+00:00 [queued]>
[2023-02-05 21:12:07,448] {taskinstance.py:1179} INFO - Dependencies all met for <TaskInstance: 06_monitoring.task_2 scheduled__2022-11-10T00:00:00+00:00 [queued]>
[2023-02-05 21:12:07,448] {taskinstance.py:1376} INFO - 
--------------------------------------------------------------------------------
[2023-02-05 21:12:07,448] {taskinstance.py:1377} INFO - Starting attempt 1 of 1
[2023-02-05 21:12:07,448] {taskinstance.py:1378} INFO - 
--------------------------------------------------------------------------------
[2023-02-05 21:12:07,468] {taskinstance.py:1397} INFO - Executing <Task(BashOperator): task_2> on 2022-11-10 00:00:00+00:00
[2023-02-05 21:12:07,472] {standard_task_runner.py:52} INFO - Started process 35087 to run task
[2023-02-05 21:12:07,477] {standard_task_runner.py:79} INFO - Running: ['airflow', 'tasks', 'run', '06_monitoring', 'task_2', 'scheduled__2022-11-10T00:00:00+00:00', '--job-id', '151', '--raw', '--subdir', 'DAGS_FOLDER/06_monitoring.py', '--cfg-path', '/tmp/tmp0t3d2an9', '--error-file', '/tmp/tmpgulctskm']
[2023-02-05 21:12:07,478] {standard_task_runner.py:80} INFO - Job 151: Subtask task_2
[2023-02-05 21:12:07,563] {task_command.py:371} INFO - Running <TaskInstance: 06_monitoring.task_2 scheduled__2022-11-10T00:00:00+00:00 [running]> on host pc.
[2023-02-05 21:12:07,661] {taskinstance.py:1589} INFO - Exporting the following env vars:
AIRFLOW_CTX_DAG_OWNER=airflow
AIRFLOW_CTX_DAG_ID=06_monitoring
AIRFLOW_CTX_TASK_ID=task_2
AIRFLOW_CTX_EXECUTION_DATE=2022-11-10T00:00:00+00:00
AIRFLOW_CTX_TRY_NUMBER=1
AIRFLOW_CTX_DAG_RUN_ID=scheduled__2022-11-10T00:00:00+00:00
[2023-02-05 21:12:07,663] {subprocess.py:62} INFO - Tmp dir root location: 
 /tmp
[2023-02-05 21:12:07,663] {subprocess.py:74} INFO - Running command: ['bash', '-c', "sleep 2 && echo 'Second task!"]
[2023-02-05 21:12:07,671] {subprocess.py:85} INFO - Output:
[2023-02-05 21:12:07,673] {subprocess.py:92} INFO - bash: -c: line 1: unexpected EOF while looking for matching `''
[2023-02-05 21:12:07,673] {subprocess.py:92} INFO - bash: -c: line 2: syntax error: unexpected end of file
[2023-02-05 21:12:07,673] {subprocess.py:96} INFO - Command exited with return code 2
[2023-02-05 21:12:07,708] {taskinstance.py:1909} ERROR - Task failed with exception
Traceback (most recent call last):
  File "/home/milo/13-airflow/airflowhome/airflowenv/lib/python3.9/site-packages/airflow/operators/bash.py", line 194, in execute
    raise AirflowException(
airflow.exceptions.AirflowException: Bash command failed. The command returned a non-zero exit code 2.
[2023-02-05 21:12:07,712] {taskinstance.py:1415} INFO - Marking task as FAILED. dag_id=06_monitoring, task_id=task_2, execution_date=20221110T000000, start_date=20230206T021207, end_date=20230206T021207
[2023-02-05 21:12:07,783] {standard_task_runner.py:92} ERROR - Failed to execute job 151 for task task_2 (Bash command failed. The command returned a non-zero exit code 2.; 35087)
[2023-02-05 21:12:07,808] {local_task_job.py:156} INFO - Task exited with return code 1
[2023-02-05 21:12:07,895] {local_task_job.py:273} INFO - 0 downstream tasks scheduled from follow-on schedule check
[2023-02-05 21:15:04,935] {taskinstance.py:1179} INFO - Dependencies all met for <TaskInstance: 06_monitoring.task_2 scheduled__2022-11-10T00:00:00+00:00 [queued]>
[2023-02-05 21:15:04,947] {taskinstance.py:1179} INFO - Dependencies all met for <TaskInstance: 06_monitoring.task_2 scheduled__2022-11-10T00:00:00+00:00 [queued]>
[2023-02-05 21:15:04,947] {taskinstance.py:1376} INFO - 
--------------------------------------------------------------------------------
[2023-02-05 21:15:04,947] {taskinstance.py:1377} INFO - Starting attempt 1 of 1
[2023-02-05 21:15:04,948] {taskinstance.py:1378} INFO - 
--------------------------------------------------------------------------------
[2023-02-05 21:15:04,994] {taskinstance.py:1397} INFO - Executing <Task(BashOperator): task_2> on 2022-11-10 00:00:00+00:00
[2023-02-05 21:15:04,998] {standard_task_runner.py:52} INFO - Started process 35291 to run task
[2023-02-05 21:15:05,004] {standard_task_runner.py:79} INFO - Running: ['airflow', 'tasks', 'run', '06_monitoring', 'task_2', 'scheduled__2022-11-10T00:00:00+00:00', '--job-id', '143', '--raw', '--subdir', 'DAGS_FOLDER/06_monitoring.py', '--cfg-path', '/tmp/tmpmdevs4sj', '--error-file', '/tmp/tmpbnwicogm']
[2023-02-05 21:15:05,006] {standard_task_runner.py:80} INFO - Job 143: Subtask task_2
[2023-02-05 21:15:05,088] {task_command.py:371} INFO - Running <TaskInstance: 06_monitoring.task_2 scheduled__2022-11-10T00:00:00+00:00 [running]> on host pc.
[2023-02-05 21:15:05,180] {taskinstance.py:1589} INFO - Exporting the following env vars:
AIRFLOW_CTX_DAG_OWNER=airflow
AIRFLOW_CTX_DAG_ID=06_monitoring
AIRFLOW_CTX_TASK_ID=task_2
AIRFLOW_CTX_EXECUTION_DATE=2022-11-10T00:00:00+00:00
AIRFLOW_CTX_TRY_NUMBER=1
AIRFLOW_CTX_DAG_RUN_ID=scheduled__2022-11-10T00:00:00+00:00
[2023-02-05 21:15:05,181] {subprocess.py:62} INFO - Tmp dir root location: 
 /tmp
[2023-02-05 21:15:05,181] {subprocess.py:74} INFO - Running command: ['bash', '-c', "sleep 2 && echo 'Second task!"]
[2023-02-05 21:15:05,190] {subprocess.py:85} INFO - Output:
[2023-02-05 21:15:05,192] {subprocess.py:92} INFO - bash: -c: line 1: unexpected EOF while looking for matching `''
[2023-02-05 21:15:05,192] {subprocess.py:92} INFO - bash: -c: line 2: syntax error: unexpected end of file
[2023-02-05 21:15:05,192] {subprocess.py:96} INFO - Command exited with return code 2
[2023-02-05 21:15:05,204] {taskinstance.py:1909} ERROR - Task failed with exception
Traceback (most recent call last):
  File "/home/milo/13-airflow/airflowhome/airflowenv/lib/python3.9/site-packages/airflow/operators/bash.py", line 194, in execute
    raise AirflowException(
airflow.exceptions.AirflowException: Bash command failed. The command returned a non-zero exit code 2.
[2023-02-05 21:15:05,208] {taskinstance.py:1415} INFO - Marking task as FAILED. dag_id=06_monitoring, task_id=task_2, execution_date=20221110T000000, start_date=20230206T021504, end_date=20230206T021505
[2023-02-05 21:15:05,242] {standard_task_runner.py:92} ERROR - Failed to execute job 143 for task task_2 (Bash command failed. The command returned a non-zero exit code 2.; 35291)
[2023-02-05 21:15:05,254] {local_task_job.py:156} INFO - Task exited with return code 1
[2023-02-05 21:15:05,315] {local_task_job.py:273} INFO - 0 downstream tasks scheduled from follow-on schedule check
[2023-02-05 21:34:13,808] {taskinstance.py:1179} INFO - Dependencies all met for <TaskInstance: 06_monitoring.task_2 scheduled__2022-11-10T00:00:00+00:00 [queued]>
[2023-02-05 21:34:13,820] {taskinstance.py:1179} INFO - Dependencies all met for <TaskInstance: 06_monitoring.task_2 scheduled__2022-11-10T00:00:00+00:00 [queued]>
[2023-02-05 21:34:13,820] {taskinstance.py:1376} INFO - 
--------------------------------------------------------------------------------
[2023-02-05 21:34:13,820] {taskinstance.py:1377} INFO - Starting attempt 1 of 1
[2023-02-05 21:34:13,821] {taskinstance.py:1378} INFO - 
--------------------------------------------------------------------------------
[2023-02-05 21:34:13,841] {taskinstance.py:1397} INFO - Executing <Task(BashOperator): task_2> on 2022-11-10 00:00:00+00:00
[2023-02-05 21:34:13,844] {standard_task_runner.py:52} INFO - Started process 36154 to run task
[2023-02-05 21:34:13,850] {standard_task_runner.py:79} INFO - Running: ['airflow', 'tasks', 'run', '06_monitoring', 'task_2', 'scheduled__2022-11-10T00:00:00+00:00', '--job-id', '143', '--raw', '--subdir', 'DAGS_FOLDER/06_monitoring.py', '--cfg-path', '/tmp/tmpi0xn69ro', '--error-file', '/tmp/tmp60haoxav']
[2023-02-05 21:34:13,851] {standard_task_runner.py:80} INFO - Job 143: Subtask task_2
[2023-02-05 21:34:13,929] {task_command.py:371} INFO - Running <TaskInstance: 06_monitoring.task_2 scheduled__2022-11-10T00:00:00+00:00 [running]> on host pc.
[2023-02-05 21:34:14,013] {taskinstance.py:1589} INFO - Exporting the following env vars:
AIRFLOW_CTX_DAG_OWNER=airflow
AIRFLOW_CTX_DAG_ID=06_monitoring
AIRFLOW_CTX_TASK_ID=task_2
AIRFLOW_CTX_EXECUTION_DATE=2022-11-10T00:00:00+00:00
AIRFLOW_CTX_TRY_NUMBER=1
AIRFLOW_CTX_DAG_RUN_ID=scheduled__2022-11-10T00:00:00+00:00
[2023-02-05 21:34:14,015] {subprocess.py:62} INFO - Tmp dir root location: 
 /tmp
[2023-02-05 21:34:14,016] {subprocess.py:74} INFO - Running command: ['bash', '-c', "sleep 2 && echo 'Second task!"]
[2023-02-05 21:34:14,024] {subprocess.py:85} INFO - Output:
[2023-02-05 21:34:14,025] {subprocess.py:92} INFO - bash: -c: line 1: unexpected EOF while looking for matching `''
[2023-02-05 21:34:14,025] {subprocess.py:92} INFO - bash: -c: line 2: syntax error: unexpected end of file
[2023-02-05 21:34:14,025] {subprocess.py:96} INFO - Command exited with return code 2
[2023-02-05 21:34:14,038] {taskinstance.py:1909} ERROR - Task failed with exception
Traceback (most recent call last):
  File "/home/milo/13-airflow/airflowhome/airflowenv/lib/python3.9/site-packages/airflow/operators/bash.py", line 194, in execute
    raise AirflowException(
airflow.exceptions.AirflowException: Bash command failed. The command returned a non-zero exit code 2.
[2023-02-05 21:34:14,041] {taskinstance.py:1415} INFO - Marking task as FAILED. dag_id=06_monitoring, task_id=task_2, execution_date=20221110T000000, start_date=20230206T023413, end_date=20230206T023414
[2023-02-05 21:34:14,071] {standard_task_runner.py:92} ERROR - Failed to execute job 143 for task task_2 (Bash command failed. The command returned a non-zero exit code 2.; 36154)
[2023-02-05 21:34:14,102] {local_task_job.py:156} INFO - Task exited with return code 1
[2023-02-05 21:34:14,151] {local_task_job.py:273} INFO - 0 downstream tasks scheduled from follow-on schedule check
