[2023-02-05 17:47:37,682] {taskinstance.py:1179} INFO - Dependencies all met for <TaskInstance: orchestration.task_4 scheduled__2023-01-11T00:00:00+00:00 [queued]>
[2023-02-05 17:47:37,692] {taskinstance.py:1179} INFO - Dependencies all met for <TaskInstance: orchestration.task_4 scheduled__2023-01-11T00:00:00+00:00 [queued]>
[2023-02-05 17:47:37,692] {taskinstance.py:1376} INFO - 
--------------------------------------------------------------------------------
[2023-02-05 17:47:37,692] {taskinstance.py:1377} INFO - Starting attempt 1 of 1
[2023-02-05 17:47:37,693] {taskinstance.py:1378} INFO - 
--------------------------------------------------------------------------------
[2023-02-05 17:47:37,715] {taskinstance.py:1397} INFO - Executing <Task(BashOperator): task_4> on 2023-01-11 00:00:00+00:00
[2023-02-05 17:47:37,718] {standard_task_runner.py:52} INFO - Started process 30070 to run task
[2023-02-05 17:47:37,724] {standard_task_runner.py:79} INFO - Running: ['airflow', 'tasks', 'run', 'orchestration', 'task_4', 'scheduled__2023-01-11T00:00:00+00:00', '--job-id', '95', '--raw', '--subdir', 'DAGS_FOLDER/5_orchestration_2.py', '--cfg-path', '/tmp/tmpeiy9tarw', '--error-file', '/tmp/tmphtt7vra9']
[2023-02-05 17:47:37,726] {standard_task_runner.py:80} INFO - Job 95: Subtask task_4
[2023-02-05 17:47:37,806] {task_command.py:371} INFO - Running <TaskInstance: orchestration.task_4 scheduled__2023-01-11T00:00:00+00:00 [running]> on host pc.
[2023-02-05 17:47:37,898] {taskinstance.py:1589} INFO - Exporting the following env vars:
AIRFLOW_CTX_DAG_OWNER=airflow
AIRFLOW_CTX_DAG_ID=orchestration
AIRFLOW_CTX_TASK_ID=task_4
AIRFLOW_CTX_EXECUTION_DATE=2023-01-11T00:00:00+00:00
AIRFLOW_CTX_TRY_NUMBER=1
AIRFLOW_CTX_DAG_RUN_ID=scheduled__2023-01-11T00:00:00+00:00
[2023-02-05 17:47:37,899] {subprocess.py:62} INFO - Tmp dir root location: 
 /tmp
[2023-02-05 17:47:37,899] {subprocess.py:74} INFO - Running command: ['bash', '-c', "sleep 2 && echo 'Task_4'"]
[2023-02-05 17:47:37,907] {subprocess.py:85} INFO - Output:
[2023-02-05 17:47:39,911] {subprocess.py:92} INFO - Task_4
[2023-02-05 17:47:39,911] {subprocess.py:96} INFO - Command exited with return code 0
[2023-02-05 17:47:39,942] {taskinstance.py:1415} INFO - Marking task as SUCCESS. dag_id=orchestration, task_id=task_4, execution_date=20230111T000000, start_date=20230205T224737, end_date=20230205T224739
[2023-02-05 17:47:39,984] {local_task_job.py:156} INFO - Task exited with return code 0
[2023-02-05 17:47:40,023] {local_task_job.py:273} INFO - 1 downstream tasks scheduled from follow-on schedule check
[2023-02-05 17:58:26,258] {taskinstance.py:1179} INFO - Dependencies all met for <TaskInstance: orchestration.task_4 scheduled__2023-01-11T00:00:00+00:00 [queued]>
[2023-02-05 17:58:26,272] {taskinstance.py:1179} INFO - Dependencies all met for <TaskInstance: orchestration.task_4 scheduled__2023-01-11T00:00:00+00:00 [queued]>
[2023-02-05 17:58:26,272] {taskinstance.py:1376} INFO - 
--------------------------------------------------------------------------------
[2023-02-05 17:58:26,272] {taskinstance.py:1377} INFO - Starting attempt 1 of 1
[2023-02-05 17:58:26,272] {taskinstance.py:1378} INFO - 
--------------------------------------------------------------------------------
[2023-02-05 17:58:26,296] {taskinstance.py:1397} INFO - Executing <Task(BashOperator): task_4> on 2023-01-11 00:00:00+00:00
[2023-02-05 17:58:26,300] {standard_task_runner.py:52} INFO - Started process 30714 to run task
[2023-02-05 17:58:26,305] {standard_task_runner.py:79} INFO - Running: ['airflow', 'tasks', 'run', 'orchestration', 'task_4', 'scheduled__2023-01-11T00:00:00+00:00', '--job-id', '94', '--raw', '--subdir', 'DAGS_FOLDER/5_orchestration_2.py', '--cfg-path', '/tmp/tmp_9e1uauv', '--error-file', '/tmp/tmpha310ns5']
[2023-02-05 17:58:26,306] {standard_task_runner.py:80} INFO - Job 94: Subtask task_4
[2023-02-05 17:58:26,399] {task_command.py:371} INFO - Running <TaskInstance: orchestration.task_4 scheduled__2023-01-11T00:00:00+00:00 [running]> on host pc.
[2023-02-05 17:58:26,483] {taskinstance.py:1589} INFO - Exporting the following env vars:
AIRFLOW_CTX_DAG_OWNER=airflow
AIRFLOW_CTX_DAG_ID=orchestration
AIRFLOW_CTX_TASK_ID=task_4
AIRFLOW_CTX_EXECUTION_DATE=2023-01-11T00:00:00+00:00
AIRFLOW_CTX_TRY_NUMBER=1
AIRFLOW_CTX_DAG_RUN_ID=scheduled__2023-01-11T00:00:00+00:00
[2023-02-05 17:58:26,484] {subprocess.py:62} INFO - Tmp dir root location: 
 /tmp
[2023-02-05 17:58:26,485] {subprocess.py:74} INFO - Running command: ['bash', '-c', "sleep 1 && echo 'Task_4'"]
[2023-02-05 17:58:26,494] {subprocess.py:85} INFO - Output:
[2023-02-05 17:58:27,497] {subprocess.py:92} INFO - Task_4
[2023-02-05 17:58:27,497] {subprocess.py:96} INFO - Command exited with return code 0
[2023-02-05 17:58:27,528] {taskinstance.py:1415} INFO - Marking task as SUCCESS. dag_id=orchestration, task_id=task_4, execution_date=20230111T000000, start_date=20230205T225826, end_date=20230205T225827
[2023-02-05 17:58:27,572] {local_task_job.py:156} INFO - Task exited with return code 0
[2023-02-05 17:58:27,626] {local_task_job.py:273} INFO - 1 downstream tasks scheduled from follow-on schedule check
