[2023-02-05 17:45:00,529] {taskinstance.py:1179} INFO - Dependencies all met for <TaskInstance: orchestration.task_4 scheduled__2023-01-02T00:00:00+00:00 [queued]>
[2023-02-05 17:45:00,539] {taskinstance.py:1179} INFO - Dependencies all met for <TaskInstance: orchestration.task_4 scheduled__2023-01-02T00:00:00+00:00 [queued]>
[2023-02-05 17:45:00,540] {taskinstance.py:1376} INFO - 
--------------------------------------------------------------------------------
[2023-02-05 17:45:00,540] {taskinstance.py:1377} INFO - Starting attempt 1 of 1
[2023-02-05 17:45:00,540] {taskinstance.py:1378} INFO - 
--------------------------------------------------------------------------------
[2023-02-05 17:45:00,573] {taskinstance.py:1397} INFO - Executing <Task(BashOperator): task_4> on 2023-01-02 00:00:00+00:00
[2023-02-05 17:45:00,575] {standard_task_runner.py:52} INFO - Started process 29889 to run task
[2023-02-05 17:45:00,581] {standard_task_runner.py:79} INFO - Running: ['airflow', 'tasks', 'run', 'orchestration', 'task_4', 'scheduled__2023-01-02T00:00:00+00:00', '--job-id', '59', '--raw', '--subdir', 'DAGS_FOLDER/5_orchestration_2.py', '--cfg-path', '/tmp/tmpps76k3em', '--error-file', '/tmp/tmpot8tja5v']
[2023-02-05 17:45:00,582] {standard_task_runner.py:80} INFO - Job 59: Subtask task_4
[2023-02-05 17:45:00,675] {task_command.py:371} INFO - Running <TaskInstance: orchestration.task_4 scheduled__2023-01-02T00:00:00+00:00 [running]> on host pc.
[2023-02-05 17:45:00,770] {taskinstance.py:1589} INFO - Exporting the following env vars:
AIRFLOW_CTX_DAG_OWNER=airflow
AIRFLOW_CTX_DAG_ID=orchestration
AIRFLOW_CTX_TASK_ID=task_4
AIRFLOW_CTX_EXECUTION_DATE=2023-01-02T00:00:00+00:00
AIRFLOW_CTX_TRY_NUMBER=1
AIRFLOW_CTX_DAG_RUN_ID=scheduled__2023-01-02T00:00:00+00:00
[2023-02-05 17:45:00,772] {subprocess.py:62} INFO - Tmp dir root location: 
 /tmp
[2023-02-05 17:45:00,774] {subprocess.py:74} INFO - Running command: ['bash', '-c', "sleep 2 && echo 'Task_4'"]
[2023-02-05 17:45:00,781] {subprocess.py:85} INFO - Output:
[2023-02-05 17:45:02,784] {subprocess.py:92} INFO - Task_4
[2023-02-05 17:45:02,784] {subprocess.py:96} INFO - Command exited with return code 0
[2023-02-05 17:45:02,821] {taskinstance.py:1415} INFO - Marking task as SUCCESS. dag_id=orchestration, task_id=task_4, execution_date=20230102T000000, start_date=20230205T224500, end_date=20230205T224502
[2023-02-05 17:45:02,841] {local_task_job.py:156} INFO - Task exited with return code 0
[2023-02-05 17:45:02,887] {local_task_job.py:273} INFO - 1 downstream tasks scheduled from follow-on schedule check
[2023-02-05 17:55:46,036] {taskinstance.py:1179} INFO - Dependencies all met for <TaskInstance: orchestration.task_4 scheduled__2023-01-02T00:00:00+00:00 [queued]>
[2023-02-05 17:55:46,050] {taskinstance.py:1179} INFO - Dependencies all met for <TaskInstance: orchestration.task_4 scheduled__2023-01-02T00:00:00+00:00 [queued]>
[2023-02-05 17:55:46,050] {taskinstance.py:1376} INFO - 
--------------------------------------------------------------------------------
[2023-02-05 17:55:46,051] {taskinstance.py:1377} INFO - Starting attempt 1 of 1
[2023-02-05 17:55:46,051] {taskinstance.py:1378} INFO - 
--------------------------------------------------------------------------------
[2023-02-05 17:55:46,071] {taskinstance.py:1397} INFO - Executing <Task(BashOperator): task_4> on 2023-01-02 00:00:00+00:00
[2023-02-05 17:55:46,075] {standard_task_runner.py:52} INFO - Started process 30522 to run task
[2023-02-05 17:55:46,079] {standard_task_runner.py:79} INFO - Running: ['airflow', 'tasks', 'run', 'orchestration', 'task_4', 'scheduled__2023-01-02T00:00:00+00:00', '--job-id', '58', '--raw', '--subdir', 'DAGS_FOLDER/5_orchestration_2.py', '--cfg-path', '/tmp/tmp0cyfmzu5', '--error-file', '/tmp/tmp7nvwtryi']
[2023-02-05 17:55:46,081] {standard_task_runner.py:80} INFO - Job 58: Subtask task_4
[2023-02-05 17:55:46,161] {task_command.py:371} INFO - Running <TaskInstance: orchestration.task_4 scheduled__2023-01-02T00:00:00+00:00 [running]> on host pc.
[2023-02-05 17:55:46,246] {taskinstance.py:1589} INFO - Exporting the following env vars:
AIRFLOW_CTX_DAG_OWNER=airflow
AIRFLOW_CTX_DAG_ID=orchestration
AIRFLOW_CTX_TASK_ID=task_4
AIRFLOW_CTX_EXECUTION_DATE=2023-01-02T00:00:00+00:00
AIRFLOW_CTX_TRY_NUMBER=1
AIRFLOW_CTX_DAG_RUN_ID=scheduled__2023-01-02T00:00:00+00:00
[2023-02-05 17:55:46,247] {subprocess.py:62} INFO - Tmp dir root location: 
 /tmp
[2023-02-05 17:55:46,248] {subprocess.py:74} INFO - Running command: ['bash', '-c', "sleep 1 && echo 'Task_4'"]
[2023-02-05 17:55:46,255] {subprocess.py:85} INFO - Output:
[2023-02-05 17:55:47,258] {subprocess.py:92} INFO - Task_4
[2023-02-05 17:55:47,258] {subprocess.py:96} INFO - Command exited with return code 0
[2023-02-05 17:55:47,288] {taskinstance.py:1415} INFO - Marking task as SUCCESS. dag_id=orchestration, task_id=task_4, execution_date=20230102T000000, start_date=20230205T225546, end_date=20230205T225547
[2023-02-05 17:55:47,335] {local_task_job.py:156} INFO - Task exited with return code 0
[2023-02-05 17:55:47,377] {local_task_job.py:273} INFO - 1 downstream tasks scheduled from follow-on schedule check
