[2023-02-05 17:50:58,180] {taskinstance.py:1179} INFO - Dependencies all met for <TaskInstance: orchestration.task_2 scheduled__2023-01-23T00:00:00+00:00 [queued]>
[2023-02-05 17:50:58,190] {taskinstance.py:1179} INFO - Dependencies all met for <TaskInstance: orchestration.task_2 scheduled__2023-01-23T00:00:00+00:00 [queued]>
[2023-02-05 17:50:58,190] {taskinstance.py:1376} INFO - 
--------------------------------------------------------------------------------
[2023-02-05 17:50:58,190] {taskinstance.py:1377} INFO - Starting attempt 1 of 1
[2023-02-05 17:50:58,190] {taskinstance.py:1378} INFO - 
--------------------------------------------------------------------------------
[2023-02-05 17:50:58,212] {taskinstance.py:1397} INFO - Executing <Task(BashOperator): task_2> on 2023-01-23 00:00:00+00:00
[2023-02-05 17:50:58,215] {standard_task_runner.py:52} INFO - Started process 30278 to run task
[2023-02-05 17:50:58,220] {standard_task_runner.py:79} INFO - Running: ['airflow', 'tasks', 'run', 'orchestration', 'task_2', 'scheduled__2023-01-23T00:00:00+00:00', '--job-id', '140', '--raw', '--subdir', 'DAGS_FOLDER/5_orchestration_2.py', '--cfg-path', '/tmp/tmp3l1ff8gi', '--error-file', '/tmp/tmp7174eugo']
[2023-02-05 17:50:58,221] {standard_task_runner.py:80} INFO - Job 140: Subtask task_2
[2023-02-05 17:50:58,299] {task_command.py:371} INFO - Running <TaskInstance: orchestration.task_2 scheduled__2023-01-23T00:00:00+00:00 [running]> on host pc.
[2023-02-05 17:50:58,390] {taskinstance.py:1589} INFO - Exporting the following env vars:
AIRFLOW_CTX_DAG_OWNER=airflow
AIRFLOW_CTX_DAG_ID=orchestration
AIRFLOW_CTX_TASK_ID=task_2
AIRFLOW_CTX_EXECUTION_DATE=2023-01-23T00:00:00+00:00
AIRFLOW_CTX_TRY_NUMBER=1
AIRFLOW_CTX_DAG_RUN_ID=scheduled__2023-01-23T00:00:00+00:00
[2023-02-05 17:50:58,392] {subprocess.py:62} INFO - Tmp dir root location: 
 /tmp
[2023-02-05 17:50:58,392] {subprocess.py:74} INFO - Running command: ['bash', '-c', "sleep 2 && echo 'Task_2'"]
[2023-02-05 17:50:58,400] {subprocess.py:85} INFO - Output:
[2023-02-05 17:51:00,402] {subprocess.py:92} INFO - Task_2
[2023-02-05 17:51:00,403] {subprocess.py:96} INFO - Command exited with return code 0
[2023-02-05 17:51:00,432] {taskinstance.py:1415} INFO - Marking task as SUCCESS. dag_id=orchestration, task_id=task_2, execution_date=20230123T000000, start_date=20230205T225058, end_date=20230205T225100
[2023-02-05 17:51:00,480] {local_task_job.py:156} INFO - Task exited with return code 0
[2023-02-05 17:51:00,528] {local_task_job.py:273} INFO - 2 downstream tasks scheduled from follow-on schedule check
