[2023-02-07 19:05:03,111] {taskinstance.py:1179} INFO - Dependencies all met for <TaskInstance: 07.1_external_dag.external_task_1 scheduled__2022-11-07T00:00:00+00:00 [queued]>
[2023-02-07 19:05:03,132] {taskinstance.py:1179} INFO - Dependencies all met for <TaskInstance: 07.1_external_dag.external_task_1 scheduled__2022-11-07T00:00:00+00:00 [queued]>
[2023-02-07 19:05:03,132] {taskinstance.py:1376} INFO - 
--------------------------------------------------------------------------------
[2023-02-07 19:05:03,132] {taskinstance.py:1377} INFO - Starting attempt 1 of 1
[2023-02-07 19:05:03,132] {taskinstance.py:1378} INFO - 
--------------------------------------------------------------------------------
[2023-02-07 19:05:03,189] {taskinstance.py:1397} INFO - Executing <Task(BashOperator): external_task_1> on 2022-11-07 00:00:00+00:00
[2023-02-07 19:05:03,195] {standard_task_runner.py:52} INFO - Started process 37632 to run task
[2023-02-07 19:05:03,227] {standard_task_runner.py:79} INFO - Running: ['airflow', 'tasks', 'run', '07.1_external_dag', 'external_task_1', 'scheduled__2022-11-07T00:00:00+00:00', '--job-id', '446', '--raw', '--subdir', 'DAGS_FOLDER/07.1_external_task.py', '--cfg-path', '/tmp/tmppt7ugeer', '--error-file', '/tmp/tmp0vowqt27']
[2023-02-07 19:05:03,228] {standard_task_runner.py:80} INFO - Job 446: Subtask external_task_1
[2023-02-07 19:05:03,469] {task_command.py:371} INFO - Running <TaskInstance: 07.1_external_dag.external_task_1 scheduled__2022-11-07T00:00:00+00:00 [running]> on host pc.
[2023-02-07 19:05:03,583] {taskinstance.py:1589} INFO - Exporting the following env vars:
AIRFLOW_CTX_DAG_OWNER=airflow
AIRFLOW_CTX_DAG_ID=07.1_external_dag
AIRFLOW_CTX_TASK_ID=external_task_1
AIRFLOW_CTX_EXECUTION_DATE=2022-11-07T00:00:00+00:00
AIRFLOW_CTX_TRY_NUMBER=1
AIRFLOW_CTX_DAG_RUN_ID=scheduled__2022-11-07T00:00:00+00:00
[2023-02-07 19:05:03,584] {subprocess.py:62} INFO - Tmp dir root location: 
 /tmp
[2023-02-07 19:05:03,586] {subprocess.py:74} INFO - Running command: ['bash', '-c', "sleep 10 && echo 'external task executed!'"]
[2023-02-07 19:05:03,595] {subprocess.py:85} INFO - Output:
[2023-02-07 19:05:13,598] {subprocess.py:92} INFO - external task executed!
[2023-02-07 19:05:13,598] {subprocess.py:96} INFO - Command exited with return code 0
[2023-02-07 19:05:13,645] {taskinstance.py:1415} INFO - Marking task as SUCCESS. dag_id=07.1_external_dag, task_id=external_task_1, execution_date=20221107T000000, start_date=20230208T000503, end_date=20230208T000513
[2023-02-07 19:05:13,700] {local_task_job.py:156} INFO - Task exited with return code 0
[2023-02-07 19:05:13,720] {local_task_job.py:273} INFO - 0 downstream tasks scheduled from follow-on schedule check
