[2023-02-08 00:40:46,012] {taskinstance.py:1179} INFO - Dependencies all met for <TaskInstance: 09_Xcoms.task_3_pull scheduled__2023-01-02T00:00:00+00:00 [queued]>
[2023-02-08 00:40:46,025] {taskinstance.py:1179} INFO - Dependencies all met for <TaskInstance: 09_Xcoms.task_3_pull scheduled__2023-01-02T00:00:00+00:00 [queued]>
[2023-02-08 00:40:46,026] {taskinstance.py:1376} INFO - 
--------------------------------------------------------------------------------
[2023-02-08 00:40:46,026] {taskinstance.py:1377} INFO - Starting attempt 1 of 1
[2023-02-08 00:40:46,026] {taskinstance.py:1378} INFO - 
--------------------------------------------------------------------------------
[2023-02-08 00:40:46,048] {taskinstance.py:1397} INFO - Executing <Task(PythonOperator): task_3_pull> on 2023-01-02 00:00:00+00:00
[2023-02-08 00:40:46,052] {standard_task_runner.py:52} INFO - Started process 52934 to run task
[2023-02-08 00:40:46,058] {standard_task_runner.py:79} INFO - Running: ['airflow', 'tasks', 'run', '09_Xcoms', 'task_3_pull', 'scheduled__2023-01-02T00:00:00+00:00', '--job-id', '1284', '--raw', '--subdir', 'DAGS_FOLDER/09_xcoms.py', '--cfg-path', '/tmp/tmptpc9z87o', '--error-file', '/tmp/tmpbdpe806k']
[2023-02-08 00:40:46,060] {standard_task_runner.py:80} INFO - Job 1284: Subtask task_3_pull
[2023-02-08 00:40:46,148] {task_command.py:371} INFO - Running <TaskInstance: 09_Xcoms.task_3_pull scheduled__2023-01-02T00:00:00+00:00 [running]> on host pc.
[2023-02-08 00:40:46,245] {taskinstance.py:1589} INFO - Exporting the following env vars:
AIRFLOW_CTX_DAG_OWNER=airflow
AIRFLOW_CTX_DAG_ID=09_Xcoms
AIRFLOW_CTX_TASK_ID=task_3_pull
AIRFLOW_CTX_EXECUTION_DATE=2023-01-02T00:00:00+00:00
AIRFLOW_CTX_TRY_NUMBER=1
AIRFLOW_CTX_DAG_RUN_ID=scheduled__2023-01-02T00:00:00+00:00
[2023-02-08 00:40:46,254] {logging_mixin.py:115} INFO - 9
[2023-02-08 00:40:46,255] {python.py:173} INFO - Done. Returned value was: None
[2023-02-08 00:40:46,264] {taskinstance.py:1415} INFO - Marking task as SUCCESS. dag_id=09_Xcoms, task_id=task_3_pull, execution_date=20230102T000000, start_date=20230208T054046, end_date=20230208T054046
[2023-02-08 00:40:46,309] {local_task_job.py:156} INFO - Task exited with return code 0
[2023-02-08 00:40:46,333] {local_task_job.py:273} INFO - 0 downstream tasks scheduled from follow-on schedule check
