[2023-02-05 21:28:36,421] {taskinstance.py:1179} INFO - Dependencies all met for <TaskInstance: 06_monitoring.task_2 scheduled__2022-11-01T00:00:00+00:00 [queued]>
[2023-02-05 21:28:36,434] {taskinstance.py:1179} INFO - Dependencies all met for <TaskInstance: 06_monitoring.task_2 scheduled__2022-11-01T00:00:00+00:00 [queued]>
[2023-02-05 21:28:36,434] {taskinstance.py:1376} INFO - 
--------------------------------------------------------------------------------
[2023-02-05 21:28:36,434] {taskinstance.py:1377} INFO - Starting attempt 2 of 2
[2023-02-05 21:28:36,434] {taskinstance.py:1378} INFO - 
--------------------------------------------------------------------------------
[2023-02-05 21:28:36,457] {taskinstance.py:1397} INFO - Executing <Task(BashOperator): task_2> on 2022-11-01 00:00:00+00:00
[2023-02-05 21:28:36,461] {standard_task_runner.py:52} INFO - Started process 35860 to run task
[2023-02-05 21:28:36,466] {standard_task_runner.py:79} INFO - Running: ['airflow', 'tasks', 'run', '06_monitoring', 'task_2', 'scheduled__2022-11-01T00:00:00+00:00', '--job-id', '223', '--raw', '--subdir', 'DAGS_FOLDER/06_monitoring.py', '--cfg-path', '/tmp/tmpvz1nnr_w', '--error-file', '/tmp/tmpb5bfqd0z']
[2023-02-05 21:28:36,467] {standard_task_runner.py:80} INFO - Job 223: Subtask task_2
[2023-02-05 21:28:36,560] {task_command.py:371} INFO - Running <TaskInstance: 06_monitoring.task_2 scheduled__2022-11-01T00:00:00+00:00 [running]> on host pc.
[2023-02-05 21:28:36,652] {taskinstance.py:1589} INFO - Exporting the following env vars:
AIRFLOW_CTX_DAG_OWNER=airflow
AIRFLOW_CTX_DAG_ID=06_monitoring
AIRFLOW_CTX_TASK_ID=task_2
AIRFLOW_CTX_EXECUTION_DATE=2022-11-01T00:00:00+00:00
AIRFLOW_CTX_TRY_NUMBER=2
AIRFLOW_CTX_DAG_RUN_ID=scheduled__2022-11-01T00:00:00+00:00
[2023-02-05 21:28:36,653] {subprocess.py:62} INFO - Tmp dir root location: 
 /tmp
[2023-02-05 21:28:36,654] {subprocess.py:74} INFO - Running command: ['bash', '-c', "sleep 2 && echo 'Second task!'"]
[2023-02-05 21:28:36,661] {subprocess.py:85} INFO - Output:
[2023-02-05 21:28:38,664] {subprocess.py:92} INFO - Second task!
[2023-02-05 21:28:38,664] {subprocess.py:96} INFO - Command exited with return code 0
[2023-02-05 21:28:38,694] {taskinstance.py:1415} INFO - Marking task as SUCCESS. dag_id=06_monitoring, task_id=task_2, execution_date=20221101T000000, start_date=20230206T022836, end_date=20230206T022838
[2023-02-05 21:28:38,726] {local_task_job.py:156} INFO - Task exited with return code 0
[2023-02-05 21:28:38,753] {local_task_job.py:273} INFO - 0 downstream tasks scheduled from follow-on schedule check
[2023-02-05 21:37:23,937] {taskinstance.py:1179} INFO - Dependencies all met for <TaskInstance: 06_monitoring.task_2 scheduled__2022-11-01T00:00:00+00:00 [queued]>
[2023-02-05 21:37:23,947] {taskinstance.py:1179} INFO - Dependencies all met for <TaskInstance: 06_monitoring.task_2 scheduled__2022-11-01T00:00:00+00:00 [queued]>
[2023-02-05 21:37:23,947] {taskinstance.py:1376} INFO - 
--------------------------------------------------------------------------------
[2023-02-05 21:37:23,947] {taskinstance.py:1377} INFO - Starting attempt 2 of 2
[2023-02-05 21:37:23,948] {taskinstance.py:1378} INFO - 
--------------------------------------------------------------------------------
[2023-02-05 21:37:23,969] {taskinstance.py:1397} INFO - Executing <Task(BashOperator): task_2> on 2022-11-01 00:00:00+00:00
[2023-02-05 21:37:23,972] {standard_task_runner.py:52} INFO - Started process 36271 to run task
[2023-02-05 21:37:23,980] {standard_task_runner.py:79} INFO - Running: ['airflow', 'tasks', 'run', '06_monitoring', 'task_2', 'scheduled__2022-11-01T00:00:00+00:00', '--job-id', '154', '--raw', '--subdir', 'DAGS_FOLDER/06_monitoring.py', '--cfg-path', '/tmp/tmp48ydmqes', '--error-file', '/tmp/tmpy_itf1p4']
[2023-02-05 21:37:23,981] {standard_task_runner.py:80} INFO - Job 154: Subtask task_2
[2023-02-05 21:37:24,059] {task_command.py:371} INFO - Running <TaskInstance: 06_monitoring.task_2 scheduled__2022-11-01T00:00:00+00:00 [running]> on host pc.
[2023-02-05 21:37:24,143] {taskinstance.py:1589} INFO - Exporting the following env vars:
AIRFLOW_CTX_DAG_OWNER=airflow
AIRFLOW_CTX_DAG_ID=06_monitoring
AIRFLOW_CTX_TASK_ID=task_2
AIRFLOW_CTX_EXECUTION_DATE=2022-11-01T00:00:00+00:00
AIRFLOW_CTX_TRY_NUMBER=2
AIRFLOW_CTX_DAG_RUN_ID=scheduled__2022-11-01T00:00:00+00:00
[2023-02-05 21:37:24,144] {subprocess.py:62} INFO - Tmp dir root location: 
 /tmp
[2023-02-05 21:37:24,145] {subprocess.py:74} INFO - Running command: ['bash', '-c', "sleep 2 && echo 'Second task!'"]
[2023-02-05 21:37:24,155] {subprocess.py:85} INFO - Output:
[2023-02-05 21:37:26,158] {subprocess.py:92} INFO - Second task!
[2023-02-05 21:37:26,158] {subprocess.py:96} INFO - Command exited with return code 0
[2023-02-05 21:37:27,445] {taskinstance.py:1415} INFO - Marking task as SUCCESS. dag_id=06_monitoring, task_id=task_2, execution_date=20221101T000000, start_date=20230206T023723, end_date=20230206T023727
[2023-02-05 21:37:28,248] {local_task_job.py:156} INFO - Task exited with return code 0
[2023-02-05 21:37:28,298] {local_task_job.py:273} INFO - 1 downstream tasks scheduled from follow-on schedule check
