[2023-02-05 17:45:09,489] {taskinstance.py:1179} INFO - Dependencies all met for <TaskInstance: orchestration.task_3 scheduled__2023-01-03T00:00:00+00:00 [queued]>
[2023-02-05 17:45:09,502] {taskinstance.py:1179} INFO - Dependencies all met for <TaskInstance: orchestration.task_3 scheduled__2023-01-03T00:00:00+00:00 [queued]>
[2023-02-05 17:45:09,502] {taskinstance.py:1376} INFO - 
--------------------------------------------------------------------------------
[2023-02-05 17:45:09,502] {taskinstance.py:1377} INFO - Starting attempt 1 of 1
[2023-02-05 17:45:09,502] {taskinstance.py:1378} INFO - 
--------------------------------------------------------------------------------
[2023-02-05 17:45:09,526] {taskinstance.py:1397} INFO - Executing <Task(BashOperator): task_3> on 2023-01-03 00:00:00+00:00
[2023-02-05 17:45:09,529] {standard_task_runner.py:52} INFO - Started process 29900 to run task
[2023-02-05 17:45:09,534] {standard_task_runner.py:79} INFO - Running: ['airflow', 'tasks', 'run', 'orchestration', 'task_3', 'scheduled__2023-01-03T00:00:00+00:00', '--job-id', '61', '--raw', '--subdir', 'DAGS_FOLDER/5_orchestration_2.py', '--cfg-path', '/tmp/tmpiw1uxy7o', '--error-file', '/tmp/tmp_cmker1d']
[2023-02-05 17:45:09,535] {standard_task_runner.py:80} INFO - Job 61: Subtask task_3
[2023-02-05 17:45:09,634] {task_command.py:371} INFO - Running <TaskInstance: orchestration.task_3 scheduled__2023-01-03T00:00:00+00:00 [running]> on host pc.
[2023-02-05 17:45:09,743] {taskinstance.py:1589} INFO - Exporting the following env vars:
AIRFLOW_CTX_DAG_OWNER=airflow
AIRFLOW_CTX_DAG_ID=orchestration
AIRFLOW_CTX_TASK_ID=task_3
AIRFLOW_CTX_EXECUTION_DATE=2023-01-03T00:00:00+00:00
AIRFLOW_CTX_TRY_NUMBER=1
AIRFLOW_CTX_DAG_RUN_ID=scheduled__2023-01-03T00:00:00+00:00
[2023-02-05 17:45:09,745] {subprocess.py:62} INFO - Tmp dir root location: 
 /tmp
[2023-02-05 17:45:09,747] {subprocess.py:74} INFO - Running command: ['bash', '-c', "sleep 2 && echo 'Task_3'"]
[2023-02-05 17:45:09,755] {subprocess.py:85} INFO - Output:
[2023-02-05 17:45:11,758] {subprocess.py:92} INFO - Task_3
[2023-02-05 17:45:11,759] {subprocess.py:96} INFO - Command exited with return code 0
[2023-02-05 17:45:11,788] {taskinstance.py:1415} INFO - Marking task as SUCCESS. dag_id=orchestration, task_id=task_3, execution_date=20230103T000000, start_date=20230205T224509, end_date=20230205T224511
[2023-02-05 17:45:11,835] {local_task_job.py:156} INFO - Task exited with return code 0
[2023-02-05 17:45:11,871] {local_task_job.py:273} INFO - 0 downstream tasks scheduled from follow-on schedule check
[2023-02-05 17:56:00,666] {taskinstance.py:1179} INFO - Dependencies all met for <TaskInstance: orchestration.task_3 scheduled__2023-01-03T00:00:00+00:00 [queued]>
[2023-02-05 17:56:00,682] {taskinstance.py:1179} INFO - Dependencies all met for <TaskInstance: orchestration.task_3 scheduled__2023-01-03T00:00:00+00:00 [queued]>
[2023-02-05 17:56:00,683] {taskinstance.py:1376} INFO - 
--------------------------------------------------------------------------------
[2023-02-05 17:56:00,683] {taskinstance.py:1377} INFO - Starting attempt 1 of 1
[2023-02-05 17:56:00,683] {taskinstance.py:1378} INFO - 
--------------------------------------------------------------------------------
[2023-02-05 17:56:00,704] {taskinstance.py:1397} INFO - Executing <Task(BashOperator): task_3> on 2023-01-03 00:00:00+00:00
[2023-02-05 17:56:00,708] {standard_task_runner.py:52} INFO - Started process 30540 to run task
[2023-02-05 17:56:00,713] {standard_task_runner.py:79} INFO - Running: ['airflow', 'tasks', 'run', 'orchestration', 'task_3', 'scheduled__2023-01-03T00:00:00+00:00', '--job-id', '61', '--raw', '--subdir', 'DAGS_FOLDER/5_orchestration_2.py', '--cfg-path', '/tmp/tmp4uzel68t', '--error-file', '/tmp/tmprgkuq9rp']
[2023-02-05 17:56:00,714] {standard_task_runner.py:80} INFO - Job 61: Subtask task_3
[2023-02-05 17:56:00,793] {task_command.py:371} INFO - Running <TaskInstance: orchestration.task_3 scheduled__2023-01-03T00:00:00+00:00 [running]> on host pc.
[2023-02-05 17:56:00,887] {taskinstance.py:1589} INFO - Exporting the following env vars:
AIRFLOW_CTX_DAG_OWNER=airflow
AIRFLOW_CTX_DAG_ID=orchestration
AIRFLOW_CTX_TASK_ID=task_3
AIRFLOW_CTX_EXECUTION_DATE=2023-01-03T00:00:00+00:00
AIRFLOW_CTX_TRY_NUMBER=1
AIRFLOW_CTX_DAG_RUN_ID=scheduled__2023-01-03T00:00:00+00:00
[2023-02-05 17:56:00,888] {subprocess.py:62} INFO - Tmp dir root location: 
 /tmp
[2023-02-05 17:56:00,889] {subprocess.py:74} INFO - Running command: ['bash', '-c', "sleep 1 && echo 'Task_3'"]
[2023-02-05 17:56:00,900] {subprocess.py:85} INFO - Output:
[2023-02-05 17:56:01,903] {subprocess.py:92} INFO - Task_3
[2023-02-05 17:56:01,903] {subprocess.py:96} INFO - Command exited with return code 0
[2023-02-05 17:56:01,932] {taskinstance.py:1415} INFO - Marking task as SUCCESS. dag_id=orchestration, task_id=task_3, execution_date=20230103T000000, start_date=20230205T225600, end_date=20230205T225601
[2023-02-05 17:56:01,969] {local_task_job.py:156} INFO - Task exited with return code 0
[2023-02-05 17:56:02,010] {local_task_job.py:273} INFO - 0 downstream tasks scheduled from follow-on schedule check
