[2023-02-07 19:59:28,000] {taskinstance.py:1179} INFO - Dependencies all met for <TaskInstance: 07.3_file_sensor.file_task scheduled__2022-12-21T00:00:00+00:00 [queued]>
[2023-02-07 19:59:28,011] {taskinstance.py:1179} INFO - Dependencies all met for <TaskInstance: 07.3_file_sensor.file_task scheduled__2022-12-21T00:00:00+00:00 [queued]>
[2023-02-07 19:59:28,011] {taskinstance.py:1376} INFO - 
--------------------------------------------------------------------------------
[2023-02-07 19:59:28,011] {taskinstance.py:1377} INFO - Starting attempt 1 of 1
[2023-02-07 19:59:28,011] {taskinstance.py:1378} INFO - 
--------------------------------------------------------------------------------
[2023-02-07 19:59:28,033] {taskinstance.py:1397} INFO - Executing <Task(BashOperator): file_task> on 2022-12-21 00:00:00+00:00
[2023-02-07 19:59:28,038] {standard_task_runner.py:52} INFO - Started process 43323 to run task
[2023-02-07 19:59:28,044] {standard_task_runner.py:79} INFO - Running: ['airflow', 'tasks', 'run', '07.3_file_sensor', 'file_task', 'scheduled__2022-12-21T00:00:00+00:00', '--job-id', '866', '--raw', '--subdir', 'DAGS_FOLDER/07.3_file_sensor.py', '--cfg-path', '/tmp/tmp_fknk_25', '--error-file', '/tmp/tmpslgsbp6l']
[2023-02-07 19:59:28,046] {standard_task_runner.py:80} INFO - Job 866: Subtask file_task
[2023-02-07 19:59:28,146] {task_command.py:371} INFO - Running <TaskInstance: 07.3_file_sensor.file_task scheduled__2022-12-21T00:00:00+00:00 [running]> on host pc.
[2023-02-07 19:59:28,250] {taskinstance.py:1589} INFO - Exporting the following env vars:
AIRFLOW_CTX_DAG_OWNER=airflow
AIRFLOW_CTX_DAG_ID=07.3_file_sensor
AIRFLOW_CTX_TASK_ID=file_task
AIRFLOW_CTX_EXECUTION_DATE=2022-12-21T00:00:00+00:00
AIRFLOW_CTX_TRY_NUMBER=1
AIRFLOW_CTX_DAG_RUN_ID=scheduled__2022-12-21T00:00:00+00:00
[2023-02-07 19:59:28,252] {subprocess.py:62} INFO - Tmp dir root location: 
 /tmp
[2023-02-07 19:59:28,253] {subprocess.py:74} INFO - Running command: ['bash', '-c', 'sleep 10 && touch /tmp/file.txt']
[2023-02-07 19:59:28,263] {subprocess.py:85} INFO - Output:
[2023-02-07 19:59:38,268] {subprocess.py:96} INFO - Command exited with return code 0
[2023-02-07 19:59:38,302] {taskinstance.py:1415} INFO - Marking task as SUCCESS. dag_id=07.3_file_sensor, task_id=file_task, execution_date=20221221T000000, start_date=20230208T005928, end_date=20230208T005938
[2023-02-07 19:59:38,329] {local_task_job.py:156} INFO - Task exited with return code 0
[2023-02-07 19:59:38,373] {local_task_job.py:273} INFO - 1 downstream tasks scheduled from follow-on schedule check
