[2023-02-05 21:41:32,840] {taskinstance.py:1179} INFO - Dependencies all met for <TaskInstance: 06_monitoring.task_3 scheduled__2022-11-05T00:00:00+00:00 [queued]>
[2023-02-05 21:41:32,853] {taskinstance.py:1179} INFO - Dependencies all met for <TaskInstance: 06_monitoring.task_3 scheduled__2022-11-05T00:00:00+00:00 [queued]>
[2023-02-05 21:41:32,853] {taskinstance.py:1376} INFO - 
--------------------------------------------------------------------------------
[2023-02-05 21:41:32,853] {taskinstance.py:1377} INFO - Starting attempt 1 of 1
[2023-02-05 21:41:32,853] {taskinstance.py:1378} INFO - 
--------------------------------------------------------------------------------
[2023-02-05 21:41:32,875] {taskinstance.py:1397} INFO - Executing <Task(BashOperator): task_3> on 2022-11-05 00:00:00+00:00
[2023-02-05 21:41:32,880] {standard_task_runner.py:52} INFO - Started process 36471 to run task
[2023-02-05 21:41:32,885] {standard_task_runner.py:79} INFO - Running: ['airflow', 'tasks', 'run', '06_monitoring', 'task_3', 'scheduled__2022-11-05T00:00:00+00:00', '--job-id', '176', '--raw', '--subdir', 'DAGS_FOLDER/06_monitoring.py', '--cfg-path', '/tmp/tmprawlvfj2', '--error-file', '/tmp/tmpzts8rdt5']
[2023-02-05 21:41:32,886] {standard_task_runner.py:80} INFO - Job 176: Subtask task_3
[2023-02-05 21:41:32,967] {task_command.py:371} INFO - Running <TaskInstance: 06_monitoring.task_3 scheduled__2022-11-05T00:00:00+00:00 [running]> on host pc.
[2023-02-05 21:41:33,055] {taskinstance.py:1589} INFO - Exporting the following env vars:
AIRFLOW_CTX_DAG_OWNER=airflow
AIRFLOW_CTX_DAG_ID=06_monitoring
AIRFLOW_CTX_TASK_ID=task_3
AIRFLOW_CTX_EXECUTION_DATE=2022-11-05T00:00:00+00:00
AIRFLOW_CTX_TRY_NUMBER=1
AIRFLOW_CTX_DAG_RUN_ID=scheduled__2022-11-05T00:00:00+00:00
[2023-02-05 21:41:33,056] {subprocess.py:62} INFO - Tmp dir root location: 
 /tmp
[2023-02-05 21:41:33,057] {subprocess.py:74} INFO - Running command: ['bash', '-c', "sleep 2 && echo 'Third task!'"]
[2023-02-05 21:41:33,065] {subprocess.py:85} INFO - Output:
[2023-02-05 21:41:35,068] {subprocess.py:92} INFO - Third task!
[2023-02-05 21:41:35,068] {subprocess.py:96} INFO - Command exited with return code 0
[2023-02-05 21:41:35,099] {taskinstance.py:1415} INFO - Marking task as SUCCESS. dag_id=06_monitoring, task_id=task_3, execution_date=20221105T000000, start_date=20230206T024132, end_date=20230206T024135
[2023-02-05 21:41:35,147] {local_task_job.py:156} INFO - Task exited with return code 0
[2023-02-05 21:41:35,194] {local_task_job.py:273} INFO - 1 downstream tasks scheduled from follow-on schedule check
