[2023-02-05 21:28:57,146] {taskinstance.py:1179} INFO - Dependencies all met for <TaskInstance: 06_monitoring.task_2 scheduled__2022-11-06T00:00:00+00:00 [queued]>
[2023-02-05 21:28:57,157] {taskinstance.py:1179} INFO - Dependencies all met for <TaskInstance: 06_monitoring.task_2 scheduled__2022-11-06T00:00:00+00:00 [queued]>
[2023-02-05 21:28:57,157] {taskinstance.py:1376} INFO - 
--------------------------------------------------------------------------------
[2023-02-05 21:28:57,157] {taskinstance.py:1377} INFO - Starting attempt 2 of 2
[2023-02-05 21:28:57,157] {taskinstance.py:1378} INFO - 
--------------------------------------------------------------------------------
[2023-02-05 21:28:57,179] {taskinstance.py:1397} INFO - Executing <Task(BashOperator): task_2> on 2022-11-06 00:00:00+00:00
[2023-02-05 21:28:57,182] {standard_task_runner.py:52} INFO - Started process 35880 to run task
[2023-02-05 21:28:57,187] {standard_task_runner.py:79} INFO - Running: ['airflow', 'tasks', 'run', '06_monitoring', 'task_2', 'scheduled__2022-11-06T00:00:00+00:00', '--job-id', '228', '--raw', '--subdir', 'DAGS_FOLDER/06_monitoring.py', '--cfg-path', '/tmp/tmpfhbtxbzu', '--error-file', '/tmp/tmp3yvw9xvk']
[2023-02-05 21:28:57,188] {standard_task_runner.py:80} INFO - Job 228: Subtask task_2
[2023-02-05 21:28:57,268] {task_command.py:371} INFO - Running <TaskInstance: 06_monitoring.task_2 scheduled__2022-11-06T00:00:00+00:00 [running]> on host pc.
[2023-02-05 21:28:57,348] {taskinstance.py:1589} INFO - Exporting the following env vars:
AIRFLOW_CTX_DAG_OWNER=airflow
AIRFLOW_CTX_DAG_ID=06_monitoring
AIRFLOW_CTX_TASK_ID=task_2
AIRFLOW_CTX_EXECUTION_DATE=2022-11-06T00:00:00+00:00
AIRFLOW_CTX_TRY_NUMBER=2
AIRFLOW_CTX_DAG_RUN_ID=scheduled__2022-11-06T00:00:00+00:00
[2023-02-05 21:28:57,350] {subprocess.py:62} INFO - Tmp dir root location: 
 /tmp
[2023-02-05 21:28:57,351] {subprocess.py:74} INFO - Running command: ['bash', '-c', "sleep 2 && echo 'Second task!'"]
[2023-02-05 21:28:57,358] {subprocess.py:85} INFO - Output:
[2023-02-05 21:28:59,361] {subprocess.py:92} INFO - Second task!
[2023-02-05 21:28:59,361] {subprocess.py:96} INFO - Command exited with return code 0
[2023-02-05 21:28:59,392] {taskinstance.py:1415} INFO - Marking task as SUCCESS. dag_id=06_monitoring, task_id=task_2, execution_date=20221106T000000, start_date=20230206T022857, end_date=20230206T022859
[2023-02-05 21:28:59,447] {local_task_job.py:156} INFO - Task exited with return code 0
[2023-02-05 21:28:59,474] {local_task_job.py:273} INFO - 0 downstream tasks scheduled from follow-on schedule check
[2023-02-05 21:40:36,152] {taskinstance.py:1179} INFO - Dependencies all met for <TaskInstance: 06_monitoring.task_2 scheduled__2022-11-06T00:00:00+00:00 [queued]>
[2023-02-05 21:40:36,164] {taskinstance.py:1179} INFO - Dependencies all met for <TaskInstance: 06_monitoring.task_2 scheduled__2022-11-06T00:00:00+00:00 [queued]>
[2023-02-05 21:40:36,164] {taskinstance.py:1376} INFO - 
--------------------------------------------------------------------------------
[2023-02-05 21:40:36,164] {taskinstance.py:1377} INFO - Starting attempt 2 of 2
[2023-02-05 21:40:36,164] {taskinstance.py:1378} INFO - 
--------------------------------------------------------------------------------
[2023-02-05 21:40:36,185] {taskinstance.py:1397} INFO - Executing <Task(BashOperator): task_2> on 2022-11-06 00:00:00+00:00
[2023-02-05 21:40:36,188] {standard_task_runner.py:52} INFO - Started process 36416 to run task
[2023-02-05 21:40:36,193] {standard_task_runner.py:79} INFO - Running: ['airflow', 'tasks', 'run', '06_monitoring', 'task_2', 'scheduled__2022-11-06T00:00:00+00:00', '--job-id', '163', '--raw', '--subdir', 'DAGS_FOLDER/06_monitoring.py', '--cfg-path', '/tmp/tmp1bqjbu_1', '--error-file', '/tmp/tmpb10qjlhg']
[2023-02-05 21:40:36,194] {standard_task_runner.py:80} INFO - Job 163: Subtask task_2
[2023-02-05 21:40:36,272] {task_command.py:371} INFO - Running <TaskInstance: 06_monitoring.task_2 scheduled__2022-11-06T00:00:00+00:00 [running]> on host pc.
[2023-02-05 21:40:36,361] {taskinstance.py:1589} INFO - Exporting the following env vars:
AIRFLOW_CTX_DAG_OWNER=airflow
AIRFLOW_CTX_DAG_ID=06_monitoring
AIRFLOW_CTX_TASK_ID=task_2
AIRFLOW_CTX_EXECUTION_DATE=2022-11-06T00:00:00+00:00
AIRFLOW_CTX_TRY_NUMBER=2
AIRFLOW_CTX_DAG_RUN_ID=scheduled__2022-11-06T00:00:00+00:00
[2023-02-05 21:40:36,362] {subprocess.py:62} INFO - Tmp dir root location: 
 /tmp
[2023-02-05 21:40:36,363] {subprocess.py:74} INFO - Running command: ['bash', '-c', "sleep 2 && echo 'Second task!'"]
[2023-02-05 21:40:36,375] {subprocess.py:85} INFO - Output:
[2023-02-05 21:40:38,378] {subprocess.py:92} INFO - Second task!
[2023-02-05 21:40:38,378] {subprocess.py:96} INFO - Command exited with return code 0
[2023-02-05 21:40:38,408] {taskinstance.py:1415} INFO - Marking task as SUCCESS. dag_id=06_monitoring, task_id=task_2, execution_date=20221106T000000, start_date=20230206T024036, end_date=20230206T024038
[2023-02-05 21:40:38,453] {local_task_job.py:156} INFO - Task exited with return code 0
[2023-02-05 21:40:38,500] {local_task_job.py:273} INFO - 1 downstream tasks scheduled from follow-on schedule check
