[2023-02-05 21:11:35,831] {taskinstance.py:1179} INFO - Dependencies all met for <TaskInstance: 06_monitoring.task_2 scheduled__2022-11-06T00:00:00+00:00 [queued]>
[2023-02-05 21:11:35,841] {taskinstance.py:1179} INFO - Dependencies all met for <TaskInstance: 06_monitoring.task_2 scheduled__2022-11-06T00:00:00+00:00 [queued]>
[2023-02-05 21:11:35,841] {taskinstance.py:1376} INFO - 
--------------------------------------------------------------------------------
[2023-02-05 21:11:35,842] {taskinstance.py:1377} INFO - Starting attempt 1 of 1
[2023-02-05 21:11:35,842] {taskinstance.py:1378} INFO - 
--------------------------------------------------------------------------------
[2023-02-05 21:11:35,861] {taskinstance.py:1397} INFO - Executing <Task(BashOperator): task_2> on 2022-11-06 00:00:00+00:00
[2023-02-05 21:11:35,864] {standard_task_runner.py:52} INFO - Started process 35045 to run task
[2023-02-05 21:11:35,869] {standard_task_runner.py:79} INFO - Running: ['airflow', 'tasks', 'run', '06_monitoring', 'task_2', 'scheduled__2022-11-06T00:00:00+00:00', '--job-id', '142', '--raw', '--subdir', 'DAGS_FOLDER/06_monitoring.py', '--cfg-path', '/tmp/tmpz0e_ib3g', '--error-file', '/tmp/tmpx4si9goi']
[2023-02-05 21:11:35,870] {standard_task_runner.py:80} INFO - Job 142: Subtask task_2
[2023-02-05 21:11:35,946] {task_command.py:371} INFO - Running <TaskInstance: 06_monitoring.task_2 scheduled__2022-11-06T00:00:00+00:00 [running]> on host pc.
[2023-02-05 21:11:36,045] {taskinstance.py:1589} INFO - Exporting the following env vars:
AIRFLOW_CTX_DAG_OWNER=airflow
AIRFLOW_CTX_DAG_ID=06_monitoring
AIRFLOW_CTX_TASK_ID=task_2
AIRFLOW_CTX_EXECUTION_DATE=2022-11-06T00:00:00+00:00
AIRFLOW_CTX_TRY_NUMBER=1
AIRFLOW_CTX_DAG_RUN_ID=scheduled__2022-11-06T00:00:00+00:00
[2023-02-05 21:11:36,047] {subprocess.py:62} INFO - Tmp dir root location: 
 /tmp
[2023-02-05 21:11:36,047] {subprocess.py:74} INFO - Running command: ['bash', '-c', "sleep 2 && echo 'Second task!"]
[2023-02-05 21:11:36,055] {subprocess.py:85} INFO - Output:
[2023-02-05 21:11:36,056] {subprocess.py:92} INFO - bash: -c: line 1: unexpected EOF while looking for matching `''
[2023-02-05 21:11:36,056] {subprocess.py:92} INFO - bash: -c: line 2: syntax error: unexpected end of file
[2023-02-05 21:11:36,057] {subprocess.py:96} INFO - Command exited with return code 2
[2023-02-05 21:11:36,068] {taskinstance.py:1909} ERROR - Task failed with exception
Traceback (most recent call last):
  File "/home/milo/13-airflow/airflowhome/airflowenv/lib/python3.9/site-packages/airflow/operators/bash.py", line 194, in execute
    raise AirflowException(
airflow.exceptions.AirflowException: Bash command failed. The command returned a non-zero exit code 2.
[2023-02-05 21:11:36,072] {taskinstance.py:1415} INFO - Marking task as FAILED. dag_id=06_monitoring, task_id=task_2, execution_date=20221106T000000, start_date=20230206T021135, end_date=20230206T021136
[2023-02-05 21:11:36,089] {standard_task_runner.py:92} ERROR - Failed to execute job 142 for task task_2 (Bash command failed. The command returned a non-zero exit code 2.; 35045)
[2023-02-05 21:11:36,120] {local_task_job.py:156} INFO - Task exited with return code 1
[2023-02-05 21:11:36,164] {local_task_job.py:273} INFO - 0 downstream tasks scheduled from follow-on schedule check
[2023-02-05 21:14:38,276] {taskinstance.py:1179} INFO - Dependencies all met for <TaskInstance: 06_monitoring.task_2 scheduled__2022-11-06T00:00:00+00:00 [queued]>
[2023-02-05 21:14:38,287] {taskinstance.py:1179} INFO - Dependencies all met for <TaskInstance: 06_monitoring.task_2 scheduled__2022-11-06T00:00:00+00:00 [queued]>
[2023-02-05 21:14:38,287] {taskinstance.py:1376} INFO - 
--------------------------------------------------------------------------------
[2023-02-05 21:14:38,288] {taskinstance.py:1377} INFO - Starting attempt 1 of 1
[2023-02-05 21:14:38,288] {taskinstance.py:1378} INFO - 
--------------------------------------------------------------------------------
[2023-02-05 21:14:38,308] {taskinstance.py:1397} INFO - Executing <Task(BashOperator): task_2> on 2022-11-06 00:00:00+00:00
[2023-02-05 21:14:38,312] {standard_task_runner.py:52} INFO - Started process 35254 to run task
[2023-02-05 21:14:38,317] {standard_task_runner.py:79} INFO - Running: ['airflow', 'tasks', 'run', '06_monitoring', 'task_2', 'scheduled__2022-11-06T00:00:00+00:00', '--job-id', '136', '--raw', '--subdir', 'DAGS_FOLDER/06_monitoring.py', '--cfg-path', '/tmp/tmpbj04u4qk', '--error-file', '/tmp/tmpsjoa8vy3']
[2023-02-05 21:14:38,318] {standard_task_runner.py:80} INFO - Job 136: Subtask task_2
[2023-02-05 21:14:38,420] {task_command.py:371} INFO - Running <TaskInstance: 06_monitoring.task_2 scheduled__2022-11-06T00:00:00+00:00 [running]> on host pc.
[2023-02-05 21:14:38,506] {taskinstance.py:1589} INFO - Exporting the following env vars:
AIRFLOW_CTX_DAG_OWNER=airflow
AIRFLOW_CTX_DAG_ID=06_monitoring
AIRFLOW_CTX_TASK_ID=task_2
AIRFLOW_CTX_EXECUTION_DATE=2022-11-06T00:00:00+00:00
AIRFLOW_CTX_TRY_NUMBER=1
AIRFLOW_CTX_DAG_RUN_ID=scheduled__2022-11-06T00:00:00+00:00
[2023-02-05 21:14:38,507] {subprocess.py:62} INFO - Tmp dir root location: 
 /tmp
[2023-02-05 21:14:38,508] {subprocess.py:74} INFO - Running command: ['bash', '-c', "sleep 2 && echo 'Second task!"]
[2023-02-05 21:14:38,515] {subprocess.py:85} INFO - Output:
[2023-02-05 21:14:38,517] {subprocess.py:92} INFO - bash: -c: line 1: unexpected EOF while looking for matching `''
[2023-02-05 21:14:38,517] {subprocess.py:92} INFO - bash: -c: line 2: syntax error: unexpected end of file
[2023-02-05 21:14:38,517] {subprocess.py:96} INFO - Command exited with return code 2
[2023-02-05 21:14:38,529] {taskinstance.py:1909} ERROR - Task failed with exception
Traceback (most recent call last):
  File "/home/milo/13-airflow/airflowhome/airflowenv/lib/python3.9/site-packages/airflow/operators/bash.py", line 194, in execute
    raise AirflowException(
airflow.exceptions.AirflowException: Bash command failed. The command returned a non-zero exit code 2.
[2023-02-05 21:14:38,534] {taskinstance.py:1415} INFO - Marking task as FAILED. dag_id=06_monitoring, task_id=task_2, execution_date=20221106T000000, start_date=20230206T021438, end_date=20230206T021438
[2023-02-05 21:14:38,552] {standard_task_runner.py:92} ERROR - Failed to execute job 136 for task task_2 (Bash command failed. The command returned a non-zero exit code 2.; 35254)
[2023-02-05 21:14:38,580] {local_task_job.py:156} INFO - Task exited with return code 1
[2023-02-05 21:14:38,627] {local_task_job.py:273} INFO - 0 downstream tasks scheduled from follow-on schedule check
[2023-02-05 21:33:38,908] {taskinstance.py:1179} INFO - Dependencies all met for <TaskInstance: 06_monitoring.task_2 scheduled__2022-11-06T00:00:00+00:00 [queued]>
[2023-02-05 21:33:38,919] {taskinstance.py:1179} INFO - Dependencies all met for <TaskInstance: 06_monitoring.task_2 scheduled__2022-11-06T00:00:00+00:00 [queued]>
[2023-02-05 21:33:38,919] {taskinstance.py:1376} INFO - 
--------------------------------------------------------------------------------
[2023-02-05 21:33:38,919] {taskinstance.py:1377} INFO - Starting attempt 1 of 1
[2023-02-05 21:33:38,920] {taskinstance.py:1378} INFO - 
--------------------------------------------------------------------------------
[2023-02-05 21:33:38,942] {taskinstance.py:1397} INFO - Executing <Task(BashOperator): task_2> on 2022-11-06 00:00:00+00:00
[2023-02-05 21:33:38,946] {standard_task_runner.py:52} INFO - Started process 36116 to run task
[2023-02-05 21:33:38,951] {standard_task_runner.py:79} INFO - Running: ['airflow', 'tasks', 'run', '06_monitoring', 'task_2', 'scheduled__2022-11-06T00:00:00+00:00', '--job-id', '136', '--raw', '--subdir', 'DAGS_FOLDER/06_monitoring.py', '--cfg-path', '/tmp/tmpyfxe3o9f', '--error-file', '/tmp/tmp80mq3d1t']
[2023-02-05 21:33:38,952] {standard_task_runner.py:80} INFO - Job 136: Subtask task_2
[2023-02-05 21:33:39,029] {task_command.py:371} INFO - Running <TaskInstance: 06_monitoring.task_2 scheduled__2022-11-06T00:00:00+00:00 [running]> on host pc.
[2023-02-05 21:33:39,115] {taskinstance.py:1589} INFO - Exporting the following env vars:
AIRFLOW_CTX_DAG_OWNER=airflow
AIRFLOW_CTX_DAG_ID=06_monitoring
AIRFLOW_CTX_TASK_ID=task_2
AIRFLOW_CTX_EXECUTION_DATE=2022-11-06T00:00:00+00:00
AIRFLOW_CTX_TRY_NUMBER=1
AIRFLOW_CTX_DAG_RUN_ID=scheduled__2022-11-06T00:00:00+00:00
[2023-02-05 21:33:39,116] {subprocess.py:62} INFO - Tmp dir root location: 
 /tmp
[2023-02-05 21:33:39,117] {subprocess.py:74} INFO - Running command: ['bash', '-c', "sleep 2 && echo 'Second task!"]
[2023-02-05 21:33:39,125] {subprocess.py:85} INFO - Output:
[2023-02-05 21:33:39,126] {subprocess.py:92} INFO - bash: -c: line 1: unexpected EOF while looking for matching `''
[2023-02-05 21:33:39,126] {subprocess.py:92} INFO - bash: -c: line 2: syntax error: unexpected end of file
[2023-02-05 21:33:39,127] {subprocess.py:96} INFO - Command exited with return code 2
[2023-02-05 21:33:39,139] {taskinstance.py:1909} ERROR - Task failed with exception
Traceback (most recent call last):
  File "/home/milo/13-airflow/airflowhome/airflowenv/lib/python3.9/site-packages/airflow/operators/bash.py", line 194, in execute
    raise AirflowException(
airflow.exceptions.AirflowException: Bash command failed. The command returned a non-zero exit code 2.
[2023-02-05 21:33:39,143] {taskinstance.py:1415} INFO - Marking task as FAILED. dag_id=06_monitoring, task_id=task_2, execution_date=20221106T000000, start_date=20230206T023338, end_date=20230206T023339
[2023-02-05 21:33:39,160] {standard_task_runner.py:92} ERROR - Failed to execute job 136 for task task_2 (Bash command failed. The command returned a non-zero exit code 2.; 36116)
[2023-02-05 21:33:39,202] {local_task_job.py:156} INFO - Task exited with return code 1
[2023-02-05 21:33:39,248] {local_task_job.py:273} INFO - 0 downstream tasks scheduled from follow-on schedule check
