[2023-02-05 17:49:00,369] {taskinstance.py:1179} INFO - Dependencies all met for <TaskInstance: orchestration.task_4 scheduled__2023-01-16T00:00:00+00:00 [queued]>
[2023-02-05 17:49:00,381] {taskinstance.py:1179} INFO - Dependencies all met for <TaskInstance: orchestration.task_4 scheduled__2023-01-16T00:00:00+00:00 [queued]>
[2023-02-05 17:49:00,381] {taskinstance.py:1376} INFO - 
--------------------------------------------------------------------------------
[2023-02-05 17:49:00,381] {taskinstance.py:1377} INFO - Starting attempt 1 of 1
[2023-02-05 17:49:00,381] {taskinstance.py:1378} INFO - 
--------------------------------------------------------------------------------
[2023-02-05 17:49:00,403] {taskinstance.py:1397} INFO - Executing <Task(BashOperator): task_4> on 2023-01-16 00:00:00+00:00
[2023-02-05 17:49:00,407] {standard_task_runner.py:52} INFO - Started process 30157 to run task
[2023-02-05 17:49:00,411] {standard_task_runner.py:79} INFO - Running: ['airflow', 'tasks', 'run', 'orchestration', 'task_4', 'scheduled__2023-01-16T00:00:00+00:00', '--job-id', '114', '--raw', '--subdir', 'DAGS_FOLDER/5_orchestration_2.py', '--cfg-path', '/tmp/tmp63abz7pw', '--error-file', '/tmp/tmprrjor9ta']
[2023-02-05 17:49:00,413] {standard_task_runner.py:80} INFO - Job 114: Subtask task_4
[2023-02-05 17:49:00,492] {task_command.py:371} INFO - Running <TaskInstance: orchestration.task_4 scheduled__2023-01-16T00:00:00+00:00 [running]> on host pc.
[2023-02-05 17:49:00,580] {taskinstance.py:1589} INFO - Exporting the following env vars:
AIRFLOW_CTX_DAG_OWNER=airflow
AIRFLOW_CTX_DAG_ID=orchestration
AIRFLOW_CTX_TASK_ID=task_4
AIRFLOW_CTX_EXECUTION_DATE=2023-01-16T00:00:00+00:00
AIRFLOW_CTX_TRY_NUMBER=1
AIRFLOW_CTX_DAG_RUN_ID=scheduled__2023-01-16T00:00:00+00:00
[2023-02-05 17:49:00,581] {subprocess.py:62} INFO - Tmp dir root location: 
 /tmp
[2023-02-05 17:49:00,582] {subprocess.py:74} INFO - Running command: ['bash', '-c', "sleep 2 && echo 'Task_4'"]
[2023-02-05 17:49:00,592] {subprocess.py:85} INFO - Output:
[2023-02-05 17:49:02,597] {subprocess.py:92} INFO - Task_4
[2023-02-05 17:49:02,597] {subprocess.py:96} INFO - Command exited with return code 0
[2023-02-05 17:49:02,626] {taskinstance.py:1415} INFO - Marking task as SUCCESS. dag_id=orchestration, task_id=task_4, execution_date=20230116T000000, start_date=20230205T224900, end_date=20230205T224902
[2023-02-05 17:49:02,671] {local_task_job.py:156} INFO - Task exited with return code 0
[2023-02-05 17:49:02,710] {local_task_job.py:273} INFO - 1 downstream tasks scheduled from follow-on schedule check
[2023-02-05 17:59:36,964] {taskinstance.py:1179} INFO - Dependencies all met for <TaskInstance: orchestration.task_4 scheduled__2023-01-16T00:00:00+00:00 [queued]>
[2023-02-05 17:59:36,978] {taskinstance.py:1179} INFO - Dependencies all met for <TaskInstance: orchestration.task_4 scheduled__2023-01-16T00:00:00+00:00 [queued]>
[2023-02-05 17:59:36,978] {taskinstance.py:1376} INFO - 
--------------------------------------------------------------------------------
[2023-02-05 17:59:36,978] {taskinstance.py:1377} INFO - Starting attempt 1 of 1
[2023-02-05 17:59:36,978] {taskinstance.py:1378} INFO - 
--------------------------------------------------------------------------------
[2023-02-05 17:59:37,008] {taskinstance.py:1397} INFO - Executing <Task(BashOperator): task_4> on 2023-01-16 00:00:00+00:00
[2023-02-05 17:59:37,012] {standard_task_runner.py:52} INFO - Started process 30808 to run task
[2023-02-05 17:59:37,016] {standard_task_runner.py:79} INFO - Running: ['airflow', 'tasks', 'run', 'orchestration', 'task_4', 'scheduled__2023-01-16T00:00:00+00:00', '--job-id', '114', '--raw', '--subdir', 'DAGS_FOLDER/5_orchestration_2.py', '--cfg-path', '/tmp/tmp66ozvcaz', '--error-file', '/tmp/tmpcf3uleem']
[2023-02-05 17:59:37,018] {standard_task_runner.py:80} INFO - Job 114: Subtask task_4
[2023-02-05 17:59:37,095] {task_command.py:371} INFO - Running <TaskInstance: orchestration.task_4 scheduled__2023-01-16T00:00:00+00:00 [running]> on host pc.
[2023-02-05 17:59:37,177] {taskinstance.py:1589} INFO - Exporting the following env vars:
AIRFLOW_CTX_DAG_OWNER=airflow
AIRFLOW_CTX_DAG_ID=orchestration
AIRFLOW_CTX_TASK_ID=task_4
AIRFLOW_CTX_EXECUTION_DATE=2023-01-16T00:00:00+00:00
AIRFLOW_CTX_TRY_NUMBER=1
AIRFLOW_CTX_DAG_RUN_ID=scheduled__2023-01-16T00:00:00+00:00
[2023-02-05 17:59:37,178] {subprocess.py:62} INFO - Tmp dir root location: 
 /tmp
[2023-02-05 17:59:37,179] {subprocess.py:74} INFO - Running command: ['bash', '-c', "sleep 1 && echo 'Task_4'"]
[2023-02-05 17:59:37,186] {subprocess.py:85} INFO - Output:
[2023-02-05 17:59:38,189] {subprocess.py:92} INFO - Task_4
[2023-02-05 17:59:38,189] {subprocess.py:96} INFO - Command exited with return code 0
[2023-02-05 17:59:38,217] {taskinstance.py:1415} INFO - Marking task as SUCCESS. dag_id=orchestration, task_id=task_4, execution_date=20230116T000000, start_date=20230205T225936, end_date=20230205T225938
[2023-02-05 17:59:38,271] {local_task_job.py:156} INFO - Task exited with return code 0
[2023-02-05 17:59:38,309] {local_task_job.py:273} INFO - 1 downstream tasks scheduled from follow-on schedule check
