[2023-02-05 21:11:21,145] {taskinstance.py:1169} INFO - Dependencies not met for <TaskInstance: 06_monitoring.task_5 scheduled__2022-11-05T00:00:00+00:00 [queued]>, dependency 'Trigger Rule' FAILED: Task's trigger rule 'all_success' requires all upstream tasks to have succeeded, but found 1 non-success(es). upstream_tasks_state={'total': 1, 'successes': 0, 'skipped': 0, 'failed': 0, 'upstream_failed': 0, 'done': 0}, upstream_task_ids={'task_4'}
[2023-02-05 21:11:21,147] {local_task_job.py:101} INFO - Task is not able to be run
[2023-02-05 21:43:01,618] {taskinstance.py:1179} INFO - Dependencies all met for <TaskInstance: 06_monitoring.task_5 scheduled__2022-11-05T00:00:00+00:00 [queued]>
[2023-02-05 21:43:01,629] {taskinstance.py:1179} INFO - Dependencies all met for <TaskInstance: 06_monitoring.task_5 scheduled__2022-11-05T00:00:00+00:00 [queued]>
[2023-02-05 21:43:01,629] {taskinstance.py:1376} INFO - 
--------------------------------------------------------------------------------
[2023-02-05 21:43:01,629] {taskinstance.py:1377} INFO - Starting attempt 1 of 1
[2023-02-05 21:43:01,630] {taskinstance.py:1378} INFO - 
--------------------------------------------------------------------------------
[2023-02-05 21:43:01,651] {taskinstance.py:1397} INFO - Executing <Task(BashOperator): task_5> on 2022-11-05 00:00:00+00:00
[2023-02-05 21:43:01,654] {standard_task_runner.py:52} INFO - Started process 36562 to run task
[2023-02-05 21:43:01,660] {standard_task_runner.py:79} INFO - Running: ['airflow', 'tasks', 'run', '06_monitoring', 'task_5', 'scheduled__2022-11-05T00:00:00+00:00', '--job-id', '204', '--raw', '--subdir', 'DAGS_FOLDER/06_monitoring.py', '--cfg-path', '/tmp/tmpni9tb0o6', '--error-file', '/tmp/tmp401qfeqd']
[2023-02-05 21:43:01,661] {standard_task_runner.py:80} INFO - Job 204: Subtask task_5
[2023-02-05 21:43:01,745] {task_command.py:371} INFO - Running <TaskInstance: 06_monitoring.task_5 scheduled__2022-11-05T00:00:00+00:00 [running]> on host pc.
[2023-02-05 21:43:01,843] {taskinstance.py:1589} INFO - Exporting the following env vars:
AIRFLOW_CTX_DAG_OWNER=airflow
AIRFLOW_CTX_DAG_ID=06_monitoring
AIRFLOW_CTX_TASK_ID=task_5
AIRFLOW_CTX_EXECUTION_DATE=2022-11-05T00:00:00+00:00
AIRFLOW_CTX_TRY_NUMBER=1
AIRFLOW_CTX_DAG_RUN_ID=scheduled__2022-11-05T00:00:00+00:00
[2023-02-05 21:43:01,844] {subprocess.py:62} INFO - Tmp dir root location: 
 /tmp
[2023-02-05 21:43:01,845] {subprocess.py:74} INFO - Running command: ['bash', '-c', "sleep 2 && echo 'Fifth task!'"]
[2023-02-05 21:43:01,853] {subprocess.py:85} INFO - Output:
[2023-02-05 21:43:03,855] {subprocess.py:92} INFO - Fifth task!
[2023-02-05 21:43:03,856] {subprocess.py:96} INFO - Command exited with return code 0
[2023-02-05 21:43:03,886] {taskinstance.py:1415} INFO - Marking task as SUCCESS. dag_id=06_monitoring, task_id=task_5, execution_date=20221105T000000, start_date=20230206T024301, end_date=20230206T024303
[2023-02-05 21:43:03,922] {local_task_job.py:156} INFO - Task exited with return code 0
[2023-02-05 21:43:03,950] {local_task_job.py:273} INFO - 0 downstream tasks scheduled from follow-on schedule check
