[2023-02-22 01:02:03,888] {taskinstance.py:1179} INFO - Dependencies all met for <TaskInstance: steam_dag.files_saved scheduled__2022-07-01T00:00:00+00:00 [queued]>
[2023-02-22 01:02:03,898] {taskinstance.py:1179} INFO - Dependencies all met for <TaskInstance: steam_dag.files_saved scheduled__2022-07-01T00:00:00+00:00 [queued]>
[2023-02-22 01:02:03,899] {taskinstance.py:1376} INFO - 
--------------------------------------------------------------------------------
[2023-02-22 01:02:03,899] {taskinstance.py:1377} INFO - Starting attempt 3 of 3
[2023-02-22 01:02:03,899] {taskinstance.py:1378} INFO - 
--------------------------------------------------------------------------------
[2023-02-22 01:02:03,923] {taskinstance.py:1397} INFO - Executing <Task(BashOperator): files_saved> on 2022-07-01 00:00:00+00:00
[2023-02-22 01:02:03,931] {standard_task_runner.py:52} INFO - Started process 76659 to run task
[2023-02-22 01:02:03,936] {standard_task_runner.py:79} INFO - Running: ['airflow', 'tasks', 'run', 'steam_dag', 'files_saved', 'scheduled__2022-07-01T00:00:00+00:00', '--job-id', '1492', '--raw', '--subdir', 'DAGS_FOLDER/steam_dag.py', '--cfg-path', '/tmp/tmp5fo_7yyw', '--error-file', '/tmp/tmpovr4fwfi']
[2023-02-22 01:02:03,937] {standard_task_runner.py:80} INFO - Job 1492: Subtask files_saved
[2023-02-22 01:02:04,021] {task_command.py:371} INFO - Running <TaskInstance: steam_dag.files_saved scheduled__2022-07-01T00:00:00+00:00 [running]> on host pc.
[2023-02-22 01:02:04,233] {taskinstance.py:1589} INFO - Exporting the following env vars:
AIRFLOW_CTX_DAG_OWNER=airflow
AIRFLOW_CTX_DAG_ID=steam_dag
AIRFLOW_CTX_TASK_ID=files_saved
AIRFLOW_CTX_EXECUTION_DATE=2022-07-01T00:00:00+00:00
AIRFLOW_CTX_TRY_NUMBER=3
AIRFLOW_CTX_DAG_RUN_ID=scheduled__2022-07-01T00:00:00+00:00
[2023-02-22 01:02:04,234] {subprocess.py:62} INFO - Tmp dir root location: 
 /tmp
[2023-02-22 01:02:04,235] {subprocess.py:74} INFO - Running command: ['bash', '-c', "echo 'File saved as .csv and .JSON!'"]
[2023-02-22 01:02:04,245] {subprocess.py:85} INFO - Output:
[2023-02-22 01:02:04,247] {subprocess.py:92} INFO - File saved as .csv and .JSON!
[2023-02-22 01:02:04,247] {subprocess.py:96} INFO - Command exited with return code 0
[2023-02-22 01:02:04,277] {taskinstance.py:1415} INFO - Marking task as SUCCESS. dag_id=steam_dag, task_id=files_saved, execution_date=20220701T000000, start_date=20230222T060203, end_date=20230222T060204
[2023-02-22 01:02:04,314] {local_task_job.py:156} INFO - Task exited with return code 0
[2023-02-22 01:02:04,355] {local_task_job.py:273} INFO - 1 downstream tasks scheduled from follow-on schedule check
