[2023-02-05 17:48:03,767] {taskinstance.py:1179} INFO - Dependencies all met for <TaskInstance: orchestration.task_3 scheduled__2023-01-13T00:00:00+00:00 [queued]>
[2023-02-05 17:48:03,778] {taskinstance.py:1179} INFO - Dependencies all met for <TaskInstance: orchestration.task_3 scheduled__2023-01-13T00:00:00+00:00 [queued]>
[2023-02-05 17:48:03,779] {taskinstance.py:1376} INFO - 
--------------------------------------------------------------------------------
[2023-02-05 17:48:03,779] {taskinstance.py:1377} INFO - Starting attempt 1 of 1
[2023-02-05 17:48:03,779] {taskinstance.py:1378} INFO - 
--------------------------------------------------------------------------------
[2023-02-05 17:48:03,801] {taskinstance.py:1397} INFO - Executing <Task(BashOperator): task_3> on 2023-01-13 00:00:00+00:00
[2023-02-05 17:48:03,805] {standard_task_runner.py:52} INFO - Started process 30096 to run task
[2023-02-05 17:48:03,817] {standard_task_runner.py:79} INFO - Running: ['airflow', 'tasks', 'run', 'orchestration', 'task_3', 'scheduled__2023-01-13T00:00:00+00:00', '--job-id', '101', '--raw', '--subdir', 'DAGS_FOLDER/5_orchestration_2.py', '--cfg-path', '/tmp/tmpjijltlow', '--error-file', '/tmp/tmp6ih1gnvy']
[2023-02-05 17:48:03,819] {standard_task_runner.py:80} INFO - Job 101: Subtask task_3
[2023-02-05 17:48:03,898] {task_command.py:371} INFO - Running <TaskInstance: orchestration.task_3 scheduled__2023-01-13T00:00:00+00:00 [running]> on host pc.
[2023-02-05 17:48:03,988] {taskinstance.py:1589} INFO - Exporting the following env vars:
AIRFLOW_CTX_DAG_OWNER=airflow
AIRFLOW_CTX_DAG_ID=orchestration
AIRFLOW_CTX_TASK_ID=task_3
AIRFLOW_CTX_EXECUTION_DATE=2023-01-13T00:00:00+00:00
AIRFLOW_CTX_TRY_NUMBER=1
AIRFLOW_CTX_DAG_RUN_ID=scheduled__2023-01-13T00:00:00+00:00
[2023-02-05 17:48:03,989] {subprocess.py:62} INFO - Tmp dir root location: 
 /tmp
[2023-02-05 17:48:03,990] {subprocess.py:74} INFO - Running command: ['bash', '-c', "sleep 2 && echo 'Task_3'"]
[2023-02-05 17:48:03,997] {subprocess.py:85} INFO - Output:
[2023-02-05 17:48:06,000] {subprocess.py:92} INFO - Task_3
[2023-02-05 17:48:06,000] {subprocess.py:96} INFO - Command exited with return code 0
[2023-02-05 17:48:06,034] {taskinstance.py:1415} INFO - Marking task as SUCCESS. dag_id=orchestration, task_id=task_3, execution_date=20230113T000000, start_date=20230205T224803, end_date=20230205T224806
[2023-02-05 17:48:06,070] {local_task_job.py:156} INFO - Task exited with return code 0
[2023-02-05 17:48:06,111] {local_task_job.py:273} INFO - 0 downstream tasks scheduled from follow-on schedule check
[2023-02-05 17:58:51,694] {taskinstance.py:1179} INFO - Dependencies all met for <TaskInstance: orchestration.task_3 scheduled__2023-01-13T00:00:00+00:00 [queued]>
[2023-02-05 17:58:51,708] {taskinstance.py:1179} INFO - Dependencies all met for <TaskInstance: orchestration.task_3 scheduled__2023-01-13T00:00:00+00:00 [queued]>
[2023-02-05 17:58:51,708] {taskinstance.py:1376} INFO - 
--------------------------------------------------------------------------------
[2023-02-05 17:58:51,708] {taskinstance.py:1377} INFO - Starting attempt 1 of 1
[2023-02-05 17:58:51,708] {taskinstance.py:1378} INFO - 
--------------------------------------------------------------------------------
[2023-02-05 17:58:51,728] {taskinstance.py:1397} INFO - Executing <Task(BashOperator): task_3> on 2023-01-13 00:00:00+00:00
[2023-02-05 17:58:51,732] {standard_task_runner.py:52} INFO - Started process 30747 to run task
[2023-02-05 17:58:51,737] {standard_task_runner.py:79} INFO - Running: ['airflow', 'tasks', 'run', 'orchestration', 'task_3', 'scheduled__2023-01-13T00:00:00+00:00', '--job-id', '101', '--raw', '--subdir', 'DAGS_FOLDER/5_orchestration_2.py', '--cfg-path', '/tmp/tmpc9lyxn2l', '--error-file', '/tmp/tmpvmk67axy']
[2023-02-05 17:58:51,738] {standard_task_runner.py:80} INFO - Job 101: Subtask task_3
[2023-02-05 17:58:51,814] {task_command.py:371} INFO - Running <TaskInstance: orchestration.task_3 scheduled__2023-01-13T00:00:00+00:00 [running]> on host pc.
[2023-02-05 17:58:51,895] {taskinstance.py:1589} INFO - Exporting the following env vars:
AIRFLOW_CTX_DAG_OWNER=airflow
AIRFLOW_CTX_DAG_ID=orchestration
AIRFLOW_CTX_TASK_ID=task_3
AIRFLOW_CTX_EXECUTION_DATE=2023-01-13T00:00:00+00:00
AIRFLOW_CTX_TRY_NUMBER=1
AIRFLOW_CTX_DAG_RUN_ID=scheduled__2023-01-13T00:00:00+00:00
[2023-02-05 17:58:51,896] {subprocess.py:62} INFO - Tmp dir root location: 
 /tmp
[2023-02-05 17:58:51,897] {subprocess.py:74} INFO - Running command: ['bash', '-c', "sleep 1 && echo 'Task_3'"]
[2023-02-05 17:58:51,905] {subprocess.py:85} INFO - Output:
[2023-02-05 17:58:52,908] {subprocess.py:92} INFO - Task_3
[2023-02-05 17:58:52,908] {subprocess.py:96} INFO - Command exited with return code 0
[2023-02-05 17:58:52,942] {taskinstance.py:1415} INFO - Marking task as SUCCESS. dag_id=orchestration, task_id=task_3, execution_date=20230113T000000, start_date=20230205T225851, end_date=20230205T225852
[2023-02-05 17:58:52,992] {local_task_job.py:156} INFO - Task exited with return code 0
[2023-02-05 17:58:53,051] {local_task_job.py:273} INFO - 0 downstream tasks scheduled from follow-on schedule check
