[2023-02-05 21:26:35,319] {taskinstance.py:1179} INFO - Dependencies all met for <TaskInstance: 06_monitoring.task_1 scheduled__2022-11-04T00:00:00+00:00 [queued]>
[2023-02-05 21:26:35,330] {taskinstance.py:1179} INFO - Dependencies all met for <TaskInstance: 06_monitoring.task_1 scheduled__2022-11-04T00:00:00+00:00 [queued]>
[2023-02-05 21:26:35,330] {taskinstance.py:1376} INFO - 
--------------------------------------------------------------------------------
[2023-02-05 21:26:35,330] {taskinstance.py:1377} INFO - Starting attempt 2 of 2
[2023-02-05 21:26:35,330] {taskinstance.py:1378} INFO - 
--------------------------------------------------------------------------------
[2023-02-05 21:26:35,350] {taskinstance.py:1397} INFO - Executing <Task(BashOperator): task_1> on 2022-11-04 00:00:00+00:00
[2023-02-05 21:26:35,355] {standard_task_runner.py:52} INFO - Started process 35734 to run task
[2023-02-05 21:26:35,359] {standard_task_runner.py:79} INFO - Running: ['airflow', 'tasks', 'run', '06_monitoring', 'task_1', 'scheduled__2022-11-04T00:00:00+00:00', '--job-id', '195', '--raw', '--subdir', 'DAGS_FOLDER/06_monitoring.py', '--cfg-path', '/tmp/tmpcusljl5w', '--error-file', '/tmp/tmp9dej_hbw']
[2023-02-05 21:26:35,360] {standard_task_runner.py:80} INFO - Job 195: Subtask task_1
[2023-02-05 21:26:35,441] {task_command.py:371} INFO - Running <TaskInstance: 06_monitoring.task_1 scheduled__2022-11-04T00:00:00+00:00 [running]> on host pc.
[2023-02-05 21:26:35,533] {taskinstance.py:1589} INFO - Exporting the following env vars:
AIRFLOW_CTX_DAG_OWNER=airflow
AIRFLOW_CTX_DAG_ID=06_monitoring
AIRFLOW_CTX_TASK_ID=task_1
AIRFLOW_CTX_EXECUTION_DATE=2022-11-04T00:00:00+00:00
AIRFLOW_CTX_TRY_NUMBER=2
AIRFLOW_CTX_DAG_RUN_ID=scheduled__2022-11-04T00:00:00+00:00
[2023-02-05 21:26:35,534] {subprocess.py:62} INFO - Tmp dir root location: 
 /tmp
[2023-02-05 21:26:35,534] {subprocess.py:74} INFO - Running command: ['bash', '-c', "sleep 2 && echo 'First task!'"]
[2023-02-05 21:26:35,543] {subprocess.py:85} INFO - Output:
[2023-02-05 21:26:37,546] {subprocess.py:92} INFO - First task!
[2023-02-05 21:26:37,546] {subprocess.py:96} INFO - Command exited with return code 0
[2023-02-05 21:26:37,574] {taskinstance.py:1415} INFO - Marking task as SUCCESS. dag_id=06_monitoring, task_id=task_1, execution_date=20221104T000000, start_date=20230206T022635, end_date=20230206T022637
[2023-02-05 21:26:37,620] {local_task_job.py:156} INFO - Task exited with return code 0
[2023-02-05 21:26:37,649] {local_task_job.py:273} INFO - 0 downstream tasks scheduled from follow-on schedule check
[2023-02-05 21:56:27,200] {taskinstance.py:1179} INFO - Dependencies all met for <TaskInstance: 06_monitoring.task_1 scheduled__2022-11-04T00:00:00+00:00 [queued]>
[2023-02-05 21:56:27,211] {taskinstance.py:1179} INFO - Dependencies all met for <TaskInstance: 06_monitoring.task_1 scheduled__2022-11-04T00:00:00+00:00 [queued]>
[2023-02-05 21:56:27,212] {taskinstance.py:1376} INFO - 
--------------------------------------------------------------------------------
[2023-02-05 21:56:27,212] {taskinstance.py:1377} INFO - Starting attempt 2 of 2
[2023-02-05 21:56:27,212] {taskinstance.py:1378} INFO - 
--------------------------------------------------------------------------------
[2023-02-05 21:56:27,234] {taskinstance.py:1397} INFO - Executing <Task(BashOperator): task_1> on 2022-11-04 00:00:00+00:00
[2023-02-05 21:56:27,237] {standard_task_runner.py:52} INFO - Started process 36873 to run task
[2023-02-05 21:56:27,246] {standard_task_runner.py:79} INFO - Running: ['airflow', 'tasks', 'run', '06_monitoring', 'task_1', 'scheduled__2022-11-04T00:00:00+00:00', '--job-id', '218', '--raw', '--subdir', 'DAGS_FOLDER/06_monitoring.py', '--cfg-path', '/tmp/tmpgxf9zspr', '--error-file', '/tmp/tmp7xadtyz_']
[2023-02-05 21:56:27,247] {standard_task_runner.py:80} INFO - Job 218: Subtask task_1
[2023-02-05 21:56:27,324] {task_command.py:371} INFO - Running <TaskInstance: 06_monitoring.task_1 scheduled__2022-11-04T00:00:00+00:00 [running]> on host pc.
[2023-02-05 21:56:27,460] {taskinstance.py:1589} INFO - Exporting the following env vars:
AIRFLOW_CTX_DAG_OWNER=airflow
AIRFLOW_CTX_DAG_ID=06_monitoring
AIRFLOW_CTX_TASK_ID=task_1
AIRFLOW_CTX_EXECUTION_DATE=2022-11-04T00:00:00+00:00
AIRFLOW_CTX_TRY_NUMBER=2
AIRFLOW_CTX_DAG_RUN_ID=scheduled__2022-11-04T00:00:00+00:00
[2023-02-05 21:56:27,461] {subprocess.py:62} INFO - Tmp dir root location: 
 /tmp
[2023-02-05 21:56:27,462] {subprocess.py:74} INFO - Running command: ['bash', '-c', "sleep 2 && echo 'First task!'"]
[2023-02-05 21:56:27,470] {subprocess.py:85} INFO - Output:
[2023-02-05 21:56:29,473] {subprocess.py:92} INFO - First task!
[2023-02-05 21:56:29,473] {subprocess.py:96} INFO - Command exited with return code 0
[2023-02-05 21:56:29,503] {taskinstance.py:1415} INFO - Marking task as SUCCESS. dag_id=06_monitoring, task_id=task_1, execution_date=20221104T000000, start_date=20230206T025627, end_date=20230206T025629
[2023-02-05 21:56:29,543] {local_task_job.py:156} INFO - Task exited with return code 0
[2023-02-05 21:56:29,593] {local_task_job.py:273} INFO - 1 downstream tasks scheduled from follow-on schedule check
