[2023-02-05 21:11:02,504] {taskinstance.py:1179} INFO - Dependencies all met for <TaskInstance: 06_monitoring.task_1 scheduled__2022-11-04T00:00:00+00:00 [queued]>
[2023-02-05 21:11:02,514] {taskinstance.py:1179} INFO - Dependencies all met for <TaskInstance: 06_monitoring.task_1 scheduled__2022-11-04T00:00:00+00:00 [queued]>
[2023-02-05 21:11:02,515] {taskinstance.py:1376} INFO - 
--------------------------------------------------------------------------------
[2023-02-05 21:11:02,515] {taskinstance.py:1377} INFO - Starting attempt 1 of 1
[2023-02-05 21:11:02,515] {taskinstance.py:1378} INFO - 
--------------------------------------------------------------------------------
[2023-02-05 21:11:02,537] {taskinstance.py:1397} INFO - Executing <Task(BashOperator): task_1> on 2022-11-04 00:00:00+00:00
[2023-02-05 21:11:02,540] {standard_task_runner.py:52} INFO - Started process 35003 to run task
[2023-02-05 21:11:02,545] {standard_task_runner.py:79} INFO - Running: ['airflow', 'tasks', 'run', '06_monitoring', 'task_1', 'scheduled__2022-11-04T00:00:00+00:00', '--job-id', '132', '--raw', '--subdir', 'DAGS_FOLDER/06_monitoring.py', '--cfg-path', '/tmp/tmp2fha4rkq', '--error-file', '/tmp/tmp4isry9o0']
[2023-02-05 21:11:02,546] {standard_task_runner.py:80} INFO - Job 132: Subtask task_1
[2023-02-05 21:11:02,623] {task_command.py:371} INFO - Running <TaskInstance: 06_monitoring.task_1 scheduled__2022-11-04T00:00:00+00:00 [running]> on host pc.
[2023-02-05 21:11:02,703] {taskinstance.py:1589} INFO - Exporting the following env vars:
AIRFLOW_CTX_DAG_OWNER=airflow
AIRFLOW_CTX_DAG_ID=06_monitoring
AIRFLOW_CTX_TASK_ID=task_1
AIRFLOW_CTX_EXECUTION_DATE=2022-11-04T00:00:00+00:00
AIRFLOW_CTX_TRY_NUMBER=1
AIRFLOW_CTX_DAG_RUN_ID=scheduled__2022-11-04T00:00:00+00:00
[2023-02-05 21:11:02,704] {subprocess.py:62} INFO - Tmp dir root location: 
 /tmp
[2023-02-05 21:11:02,705] {subprocess.py:74} INFO - Running command: ['bash', '-c', "sleep 2 && echo 'First task!'"]
[2023-02-05 21:11:02,712] {subprocess.py:85} INFO - Output:
[2023-02-05 21:11:04,714] {subprocess.py:92} INFO - First task!
[2023-02-05 21:11:04,715] {subprocess.py:96} INFO - Command exited with return code 0
[2023-02-05 21:11:04,742] {taskinstance.py:1415} INFO - Marking task as SUCCESS. dag_id=06_monitoring, task_id=task_1, execution_date=20221104T000000, start_date=20230206T021102, end_date=20230206T021104
[2023-02-05 21:11:04,763] {local_task_job.py:156} INFO - Task exited with return code 0
[2023-02-05 21:11:04,809] {local_task_job.py:273} INFO - 1 downstream tasks scheduled from follow-on schedule check
[2023-02-05 21:14:04,866] {taskinstance.py:1179} INFO - Dependencies all met for <TaskInstance: 06_monitoring.task_1 scheduled__2022-11-04T00:00:00+00:00 [queued]>
[2023-02-05 21:14:04,877] {taskinstance.py:1179} INFO - Dependencies all met for <TaskInstance: 06_monitoring.task_1 scheduled__2022-11-04T00:00:00+00:00 [queued]>
[2023-02-05 21:14:04,877] {taskinstance.py:1376} INFO - 
--------------------------------------------------------------------------------
[2023-02-05 21:14:04,877] {taskinstance.py:1377} INFO - Starting attempt 1 of 1
[2023-02-05 21:14:04,877] {taskinstance.py:1378} INFO - 
--------------------------------------------------------------------------------
[2023-02-05 21:14:04,899] {taskinstance.py:1397} INFO - Executing <Task(BashOperator): task_1> on 2022-11-04 00:00:00+00:00
[2023-02-05 21:14:04,902] {standard_task_runner.py:52} INFO - Started process 35217 to run task
[2023-02-05 21:14:04,907] {standard_task_runner.py:79} INFO - Running: ['airflow', 'tasks', 'run', '06_monitoring', 'task_1', 'scheduled__2022-11-04T00:00:00+00:00', '--job-id', '129', '--raw', '--subdir', 'DAGS_FOLDER/06_monitoring.py', '--cfg-path', '/tmp/tmpke6cntks', '--error-file', '/tmp/tmpj_wcfy60']
[2023-02-05 21:14:04,908] {standard_task_runner.py:80} INFO - Job 129: Subtask task_1
[2023-02-05 21:14:04,993] {task_command.py:371} INFO - Running <TaskInstance: 06_monitoring.task_1 scheduled__2022-11-04T00:00:00+00:00 [running]> on host pc.
[2023-02-05 21:14:05,120] {taskinstance.py:1589} INFO - Exporting the following env vars:
AIRFLOW_CTX_DAG_OWNER=airflow
AIRFLOW_CTX_DAG_ID=06_monitoring
AIRFLOW_CTX_TASK_ID=task_1
AIRFLOW_CTX_EXECUTION_DATE=2022-11-04T00:00:00+00:00
AIRFLOW_CTX_TRY_NUMBER=1
AIRFLOW_CTX_DAG_RUN_ID=scheduled__2022-11-04T00:00:00+00:00
[2023-02-05 21:14:05,122] {subprocess.py:62} INFO - Tmp dir root location: 
 /tmp
[2023-02-05 21:14:05,122] {subprocess.py:74} INFO - Running command: ['bash', '-c', "sleep 2 && echo 'First task!'"]
[2023-02-05 21:14:05,131] {subprocess.py:85} INFO - Output:
[2023-02-05 21:14:07,133] {subprocess.py:92} INFO - First task!
[2023-02-05 21:14:07,133] {subprocess.py:96} INFO - Command exited with return code 0
[2023-02-05 21:14:07,179] {taskinstance.py:1415} INFO - Marking task as SUCCESS. dag_id=06_monitoring, task_id=task_1, execution_date=20221104T000000, start_date=20230206T021404, end_date=20230206T021407
[2023-02-05 21:14:07,207] {local_task_job.py:156} INFO - Task exited with return code 0
[2023-02-05 21:14:07,260] {local_task_job.py:273} INFO - 1 downstream tasks scheduled from follow-on schedule check
[2023-02-05 21:33:09,717] {taskinstance.py:1179} INFO - Dependencies all met for <TaskInstance: 06_monitoring.task_1 scheduled__2022-11-04T00:00:00+00:00 [queued]>
[2023-02-05 21:33:09,727] {taskinstance.py:1179} INFO - Dependencies all met for <TaskInstance: 06_monitoring.task_1 scheduled__2022-11-04T00:00:00+00:00 [queued]>
[2023-02-05 21:33:09,727] {taskinstance.py:1376} INFO - 
--------------------------------------------------------------------------------
[2023-02-05 21:33:09,727] {taskinstance.py:1377} INFO - Starting attempt 1 of 1
[2023-02-05 21:33:09,727] {taskinstance.py:1378} INFO - 
--------------------------------------------------------------------------------
[2023-02-05 21:33:09,771] {taskinstance.py:1397} INFO - Executing <Task(BashOperator): task_1> on 2022-11-04 00:00:00+00:00
[2023-02-05 21:33:09,774] {standard_task_runner.py:52} INFO - Started process 36079 to run task
[2023-02-05 21:33:09,779] {standard_task_runner.py:79} INFO - Running: ['airflow', 'tasks', 'run', '06_monitoring', 'task_1', 'scheduled__2022-11-04T00:00:00+00:00', '--job-id', '129', '--raw', '--subdir', 'DAGS_FOLDER/06_monitoring.py', '--cfg-path', '/tmp/tmpg22az0lz', '--error-file', '/tmp/tmpeb4wel3p']
[2023-02-05 21:33:09,780] {standard_task_runner.py:80} INFO - Job 129: Subtask task_1
[2023-02-05 21:33:09,855] {task_command.py:371} INFO - Running <TaskInstance: 06_monitoring.task_1 scheduled__2022-11-04T00:00:00+00:00 [running]> on host pc.
[2023-02-05 21:33:09,935] {taskinstance.py:1589} INFO - Exporting the following env vars:
AIRFLOW_CTX_DAG_OWNER=airflow
AIRFLOW_CTX_DAG_ID=06_monitoring
AIRFLOW_CTX_TASK_ID=task_1
AIRFLOW_CTX_EXECUTION_DATE=2022-11-04T00:00:00+00:00
AIRFLOW_CTX_TRY_NUMBER=1
AIRFLOW_CTX_DAG_RUN_ID=scheduled__2022-11-04T00:00:00+00:00
[2023-02-05 21:33:09,937] {subprocess.py:62} INFO - Tmp dir root location: 
 /tmp
[2023-02-05 21:33:09,937] {subprocess.py:74} INFO - Running command: ['bash', '-c', "sleep 2 && echo 'First task!'"]
[2023-02-05 21:33:09,945] {subprocess.py:85} INFO - Output:
[2023-02-05 21:33:11,948] {subprocess.py:92} INFO - First task!
[2023-02-05 21:33:11,948] {subprocess.py:96} INFO - Command exited with return code 0
[2023-02-05 21:33:11,978] {taskinstance.py:1415} INFO - Marking task as SUCCESS. dag_id=06_monitoring, task_id=task_1, execution_date=20221104T000000, start_date=20230206T023309, end_date=20230206T023311
[2023-02-05 21:33:12,010] {local_task_job.py:156} INFO - Task exited with return code 0
[2023-02-05 21:33:12,054] {local_task_job.py:273} INFO - 1 downstream tasks scheduled from follow-on schedule check
