[2023-02-05 21:29:26,447] {taskinstance.py:1179} INFO - Dependencies all met for <TaskInstance: 06_monitoring.task_2 scheduled__2022-11-13T00:00:00+00:00 [queued]>
[2023-02-05 21:29:26,460] {taskinstance.py:1179} INFO - Dependencies all met for <TaskInstance: 06_monitoring.task_2 scheduled__2022-11-13T00:00:00+00:00 [queued]>
[2023-02-05 21:29:26,460] {taskinstance.py:1376} INFO - 
--------------------------------------------------------------------------------
[2023-02-05 21:29:26,460] {taskinstance.py:1377} INFO - Starting attempt 2 of 2
[2023-02-05 21:29:26,460] {taskinstance.py:1378} INFO - 
--------------------------------------------------------------------------------
[2023-02-05 21:29:26,481] {taskinstance.py:1397} INFO - Executing <Task(BashOperator): task_2> on 2022-11-13 00:00:00+00:00
[2023-02-05 21:29:26,484] {standard_task_runner.py:52} INFO - Started process 35909 to run task
[2023-02-05 21:29:26,489] {standard_task_runner.py:79} INFO - Running: ['airflow', 'tasks', 'run', '06_monitoring', 'task_2', 'scheduled__2022-11-13T00:00:00+00:00', '--job-id', '235', '--raw', '--subdir', 'DAGS_FOLDER/06_monitoring.py', '--cfg-path', '/tmp/tmpxk6czknu', '--error-file', '/tmp/tmpywfk09od']
[2023-02-05 21:29:26,490] {standard_task_runner.py:80} INFO - Job 235: Subtask task_2
[2023-02-05 21:29:26,605] {task_command.py:371} INFO - Running <TaskInstance: 06_monitoring.task_2 scheduled__2022-11-13T00:00:00+00:00 [running]> on host pc.
[2023-02-05 21:29:26,704] {taskinstance.py:1589} INFO - Exporting the following env vars:
AIRFLOW_CTX_DAG_OWNER=airflow
AIRFLOW_CTX_DAG_ID=06_monitoring
AIRFLOW_CTX_TASK_ID=task_2
AIRFLOW_CTX_EXECUTION_DATE=2022-11-13T00:00:00+00:00
AIRFLOW_CTX_TRY_NUMBER=2
AIRFLOW_CTX_DAG_RUN_ID=scheduled__2022-11-13T00:00:00+00:00
[2023-02-05 21:29:26,705] {subprocess.py:62} INFO - Tmp dir root location: 
 /tmp
[2023-02-05 21:29:26,706] {subprocess.py:74} INFO - Running command: ['bash', '-c', "sleep 2 && echo 'Second task!'"]
[2023-02-05 21:29:26,718] {subprocess.py:85} INFO - Output:
[2023-02-05 21:29:28,720] {subprocess.py:92} INFO - Second task!
[2023-02-05 21:29:28,721] {subprocess.py:96} INFO - Command exited with return code 0
[2023-02-05 21:29:28,753] {taskinstance.py:1415} INFO - Marking task as SUCCESS. dag_id=06_monitoring, task_id=task_2, execution_date=20221113T000000, start_date=20230206T022926, end_date=20230206T022928
[2023-02-05 21:29:28,789] {local_task_job.py:156} INFO - Task exited with return code 0
[2023-02-05 21:29:28,818] {local_task_job.py:273} INFO - 0 downstream tasks scheduled from follow-on schedule check
[2023-02-05 21:41:06,934] {taskinstance.py:1179} INFO - Dependencies all met for <TaskInstance: 06_monitoring.task_2 scheduled__2022-11-13T00:00:00+00:00 [queued]>
[2023-02-05 21:41:06,946] {taskinstance.py:1179} INFO - Dependencies all met for <TaskInstance: 06_monitoring.task_2 scheduled__2022-11-13T00:00:00+00:00 [queued]>
[2023-02-05 21:41:06,946] {taskinstance.py:1376} INFO - 
--------------------------------------------------------------------------------
[2023-02-05 21:41:06,947] {taskinstance.py:1377} INFO - Starting attempt 2 of 2
[2023-02-05 21:41:06,947] {taskinstance.py:1378} INFO - 
--------------------------------------------------------------------------------
[2023-02-05 21:41:06,981] {taskinstance.py:1397} INFO - Executing <Task(BashOperator): task_2> on 2022-11-13 00:00:00+00:00
[2023-02-05 21:41:06,984] {standard_task_runner.py:52} INFO - Started process 36444 to run task
[2023-02-05 21:41:06,989] {standard_task_runner.py:79} INFO - Running: ['airflow', 'tasks', 'run', '06_monitoring', 'task_2', 'scheduled__2022-11-13T00:00:00+00:00', '--job-id', '170', '--raw', '--subdir', 'DAGS_FOLDER/06_monitoring.py', '--cfg-path', '/tmp/tmpxsn3fyoq', '--error-file', '/tmp/tmpd_bmq1b6']
[2023-02-05 21:41:06,991] {standard_task_runner.py:80} INFO - Job 170: Subtask task_2
[2023-02-05 21:41:07,069] {task_command.py:371} INFO - Running <TaskInstance: 06_monitoring.task_2 scheduled__2022-11-13T00:00:00+00:00 [running]> on host pc.
[2023-02-05 21:41:07,154] {taskinstance.py:1589} INFO - Exporting the following env vars:
AIRFLOW_CTX_DAG_OWNER=airflow
AIRFLOW_CTX_DAG_ID=06_monitoring
AIRFLOW_CTX_TASK_ID=task_2
AIRFLOW_CTX_EXECUTION_DATE=2022-11-13T00:00:00+00:00
AIRFLOW_CTX_TRY_NUMBER=2
AIRFLOW_CTX_DAG_RUN_ID=scheduled__2022-11-13T00:00:00+00:00
[2023-02-05 21:41:07,155] {subprocess.py:62} INFO - Tmp dir root location: 
 /tmp
[2023-02-05 21:41:07,156] {subprocess.py:74} INFO - Running command: ['bash', '-c', "sleep 2 && echo 'Second task!'"]
[2023-02-05 21:41:07,163] {subprocess.py:85} INFO - Output:
[2023-02-05 21:41:09,166] {subprocess.py:92} INFO - Second task!
[2023-02-05 21:41:09,167] {subprocess.py:96} INFO - Command exited with return code 0
[2023-02-05 21:41:09,200] {taskinstance.py:1415} INFO - Marking task as SUCCESS. dag_id=06_monitoring, task_id=task_2, execution_date=20221113T000000, start_date=20230206T024106, end_date=20230206T024109
[2023-02-05 21:41:09,250] {local_task_job.py:156} INFO - Task exited with return code 0
[2023-02-05 21:41:09,297] {local_task_job.py:273} INFO - 1 downstream tasks scheduled from follow-on schedule check
