[2023-02-05 17:46:50,080] {taskinstance.py:1179} INFO - Dependencies all met for <TaskInstance: orchestration.task_2 scheduled__2023-01-10T00:00:00+00:00 [queued]>
[2023-02-05 17:46:50,091] {taskinstance.py:1179} INFO - Dependencies all met for <TaskInstance: orchestration.task_2 scheduled__2023-01-10T00:00:00+00:00 [queued]>
[2023-02-05 17:46:50,091] {taskinstance.py:1376} INFO - 
--------------------------------------------------------------------------------
[2023-02-05 17:46:50,091] {taskinstance.py:1377} INFO - Starting attempt 1 of 1
[2023-02-05 17:46:50,091] {taskinstance.py:1378} INFO - 
--------------------------------------------------------------------------------
[2023-02-05 17:46:50,112] {taskinstance.py:1397} INFO - Executing <Task(BashOperator): task_2> on 2023-01-10 00:00:00+00:00
[2023-02-05 17:46:50,116] {standard_task_runner.py:52} INFO - Started process 30013 to run task
[2023-02-05 17:46:50,120] {standard_task_runner.py:79} INFO - Running: ['airflow', 'tasks', 'run', 'orchestration', 'task_2', 'scheduled__2023-01-10T00:00:00+00:00', '--job-id', '84', '--raw', '--subdir', 'DAGS_FOLDER/5_orchestration_2.py', '--cfg-path', '/tmp/tmpr0ll3xd7', '--error-file', '/tmp/tmpvi7zlz97']
[2023-02-05 17:46:50,121] {standard_task_runner.py:80} INFO - Job 84: Subtask task_2
[2023-02-05 17:46:50,201] {task_command.py:371} INFO - Running <TaskInstance: orchestration.task_2 scheduled__2023-01-10T00:00:00+00:00 [running]> on host pc.
[2023-02-05 17:46:50,288] {taskinstance.py:1589} INFO - Exporting the following env vars:
AIRFLOW_CTX_DAG_OWNER=airflow
AIRFLOW_CTX_DAG_ID=orchestration
AIRFLOW_CTX_TASK_ID=task_2
AIRFLOW_CTX_EXECUTION_DATE=2023-01-10T00:00:00+00:00
AIRFLOW_CTX_TRY_NUMBER=1
AIRFLOW_CTX_DAG_RUN_ID=scheduled__2023-01-10T00:00:00+00:00
[2023-02-05 17:46:50,290] {subprocess.py:62} INFO - Tmp dir root location: 
 /tmp
[2023-02-05 17:46:50,290] {subprocess.py:74} INFO - Running command: ['bash', '-c', "sleep 2 && echo 'Task_2'"]
[2023-02-05 17:46:50,298] {subprocess.py:85} INFO - Output:
[2023-02-05 17:46:52,300] {subprocess.py:92} INFO - Task_2
[2023-02-05 17:46:52,301] {subprocess.py:96} INFO - Command exited with return code 0
[2023-02-05 17:46:52,330] {taskinstance.py:1415} INFO - Marking task as SUCCESS. dag_id=orchestration, task_id=task_2, execution_date=20230110T000000, start_date=20230205T224650, end_date=20230205T224652
[2023-02-05 17:46:52,380] {local_task_job.py:156} INFO - Task exited with return code 0
[2023-02-05 17:46:52,430] {local_task_job.py:273} INFO - 2 downstream tasks scheduled from follow-on schedule check
[2023-02-05 17:58:04,945] {taskinstance.py:1179} INFO - Dependencies all met for <TaskInstance: orchestration.task_2 scheduled__2023-01-10T00:00:00+00:00 [queued]>
[2023-02-05 17:58:04,959] {taskinstance.py:1179} INFO - Dependencies all met for <TaskInstance: orchestration.task_2 scheduled__2023-01-10T00:00:00+00:00 [queued]>
[2023-02-05 17:58:04,959] {taskinstance.py:1376} INFO - 
--------------------------------------------------------------------------------
[2023-02-05 17:58:04,959] {taskinstance.py:1377} INFO - Starting attempt 1 of 1
[2023-02-05 17:58:04,960] {taskinstance.py:1378} INFO - 
--------------------------------------------------------------------------------
[2023-02-05 17:58:04,983] {taskinstance.py:1397} INFO - Executing <Task(BashOperator): task_2> on 2023-01-10 00:00:00+00:00
[2023-02-05 17:58:04,986] {standard_task_runner.py:52} INFO - Started process 30684 to run task
[2023-02-05 17:58:04,991] {standard_task_runner.py:79} INFO - Running: ['airflow', 'tasks', 'run', 'orchestration', 'task_2', 'scheduled__2023-01-10T00:00:00+00:00', '--job-id', '88', '--raw', '--subdir', 'DAGS_FOLDER/5_orchestration_2.py', '--cfg-path', '/tmp/tmpnvrs8p6r', '--error-file', '/tmp/tmp3_oblogr']
[2023-02-05 17:58:04,992] {standard_task_runner.py:80} INFO - Job 88: Subtask task_2
[2023-02-05 17:58:05,079] {task_command.py:371} INFO - Running <TaskInstance: orchestration.task_2 scheduled__2023-01-10T00:00:00+00:00 [running]> on host pc.
[2023-02-05 17:58:05,166] {taskinstance.py:1589} INFO - Exporting the following env vars:
AIRFLOW_CTX_DAG_OWNER=airflow
AIRFLOW_CTX_DAG_ID=orchestration
AIRFLOW_CTX_TASK_ID=task_2
AIRFLOW_CTX_EXECUTION_DATE=2023-01-10T00:00:00+00:00
AIRFLOW_CTX_TRY_NUMBER=1
AIRFLOW_CTX_DAG_RUN_ID=scheduled__2023-01-10T00:00:00+00:00
[2023-02-05 17:58:05,167] {subprocess.py:62} INFO - Tmp dir root location: 
 /tmp
[2023-02-05 17:58:05,168] {subprocess.py:74} INFO - Running command: ['bash', '-c', "sleep 1 && echo 'Task_2'"]
[2023-02-05 17:58:05,176] {subprocess.py:85} INFO - Output:
[2023-02-05 17:58:06,178] {subprocess.py:92} INFO - Task_2
[2023-02-05 17:58:06,179] {subprocess.py:96} INFO - Command exited with return code 0
[2023-02-05 17:58:06,208] {taskinstance.py:1415} INFO - Marking task as SUCCESS. dag_id=orchestration, task_id=task_2, execution_date=20230110T000000, start_date=20230205T225804, end_date=20230205T225806
[2023-02-05 17:58:06,248] {local_task_job.py:156} INFO - Task exited with return code 0
[2023-02-05 17:58:06,304] {local_task_job.py:273} INFO - 2 downstream tasks scheduled from follow-on schedule check
