[2023-02-05 17:45:13,665] {taskinstance.py:1179} INFO - Dependencies all met for <TaskInstance: orchestration.task_4 scheduled__2023-01-03T00:00:00+00:00 [queued]>
[2023-02-05 17:45:13,676] {taskinstance.py:1179} INFO - Dependencies all met for <TaskInstance: orchestration.task_4 scheduled__2023-01-03T00:00:00+00:00 [queued]>
[2023-02-05 17:45:13,676] {taskinstance.py:1376} INFO - 
--------------------------------------------------------------------------------
[2023-02-05 17:45:13,676] {taskinstance.py:1377} INFO - Starting attempt 1 of 1
[2023-02-05 17:45:13,676] {taskinstance.py:1378} INFO - 
--------------------------------------------------------------------------------
[2023-02-05 17:45:13,697] {taskinstance.py:1397} INFO - Executing <Task(BashOperator): task_4> on 2023-01-03 00:00:00+00:00
[2023-02-05 17:45:13,701] {standard_task_runner.py:52} INFO - Started process 29904 to run task
[2023-02-05 17:45:13,706] {standard_task_runner.py:79} INFO - Running: ['airflow', 'tasks', 'run', 'orchestration', 'task_4', 'scheduled__2023-01-03T00:00:00+00:00', '--job-id', '62', '--raw', '--subdir', 'DAGS_FOLDER/5_orchestration_2.py', '--cfg-path', '/tmp/tmp_xsqn5lf', '--error-file', '/tmp/tmp0ppmi_kd']
[2023-02-05 17:45:13,707] {standard_task_runner.py:80} INFO - Job 62: Subtask task_4
[2023-02-05 17:45:13,782] {task_command.py:371} INFO - Running <TaskInstance: orchestration.task_4 scheduled__2023-01-03T00:00:00+00:00 [running]> on host pc.
[2023-02-05 17:45:13,866] {taskinstance.py:1589} INFO - Exporting the following env vars:
AIRFLOW_CTX_DAG_OWNER=airflow
AIRFLOW_CTX_DAG_ID=orchestration
AIRFLOW_CTX_TASK_ID=task_4
AIRFLOW_CTX_EXECUTION_DATE=2023-01-03T00:00:00+00:00
AIRFLOW_CTX_TRY_NUMBER=1
AIRFLOW_CTX_DAG_RUN_ID=scheduled__2023-01-03T00:00:00+00:00
[2023-02-05 17:45:13,867] {subprocess.py:62} INFO - Tmp dir root location: 
 /tmp
[2023-02-05 17:45:13,868] {subprocess.py:74} INFO - Running command: ['bash', '-c', "sleep 2 && echo 'Task_4'"]
[2023-02-05 17:45:13,875] {subprocess.py:85} INFO - Output:
[2023-02-05 17:45:15,878] {subprocess.py:92} INFO - Task_4
[2023-02-05 17:45:15,878] {subprocess.py:96} INFO - Command exited with return code 0
[2023-02-05 17:45:15,911] {taskinstance.py:1415} INFO - Marking task as SUCCESS. dag_id=orchestration, task_id=task_4, execution_date=20230103T000000, start_date=20230205T224513, end_date=20230205T224515
[2023-02-05 17:45:15,966] {local_task_job.py:156} INFO - Task exited with return code 0
[2023-02-05 17:45:16,011] {local_task_job.py:273} INFO - 1 downstream tasks scheduled from follow-on schedule check
[2023-02-05 17:56:06,546] {taskinstance.py:1179} INFO - Dependencies all met for <TaskInstance: orchestration.task_4 scheduled__2023-01-03T00:00:00+00:00 [queued]>
[2023-02-05 17:56:06,567] {taskinstance.py:1179} INFO - Dependencies all met for <TaskInstance: orchestration.task_4 scheduled__2023-01-03T00:00:00+00:00 [queued]>
[2023-02-05 17:56:06,567] {taskinstance.py:1376} INFO - 
--------------------------------------------------------------------------------
[2023-02-05 17:56:06,567] {taskinstance.py:1377} INFO - Starting attempt 1 of 1
[2023-02-05 17:56:06,567] {taskinstance.py:1378} INFO - 
--------------------------------------------------------------------------------
[2023-02-05 17:56:06,596] {taskinstance.py:1397} INFO - Executing <Task(BashOperator): task_4> on 2023-01-03 00:00:00+00:00
[2023-02-05 17:56:06,599] {standard_task_runner.py:52} INFO - Started process 30546 to run task
[2023-02-05 17:56:06,605] {standard_task_runner.py:79} INFO - Running: ['airflow', 'tasks', 'run', 'orchestration', 'task_4', 'scheduled__2023-01-03T00:00:00+00:00', '--job-id', '62', '--raw', '--subdir', 'DAGS_FOLDER/5_orchestration_2.py', '--cfg-path', '/tmp/tmpg4gg5wgi', '--error-file', '/tmp/tmpahlhrim5']
[2023-02-05 17:56:06,607] {standard_task_runner.py:80} INFO - Job 62: Subtask task_4
[2023-02-05 17:56:06,696] {task_command.py:371} INFO - Running <TaskInstance: orchestration.task_4 scheduled__2023-01-03T00:00:00+00:00 [running]> on host pc.
[2023-02-05 17:56:06,795] {taskinstance.py:1589} INFO - Exporting the following env vars:
AIRFLOW_CTX_DAG_OWNER=airflow
AIRFLOW_CTX_DAG_ID=orchestration
AIRFLOW_CTX_TASK_ID=task_4
AIRFLOW_CTX_EXECUTION_DATE=2023-01-03T00:00:00+00:00
AIRFLOW_CTX_TRY_NUMBER=1
AIRFLOW_CTX_DAG_RUN_ID=scheduled__2023-01-03T00:00:00+00:00
[2023-02-05 17:56:06,796] {subprocess.py:62} INFO - Tmp dir root location: 
 /tmp
[2023-02-05 17:56:06,797] {subprocess.py:74} INFO - Running command: ['bash', '-c', "sleep 1 && echo 'Task_4'"]
[2023-02-05 17:56:06,805] {subprocess.py:85} INFO - Output:
[2023-02-05 17:56:07,807] {subprocess.py:92} INFO - Task_4
[2023-02-05 17:56:07,808] {subprocess.py:96} INFO - Command exited with return code 0
[2023-02-05 17:56:07,842] {taskinstance.py:1415} INFO - Marking task as SUCCESS. dag_id=orchestration, task_id=task_4, execution_date=20230103T000000, start_date=20230205T225606, end_date=20230205T225607
[2023-02-05 17:56:07,900] {local_task_job.py:156} INFO - Task exited with return code 0
[2023-02-05 17:56:07,947] {local_task_job.py:273} INFO - 1 downstream tasks scheduled from follow-on schedule check
