[2023-02-05 21:10:54,102] {taskinstance.py:1179} INFO - Dependencies all met for <TaskInstance: 06_monitoring.task_1 scheduled__2022-11-03T00:00:00+00:00 [queued]>
[2023-02-05 21:10:54,114] {taskinstance.py:1179} INFO - Dependencies all met for <TaskInstance: 06_monitoring.task_1 scheduled__2022-11-03T00:00:00+00:00 [queued]>
[2023-02-05 21:10:54,114] {taskinstance.py:1376} INFO - 
--------------------------------------------------------------------------------
[2023-02-05 21:10:54,115] {taskinstance.py:1377} INFO - Starting attempt 1 of 1
[2023-02-05 21:10:54,115] {taskinstance.py:1378} INFO - 
--------------------------------------------------------------------------------
[2023-02-05 21:10:54,147] {taskinstance.py:1397} INFO - Executing <Task(BashOperator): task_1> on 2022-11-03 00:00:00+00:00
[2023-02-05 21:10:54,151] {standard_task_runner.py:52} INFO - Started process 34992 to run task
[2023-02-05 21:10:54,160] {standard_task_runner.py:79} INFO - Running: ['airflow', 'tasks', 'run', '06_monitoring', 'task_1', 'scheduled__2022-11-03T00:00:00+00:00', '--job-id', '129', '--raw', '--subdir', 'DAGS_FOLDER/06_monitoring.py', '--cfg-path', '/tmp/tmpk2punnab', '--error-file', '/tmp/tmpa1t386b5']
[2023-02-05 21:10:54,161] {standard_task_runner.py:80} INFO - Job 129: Subtask task_1
[2023-02-05 21:10:54,278] {task_command.py:371} INFO - Running <TaskInstance: 06_monitoring.task_1 scheduled__2022-11-03T00:00:00+00:00 [running]> on host pc.
[2023-02-05 21:10:54,368] {taskinstance.py:1589} INFO - Exporting the following env vars:
AIRFLOW_CTX_DAG_OWNER=airflow
AIRFLOW_CTX_DAG_ID=06_monitoring
AIRFLOW_CTX_TASK_ID=task_1
AIRFLOW_CTX_EXECUTION_DATE=2022-11-03T00:00:00+00:00
AIRFLOW_CTX_TRY_NUMBER=1
AIRFLOW_CTX_DAG_RUN_ID=scheduled__2022-11-03T00:00:00+00:00
[2023-02-05 21:10:54,369] {subprocess.py:62} INFO - Tmp dir root location: 
 /tmp
[2023-02-05 21:10:54,370] {subprocess.py:74} INFO - Running command: ['bash', '-c', "sleep 2 && echo 'First task!'"]
[2023-02-05 21:10:54,378] {subprocess.py:85} INFO - Output:
[2023-02-05 21:10:56,381] {subprocess.py:92} INFO - First task!
[2023-02-05 21:10:56,381] {subprocess.py:96} INFO - Command exited with return code 0
[2023-02-05 21:10:56,410] {taskinstance.py:1415} INFO - Marking task as SUCCESS. dag_id=06_monitoring, task_id=task_1, execution_date=20221103T000000, start_date=20230206T021054, end_date=20230206T021056
[2023-02-05 21:10:56,456] {local_task_job.py:156} INFO - Task exited with return code 0
[2023-02-05 21:10:56,552] {local_task_job.py:273} INFO - 1 downstream tasks scheduled from follow-on schedule check
[2023-02-05 21:13:58,106] {taskinstance.py:1179} INFO - Dependencies all met for <TaskInstance: 06_monitoring.task_1 scheduled__2022-11-03T00:00:00+00:00 [queued]>
[2023-02-05 21:13:58,118] {taskinstance.py:1179} INFO - Dependencies all met for <TaskInstance: 06_monitoring.task_1 scheduled__2022-11-03T00:00:00+00:00 [queued]>
[2023-02-05 21:13:58,118] {taskinstance.py:1376} INFO - 
--------------------------------------------------------------------------------
[2023-02-05 21:13:58,118] {taskinstance.py:1377} INFO - Starting attempt 1 of 1
[2023-02-05 21:13:58,118] {taskinstance.py:1378} INFO - 
--------------------------------------------------------------------------------
[2023-02-05 21:13:58,141] {taskinstance.py:1397} INFO - Executing <Task(BashOperator): task_1> on 2022-11-03 00:00:00+00:00
[2023-02-05 21:13:58,144] {standard_task_runner.py:52} INFO - Started process 35209 to run task
[2023-02-05 21:13:58,151] {standard_task_runner.py:79} INFO - Running: ['airflow', 'tasks', 'run', '06_monitoring', 'task_1', 'scheduled__2022-11-03T00:00:00+00:00', '--job-id', '127', '--raw', '--subdir', 'DAGS_FOLDER/06_monitoring.py', '--cfg-path', '/tmp/tmp8l9c1g6s', '--error-file', '/tmp/tmpzrm1hn0f']
[2023-02-05 21:13:58,152] {standard_task_runner.py:80} INFO - Job 127: Subtask task_1
[2023-02-05 21:13:58,230] {task_command.py:371} INFO - Running <TaskInstance: 06_monitoring.task_1 scheduled__2022-11-03T00:00:00+00:00 [running]> on host pc.
[2023-02-05 21:13:58,362] {taskinstance.py:1589} INFO - Exporting the following env vars:
AIRFLOW_CTX_DAG_OWNER=airflow
AIRFLOW_CTX_DAG_ID=06_monitoring
AIRFLOW_CTX_TASK_ID=task_1
AIRFLOW_CTX_EXECUTION_DATE=2022-11-03T00:00:00+00:00
AIRFLOW_CTX_TRY_NUMBER=1
AIRFLOW_CTX_DAG_RUN_ID=scheduled__2022-11-03T00:00:00+00:00
[2023-02-05 21:13:58,363] {subprocess.py:62} INFO - Tmp dir root location: 
 /tmp
[2023-02-05 21:13:58,364] {subprocess.py:74} INFO - Running command: ['bash', '-c', "sleep 2 && echo 'First task!'"]
[2023-02-05 21:13:58,371] {subprocess.py:85} INFO - Output:
[2023-02-05 21:14:00,374] {subprocess.py:92} INFO - First task!
[2023-02-05 21:14:00,374] {subprocess.py:96} INFO - Command exited with return code 0
[2023-02-05 21:14:00,404] {taskinstance.py:1415} INFO - Marking task as SUCCESS. dag_id=06_monitoring, task_id=task_1, execution_date=20221103T000000, start_date=20230206T021358, end_date=20230206T021400
[2023-02-05 21:14:00,450] {local_task_job.py:156} INFO - Task exited with return code 0
[2023-02-05 21:14:00,499] {local_task_job.py:273} INFO - 1 downstream tasks scheduled from follow-on schedule check
[2023-02-05 21:33:03,208] {taskinstance.py:1179} INFO - Dependencies all met for <TaskInstance: 06_monitoring.task_1 scheduled__2022-11-03T00:00:00+00:00 [queued]>
[2023-02-05 21:33:03,219] {taskinstance.py:1179} INFO - Dependencies all met for <TaskInstance: 06_monitoring.task_1 scheduled__2022-11-03T00:00:00+00:00 [queued]>
[2023-02-05 21:33:03,220] {taskinstance.py:1376} INFO - 
--------------------------------------------------------------------------------
[2023-02-05 21:33:03,220] {taskinstance.py:1377} INFO - Starting attempt 1 of 1
[2023-02-05 21:33:03,220] {taskinstance.py:1378} INFO - 
--------------------------------------------------------------------------------
[2023-02-05 21:33:03,263] {taskinstance.py:1397} INFO - Executing <Task(BashOperator): task_1> on 2022-11-03 00:00:00+00:00
[2023-02-05 21:33:03,266] {standard_task_runner.py:52} INFO - Started process 36071 to run task
[2023-02-05 21:33:03,275] {standard_task_runner.py:79} INFO - Running: ['airflow', 'tasks', 'run', '06_monitoring', 'task_1', 'scheduled__2022-11-03T00:00:00+00:00', '--job-id', '127', '--raw', '--subdir', 'DAGS_FOLDER/06_monitoring.py', '--cfg-path', '/tmp/tmpygvjy19w', '--error-file', '/tmp/tmplbmdb0at']
[2023-02-05 21:33:03,277] {standard_task_runner.py:80} INFO - Job 127: Subtask task_1
[2023-02-05 21:33:03,351] {task_command.py:371} INFO - Running <TaskInstance: 06_monitoring.task_1 scheduled__2022-11-03T00:00:00+00:00 [running]> on host pc.
[2023-02-05 21:33:03,429] {taskinstance.py:1589} INFO - Exporting the following env vars:
AIRFLOW_CTX_DAG_OWNER=airflow
AIRFLOW_CTX_DAG_ID=06_monitoring
AIRFLOW_CTX_TASK_ID=task_1
AIRFLOW_CTX_EXECUTION_DATE=2022-11-03T00:00:00+00:00
AIRFLOW_CTX_TRY_NUMBER=1
AIRFLOW_CTX_DAG_RUN_ID=scheduled__2022-11-03T00:00:00+00:00
[2023-02-05 21:33:03,430] {subprocess.py:62} INFO - Tmp dir root location: 
 /tmp
[2023-02-05 21:33:03,431] {subprocess.py:74} INFO - Running command: ['bash', '-c', "sleep 2 && echo 'First task!'"]
[2023-02-05 21:33:03,438] {subprocess.py:85} INFO - Output:
[2023-02-05 21:33:05,441] {subprocess.py:92} INFO - First task!
[2023-02-05 21:33:05,441] {subprocess.py:96} INFO - Command exited with return code 0
[2023-02-05 21:33:05,471] {taskinstance.py:1415} INFO - Marking task as SUCCESS. dag_id=06_monitoring, task_id=task_1, execution_date=20221103T000000, start_date=20230206T023303, end_date=20230206T023305
[2023-02-05 21:33:05,530] {local_task_job.py:156} INFO - Task exited with return code 0
[2023-02-05 21:33:05,576] {local_task_job.py:273} INFO - 1 downstream tasks scheduled from follow-on schedule check
