[2023-02-05 21:26:31,003] {taskinstance.py:1179} INFO - Dependencies all met for <TaskInstance: 06_monitoring.task_1 scheduled__2022-11-03T00:00:00+00:00 [queued]>
[2023-02-05 21:26:31,014] {taskinstance.py:1179} INFO - Dependencies all met for <TaskInstance: 06_monitoring.task_1 scheduled__2022-11-03T00:00:00+00:00 [queued]>
[2023-02-05 21:26:31,014] {taskinstance.py:1376} INFO - 
--------------------------------------------------------------------------------
[2023-02-05 21:26:31,015] {taskinstance.py:1377} INFO - Starting attempt 2 of 2
[2023-02-05 21:26:31,015] {taskinstance.py:1378} INFO - 
--------------------------------------------------------------------------------
[2023-02-05 21:26:31,034] {taskinstance.py:1397} INFO - Executing <Task(BashOperator): task_1> on 2022-11-03 00:00:00+00:00
[2023-02-05 21:26:31,037] {standard_task_runner.py:52} INFO - Started process 35730 to run task
[2023-02-05 21:26:31,042] {standard_task_runner.py:79} INFO - Running: ['airflow', 'tasks', 'run', '06_monitoring', 'task_1', 'scheduled__2022-11-03T00:00:00+00:00', '--job-id', '194', '--raw', '--subdir', 'DAGS_FOLDER/06_monitoring.py', '--cfg-path', '/tmp/tmpjsxrv7zd', '--error-file', '/tmp/tmpbzrou9ul']
[2023-02-05 21:26:31,043] {standard_task_runner.py:80} INFO - Job 194: Subtask task_1
[2023-02-05 21:26:31,131] {task_command.py:371} INFO - Running <TaskInstance: 06_monitoring.task_1 scheduled__2022-11-03T00:00:00+00:00 [running]> on host pc.
[2023-02-05 21:26:31,219] {taskinstance.py:1589} INFO - Exporting the following env vars:
AIRFLOW_CTX_DAG_OWNER=airflow
AIRFLOW_CTX_DAG_ID=06_monitoring
AIRFLOW_CTX_TASK_ID=task_1
AIRFLOW_CTX_EXECUTION_DATE=2022-11-03T00:00:00+00:00
AIRFLOW_CTX_TRY_NUMBER=2
AIRFLOW_CTX_DAG_RUN_ID=scheduled__2022-11-03T00:00:00+00:00
[2023-02-05 21:26:31,220] {subprocess.py:62} INFO - Tmp dir root location: 
 /tmp
[2023-02-05 21:26:31,221] {subprocess.py:74} INFO - Running command: ['bash', '-c', "sleep 2 && echo 'First task!'"]
[2023-02-05 21:26:31,229] {subprocess.py:85} INFO - Output:
[2023-02-05 21:26:33,231] {subprocess.py:92} INFO - First task!
[2023-02-05 21:26:33,232] {subprocess.py:96} INFO - Command exited with return code 0
[2023-02-05 21:26:33,261] {taskinstance.py:1415} INFO - Marking task as SUCCESS. dag_id=06_monitoring, task_id=task_1, execution_date=20221103T000000, start_date=20230206T022631, end_date=20230206T022633
[2023-02-05 21:26:33,303] {local_task_job.py:156} INFO - Task exited with return code 0
[2023-02-05 21:26:33,332] {local_task_job.py:273} INFO - 0 downstream tasks scheduled from follow-on schedule check
[2023-02-05 21:56:23,058] {taskinstance.py:1179} INFO - Dependencies all met for <TaskInstance: 06_monitoring.task_1 scheduled__2022-11-03T00:00:00+00:00 [queued]>
[2023-02-05 21:56:23,070] {taskinstance.py:1179} INFO - Dependencies all met for <TaskInstance: 06_monitoring.task_1 scheduled__2022-11-03T00:00:00+00:00 [queued]>
[2023-02-05 21:56:23,070] {taskinstance.py:1376} INFO - 
--------------------------------------------------------------------------------
[2023-02-05 21:56:23,070] {taskinstance.py:1377} INFO - Starting attempt 2 of 2
[2023-02-05 21:56:23,070] {taskinstance.py:1378} INFO - 
--------------------------------------------------------------------------------
[2023-02-05 21:56:23,091] {taskinstance.py:1397} INFO - Executing <Task(BashOperator): task_1> on 2022-11-03 00:00:00+00:00
[2023-02-05 21:56:23,094] {standard_task_runner.py:52} INFO - Started process 36866 to run task
[2023-02-05 21:56:23,099] {standard_task_runner.py:79} INFO - Running: ['airflow', 'tasks', 'run', '06_monitoring', 'task_1', 'scheduled__2022-11-03T00:00:00+00:00', '--job-id', '217', '--raw', '--subdir', 'DAGS_FOLDER/06_monitoring.py', '--cfg-path', '/tmp/tmpfk1ck4hq', '--error-file', '/tmp/tmpvsjr61b4']
[2023-02-05 21:56:23,100] {standard_task_runner.py:80} INFO - Job 217: Subtask task_1
[2023-02-05 21:56:23,179] {task_command.py:371} INFO - Running <TaskInstance: 06_monitoring.task_1 scheduled__2022-11-03T00:00:00+00:00 [running]> on host pc.
[2023-02-05 21:56:23,267] {taskinstance.py:1589} INFO - Exporting the following env vars:
AIRFLOW_CTX_DAG_OWNER=airflow
AIRFLOW_CTX_DAG_ID=06_monitoring
AIRFLOW_CTX_TASK_ID=task_1
AIRFLOW_CTX_EXECUTION_DATE=2022-11-03T00:00:00+00:00
AIRFLOW_CTX_TRY_NUMBER=2
AIRFLOW_CTX_DAG_RUN_ID=scheduled__2022-11-03T00:00:00+00:00
[2023-02-05 21:56:23,268] {subprocess.py:62} INFO - Tmp dir root location: 
 /tmp
[2023-02-05 21:56:23,269] {subprocess.py:74} INFO - Running command: ['bash', '-c', "sleep 2 && echo 'First task!'"]
[2023-02-05 21:56:23,277] {subprocess.py:85} INFO - Output:
[2023-02-05 21:56:25,279] {subprocess.py:92} INFO - First task!
[2023-02-05 21:56:25,279] {subprocess.py:96} INFO - Command exited with return code 0
[2023-02-05 21:56:25,308] {taskinstance.py:1415} INFO - Marking task as SUCCESS. dag_id=06_monitoring, task_id=task_1, execution_date=20221103T000000, start_date=20230206T025623, end_date=20230206T025625
[2023-02-05 21:56:25,361] {local_task_job.py:156} INFO - Task exited with return code 0
[2023-02-05 21:56:25,414] {local_task_job.py:273} INFO - 1 downstream tasks scheduled from follow-on schedule check
