[2023-02-05 21:26:22,589] {taskinstance.py:1179} INFO - Dependencies all met for <TaskInstance: 06_monitoring.task_1 scheduled__2022-11-01T00:00:00+00:00 [queued]>
[2023-02-05 21:26:22,600] {taskinstance.py:1179} INFO - Dependencies all met for <TaskInstance: 06_monitoring.task_1 scheduled__2022-11-01T00:00:00+00:00 [queued]>
[2023-02-05 21:26:22,600] {taskinstance.py:1376} INFO - 
--------------------------------------------------------------------------------
[2023-02-05 21:26:22,600] {taskinstance.py:1377} INFO - Starting attempt 2 of 2
[2023-02-05 21:26:22,600] {taskinstance.py:1378} INFO - 
--------------------------------------------------------------------------------
[2023-02-05 21:26:22,621] {taskinstance.py:1397} INFO - Executing <Task(BashOperator): task_1> on 2022-11-01 00:00:00+00:00
[2023-02-05 21:26:22,623] {standard_task_runner.py:52} INFO - Started process 35721 to run task
[2023-02-05 21:26:22,628] {standard_task_runner.py:79} INFO - Running: ['airflow', 'tasks', 'run', '06_monitoring', 'task_1', 'scheduled__2022-11-01T00:00:00+00:00', '--job-id', '192', '--raw', '--subdir', 'DAGS_FOLDER/06_monitoring.py', '--cfg-path', '/tmp/tmplwm4r76k', '--error-file', '/tmp/tmpc3feuj0u']
[2023-02-05 21:26:22,629] {standard_task_runner.py:80} INFO - Job 192: Subtask task_1
[2023-02-05 21:26:22,708] {task_command.py:371} INFO - Running <TaskInstance: 06_monitoring.task_1 scheduled__2022-11-01T00:00:00+00:00 [running]> on host pc.
[2023-02-05 21:26:22,801] {taskinstance.py:1589} INFO - Exporting the following env vars:
AIRFLOW_CTX_DAG_OWNER=airflow
AIRFLOW_CTX_DAG_ID=06_monitoring
AIRFLOW_CTX_TASK_ID=task_1
AIRFLOW_CTX_EXECUTION_DATE=2022-11-01T00:00:00+00:00
AIRFLOW_CTX_TRY_NUMBER=2
AIRFLOW_CTX_DAG_RUN_ID=scheduled__2022-11-01T00:00:00+00:00
[2023-02-05 21:26:22,802] {subprocess.py:62} INFO - Tmp dir root location: 
 /tmp
[2023-02-05 21:26:22,803] {subprocess.py:74} INFO - Running command: ['bash', '-c', "sleep 2 && echo 'First task!'"]
[2023-02-05 21:26:22,811] {subprocess.py:85} INFO - Output:
[2023-02-05 21:26:24,813] {subprocess.py:92} INFO - First task!
[2023-02-05 21:26:24,813] {subprocess.py:96} INFO - Command exited with return code 0
[2023-02-05 21:26:24,859] {taskinstance.py:1415} INFO - Marking task as SUCCESS. dag_id=06_monitoring, task_id=task_1, execution_date=20221101T000000, start_date=20230206T022622, end_date=20230206T022624
[2023-02-05 21:26:24,894] {local_task_job.py:156} INFO - Task exited with return code 0
[2023-02-05 21:26:24,925] {local_task_job.py:273} INFO - 0 downstream tasks scheduled from follow-on schedule check
[2023-02-05 21:56:14,767] {taskinstance.py:1179} INFO - Dependencies all met for <TaskInstance: 06_monitoring.task_1 scheduled__2022-11-01T00:00:00+00:00 [queued]>
[2023-02-05 21:56:14,779] {taskinstance.py:1179} INFO - Dependencies all met for <TaskInstance: 06_monitoring.task_1 scheduled__2022-11-01T00:00:00+00:00 [queued]>
[2023-02-05 21:56:14,779] {taskinstance.py:1376} INFO - 
--------------------------------------------------------------------------------
[2023-02-05 21:56:14,779] {taskinstance.py:1377} INFO - Starting attempt 2 of 2
[2023-02-05 21:56:14,779] {taskinstance.py:1378} INFO - 
--------------------------------------------------------------------------------
[2023-02-05 21:56:14,800] {taskinstance.py:1397} INFO - Executing <Task(BashOperator): task_1> on 2022-11-01 00:00:00+00:00
[2023-02-05 21:56:14,803] {standard_task_runner.py:52} INFO - Started process 36858 to run task
[2023-02-05 21:56:14,808] {standard_task_runner.py:79} INFO - Running: ['airflow', 'tasks', 'run', '06_monitoring', 'task_1', 'scheduled__2022-11-01T00:00:00+00:00', '--job-id', '215', '--raw', '--subdir', 'DAGS_FOLDER/06_monitoring.py', '--cfg-path', '/tmp/tmph75u_5jo', '--error-file', '/tmp/tmp5y_que5f']
[2023-02-05 21:56:14,809] {standard_task_runner.py:80} INFO - Job 215: Subtask task_1
[2023-02-05 21:56:14,892] {task_command.py:371} INFO - Running <TaskInstance: 06_monitoring.task_1 scheduled__2022-11-01T00:00:00+00:00 [running]> on host pc.
[2023-02-05 21:56:14,972] {taskinstance.py:1589} INFO - Exporting the following env vars:
AIRFLOW_CTX_DAG_OWNER=airflow
AIRFLOW_CTX_DAG_ID=06_monitoring
AIRFLOW_CTX_TASK_ID=task_1
AIRFLOW_CTX_EXECUTION_DATE=2022-11-01T00:00:00+00:00
AIRFLOW_CTX_TRY_NUMBER=2
AIRFLOW_CTX_DAG_RUN_ID=scheduled__2022-11-01T00:00:00+00:00
[2023-02-05 21:56:14,973] {subprocess.py:62} INFO - Tmp dir root location: 
 /tmp
[2023-02-05 21:56:14,974] {subprocess.py:74} INFO - Running command: ['bash', '-c', "sleep 2 && echo 'First task!'"]
[2023-02-05 21:56:14,982] {subprocess.py:85} INFO - Output:
[2023-02-05 21:56:16,984] {subprocess.py:92} INFO - First task!
[2023-02-05 21:56:16,984] {subprocess.py:96} INFO - Command exited with return code 0
[2023-02-05 21:56:17,014] {taskinstance.py:1415} INFO - Marking task as SUCCESS. dag_id=06_monitoring, task_id=task_1, execution_date=20221101T000000, start_date=20230206T025614, end_date=20230206T025617
[2023-02-05 21:56:17,068] {local_task_job.py:156} INFO - Task exited with return code 0
[2023-02-05 21:56:17,116] {local_task_job.py:273} INFO - 1 downstream tasks scheduled from follow-on schedule check
