[2023-02-05 21:10:32,311] {taskinstance.py:1179} INFO - Dependencies all met for <TaskInstance: 06_monitoring.task_1 scheduled__2022-11-01T00:00:00+00:00 [queued]>
[2023-02-05 21:10:32,325] {taskinstance.py:1179} INFO - Dependencies all met for <TaskInstance: 06_monitoring.task_1 scheduled__2022-11-01T00:00:00+00:00 [queued]>
[2023-02-05 21:10:32,326] {taskinstance.py:1376} INFO - 
--------------------------------------------------------------------------------
[2023-02-05 21:10:32,326] {taskinstance.py:1377} INFO - Starting attempt 1 of 1
[2023-02-05 21:10:32,326] {taskinstance.py:1378} INFO - 
--------------------------------------------------------------------------------
[2023-02-05 21:10:32,349] {taskinstance.py:1397} INFO - Executing <Task(BashOperator): task_1> on 2022-11-01 00:00:00+00:00
[2023-02-05 21:10:32,352] {standard_task_runner.py:52} INFO - Started process 34968 to run task
[2023-02-05 21:10:32,357] {standard_task_runner.py:79} INFO - Running: ['airflow', 'tasks', 'run', '06_monitoring', 'task_1', 'scheduled__2022-11-01T00:00:00+00:00', '--job-id', '124', '--raw', '--subdir', 'DAGS_FOLDER/06_monitoring.py', '--cfg-path', '/tmp/tmp093krnh9', '--error-file', '/tmp/tmpnn2d_tvx']
[2023-02-05 21:10:32,358] {standard_task_runner.py:80} INFO - Job 124: Subtask task_1
[2023-02-05 21:10:32,438] {task_command.py:371} INFO - Running <TaskInstance: 06_monitoring.task_1 scheduled__2022-11-01T00:00:00+00:00 [running]> on host pc.
[2023-02-05 21:10:32,522] {taskinstance.py:1589} INFO - Exporting the following env vars:
AIRFLOW_CTX_DAG_OWNER=airflow
AIRFLOW_CTX_DAG_ID=06_monitoring
AIRFLOW_CTX_TASK_ID=task_1
AIRFLOW_CTX_EXECUTION_DATE=2022-11-01T00:00:00+00:00
AIRFLOW_CTX_TRY_NUMBER=1
AIRFLOW_CTX_DAG_RUN_ID=scheduled__2022-11-01T00:00:00+00:00
[2023-02-05 21:10:32,524] {subprocess.py:62} INFO - Tmp dir root location: 
 /tmp
[2023-02-05 21:10:32,524] {subprocess.py:74} INFO - Running command: ['bash', '-c', "sleep 2 && echo 'First task!'"]
[2023-02-05 21:10:32,532] {subprocess.py:85} INFO - Output:
[2023-02-05 21:10:34,534] {subprocess.py:92} INFO - First task!
[2023-02-05 21:10:34,534] {subprocess.py:96} INFO - Command exited with return code 0
[2023-02-05 21:10:34,569] {taskinstance.py:1415} INFO - Marking task as SUCCESS. dag_id=06_monitoring, task_id=task_1, execution_date=20221101T000000, start_date=20230206T021032, end_date=20230206T021034
[2023-02-05 21:10:34,617] {local_task_job.py:156} INFO - Task exited with return code 0
[2023-02-05 21:10:34,666] {local_task_job.py:273} INFO - 1 downstream tasks scheduled from follow-on schedule check
[2023-02-05 21:13:46,817] {taskinstance.py:1179} INFO - Dependencies all met for <TaskInstance: 06_monitoring.task_1 scheduled__2022-11-01T00:00:00+00:00 [queued]>
[2023-02-05 21:13:46,827] {taskinstance.py:1179} INFO - Dependencies all met for <TaskInstance: 06_monitoring.task_1 scheduled__2022-11-01T00:00:00+00:00 [queued]>
[2023-02-05 21:13:46,827] {taskinstance.py:1376} INFO - 
--------------------------------------------------------------------------------
[2023-02-05 21:13:46,827] {taskinstance.py:1377} INFO - Starting attempt 1 of 1
[2023-02-05 21:13:46,828] {taskinstance.py:1378} INFO - 
--------------------------------------------------------------------------------
[2023-02-05 21:13:46,899] {taskinstance.py:1397} INFO - Executing <Task(BashOperator): task_1> on 2022-11-01 00:00:00+00:00
[2023-02-05 21:13:46,903] {standard_task_runner.py:52} INFO - Started process 35194 to run task
[2023-02-05 21:13:46,908] {standard_task_runner.py:79} INFO - Running: ['airflow', 'tasks', 'run', '06_monitoring', 'task_1', 'scheduled__2022-11-01T00:00:00+00:00', '--job-id', '124', '--raw', '--subdir', 'DAGS_FOLDER/06_monitoring.py', '--cfg-path', '/tmp/tmpkc_c6axx', '--error-file', '/tmp/tmplgktjvu5']
[2023-02-05 21:13:46,909] {standard_task_runner.py:80} INFO - Job 124: Subtask task_1
[2023-02-05 21:13:46,992] {task_command.py:371} INFO - Running <TaskInstance: 06_monitoring.task_1 scheduled__2022-11-01T00:00:00+00:00 [running]> on host pc.
[2023-02-05 21:13:47,079] {taskinstance.py:1589} INFO - Exporting the following env vars:
AIRFLOW_CTX_DAG_OWNER=airflow
AIRFLOW_CTX_DAG_ID=06_monitoring
AIRFLOW_CTX_TASK_ID=task_1
AIRFLOW_CTX_EXECUTION_DATE=2022-11-01T00:00:00+00:00
AIRFLOW_CTX_TRY_NUMBER=1
AIRFLOW_CTX_DAG_RUN_ID=scheduled__2022-11-01T00:00:00+00:00
[2023-02-05 21:13:47,081] {subprocess.py:62} INFO - Tmp dir root location: 
 /tmp
[2023-02-05 21:13:47,081] {subprocess.py:74} INFO - Running command: ['bash', '-c', "sleep 2 && echo 'First task!'"]
[2023-02-05 21:13:47,089] {subprocess.py:85} INFO - Output:
[2023-02-05 21:13:49,091] {subprocess.py:92} INFO - First task!
[2023-02-05 21:13:49,092] {subprocess.py:96} INFO - Command exited with return code 0
[2023-02-05 21:13:49,129] {taskinstance.py:1415} INFO - Marking task as SUCCESS. dag_id=06_monitoring, task_id=task_1, execution_date=20221101T000000, start_date=20230206T021346, end_date=20230206T021349
[2023-02-05 21:13:49,168] {local_task_job.py:156} INFO - Task exited with return code 0
[2023-02-05 21:13:49,218] {local_task_job.py:273} INFO - 1 downstream tasks scheduled from follow-on schedule check
[2023-02-05 21:32:52,083] {taskinstance.py:1179} INFO - Dependencies all met for <TaskInstance: 06_monitoring.task_1 scheduled__2022-11-01T00:00:00+00:00 [queued]>
[2023-02-05 21:32:52,092] {taskinstance.py:1179} INFO - Dependencies all met for <TaskInstance: 06_monitoring.task_1 scheduled__2022-11-01T00:00:00+00:00 [queued]>
[2023-02-05 21:32:52,093] {taskinstance.py:1376} INFO - 
--------------------------------------------------------------------------------
[2023-02-05 21:32:52,093] {taskinstance.py:1377} INFO - Starting attempt 1 of 1
[2023-02-05 21:32:52,093] {taskinstance.py:1378} INFO - 
--------------------------------------------------------------------------------
[2023-02-05 21:32:52,113] {taskinstance.py:1397} INFO - Executing <Task(BashOperator): task_1> on 2022-11-01 00:00:00+00:00
[2023-02-05 21:32:52,116] {standard_task_runner.py:52} INFO - Started process 36055 to run task
[2023-02-05 21:32:52,123] {standard_task_runner.py:79} INFO - Running: ['airflow', 'tasks', 'run', '06_monitoring', 'task_1', 'scheduled__2022-11-01T00:00:00+00:00', '--job-id', '124', '--raw', '--subdir', 'DAGS_FOLDER/06_monitoring.py', '--cfg-path', '/tmp/tmp33bsjwzx', '--error-file', '/tmp/tmp_l0l9eh2']
[2023-02-05 21:32:52,124] {standard_task_runner.py:80} INFO - Job 124: Subtask task_1
[2023-02-05 21:32:52,199] {task_command.py:371} INFO - Running <TaskInstance: 06_monitoring.task_1 scheduled__2022-11-01T00:00:00+00:00 [running]> on host pc.
[2023-02-05 21:32:52,275] {taskinstance.py:1589} INFO - Exporting the following env vars:
AIRFLOW_CTX_DAG_OWNER=airflow
AIRFLOW_CTX_DAG_ID=06_monitoring
AIRFLOW_CTX_TASK_ID=task_1
AIRFLOW_CTX_EXECUTION_DATE=2022-11-01T00:00:00+00:00
AIRFLOW_CTX_TRY_NUMBER=1
AIRFLOW_CTX_DAG_RUN_ID=scheduled__2022-11-01T00:00:00+00:00
[2023-02-05 21:32:52,277] {subprocess.py:62} INFO - Tmp dir root location: 
 /tmp
[2023-02-05 21:32:52,278] {subprocess.py:74} INFO - Running command: ['bash', '-c', "sleep 2 && echo 'First task!'"]
[2023-02-05 21:32:52,286] {subprocess.py:85} INFO - Output:
[2023-02-05 21:32:54,288] {subprocess.py:92} INFO - First task!
[2023-02-05 21:32:54,288] {subprocess.py:96} INFO - Command exited with return code 0
[2023-02-05 21:32:54,318] {taskinstance.py:1415} INFO - Marking task as SUCCESS. dag_id=06_monitoring, task_id=task_1, execution_date=20221101T000000, start_date=20230206T023252, end_date=20230206T023254
[2023-02-05 21:32:54,353] {local_task_job.py:156} INFO - Task exited with return code 0
[2023-02-05 21:32:54,398] {local_task_job.py:273} INFO - 1 downstream tasks scheduled from follow-on schedule check
