[2023-02-07 19:39:43,577] {taskinstance.py:1179} INFO - Dependencies all met for <TaskInstance: 07.3_file_sensor.file_task scheduled__2022-11-02T00:00:00+00:00 [queued]>
[2023-02-07 19:39:43,588] {taskinstance.py:1179} INFO - Dependencies all met for <TaskInstance: 07.3_file_sensor.file_task scheduled__2022-11-02T00:00:00+00:00 [queued]>
[2023-02-07 19:39:43,588] {taskinstance.py:1376} INFO - 
--------------------------------------------------------------------------------
[2023-02-07 19:39:43,589] {taskinstance.py:1377} INFO - Starting attempt 1 of 1
[2023-02-07 19:39:43,589] {taskinstance.py:1378} INFO - 
--------------------------------------------------------------------------------
[2023-02-07 19:39:43,611] {taskinstance.py:1397} INFO - Executing <Task(BashOperator): file_task> on 2022-11-02 00:00:00+00:00
[2023-02-07 19:39:43,615] {standard_task_runner.py:52} INFO - Started process 42610 to run task
[2023-02-07 19:39:43,623] {standard_task_runner.py:79} INFO - Running: ['airflow', 'tasks', 'run', '07.3_file_sensor', 'file_task', 'scheduled__2022-11-02T00:00:00+00:00', '--job-id', '683', '--raw', '--subdir', 'DAGS_FOLDER/07.3_file_sensor.py', '--cfg-path', '/tmp/tmp0ki_ku1r', '--error-file', '/tmp/tmp15ez2gj6']
[2023-02-07 19:39:43,625] {standard_task_runner.py:80} INFO - Job 683: Subtask file_task
[2023-02-07 19:39:43,716] {task_command.py:371} INFO - Running <TaskInstance: 07.3_file_sensor.file_task scheduled__2022-11-02T00:00:00+00:00 [running]> on host pc.
[2023-02-07 19:39:43,818] {taskinstance.py:1589} INFO - Exporting the following env vars:
AIRFLOW_CTX_DAG_OWNER=airflow
AIRFLOW_CTX_DAG_ID=07.3_file_sensor
AIRFLOW_CTX_TASK_ID=file_task
AIRFLOW_CTX_EXECUTION_DATE=2022-11-02T00:00:00+00:00
AIRFLOW_CTX_TRY_NUMBER=1
AIRFLOW_CTX_DAG_RUN_ID=scheduled__2022-11-02T00:00:00+00:00
[2023-02-07 19:39:43,819] {subprocess.py:62} INFO - Tmp dir root location: 
 /tmp
[2023-02-07 19:39:43,820] {subprocess.py:74} INFO - Running command: ['bash', '-c', 'sleep 10 && touch /tmp/file.txt']
[2023-02-07 19:39:43,829] {subprocess.py:85} INFO - Output:
[2023-02-07 19:39:53,833] {subprocess.py:96} INFO - Command exited with return code 0
[2023-02-07 19:39:53,868] {taskinstance.py:1415} INFO - Marking task as SUCCESS. dag_id=07.3_file_sensor, task_id=file_task, execution_date=20221102T000000, start_date=20230208T003943, end_date=20230208T003953
[2023-02-07 19:39:53,914] {local_task_job.py:156} INFO - Task exited with return code 0
[2023-02-07 19:39:53,956] {local_task_job.py:273} INFO - 1 downstream tasks scheduled from follow-on schedule check
