[2023-02-05 17:47:29,435] {taskinstance.py:1179} INFO - Dependencies all met for <TaskInstance: orchestration.task_2 scheduled__2023-01-12T00:00:00+00:00 [queued]>
[2023-02-05 17:47:29,444] {taskinstance.py:1179} INFO - Dependencies all met for <TaskInstance: orchestration.task_2 scheduled__2023-01-12T00:00:00+00:00 [queued]>
[2023-02-05 17:47:29,445] {taskinstance.py:1376} INFO - 
--------------------------------------------------------------------------------
[2023-02-05 17:47:29,445] {taskinstance.py:1377} INFO - Starting attempt 1 of 1
[2023-02-05 17:47:29,445] {taskinstance.py:1378} INFO - 
--------------------------------------------------------------------------------
[2023-02-05 17:47:29,470] {taskinstance.py:1397} INFO - Executing <Task(BashOperator): task_2> on 2023-01-12 00:00:00+00:00
[2023-02-05 17:47:29,473] {standard_task_runner.py:52} INFO - Started process 30059 to run task
[2023-02-05 17:47:29,478] {standard_task_runner.py:79} INFO - Running: ['airflow', 'tasks', 'run', 'orchestration', 'task_2', 'scheduled__2023-01-12T00:00:00+00:00', '--job-id', '93', '--raw', '--subdir', 'DAGS_FOLDER/5_orchestration_2.py', '--cfg-path', '/tmp/tmpt9nul4cs', '--error-file', '/tmp/tmp7lf6xxsw']
[2023-02-05 17:47:29,479] {standard_task_runner.py:80} INFO - Job 93: Subtask task_2
[2023-02-05 17:47:29,577] {task_command.py:371} INFO - Running <TaskInstance: orchestration.task_2 scheduled__2023-01-12T00:00:00+00:00 [running]> on host pc.
[2023-02-05 17:47:29,684] {taskinstance.py:1589} INFO - Exporting the following env vars:
AIRFLOW_CTX_DAG_OWNER=airflow
AIRFLOW_CTX_DAG_ID=orchestration
AIRFLOW_CTX_TASK_ID=task_2
AIRFLOW_CTX_EXECUTION_DATE=2023-01-12T00:00:00+00:00
AIRFLOW_CTX_TRY_NUMBER=1
AIRFLOW_CTX_DAG_RUN_ID=scheduled__2023-01-12T00:00:00+00:00
[2023-02-05 17:47:29,686] {subprocess.py:62} INFO - Tmp dir root location: 
 /tmp
[2023-02-05 17:47:29,686] {subprocess.py:74} INFO - Running command: ['bash', '-c', "sleep 2 && echo 'Task_2'"]
[2023-02-05 17:47:29,694] {subprocess.py:85} INFO - Output:
[2023-02-05 17:47:31,696] {subprocess.py:92} INFO - Task_2
[2023-02-05 17:47:31,696] {subprocess.py:96} INFO - Command exited with return code 0
[2023-02-05 17:47:31,727] {taskinstance.py:1415} INFO - Marking task as SUCCESS. dag_id=orchestration, task_id=task_2, execution_date=20230112T000000, start_date=20230205T224729, end_date=20230205T224731
[2023-02-05 17:47:31,778] {local_task_job.py:156} INFO - Task exited with return code 0
[2023-02-05 17:47:31,824] {local_task_job.py:273} INFO - 2 downstream tasks scheduled from follow-on schedule check
[2023-02-05 17:58:35,058] {taskinstance.py:1179} INFO - Dependencies all met for <TaskInstance: orchestration.task_2 scheduled__2023-01-12T00:00:00+00:00 [queued]>
[2023-02-05 17:58:35,078] {taskinstance.py:1179} INFO - Dependencies all met for <TaskInstance: orchestration.task_2 scheduled__2023-01-12T00:00:00+00:00 [queued]>
[2023-02-05 17:58:35,078] {taskinstance.py:1376} INFO - 
--------------------------------------------------------------------------------
[2023-02-05 17:58:35,078] {taskinstance.py:1377} INFO - Starting attempt 1 of 1
[2023-02-05 17:58:35,078] {taskinstance.py:1378} INFO - 
--------------------------------------------------------------------------------
[2023-02-05 17:58:35,123] {taskinstance.py:1397} INFO - Executing <Task(BashOperator): task_2> on 2023-01-12 00:00:00+00:00
[2023-02-05 17:58:35,127] {standard_task_runner.py:52} INFO - Started process 30725 to run task
[2023-02-05 17:58:35,131] {standard_task_runner.py:79} INFO - Running: ['airflow', 'tasks', 'run', 'orchestration', 'task_2', 'scheduled__2023-01-12T00:00:00+00:00', '--job-id', '96', '--raw', '--subdir', 'DAGS_FOLDER/5_orchestration_2.py', '--cfg-path', '/tmp/tmpqp6b5tsr', '--error-file', '/tmp/tmp0c4vlo4z']
[2023-02-05 17:58:35,133] {standard_task_runner.py:80} INFO - Job 96: Subtask task_2
[2023-02-05 17:58:35,217] {task_command.py:371} INFO - Running <TaskInstance: orchestration.task_2 scheduled__2023-01-12T00:00:00+00:00 [running]> on host pc.
[2023-02-05 17:58:35,305] {taskinstance.py:1589} INFO - Exporting the following env vars:
AIRFLOW_CTX_DAG_OWNER=airflow
AIRFLOW_CTX_DAG_ID=orchestration
AIRFLOW_CTX_TASK_ID=task_2
AIRFLOW_CTX_EXECUTION_DATE=2023-01-12T00:00:00+00:00
AIRFLOW_CTX_TRY_NUMBER=1
AIRFLOW_CTX_DAG_RUN_ID=scheduled__2023-01-12T00:00:00+00:00
[2023-02-05 17:58:35,306] {subprocess.py:62} INFO - Tmp dir root location: 
 /tmp
[2023-02-05 17:58:35,307] {subprocess.py:74} INFO - Running command: ['bash', '-c', "sleep 1 && echo 'Task_2'"]
[2023-02-05 17:58:35,315] {subprocess.py:85} INFO - Output:
[2023-02-05 17:58:36,318] {subprocess.py:92} INFO - Task_2
[2023-02-05 17:58:36,318] {subprocess.py:96} INFO - Command exited with return code 0
[2023-02-05 17:58:36,353] {taskinstance.py:1415} INFO - Marking task as SUCCESS. dag_id=orchestration, task_id=task_2, execution_date=20230112T000000, start_date=20230205T225835, end_date=20230205T225836
[2023-02-05 17:58:36,396] {local_task_job.py:156} INFO - Task exited with return code 0
[2023-02-05 17:58:36,475] {local_task_job.py:273} INFO - 2 downstream tasks scheduled from follow-on schedule check
