[2023-02-05 17:47:33,577] {taskinstance.py:1179} INFO - Dependencies all met for <TaskInstance: orchestration.task_3 scheduled__2023-01-11T00:00:00+00:00 [queued]>
[2023-02-05 17:47:33,588] {taskinstance.py:1179} INFO - Dependencies all met for <TaskInstance: orchestration.task_3 scheduled__2023-01-11T00:00:00+00:00 [queued]>
[2023-02-05 17:47:33,588] {taskinstance.py:1376} INFO - 
--------------------------------------------------------------------------------
[2023-02-05 17:47:33,588] {taskinstance.py:1377} INFO - Starting attempt 1 of 1
[2023-02-05 17:47:33,589] {taskinstance.py:1378} INFO - 
--------------------------------------------------------------------------------
[2023-02-05 17:47:33,613] {taskinstance.py:1397} INFO - Executing <Task(BashOperator): task_3> on 2023-01-11 00:00:00+00:00
[2023-02-05 17:47:33,616] {standard_task_runner.py:52} INFO - Started process 30063 to run task
[2023-02-05 17:47:33,621] {standard_task_runner.py:79} INFO - Running: ['airflow', 'tasks', 'run', 'orchestration', 'task_3', 'scheduled__2023-01-11T00:00:00+00:00', '--job-id', '94', '--raw', '--subdir', 'DAGS_FOLDER/5_orchestration_2.py', '--cfg-path', '/tmp/tmp_utpfj5r', '--error-file', '/tmp/tmpzr3_4ub5']
[2023-02-05 17:47:33,623] {standard_task_runner.py:80} INFO - Job 94: Subtask task_3
[2023-02-05 17:47:33,701] {task_command.py:371} INFO - Running <TaskInstance: orchestration.task_3 scheduled__2023-01-11T00:00:00+00:00 [running]> on host pc.
[2023-02-05 17:47:33,791] {taskinstance.py:1589} INFO - Exporting the following env vars:
AIRFLOW_CTX_DAG_OWNER=airflow
AIRFLOW_CTX_DAG_ID=orchestration
AIRFLOW_CTX_TASK_ID=task_3
AIRFLOW_CTX_EXECUTION_DATE=2023-01-11T00:00:00+00:00
AIRFLOW_CTX_TRY_NUMBER=1
AIRFLOW_CTX_DAG_RUN_ID=scheduled__2023-01-11T00:00:00+00:00
[2023-02-05 17:47:33,792] {subprocess.py:62} INFO - Tmp dir root location: 
 /tmp
[2023-02-05 17:47:33,793] {subprocess.py:74} INFO - Running command: ['bash', '-c', "sleep 2 && echo 'Task_3'"]
[2023-02-05 17:47:33,802] {subprocess.py:85} INFO - Output:
[2023-02-05 17:47:35,804] {subprocess.py:92} INFO - Task_3
[2023-02-05 17:47:35,805] {subprocess.py:96} INFO - Command exited with return code 0
[2023-02-05 17:47:35,835] {taskinstance.py:1415} INFO - Marking task as SUCCESS. dag_id=orchestration, task_id=task_3, execution_date=20230111T000000, start_date=20230205T224733, end_date=20230205T224735
[2023-02-05 17:47:35,882] {local_task_job.py:156} INFO - Task exited with return code 0
[2023-02-05 17:47:35,920] {local_task_job.py:273} INFO - 0 downstream tasks scheduled from follow-on schedule check
[2023-02-05 17:58:23,002] {taskinstance.py:1179} INFO - Dependencies all met for <TaskInstance: orchestration.task_3 scheduled__2023-01-11T00:00:00+00:00 [queued]>
[2023-02-05 17:58:23,018] {taskinstance.py:1179} INFO - Dependencies all met for <TaskInstance: orchestration.task_3 scheduled__2023-01-11T00:00:00+00:00 [queued]>
[2023-02-05 17:58:23,018] {taskinstance.py:1376} INFO - 
--------------------------------------------------------------------------------
[2023-02-05 17:58:23,018] {taskinstance.py:1377} INFO - Starting attempt 1 of 1
[2023-02-05 17:58:23,018] {taskinstance.py:1378} INFO - 
--------------------------------------------------------------------------------
[2023-02-05 17:58:23,042] {taskinstance.py:1397} INFO - Executing <Task(BashOperator): task_3> on 2023-01-11 00:00:00+00:00
[2023-02-05 17:58:23,045] {standard_task_runner.py:52} INFO - Started process 30710 to run task
[2023-02-05 17:58:23,050] {standard_task_runner.py:79} INFO - Running: ['airflow', 'tasks', 'run', 'orchestration', 'task_3', 'scheduled__2023-01-11T00:00:00+00:00', '--job-id', '93', '--raw', '--subdir', 'DAGS_FOLDER/5_orchestration_2.py', '--cfg-path', '/tmp/tmp4_r9plxe', '--error-file', '/tmp/tmpyoaybzs5']
[2023-02-05 17:58:23,051] {standard_task_runner.py:80} INFO - Job 93: Subtask task_3
[2023-02-05 17:58:23,137] {task_command.py:371} INFO - Running <TaskInstance: orchestration.task_3 scheduled__2023-01-11T00:00:00+00:00 [running]> on host pc.
[2023-02-05 17:58:23,235] {taskinstance.py:1589} INFO - Exporting the following env vars:
AIRFLOW_CTX_DAG_OWNER=airflow
AIRFLOW_CTX_DAG_ID=orchestration
AIRFLOW_CTX_TASK_ID=task_3
AIRFLOW_CTX_EXECUTION_DATE=2023-01-11T00:00:00+00:00
AIRFLOW_CTX_TRY_NUMBER=1
AIRFLOW_CTX_DAG_RUN_ID=scheduled__2023-01-11T00:00:00+00:00
[2023-02-05 17:58:23,237] {subprocess.py:62} INFO - Tmp dir root location: 
 /tmp
[2023-02-05 17:58:23,240] {subprocess.py:74} INFO - Running command: ['bash', '-c', "sleep 1 && echo 'Task_3'"]
[2023-02-05 17:58:23,250] {subprocess.py:85} INFO - Output:
[2023-02-05 17:58:24,252] {subprocess.py:92} INFO - Task_3
[2023-02-05 17:58:24,252] {subprocess.py:96} INFO - Command exited with return code 0
[2023-02-05 17:58:24,288] {taskinstance.py:1415} INFO - Marking task as SUCCESS. dag_id=orchestration, task_id=task_3, execution_date=20230111T000000, start_date=20230205T225823, end_date=20230205T225824
[2023-02-05 17:58:24,308] {local_task_job.py:156} INFO - Task exited with return code 0
[2023-02-05 17:58:24,349] {local_task_job.py:273} INFO - 0 downstream tasks scheduled from follow-on schedule check
