[2023-02-07 19:49:08,927] {taskinstance.py:1179} INFO - Dependencies all met for <TaskInstance: 07.3_file_sensor.end_task scheduled__2022-11-19T00:00:00+00:00 [queued]>
[2023-02-07 19:49:08,940] {taskinstance.py:1179} INFO - Dependencies all met for <TaskInstance: 07.3_file_sensor.end_task scheduled__2022-11-19T00:00:00+00:00 [queued]>
[2023-02-07 19:49:08,941] {taskinstance.py:1376} INFO - 
--------------------------------------------------------------------------------
[2023-02-07 19:49:08,941] {taskinstance.py:1377} INFO - Starting attempt 1 of 1
[2023-02-07 19:49:08,941] {taskinstance.py:1378} INFO - 
--------------------------------------------------------------------------------
[2023-02-07 19:49:08,968] {taskinstance.py:1397} INFO - Executing <Task(BashOperator): end_task> on 2022-11-19 00:00:00+00:00
[2023-02-07 19:49:08,972] {standard_task_runner.py:52} INFO - Started process 42961 to run task
[2023-02-07 19:49:08,978] {standard_task_runner.py:79} INFO - Running: ['airflow', 'tasks', 'run', '07.3_file_sensor', 'end_task', 'scheduled__2022-11-19T00:00:00+00:00', '--job-id', '776', '--raw', '--subdir', 'DAGS_FOLDER/07.3_file_sensor.py', '--cfg-path', '/tmp/tmps83n4jsg', '--error-file', '/tmp/tmp0crsxi5v']
[2023-02-07 19:49:08,980] {standard_task_runner.py:80} INFO - Job 776: Subtask end_task
[2023-02-07 19:49:09,071] {task_command.py:371} INFO - Running <TaskInstance: 07.3_file_sensor.end_task scheduled__2022-11-19T00:00:00+00:00 [running]> on host pc.
[2023-02-07 19:49:09,164] {taskinstance.py:1589} INFO - Exporting the following env vars:
AIRFLOW_CTX_DAG_OWNER=airflow
AIRFLOW_CTX_DAG_ID=07.3_file_sensor
AIRFLOW_CTX_TASK_ID=end_task
AIRFLOW_CTX_EXECUTION_DATE=2022-11-19T00:00:00+00:00
AIRFLOW_CTX_TRY_NUMBER=1
AIRFLOW_CTX_DAG_RUN_ID=scheduled__2022-11-19T00:00:00+00:00
[2023-02-07 19:49:09,165] {subprocess.py:62} INFO - Tmp dir root location: 
 /tmp
[2023-02-07 19:49:09,166] {subprocess.py:74} INFO - Running command: ['bash', '-c', "echo 'The file has arrived!'"]
[2023-02-07 19:49:09,175] {subprocess.py:85} INFO - Output:
[2023-02-07 19:49:09,176] {subprocess.py:92} INFO - The file has arrived!
[2023-02-07 19:49:09,177] {subprocess.py:96} INFO - Command exited with return code 0
[2023-02-07 19:49:09,207] {taskinstance.py:1415} INFO - Marking task as SUCCESS. dag_id=07.3_file_sensor, task_id=end_task, execution_date=20221119T000000, start_date=20230208T004908, end_date=20230208T004909
[2023-02-07 19:49:09,269] {local_task_job.py:156} INFO - Task exited with return code 0
[2023-02-07 19:49:09,297] {local_task_job.py:273} INFO - 0 downstream tasks scheduled from follow-on schedule check
