[2023-02-08 00:14:25,165] {taskinstance.py:1179} INFO - Dependencies all met for <TaskInstance: 09_Xcoms.task_2_pull scheduled__2023-01-01T00:00:00+00:00 [queued]>
[2023-02-08 00:14:25,179] {taskinstance.py:1179} INFO - Dependencies all met for <TaskInstance: 09_Xcoms.task_2_pull scheduled__2023-01-01T00:00:00+00:00 [queued]>
[2023-02-08 00:14:25,179] {taskinstance.py:1376} INFO - 
--------------------------------------------------------------------------------
[2023-02-08 00:14:25,179] {taskinstance.py:1377} INFO - Starting attempt 2 of 2
[2023-02-08 00:14:25,179] {taskinstance.py:1378} INFO - 
--------------------------------------------------------------------------------
[2023-02-08 00:14:25,598] {taskinstance.py:1397} INFO - Executing <Task(BashOperator): task_2_pull> on 2023-01-01 00:00:00+00:00
[2023-02-08 00:14:25,602] {standard_task_runner.py:52} INFO - Started process 51780 to run task
[2023-02-08 00:14:25,610] {standard_task_runner.py:79} INFO - Running: ['airflow', 'tasks', 'run', '09_Xcoms', 'task_2_pull', 'scheduled__2023-01-01T00:00:00+00:00', '--job-id', '1137', '--raw', '--subdir', 'DAGS_FOLDER/09_xcoms.py', '--cfg-path', '/tmp/tmpy3f1crft', '--error-file', '/tmp/tmp39o3plyu']
[2023-02-08 00:14:25,612] {standard_task_runner.py:80} INFO - Job 1137: Subtask task_2_pull
[2023-02-08 00:14:26,622] {task_command.py:371} INFO - Running <TaskInstance: 09_Xcoms.task_2_pull scheduled__2023-01-01T00:00:00+00:00 [running]> on host pc.
[2023-02-08 00:14:26,893] {taskinstance.py:1589} INFO - Exporting the following env vars:
AIRFLOW_CTX_DAG_OWNER=airflow
AIRFLOW_CTX_DAG_ID=09_Xcoms
AIRFLOW_CTX_TASK_ID=task_2_pull
AIRFLOW_CTX_EXECUTION_DATE=2023-01-01T00:00:00+00:00
AIRFLOW_CTX_TRY_NUMBER=2
AIRFLOW_CTX_DAG_RUN_ID=scheduled__2023-01-01T00:00:00+00:00
[2023-02-08 00:14:26,895] {subprocess.py:62} INFO - Tmp dir root location: 
 /tmp
[2023-02-08 00:14:26,896] {subprocess.py:74} INFO - Running command: ['bash', '-c', 'sleep 3 && echo 15']
[2023-02-08 00:14:26,906] {subprocess.py:85} INFO - Output:
[2023-02-08 00:14:29,910] {subprocess.py:92} INFO - 15
[2023-02-08 00:14:29,910] {subprocess.py:96} INFO - Command exited with return code 0
[2023-02-08 00:14:29,943] {taskinstance.py:1415} INFO - Marking task as SUCCESS. dag_id=09_Xcoms, task_id=task_2_pull, execution_date=20230101T000000, start_date=20230208T051425, end_date=20230208T051429
[2023-02-08 00:14:29,988] {local_task_job.py:156} INFO - Task exited with return code 0
[2023-02-08 00:14:30,021] {local_task_job.py:273} INFO - 0 downstream tasks scheduled from follow-on schedule check
