[2023-02-04 01:52:37,424] {processor.py:153} INFO - Started process (PID=6581) to work on /home/milo/13-airflow/airflowhome/airflowenv/lib/python3.9/site-packages/airflow/example_dags/subdags/subdag.py
[2023-02-04 01:52:37,425] {processor.py:641} INFO - Processing file /home/milo/13-airflow/airflowhome/airflowenv/lib/python3.9/site-packages/airflow/example_dags/subdags/subdag.py for tasks to queue
[2023-02-04 01:52:37,426] {logging_mixin.py:115} INFO - [2023-02-04 01:52:37,426] {dagbag.py:508} INFO - Filling up the DagBag from /home/milo/13-airflow/airflowhome/airflowenv/lib/python3.9/site-packages/airflow/example_dags/subdags/subdag.py
[2023-02-04 01:52:37,428] {processor.py:653} WARNING - No viable dags retrieved from /home/milo/13-airflow/airflowhome/airflowenv/lib/python3.9/site-packages/airflow/example_dags/subdags/subdag.py
[2023-02-04 01:52:37,444] {processor.py:161} INFO - Processing /home/milo/13-airflow/airflowhome/airflowenv/lib/python3.9/site-packages/airflow/example_dags/subdags/subdag.py took 0.024 seconds
[2023-02-04 01:53:45,852] {processor.py:153} INFO - Started process (PID=6626) to work on /home/milo/13-airflow/airflowhome/airflowenv/lib/python3.9/site-packages/airflow/example_dags/subdags/subdag.py
[2023-02-04 01:53:45,853] {processor.py:641} INFO - Processing file /home/milo/13-airflow/airflowhome/airflowenv/lib/python3.9/site-packages/airflow/example_dags/subdags/subdag.py for tasks to queue
[2023-02-04 01:53:45,860] {logging_mixin.py:115} INFO - [2023-02-04 01:53:45,860] {dagbag.py:508} INFO - Filling up the DagBag from /home/milo/13-airflow/airflowhome/airflowenv/lib/python3.9/site-packages/airflow/example_dags/subdags/subdag.py
[2023-02-04 01:53:45,862] {processor.py:653} WARNING - No viable dags retrieved from /home/milo/13-airflow/airflowhome/airflowenv/lib/python3.9/site-packages/airflow/example_dags/subdags/subdag.py
[2023-02-04 01:53:45,901] {processor.py:161} INFO - Processing /home/milo/13-airflow/airflowhome/airflowenv/lib/python3.9/site-packages/airflow/example_dags/subdags/subdag.py took 0.054 seconds
[2023-02-04 01:54:21,477] {processor.py:153} INFO - Started process (PID=6657) to work on /home/milo/13-airflow/airflowhome/airflowenv/lib/python3.9/site-packages/airflow/example_dags/subdags/subdag.py
[2023-02-04 01:54:21,479] {processor.py:641} INFO - Processing file /home/milo/13-airflow/airflowhome/airflowenv/lib/python3.9/site-packages/airflow/example_dags/subdags/subdag.py for tasks to queue
[2023-02-04 01:54:21,479] {logging_mixin.py:115} INFO - [2023-02-04 01:54:21,479] {dagbag.py:508} INFO - Filling up the DagBag from /home/milo/13-airflow/airflowhome/airflowenv/lib/python3.9/site-packages/airflow/example_dags/subdags/subdag.py
[2023-02-04 01:54:21,481] {processor.py:653} WARNING - No viable dags retrieved from /home/milo/13-airflow/airflowhome/airflowenv/lib/python3.9/site-packages/airflow/example_dags/subdags/subdag.py
[2023-02-04 01:54:21,499] {processor.py:161} INFO - Processing /home/milo/13-airflow/airflowhome/airflowenv/lib/python3.9/site-packages/airflow/example_dags/subdags/subdag.py took 0.028 seconds
[2023-02-04 01:54:51,818] {processor.py:153} INFO - Started process (PID=6686) to work on /home/milo/13-airflow/airflowhome/airflowenv/lib/python3.9/site-packages/airflow/example_dags/subdags/subdag.py
[2023-02-04 01:54:51,819] {processor.py:641} INFO - Processing file /home/milo/13-airflow/airflowhome/airflowenv/lib/python3.9/site-packages/airflow/example_dags/subdags/subdag.py for tasks to queue
[2023-02-04 01:54:51,820] {logging_mixin.py:115} INFO - [2023-02-04 01:54:51,820] {dagbag.py:508} INFO - Filling up the DagBag from /home/milo/13-airflow/airflowhome/airflowenv/lib/python3.9/site-packages/airflow/example_dags/subdags/subdag.py
[2023-02-04 01:54:51,831] {processor.py:653} WARNING - No viable dags retrieved from /home/milo/13-airflow/airflowhome/airflowenv/lib/python3.9/site-packages/airflow/example_dags/subdags/subdag.py
[2023-02-04 01:54:51,856] {processor.py:161} INFO - Processing /home/milo/13-airflow/airflowhome/airflowenv/lib/python3.9/site-packages/airflow/example_dags/subdags/subdag.py took 0.043 seconds
[2023-02-04 01:55:25,947] {processor.py:153} INFO - Started process (PID=6717) to work on /home/milo/13-airflow/airflowhome/airflowenv/lib/python3.9/site-packages/airflow/example_dags/subdags/subdag.py
[2023-02-04 01:55:25,949] {processor.py:641} INFO - Processing file /home/milo/13-airflow/airflowhome/airflowenv/lib/python3.9/site-packages/airflow/example_dags/subdags/subdag.py for tasks to queue
[2023-02-04 01:55:25,950] {logging_mixin.py:115} INFO - [2023-02-04 01:55:25,949] {dagbag.py:508} INFO - Filling up the DagBag from /home/milo/13-airflow/airflowhome/airflowenv/lib/python3.9/site-packages/airflow/example_dags/subdags/subdag.py
[2023-02-04 01:55:25,951] {processor.py:653} WARNING - No viable dags retrieved from /home/milo/13-airflow/airflowhome/airflowenv/lib/python3.9/site-packages/airflow/example_dags/subdags/subdag.py
[2023-02-04 01:55:25,969] {processor.py:161} INFO - Processing /home/milo/13-airflow/airflowhome/airflowenv/lib/python3.9/site-packages/airflow/example_dags/subdags/subdag.py took 0.027 seconds
[2023-02-04 01:56:19,467] {processor.py:153} INFO - Started process (PID=6748) to work on /home/milo/13-airflow/airflowhome/airflowenv/lib/python3.9/site-packages/airflow/example_dags/subdags/subdag.py
[2023-02-04 01:56:19,469] {processor.py:641} INFO - Processing file /home/milo/13-airflow/airflowhome/airflowenv/lib/python3.9/site-packages/airflow/example_dags/subdags/subdag.py for tasks to queue
[2023-02-04 01:56:19,471] {logging_mixin.py:115} INFO - [2023-02-04 01:56:19,470] {dagbag.py:508} INFO - Filling up the DagBag from /home/milo/13-airflow/airflowhome/airflowenv/lib/python3.9/site-packages/airflow/example_dags/subdags/subdag.py
[2023-02-04 01:56:19,473] {processor.py:653} WARNING - No viable dags retrieved from /home/milo/13-airflow/airflowhome/airflowenv/lib/python3.9/site-packages/airflow/example_dags/subdags/subdag.py
[2023-02-04 01:56:19,491] {processor.py:161} INFO - Processing /home/milo/13-airflow/airflowhome/airflowenv/lib/python3.9/site-packages/airflow/example_dags/subdags/subdag.py took 0.029 seconds
[2023-02-04 01:56:52,686] {processor.py:153} INFO - Started process (PID=6774) to work on /home/milo/13-airflow/airflowhome/airflowenv/lib/python3.9/site-packages/airflow/example_dags/subdags/subdag.py
[2023-02-04 01:56:52,692] {processor.py:641} INFO - Processing file /home/milo/13-airflow/airflowhome/airflowenv/lib/python3.9/site-packages/airflow/example_dags/subdags/subdag.py for tasks to queue
[2023-02-04 01:56:52,693] {logging_mixin.py:115} INFO - [2023-02-04 01:56:52,693] {dagbag.py:508} INFO - Filling up the DagBag from /home/milo/13-airflow/airflowhome/airflowenv/lib/python3.9/site-packages/airflow/example_dags/subdags/subdag.py
[2023-02-04 01:56:52,695] {processor.py:653} WARNING - No viable dags retrieved from /home/milo/13-airflow/airflowhome/airflowenv/lib/python3.9/site-packages/airflow/example_dags/subdags/subdag.py
[2023-02-04 01:56:52,714] {processor.py:161} INFO - Processing /home/milo/13-airflow/airflowhome/airflowenv/lib/python3.9/site-packages/airflow/example_dags/subdags/subdag.py took 0.033 seconds
[2023-02-04 01:57:23,021] {processor.py:153} INFO - Started process (PID=6799) to work on /home/milo/13-airflow/airflowhome/airflowenv/lib/python3.9/site-packages/airflow/example_dags/subdags/subdag.py
[2023-02-04 01:57:23,022] {processor.py:641} INFO - Processing file /home/milo/13-airflow/airflowhome/airflowenv/lib/python3.9/site-packages/airflow/example_dags/subdags/subdag.py for tasks to queue
[2023-02-04 01:57:23,023] {logging_mixin.py:115} INFO - [2023-02-04 01:57:23,023] {dagbag.py:508} INFO - Filling up the DagBag from /home/milo/13-airflow/airflowhome/airflowenv/lib/python3.9/site-packages/airflow/example_dags/subdags/subdag.py
[2023-02-04 01:57:23,025] {processor.py:653} WARNING - No viable dags retrieved from /home/milo/13-airflow/airflowhome/airflowenv/lib/python3.9/site-packages/airflow/example_dags/subdags/subdag.py
[2023-02-04 01:57:23,043] {processor.py:161} INFO - Processing /home/milo/13-airflow/airflowhome/airflowenv/lib/python3.9/site-packages/airflow/example_dags/subdags/subdag.py took 0.027 seconds
[2023-02-04 01:57:54,892] {processor.py:153} INFO - Started process (PID=7013) to work on /home/milo/13-airflow/airflowhome/airflowenv/lib/python3.9/site-packages/airflow/example_dags/subdags/subdag.py
[2023-02-04 01:57:54,894] {processor.py:641} INFO - Processing file /home/milo/13-airflow/airflowhome/airflowenv/lib/python3.9/site-packages/airflow/example_dags/subdags/subdag.py for tasks to queue
[2023-02-04 01:57:54,895] {logging_mixin.py:115} INFO - [2023-02-04 01:57:54,895] {dagbag.py:508} INFO - Filling up the DagBag from /home/milo/13-airflow/airflowhome/airflowenv/lib/python3.9/site-packages/airflow/example_dags/subdags/subdag.py
[2023-02-04 01:57:54,897] {processor.py:653} WARNING - No viable dags retrieved from /home/milo/13-airflow/airflowhome/airflowenv/lib/python3.9/site-packages/airflow/example_dags/subdags/subdag.py
[2023-02-04 01:57:54,914] {processor.py:161} INFO - Processing /home/milo/13-airflow/airflowhome/airflowenv/lib/python3.9/site-packages/airflow/example_dags/subdags/subdag.py took 0.027 seconds
[2023-02-04 01:58:26,143] {processor.py:153} INFO - Started process (PID=7055) to work on /home/milo/13-airflow/airflowhome/airflowenv/lib/python3.9/site-packages/airflow/example_dags/subdags/subdag.py
[2023-02-04 01:58:26,144] {processor.py:641} INFO - Processing file /home/milo/13-airflow/airflowhome/airflowenv/lib/python3.9/site-packages/airflow/example_dags/subdags/subdag.py for tasks to queue
[2023-02-04 01:58:26,145] {logging_mixin.py:115} INFO - [2023-02-04 01:58:26,145] {dagbag.py:508} INFO - Filling up the DagBag from /home/milo/13-airflow/airflowhome/airflowenv/lib/python3.9/site-packages/airflow/example_dags/subdags/subdag.py
[2023-02-04 01:58:26,147] {processor.py:653} WARNING - No viable dags retrieved from /home/milo/13-airflow/airflowhome/airflowenv/lib/python3.9/site-packages/airflow/example_dags/subdags/subdag.py
[2023-02-04 01:58:26,165] {processor.py:161} INFO - Processing /home/milo/13-airflow/airflowhome/airflowenv/lib/python3.9/site-packages/airflow/example_dags/subdags/subdag.py took 0.038 seconds
[2023-02-04 01:59:01,103] {processor.py:153} INFO - Started process (PID=7090) to work on /home/milo/13-airflow/airflowhome/airflowenv/lib/python3.9/site-packages/airflow/example_dags/subdags/subdag.py
[2023-02-04 01:59:01,104] {processor.py:641} INFO - Processing file /home/milo/13-airflow/airflowhome/airflowenv/lib/python3.9/site-packages/airflow/example_dags/subdags/subdag.py for tasks to queue
[2023-02-04 01:59:01,105] {logging_mixin.py:115} INFO - [2023-02-04 01:59:01,105] {dagbag.py:508} INFO - Filling up the DagBag from /home/milo/13-airflow/airflowhome/airflowenv/lib/python3.9/site-packages/airflow/example_dags/subdags/subdag.py
[2023-02-04 01:59:01,107] {processor.py:653} WARNING - No viable dags retrieved from /home/milo/13-airflow/airflowhome/airflowenv/lib/python3.9/site-packages/airflow/example_dags/subdags/subdag.py
[2023-02-04 01:59:01,125] {processor.py:161} INFO - Processing /home/milo/13-airflow/airflowhome/airflowenv/lib/python3.9/site-packages/airflow/example_dags/subdags/subdag.py took 0.027 seconds
[2023-02-04 01:59:33,539] {processor.py:153} INFO - Started process (PID=7123) to work on /home/milo/13-airflow/airflowhome/airflowenv/lib/python3.9/site-packages/airflow/example_dags/subdags/subdag.py
[2023-02-04 01:59:33,541] {processor.py:641} INFO - Processing file /home/milo/13-airflow/airflowhome/airflowenv/lib/python3.9/site-packages/airflow/example_dags/subdags/subdag.py for tasks to queue
[2023-02-04 01:59:33,542] {logging_mixin.py:115} INFO - [2023-02-04 01:59:33,542] {dagbag.py:508} INFO - Filling up the DagBag from /home/milo/13-airflow/airflowhome/airflowenv/lib/python3.9/site-packages/airflow/example_dags/subdags/subdag.py
[2023-02-04 01:59:33,544] {processor.py:653} WARNING - No viable dags retrieved from /home/milo/13-airflow/airflowhome/airflowenv/lib/python3.9/site-packages/airflow/example_dags/subdags/subdag.py
[2023-02-04 01:59:33,565] {processor.py:161} INFO - Processing /home/milo/13-airflow/airflowhome/airflowenv/lib/python3.9/site-packages/airflow/example_dags/subdags/subdag.py took 0.030 seconds
[2023-02-04 02:00:05,102] {processor.py:153} INFO - Started process (PID=7157) to work on /home/milo/13-airflow/airflowhome/airflowenv/lib/python3.9/site-packages/airflow/example_dags/subdags/subdag.py
[2023-02-04 02:00:05,104] {processor.py:641} INFO - Processing file /home/milo/13-airflow/airflowhome/airflowenv/lib/python3.9/site-packages/airflow/example_dags/subdags/subdag.py for tasks to queue
[2023-02-04 02:00:05,104] {logging_mixin.py:115} INFO - [2023-02-04 02:00:05,104] {dagbag.py:508} INFO - Filling up the DagBag from /home/milo/13-airflow/airflowhome/airflowenv/lib/python3.9/site-packages/airflow/example_dags/subdags/subdag.py
[2023-02-04 02:00:05,107] {processor.py:653} WARNING - No viable dags retrieved from /home/milo/13-airflow/airflowhome/airflowenv/lib/python3.9/site-packages/airflow/example_dags/subdags/subdag.py
[2023-02-04 02:00:05,127] {processor.py:161} INFO - Processing /home/milo/13-airflow/airflowhome/airflowenv/lib/python3.9/site-packages/airflow/example_dags/subdags/subdag.py took 0.032 seconds
[2023-02-04 02:00:36,493] {processor.py:153} INFO - Started process (PID=7187) to work on /home/milo/13-airflow/airflowhome/airflowenv/lib/python3.9/site-packages/airflow/example_dags/subdags/subdag.py
[2023-02-04 02:00:36,495] {processor.py:641} INFO - Processing file /home/milo/13-airflow/airflowhome/airflowenv/lib/python3.9/site-packages/airflow/example_dags/subdags/subdag.py for tasks to queue
[2023-02-04 02:00:36,496] {logging_mixin.py:115} INFO - [2023-02-04 02:00:36,496] {dagbag.py:508} INFO - Filling up the DagBag from /home/milo/13-airflow/airflowhome/airflowenv/lib/python3.9/site-packages/airflow/example_dags/subdags/subdag.py
[2023-02-04 02:00:36,498] {processor.py:653} WARNING - No viable dags retrieved from /home/milo/13-airflow/airflowhome/airflowenv/lib/python3.9/site-packages/airflow/example_dags/subdags/subdag.py
[2023-02-04 02:00:36,516] {processor.py:161} INFO - Processing /home/milo/13-airflow/airflowhome/airflowenv/lib/python3.9/site-packages/airflow/example_dags/subdags/subdag.py took 0.028 seconds
[2023-02-04 02:01:07,823] {processor.py:153} INFO - Started process (PID=7218) to work on /home/milo/13-airflow/airflowhome/airflowenv/lib/python3.9/site-packages/airflow/example_dags/subdags/subdag.py
[2023-02-04 02:01:07,824] {processor.py:641} INFO - Processing file /home/milo/13-airflow/airflowhome/airflowenv/lib/python3.9/site-packages/airflow/example_dags/subdags/subdag.py for tasks to queue
[2023-02-04 02:01:07,824] {logging_mixin.py:115} INFO - [2023-02-04 02:01:07,824] {dagbag.py:508} INFO - Filling up the DagBag from /home/milo/13-airflow/airflowhome/airflowenv/lib/python3.9/site-packages/airflow/example_dags/subdags/subdag.py
[2023-02-04 02:01:07,827] {processor.py:653} WARNING - No viable dags retrieved from /home/milo/13-airflow/airflowhome/airflowenv/lib/python3.9/site-packages/airflow/example_dags/subdags/subdag.py
[2023-02-04 02:01:07,846] {processor.py:161} INFO - Processing /home/milo/13-airflow/airflowhome/airflowenv/lib/python3.9/site-packages/airflow/example_dags/subdags/subdag.py took 0.028 seconds
[2023-02-04 02:01:40,200] {processor.py:153} INFO - Started process (PID=7251) to work on /home/milo/13-airflow/airflowhome/airflowenv/lib/python3.9/site-packages/airflow/example_dags/subdags/subdag.py
[2023-02-04 02:01:40,201] {processor.py:641} INFO - Processing file /home/milo/13-airflow/airflowhome/airflowenv/lib/python3.9/site-packages/airflow/example_dags/subdags/subdag.py for tasks to queue
[2023-02-04 02:01:40,202] {logging_mixin.py:115} INFO - [2023-02-04 02:01:40,202] {dagbag.py:508} INFO - Filling up the DagBag from /home/milo/13-airflow/airflowhome/airflowenv/lib/python3.9/site-packages/airflow/example_dags/subdags/subdag.py
[2023-02-04 02:01:40,204] {processor.py:653} WARNING - No viable dags retrieved from /home/milo/13-airflow/airflowhome/airflowenv/lib/python3.9/site-packages/airflow/example_dags/subdags/subdag.py
[2023-02-04 02:01:40,228] {processor.py:161} INFO - Processing /home/milo/13-airflow/airflowhome/airflowenv/lib/python3.9/site-packages/airflow/example_dags/subdags/subdag.py took 0.033 seconds
[2023-02-04 02:02:10,354] {processor.py:153} INFO - Started process (PID=7282) to work on /home/milo/13-airflow/airflowhome/airflowenv/lib/python3.9/site-packages/airflow/example_dags/subdags/subdag.py
[2023-02-04 02:02:10,354] {processor.py:641} INFO - Processing file /home/milo/13-airflow/airflowhome/airflowenv/lib/python3.9/site-packages/airflow/example_dags/subdags/subdag.py for tasks to queue
[2023-02-04 02:02:10,356] {logging_mixin.py:115} INFO - [2023-02-04 02:02:10,355] {dagbag.py:508} INFO - Filling up the DagBag from /home/milo/13-airflow/airflowhome/airflowenv/lib/python3.9/site-packages/airflow/example_dags/subdags/subdag.py
[2023-02-04 02:02:10,358] {processor.py:653} WARNING - No viable dags retrieved from /home/milo/13-airflow/airflowhome/airflowenv/lib/python3.9/site-packages/airflow/example_dags/subdags/subdag.py
[2023-02-04 02:02:10,375] {processor.py:161} INFO - Processing /home/milo/13-airflow/airflowhome/airflowenv/lib/python3.9/site-packages/airflow/example_dags/subdags/subdag.py took 0.027 seconds
[2023-02-04 02:02:41,074] {processor.py:153} INFO - Started process (PID=7312) to work on /home/milo/13-airflow/airflowhome/airflowenv/lib/python3.9/site-packages/airflow/example_dags/subdags/subdag.py
[2023-02-04 02:02:41,077] {processor.py:641} INFO - Processing file /home/milo/13-airflow/airflowhome/airflowenv/lib/python3.9/site-packages/airflow/example_dags/subdags/subdag.py for tasks to queue
[2023-02-04 02:02:41,078] {logging_mixin.py:115} INFO - [2023-02-04 02:02:41,077] {dagbag.py:508} INFO - Filling up the DagBag from /home/milo/13-airflow/airflowhome/airflowenv/lib/python3.9/site-packages/airflow/example_dags/subdags/subdag.py
[2023-02-04 02:02:41,079] {processor.py:653} WARNING - No viable dags retrieved from /home/milo/13-airflow/airflowhome/airflowenv/lib/python3.9/site-packages/airflow/example_dags/subdags/subdag.py
[2023-02-04 02:02:41,097] {processor.py:161} INFO - Processing /home/milo/13-airflow/airflowhome/airflowenv/lib/python3.9/site-packages/airflow/example_dags/subdags/subdag.py took 0.035 seconds
[2023-02-04 02:03:15,152] {processor.py:153} INFO - Started process (PID=7347) to work on /home/milo/13-airflow/airflowhome/airflowenv/lib/python3.9/site-packages/airflow/example_dags/subdags/subdag.py
[2023-02-04 02:03:15,154] {processor.py:641} INFO - Processing file /home/milo/13-airflow/airflowhome/airflowenv/lib/python3.9/site-packages/airflow/example_dags/subdags/subdag.py for tasks to queue
[2023-02-04 02:03:15,154] {logging_mixin.py:115} INFO - [2023-02-04 02:03:15,154] {dagbag.py:508} INFO - Filling up the DagBag from /home/milo/13-airflow/airflowhome/airflowenv/lib/python3.9/site-packages/airflow/example_dags/subdags/subdag.py
[2023-02-04 02:03:15,156] {processor.py:653} WARNING - No viable dags retrieved from /home/milo/13-airflow/airflowhome/airflowenv/lib/python3.9/site-packages/airflow/example_dags/subdags/subdag.py
[2023-02-04 02:03:15,176] {processor.py:161} INFO - Processing /home/milo/13-airflow/airflowhome/airflowenv/lib/python3.9/site-packages/airflow/example_dags/subdags/subdag.py took 0.030 seconds
[2023-02-04 02:03:49,054] {processor.py:153} INFO - Started process (PID=7380) to work on /home/milo/13-airflow/airflowhome/airflowenv/lib/python3.9/site-packages/airflow/example_dags/subdags/subdag.py
[2023-02-04 02:03:49,055] {processor.py:641} INFO - Processing file /home/milo/13-airflow/airflowhome/airflowenv/lib/python3.9/site-packages/airflow/example_dags/subdags/subdag.py for tasks to queue
[2023-02-04 02:03:49,056] {logging_mixin.py:115} INFO - [2023-02-04 02:03:49,056] {dagbag.py:508} INFO - Filling up the DagBag from /home/milo/13-airflow/airflowhome/airflowenv/lib/python3.9/site-packages/airflow/example_dags/subdags/subdag.py
[2023-02-04 02:03:49,058] {processor.py:653} WARNING - No viable dags retrieved from /home/milo/13-airflow/airflowhome/airflowenv/lib/python3.9/site-packages/airflow/example_dags/subdags/subdag.py
[2023-02-04 02:03:49,075] {processor.py:161} INFO - Processing /home/milo/13-airflow/airflowhome/airflowenv/lib/python3.9/site-packages/airflow/example_dags/subdags/subdag.py took 0.026 seconds
[2023-02-04 02:04:24,078] {processor.py:153} INFO - Started process (PID=7414) to work on /home/milo/13-airflow/airflowhome/airflowenv/lib/python3.9/site-packages/airflow/example_dags/subdags/subdag.py
[2023-02-04 02:04:24,080] {processor.py:641} INFO - Processing file /home/milo/13-airflow/airflowhome/airflowenv/lib/python3.9/site-packages/airflow/example_dags/subdags/subdag.py for tasks to queue
[2023-02-04 02:04:24,081] {logging_mixin.py:115} INFO - [2023-02-04 02:04:24,080] {dagbag.py:508} INFO - Filling up the DagBag from /home/milo/13-airflow/airflowhome/airflowenv/lib/python3.9/site-packages/airflow/example_dags/subdags/subdag.py
[2023-02-04 02:04:24,083] {processor.py:653} WARNING - No viable dags retrieved from /home/milo/13-airflow/airflowhome/airflowenv/lib/python3.9/site-packages/airflow/example_dags/subdags/subdag.py
[2023-02-04 02:04:24,100] {processor.py:161} INFO - Processing /home/milo/13-airflow/airflowhome/airflowenv/lib/python3.9/site-packages/airflow/example_dags/subdags/subdag.py took 0.028 seconds
[2023-02-04 02:04:55,778] {processor.py:153} INFO - Started process (PID=7444) to work on /home/milo/13-airflow/airflowhome/airflowenv/lib/python3.9/site-packages/airflow/example_dags/subdags/subdag.py
[2023-02-04 02:04:55,780] {processor.py:641} INFO - Processing file /home/milo/13-airflow/airflowhome/airflowenv/lib/python3.9/site-packages/airflow/example_dags/subdags/subdag.py for tasks to queue
[2023-02-04 02:04:55,781] {logging_mixin.py:115} INFO - [2023-02-04 02:04:55,781] {dagbag.py:508} INFO - Filling up the DagBag from /home/milo/13-airflow/airflowhome/airflowenv/lib/python3.9/site-packages/airflow/example_dags/subdags/subdag.py
[2023-02-04 02:04:55,783] {processor.py:653} WARNING - No viable dags retrieved from /home/milo/13-airflow/airflowhome/airflowenv/lib/python3.9/site-packages/airflow/example_dags/subdags/subdag.py
[2023-02-04 02:04:55,801] {processor.py:161} INFO - Processing /home/milo/13-airflow/airflowhome/airflowenv/lib/python3.9/site-packages/airflow/example_dags/subdags/subdag.py took 0.028 seconds
[2023-02-04 02:05:28,719] {processor.py:153} INFO - Started process (PID=7481) to work on /home/milo/13-airflow/airflowhome/airflowenv/lib/python3.9/site-packages/airflow/example_dags/subdags/subdag.py
[2023-02-04 02:05:28,721] {processor.py:641} INFO - Processing file /home/milo/13-airflow/airflowhome/airflowenv/lib/python3.9/site-packages/airflow/example_dags/subdags/subdag.py for tasks to queue
[2023-02-04 02:05:28,722] {logging_mixin.py:115} INFO - [2023-02-04 02:05:28,722] {dagbag.py:508} INFO - Filling up the DagBag from /home/milo/13-airflow/airflowhome/airflowenv/lib/python3.9/site-packages/airflow/example_dags/subdags/subdag.py
[2023-02-04 02:05:28,724] {processor.py:653} WARNING - No viable dags retrieved from /home/milo/13-airflow/airflowhome/airflowenv/lib/python3.9/site-packages/airflow/example_dags/subdags/subdag.py
[2023-02-04 02:05:28,741] {processor.py:161} INFO - Processing /home/milo/13-airflow/airflowhome/airflowenv/lib/python3.9/site-packages/airflow/example_dags/subdags/subdag.py took 0.027 seconds
[2023-02-04 02:06:02,773] {processor.py:153} INFO - Started process (PID=7514) to work on /home/milo/13-airflow/airflowhome/airflowenv/lib/python3.9/site-packages/airflow/example_dags/subdags/subdag.py
[2023-02-04 02:06:02,785] {processor.py:641} INFO - Processing file /home/milo/13-airflow/airflowhome/airflowenv/lib/python3.9/site-packages/airflow/example_dags/subdags/subdag.py for tasks to queue
[2023-02-04 02:06:02,786] {logging_mixin.py:115} INFO - [2023-02-04 02:06:02,786] {dagbag.py:508} INFO - Filling up the DagBag from /home/milo/13-airflow/airflowhome/airflowenv/lib/python3.9/site-packages/airflow/example_dags/subdags/subdag.py
[2023-02-04 02:06:02,788] {processor.py:653} WARNING - No viable dags retrieved from /home/milo/13-airflow/airflowhome/airflowenv/lib/python3.9/site-packages/airflow/example_dags/subdags/subdag.py
[2023-02-04 02:06:02,811] {processor.py:161} INFO - Processing /home/milo/13-airflow/airflowhome/airflowenv/lib/python3.9/site-packages/airflow/example_dags/subdags/subdag.py took 0.043 seconds
[2023-02-04 02:06:36,922] {processor.py:153} INFO - Started process (PID=7547) to work on /home/milo/13-airflow/airflowhome/airflowenv/lib/python3.9/site-packages/airflow/example_dags/subdags/subdag.py
[2023-02-04 02:06:36,924] {processor.py:641} INFO - Processing file /home/milo/13-airflow/airflowhome/airflowenv/lib/python3.9/site-packages/airflow/example_dags/subdags/subdag.py for tasks to queue
[2023-02-04 02:06:36,925] {logging_mixin.py:115} INFO - [2023-02-04 02:06:36,925] {dagbag.py:508} INFO - Filling up the DagBag from /home/milo/13-airflow/airflowhome/airflowenv/lib/python3.9/site-packages/airflow/example_dags/subdags/subdag.py
[2023-02-04 02:06:36,928] {processor.py:653} WARNING - No viable dags retrieved from /home/milo/13-airflow/airflowhome/airflowenv/lib/python3.9/site-packages/airflow/example_dags/subdags/subdag.py
[2023-02-04 02:06:36,948] {processor.py:161} INFO - Processing /home/milo/13-airflow/airflowhome/airflowenv/lib/python3.9/site-packages/airflow/example_dags/subdags/subdag.py took 0.030 seconds
[2023-02-04 02:07:09,107] {processor.py:153} INFO - Started process (PID=7577) to work on /home/milo/13-airflow/airflowhome/airflowenv/lib/python3.9/site-packages/airflow/example_dags/subdags/subdag.py
[2023-02-04 02:07:09,108] {processor.py:641} INFO - Processing file /home/milo/13-airflow/airflowhome/airflowenv/lib/python3.9/site-packages/airflow/example_dags/subdags/subdag.py for tasks to queue
[2023-02-04 02:07:09,109] {logging_mixin.py:115} INFO - [2023-02-04 02:07:09,109] {dagbag.py:508} INFO - Filling up the DagBag from /home/milo/13-airflow/airflowhome/airflowenv/lib/python3.9/site-packages/airflow/example_dags/subdags/subdag.py
[2023-02-04 02:07:09,111] {processor.py:653} WARNING - No viable dags retrieved from /home/milo/13-airflow/airflowhome/airflowenv/lib/python3.9/site-packages/airflow/example_dags/subdags/subdag.py
[2023-02-04 02:07:09,128] {processor.py:161} INFO - Processing /home/milo/13-airflow/airflowhome/airflowenv/lib/python3.9/site-packages/airflow/example_dags/subdags/subdag.py took 0.034 seconds
[2023-02-04 02:07:42,975] {processor.py:153} INFO - Started process (PID=7610) to work on /home/milo/13-airflow/airflowhome/airflowenv/lib/python3.9/site-packages/airflow/example_dags/subdags/subdag.py
[2023-02-04 02:07:42,986] {processor.py:641} INFO - Processing file /home/milo/13-airflow/airflowhome/airflowenv/lib/python3.9/site-packages/airflow/example_dags/subdags/subdag.py for tasks to queue
[2023-02-04 02:07:42,987] {logging_mixin.py:115} INFO - [2023-02-04 02:07:42,987] {dagbag.py:508} INFO - Filling up the DagBag from /home/milo/13-airflow/airflowhome/airflowenv/lib/python3.9/site-packages/airflow/example_dags/subdags/subdag.py
[2023-02-04 02:07:42,989] {processor.py:653} WARNING - No viable dags retrieved from /home/milo/13-airflow/airflowhome/airflowenv/lib/python3.9/site-packages/airflow/example_dags/subdags/subdag.py
[2023-02-04 02:07:43,017] {processor.py:161} INFO - Processing /home/milo/13-airflow/airflowhome/airflowenv/lib/python3.9/site-packages/airflow/example_dags/subdags/subdag.py took 0.055 seconds
[2023-02-04 02:08:13,306] {processor.py:153} INFO - Started process (PID=7640) to work on /home/milo/13-airflow/airflowhome/airflowenv/lib/python3.9/site-packages/airflow/example_dags/subdags/subdag.py
[2023-02-04 02:08:13,307] {processor.py:641} INFO - Processing file /home/milo/13-airflow/airflowhome/airflowenv/lib/python3.9/site-packages/airflow/example_dags/subdags/subdag.py for tasks to queue
[2023-02-04 02:08:13,308] {logging_mixin.py:115} INFO - [2023-02-04 02:08:13,308] {dagbag.py:508} INFO - Filling up the DagBag from /home/milo/13-airflow/airflowhome/airflowenv/lib/python3.9/site-packages/airflow/example_dags/subdags/subdag.py
[2023-02-04 02:08:13,318] {processor.py:653} WARNING - No viable dags retrieved from /home/milo/13-airflow/airflowhome/airflowenv/lib/python3.9/site-packages/airflow/example_dags/subdags/subdag.py
[2023-02-04 02:08:13,354] {processor.py:161} INFO - Processing /home/milo/13-airflow/airflowhome/airflowenv/lib/python3.9/site-packages/airflow/example_dags/subdags/subdag.py took 0.053 seconds
[2023-02-04 02:08:43,492] {processor.py:153} INFO - Started process (PID=7669) to work on /home/milo/13-airflow/airflowhome/airflowenv/lib/python3.9/site-packages/airflow/example_dags/subdags/subdag.py
[2023-02-04 02:08:43,494] {processor.py:641} INFO - Processing file /home/milo/13-airflow/airflowhome/airflowenv/lib/python3.9/site-packages/airflow/example_dags/subdags/subdag.py for tasks to queue
[2023-02-04 02:08:43,495] {logging_mixin.py:115} INFO - [2023-02-04 02:08:43,494] {dagbag.py:508} INFO - Filling up the DagBag from /home/milo/13-airflow/airflowhome/airflowenv/lib/python3.9/site-packages/airflow/example_dags/subdags/subdag.py
[2023-02-04 02:08:43,497] {processor.py:653} WARNING - No viable dags retrieved from /home/milo/13-airflow/airflowhome/airflowenv/lib/python3.9/site-packages/airflow/example_dags/subdags/subdag.py
[2023-02-04 02:08:43,514] {processor.py:161} INFO - Processing /home/milo/13-airflow/airflowhome/airflowenv/lib/python3.9/site-packages/airflow/example_dags/subdags/subdag.py took 0.027 seconds
[2023-02-04 02:09:14,948] {processor.py:153} INFO - Started process (PID=7733) to work on /home/milo/13-airflow/airflowhome/airflowenv/lib/python3.9/site-packages/airflow/example_dags/subdags/subdag.py
[2023-02-04 02:09:14,949] {processor.py:641} INFO - Processing file /home/milo/13-airflow/airflowhome/airflowenv/lib/python3.9/site-packages/airflow/example_dags/subdags/subdag.py for tasks to queue
[2023-02-04 02:09:14,950] {logging_mixin.py:115} INFO - [2023-02-04 02:09:14,950] {dagbag.py:508} INFO - Filling up the DagBag from /home/milo/13-airflow/airflowhome/airflowenv/lib/python3.9/site-packages/airflow/example_dags/subdags/subdag.py
[2023-02-04 02:09:14,956] {processor.py:653} WARNING - No viable dags retrieved from /home/milo/13-airflow/airflowhome/airflowenv/lib/python3.9/site-packages/airflow/example_dags/subdags/subdag.py
[2023-02-04 02:09:14,975] {processor.py:161} INFO - Processing /home/milo/13-airflow/airflowhome/airflowenv/lib/python3.9/site-packages/airflow/example_dags/subdags/subdag.py took 0.033 seconds
[2023-02-04 02:11:53,906] {processor.py:153} INFO - Started process (PID=7785) to work on /home/milo/13-airflow/airflowhome/airflowenv/lib/python3.9/site-packages/airflow/example_dags/subdags/subdag.py
[2023-02-04 02:11:53,908] {processor.py:641} INFO - Processing file /home/milo/13-airflow/airflowhome/airflowenv/lib/python3.9/site-packages/airflow/example_dags/subdags/subdag.py for tasks to queue
[2023-02-04 02:11:53,909] {logging_mixin.py:115} INFO - [2023-02-04 02:11:53,909] {dagbag.py:508} INFO - Filling up the DagBag from /home/milo/13-airflow/airflowhome/airflowenv/lib/python3.9/site-packages/airflow/example_dags/subdags/subdag.py
[2023-02-04 02:11:53,911] {processor.py:653} WARNING - No viable dags retrieved from /home/milo/13-airflow/airflowhome/airflowenv/lib/python3.9/site-packages/airflow/example_dags/subdags/subdag.py
[2023-02-04 02:11:53,926] {processor.py:161} INFO - Processing /home/milo/13-airflow/airflowhome/airflowenv/lib/python3.9/site-packages/airflow/example_dags/subdags/subdag.py took 0.024 seconds
[2023-02-04 02:21:44,906] {processor.py:153} INFO - Started process (PID=7869) to work on /home/milo/13-airflow/airflowhome/airflowenv/lib/python3.9/site-packages/airflow/example_dags/subdags/subdag.py
[2023-02-04 02:21:44,908] {processor.py:641} INFO - Processing file /home/milo/13-airflow/airflowhome/airflowenv/lib/python3.9/site-packages/airflow/example_dags/subdags/subdag.py for tasks to queue
[2023-02-04 02:21:44,909] {logging_mixin.py:115} INFO - [2023-02-04 02:21:44,908] {dagbag.py:508} INFO - Filling up the DagBag from /home/milo/13-airflow/airflowhome/airflowenv/lib/python3.9/site-packages/airflow/example_dags/subdags/subdag.py
[2023-02-04 02:21:44,911] {processor.py:653} WARNING - No viable dags retrieved from /home/milo/13-airflow/airflowhome/airflowenv/lib/python3.9/site-packages/airflow/example_dags/subdags/subdag.py
[2023-02-04 02:21:44,927] {processor.py:161} INFO - Processing /home/milo/13-airflow/airflowhome/airflowenv/lib/python3.9/site-packages/airflow/example_dags/subdags/subdag.py took 0.026 seconds
