[2023-02-08 00:30:44,983] {taskinstance.py:1179} INFO - Dependencies all met for <TaskInstance: 09_Xcoms.task_2_pull scheduled__2022-12-02T00:00:00+00:00 [queued]>
[2023-02-08 00:30:44,995] {taskinstance.py:1179} INFO - Dependencies all met for <TaskInstance: 09_Xcoms.task_2_pull scheduled__2022-12-02T00:00:00+00:00 [queued]>
[2023-02-08 00:30:44,995] {taskinstance.py:1376} INFO - 
--------------------------------------------------------------------------------
[2023-02-08 00:30:44,995] {taskinstance.py:1377} INFO - Starting attempt 2 of 2
[2023-02-08 00:30:44,996] {taskinstance.py:1378} INFO - 
--------------------------------------------------------------------------------
[2023-02-08 00:30:45,017] {taskinstance.py:1397} INFO - Executing <Task(BashOperator): task_2_pull> on 2022-12-02 00:00:00+00:00
[2023-02-08 00:30:45,020] {standard_task_runner.py:52} INFO - Started process 52410 to run task
[2023-02-08 00:30:45,027] {standard_task_runner.py:79} INFO - Running: ['airflow', 'tasks', 'run', '09_Xcoms', 'task_2_pull', 'scheduled__2022-12-02T00:00:00+00:00', '--job-id', '1190', '--raw', '--subdir', 'DAGS_FOLDER/09_xcoms.py', '--cfg-path', '/tmp/tmpb3qrphhj', '--error-file', '/tmp/tmp0wdd9d67']
[2023-02-08 00:30:45,028] {standard_task_runner.py:80} INFO - Job 1190: Subtask task_2_pull
[2023-02-08 00:30:45,117] {task_command.py:371} INFO - Running <TaskInstance: 09_Xcoms.task_2_pull scheduled__2022-12-02T00:00:00+00:00 [running]> on host pc.
[2023-02-08 00:30:45,230] {taskinstance.py:1589} INFO - Exporting the following env vars:
AIRFLOW_CTX_DAG_OWNER=airflow
AIRFLOW_CTX_DAG_ID=09_Xcoms
AIRFLOW_CTX_TASK_ID=task_2_pull
AIRFLOW_CTX_EXECUTION_DATE=2022-12-02T00:00:00+00:00
AIRFLOW_CTX_TRY_NUMBER=2
AIRFLOW_CTX_DAG_RUN_ID=scheduled__2022-12-02T00:00:00+00:00
[2023-02-08 00:30:45,231] {subprocess.py:62} INFO - Tmp dir root location: 
 /tmp
[2023-02-08 00:30:45,232] {subprocess.py:74} INFO - Running command: ['bash', '-c', 'sleep 3 && echo 15']
[2023-02-08 00:30:45,241] {subprocess.py:85} INFO - Output:
[2023-02-08 00:30:48,244] {subprocess.py:92} INFO - 15
[2023-02-08 00:30:48,244] {subprocess.py:96} INFO - Command exited with return code 0
[2023-02-08 00:30:48,275] {taskinstance.py:1415} INFO - Marking task as SUCCESS. dag_id=09_Xcoms, task_id=task_2_pull, execution_date=20221202T000000, start_date=20230208T053044, end_date=20230208T053048
[2023-02-08 00:30:48,333] {local_task_job.py:156} INFO - Task exited with return code 0
[2023-02-08 00:30:48,378] {local_task_job.py:273} INFO - 1 downstream tasks scheduled from follow-on schedule check
