[2023-02-05 17:52:22,348] {taskinstance.py:1179} INFO - Dependencies all met for <TaskInstance: orchestration.task_5 scheduled__2023-01-25T00:00:00+00:00 [queued]>
[2023-02-05 17:52:22,360] {taskinstance.py:1179} INFO - Dependencies all met for <TaskInstance: orchestration.task_5 scheduled__2023-01-25T00:00:00+00:00 [queued]>
[2023-02-05 17:52:22,360] {taskinstance.py:1376} INFO - 
--------------------------------------------------------------------------------
[2023-02-05 17:52:22,360] {taskinstance.py:1377} INFO - Starting attempt 1 of 1
[2023-02-05 17:52:22,360] {taskinstance.py:1378} INFO - 
--------------------------------------------------------------------------------
[2023-02-05 17:52:22,381] {taskinstance.py:1397} INFO - Executing <Task(BashOperator): task_5> on 2023-01-25 00:00:00+00:00
[2023-02-05 17:52:22,385] {standard_task_runner.py:52} INFO - Started process 30354 to run task
[2023-02-05 17:52:22,390] {standard_task_runner.py:79} INFO - Running: ['airflow', 'tasks', 'run', 'orchestration', 'task_5', 'scheduled__2023-01-25T00:00:00+00:00', '--job-id', '154', '--raw', '--subdir', 'DAGS_FOLDER/5_orchestration_2.py', '--cfg-path', '/tmp/tmp8de_jnrq', '--error-file', '/tmp/tmpfb088kgo']
[2023-02-05 17:52:22,391] {standard_task_runner.py:80} INFO - Job 154: Subtask task_5
[2023-02-05 17:52:22,467] {task_command.py:371} INFO - Running <TaskInstance: orchestration.task_5 scheduled__2023-01-25T00:00:00+00:00 [running]> on host pc.
[2023-02-05 17:52:22,558] {taskinstance.py:1589} INFO - Exporting the following env vars:
AIRFLOW_CTX_DAG_OWNER=airflow
AIRFLOW_CTX_DAG_ID=orchestration
AIRFLOW_CTX_TASK_ID=task_5
AIRFLOW_CTX_EXECUTION_DATE=2023-01-25T00:00:00+00:00
AIRFLOW_CTX_TRY_NUMBER=1
AIRFLOW_CTX_DAG_RUN_ID=scheduled__2023-01-25T00:00:00+00:00
[2023-02-05 17:52:22,559] {subprocess.py:62} INFO - Tmp dir root location: 
 /tmp
[2023-02-05 17:52:22,560] {subprocess.py:74} INFO - Running command: ['bash', '-c', "sleep 2 && echo 'Task_5'"]
[2023-02-05 17:52:22,568] {subprocess.py:85} INFO - Output:
[2023-02-05 17:52:24,570] {subprocess.py:92} INFO - Task_5
[2023-02-05 17:52:24,571] {subprocess.py:96} INFO - Command exited with return code 0
[2023-02-05 17:52:26,573] {taskinstance.py:1415} INFO - Marking task as SUCCESS. dag_id=orchestration, task_id=task_5, execution_date=20230125T000000, start_date=20230205T225222, end_date=20230205T225226
[2023-02-05 17:52:26,618] {local_task_job.py:156} INFO - Task exited with return code 0
[2023-02-05 17:52:26,645] {local_task_job.py:273} INFO - 0 downstream tasks scheduled from follow-on schedule check
