[2023-02-05 17:47:07,068] {taskinstance.py:1179} INFO - Dependencies all met for <TaskInstance: orchestration.task_3 scheduled__2023-01-10T00:00:00+00:00 [queued]>
[2023-02-05 17:47:07,079] {taskinstance.py:1179} INFO - Dependencies all met for <TaskInstance: orchestration.task_3 scheduled__2023-01-10T00:00:00+00:00 [queued]>
[2023-02-05 17:47:07,079] {taskinstance.py:1376} INFO - 
--------------------------------------------------------------------------------
[2023-02-05 17:47:07,079] {taskinstance.py:1377} INFO - Starting attempt 1 of 1
[2023-02-05 17:47:07,079] {taskinstance.py:1378} INFO - 
--------------------------------------------------------------------------------
[2023-02-05 17:47:07,105] {taskinstance.py:1397} INFO - Executing <Task(BashOperator): task_3> on 2023-01-10 00:00:00+00:00
[2023-02-05 17:47:07,109] {standard_task_runner.py:52} INFO - Started process 30030 to run task
[2023-02-05 17:47:07,114] {standard_task_runner.py:79} INFO - Running: ['airflow', 'tasks', 'run', 'orchestration', 'task_3', 'scheduled__2023-01-10T00:00:00+00:00', '--job-id', '88', '--raw', '--subdir', 'DAGS_FOLDER/5_orchestration_2.py', '--cfg-path', '/tmp/tmprsq5rwq1', '--error-file', '/tmp/tmpbj65gti3']
[2023-02-05 17:47:07,115] {standard_task_runner.py:80} INFO - Job 88: Subtask task_3
[2023-02-05 17:47:07,199] {task_command.py:371} INFO - Running <TaskInstance: orchestration.task_3 scheduled__2023-01-10T00:00:00+00:00 [running]> on host pc.
[2023-02-05 17:47:07,287] {taskinstance.py:1589} INFO - Exporting the following env vars:
AIRFLOW_CTX_DAG_OWNER=airflow
AIRFLOW_CTX_DAG_ID=orchestration
AIRFLOW_CTX_TASK_ID=task_3
AIRFLOW_CTX_EXECUTION_DATE=2023-01-10T00:00:00+00:00
AIRFLOW_CTX_TRY_NUMBER=1
AIRFLOW_CTX_DAG_RUN_ID=scheduled__2023-01-10T00:00:00+00:00
[2023-02-05 17:47:07,288] {subprocess.py:62} INFO - Tmp dir root location: 
 /tmp
[2023-02-05 17:47:07,289] {subprocess.py:74} INFO - Running command: ['bash', '-c', "sleep 2 && echo 'Task_3'"]
[2023-02-05 17:47:07,296] {subprocess.py:85} INFO - Output:
[2023-02-05 17:47:09,299] {subprocess.py:92} INFO - Task_3
[2023-02-05 17:47:09,299] {subprocess.py:96} INFO - Command exited with return code 0
[2023-02-05 17:47:09,330] {taskinstance.py:1415} INFO - Marking task as SUCCESS. dag_id=orchestration, task_id=task_3, execution_date=20230110T000000, start_date=20230205T224707, end_date=20230205T224709
[2023-02-05 17:47:09,374] {local_task_job.py:156} INFO - Task exited with return code 0
[2023-02-05 17:47:09,410] {local_task_job.py:273} INFO - 0 downstream tasks scheduled from follow-on schedule check
[2023-02-05 17:58:08,231] {taskinstance.py:1179} INFO - Dependencies all met for <TaskInstance: orchestration.task_3 scheduled__2023-01-10T00:00:00+00:00 [queued]>
[2023-02-05 17:58:08,248] {taskinstance.py:1179} INFO - Dependencies all met for <TaskInstance: orchestration.task_3 scheduled__2023-01-10T00:00:00+00:00 [queued]>
[2023-02-05 17:58:08,249] {taskinstance.py:1376} INFO - 
--------------------------------------------------------------------------------
[2023-02-05 17:58:08,249] {taskinstance.py:1377} INFO - Starting attempt 1 of 1
[2023-02-05 17:58:08,249] {taskinstance.py:1378} INFO - 
--------------------------------------------------------------------------------
[2023-02-05 17:58:08,270] {taskinstance.py:1397} INFO - Executing <Task(BashOperator): task_3> on 2023-01-10 00:00:00+00:00
[2023-02-05 17:58:08,273] {standard_task_runner.py:52} INFO - Started process 30688 to run task
[2023-02-05 17:58:08,278] {standard_task_runner.py:79} INFO - Running: ['airflow', 'tasks', 'run', 'orchestration', 'task_3', 'scheduled__2023-01-10T00:00:00+00:00', '--job-id', '89', '--raw', '--subdir', 'DAGS_FOLDER/5_orchestration_2.py', '--cfg-path', '/tmp/tmpzwu_1j1z', '--error-file', '/tmp/tmpmflv3tep']
[2023-02-05 17:58:08,280] {standard_task_runner.py:80} INFO - Job 89: Subtask task_3
[2023-02-05 17:58:08,362] {task_command.py:371} INFO - Running <TaskInstance: orchestration.task_3 scheduled__2023-01-10T00:00:00+00:00 [running]> on host pc.
[2023-02-05 17:58:08,449] {taskinstance.py:1589} INFO - Exporting the following env vars:
AIRFLOW_CTX_DAG_OWNER=airflow
AIRFLOW_CTX_DAG_ID=orchestration
AIRFLOW_CTX_TASK_ID=task_3
AIRFLOW_CTX_EXECUTION_DATE=2023-01-10T00:00:00+00:00
AIRFLOW_CTX_TRY_NUMBER=1
AIRFLOW_CTX_DAG_RUN_ID=scheduled__2023-01-10T00:00:00+00:00
[2023-02-05 17:58:08,450] {subprocess.py:62} INFO - Tmp dir root location: 
 /tmp
[2023-02-05 17:58:08,451] {subprocess.py:74} INFO - Running command: ['bash', '-c', "sleep 1 && echo 'Task_3'"]
[2023-02-05 17:58:08,458] {subprocess.py:85} INFO - Output:
[2023-02-05 17:58:09,461] {subprocess.py:92} INFO - Task_3
[2023-02-05 17:58:09,461] {subprocess.py:96} INFO - Command exited with return code 0
[2023-02-05 17:58:09,490] {taskinstance.py:1415} INFO - Marking task as SUCCESS. dag_id=orchestration, task_id=task_3, execution_date=20230110T000000, start_date=20230205T225808, end_date=20230205T225809
[2023-02-05 17:58:09,535] {local_task_job.py:156} INFO - Task exited with return code 0
[2023-02-05 17:58:09,576] {local_task_job.py:273} INFO - 0 downstream tasks scheduled from follow-on schedule check
