[2023-02-05 17:45:17,836] {taskinstance.py:1179} INFO - Dependencies all met for <TaskInstance: orchestration.task_5 scheduled__2023-01-02T00:00:00+00:00 [queued]>
[2023-02-05 17:45:17,847] {taskinstance.py:1179} INFO - Dependencies all met for <TaskInstance: orchestration.task_5 scheduled__2023-01-02T00:00:00+00:00 [queued]>
[2023-02-05 17:45:17,847] {taskinstance.py:1376} INFO - 
--------------------------------------------------------------------------------
[2023-02-05 17:45:17,847] {taskinstance.py:1377} INFO - Starting attempt 1 of 1
[2023-02-05 17:45:17,847] {taskinstance.py:1378} INFO - 
--------------------------------------------------------------------------------
[2023-02-05 17:45:17,869] {taskinstance.py:1397} INFO - Executing <Task(BashOperator): task_5> on 2023-01-02 00:00:00+00:00
[2023-02-05 17:45:17,872] {standard_task_runner.py:52} INFO - Started process 29909 to run task
[2023-02-05 17:45:17,877] {standard_task_runner.py:79} INFO - Running: ['airflow', 'tasks', 'run', 'orchestration', 'task_5', 'scheduled__2023-01-02T00:00:00+00:00', '--job-id', '63', '--raw', '--subdir', 'DAGS_FOLDER/5_orchestration_2.py', '--cfg-path', '/tmp/tmp2gcfqwqx', '--error-file', '/tmp/tmpdez9wjei']
[2023-02-05 17:45:17,878] {standard_task_runner.py:80} INFO - Job 63: Subtask task_5
[2023-02-05 17:45:17,955] {task_command.py:371} INFO - Running <TaskInstance: orchestration.task_5 scheduled__2023-01-02T00:00:00+00:00 [running]> on host pc.
[2023-02-05 17:45:18,043] {taskinstance.py:1589} INFO - Exporting the following env vars:
AIRFLOW_CTX_DAG_OWNER=airflow
AIRFLOW_CTX_DAG_ID=orchestration
AIRFLOW_CTX_TASK_ID=task_5
AIRFLOW_CTX_EXECUTION_DATE=2023-01-02T00:00:00+00:00
AIRFLOW_CTX_TRY_NUMBER=1
AIRFLOW_CTX_DAG_RUN_ID=scheduled__2023-01-02T00:00:00+00:00
[2023-02-05 17:45:18,044] {subprocess.py:62} INFO - Tmp dir root location: 
 /tmp
[2023-02-05 17:45:18,045] {subprocess.py:74} INFO - Running command: ['bash', '-c', "sleep 2 && echo 'Task_5'"]
[2023-02-05 17:45:18,054] {subprocess.py:85} INFO - Output:
[2023-02-05 17:45:20,056] {subprocess.py:92} INFO - Task_5
[2023-02-05 17:45:20,057] {subprocess.py:96} INFO - Command exited with return code 0
[2023-02-05 17:45:20,086] {taskinstance.py:1415} INFO - Marking task as SUCCESS. dag_id=orchestration, task_id=task_5, execution_date=20230102T000000, start_date=20230205T224517, end_date=20230205T224520
[2023-02-05 17:45:20,137] {local_task_job.py:156} INFO - Task exited with return code 0
[2023-02-05 17:45:20,166] {local_task_job.py:273} INFO - 0 downstream tasks scheduled from follow-on schedule check
[2023-02-05 17:55:49,485] {taskinstance.py:1179} INFO - Dependencies all met for <TaskInstance: orchestration.task_5 scheduled__2023-01-02T00:00:00+00:00 [queued]>
[2023-02-05 17:55:49,498] {taskinstance.py:1179} INFO - Dependencies all met for <TaskInstance: orchestration.task_5 scheduled__2023-01-02T00:00:00+00:00 [queued]>
[2023-02-05 17:55:49,498] {taskinstance.py:1376} INFO - 
--------------------------------------------------------------------------------
[2023-02-05 17:55:49,498] {taskinstance.py:1377} INFO - Starting attempt 1 of 1
[2023-02-05 17:55:49,498] {taskinstance.py:1378} INFO - 
--------------------------------------------------------------------------------
[2023-02-05 17:55:49,518] {taskinstance.py:1397} INFO - Executing <Task(BashOperator): task_5> on 2023-01-02 00:00:00+00:00
[2023-02-05 17:55:49,521] {standard_task_runner.py:52} INFO - Started process 30527 to run task
[2023-02-05 17:55:49,526] {standard_task_runner.py:79} INFO - Running: ['airflow', 'tasks', 'run', 'orchestration', 'task_5', 'scheduled__2023-01-02T00:00:00+00:00', '--job-id', '59', '--raw', '--subdir', 'DAGS_FOLDER/5_orchestration_2.py', '--cfg-path', '/tmp/tmp_mgy7mh_', '--error-file', '/tmp/tmpmtz_nefm']
[2023-02-05 17:55:49,527] {standard_task_runner.py:80} INFO - Job 59: Subtask task_5
[2023-02-05 17:55:49,608] {task_command.py:371} INFO - Running <TaskInstance: orchestration.task_5 scheduled__2023-01-02T00:00:00+00:00 [running]> on host pc.
[2023-02-05 17:55:49,692] {taskinstance.py:1589} INFO - Exporting the following env vars:
AIRFLOW_CTX_DAG_OWNER=airflow
AIRFLOW_CTX_DAG_ID=orchestration
AIRFLOW_CTX_TASK_ID=task_5
AIRFLOW_CTX_EXECUTION_DATE=2023-01-02T00:00:00+00:00
AIRFLOW_CTX_TRY_NUMBER=1
AIRFLOW_CTX_DAG_RUN_ID=scheduled__2023-01-02T00:00:00+00:00
[2023-02-05 17:55:49,693] {subprocess.py:62} INFO - Tmp dir root location: 
 /tmp
[2023-02-05 17:55:49,694] {subprocess.py:74} INFO - Running command: ['bash', '-c', "sleep 1 && echo 'Task_5'"]
[2023-02-05 17:55:49,702] {subprocess.py:85} INFO - Output:
[2023-02-05 17:55:50,704] {subprocess.py:92} INFO - Task_5
[2023-02-05 17:55:50,705] {subprocess.py:96} INFO - Command exited with return code 0
[2023-02-05 17:55:50,733] {taskinstance.py:1415} INFO - Marking task as SUCCESS. dag_id=orchestration, task_id=task_5, execution_date=20230102T000000, start_date=20230205T225549, end_date=20230205T225550
[2023-02-05 17:55:50,782] {local_task_job.py:156} INFO - Task exited with return code 0
[2023-02-05 17:55:50,812] {local_task_job.py:273} INFO - 0 downstream tasks scheduled from follow-on schedule check
