[2023-02-08 02:06:24,139] {taskinstance.py:1179} INFO - Dependencies all met for <TaskInstance: 10_branching.start_15_june scheduled__2022-07-30T00:00:00+00:00 [queued]>
[2023-02-08 02:06:24,152] {taskinstance.py:1179} INFO - Dependencies all met for <TaskInstance: 10_branching.start_15_june scheduled__2022-07-30T00:00:00+00:00 [queued]>
[2023-02-08 02:06:24,152] {taskinstance.py:1376} INFO - 
--------------------------------------------------------------------------------
[2023-02-08 02:06:24,152] {taskinstance.py:1377} INFO - Starting attempt 1 of 1
[2023-02-08 02:06:24,152] {taskinstance.py:1378} INFO - 
--------------------------------------------------------------------------------
[2023-02-08 02:06:24,175] {taskinstance.py:1397} INFO - Executing <Task(BashOperator): start_15_june> on 2022-07-30 00:00:00+00:00
[2023-02-08 02:06:24,179] {standard_task_runner.py:52} INFO - Started process 56116 to run task
[2023-02-08 02:06:24,186] {standard_task_runner.py:79} INFO - Running: ['airflow', 'tasks', 'run', '10_branching', 'start_15_june', 'scheduled__2022-07-30T00:00:00+00:00', '--job-id', '1453', '--raw', '--subdir', 'DAGS_FOLDER/10_branchpythonoperator.py', '--cfg-path', '/tmp/tmp6_qsckw3', '--error-file', '/tmp/tmp77tkaz7u']
[2023-02-08 02:06:24,187] {standard_task_runner.py:80} INFO - Job 1453: Subtask start_15_june
[2023-02-08 02:06:24,289] {task_command.py:371} INFO - Running <TaskInstance: 10_branching.start_15_june scheduled__2022-07-30T00:00:00+00:00 [running]> on host pc.
[2023-02-08 02:06:24,387] {taskinstance.py:1589} INFO - Exporting the following env vars:
AIRFLOW_CTX_DAG_OWNER=airflow
AIRFLOW_CTX_DAG_ID=10_branching
AIRFLOW_CTX_TASK_ID=start_15_june
AIRFLOW_CTX_EXECUTION_DATE=2022-07-30T00:00:00+00:00
AIRFLOW_CTX_TRY_NUMBER=1
AIRFLOW_CTX_DAG_RUN_ID=scheduled__2022-07-30T00:00:00+00:00
[2023-02-08 02:06:24,388] {subprocess.py:62} INFO - Tmp dir root location: 
 /tmp
[2023-02-08 02:06:24,389] {subprocess.py:74} INFO - Running command: ['bash', '-c', "echo 'Running 2022-07-30'"]
[2023-02-08 02:06:24,398] {subprocess.py:85} INFO - Output:
[2023-02-08 02:06:24,400] {subprocess.py:92} INFO - Running 2022-07-30
[2023-02-08 02:06:24,400] {subprocess.py:96} INFO - Command exited with return code 0
[2023-02-08 02:06:24,429] {taskinstance.py:1415} INFO - Marking task as SUCCESS. dag_id=10_branching, task_id=start_15_june, execution_date=20220730T000000, start_date=20230208T070624, end_date=20230208T070624
[2023-02-08 02:06:24,476] {local_task_job.py:156} INFO - Task exited with return code 0
[2023-02-08 02:06:24,504] {local_task_job.py:273} INFO - 0 downstream tasks scheduled from follow-on schedule check
