[2023-02-05 17:46:03,466] {taskinstance.py:1179} INFO - Dependencies all met for <TaskInstance: orchestration.task_2 scheduled__2023-01-07T00:00:00+00:00 [queued]>
[2023-02-05 17:46:03,478] {taskinstance.py:1179} INFO - Dependencies all met for <TaskInstance: orchestration.task_2 scheduled__2023-01-07T00:00:00+00:00 [queued]>
[2023-02-05 17:46:03,479] {taskinstance.py:1376} INFO - 
--------------------------------------------------------------------------------
[2023-02-05 17:46:03,479] {taskinstance.py:1377} INFO - Starting attempt 1 of 1
[2023-02-05 17:46:03,479] {taskinstance.py:1378} INFO - 
--------------------------------------------------------------------------------
[2023-02-05 17:46:03,503] {taskinstance.py:1397} INFO - Executing <Task(BashOperator): task_2> on 2023-01-07 00:00:00+00:00
[2023-02-05 17:46:03,506] {standard_task_runner.py:52} INFO - Started process 29963 to run task
[2023-02-05 17:46:03,514] {standard_task_runner.py:79} INFO - Running: ['airflow', 'tasks', 'run', 'orchestration', 'task_2', 'scheduled__2023-01-07T00:00:00+00:00', '--job-id', '73', '--raw', '--subdir', 'DAGS_FOLDER/5_orchestration_2.py', '--cfg-path', '/tmp/tmp4gdtwm5x', '--error-file', '/tmp/tmpypekxxfu']
[2023-02-05 17:46:03,516] {standard_task_runner.py:80} INFO - Job 73: Subtask task_2
[2023-02-05 17:46:03,614] {task_command.py:371} INFO - Running <TaskInstance: orchestration.task_2 scheduled__2023-01-07T00:00:00+00:00 [running]> on host pc.
[2023-02-05 17:46:03,712] {taskinstance.py:1589} INFO - Exporting the following env vars:
AIRFLOW_CTX_DAG_OWNER=airflow
AIRFLOW_CTX_DAG_ID=orchestration
AIRFLOW_CTX_TASK_ID=task_2
AIRFLOW_CTX_EXECUTION_DATE=2023-01-07T00:00:00+00:00
AIRFLOW_CTX_TRY_NUMBER=1
AIRFLOW_CTX_DAG_RUN_ID=scheduled__2023-01-07T00:00:00+00:00
[2023-02-05 17:46:03,713] {subprocess.py:62} INFO - Tmp dir root location: 
 /tmp
[2023-02-05 17:46:03,715] {subprocess.py:74} INFO - Running command: ['bash', '-c', "sleep 2 && echo 'Task_2'"]
[2023-02-05 17:46:03,723] {subprocess.py:85} INFO - Output:
[2023-02-05 17:46:05,725] {subprocess.py:92} INFO - Task_2
[2023-02-05 17:46:05,726] {subprocess.py:96} INFO - Command exited with return code 0
[2023-02-05 17:46:05,754] {taskinstance.py:1415} INFO - Marking task as SUCCESS. dag_id=orchestration, task_id=task_2, execution_date=20230107T000000, start_date=20230205T224603, end_date=20230205T224605
[2023-02-05 17:46:05,776] {local_task_job.py:156} INFO - Task exited with return code 0
[2023-02-05 17:46:05,824] {local_task_job.py:273} INFO - 2 downstream tasks scheduled from follow-on schedule check
[2023-02-05 17:57:06,615] {taskinstance.py:1179} INFO - Dependencies all met for <TaskInstance: orchestration.task_2 scheduled__2023-01-07T00:00:00+00:00 [queued]>
[2023-02-05 17:57:06,629] {taskinstance.py:1179} INFO - Dependencies all met for <TaskInstance: orchestration.task_2 scheduled__2023-01-07T00:00:00+00:00 [queued]>
[2023-02-05 17:57:06,629] {taskinstance.py:1376} INFO - 
--------------------------------------------------------------------------------
[2023-02-05 17:57:06,629] {taskinstance.py:1377} INFO - Starting attempt 1 of 1
[2023-02-05 17:57:06,629] {taskinstance.py:1378} INFO - 
--------------------------------------------------------------------------------
[2023-02-05 17:57:06,652] {taskinstance.py:1397} INFO - Executing <Task(BashOperator): task_2> on 2023-01-07 00:00:00+00:00
[2023-02-05 17:57:06,655] {standard_task_runner.py:52} INFO - Started process 30620 to run task
[2023-02-05 17:57:06,660] {standard_task_runner.py:79} INFO - Running: ['airflow', 'tasks', 'run', 'orchestration', 'task_2', 'scheduled__2023-01-07T00:00:00+00:00', '--job-id', '76', '--raw', '--subdir', 'DAGS_FOLDER/5_orchestration_2.py', '--cfg-path', '/tmp/tmpbhiibp_h', '--error-file', '/tmp/tmpvmyl0a_q']
[2023-02-05 17:57:06,661] {standard_task_runner.py:80} INFO - Job 76: Subtask task_2
[2023-02-05 17:57:06,737] {task_command.py:371} INFO - Running <TaskInstance: orchestration.task_2 scheduled__2023-01-07T00:00:00+00:00 [running]> on host pc.
[2023-02-05 17:57:06,822] {taskinstance.py:1589} INFO - Exporting the following env vars:
AIRFLOW_CTX_DAG_OWNER=airflow
AIRFLOW_CTX_DAG_ID=orchestration
AIRFLOW_CTX_TASK_ID=task_2
AIRFLOW_CTX_EXECUTION_DATE=2023-01-07T00:00:00+00:00
AIRFLOW_CTX_TRY_NUMBER=1
AIRFLOW_CTX_DAG_RUN_ID=scheduled__2023-01-07T00:00:00+00:00
[2023-02-05 17:57:06,824] {subprocess.py:62} INFO - Tmp dir root location: 
 /tmp
[2023-02-05 17:57:06,824] {subprocess.py:74} INFO - Running command: ['bash', '-c', "sleep 1 && echo 'Task_2'"]
[2023-02-05 17:57:06,832] {subprocess.py:85} INFO - Output:
[2023-02-05 17:57:07,835] {subprocess.py:92} INFO - Task_2
[2023-02-05 17:57:07,835] {subprocess.py:96} INFO - Command exited with return code 0
[2023-02-05 17:57:07,864] {taskinstance.py:1415} INFO - Marking task as SUCCESS. dag_id=orchestration, task_id=task_2, execution_date=20230107T000000, start_date=20230205T225706, end_date=20230205T225707
[2023-02-05 17:57:07,916] {local_task_job.py:156} INFO - Task exited with return code 0
[2023-02-05 17:57:07,977] {local_task_job.py:273} INFO - 2 downstream tasks scheduled from follow-on schedule check
