[2023-02-08 00:12:39,645] {taskinstance.py:1179} INFO - Dependencies all met for <TaskInstance: 09_Xcoms.task_2_pull scheduled__2022-12-17T00:00:00+00:00 [queued]>
[2023-02-08 00:12:39,669] {taskinstance.py:1179} INFO - Dependencies all met for <TaskInstance: 09_Xcoms.task_2_pull scheduled__2022-12-17T00:00:00+00:00 [queued]>
[2023-02-08 00:12:39,669] {taskinstance.py:1376} INFO - 
--------------------------------------------------------------------------------
[2023-02-08 00:12:39,670] {taskinstance.py:1377} INFO - Starting attempt 1 of 1
[2023-02-08 00:12:39,670] {taskinstance.py:1378} INFO - 
--------------------------------------------------------------------------------
[2023-02-08 00:12:39,702] {taskinstance.py:1397} INFO - Executing <Task(BashOperator): task_2_pull> on 2022-12-17 00:00:00+00:00
[2023-02-08 00:12:39,706] {standard_task_runner.py:52} INFO - Started process 51714 to run task
[2023-02-08 00:12:39,721] {standard_task_runner.py:79} INFO - Running: ['airflow', 'tasks', 'run', '09_Xcoms', 'task_2_pull', 'scheduled__2022-12-17T00:00:00+00:00', '--job-id', '1122', '--raw', '--subdir', 'DAGS_FOLDER/09_xcoms.py', '--cfg-path', '/tmp/tmp4g15b4b4', '--error-file', '/tmp/tmpiwoin36z']
[2023-02-08 00:12:39,727] {standard_task_runner.py:80} INFO - Job 1122: Subtask task_2_pull
[2023-02-08 00:12:39,867] {task_command.py:371} INFO - Running <TaskInstance: 09_Xcoms.task_2_pull scheduled__2022-12-17T00:00:00+00:00 [running]> on host pc.
[2023-02-08 00:12:39,979] {taskinstance.py:1589} INFO - Exporting the following env vars:
AIRFLOW_CTX_DAG_OWNER=airflow
AIRFLOW_CTX_DAG_ID=09_Xcoms
AIRFLOW_CTX_TASK_ID=task_2_pull
AIRFLOW_CTX_EXECUTION_DATE=2022-12-17T00:00:00+00:00
AIRFLOW_CTX_TRY_NUMBER=1
AIRFLOW_CTX_DAG_RUN_ID=scheduled__2022-12-17T00:00:00+00:00
[2023-02-08 00:12:39,981] {subprocess.py:62} INFO - Tmp dir root location: 
 /tmp
[2023-02-08 00:12:39,981] {subprocess.py:74} INFO - Running command: ['bash', '-c', 'sleep 3 && echo 15']
[2023-02-08 00:12:39,991] {subprocess.py:85} INFO - Output:
[2023-02-08 00:12:42,994] {subprocess.py:92} INFO - 15
[2023-02-08 00:12:42,994] {subprocess.py:96} INFO - Command exited with return code 0
[2023-02-08 00:12:43,044] {taskinstance.py:1415} INFO - Marking task as SUCCESS. dag_id=09_Xcoms, task_id=task_2_pull, execution_date=20221217T000000, start_date=20230208T051239, end_date=20230208T051243
[2023-02-08 00:12:43,075] {local_task_job.py:156} INFO - Task exited with return code 0
[2023-02-08 00:12:43,103] {local_task_job.py:273} INFO - 0 downstream tasks scheduled from follow-on schedule check
