[2023-02-05 23:40:42,057] {taskinstance.py:1179} INFO - Dependencies all met for <TaskInstance: 06_monitoring_trigger_rules.task_3 scheduled__2022-11-14T00:00:00+00:00 [queued]>
[2023-02-05 23:40:42,066] {taskinstance.py:1179} INFO - Dependencies all met for <TaskInstance: 06_monitoring_trigger_rules.task_3 scheduled__2022-11-14T00:00:00+00:00 [queued]>
[2023-02-05 23:40:42,066] {taskinstance.py:1376} INFO - 
--------------------------------------------------------------------------------
[2023-02-05 23:40:42,067] {taskinstance.py:1377} INFO - Starting attempt 1 of 3
[2023-02-05 23:40:42,067] {taskinstance.py:1378} INFO - 
--------------------------------------------------------------------------------
[2023-02-05 23:40:42,087] {taskinstance.py:1397} INFO - Executing <Task(BashOperator): task_3> on 2022-11-14 00:00:00+00:00
[2023-02-05 23:40:42,090] {standard_task_runner.py:52} INFO - Started process 39624 to run task
[2023-02-05 23:40:42,095] {standard_task_runner.py:79} INFO - Running: ['airflow', 'tasks', 'run', '06_monitoring_trigger_rules', 'task_3', 'scheduled__2022-11-14T00:00:00+00:00', '--job-id', '354', '--raw', '--subdir', 'DAGS_FOLDER/06.2_monitoring_trigger_rules.py', '--cfg-path', '/tmp/tmphtzxi95b', '--error-file', '/tmp/tmpfjm9dpjn']
[2023-02-05 23:40:42,097] {standard_task_runner.py:80} INFO - Job 354: Subtask task_3
[2023-02-05 23:40:42,172] {task_command.py:371} INFO - Running <TaskInstance: 06_monitoring_trigger_rules.task_3 scheduled__2022-11-14T00:00:00+00:00 [running]> on host pc.
[2023-02-05 23:40:42,256] {taskinstance.py:1589} INFO - Exporting the following env vars:
AIRFLOW_CTX_DAG_OWNER=airflow
AIRFLOW_CTX_DAG_ID=06_monitoring_trigger_rules
AIRFLOW_CTX_TASK_ID=task_3
AIRFLOW_CTX_EXECUTION_DATE=2022-11-14T00:00:00+00:00
AIRFLOW_CTX_TRY_NUMBER=1
AIRFLOW_CTX_DAG_RUN_ID=scheduled__2022-11-14T00:00:00+00:00
[2023-02-05 23:40:42,257] {subprocess.py:62} INFO - Tmp dir root location: 
 /tmp
[2023-02-05 23:40:42,258] {subprocess.py:74} INFO - Running command: ['bash', '-c', "sleep 2 && echo 'Third task!'"]
[2023-02-05 23:40:42,265] {subprocess.py:85} INFO - Output:
[2023-02-05 23:40:44,268] {subprocess.py:92} INFO - Third task!
[2023-02-05 23:40:44,268] {subprocess.py:96} INFO - Command exited with return code 0
[2023-02-05 23:40:44,296] {taskinstance.py:1415} INFO - Marking task as SUCCESS. dag_id=06_monitoring_trigger_rules, task_id=task_3, execution_date=20221114T000000, start_date=20230206T044042, end_date=20230206T044044
[2023-02-05 23:40:44,354] {local_task_job.py:156} INFO - Task exited with return code 0
[2023-02-05 23:40:44,407] {local_task_job.py:273} INFO - 1 downstream tasks scheduled from follow-on schedule check
