[2023-02-07 17:30:46,366] {taskinstance.py:1179} INFO - Dependencies all met for <TaskInstance: 07.2_external_task_sensor.waiting_dag scheduled__2022-11-01T00:00:00+00:00 [queued]>
[2023-02-07 17:30:46,375] {taskinstance.py:1179} INFO - Dependencies all met for <TaskInstance: 07.2_external_task_sensor.waiting_dag scheduled__2022-11-01T00:00:00+00:00 [queued]>
[2023-02-07 17:30:46,375] {taskinstance.py:1376} INFO - 
--------------------------------------------------------------------------------
[2023-02-07 17:30:46,376] {taskinstance.py:1377} INFO - Starting attempt 1 of 1
[2023-02-07 17:30:46,376] {taskinstance.py:1378} INFO - 
--------------------------------------------------------------------------------
[2023-02-07 17:30:46,397] {taskinstance.py:1397} INFO - Executing <Task(ExternalTaskSensor): waiting_dag> on 2022-11-01 00:00:00+00:00
[2023-02-07 17:30:46,400] {standard_task_runner.py:52} INFO - Started process 23871 to run task
[2023-02-07 17:30:46,406] {standard_task_runner.py:79} INFO - Running: ['airflow', 'tasks', 'run', '07.2_external_task_sensor', 'waiting_dag', 'scheduled__2022-11-01T00:00:00+00:00', '--job-id', '406', '--raw', '--subdir', 'DAGS_FOLDER/07.1_external_task_sensor.py', '--cfg-path', '/tmp/tmpodnkfygw', '--error-file', '/tmp/tmppc7nqc_e']
[2023-02-07 17:30:46,407] {standard_task_runner.py:80} INFO - Job 406: Subtask waiting_dag
[2023-02-07 17:30:46,497] {task_command.py:371} INFO - Running <TaskInstance: 07.2_external_task_sensor.waiting_dag scheduled__2022-11-01T00:00:00+00:00 [running]> on host pc.
[2023-02-07 17:30:46,640] {taskinstance.py:1589} INFO - Exporting the following env vars:
AIRFLOW_CTX_DAG_OWNER=airflow
AIRFLOW_CTX_DAG_ID=07.2_external_task_sensor
AIRFLOW_CTX_TASK_ID=waiting_dag
AIRFLOW_CTX_EXECUTION_DATE=2022-11-01T00:00:00+00:00
AIRFLOW_CTX_TRY_NUMBER=1
AIRFLOW_CTX_DAG_RUN_ID=scheduled__2022-11-01T00:00:00+00:00
[2023-02-07 17:30:46,641] {external_task.py:184} INFO - Poking for tasks ['task_1'] in dag 07_external_task_sensor on 2022-11-01T00:00:00+00:00 ... 
[2023-02-07 17:30:56,661] {external_task.py:184} INFO - Poking for tasks ['task_1'] in dag 07_external_task_sensor on 2022-11-01T00:00:00+00:00 ... 
[2023-02-07 17:31:06,672] {external_task.py:184} INFO - Poking for tasks ['task_1'] in dag 07_external_task_sensor on 2022-11-01T00:00:00+00:00 ... 
[2023-02-07 17:31:16,682] {external_task.py:184} INFO - Poking for tasks ['task_1'] in dag 07_external_task_sensor on 2022-11-01T00:00:00+00:00 ... 
[2023-02-07 17:31:26,927] {external_task.py:184} INFO - Poking for tasks ['task_1'] in dag 07_external_task_sensor on 2022-11-01T00:00:00+00:00 ... 
[2023-02-07 17:31:36,936] {external_task.py:184} INFO - Poking for tasks ['task_1'] in dag 07_external_task_sensor on 2022-11-01T00:00:00+00:00 ... 
[2023-02-07 17:31:46,942] {external_task.py:184} INFO - Poking for tasks ['task_1'] in dag 07_external_task_sensor on 2022-11-01T00:00:00+00:00 ... 
[2023-02-07 17:31:56,955] {external_task.py:184} INFO - Poking for tasks ['task_1'] in dag 07_external_task_sensor on 2022-11-01T00:00:00+00:00 ... 
[2023-02-07 17:32:06,970] {external_task.py:184} INFO - Poking for tasks ['task_1'] in dag 07_external_task_sensor on 2022-11-01T00:00:00+00:00 ... 
[2023-02-07 17:32:16,982] {external_task.py:184} INFO - Poking for tasks ['task_1'] in dag 07_external_task_sensor on 2022-11-01T00:00:00+00:00 ... 
[2023-02-07 17:32:26,995] {external_task.py:184} INFO - Poking for tasks ['task_1'] in dag 07_external_task_sensor on 2022-11-01T00:00:00+00:00 ... 
[2023-02-07 17:32:37,009] {external_task.py:184} INFO - Poking for tasks ['task_1'] in dag 07_external_task_sensor on 2022-11-01T00:00:00+00:00 ... 
[2023-02-07 17:32:47,022] {external_task.py:184} INFO - Poking for tasks ['task_1'] in dag 07_external_task_sensor on 2022-11-01T00:00:00+00:00 ... 
[2023-02-07 17:32:57,032] {external_task.py:184} INFO - Poking for tasks ['task_1'] in dag 07_external_task_sensor on 2022-11-01T00:00:00+00:00 ... 
[2023-02-07 17:33:07,047] {external_task.py:184} INFO - Poking for tasks ['task_1'] in dag 07_external_task_sensor on 2022-11-01T00:00:00+00:00 ... 
[2023-02-07 17:33:17,052] {external_task.py:184} INFO - Poking for tasks ['task_1'] in dag 07_external_task_sensor on 2022-11-01T00:00:00+00:00 ... 
[2023-02-07 17:33:27,063] {external_task.py:184} INFO - Poking for tasks ['task_1'] in dag 07_external_task_sensor on 2022-11-01T00:00:00+00:00 ... 
[2023-02-07 17:33:37,078] {external_task.py:184} INFO - Poking for tasks ['task_1'] in dag 07_external_task_sensor on 2022-11-01T00:00:00+00:00 ... 
[2023-02-07 17:33:47,087] {external_task.py:184} INFO - Poking for tasks ['task_1'] in dag 07_external_task_sensor on 2022-11-01T00:00:00+00:00 ... 
[2023-02-07 17:33:57,098] {external_task.py:184} INFO - Poking for tasks ['task_1'] in dag 07_external_task_sensor on 2022-11-01T00:00:00+00:00 ... 
[2023-02-07 17:34:07,111] {external_task.py:184} INFO - Poking for tasks ['task_1'] in dag 07_external_task_sensor on 2022-11-01T00:00:00+00:00 ... 
[2023-02-07 17:34:17,125] {external_task.py:184} INFO - Poking for tasks ['task_1'] in dag 07_external_task_sensor on 2022-11-01T00:00:00+00:00 ... 
[2023-02-07 17:34:27,136] {external_task.py:184} INFO - Poking for tasks ['task_1'] in dag 07_external_task_sensor on 2022-11-01T00:00:00+00:00 ... 
[2023-02-07 17:34:37,142] {external_task.py:184} INFO - Poking for tasks ['task_1'] in dag 07_external_task_sensor on 2022-11-01T00:00:00+00:00 ... 
[2023-02-07 17:34:47,152] {external_task.py:184} INFO - Poking for tasks ['task_1'] in dag 07_external_task_sensor on 2022-11-01T00:00:00+00:00 ... 
[2023-02-07 17:34:57,161] {external_task.py:184} INFO - Poking for tasks ['task_1'] in dag 07_external_task_sensor on 2022-11-01T00:00:00+00:00 ... 
[2023-02-07 17:35:07,176] {external_task.py:184} INFO - Poking for tasks ['task_1'] in dag 07_external_task_sensor on 2022-11-01T00:00:00+00:00 ... 
[2023-02-07 17:35:17,187] {external_task.py:184} INFO - Poking for tasks ['task_1'] in dag 07_external_task_sensor on 2022-11-01T00:00:00+00:00 ... 
[2023-02-07 17:35:27,192] {external_task.py:184} INFO - Poking for tasks ['task_1'] in dag 07_external_task_sensor on 2022-11-01T00:00:00+00:00 ... 
[2023-02-07 17:35:37,203] {external_task.py:184} INFO - Poking for tasks ['task_1'] in dag 07_external_task_sensor on 2022-11-01T00:00:00+00:00 ... 
[2023-02-07 17:35:47,222] {external_task.py:184} INFO - Poking for tasks ['task_1'] in dag 07_external_task_sensor on 2022-11-01T00:00:00+00:00 ... 
[2023-02-07 17:35:57,237] {external_task.py:184} INFO - Poking for tasks ['task_1'] in dag 07_external_task_sensor on 2022-11-01T00:00:00+00:00 ... 
[2023-02-07 17:36:07,250] {external_task.py:184} INFO - Poking for tasks ['task_1'] in dag 07_external_task_sensor on 2022-11-01T00:00:00+00:00 ... 
[2023-02-07 17:36:17,257] {external_task.py:184} INFO - Poking for tasks ['task_1'] in dag 07_external_task_sensor on 2022-11-01T00:00:00+00:00 ... 
[2023-02-07 17:36:27,271] {external_task.py:184} INFO - Poking for tasks ['task_1'] in dag 07_external_task_sensor on 2022-11-01T00:00:00+00:00 ... 
[2023-02-07 17:36:37,286] {external_task.py:184} INFO - Poking for tasks ['task_1'] in dag 07_external_task_sensor on 2022-11-01T00:00:00+00:00 ... 
[2023-02-07 17:36:47,296] {external_task.py:184} INFO - Poking for tasks ['task_1'] in dag 07_external_task_sensor on 2022-11-01T00:00:00+00:00 ... 
[2023-02-07 17:36:57,311] {external_task.py:184} INFO - Poking for tasks ['task_1'] in dag 07_external_task_sensor on 2022-11-01T00:00:00+00:00 ... 
[2023-02-07 17:37:07,326] {external_task.py:184} INFO - Poking for tasks ['task_1'] in dag 07_external_task_sensor on 2022-11-01T00:00:00+00:00 ... 
[2023-02-07 17:37:17,334] {external_task.py:184} INFO - Poking for tasks ['task_1'] in dag 07_external_task_sensor on 2022-11-01T00:00:00+00:00 ... 
[2023-02-07 17:37:27,349] {external_task.py:184} INFO - Poking for tasks ['task_1'] in dag 07_external_task_sensor on 2022-11-01T00:00:00+00:00 ... 
[2023-02-07 17:37:37,363] {external_task.py:184} INFO - Poking for tasks ['task_1'] in dag 07_external_task_sensor on 2022-11-01T00:00:00+00:00 ... 
[2023-02-07 17:37:47,370] {external_task.py:184} INFO - Poking for tasks ['task_1'] in dag 07_external_task_sensor on 2022-11-01T00:00:00+00:00 ... 
[2023-02-07 17:37:57,382] {external_task.py:184} INFO - Poking for tasks ['task_1'] in dag 07_external_task_sensor on 2022-11-01T00:00:00+00:00 ... 
[2023-02-07 17:38:07,389] {external_task.py:184} INFO - Poking for tasks ['task_1'] in dag 07_external_task_sensor on 2022-11-01T00:00:00+00:00 ... 
[2023-02-07 17:38:17,403] {external_task.py:184} INFO - Poking for tasks ['task_1'] in dag 07_external_task_sensor on 2022-11-01T00:00:00+00:00 ... 
[2023-02-07 17:38:27,423] {external_task.py:184} INFO - Poking for tasks ['task_1'] in dag 07_external_task_sensor on 2022-11-01T00:00:00+00:00 ... 
[2023-02-07 17:38:37,429] {external_task.py:184} INFO - Poking for tasks ['task_1'] in dag 07_external_task_sensor on 2022-11-01T00:00:00+00:00 ... 
[2023-02-07 17:38:47,440] {external_task.py:184} INFO - Poking for tasks ['task_1'] in dag 07_external_task_sensor on 2022-11-01T00:00:00+00:00 ... 
[2023-02-07 17:38:57,455] {external_task.py:184} INFO - Poking for tasks ['task_1'] in dag 07_external_task_sensor on 2022-11-01T00:00:00+00:00 ... 
[2023-02-07 17:39:07,470] {external_task.py:184} INFO - Poking for tasks ['task_1'] in dag 07_external_task_sensor on 2022-11-01T00:00:00+00:00 ... 
[2023-02-07 17:39:17,483] {external_task.py:184} INFO - Poking for tasks ['task_1'] in dag 07_external_task_sensor on 2022-11-01T00:00:00+00:00 ... 
[2023-02-07 17:39:27,497] {external_task.py:184} INFO - Poking for tasks ['task_1'] in dag 07_external_task_sensor on 2022-11-01T00:00:00+00:00 ... 
[2023-02-07 17:39:37,504] {external_task.py:184} INFO - Poking for tasks ['task_1'] in dag 07_external_task_sensor on 2022-11-01T00:00:00+00:00 ... 
[2023-02-07 17:39:47,519] {external_task.py:184} INFO - Poking for tasks ['task_1'] in dag 07_external_task_sensor on 2022-11-01T00:00:00+00:00 ... 
[2023-02-07 17:39:57,534] {external_task.py:184} INFO - Poking for tasks ['task_1'] in dag 07_external_task_sensor on 2022-11-01T00:00:00+00:00 ... 
[2023-02-07 17:40:07,543] {external_task.py:184} INFO - Poking for tasks ['task_1'] in dag 07_external_task_sensor on 2022-11-01T00:00:00+00:00 ... 
[2023-02-07 17:40:17,561] {external_task.py:184} INFO - Poking for tasks ['task_1'] in dag 07_external_task_sensor on 2022-11-01T00:00:00+00:00 ... 
[2023-02-07 17:40:27,570] {external_task.py:184} INFO - Poking for tasks ['task_1'] in dag 07_external_task_sensor on 2022-11-01T00:00:00+00:00 ... 
[2023-02-07 17:40:37,581] {external_task.py:184} INFO - Poking for tasks ['task_1'] in dag 07_external_task_sensor on 2022-11-01T00:00:00+00:00 ... 
[2023-02-07 17:40:47,596] {external_task.py:184} INFO - Poking for tasks ['task_1'] in dag 07_external_task_sensor on 2022-11-01T00:00:00+00:00 ... 
[2023-02-07 17:40:57,610] {external_task.py:184} INFO - Poking for tasks ['task_1'] in dag 07_external_task_sensor on 2022-11-01T00:00:00+00:00 ... 
[2023-02-07 17:41:07,623] {external_task.py:184} INFO - Poking for tasks ['task_1'] in dag 07_external_task_sensor on 2022-11-01T00:00:00+00:00 ... 
[2023-02-07 17:41:17,633] {external_task.py:184} INFO - Poking for tasks ['task_1'] in dag 07_external_task_sensor on 2022-11-01T00:00:00+00:00 ... 
[2023-02-07 17:41:27,645] {external_task.py:184} INFO - Poking for tasks ['task_1'] in dag 07_external_task_sensor on 2022-11-01T00:00:00+00:00 ... 
[2023-02-07 17:41:37,652] {external_task.py:184} INFO - Poking for tasks ['task_1'] in dag 07_external_task_sensor on 2022-11-01T00:00:00+00:00 ... 
[2023-02-07 17:41:47,662] {external_task.py:184} INFO - Poking for tasks ['task_1'] in dag 07_external_task_sensor on 2022-11-01T00:00:00+00:00 ... 
[2023-02-07 17:41:57,674] {external_task.py:184} INFO - Poking for tasks ['task_1'] in dag 07_external_task_sensor on 2022-11-01T00:00:00+00:00 ... 
[2023-02-07 17:42:07,688] {external_task.py:184} INFO - Poking for tasks ['task_1'] in dag 07_external_task_sensor on 2022-11-01T00:00:00+00:00 ... 
[2023-02-07 17:42:17,701] {external_task.py:184} INFO - Poking for tasks ['task_1'] in dag 07_external_task_sensor on 2022-11-01T00:00:00+00:00 ... 
[2023-02-07 17:42:27,715] {external_task.py:184} INFO - Poking for tasks ['task_1'] in dag 07_external_task_sensor on 2022-11-01T00:00:00+00:00 ... 
[2023-02-07 17:42:37,730] {external_task.py:184} INFO - Poking for tasks ['task_1'] in dag 07_external_task_sensor on 2022-11-01T00:00:00+00:00 ... 
[2023-02-07 17:42:47,737] {external_task.py:184} INFO - Poking for tasks ['task_1'] in dag 07_external_task_sensor on 2022-11-01T00:00:00+00:00 ... 
[2023-02-07 17:42:57,752] {external_task.py:184} INFO - Poking for tasks ['task_1'] in dag 07_external_task_sensor on 2022-11-01T00:00:00+00:00 ... 
[2023-02-07 17:43:07,762] {external_task.py:184} INFO - Poking for tasks ['task_1'] in dag 07_external_task_sensor on 2022-11-01T00:00:00+00:00 ... 
[2023-02-07 17:43:17,777] {external_task.py:184} INFO - Poking for tasks ['task_1'] in dag 07_external_task_sensor on 2022-11-01T00:00:00+00:00 ... 
[2023-02-07 17:43:27,791] {external_task.py:184} INFO - Poking for tasks ['task_1'] in dag 07_external_task_sensor on 2022-11-01T00:00:00+00:00 ... 
[2023-02-07 17:43:37,800] {external_task.py:184} INFO - Poking for tasks ['task_1'] in dag 07_external_task_sensor on 2022-11-01T00:00:00+00:00 ... 
[2023-02-07 17:43:47,815] {external_task.py:184} INFO - Poking for tasks ['task_1'] in dag 07_external_task_sensor on 2022-11-01T00:00:00+00:00 ... 
[2023-02-07 17:43:57,822] {external_task.py:184} INFO - Poking for tasks ['task_1'] in dag 07_external_task_sensor on 2022-11-01T00:00:00+00:00 ... 
[2023-02-07 17:44:07,838] {external_task.py:184} INFO - Poking for tasks ['task_1'] in dag 07_external_task_sensor on 2022-11-01T00:00:00+00:00 ... 
[2023-02-07 17:44:17,846] {external_task.py:184} INFO - Poking for tasks ['task_1'] in dag 07_external_task_sensor on 2022-11-01T00:00:00+00:00 ... 
[2023-02-07 17:44:27,861] {external_task.py:184} INFO - Poking for tasks ['task_1'] in dag 07_external_task_sensor on 2022-11-01T00:00:00+00:00 ... 
[2023-02-07 17:44:37,872] {external_task.py:184} INFO - Poking for tasks ['task_1'] in dag 07_external_task_sensor on 2022-11-01T00:00:00+00:00 ... 
[2023-02-07 17:44:47,882] {external_task.py:184} INFO - Poking for tasks ['task_1'] in dag 07_external_task_sensor on 2022-11-01T00:00:00+00:00 ... 
[2023-02-07 17:44:57,892] {external_task.py:184} INFO - Poking for tasks ['task_1'] in dag 07_external_task_sensor on 2022-11-01T00:00:00+00:00 ... 
[2023-02-07 17:45:07,907] {external_task.py:184} INFO - Poking for tasks ['task_1'] in dag 07_external_task_sensor on 2022-11-01T00:00:00+00:00 ... 
[2023-02-07 17:45:17,918] {external_task.py:184} INFO - Poking for tasks ['task_1'] in dag 07_external_task_sensor on 2022-11-01T00:00:00+00:00 ... 
[2023-02-07 17:45:27,925] {external_task.py:184} INFO - Poking for tasks ['task_1'] in dag 07_external_task_sensor on 2022-11-01T00:00:00+00:00 ... 
[2023-02-07 17:45:37,934] {external_task.py:184} INFO - Poking for tasks ['task_1'] in dag 07_external_task_sensor on 2022-11-01T00:00:00+00:00 ... 
[2023-02-07 17:45:47,945] {external_task.py:184} INFO - Poking for tasks ['task_1'] in dag 07_external_task_sensor on 2022-11-01T00:00:00+00:00 ... 
[2023-02-07 17:45:57,952] {external_task.py:184} INFO - Poking for tasks ['task_1'] in dag 07_external_task_sensor on 2022-11-01T00:00:00+00:00 ... 
[2023-02-07 17:46:08,000] {external_task.py:184} INFO - Poking for tasks ['task_1'] in dag 07_external_task_sensor on 2022-11-01T00:00:00+00:00 ... 
[2023-02-07 17:46:18,032] {external_task.py:184} INFO - Poking for tasks ['task_1'] in dag 07_external_task_sensor on 2022-11-01T00:00:00+00:00 ... 
[2023-02-07 17:46:28,043] {external_task.py:184} INFO - Poking for tasks ['task_1'] in dag 07_external_task_sensor on 2022-11-01T00:00:00+00:00 ... 
[2023-02-07 17:46:38,091] {external_task.py:184} INFO - Poking for tasks ['task_1'] in dag 07_external_task_sensor on 2022-11-01T00:00:00+00:00 ... 
[2023-02-07 17:46:48,102] {external_task.py:184} INFO - Poking for tasks ['task_1'] in dag 07_external_task_sensor on 2022-11-01T00:00:00+00:00 ... 
[2023-02-07 17:46:58,114] {external_task.py:184} INFO - Poking for tasks ['task_1'] in dag 07_external_task_sensor on 2022-11-01T00:00:00+00:00 ... 
[2023-02-07 17:47:08,128] {external_task.py:184} INFO - Poking for tasks ['task_1'] in dag 07_external_task_sensor on 2022-11-01T00:00:00+00:00 ... 
[2023-02-07 17:47:18,142] {external_task.py:184} INFO - Poking for tasks ['task_1'] in dag 07_external_task_sensor on 2022-11-01T00:00:00+00:00 ... 
[2023-02-07 17:47:28,152] {external_task.py:184} INFO - Poking for tasks ['task_1'] in dag 07_external_task_sensor on 2022-11-01T00:00:00+00:00 ... 
[2023-02-07 17:47:40,599] {external_task.py:184} INFO - Poking for tasks ['task_1'] in dag 07_external_task_sensor on 2022-11-01T00:00:00+00:00 ... 
[2023-02-07 17:47:50,610] {external_task.py:184} INFO - Poking for tasks ['task_1'] in dag 07_external_task_sensor on 2022-11-01T00:00:00+00:00 ... 
[2023-02-07 17:48:00,619] {external_task.py:184} INFO - Poking for tasks ['task_1'] in dag 07_external_task_sensor on 2022-11-01T00:00:00+00:00 ... 
[2023-02-07 17:48:10,629] {external_task.py:184} INFO - Poking for tasks ['task_1'] in dag 07_external_task_sensor on 2022-11-01T00:00:00+00:00 ... 
[2023-02-07 17:48:20,634] {external_task.py:184} INFO - Poking for tasks ['task_1'] in dag 07_external_task_sensor on 2022-11-01T00:00:00+00:00 ... 
[2023-02-07 17:48:30,641] {external_task.py:184} INFO - Poking for tasks ['task_1'] in dag 07_external_task_sensor on 2022-11-01T00:00:00+00:00 ... 
[2023-02-07 17:48:42,585] {external_task.py:184} INFO - Poking for tasks ['task_1'] in dag 07_external_task_sensor on 2022-11-01T00:00:00+00:00 ... 
[2023-02-07 17:48:52,623] {external_task.py:184} INFO - Poking for tasks ['task_1'] in dag 07_external_task_sensor on 2022-11-01T00:00:00+00:00 ... 
[2023-02-07 17:49:02,711] {external_task.py:184} INFO - Poking for tasks ['task_1'] in dag 07_external_task_sensor on 2022-11-01T00:00:00+00:00 ... 
[2023-02-07 17:49:12,721] {external_task.py:184} INFO - Poking for tasks ['task_1'] in dag 07_external_task_sensor on 2022-11-01T00:00:00+00:00 ... 
[2023-02-07 17:49:23,366] {external_task.py:184} INFO - Poking for tasks ['task_1'] in dag 07_external_task_sensor on 2022-11-01T00:00:00+00:00 ... 
[2023-02-07 17:49:34,912] {external_task.py:184} INFO - Poking for tasks ['task_1'] in dag 07_external_task_sensor on 2022-11-01T00:00:00+00:00 ... 
[2023-02-07 17:49:44,926] {external_task.py:184} INFO - Poking for tasks ['task_1'] in dag 07_external_task_sensor on 2022-11-01T00:00:00+00:00 ... 
[2023-02-07 17:49:54,940] {external_task.py:184} INFO - Poking for tasks ['task_1'] in dag 07_external_task_sensor on 2022-11-01T00:00:00+00:00 ... 
[2023-02-07 17:50:04,953] {external_task.py:184} INFO - Poking for tasks ['task_1'] in dag 07_external_task_sensor on 2022-11-01T00:00:00+00:00 ... 
[2023-02-07 17:50:14,965] {external_task.py:184} INFO - Poking for tasks ['task_1'] in dag 07_external_task_sensor on 2022-11-01T00:00:00+00:00 ... 
[2023-02-07 17:50:24,972] {external_task.py:184} INFO - Poking for tasks ['task_1'] in dag 07_external_task_sensor on 2022-11-01T00:00:00+00:00 ... 
[2023-02-07 17:50:34,987] {external_task.py:184} INFO - Poking for tasks ['task_1'] in dag 07_external_task_sensor on 2022-11-01T00:00:00+00:00 ... 
[2023-02-07 17:50:45,442] {external_task.py:184} INFO - Poking for tasks ['task_1'] in dag 07_external_task_sensor on 2022-11-01T00:00:00+00:00 ... 
[2023-02-07 17:50:55,453] {external_task.py:184} INFO - Poking for tasks ['task_1'] in dag 07_external_task_sensor on 2022-11-01T00:00:00+00:00 ... 
[2023-02-07 17:51:05,487] {external_task.py:184} INFO - Poking for tasks ['task_1'] in dag 07_external_task_sensor on 2022-11-01T00:00:00+00:00 ... 
[2023-02-07 17:51:15,495] {external_task.py:184} INFO - Poking for tasks ['task_1'] in dag 07_external_task_sensor on 2022-11-01T00:00:00+00:00 ... 
[2023-02-07 17:51:25,509] {external_task.py:184} INFO - Poking for tasks ['task_1'] in dag 07_external_task_sensor on 2022-11-01T00:00:00+00:00 ... 
[2023-02-07 17:51:35,521] {external_task.py:184} INFO - Poking for tasks ['task_1'] in dag 07_external_task_sensor on 2022-11-01T00:00:00+00:00 ... 
[2023-02-07 17:51:45,535] {external_task.py:184} INFO - Poking for tasks ['task_1'] in dag 07_external_task_sensor on 2022-11-01T00:00:00+00:00 ... 
[2023-02-07 17:51:55,544] {external_task.py:184} INFO - Poking for tasks ['task_1'] in dag 07_external_task_sensor on 2022-11-01T00:00:00+00:00 ... 
[2023-02-07 17:52:00,317] {local_task_job.py:220} WARNING - State of this instance has been externally set to restarting. Terminating instance.
[2023-02-07 17:52:00,321] {process_utils.py:125} INFO - Sending Signals.SIGTERM to group 23871. PIDs of all processes in the group: [23871]
[2023-02-07 17:52:00,321] {process_utils.py:80} INFO - Sending the signal Signals.SIGTERM to group 23871
[2023-02-07 17:52:00,321] {taskinstance.py:1561} ERROR - Received SIGTERM. Terminating subprocesses.
[2023-02-07 17:52:00,339] {taskinstance.py:1909} ERROR - Task failed with exception
Traceback (most recent call last):
  File "/home/milo/13-airflow/airflowhome/airflowenv/lib/python3.9/site-packages/airflow/sensors/base.py", line 299, in execute
    time.sleep(self._get_next_poke_interval(started_at, run_duration, try_number))
  File "/home/milo/13-airflow/airflowhome/airflowenv/lib/python3.9/site-packages/airflow/models/taskinstance.py", line 1563, in signal_handler
    raise AirflowException("Task received SIGTERM signal")
airflow.exceptions.AirflowException: Task received SIGTERM signal
[2023-02-07 17:52:00,344] {taskinstance.py:1415} INFO - Marking task as UP_FOR_RETRY. dag_id=07.2_external_task_sensor, task_id=waiting_dag, execution_date=20221101T000000, start_date=20230207T223046, end_date=20230207T225200
[2023-02-07 17:52:01,902] {standard_task_runner.py:92} ERROR - Failed to execute job 406 for task waiting_dag (Task received SIGTERM signal; 23871)
[2023-02-07 17:52:01,936] {process_utils.py:75} INFO - Process psutil.Process(pid=23871, status='terminated', exitcode=1, started='17:30:45') (23871) terminated with exit code 1
[2023-02-07 17:54:35,267] {taskinstance.py:1179} INFO - Dependencies all met for <TaskInstance: 07.2_external_task_sensor.waiting_dag scheduled__2022-11-01T00:00:00+00:00 [queued]>
[2023-02-07 17:54:35,278] {taskinstance.py:1179} INFO - Dependencies all met for <TaskInstance: 07.2_external_task_sensor.waiting_dag scheduled__2022-11-01T00:00:00+00:00 [queued]>
[2023-02-07 17:54:35,278] {taskinstance.py:1376} INFO - 
--------------------------------------------------------------------------------
[2023-02-07 17:54:35,278] {taskinstance.py:1377} INFO - Starting attempt 1 of 1
[2023-02-07 17:54:35,278] {taskinstance.py:1378} INFO - 
--------------------------------------------------------------------------------
[2023-02-07 17:54:35,298] {taskinstance.py:1397} INFO - Executing <Task(ExternalTaskSensor): waiting_dag> on 2022-11-01 00:00:00+00:00
[2023-02-07 17:54:35,301] {standard_task_runner.py:52} INFO - Started process 27310 to run task
[2023-02-07 17:54:35,307] {standard_task_runner.py:79} INFO - Running: ['airflow', 'tasks', 'run', '07.2_external_task_sensor', 'waiting_dag', 'scheduled__2022-11-01T00:00:00+00:00', '--job-id', '408', '--raw', '--subdir', 'DAGS_FOLDER/07.2_external_task_sensor.py', '--cfg-path', '/tmp/tmp_v8ys_00', '--error-file', '/tmp/tmpwg3qhzd_']
[2023-02-07 17:54:35,308] {standard_task_runner.py:80} INFO - Job 408: Subtask waiting_dag
[2023-02-07 17:54:35,406] {task_command.py:371} INFO - Running <TaskInstance: 07.2_external_task_sensor.waiting_dag scheduled__2022-11-01T00:00:00+00:00 [running]> on host pc.
[2023-02-07 17:54:35,519] {taskinstance.py:1589} INFO - Exporting the following env vars:
AIRFLOW_CTX_DAG_OWNER=airflow
AIRFLOW_CTX_DAG_ID=07.2_external_task_sensor
AIRFLOW_CTX_TASK_ID=waiting_dag
AIRFLOW_CTX_EXECUTION_DATE=2022-11-01T00:00:00+00:00
AIRFLOW_CTX_TRY_NUMBER=1
AIRFLOW_CTX_DAG_RUN_ID=scheduled__2022-11-01T00:00:00+00:00
[2023-02-07 17:54:35,520] {external_task.py:184} INFO - Poking for tasks ['task_1'] in dag 07_external_task_sensor on 2022-11-01T00:00:00+00:00 ... 
[2023-02-07 17:54:45,540] {external_task.py:184} INFO - Poking for tasks ['task_1'] in dag 07_external_task_sensor on 2022-11-01T00:00:00+00:00 ... 
[2023-02-07 17:54:55,554] {external_task.py:184} INFO - Poking for tasks ['task_1'] in dag 07_external_task_sensor on 2022-11-01T00:00:00+00:00 ... 
[2023-02-07 17:55:05,565] {external_task.py:184} INFO - Poking for tasks ['task_1'] in dag 07_external_task_sensor on 2022-11-01T00:00:00+00:00 ... 
[2023-02-07 17:55:15,578] {external_task.py:184} INFO - Poking for tasks ['task_1'] in dag 07_external_task_sensor on 2022-11-01T00:00:00+00:00 ... 
[2023-02-07 17:55:25,588] {external_task.py:184} INFO - Poking for tasks ['task_1'] in dag 07_external_task_sensor on 2022-11-01T00:00:00+00:00 ... 
[2023-02-07 17:55:35,602] {external_task.py:184} INFO - Poking for tasks ['task_1'] in dag 07_external_task_sensor on 2022-11-01T00:00:00+00:00 ... 
[2023-02-07 17:55:45,612] {external_task.py:184} INFO - Poking for tasks ['task_1'] in dag 07_external_task_sensor on 2022-11-01T00:00:00+00:00 ... 
[2023-02-07 17:55:55,624] {external_task.py:184} INFO - Poking for tasks ['task_1'] in dag 07_external_task_sensor on 2022-11-01T00:00:00+00:00 ... 
[2023-02-07 17:56:05,639] {external_task.py:184} INFO - Poking for tasks ['task_1'] in dag 07_external_task_sensor on 2022-11-01T00:00:00+00:00 ... 
[2023-02-07 17:56:15,648] {external_task.py:184} INFO - Poking for tasks ['task_1'] in dag 07_external_task_sensor on 2022-11-01T00:00:00+00:00 ... 
[2023-02-07 17:56:25,662] {external_task.py:184} INFO - Poking for tasks ['task_1'] in dag 07_external_task_sensor on 2022-11-01T00:00:00+00:00 ... 
[2023-02-07 17:56:35,677] {external_task.py:184} INFO - Poking for tasks ['task_1'] in dag 07_external_task_sensor on 2022-11-01T00:00:00+00:00 ... 
[2023-02-07 17:56:45,683] {external_task.py:184} INFO - Poking for tasks ['task_1'] in dag 07_external_task_sensor on 2022-11-01T00:00:00+00:00 ... 
[2023-02-07 17:56:46,550] {local_task_job.py:220} WARNING - State of this instance has been externally set to restarting. Terminating instance.
[2023-02-07 17:56:46,554] {process_utils.py:125} INFO - Sending Signals.SIGTERM to group 27310. PIDs of all processes in the group: [27310]
[2023-02-07 17:56:46,555] {process_utils.py:80} INFO - Sending the signal Signals.SIGTERM to group 27310
[2023-02-07 17:56:46,555] {taskinstance.py:1561} ERROR - Received SIGTERM. Terminating subprocesses.
[2023-02-07 17:56:46,564] {taskinstance.py:1909} ERROR - Task failed with exception
Traceback (most recent call last):
  File "/home/milo/13-airflow/airflowhome/airflowenv/lib/python3.9/site-packages/airflow/sensors/base.py", line 299, in execute
    time.sleep(self._get_next_poke_interval(started_at, run_duration, try_number))
  File "/home/milo/13-airflow/airflowhome/airflowenv/lib/python3.9/site-packages/airflow/models/taskinstance.py", line 1563, in signal_handler
    raise AirflowException("Task received SIGTERM signal")
airflow.exceptions.AirflowException: Task received SIGTERM signal
[2023-02-07 17:56:46,573] {taskinstance.py:1415} INFO - Marking task as UP_FOR_RETRY. dag_id=07.2_external_task_sensor, task_id=waiting_dag, execution_date=20221101T000000, start_date=20230207T225435, end_date=20230207T225646
[2023-02-07 17:56:46,596] {standard_task_runner.py:92} ERROR - Failed to execute job 408 for task waiting_dag (Task received SIGTERM signal; 27310)
[2023-02-07 17:56:46,608] {process_utils.py:75} INFO - Process psutil.Process(pid=27310, status='terminated', exitcode=1, started='17:54:34') (27310) terminated with exit code 1
[2023-02-07 18:27:46,884] {taskinstance.py:1179} INFO - Dependencies all met for <TaskInstance: 07.2_external_task_sensor.waiting_dag scheduled__2022-11-01T00:00:00+00:00 [queued]>
[2023-02-07 18:27:46,895] {taskinstance.py:1179} INFO - Dependencies all met for <TaskInstance: 07.2_external_task_sensor.waiting_dag scheduled__2022-11-01T00:00:00+00:00 [queued]>
[2023-02-07 18:27:46,895] {taskinstance.py:1376} INFO - 
--------------------------------------------------------------------------------
[2023-02-07 18:27:46,895] {taskinstance.py:1377} INFO - Starting attempt 1 of 1
[2023-02-07 18:27:46,895] {taskinstance.py:1378} INFO - 
--------------------------------------------------------------------------------
[2023-02-07 18:27:46,929] {taskinstance.py:1397} INFO - Executing <Task(ExternalTaskSensor): waiting_dag> on 2022-11-01 00:00:00+00:00
[2023-02-07 18:27:46,932] {standard_task_runner.py:52} INFO - Started process 32120 to run task
[2023-02-07 18:27:46,938] {standard_task_runner.py:79} INFO - Running: ['airflow', 'tasks', 'run', '07.2_external_task_sensor', 'waiting_dag', 'scheduled__2022-11-01T00:00:00+00:00', '--job-id', '440', '--raw', '--subdir', 'DAGS_FOLDER/07.2_external_task_sensor.py', '--cfg-path', '/tmp/tmptxm8oo8d', '--error-file', '/tmp/tmpmuwya544']
[2023-02-07 18:27:46,939] {standard_task_runner.py:80} INFO - Job 440: Subtask waiting_dag
[2023-02-07 18:27:47,019] {task_command.py:371} INFO - Running <TaskInstance: 07.2_external_task_sensor.waiting_dag scheduled__2022-11-01T00:00:00+00:00 [running]> on host pc.
[2023-02-07 18:27:47,120] {taskinstance.py:1589} INFO - Exporting the following env vars:
AIRFLOW_CTX_DAG_OWNER=airflow
AIRFLOW_CTX_DAG_ID=07.2_external_task_sensor
AIRFLOW_CTX_TASK_ID=waiting_dag
AIRFLOW_CTX_EXECUTION_DATE=2022-11-01T00:00:00+00:00
AIRFLOW_CTX_TRY_NUMBER=1
AIRFLOW_CTX_DAG_RUN_ID=scheduled__2022-11-01T00:00:00+00:00
[2023-02-07 18:27:47,126] {external_task.py:184} INFO - Poking for tasks ['external_task_1'] in dag 07.1_external_dag on 2022-11-01T00:00:00+00:00 ... 
[2023-02-07 18:28:07,153] {external_task.py:184} INFO - Poking for tasks ['external_task_1'] in dag 07.1_external_dag on 2022-11-01T00:00:00+00:00 ... 
[2023-02-07 18:28:27,166] {external_task.py:184} INFO - Poking for tasks ['external_task_1'] in dag 07.1_external_dag on 2022-11-01T00:00:00+00:00 ... 
[2023-02-07 18:28:47,192] {external_task.py:184} INFO - Poking for tasks ['external_task_1'] in dag 07.1_external_dag on 2022-11-01T00:00:00+00:00 ... 
[2023-02-07 18:29:07,217] {external_task.py:184} INFO - Poking for tasks ['external_task_1'] in dag 07.1_external_dag on 2022-11-01T00:00:00+00:00 ... 
[2023-02-07 18:29:27,242] {external_task.py:184} INFO - Poking for tasks ['external_task_1'] in dag 07.1_external_dag on 2022-11-01T00:00:00+00:00 ... 
[2023-02-07 18:29:47,252] {external_task.py:184} INFO - Poking for tasks ['external_task_1'] in dag 07.1_external_dag on 2022-11-01T00:00:00+00:00 ... 
[2023-02-07 18:30:07,266] {external_task.py:184} INFO - Poking for tasks ['external_task_1'] in dag 07.1_external_dag on 2022-11-01T00:00:00+00:00 ... 
[2023-02-07 18:30:27,282] {external_task.py:184} INFO - Poking for tasks ['external_task_1'] in dag 07.1_external_dag on 2022-11-01T00:00:00+00:00 ... 
[2023-02-07 18:30:47,308] {external_task.py:184} INFO - Poking for tasks ['external_task_1'] in dag 07.1_external_dag on 2022-11-01T00:00:00+00:00 ... 
[2023-02-07 18:31:07,333] {external_task.py:184} INFO - Poking for tasks ['external_task_1'] in dag 07.1_external_dag on 2022-11-01T00:00:00+00:00 ... 
[2023-02-07 18:31:27,352] {external_task.py:184} INFO - Poking for tasks ['external_task_1'] in dag 07.1_external_dag on 2022-11-01T00:00:00+00:00 ... 
[2023-02-07 18:31:47,373] {external_task.py:184} INFO - Poking for tasks ['external_task_1'] in dag 07.1_external_dag on 2022-11-01T00:00:00+00:00 ... 
[2023-02-07 18:32:07,396] {external_task.py:184} INFO - Poking for tasks ['external_task_1'] in dag 07.1_external_dag on 2022-11-01T00:00:00+00:00 ... 
[2023-02-07 18:32:27,404] {external_task.py:184} INFO - Poking for tasks ['external_task_1'] in dag 07.1_external_dag on 2022-11-01T00:00:00+00:00 ... 
[2023-02-07 18:32:47,413] {external_task.py:184} INFO - Poking for tasks ['external_task_1'] in dag 07.1_external_dag on 2022-11-01T00:00:00+00:00 ... 
[2023-02-07 18:33:07,432] {external_task.py:184} INFO - Poking for tasks ['external_task_1'] in dag 07.1_external_dag on 2022-11-01T00:00:00+00:00 ... 
[2023-02-07 18:33:27,451] {external_task.py:184} INFO - Poking for tasks ['external_task_1'] in dag 07.1_external_dag on 2022-11-01T00:00:00+00:00 ... 
[2023-02-07 18:33:47,459] {external_task.py:184} INFO - Poking for tasks ['external_task_1'] in dag 07.1_external_dag on 2022-11-01T00:00:00+00:00 ... 
[2023-02-07 18:33:55,406] {local_task_job.py:220} WARNING - State of this instance has been externally set to restarting. Terminating instance.
[2023-02-07 18:33:55,410] {process_utils.py:125} INFO - Sending Signals.SIGTERM to group 32120. PIDs of all processes in the group: [32120]
[2023-02-07 18:33:55,410] {process_utils.py:80} INFO - Sending the signal Signals.SIGTERM to group 32120
[2023-02-07 18:33:55,410] {taskinstance.py:1561} ERROR - Received SIGTERM. Terminating subprocesses.
[2023-02-07 18:33:55,420] {taskinstance.py:1909} ERROR - Task failed with exception
Traceback (most recent call last):
  File "/home/milo/13-airflow/airflowhome/airflowenv/lib/python3.9/site-packages/airflow/sensors/base.py", line 299, in execute
    time.sleep(self._get_next_poke_interval(started_at, run_duration, try_number))
  File "/home/milo/13-airflow/airflowhome/airflowenv/lib/python3.9/site-packages/airflow/models/taskinstance.py", line 1563, in signal_handler
    raise AirflowException("Task received SIGTERM signal")
airflow.exceptions.AirflowException: Task received SIGTERM signal
[2023-02-07 18:33:55,424] {taskinstance.py:1415} INFO - Marking task as UP_FOR_RETRY. dag_id=07.2_external_task_sensor, task_id=waiting_dag, execution_date=20221101T000000, start_date=20230207T232746, end_date=20230207T233355
[2023-02-07 18:33:55,442] {standard_task_runner.py:92} ERROR - Failed to execute job 440 for task waiting_dag (Task received SIGTERM signal; 32120)
[2023-02-07 18:33:55,462] {process_utils.py:75} INFO - Process psutil.Process(pid=32120, status='terminated', exitcode=1, started='18:27:45') (32120) terminated with exit code 1
[2023-02-07 18:43:53,725] {taskinstance.py:1179} INFO - Dependencies all met for <TaskInstance: 07.2_external_task_sensor.waiting_dag scheduled__2022-11-01T00:00:00+00:00 [queued]>
[2023-02-07 18:43:53,735] {taskinstance.py:1179} INFO - Dependencies all met for <TaskInstance: 07.2_external_task_sensor.waiting_dag scheduled__2022-11-01T00:00:00+00:00 [queued]>
[2023-02-07 18:43:53,735] {taskinstance.py:1376} INFO - 
--------------------------------------------------------------------------------
[2023-02-07 18:43:53,735] {taskinstance.py:1377} INFO - Starting attempt 1 of 1
[2023-02-07 18:43:53,735] {taskinstance.py:1378} INFO - 
--------------------------------------------------------------------------------
[2023-02-07 18:43:53,758] {taskinstance.py:1397} INFO - Executing <Task(ExternalTaskSensor): waiting_dag> on 2022-11-01 00:00:00+00:00
[2023-02-07 18:43:53,761] {standard_task_runner.py:52} INFO - Started process 34606 to run task
[2023-02-07 18:43:53,767] {standard_task_runner.py:79} INFO - Running: ['airflow', 'tasks', 'run', '07.2_external_task_sensor', 'waiting_dag', 'scheduled__2022-11-01T00:00:00+00:00', '--job-id', '440', '--raw', '--subdir', 'DAGS_FOLDER/07.2_external_task_sensor.py', '--cfg-path', '/tmp/tmpo6clr136', '--error-file', '/tmp/tmpi6qm9nxl']
[2023-02-07 18:43:53,769] {standard_task_runner.py:80} INFO - Job 440: Subtask waiting_dag
[2023-02-07 18:43:53,845] {task_command.py:371} INFO - Running <TaskInstance: 07.2_external_task_sensor.waiting_dag scheduled__2022-11-01T00:00:00+00:00 [running]> on host pc.
[2023-02-07 18:43:53,929] {taskinstance.py:1589} INFO - Exporting the following env vars:
AIRFLOW_CTX_DAG_OWNER=airflow
AIRFLOW_CTX_DAG_ID=07.2_external_task_sensor
AIRFLOW_CTX_TASK_ID=waiting_dag
AIRFLOW_CTX_EXECUTION_DATE=2022-11-01T00:00:00+00:00
AIRFLOW_CTX_TRY_NUMBER=1
AIRFLOW_CTX_DAG_RUN_ID=scheduled__2022-11-01T00:00:00+00:00
[2023-02-07 18:43:53,930] {external_task.py:184} INFO - Poking for tasks ['external_task_1'] in dag 07.1_external_dag on 2022-11-01T00:00:00+00:00 ... 
[2023-02-07 18:44:13,940] {external_task.py:184} INFO - Poking for tasks ['external_task_1'] in dag 07.1_external_dag on 2022-11-01T00:00:00+00:00 ... 
[2023-02-07 18:44:33,953] {external_task.py:184} INFO - Poking for tasks ['external_task_1'] in dag 07.1_external_dag on 2022-11-01T00:00:00+00:00 ... 
[2023-02-07 18:44:53,963] {external_task.py:184} INFO - Poking for tasks ['external_task_1'] in dag 07.1_external_dag on 2022-11-01T00:00:00+00:00 ... 
[2023-02-07 18:45:13,972] {external_task.py:184} INFO - Poking for tasks ['external_task_1'] in dag 07.1_external_dag on 2022-11-01T00:00:00+00:00 ... 
[2023-02-07 18:45:33,997] {external_task.py:184} INFO - Poking for tasks ['external_task_1'] in dag 07.1_external_dag on 2022-11-01T00:00:00+00:00 ... 
[2023-02-07 18:45:54,017] {external_task.py:184} INFO - Poking for tasks ['external_task_1'] in dag 07.1_external_dag on 2022-11-01T00:00:00+00:00 ... 
[2023-02-07 18:46:14,038] {external_task.py:184} INFO - Poking for tasks ['external_task_1'] in dag 07.1_external_dag on 2022-11-01T00:00:00+00:00 ... 
[2023-02-07 18:46:34,044] {external_task.py:184} INFO - Poking for tasks ['external_task_1'] in dag 07.1_external_dag on 2022-11-01T00:00:00+00:00 ... 
[2023-02-07 18:46:54,062] {external_task.py:184} INFO - Poking for tasks ['external_task_1'] in dag 07.1_external_dag on 2022-11-01T00:00:00+00:00 ... 
[2023-02-07 18:47:14,077] {external_task.py:184} INFO - Poking for tasks ['external_task_1'] in dag 07.1_external_dag on 2022-11-01T00:00:00+00:00 ... 
[2023-02-07 18:47:34,093] {external_task.py:184} INFO - Poking for tasks ['external_task_1'] in dag 07.1_external_dag on 2022-11-01T00:00:00+00:00 ... 
[2023-02-07 18:47:54,107] {external_task.py:184} INFO - Poking for tasks ['external_task_1'] in dag 07.1_external_dag on 2022-11-01T00:00:00+00:00 ... 
[2023-02-07 18:48:14,123] {external_task.py:184} INFO - Poking for tasks ['external_task_1'] in dag 07.1_external_dag on 2022-11-01T00:00:00+00:00 ... 
[2023-02-07 18:48:34,148] {external_task.py:184} INFO - Poking for tasks ['external_task_1'] in dag 07.1_external_dag on 2022-11-01T00:00:00+00:00 ... 
[2023-02-07 18:48:54,173] {external_task.py:184} INFO - Poking for tasks ['external_task_1'] in dag 07.1_external_dag on 2022-11-01T00:00:00+00:00 ... 
[2023-02-07 18:49:14,195] {external_task.py:184} INFO - Poking for tasks ['external_task_1'] in dag 07.1_external_dag on 2022-11-01T00:00:00+00:00 ... 
[2023-02-07 18:49:34,214] {external_task.py:184} INFO - Poking for tasks ['external_task_1'] in dag 07.1_external_dag on 2022-11-01T00:00:00+00:00 ... 
[2023-02-07 18:49:54,226] {external_task.py:184} INFO - Poking for tasks ['external_task_1'] in dag 07.1_external_dag on 2022-11-01T00:00:00+00:00 ... 
[2023-02-07 18:49:59,527] {local_task_job.py:220} WARNING - State of this instance has been externally set to failed. Terminating instance.
[2023-02-07 18:49:59,532] {process_utils.py:125} INFO - Sending Signals.SIGTERM to group 34606. PIDs of all processes in the group: [34606]
[2023-02-07 18:49:59,532] {process_utils.py:80} INFO - Sending the signal Signals.SIGTERM to group 34606
[2023-02-07 18:49:59,533] {taskinstance.py:1561} ERROR - Received SIGTERM. Terminating subprocesses.
[2023-02-07 18:49:59,560] {process_utils.py:75} INFO - Process psutil.Process(pid=34606, status='terminated', exitcode=0, started='18:43:52') (34606) terminated with exit code 0
[2023-02-07 19:05:30,183] {taskinstance.py:1179} INFO - Dependencies all met for <TaskInstance: 07.2_external_task_sensor.waiting_dag scheduled__2022-11-01T00:00:00+00:00 [queued]>
[2023-02-07 19:05:30,197] {taskinstance.py:1179} INFO - Dependencies all met for <TaskInstance: 07.2_external_task_sensor.waiting_dag scheduled__2022-11-01T00:00:00+00:00 [queued]>
[2023-02-07 19:05:30,197] {taskinstance.py:1376} INFO - 
--------------------------------------------------------------------------------
[2023-02-07 19:05:30,197] {taskinstance.py:1377} INFO - Starting attempt 1 of 1
[2023-02-07 19:05:30,197] {taskinstance.py:1378} INFO - 
--------------------------------------------------------------------------------
[2023-02-07 19:05:30,221] {taskinstance.py:1397} INFO - Executing <Task(ExternalTaskSensor): waiting_dag> on 2022-11-01 00:00:00+00:00
[2023-02-07 19:05:30,227] {standard_task_runner.py:52} INFO - Started process 37704 to run task
[2023-02-07 19:05:30,232] {standard_task_runner.py:79} INFO - Running: ['airflow', 'tasks', 'run', '07.2_external_task_sensor', 'waiting_dag', 'scheduled__2022-11-01T00:00:00+00:00', '--job-id', '448', '--raw', '--subdir', 'DAGS_FOLDER/07.2_external_task_sensor.py', '--cfg-path', '/tmp/tmp0dmo9_cg', '--error-file', '/tmp/tmpdrn7mo0f']
[2023-02-07 19:05:30,235] {standard_task_runner.py:80} INFO - Job 448: Subtask waiting_dag
[2023-02-07 19:05:30,315] {task_command.py:371} INFO - Running <TaskInstance: 07.2_external_task_sensor.waiting_dag scheduled__2022-11-01T00:00:00+00:00 [running]> on host pc.
[2023-02-07 19:05:30,404] {taskinstance.py:1589} INFO - Exporting the following env vars:
AIRFLOW_CTX_DAG_OWNER=airflow
AIRFLOW_CTX_DAG_ID=07.2_external_task_sensor
AIRFLOW_CTX_TASK_ID=waiting_dag
AIRFLOW_CTX_EXECUTION_DATE=2022-11-01T00:00:00+00:00
AIRFLOW_CTX_TRY_NUMBER=1
AIRFLOW_CTX_DAG_RUN_ID=scheduled__2022-11-01T00:00:00+00:00
[2023-02-07 19:05:30,405] {external_task.py:184} INFO - Poking for tasks ['external_task_1'] in dag 07.1_external_dag on 2022-11-01T00:00:00+00:00 ... 
[2023-02-07 19:05:30,412] {base.py:301} INFO - Success criteria met. Exiting.
[2023-02-07 19:05:30,421] {taskinstance.py:1415} INFO - Marking task as SUCCESS. dag_id=07.2_external_task_sensor, task_id=waiting_dag, execution_date=20221101T000000, start_date=20230208T000530, end_date=20230208T000530
[2023-02-07 19:05:30,443] {local_task_job.py:156} INFO - Task exited with return code 0
[2023-02-07 19:05:30,498] {local_task_job.py:273} INFO - 1 downstream tasks scheduled from follow-on schedule check
