[2023-02-05 21:28:31,390] {taskinstance.py:1179} INFO - Dependencies all met for <TaskInstance: 06_monitoring.task_1 scheduled__2022-12-01T00:00:00+00:00 [queued]>
[2023-02-05 21:28:31,401] {taskinstance.py:1179} INFO - Dependencies all met for <TaskInstance: 06_monitoring.task_1 scheduled__2022-12-01T00:00:00+00:00 [queued]>
[2023-02-05 21:28:31,401] {taskinstance.py:1376} INFO - 
--------------------------------------------------------------------------------
[2023-02-05 21:28:31,401] {taskinstance.py:1377} INFO - Starting attempt 2 of 2
[2023-02-05 21:28:31,401] {taskinstance.py:1378} INFO - 
--------------------------------------------------------------------------------
[2023-02-05 21:28:31,425] {taskinstance.py:1397} INFO - Executing <Task(BashOperator): task_1> on 2022-12-01 00:00:00+00:00
[2023-02-05 21:28:31,429] {standard_task_runner.py:52} INFO - Started process 35854 to run task
[2023-02-05 21:28:31,434] {standard_task_runner.py:79} INFO - Running: ['airflow', 'tasks', 'run', '06_monitoring', 'task_1', 'scheduled__2022-12-01T00:00:00+00:00', '--job-id', '222', '--raw', '--subdir', 'DAGS_FOLDER/06_monitoring.py', '--cfg-path', '/tmp/tmpo0i1u51n', '--error-file', '/tmp/tmpsxxo3226']
[2023-02-05 21:28:31,435] {standard_task_runner.py:80} INFO - Job 222: Subtask task_1
[2023-02-05 21:28:31,515] {task_command.py:371} INFO - Running <TaskInstance: 06_monitoring.task_1 scheduled__2022-12-01T00:00:00+00:00 [running]> on host pc.
[2023-02-05 21:28:31,601] {taskinstance.py:1589} INFO - Exporting the following env vars:
AIRFLOW_CTX_DAG_OWNER=airflow
AIRFLOW_CTX_DAG_ID=06_monitoring
AIRFLOW_CTX_TASK_ID=task_1
AIRFLOW_CTX_EXECUTION_DATE=2022-12-01T00:00:00+00:00
AIRFLOW_CTX_TRY_NUMBER=2
AIRFLOW_CTX_DAG_RUN_ID=scheduled__2022-12-01T00:00:00+00:00
[2023-02-05 21:28:31,602] {subprocess.py:62} INFO - Tmp dir root location: 
 /tmp
[2023-02-05 21:28:31,603] {subprocess.py:74} INFO - Running command: ['bash', '-c', "sleep 2 && echo 'First task!'"]
[2023-02-05 21:28:31,616] {subprocess.py:85} INFO - Output:
[2023-02-05 21:28:33,618] {subprocess.py:92} INFO - First task!
[2023-02-05 21:28:33,618] {subprocess.py:96} INFO - Command exited with return code 0
[2023-02-05 21:28:33,653] {taskinstance.py:1415} INFO - Marking task as SUCCESS. dag_id=06_monitoring, task_id=task_1, execution_date=20221201T000000, start_date=20230206T022831, end_date=20230206T022833
[2023-02-05 21:28:33,694] {local_task_job.py:156} INFO - Task exited with return code 0
[2023-02-05 21:28:33,733] {local_task_job.py:273} INFO - 1 downstream tasks scheduled from follow-on schedule check
