[2023-02-08 00:37:22,286] {taskinstance.py:1179} INFO - Dependencies all met for <TaskInstance: 09_Xcoms.task_2_pull scheduled__2022-12-22T00:00:00+00:00 [queued]>
[2023-02-08 00:37:22,297] {taskinstance.py:1179} INFO - Dependencies all met for <TaskInstance: 09_Xcoms.task_2_pull scheduled__2022-12-22T00:00:00+00:00 [queued]>
[2023-02-08 00:37:22,298] {taskinstance.py:1376} INFO - 
--------------------------------------------------------------------------------
[2023-02-08 00:37:22,298] {taskinstance.py:1377} INFO - Starting attempt 4 of 4
[2023-02-08 00:37:22,298] {taskinstance.py:1378} INFO - 
--------------------------------------------------------------------------------
[2023-02-08 00:37:22,319] {taskinstance.py:1397} INFO - Executing <Task(BashOperator): task_2_pull> on 2022-12-22 00:00:00+00:00
[2023-02-08 00:37:22,323] {standard_task_runner.py:52} INFO - Started process 52745 to run task
[2023-02-08 00:37:22,330] {standard_task_runner.py:79} INFO - Running: ['airflow', 'tasks', 'run', '09_Xcoms', 'task_2_pull', 'scheduled__2022-12-22T00:00:00+00:00', '--job-id', '1252', '--raw', '--subdir', 'DAGS_FOLDER/09_xcoms.py', '--cfg-path', '/tmp/tmp_45rmnyw', '--error-file', '/tmp/tmp2k79pfou']
[2023-02-08 00:37:22,331] {standard_task_runner.py:80} INFO - Job 1252: Subtask task_2_pull
[2023-02-08 00:37:22,422] {task_command.py:371} INFO - Running <TaskInstance: 09_Xcoms.task_2_pull scheduled__2022-12-22T00:00:00+00:00 [running]> on host pc.
[2023-02-08 00:37:22,525] {taskinstance.py:1589} INFO - Exporting the following env vars:
AIRFLOW_CTX_DAG_OWNER=airflow
AIRFLOW_CTX_DAG_ID=09_Xcoms
AIRFLOW_CTX_TASK_ID=task_2_pull
AIRFLOW_CTX_EXECUTION_DATE=2022-12-22T00:00:00+00:00
AIRFLOW_CTX_TRY_NUMBER=4
AIRFLOW_CTX_DAG_RUN_ID=scheduled__2022-12-22T00:00:00+00:00
[2023-02-08 00:37:22,526] {subprocess.py:62} INFO - Tmp dir root location: 
 /tmp
[2023-02-08 00:37:22,527] {subprocess.py:74} INFO - Running command: ['bash', '-c', 'sleep 3 && echo 15']
[2023-02-08 00:37:22,536] {subprocess.py:85} INFO - Output:
[2023-02-08 00:37:25,540] {subprocess.py:92} INFO - 15
[2023-02-08 00:37:25,540] {subprocess.py:96} INFO - Command exited with return code 0
[2023-02-08 00:37:25,569] {taskinstance.py:1415} INFO - Marking task as SUCCESS. dag_id=09_Xcoms, task_id=task_2_pull, execution_date=20221222T000000, start_date=20230208T053722, end_date=20230208T053725
[2023-02-08 00:37:25,598] {local_task_job.py:156} INFO - Task exited with return code 0
[2023-02-08 00:37:25,640] {local_task_job.py:273} INFO - 1 downstream tasks scheduled from follow-on schedule check
