[2023-02-05 21:17:04,755] {taskinstance.py:1179} INFO - Dependencies all met for <TaskInstance: 06_monitoring.task_1 scheduled__2022-11-23T00:00:00+00:00 [queued]>
[2023-02-05 21:17:04,765] {taskinstance.py:1179} INFO - Dependencies all met for <TaskInstance: 06_monitoring.task_1 scheduled__2022-11-23T00:00:00+00:00 [queued]>
[2023-02-05 21:17:04,765] {taskinstance.py:1376} INFO - 
--------------------------------------------------------------------------------
[2023-02-05 21:17:04,765] {taskinstance.py:1377} INFO - Starting attempt 1 of 1
[2023-02-05 21:17:04,765] {taskinstance.py:1378} INFO - 
--------------------------------------------------------------------------------
[2023-02-05 21:17:04,788] {taskinstance.py:1397} INFO - Executing <Task(BashOperator): task_1> on 2022-11-23 00:00:00+00:00
[2023-02-05 21:17:04,793] {standard_task_runner.py:52} INFO - Started process 35413 to run task
[2023-02-05 21:17:04,796] {standard_task_runner.py:79} INFO - Running: ['airflow', 'tasks', 'run', '06_monitoring', 'task_1', 'scheduled__2022-11-23T00:00:00+00:00', '--job-id', '167', '--raw', '--subdir', 'DAGS_FOLDER/06_monitoring.py', '--cfg-path', '/tmp/tmphe8shf4_', '--error-file', '/tmp/tmp2blnxm0_']
[2023-02-05 21:17:04,797] {standard_task_runner.py:80} INFO - Job 167: Subtask task_1
[2023-02-05 21:17:04,879] {task_command.py:371} INFO - Running <TaskInstance: 06_monitoring.task_1 scheduled__2022-11-23T00:00:00+00:00 [running]> on host pc.
[2023-02-05 21:17:04,963] {taskinstance.py:1589} INFO - Exporting the following env vars:
AIRFLOW_CTX_DAG_OWNER=airflow
AIRFLOW_CTX_DAG_ID=06_monitoring
AIRFLOW_CTX_TASK_ID=task_1
AIRFLOW_CTX_EXECUTION_DATE=2022-11-23T00:00:00+00:00
AIRFLOW_CTX_TRY_NUMBER=1
AIRFLOW_CTX_DAG_RUN_ID=scheduled__2022-11-23T00:00:00+00:00
[2023-02-05 21:17:04,964] {subprocess.py:62} INFO - Tmp dir root location: 
 /tmp
[2023-02-05 21:17:04,965] {subprocess.py:74} INFO - Running command: ['bash', '-c', "sleep 2 && echo 'First task!'"]
[2023-02-05 21:17:04,973] {subprocess.py:85} INFO - Output:
[2023-02-05 21:17:06,976] {subprocess.py:92} INFO - First task!
[2023-02-05 21:17:06,977] {subprocess.py:96} INFO - Command exited with return code 0
[2023-02-05 21:17:07,017] {taskinstance.py:1415} INFO - Marking task as SUCCESS. dag_id=06_monitoring, task_id=task_1, execution_date=20221123T000000, start_date=20230206T021704, end_date=20230206T021707
[2023-02-05 21:17:07,057] {local_task_job.py:156} INFO - Task exited with return code 0
[2023-02-05 21:17:07,107] {local_task_job.py:273} INFO - 1 downstream tasks scheduled from follow-on schedule check
