[2023-02-08 00:48:35,582] {taskinstance.py:1179} INFO - Dependencies all met for <TaskInstance: 09_Xcoms.task_1_source scheduled__2023-01-29T00:00:00+00:00 [queued]>
[2023-02-08 00:48:35,595] {taskinstance.py:1179} INFO - Dependencies all met for <TaskInstance: 09_Xcoms.task_1_source scheduled__2023-01-29T00:00:00+00:00 [queued]>
[2023-02-08 00:48:35,595] {taskinstance.py:1376} INFO - 
--------------------------------------------------------------------------------
[2023-02-08 00:48:35,595] {taskinstance.py:1377} INFO - Starting attempt 1 of 1
[2023-02-08 00:48:35,596] {taskinstance.py:1378} INFO - 
--------------------------------------------------------------------------------
[2023-02-08 00:48:35,618] {taskinstance.py:1397} INFO - Executing <Task(BashOperator): task_1_source> on 2023-01-29 00:00:00+00:00
[2023-02-08 00:48:35,620] {standard_task_runner.py:52} INFO - Started process 53314 to run task
[2023-02-08 00:48:35,628] {standard_task_runner.py:79} INFO - Running: ['airflow', 'tasks', 'run', '09_Xcoms', 'task_1_source', 'scheduled__2023-01-29T00:00:00+00:00', '--job-id', '1363', '--raw', '--subdir', 'DAGS_FOLDER/09_xcoms.py', '--cfg-path', '/tmp/tmpt0exroh4', '--error-file', '/tmp/tmpz3awfs65']
[2023-02-08 00:48:35,630] {standard_task_runner.py:80} INFO - Job 1363: Subtask task_1_source
[2023-02-08 00:48:35,720] {task_command.py:371} INFO - Running <TaskInstance: 09_Xcoms.task_1_source scheduled__2023-01-29T00:00:00+00:00 [running]> on host pc.
[2023-02-08 00:48:35,828] {taskinstance.py:1589} INFO - Exporting the following env vars:
AIRFLOW_CTX_DAG_OWNER=airflow
AIRFLOW_CTX_DAG_ID=09_Xcoms
AIRFLOW_CTX_TASK_ID=task_1_source
AIRFLOW_CTX_EXECUTION_DATE=2023-01-29T00:00:00+00:00
AIRFLOW_CTX_TRY_NUMBER=1
AIRFLOW_CTX_DAG_RUN_ID=scheduled__2023-01-29T00:00:00+00:00
[2023-02-08 00:48:35,829] {subprocess.py:62} INFO - Tmp dir root location: 
 /tmp
[2023-02-08 00:48:35,830] {subprocess.py:74} INFO - Running command: ['bash', '-c', 'sleep 5 && echo $((5 * 3))']
[2023-02-08 00:48:35,838] {subprocess.py:85} INFO - Output:
[2023-02-08 00:48:40,841] {subprocess.py:92} INFO - 15
[2023-02-08 00:48:40,842] {subprocess.py:96} INFO - Command exited with return code 0
[2023-02-08 00:48:40,872] {taskinstance.py:1415} INFO - Marking task as SUCCESS. dag_id=09_Xcoms, task_id=task_1_source, execution_date=20230129T000000, start_date=20230208T054835, end_date=20230208T054840
[2023-02-08 00:48:40,910] {local_task_job.py:156} INFO - Task exited with return code 0
[2023-02-08 00:48:40,963] {local_task_job.py:273} INFO - 1 downstream tasks scheduled from follow-on schedule check
