[2023-02-05 17:48:17,086] {taskinstance.py:1179} INFO - Dependencies all met for <TaskInstance: orchestration.task_3 scheduled__2023-01-14T00:00:00+00:00 [queued]>
[2023-02-05 17:48:17,096] {taskinstance.py:1179} INFO - Dependencies all met for <TaskInstance: orchestration.task_3 scheduled__2023-01-14T00:00:00+00:00 [queued]>
[2023-02-05 17:48:17,096] {taskinstance.py:1376} INFO - 
--------------------------------------------------------------------------------
[2023-02-05 17:48:17,097] {taskinstance.py:1377} INFO - Starting attempt 1 of 1
[2023-02-05 17:48:17,097] {taskinstance.py:1378} INFO - 
--------------------------------------------------------------------------------
[2023-02-05 17:48:17,121] {taskinstance.py:1397} INFO - Executing <Task(BashOperator): task_3> on 2023-01-14 00:00:00+00:00
[2023-02-05 17:48:17,124] {standard_task_runner.py:52} INFO - Started process 30112 to run task
[2023-02-05 17:48:17,138] {standard_task_runner.py:79} INFO - Running: ['airflow', 'tasks', 'run', 'orchestration', 'task_3', 'scheduled__2023-01-14T00:00:00+00:00', '--job-id', '104', '--raw', '--subdir', 'DAGS_FOLDER/5_orchestration_2.py', '--cfg-path', '/tmp/tmpbttky70b', '--error-file', '/tmp/tmpr2k5ms54']
[2023-02-05 17:48:17,140] {standard_task_runner.py:80} INFO - Job 104: Subtask task_3
[2023-02-05 17:48:17,234] {task_command.py:371} INFO - Running <TaskInstance: orchestration.task_3 scheduled__2023-01-14T00:00:00+00:00 [running]> on host pc.
[2023-02-05 17:48:17,346] {taskinstance.py:1589} INFO - Exporting the following env vars:
AIRFLOW_CTX_DAG_OWNER=airflow
AIRFLOW_CTX_DAG_ID=orchestration
AIRFLOW_CTX_TASK_ID=task_3
AIRFLOW_CTX_EXECUTION_DATE=2023-01-14T00:00:00+00:00
AIRFLOW_CTX_TRY_NUMBER=1
AIRFLOW_CTX_DAG_RUN_ID=scheduled__2023-01-14T00:00:00+00:00
[2023-02-05 17:48:17,347] {subprocess.py:62} INFO - Tmp dir root location: 
 /tmp
[2023-02-05 17:48:17,348] {subprocess.py:74} INFO - Running command: ['bash', '-c', "sleep 2 && echo 'Task_3'"]
[2023-02-05 17:48:17,356] {subprocess.py:85} INFO - Output:
[2023-02-05 17:48:19,359] {subprocess.py:92} INFO - Task_3
[2023-02-05 17:48:19,359] {subprocess.py:96} INFO - Command exited with return code 0
[2023-02-05 17:48:19,390] {taskinstance.py:1415} INFO - Marking task as SUCCESS. dag_id=orchestration, task_id=task_3, execution_date=20230114T000000, start_date=20230205T224817, end_date=20230205T224819
[2023-02-05 17:48:19,430] {local_task_job.py:156} INFO - Task exited with return code 0
[2023-02-05 17:48:19,474] {local_task_job.py:273} INFO - 0 downstream tasks scheduled from follow-on schedule check
[2023-02-05 17:59:05,895] {taskinstance.py:1179} INFO - Dependencies all met for <TaskInstance: orchestration.task_3 scheduled__2023-01-14T00:00:00+00:00 [queued]>
[2023-02-05 17:59:05,909] {taskinstance.py:1179} INFO - Dependencies all met for <TaskInstance: orchestration.task_3 scheduled__2023-01-14T00:00:00+00:00 [queued]>
[2023-02-05 17:59:05,909] {taskinstance.py:1376} INFO - 
--------------------------------------------------------------------------------
[2023-02-05 17:59:05,909] {taskinstance.py:1377} INFO - Starting attempt 1 of 1
[2023-02-05 17:59:05,909] {taskinstance.py:1378} INFO - 
--------------------------------------------------------------------------------
[2023-02-05 17:59:05,929] {taskinstance.py:1397} INFO - Executing <Task(BashOperator): task_3> on 2023-01-14 00:00:00+00:00
[2023-02-05 17:59:05,932] {standard_task_runner.py:52} INFO - Started process 30766 to run task
[2023-02-05 17:59:05,940] {standard_task_runner.py:79} INFO - Running: ['airflow', 'tasks', 'run', 'orchestration', 'task_3', 'scheduled__2023-01-14T00:00:00+00:00', '--job-id', '105', '--raw', '--subdir', 'DAGS_FOLDER/5_orchestration_2.py', '--cfg-path', '/tmp/tmpe6clc6y3', '--error-file', '/tmp/tmplechbzub']
[2023-02-05 17:59:05,944] {standard_task_runner.py:80} INFO - Job 105: Subtask task_3
[2023-02-05 17:59:06,033] {task_command.py:371} INFO - Running <TaskInstance: orchestration.task_3 scheduled__2023-01-14T00:00:00+00:00 [running]> on host pc.
[2023-02-05 17:59:06,119] {taskinstance.py:1589} INFO - Exporting the following env vars:
AIRFLOW_CTX_DAG_OWNER=airflow
AIRFLOW_CTX_DAG_ID=orchestration
AIRFLOW_CTX_TASK_ID=task_3
AIRFLOW_CTX_EXECUTION_DATE=2023-01-14T00:00:00+00:00
AIRFLOW_CTX_TRY_NUMBER=1
AIRFLOW_CTX_DAG_RUN_ID=scheduled__2023-01-14T00:00:00+00:00
[2023-02-05 17:59:06,120] {subprocess.py:62} INFO - Tmp dir root location: 
 /tmp
[2023-02-05 17:59:06,120] {subprocess.py:74} INFO - Running command: ['bash', '-c', "sleep 1 && echo 'Task_3'"]
[2023-02-05 17:59:06,127] {subprocess.py:85} INFO - Output:
[2023-02-05 17:59:07,130] {subprocess.py:92} INFO - Task_3
[2023-02-05 17:59:07,130] {subprocess.py:96} INFO - Command exited with return code 0
[2023-02-05 17:59:07,158] {taskinstance.py:1415} INFO - Marking task as SUCCESS. dag_id=orchestration, task_id=task_3, execution_date=20230114T000000, start_date=20230205T225905, end_date=20230205T225907
[2023-02-05 17:59:07,199] {local_task_job.py:156} INFO - Task exited with return code 0
[2023-02-05 17:59:07,241] {local_task_job.py:273} INFO - 0 downstream tasks scheduled from follow-on schedule check
