[2023-02-05 17:48:56,217] {taskinstance.py:1179} INFO - Dependencies all met for <TaskInstance: orchestration.task_3 scheduled__2023-01-16T00:00:00+00:00 [queued]>
[2023-02-05 17:48:56,227] {taskinstance.py:1179} INFO - Dependencies all met for <TaskInstance: orchestration.task_3 scheduled__2023-01-16T00:00:00+00:00 [queued]>
[2023-02-05 17:48:56,228] {taskinstance.py:1376} INFO - 
--------------------------------------------------------------------------------
[2023-02-05 17:48:56,228] {taskinstance.py:1377} INFO - Starting attempt 1 of 1
[2023-02-05 17:48:56,228] {taskinstance.py:1378} INFO - 
--------------------------------------------------------------------------------
[2023-02-05 17:48:56,250] {taskinstance.py:1397} INFO - Executing <Task(BashOperator): task_3> on 2023-01-16 00:00:00+00:00
[2023-02-05 17:48:56,253] {standard_task_runner.py:52} INFO - Started process 30153 to run task
[2023-02-05 17:48:56,259] {standard_task_runner.py:79} INFO - Running: ['airflow', 'tasks', 'run', 'orchestration', 'task_3', 'scheduled__2023-01-16T00:00:00+00:00', '--job-id', '113', '--raw', '--subdir', 'DAGS_FOLDER/5_orchestration_2.py', '--cfg-path', '/tmp/tmpdvb2x72a', '--error-file', '/tmp/tmps2o_hnn0']
[2023-02-05 17:48:56,260] {standard_task_runner.py:80} INFO - Job 113: Subtask task_3
[2023-02-05 17:48:56,335] {task_command.py:371} INFO - Running <TaskInstance: orchestration.task_3 scheduled__2023-01-16T00:00:00+00:00 [running]> on host pc.
[2023-02-05 17:48:56,425] {taskinstance.py:1589} INFO - Exporting the following env vars:
AIRFLOW_CTX_DAG_OWNER=airflow
AIRFLOW_CTX_DAG_ID=orchestration
AIRFLOW_CTX_TASK_ID=task_3
AIRFLOW_CTX_EXECUTION_DATE=2023-01-16T00:00:00+00:00
AIRFLOW_CTX_TRY_NUMBER=1
AIRFLOW_CTX_DAG_RUN_ID=scheduled__2023-01-16T00:00:00+00:00
[2023-02-05 17:48:56,426] {subprocess.py:62} INFO - Tmp dir root location: 
 /tmp
[2023-02-05 17:48:56,427] {subprocess.py:74} INFO - Running command: ['bash', '-c', "sleep 2 && echo 'Task_3'"]
[2023-02-05 17:48:56,435] {subprocess.py:85} INFO - Output:
[2023-02-05 17:48:58,437] {subprocess.py:92} INFO - Task_3
[2023-02-05 17:48:58,438] {subprocess.py:96} INFO - Command exited with return code 0
[2023-02-05 17:48:58,467] {taskinstance.py:1415} INFO - Marking task as SUCCESS. dag_id=orchestration, task_id=task_3, execution_date=20230116T000000, start_date=20230205T224856, end_date=20230205T224858
[2023-02-05 17:48:58,520] {local_task_job.py:156} INFO - Task exited with return code 0
[2023-02-05 17:48:58,559] {local_task_job.py:273} INFO - 0 downstream tasks scheduled from follow-on schedule check
[2023-02-05 17:59:33,932] {taskinstance.py:1179} INFO - Dependencies all met for <TaskInstance: orchestration.task_3 scheduled__2023-01-16T00:00:00+00:00 [queued]>
[2023-02-05 17:59:33,945] {taskinstance.py:1179} INFO - Dependencies all met for <TaskInstance: orchestration.task_3 scheduled__2023-01-16T00:00:00+00:00 [queued]>
[2023-02-05 17:59:33,946] {taskinstance.py:1376} INFO - 
--------------------------------------------------------------------------------
[2023-02-05 17:59:33,946] {taskinstance.py:1377} INFO - Starting attempt 1 of 1
[2023-02-05 17:59:33,946] {taskinstance.py:1378} INFO - 
--------------------------------------------------------------------------------
[2023-02-05 17:59:33,966] {taskinstance.py:1397} INFO - Executing <Task(BashOperator): task_3> on 2023-01-16 00:00:00+00:00
[2023-02-05 17:59:33,969] {standard_task_runner.py:52} INFO - Started process 30804 to run task
[2023-02-05 17:59:33,974] {standard_task_runner.py:79} INFO - Running: ['airflow', 'tasks', 'run', 'orchestration', 'task_3', 'scheduled__2023-01-16T00:00:00+00:00', '--job-id', '113', '--raw', '--subdir', 'DAGS_FOLDER/5_orchestration_2.py', '--cfg-path', '/tmp/tmpdw8do8x3', '--error-file', '/tmp/tmpqkbjejkq']
[2023-02-05 17:59:33,975] {standard_task_runner.py:80} INFO - Job 113: Subtask task_3
[2023-02-05 17:59:34,053] {task_command.py:371} INFO - Running <TaskInstance: orchestration.task_3 scheduled__2023-01-16T00:00:00+00:00 [running]> on host pc.
[2023-02-05 17:59:34,133] {taskinstance.py:1589} INFO - Exporting the following env vars:
AIRFLOW_CTX_DAG_OWNER=airflow
AIRFLOW_CTX_DAG_ID=orchestration
AIRFLOW_CTX_TASK_ID=task_3
AIRFLOW_CTX_EXECUTION_DATE=2023-01-16T00:00:00+00:00
AIRFLOW_CTX_TRY_NUMBER=1
AIRFLOW_CTX_DAG_RUN_ID=scheduled__2023-01-16T00:00:00+00:00
[2023-02-05 17:59:34,134] {subprocess.py:62} INFO - Tmp dir root location: 
 /tmp
[2023-02-05 17:59:34,135] {subprocess.py:74} INFO - Running command: ['bash', '-c', "sleep 1 && echo 'Task_3'"]
[2023-02-05 17:59:34,143] {subprocess.py:85} INFO - Output:
[2023-02-05 17:59:35,145] {subprocess.py:92} INFO - Task_3
[2023-02-05 17:59:35,146] {subprocess.py:96} INFO - Command exited with return code 0
[2023-02-05 17:59:35,174] {taskinstance.py:1415} INFO - Marking task as SUCCESS. dag_id=orchestration, task_id=task_3, execution_date=20230116T000000, start_date=20230205T225933, end_date=20230205T225935
[2023-02-05 17:59:35,230] {local_task_job.py:156} INFO - Task exited with return code 0
[2023-02-05 17:59:35,267] {local_task_job.py:273} INFO - 0 downstream tasks scheduled from follow-on schedule check
