[2023-02-05 21:41:24,576] {taskinstance.py:1179} INFO - Dependencies all met for <TaskInstance: 06_monitoring.task_3 scheduled__2022-11-03T00:00:00+00:00 [queued]>
[2023-02-05 21:41:24,587] {taskinstance.py:1179} INFO - Dependencies all met for <TaskInstance: 06_monitoring.task_3 scheduled__2022-11-03T00:00:00+00:00 [queued]>
[2023-02-05 21:41:24,588] {taskinstance.py:1376} INFO - 
--------------------------------------------------------------------------------
[2023-02-05 21:41:24,588] {taskinstance.py:1377} INFO - Starting attempt 1 of 1
[2023-02-05 21:41:24,588] {taskinstance.py:1378} INFO - 
--------------------------------------------------------------------------------
[2023-02-05 21:41:24,609] {taskinstance.py:1397} INFO - Executing <Task(BashOperator): task_3> on 2022-11-03 00:00:00+00:00
[2023-02-05 21:41:24,612] {standard_task_runner.py:52} INFO - Started process 36462 to run task
[2023-02-05 21:41:24,618] {standard_task_runner.py:79} INFO - Running: ['airflow', 'tasks', 'run', '06_monitoring', 'task_3', 'scheduled__2022-11-03T00:00:00+00:00', '--job-id', '174', '--raw', '--subdir', 'DAGS_FOLDER/06_monitoring.py', '--cfg-path', '/tmp/tmptcf2olhi', '--error-file', '/tmp/tmpwi5zd8q2']
[2023-02-05 21:41:24,619] {standard_task_runner.py:80} INFO - Job 174: Subtask task_3
[2023-02-05 21:41:24,714] {task_command.py:371} INFO - Running <TaskInstance: 06_monitoring.task_3 scheduled__2022-11-03T00:00:00+00:00 [running]> on host pc.
[2023-02-05 21:41:24,799] {taskinstance.py:1589} INFO - Exporting the following env vars:
AIRFLOW_CTX_DAG_OWNER=airflow
AIRFLOW_CTX_DAG_ID=06_monitoring
AIRFLOW_CTX_TASK_ID=task_3
AIRFLOW_CTX_EXECUTION_DATE=2022-11-03T00:00:00+00:00
AIRFLOW_CTX_TRY_NUMBER=1
AIRFLOW_CTX_DAG_RUN_ID=scheduled__2022-11-03T00:00:00+00:00
[2023-02-05 21:41:24,801] {subprocess.py:62} INFO - Tmp dir root location: 
 /tmp
[2023-02-05 21:41:24,801] {subprocess.py:74} INFO - Running command: ['bash', '-c', "sleep 2 && echo 'Third task!'"]
[2023-02-05 21:41:24,809] {subprocess.py:85} INFO - Output:
[2023-02-05 21:41:26,812] {subprocess.py:92} INFO - Third task!
[2023-02-05 21:41:26,812] {subprocess.py:96} INFO - Command exited with return code 0
[2023-02-05 21:41:26,842] {taskinstance.py:1415} INFO - Marking task as SUCCESS. dag_id=06_monitoring, task_id=task_3, execution_date=20221103T000000, start_date=20230206T024124, end_date=20230206T024126
[2023-02-05 21:41:26,880] {local_task_job.py:156} INFO - Task exited with return code 0
[2023-02-05 21:41:26,927] {local_task_job.py:273} INFO - 1 downstream tasks scheduled from follow-on schedule check
