[2023-02-07 20:12:55,885] {taskinstance.py:1179} INFO - Dependencies all met for <TaskInstance: 07.3_file_sensor.file_task scheduled__2023-02-01T00:00:00+00:00 [queued]>
[2023-02-07 20:12:55,896] {taskinstance.py:1179} INFO - Dependencies all met for <TaskInstance: 07.3_file_sensor.file_task scheduled__2023-02-01T00:00:00+00:00 [queued]>
[2023-02-07 20:12:55,896] {taskinstance.py:1376} INFO - 
--------------------------------------------------------------------------------
[2023-02-07 20:12:55,896] {taskinstance.py:1377} INFO - Starting attempt 1 of 1
[2023-02-07 20:12:55,896] {taskinstance.py:1378} INFO - 
--------------------------------------------------------------------------------
[2023-02-07 20:12:55,917] {taskinstance.py:1397} INFO - Executing <Task(BashOperator): file_task> on 2023-02-01 00:00:00+00:00
[2023-02-07 20:12:55,921] {standard_task_runner.py:52} INFO - Started process 43836 to run task
[2023-02-07 20:12:55,927] {standard_task_runner.py:79} INFO - Running: ['airflow', 'tasks', 'run', '07.3_file_sensor', 'file_task', 'scheduled__2023-02-01T00:00:00+00:00', '--job-id', '995', '--raw', '--subdir', 'DAGS_FOLDER/07.3_file_sensor.py', '--cfg-path', '/tmp/tmpnz0ib_9o', '--error-file', '/tmp/tmpdp9ng814']
[2023-02-07 20:12:55,929] {standard_task_runner.py:80} INFO - Job 995: Subtask file_task
[2023-02-07 20:12:56,019] {task_command.py:371} INFO - Running <TaskInstance: 07.3_file_sensor.file_task scheduled__2023-02-01T00:00:00+00:00 [running]> on host pc.
[2023-02-07 20:12:56,116] {taskinstance.py:1589} INFO - Exporting the following env vars:
AIRFLOW_CTX_DAG_OWNER=airflow
AIRFLOW_CTX_DAG_ID=07.3_file_sensor
AIRFLOW_CTX_TASK_ID=file_task
AIRFLOW_CTX_EXECUTION_DATE=2023-02-01T00:00:00+00:00
AIRFLOW_CTX_TRY_NUMBER=1
AIRFLOW_CTX_DAG_RUN_ID=scheduled__2023-02-01T00:00:00+00:00
[2023-02-07 20:12:56,117] {subprocess.py:62} INFO - Tmp dir root location: 
 /tmp
[2023-02-07 20:12:56,118] {subprocess.py:74} INFO - Running command: ['bash', '-c', 'sleep 10 && touch /tmp/file.txt']
[2023-02-07 20:12:56,128] {subprocess.py:85} INFO - Output:
[2023-02-07 20:13:06,132] {subprocess.py:96} INFO - Command exited with return code 0
[2023-02-07 20:13:07,531] {taskinstance.py:1415} INFO - Marking task as SUCCESS. dag_id=07.3_file_sensor, task_id=file_task, execution_date=20230201T000000, start_date=20230208T011255, end_date=20230208T011307
[2023-02-07 20:13:08,237] {local_task_job.py:156} INFO - Task exited with return code 0
[2023-02-07 20:13:08,283] {local_task_job.py:273} INFO - 1 downstream tasks scheduled from follow-on schedule check
