[2023-02-04 01:52:38,608] {processor.py:153} INFO - Started process (PID=6582) to work on /home/milo/13-airflow/airflowhome/airflowenv/lib/python3.9/site-packages/airflow/example_dags/plugins/workday.py
[2023-02-04 01:52:38,609] {processor.py:641} INFO - Processing file /home/milo/13-airflow/airflowhome/airflowenv/lib/python3.9/site-packages/airflow/example_dags/plugins/workday.py for tasks to queue
[2023-02-04 01:52:38,610] {logging_mixin.py:115} INFO - [2023-02-04 01:52:38,610] {dagbag.py:508} INFO - Filling up the DagBag from /home/milo/13-airflow/airflowhome/airflowenv/lib/python3.9/site-packages/airflow/example_dags/plugins/workday.py
[2023-02-04 01:52:38,612] {processor.py:653} WARNING - No viable dags retrieved from /home/milo/13-airflow/airflowhome/airflowenv/lib/python3.9/site-packages/airflow/example_dags/plugins/workday.py
[2023-02-04 01:52:38,633] {processor.py:161} INFO - Processing /home/milo/13-airflow/airflowhome/airflowenv/lib/python3.9/site-packages/airflow/example_dags/plugins/workday.py took 0.029 seconds
[2023-02-04 01:53:47,014] {processor.py:153} INFO - Started process (PID=6627) to work on /home/milo/13-airflow/airflowhome/airflowenv/lib/python3.9/site-packages/airflow/example_dags/plugins/workday.py
[2023-02-04 01:53:47,024] {processor.py:641} INFO - Processing file /home/milo/13-airflow/airflowhome/airflowenv/lib/python3.9/site-packages/airflow/example_dags/plugins/workday.py for tasks to queue
[2023-02-04 01:53:47,025] {logging_mixin.py:115} INFO - [2023-02-04 01:53:47,024] {dagbag.py:508} INFO - Filling up the DagBag from /home/milo/13-airflow/airflowhome/airflowenv/lib/python3.9/site-packages/airflow/example_dags/plugins/workday.py
[2023-02-04 01:53:47,027] {processor.py:653} WARNING - No viable dags retrieved from /home/milo/13-airflow/airflowhome/airflowenv/lib/python3.9/site-packages/airflow/example_dags/plugins/workday.py
[2023-02-04 01:53:47,047] {processor.py:161} INFO - Processing /home/milo/13-airflow/airflowhome/airflowenv/lib/python3.9/site-packages/airflow/example_dags/plugins/workday.py took 0.037 seconds
[2023-02-04 01:54:22,634] {processor.py:153} INFO - Started process (PID=6659) to work on /home/milo/13-airflow/airflowhome/airflowenv/lib/python3.9/site-packages/airflow/example_dags/plugins/workday.py
[2023-02-04 01:54:22,637] {processor.py:641} INFO - Processing file /home/milo/13-airflow/airflowhome/airflowenv/lib/python3.9/site-packages/airflow/example_dags/plugins/workday.py for tasks to queue
[2023-02-04 01:54:22,638] {logging_mixin.py:115} INFO - [2023-02-04 01:54:22,638] {dagbag.py:508} INFO - Filling up the DagBag from /home/milo/13-airflow/airflowhome/airflowenv/lib/python3.9/site-packages/airflow/example_dags/plugins/workday.py
[2023-02-04 01:54:22,641] {processor.py:653} WARNING - No viable dags retrieved from /home/milo/13-airflow/airflowhome/airflowenv/lib/python3.9/site-packages/airflow/example_dags/plugins/workday.py
[2023-02-04 01:54:22,684] {processor.py:161} INFO - Processing /home/milo/13-airflow/airflowhome/airflowenv/lib/python3.9/site-packages/airflow/example_dags/plugins/workday.py took 0.061 seconds
[2023-02-04 01:55:02,599] {processor.py:153} INFO - Started process (PID=6700) to work on /home/milo/13-airflow/airflowhome/airflowenv/lib/python3.9/site-packages/airflow/example_dags/plugins/workday.py
[2023-02-04 01:55:02,601] {processor.py:641} INFO - Processing file /home/milo/13-airflow/airflowhome/airflowenv/lib/python3.9/site-packages/airflow/example_dags/plugins/workday.py for tasks to queue
[2023-02-04 01:55:02,602] {logging_mixin.py:115} INFO - [2023-02-04 01:55:02,602] {dagbag.py:508} INFO - Filling up the DagBag from /home/milo/13-airflow/airflowhome/airflowenv/lib/python3.9/site-packages/airflow/example_dags/plugins/workday.py
[2023-02-04 01:55:02,606] {processor.py:653} WARNING - No viable dags retrieved from /home/milo/13-airflow/airflowhome/airflowenv/lib/python3.9/site-packages/airflow/example_dags/plugins/workday.py
[2023-02-04 01:55:02,626] {processor.py:161} INFO - Processing /home/milo/13-airflow/airflowhome/airflowenv/lib/python3.9/site-packages/airflow/example_dags/plugins/workday.py took 0.032 seconds
[2023-02-04 01:55:49,757] {processor.py:153} INFO - Started process (PID=6728) to work on /home/milo/13-airflow/airflowhome/airflowenv/lib/python3.9/site-packages/airflow/example_dags/plugins/workday.py
[2023-02-04 01:55:49,759] {processor.py:641} INFO - Processing file /home/milo/13-airflow/airflowhome/airflowenv/lib/python3.9/site-packages/airflow/example_dags/plugins/workday.py for tasks to queue
[2023-02-04 01:55:49,760] {logging_mixin.py:115} INFO - [2023-02-04 01:55:49,760] {dagbag.py:508} INFO - Filling up the DagBag from /home/milo/13-airflow/airflowhome/airflowenv/lib/python3.9/site-packages/airflow/example_dags/plugins/workday.py
[2023-02-04 01:55:49,763] {processor.py:653} WARNING - No viable dags retrieved from /home/milo/13-airflow/airflowhome/airflowenv/lib/python3.9/site-packages/airflow/example_dags/plugins/workday.py
[2023-02-04 01:55:49,781] {processor.py:161} INFO - Processing /home/milo/13-airflow/airflowhome/airflowenv/lib/python3.9/site-packages/airflow/example_dags/plugins/workday.py took 0.033 seconds
[2023-02-04 01:56:37,301] {processor.py:153} INFO - Started process (PID=6763) to work on /home/milo/13-airflow/airflowhome/airflowenv/lib/python3.9/site-packages/airflow/example_dags/plugins/workday.py
[2023-02-04 01:56:37,303] {processor.py:641} INFO - Processing file /home/milo/13-airflow/airflowhome/airflowenv/lib/python3.9/site-packages/airflow/example_dags/plugins/workday.py for tasks to queue
[2023-02-04 01:56:37,304] {logging_mixin.py:115} INFO - [2023-02-04 01:56:37,304] {dagbag.py:508} INFO - Filling up the DagBag from /home/milo/13-airflow/airflowhome/airflowenv/lib/python3.9/site-packages/airflow/example_dags/plugins/workday.py
[2023-02-04 01:56:37,307] {processor.py:653} WARNING - No viable dags retrieved from /home/milo/13-airflow/airflowhome/airflowenv/lib/python3.9/site-packages/airflow/example_dags/plugins/workday.py
[2023-02-04 01:56:37,325] {processor.py:161} INFO - Processing /home/milo/13-airflow/airflowhome/airflowenv/lib/python3.9/site-packages/airflow/example_dags/plugins/workday.py took 0.028 seconds
[2023-02-04 01:57:08,900] {processor.py:153} INFO - Started process (PID=6786) to work on /home/milo/13-airflow/airflowhome/airflowenv/lib/python3.9/site-packages/airflow/example_dags/plugins/workday.py
[2023-02-04 01:57:08,901] {processor.py:641} INFO - Processing file /home/milo/13-airflow/airflowhome/airflowenv/lib/python3.9/site-packages/airflow/example_dags/plugins/workday.py for tasks to queue
[2023-02-04 01:57:08,902] {logging_mixin.py:115} INFO - [2023-02-04 01:57:08,902] {dagbag.py:508} INFO - Filling up the DagBag from /home/milo/13-airflow/airflowhome/airflowenv/lib/python3.9/site-packages/airflow/example_dags/plugins/workday.py
[2023-02-04 01:57:08,905] {processor.py:653} WARNING - No viable dags retrieved from /home/milo/13-airflow/airflowhome/airflowenv/lib/python3.9/site-packages/airflow/example_dags/plugins/workday.py
[2023-02-04 01:57:08,925] {processor.py:161} INFO - Processing /home/milo/13-airflow/airflowhome/airflowenv/lib/python3.9/site-packages/airflow/example_dags/plugins/workday.py took 0.031 seconds
[2023-02-04 01:57:39,230] {processor.py:153} INFO - Started process (PID=6816) to work on /home/milo/13-airflow/airflowhome/airflowenv/lib/python3.9/site-packages/airflow/example_dags/plugins/workday.py
[2023-02-04 01:57:39,237] {processor.py:641} INFO - Processing file /home/milo/13-airflow/airflowhome/airflowenv/lib/python3.9/site-packages/airflow/example_dags/plugins/workday.py for tasks to queue
[2023-02-04 01:57:39,238] {logging_mixin.py:115} INFO - [2023-02-04 01:57:39,238] {dagbag.py:508} INFO - Filling up the DagBag from /home/milo/13-airflow/airflowhome/airflowenv/lib/python3.9/site-packages/airflow/example_dags/plugins/workday.py
[2023-02-04 01:57:39,241] {processor.py:653} WARNING - No viable dags retrieved from /home/milo/13-airflow/airflowhome/airflowenv/lib/python3.9/site-packages/airflow/example_dags/plugins/workday.py
[2023-02-04 01:57:39,276] {processor.py:161} INFO - Processing /home/milo/13-airflow/airflowhome/airflowenv/lib/python3.9/site-packages/airflow/example_dags/plugins/workday.py took 0.052 seconds
[2023-02-04 01:58:09,892] {processor.py:153} INFO - Started process (PID=7031) to work on /home/milo/13-airflow/airflowhome/airflowenv/lib/python3.9/site-packages/airflow/example_dags/plugins/workday.py
[2023-02-04 01:58:09,892] {processor.py:641} INFO - Processing file /home/milo/13-airflow/airflowhome/airflowenv/lib/python3.9/site-packages/airflow/example_dags/plugins/workday.py for tasks to queue
[2023-02-04 01:58:09,893] {logging_mixin.py:115} INFO - [2023-02-04 01:58:09,893] {dagbag.py:508} INFO - Filling up the DagBag from /home/milo/13-airflow/airflowhome/airflowenv/lib/python3.9/site-packages/airflow/example_dags/plugins/workday.py
[2023-02-04 01:58:09,896] {processor.py:653} WARNING - No viable dags retrieved from /home/milo/13-airflow/airflowhome/airflowenv/lib/python3.9/site-packages/airflow/example_dags/plugins/workday.py
[2023-02-04 01:58:09,921] {processor.py:161} INFO - Processing /home/milo/13-airflow/airflowhome/airflowenv/lib/python3.9/site-packages/airflow/example_dags/plugins/workday.py took 0.042 seconds
[2023-02-04 01:58:42,952] {processor.py:153} INFO - Started process (PID=7072) to work on /home/milo/13-airflow/airflowhome/airflowenv/lib/python3.9/site-packages/airflow/example_dags/plugins/workday.py
[2023-02-04 01:58:42,953] {processor.py:641} INFO - Processing file /home/milo/13-airflow/airflowhome/airflowenv/lib/python3.9/site-packages/airflow/example_dags/plugins/workday.py for tasks to queue
[2023-02-04 01:58:42,954] {logging_mixin.py:115} INFO - [2023-02-04 01:58:42,954] {dagbag.py:508} INFO - Filling up the DagBag from /home/milo/13-airflow/airflowhome/airflowenv/lib/python3.9/site-packages/airflow/example_dags/plugins/workday.py
[2023-02-04 01:58:42,957] {processor.py:653} WARNING - No viable dags retrieved from /home/milo/13-airflow/airflowhome/airflowenv/lib/python3.9/site-packages/airflow/example_dags/plugins/workday.py
[2023-02-04 01:58:42,985] {processor.py:161} INFO - Processing /home/milo/13-airflow/airflowhome/airflowenv/lib/python3.9/site-packages/airflow/example_dags/plugins/workday.py took 0.038 seconds
[2023-02-04 01:59:17,477] {processor.py:153} INFO - Started process (PID=7108) to work on /home/milo/13-airflow/airflowhome/airflowenv/lib/python3.9/site-packages/airflow/example_dags/plugins/workday.py
[2023-02-04 01:59:17,478] {processor.py:641} INFO - Processing file /home/milo/13-airflow/airflowhome/airflowenv/lib/python3.9/site-packages/airflow/example_dags/plugins/workday.py for tasks to queue
[2023-02-04 01:59:17,479] {logging_mixin.py:115} INFO - [2023-02-04 01:59:17,479] {dagbag.py:508} INFO - Filling up the DagBag from /home/milo/13-airflow/airflowhome/airflowenv/lib/python3.9/site-packages/airflow/example_dags/plugins/workday.py
[2023-02-04 01:59:17,482] {processor.py:653} WARNING - No viable dags retrieved from /home/milo/13-airflow/airflowhome/airflowenv/lib/python3.9/site-packages/airflow/example_dags/plugins/workday.py
[2023-02-04 01:59:17,499] {processor.py:161} INFO - Processing /home/milo/13-airflow/airflowhome/airflowenv/lib/python3.9/site-packages/airflow/example_dags/plugins/workday.py took 0.027 seconds
[2023-02-04 01:59:49,525] {processor.py:153} INFO - Started process (PID=7139) to work on /home/milo/13-airflow/airflowhome/airflowenv/lib/python3.9/site-packages/airflow/example_dags/plugins/workday.py
[2023-02-04 01:59:49,527] {processor.py:641} INFO - Processing file /home/milo/13-airflow/airflowhome/airflowenv/lib/python3.9/site-packages/airflow/example_dags/plugins/workday.py for tasks to queue
[2023-02-04 01:59:49,528] {logging_mixin.py:115} INFO - [2023-02-04 01:59:49,527] {dagbag.py:508} INFO - Filling up the DagBag from /home/milo/13-airflow/airflowhome/airflowenv/lib/python3.9/site-packages/airflow/example_dags/plugins/workday.py
[2023-02-04 01:59:49,530] {processor.py:653} WARNING - No viable dags retrieved from /home/milo/13-airflow/airflowhome/airflowenv/lib/python3.9/site-packages/airflow/example_dags/plugins/workday.py
[2023-02-04 01:59:49,551] {processor.py:161} INFO - Processing /home/milo/13-airflow/airflowhome/airflowenv/lib/python3.9/site-packages/airflow/example_dags/plugins/workday.py took 0.031 seconds
[2023-02-04 02:00:20,793] {processor.py:153} INFO - Started process (PID=7172) to work on /home/milo/13-airflow/airflowhome/airflowenv/lib/python3.9/site-packages/airflow/example_dags/plugins/workday.py
[2023-02-04 02:00:20,794] {processor.py:641} INFO - Processing file /home/milo/13-airflow/airflowhome/airflowenv/lib/python3.9/site-packages/airflow/example_dags/plugins/workday.py for tasks to queue
[2023-02-04 02:00:20,795] {logging_mixin.py:115} INFO - [2023-02-04 02:00:20,795] {dagbag.py:508} INFO - Filling up the DagBag from /home/milo/13-airflow/airflowhome/airflowenv/lib/python3.9/site-packages/airflow/example_dags/plugins/workday.py
[2023-02-04 02:00:20,797] {processor.py:653} WARNING - No viable dags retrieved from /home/milo/13-airflow/airflowhome/airflowenv/lib/python3.9/site-packages/airflow/example_dags/plugins/workday.py
[2023-02-04 02:00:20,815] {processor.py:161} INFO - Processing /home/milo/13-airflow/airflowhome/airflowenv/lib/python3.9/site-packages/airflow/example_dags/plugins/workday.py took 0.026 seconds
[2023-02-04 02:00:55,793] {processor.py:153} INFO - Started process (PID=7205) to work on /home/milo/13-airflow/airflowhome/airflowenv/lib/python3.9/site-packages/airflow/example_dags/plugins/workday.py
[2023-02-04 02:00:55,795] {processor.py:641} INFO - Processing file /home/milo/13-airflow/airflowhome/airflowenv/lib/python3.9/site-packages/airflow/example_dags/plugins/workday.py for tasks to queue
[2023-02-04 02:00:55,796] {logging_mixin.py:115} INFO - [2023-02-04 02:00:55,796] {dagbag.py:508} INFO - Filling up the DagBag from /home/milo/13-airflow/airflowhome/airflowenv/lib/python3.9/site-packages/airflow/example_dags/plugins/workday.py
[2023-02-04 02:00:55,799] {processor.py:653} WARNING - No viable dags retrieved from /home/milo/13-airflow/airflowhome/airflowenv/lib/python3.9/site-packages/airflow/example_dags/plugins/workday.py
[2023-02-04 02:00:55,817] {processor.py:161} INFO - Processing /home/milo/13-airflow/airflowhome/airflowenv/lib/python3.9/site-packages/airflow/example_dags/plugins/workday.py took 0.028 seconds
[2023-02-04 02:01:27,425] {processor.py:153} INFO - Started process (PID=7239) to work on /home/milo/13-airflow/airflowhome/airflowenv/lib/python3.9/site-packages/airflow/example_dags/plugins/workday.py
[2023-02-04 02:01:27,426] {processor.py:641} INFO - Processing file /home/milo/13-airflow/airflowhome/airflowenv/lib/python3.9/site-packages/airflow/example_dags/plugins/workday.py for tasks to queue
[2023-02-04 02:01:27,427] {logging_mixin.py:115} INFO - [2023-02-04 02:01:27,427] {dagbag.py:508} INFO - Filling up the DagBag from /home/milo/13-airflow/airflowhome/airflowenv/lib/python3.9/site-packages/airflow/example_dags/plugins/workday.py
[2023-02-04 02:01:27,430] {processor.py:653} WARNING - No viable dags retrieved from /home/milo/13-airflow/airflowhome/airflowenv/lib/python3.9/site-packages/airflow/example_dags/plugins/workday.py
[2023-02-04 02:01:27,450] {processor.py:161} INFO - Processing /home/milo/13-airflow/airflowhome/airflowenv/lib/python3.9/site-packages/airflow/example_dags/plugins/workday.py took 0.034 seconds
[2023-02-04 02:02:01,214] {processor.py:153} INFO - Started process (PID=7273) to work on /home/milo/13-airflow/airflowhome/airflowenv/lib/python3.9/site-packages/airflow/example_dags/plugins/workday.py
[2023-02-04 02:02:01,216] {processor.py:641} INFO - Processing file /home/milo/13-airflow/airflowhome/airflowenv/lib/python3.9/site-packages/airflow/example_dags/plugins/workday.py for tasks to queue
[2023-02-04 02:02:01,217] {logging_mixin.py:115} INFO - [2023-02-04 02:02:01,216] {dagbag.py:508} INFO - Filling up the DagBag from /home/milo/13-airflow/airflowhome/airflowenv/lib/python3.9/site-packages/airflow/example_dags/plugins/workday.py
[2023-02-04 02:02:01,220] {processor.py:653} WARNING - No viable dags retrieved from /home/milo/13-airflow/airflowhome/airflowenv/lib/python3.9/site-packages/airflow/example_dags/plugins/workday.py
[2023-02-04 02:02:01,243] {processor.py:161} INFO - Processing /home/milo/13-airflow/airflowhome/airflowenv/lib/python3.9/site-packages/airflow/example_dags/plugins/workday.py took 0.034 seconds
[2023-02-04 02:02:36,235] {processor.py:153} INFO - Started process (PID=7307) to work on /home/milo/13-airflow/airflowhome/airflowenv/lib/python3.9/site-packages/airflow/example_dags/plugins/workday.py
[2023-02-04 02:02:36,237] {processor.py:641} INFO - Processing file /home/milo/13-airflow/airflowhome/airflowenv/lib/python3.9/site-packages/airflow/example_dags/plugins/workday.py for tasks to queue
[2023-02-04 02:02:36,238] {logging_mixin.py:115} INFO - [2023-02-04 02:02:36,238] {dagbag.py:508} INFO - Filling up the DagBag from /home/milo/13-airflow/airflowhome/airflowenv/lib/python3.9/site-packages/airflow/example_dags/plugins/workday.py
[2023-02-04 02:02:36,241] {processor.py:653} WARNING - No viable dags retrieved from /home/milo/13-airflow/airflowhome/airflowenv/lib/python3.9/site-packages/airflow/example_dags/plugins/workday.py
[2023-02-04 02:02:36,259] {processor.py:161} INFO - Processing /home/milo/13-airflow/airflowhome/airflowenv/lib/python3.9/site-packages/airflow/example_dags/plugins/workday.py took 0.035 seconds
[2023-02-04 02:03:10,206] {processor.py:153} INFO - Started process (PID=7342) to work on /home/milo/13-airflow/airflowhome/airflowenv/lib/python3.9/site-packages/airflow/example_dags/plugins/workday.py
[2023-02-04 02:03:10,208] {processor.py:641} INFO - Processing file /home/milo/13-airflow/airflowhome/airflowenv/lib/python3.9/site-packages/airflow/example_dags/plugins/workday.py for tasks to queue
[2023-02-04 02:03:10,208] {logging_mixin.py:115} INFO - [2023-02-04 02:03:10,208] {dagbag.py:508} INFO - Filling up the DagBag from /home/milo/13-airflow/airflowhome/airflowenv/lib/python3.9/site-packages/airflow/example_dags/plugins/workday.py
[2023-02-04 02:03:10,211] {processor.py:653} WARNING - No viable dags retrieved from /home/milo/13-airflow/airflowhome/airflowenv/lib/python3.9/site-packages/airflow/example_dags/plugins/workday.py
[2023-02-04 02:03:10,234] {processor.py:161} INFO - Processing /home/milo/13-airflow/airflowhome/airflowenv/lib/python3.9/site-packages/airflow/example_dags/plugins/workday.py took 0.034 seconds
[2023-02-04 02:03:43,262] {processor.py:153} INFO - Started process (PID=7375) to work on /home/milo/13-airflow/airflowhome/airflowenv/lib/python3.9/site-packages/airflow/example_dags/plugins/workday.py
[2023-02-04 02:03:43,263] {processor.py:641} INFO - Processing file /home/milo/13-airflow/airflowhome/airflowenv/lib/python3.9/site-packages/airflow/example_dags/plugins/workday.py for tasks to queue
[2023-02-04 02:03:43,264] {logging_mixin.py:115} INFO - [2023-02-04 02:03:43,263] {dagbag.py:508} INFO - Filling up the DagBag from /home/milo/13-airflow/airflowhome/airflowenv/lib/python3.9/site-packages/airflow/example_dags/plugins/workday.py
[2023-02-04 02:03:43,266] {processor.py:653} WARNING - No viable dags retrieved from /home/milo/13-airflow/airflowhome/airflowenv/lib/python3.9/site-packages/airflow/example_dags/plugins/workday.py
[2023-02-04 02:03:43,283] {processor.py:161} INFO - Processing /home/milo/13-airflow/airflowhome/airflowenv/lib/python3.9/site-packages/airflow/example_dags/plugins/workday.py took 0.026 seconds
[2023-02-04 02:04:16,858] {processor.py:153} INFO - Started process (PID=7407) to work on /home/milo/13-airflow/airflowhome/airflowenv/lib/python3.9/site-packages/airflow/example_dags/plugins/workday.py
[2023-02-04 02:04:16,860] {processor.py:641} INFO - Processing file /home/milo/13-airflow/airflowhome/airflowenv/lib/python3.9/site-packages/airflow/example_dags/plugins/workday.py for tasks to queue
[2023-02-04 02:04:16,861] {logging_mixin.py:115} INFO - [2023-02-04 02:04:16,861] {dagbag.py:508} INFO - Filling up the DagBag from /home/milo/13-airflow/airflowhome/airflowenv/lib/python3.9/site-packages/airflow/example_dags/plugins/workday.py
[2023-02-04 02:04:16,864] {processor.py:653} WARNING - No viable dags retrieved from /home/milo/13-airflow/airflowhome/airflowenv/lib/python3.9/site-packages/airflow/example_dags/plugins/workday.py
[2023-02-04 02:04:16,886] {processor.py:161} INFO - Processing /home/milo/13-airflow/airflowhome/airflowenv/lib/python3.9/site-packages/airflow/example_dags/plugins/workday.py took 0.033 seconds
[2023-02-04 02:04:50,493] {processor.py:153} INFO - Started process (PID=7439) to work on /home/milo/13-airflow/airflowhome/airflowenv/lib/python3.9/site-packages/airflow/example_dags/plugins/workday.py
[2023-02-04 02:04:50,494] {processor.py:641} INFO - Processing file /home/milo/13-airflow/airflowhome/airflowenv/lib/python3.9/site-packages/airflow/example_dags/plugins/workday.py for tasks to queue
[2023-02-04 02:04:50,495] {logging_mixin.py:115} INFO - [2023-02-04 02:04:50,494] {dagbag.py:508} INFO - Filling up the DagBag from /home/milo/13-airflow/airflowhome/airflowenv/lib/python3.9/site-packages/airflow/example_dags/plugins/workday.py
[2023-02-04 02:04:50,498] {processor.py:653} WARNING - No viable dags retrieved from /home/milo/13-airflow/airflowhome/airflowenv/lib/python3.9/site-packages/airflow/example_dags/plugins/workday.py
[2023-02-04 02:04:50,520] {processor.py:161} INFO - Processing /home/milo/13-airflow/airflowhome/airflowenv/lib/python3.9/site-packages/airflow/example_dags/plugins/workday.py took 0.033 seconds
[2023-02-04 02:05:24,719] {processor.py:153} INFO - Started process (PID=7476) to work on /home/milo/13-airflow/airflowhome/airflowenv/lib/python3.9/site-packages/airflow/example_dags/plugins/workday.py
[2023-02-04 02:05:24,722] {processor.py:641} INFO - Processing file /home/milo/13-airflow/airflowhome/airflowenv/lib/python3.9/site-packages/airflow/example_dags/plugins/workday.py for tasks to queue
[2023-02-04 02:05:24,723] {logging_mixin.py:115} INFO - [2023-02-04 02:05:24,723] {dagbag.py:508} INFO - Filling up the DagBag from /home/milo/13-airflow/airflowhome/airflowenv/lib/python3.9/site-packages/airflow/example_dags/plugins/workday.py
[2023-02-04 02:05:24,726] {processor.py:653} WARNING - No viable dags retrieved from /home/milo/13-airflow/airflowhome/airflowenv/lib/python3.9/site-packages/airflow/example_dags/plugins/workday.py
[2023-02-04 02:05:24,746] {processor.py:161} INFO - Processing /home/milo/13-airflow/airflowhome/airflowenv/lib/python3.9/site-packages/airflow/example_dags/plugins/workday.py took 0.031 seconds
[2023-02-04 02:05:57,174] {processor.py:153} INFO - Started process (PID=7509) to work on /home/milo/13-airflow/airflowhome/airflowenv/lib/python3.9/site-packages/airflow/example_dags/plugins/workday.py
[2023-02-04 02:05:57,176] {processor.py:641} INFO - Processing file /home/milo/13-airflow/airflowhome/airflowenv/lib/python3.9/site-packages/airflow/example_dags/plugins/workday.py for tasks to queue
[2023-02-04 02:05:57,177] {logging_mixin.py:115} INFO - [2023-02-04 02:05:57,177] {dagbag.py:508} INFO - Filling up the DagBag from /home/milo/13-airflow/airflowhome/airflowenv/lib/python3.9/site-packages/airflow/example_dags/plugins/workday.py
[2023-02-04 02:05:57,180] {processor.py:653} WARNING - No viable dags retrieved from /home/milo/13-airflow/airflowhome/airflowenv/lib/python3.9/site-packages/airflow/example_dags/plugins/workday.py
[2023-02-04 02:05:57,197] {processor.py:161} INFO - Processing /home/milo/13-airflow/airflowhome/airflowenv/lib/python3.9/site-packages/airflow/example_dags/plugins/workday.py took 0.028 seconds
[2023-02-04 02:06:31,329] {processor.py:153} INFO - Started process (PID=7541) to work on /home/milo/13-airflow/airflowhome/airflowenv/lib/python3.9/site-packages/airflow/example_dags/plugins/workday.py
[2023-02-04 02:06:31,330] {processor.py:641} INFO - Processing file /home/milo/13-airflow/airflowhome/airflowenv/lib/python3.9/site-packages/airflow/example_dags/plugins/workday.py for tasks to queue
[2023-02-04 02:06:31,330] {logging_mixin.py:115} INFO - [2023-02-04 02:06:31,330] {dagbag.py:508} INFO - Filling up the DagBag from /home/milo/13-airflow/airflowhome/airflowenv/lib/python3.9/site-packages/airflow/example_dags/plugins/workday.py
[2023-02-04 02:06:31,339] {processor.py:653} WARNING - No viable dags retrieved from /home/milo/13-airflow/airflowhome/airflowenv/lib/python3.9/site-packages/airflow/example_dags/plugins/workday.py
[2023-02-04 02:06:31,361] {processor.py:161} INFO - Processing /home/milo/13-airflow/airflowhome/airflowenv/lib/python3.9/site-packages/airflow/example_dags/plugins/workday.py took 0.037 seconds
[2023-02-04 02:07:02,024] {processor.py:153} INFO - Started process (PID=7570) to work on /home/milo/13-airflow/airflowhome/airflowenv/lib/python3.9/site-packages/airflow/example_dags/plugins/workday.py
[2023-02-04 02:07:02,025] {processor.py:641} INFO - Processing file /home/milo/13-airflow/airflowhome/airflowenv/lib/python3.9/site-packages/airflow/example_dags/plugins/workday.py for tasks to queue
[2023-02-04 02:07:02,026] {logging_mixin.py:115} INFO - [2023-02-04 02:07:02,026] {dagbag.py:508} INFO - Filling up the DagBag from /home/milo/13-airflow/airflowhome/airflowenv/lib/python3.9/site-packages/airflow/example_dags/plugins/workday.py
[2023-02-04 02:07:02,029] {processor.py:653} WARNING - No viable dags retrieved from /home/milo/13-airflow/airflowhome/airflowenv/lib/python3.9/site-packages/airflow/example_dags/plugins/workday.py
[2023-02-04 02:07:02,046] {processor.py:161} INFO - Processing /home/milo/13-airflow/airflowhome/airflowenv/lib/python3.9/site-packages/airflow/example_dags/plugins/workday.py took 0.027 seconds
[2023-02-04 02:07:32,331] {processor.py:153} INFO - Started process (PID=7600) to work on /home/milo/13-airflow/airflowhome/airflowenv/lib/python3.9/site-packages/airflow/example_dags/plugins/workday.py
[2023-02-04 02:07:32,332] {processor.py:641} INFO - Processing file /home/milo/13-airflow/airflowhome/airflowenv/lib/python3.9/site-packages/airflow/example_dags/plugins/workday.py for tasks to queue
[2023-02-04 02:07:32,333] {logging_mixin.py:115} INFO - [2023-02-04 02:07:32,333] {dagbag.py:508} INFO - Filling up the DagBag from /home/milo/13-airflow/airflowhome/airflowenv/lib/python3.9/site-packages/airflow/example_dags/plugins/workday.py
[2023-02-04 02:07:32,336] {processor.py:653} WARNING - No viable dags retrieved from /home/milo/13-airflow/airflowhome/airflowenv/lib/python3.9/site-packages/airflow/example_dags/plugins/workday.py
[2023-02-04 02:07:32,353] {processor.py:161} INFO - Processing /home/milo/13-airflow/airflowhome/airflowenv/lib/python3.9/site-packages/airflow/example_dags/plugins/workday.py took 0.027 seconds
[2023-02-04 02:08:06,814] {processor.py:153} INFO - Started process (PID=7634) to work on /home/milo/13-airflow/airflowhome/airflowenv/lib/python3.9/site-packages/airflow/example_dags/plugins/workday.py
[2023-02-04 02:08:06,815] {processor.py:641} INFO - Processing file /home/milo/13-airflow/airflowhome/airflowenv/lib/python3.9/site-packages/airflow/example_dags/plugins/workday.py for tasks to queue
[2023-02-04 02:08:06,816] {logging_mixin.py:115} INFO - [2023-02-04 02:08:06,816] {dagbag.py:508} INFO - Filling up the DagBag from /home/milo/13-airflow/airflowhome/airflowenv/lib/python3.9/site-packages/airflow/example_dags/plugins/workday.py
[2023-02-04 02:08:06,819] {processor.py:653} WARNING - No viable dags retrieved from /home/milo/13-airflow/airflowhome/airflowenv/lib/python3.9/site-packages/airflow/example_dags/plugins/workday.py
[2023-02-04 02:08:06,838] {processor.py:161} INFO - Processing /home/milo/13-airflow/airflowhome/airflowenv/lib/python3.9/site-packages/airflow/example_dags/plugins/workday.py took 0.029 seconds
[2023-02-04 02:08:37,072] {processor.py:153} INFO - Started process (PID=7663) to work on /home/milo/13-airflow/airflowhome/airflowenv/lib/python3.9/site-packages/airflow/example_dags/plugins/workday.py
[2023-02-04 02:08:37,073] {processor.py:641} INFO - Processing file /home/milo/13-airflow/airflowhome/airflowenv/lib/python3.9/site-packages/airflow/example_dags/plugins/workday.py for tasks to queue
[2023-02-04 02:08:37,074] {logging_mixin.py:115} INFO - [2023-02-04 02:08:37,074] {dagbag.py:508} INFO - Filling up the DagBag from /home/milo/13-airflow/airflowhome/airflowenv/lib/python3.9/site-packages/airflow/example_dags/plugins/workday.py
[2023-02-04 02:08:37,076] {processor.py:653} WARNING - No viable dags retrieved from /home/milo/13-airflow/airflowhome/airflowenv/lib/python3.9/site-packages/airflow/example_dags/plugins/workday.py
[2023-02-04 02:08:37,096] {processor.py:161} INFO - Processing /home/milo/13-airflow/airflowhome/airflowenv/lib/python3.9/site-packages/airflow/example_dags/plugins/workday.py took 0.029 seconds
[2023-02-04 02:09:09,627] {processor.py:153} INFO - Started process (PID=7728) to work on /home/milo/13-airflow/airflowhome/airflowenv/lib/python3.9/site-packages/airflow/example_dags/plugins/workday.py
[2023-02-04 02:09:09,628] {processor.py:641} INFO - Processing file /home/milo/13-airflow/airflowhome/airflowenv/lib/python3.9/site-packages/airflow/example_dags/plugins/workday.py for tasks to queue
[2023-02-04 02:09:09,629] {logging_mixin.py:115} INFO - [2023-02-04 02:09:09,629] {dagbag.py:508} INFO - Filling up the DagBag from /home/milo/13-airflow/airflowhome/airflowenv/lib/python3.9/site-packages/airflow/example_dags/plugins/workday.py
[2023-02-04 02:09:09,632] {processor.py:653} WARNING - No viable dags retrieved from /home/milo/13-airflow/airflowhome/airflowenv/lib/python3.9/site-packages/airflow/example_dags/plugins/workday.py
[2023-02-04 02:09:09,652] {processor.py:161} INFO - Processing /home/milo/13-airflow/airflowhome/airflowenv/lib/python3.9/site-packages/airflow/example_dags/plugins/workday.py took 0.031 seconds
[2023-02-04 02:11:55,104] {processor.py:153} INFO - Started process (PID=7788) to work on /home/milo/13-airflow/airflowhome/airflowenv/lib/python3.9/site-packages/airflow/example_dags/plugins/workday.py
[2023-02-04 02:11:55,113] {processor.py:641} INFO - Processing file /home/milo/13-airflow/airflowhome/airflowenv/lib/python3.9/site-packages/airflow/example_dags/plugins/workday.py for tasks to queue
[2023-02-04 02:11:55,114] {logging_mixin.py:115} INFO - [2023-02-04 02:11:55,113] {dagbag.py:508} INFO - Filling up the DagBag from /home/milo/13-airflow/airflowhome/airflowenv/lib/python3.9/site-packages/airflow/example_dags/plugins/workday.py
[2023-02-04 02:11:55,117] {processor.py:653} WARNING - No viable dags retrieved from /home/milo/13-airflow/airflowhome/airflowenv/lib/python3.9/site-packages/airflow/example_dags/plugins/workday.py
[2023-02-04 02:11:55,154] {processor.py:161} INFO - Processing /home/milo/13-airflow/airflowhome/airflowenv/lib/python3.9/site-packages/airflow/example_dags/plugins/workday.py took 0.065 seconds
[2023-02-04 02:21:46,087] {processor.py:153} INFO - Started process (PID=7870) to work on /home/milo/13-airflow/airflowhome/airflowenv/lib/python3.9/site-packages/airflow/example_dags/plugins/workday.py
[2023-02-04 02:21:46,089] {processor.py:641} INFO - Processing file /home/milo/13-airflow/airflowhome/airflowenv/lib/python3.9/site-packages/airflow/example_dags/plugins/workday.py for tasks to queue
[2023-02-04 02:21:46,092] {logging_mixin.py:115} INFO - [2023-02-04 02:21:46,092] {dagbag.py:508} INFO - Filling up the DagBag from /home/milo/13-airflow/airflowhome/airflowenv/lib/python3.9/site-packages/airflow/example_dags/plugins/workday.py
[2023-02-04 02:21:46,096] {processor.py:653} WARNING - No viable dags retrieved from /home/milo/13-airflow/airflowhome/airflowenv/lib/python3.9/site-packages/airflow/example_dags/plugins/workday.py
[2023-02-04 02:21:46,114] {processor.py:161} INFO - Processing /home/milo/13-airflow/airflowhome/airflowenv/lib/python3.9/site-packages/airflow/example_dags/plugins/workday.py took 0.032 seconds
