[2023-02-05 21:43:43,203] {taskinstance.py:1179} INFO - Dependencies all met for <TaskInstance: 06_monitoring.task_5 scheduled__2022-11-15T00:00:00+00:00 [queued]>
[2023-02-05 21:43:43,215] {taskinstance.py:1179} INFO - Dependencies all met for <TaskInstance: 06_monitoring.task_5 scheduled__2022-11-15T00:00:00+00:00 [queued]>
[2023-02-05 21:43:43,216] {taskinstance.py:1376} INFO - 
--------------------------------------------------------------------------------
[2023-02-05 21:43:43,216] {taskinstance.py:1377} INFO - Starting attempt 1 of 1
[2023-02-05 21:43:43,216] {taskinstance.py:1378} INFO - 
--------------------------------------------------------------------------------
[2023-02-05 21:43:43,238] {taskinstance.py:1397} INFO - Executing <Task(BashOperator): task_5> on 2022-11-15 00:00:00+00:00
[2023-02-05 21:43:43,241] {standard_task_runner.py:52} INFO - Started process 36603 to run task
[2023-02-05 21:43:43,246] {standard_task_runner.py:79} INFO - Running: ['airflow', 'tasks', 'run', '06_monitoring', 'task_5', 'scheduled__2022-11-15T00:00:00+00:00', '--job-id', '214', '--raw', '--subdir', 'DAGS_FOLDER/06_monitoring.py', '--cfg-path', '/tmp/tmp9n8ufv95', '--error-file', '/tmp/tmpin0_6a4b']
[2023-02-05 21:43:43,247] {standard_task_runner.py:80} INFO - Job 214: Subtask task_5
[2023-02-05 21:43:43,335] {task_command.py:371} INFO - Running <TaskInstance: 06_monitoring.task_5 scheduled__2022-11-15T00:00:00+00:00 [running]> on host pc.
[2023-02-05 21:43:43,420] {taskinstance.py:1589} INFO - Exporting the following env vars:
AIRFLOW_CTX_DAG_OWNER=airflow
AIRFLOW_CTX_DAG_ID=06_monitoring
AIRFLOW_CTX_TASK_ID=task_5
AIRFLOW_CTX_EXECUTION_DATE=2022-11-15T00:00:00+00:00
AIRFLOW_CTX_TRY_NUMBER=1
AIRFLOW_CTX_DAG_RUN_ID=scheduled__2022-11-15T00:00:00+00:00
[2023-02-05 21:43:43,421] {subprocess.py:62} INFO - Tmp dir root location: 
 /tmp
[2023-02-05 21:43:43,422] {subprocess.py:74} INFO - Running command: ['bash', '-c', "sleep 2 && echo 'Fifth task!'"]
[2023-02-05 21:43:43,430] {subprocess.py:85} INFO - Output:
[2023-02-05 21:43:45,433] {subprocess.py:92} INFO - Fifth task!
[2023-02-05 21:43:45,433] {subprocess.py:96} INFO - Command exited with return code 0
[2023-02-05 21:43:45,463] {taskinstance.py:1415} INFO - Marking task as SUCCESS. dag_id=06_monitoring, task_id=task_5, execution_date=20221115T000000, start_date=20230206T024343, end_date=20230206T024345
[2023-02-05 21:43:45,507] {local_task_job.py:156} INFO - Task exited with return code 0
[2023-02-05 21:43:45,534] {local_task_job.py:273} INFO - 0 downstream tasks scheduled from follow-on schedule check
