[2023-02-05 17:47:24,891] {taskinstance.py:1179} INFO - Dependencies all met for <TaskInstance: orchestration.task_2 scheduled__2023-01-11T00:00:00+00:00 [queued]>
[2023-02-05 17:47:24,902] {taskinstance.py:1179} INFO - Dependencies all met for <TaskInstance: orchestration.task_2 scheduled__2023-01-11T00:00:00+00:00 [queued]>
[2023-02-05 17:47:24,902] {taskinstance.py:1376} INFO - 
--------------------------------------------------------------------------------
[2023-02-05 17:47:24,902] {taskinstance.py:1377} INFO - Starting attempt 1 of 1
[2023-02-05 17:47:24,902] {taskinstance.py:1378} INFO - 
--------------------------------------------------------------------------------
[2023-02-05 17:47:24,926] {taskinstance.py:1397} INFO - Executing <Task(BashOperator): task_2> on 2023-01-11 00:00:00+00:00
[2023-02-05 17:47:24,929] {standard_task_runner.py:52} INFO - Started process 30052 to run task
[2023-02-05 17:47:24,935] {standard_task_runner.py:79} INFO - Running: ['airflow', 'tasks', 'run', 'orchestration', 'task_2', 'scheduled__2023-01-11T00:00:00+00:00', '--job-id', '92', '--raw', '--subdir', 'DAGS_FOLDER/5_orchestration_2.py', '--cfg-path', '/tmp/tmp1iamzr4l', '--error-file', '/tmp/tmpydf50rso']
[2023-02-05 17:47:24,936] {standard_task_runner.py:80} INFO - Job 92: Subtask task_2
[2023-02-05 17:47:25,015] {task_command.py:371} INFO - Running <TaskInstance: orchestration.task_2 scheduled__2023-01-11T00:00:00+00:00 [running]> on host pc.
[2023-02-05 17:47:25,102] {taskinstance.py:1589} INFO - Exporting the following env vars:
AIRFLOW_CTX_DAG_OWNER=airflow
AIRFLOW_CTX_DAG_ID=orchestration
AIRFLOW_CTX_TASK_ID=task_2
AIRFLOW_CTX_EXECUTION_DATE=2023-01-11T00:00:00+00:00
AIRFLOW_CTX_TRY_NUMBER=1
AIRFLOW_CTX_DAG_RUN_ID=scheduled__2023-01-11T00:00:00+00:00
[2023-02-05 17:47:25,103] {subprocess.py:62} INFO - Tmp dir root location: 
 /tmp
[2023-02-05 17:47:25,104] {subprocess.py:74} INFO - Running command: ['bash', '-c', "sleep 2 && echo 'Task_2'"]
[2023-02-05 17:47:25,111] {subprocess.py:85} INFO - Output:
[2023-02-05 17:47:27,113] {subprocess.py:92} INFO - Task_2
[2023-02-05 17:47:27,114] {subprocess.py:96} INFO - Command exited with return code 0
[2023-02-05 17:47:27,142] {taskinstance.py:1415} INFO - Marking task as SUCCESS. dag_id=orchestration, task_id=task_2, execution_date=20230111T000000, start_date=20230205T224724, end_date=20230205T224727
[2023-02-05 17:47:27,194] {local_task_job.py:156} INFO - Task exited with return code 0
[2023-02-05 17:47:27,243] {local_task_job.py:273} INFO - 2 downstream tasks scheduled from follow-on schedule check
[2023-02-05 17:58:19,652] {taskinstance.py:1179} INFO - Dependencies all met for <TaskInstance: orchestration.task_2 scheduled__2023-01-11T00:00:00+00:00 [queued]>
[2023-02-05 17:58:19,665] {taskinstance.py:1179} INFO - Dependencies all met for <TaskInstance: orchestration.task_2 scheduled__2023-01-11T00:00:00+00:00 [queued]>
[2023-02-05 17:58:19,665] {taskinstance.py:1376} INFO - 
--------------------------------------------------------------------------------
[2023-02-05 17:58:19,665] {taskinstance.py:1377} INFO - Starting attempt 1 of 1
[2023-02-05 17:58:19,665] {taskinstance.py:1378} INFO - 
--------------------------------------------------------------------------------
[2023-02-05 17:58:19,686] {taskinstance.py:1397} INFO - Executing <Task(BashOperator): task_2> on 2023-01-11 00:00:00+00:00
[2023-02-05 17:58:19,690] {standard_task_runner.py:52} INFO - Started process 30706 to run task
[2023-02-05 17:58:19,694] {standard_task_runner.py:79} INFO - Running: ['airflow', 'tasks', 'run', 'orchestration', 'task_2', 'scheduled__2023-01-11T00:00:00+00:00', '--job-id', '92', '--raw', '--subdir', 'DAGS_FOLDER/5_orchestration_2.py', '--cfg-path', '/tmp/tmp_xzq02ni', '--error-file', '/tmp/tmpg2y76a2t']
[2023-02-05 17:58:19,695] {standard_task_runner.py:80} INFO - Job 92: Subtask task_2
[2023-02-05 17:58:19,776] {task_command.py:371} INFO - Running <TaskInstance: orchestration.task_2 scheduled__2023-01-11T00:00:00+00:00 [running]> on host pc.
[2023-02-05 17:58:19,891] {taskinstance.py:1589} INFO - Exporting the following env vars:
AIRFLOW_CTX_DAG_OWNER=airflow
AIRFLOW_CTX_DAG_ID=orchestration
AIRFLOW_CTX_TASK_ID=task_2
AIRFLOW_CTX_EXECUTION_DATE=2023-01-11T00:00:00+00:00
AIRFLOW_CTX_TRY_NUMBER=1
AIRFLOW_CTX_DAG_RUN_ID=scheduled__2023-01-11T00:00:00+00:00
[2023-02-05 17:58:19,892] {subprocess.py:62} INFO - Tmp dir root location: 
 /tmp
[2023-02-05 17:58:19,892] {subprocess.py:74} INFO - Running command: ['bash', '-c', "sleep 1 && echo 'Task_2'"]
[2023-02-05 17:58:19,904] {subprocess.py:85} INFO - Output:
[2023-02-05 17:58:20,907] {subprocess.py:92} INFO - Task_2
[2023-02-05 17:58:20,908] {subprocess.py:96} INFO - Command exited with return code 0
[2023-02-05 17:58:20,941] {taskinstance.py:1415} INFO - Marking task as SUCCESS. dag_id=orchestration, task_id=task_2, execution_date=20230111T000000, start_date=20230205T225819, end_date=20230205T225820
[2023-02-05 17:58:20,990] {local_task_job.py:156} INFO - Task exited with return code 0
[2023-02-05 17:58:21,047] {local_task_job.py:273} INFO - 2 downstream tasks scheduled from follow-on schedule check
