[2023-02-08 00:11:02,258] {taskinstance.py:1179} INFO - Dependencies all met for <TaskInstance: 09_Xcoms.task_1_source scheduled__2022-12-21T00:00:00+00:00 [queued]>
[2023-02-08 00:11:02,268] {taskinstance.py:1179} INFO - Dependencies all met for <TaskInstance: 09_Xcoms.task_1_source scheduled__2022-12-21T00:00:00+00:00 [queued]>
[2023-02-08 00:11:02,268] {taskinstance.py:1376} INFO - 
--------------------------------------------------------------------------------
[2023-02-08 00:11:02,268] {taskinstance.py:1377} INFO - Starting attempt 2 of 2
[2023-02-08 00:11:02,268] {taskinstance.py:1378} INFO - 
--------------------------------------------------------------------------------
[2023-02-08 00:11:02,289] {taskinstance.py:1397} INFO - Executing <Task(BashOperator): task_1_source> on 2022-12-21 00:00:00+00:00
[2023-02-08 00:11:02,293] {standard_task_runner.py:52} INFO - Started process 51659 to run task
[2023-02-08 00:11:02,299] {standard_task_runner.py:79} INFO - Running: ['airflow', 'tasks', 'run', '09_Xcoms', 'task_1_source', 'scheduled__2022-12-21T00:00:00+00:00', '--job-id', '1110', '--raw', '--subdir', 'DAGS_FOLDER/09_xcoms.py', '--cfg-path', '/tmp/tmp0f6j36yg', '--error-file', '/tmp/tmpj6jbl1sf']
[2023-02-08 00:11:02,301] {standard_task_runner.py:80} INFO - Job 1110: Subtask task_1_source
[2023-02-08 00:11:02,386] {task_command.py:371} INFO - Running <TaskInstance: 09_Xcoms.task_1_source scheduled__2022-12-21T00:00:00+00:00 [running]> on host pc.
[2023-02-08 00:11:02,487] {taskinstance.py:1589} INFO - Exporting the following env vars:
AIRFLOW_CTX_DAG_OWNER=airflow
AIRFLOW_CTX_DAG_ID=09_Xcoms
AIRFLOW_CTX_TASK_ID=task_1_source
AIRFLOW_CTX_EXECUTION_DATE=2022-12-21T00:00:00+00:00
AIRFLOW_CTX_TRY_NUMBER=2
AIRFLOW_CTX_DAG_RUN_ID=scheduled__2022-12-21T00:00:00+00:00
[2023-02-08 00:11:02,488] {subprocess.py:62} INFO - Tmp dir root location: 
 /tmp
[2023-02-08 00:11:02,489] {subprocess.py:74} INFO - Running command: ['bash', '-c', 'sleep 5 && echo $((5 * 3))']
[2023-02-08 00:11:02,498] {subprocess.py:85} INFO - Output:
[2023-02-08 00:11:07,501] {subprocess.py:92} INFO - 15
[2023-02-08 00:11:07,501] {subprocess.py:96} INFO - Command exited with return code 0
[2023-02-08 00:11:07,539] {taskinstance.py:1415} INFO - Marking task as SUCCESS. dag_id=09_Xcoms, task_id=task_1_source, execution_date=20221221T000000, start_date=20230208T051102, end_date=20230208T051107
[2023-02-08 00:11:07,569] {local_task_job.py:156} INFO - Task exited with return code 0
[2023-02-08 00:11:07,610] {local_task_job.py:273} INFO - 1 downstream tasks scheduled from follow-on schedule check
