[2023-02-05 17:47:42,200] {taskinstance.py:1179} INFO - Dependencies all met for <TaskInstance: orchestration.task_2 scheduled__2023-01-13T00:00:00+00:00 [queued]>
[2023-02-05 17:47:42,210] {taskinstance.py:1179} INFO - Dependencies all met for <TaskInstance: orchestration.task_2 scheduled__2023-01-13T00:00:00+00:00 [queued]>
[2023-02-05 17:47:42,211] {taskinstance.py:1376} INFO - 
--------------------------------------------------------------------------------
[2023-02-05 17:47:42,211] {taskinstance.py:1377} INFO - Starting attempt 1 of 1
[2023-02-05 17:47:42,211] {taskinstance.py:1378} INFO - 
--------------------------------------------------------------------------------
[2023-02-05 17:47:42,232] {taskinstance.py:1397} INFO - Executing <Task(BashOperator): task_2> on 2023-01-13 00:00:00+00:00
[2023-02-05 17:47:42,235] {standard_task_runner.py:52} INFO - Started process 30075 to run task
[2023-02-05 17:47:42,241] {standard_task_runner.py:79} INFO - Running: ['airflow', 'tasks', 'run', 'orchestration', 'task_2', 'scheduled__2023-01-13T00:00:00+00:00', '--job-id', '96', '--raw', '--subdir', 'DAGS_FOLDER/5_orchestration_2.py', '--cfg-path', '/tmp/tmpmp54efgy', '--error-file', '/tmp/tmp8yoqegwf']
[2023-02-05 17:47:42,242] {standard_task_runner.py:80} INFO - Job 96: Subtask task_2
[2023-02-05 17:47:42,323] {task_command.py:371} INFO - Running <TaskInstance: orchestration.task_2 scheduled__2023-01-13T00:00:00+00:00 [running]> on host pc.
[2023-02-05 17:47:42,412] {taskinstance.py:1589} INFO - Exporting the following env vars:
AIRFLOW_CTX_DAG_OWNER=airflow
AIRFLOW_CTX_DAG_ID=orchestration
AIRFLOW_CTX_TASK_ID=task_2
AIRFLOW_CTX_EXECUTION_DATE=2023-01-13T00:00:00+00:00
AIRFLOW_CTX_TRY_NUMBER=1
AIRFLOW_CTX_DAG_RUN_ID=scheduled__2023-01-13T00:00:00+00:00
[2023-02-05 17:47:42,413] {subprocess.py:62} INFO - Tmp dir root location: 
 /tmp
[2023-02-05 17:47:42,414] {subprocess.py:74} INFO - Running command: ['bash', '-c', "sleep 2 && echo 'Task_2'"]
[2023-02-05 17:47:42,421] {subprocess.py:85} INFO - Output:
[2023-02-05 17:47:44,424] {subprocess.py:92} INFO - Task_2
[2023-02-05 17:47:44,424] {subprocess.py:96} INFO - Command exited with return code 0
[2023-02-05 17:47:44,454] {taskinstance.py:1415} INFO - Marking task as SUCCESS. dag_id=orchestration, task_id=task_2, execution_date=20230113T000000, start_date=20230205T224742, end_date=20230205T224744
[2023-02-05 17:47:44,501] {local_task_job.py:156} INFO - Task exited with return code 0
[2023-02-05 17:47:44,548] {local_task_job.py:273} INFO - 2 downstream tasks scheduled from follow-on schedule check
[2023-02-05 17:58:48,454] {taskinstance.py:1179} INFO - Dependencies all met for <TaskInstance: orchestration.task_2 scheduled__2023-01-13T00:00:00+00:00 [queued]>
[2023-02-05 17:58:48,467] {taskinstance.py:1179} INFO - Dependencies all met for <TaskInstance: orchestration.task_2 scheduled__2023-01-13T00:00:00+00:00 [queued]>
[2023-02-05 17:58:48,467] {taskinstance.py:1376} INFO - 
--------------------------------------------------------------------------------
[2023-02-05 17:58:48,467] {taskinstance.py:1377} INFO - Starting attempt 1 of 1
[2023-02-05 17:58:48,467] {taskinstance.py:1378} INFO - 
--------------------------------------------------------------------------------
[2023-02-05 17:58:48,489] {taskinstance.py:1397} INFO - Executing <Task(BashOperator): task_2> on 2023-01-13 00:00:00+00:00
[2023-02-05 17:58:48,492] {standard_task_runner.py:52} INFO - Started process 30742 to run task
[2023-02-05 17:58:48,497] {standard_task_runner.py:79} INFO - Running: ['airflow', 'tasks', 'run', 'orchestration', 'task_2', 'scheduled__2023-01-13T00:00:00+00:00', '--job-id', '100', '--raw', '--subdir', 'DAGS_FOLDER/5_orchestration_2.py', '--cfg-path', '/tmp/tmpbmmdaalb', '--error-file', '/tmp/tmp23ta_mnk']
[2023-02-05 17:58:48,498] {standard_task_runner.py:80} INFO - Job 100: Subtask task_2
[2023-02-05 17:58:48,578] {task_command.py:371} INFO - Running <TaskInstance: orchestration.task_2 scheduled__2023-01-13T00:00:00+00:00 [running]> on host pc.
[2023-02-05 17:58:48,659] {taskinstance.py:1589} INFO - Exporting the following env vars:
AIRFLOW_CTX_DAG_OWNER=airflow
AIRFLOW_CTX_DAG_ID=orchestration
AIRFLOW_CTX_TASK_ID=task_2
AIRFLOW_CTX_EXECUTION_DATE=2023-01-13T00:00:00+00:00
AIRFLOW_CTX_TRY_NUMBER=1
AIRFLOW_CTX_DAG_RUN_ID=scheduled__2023-01-13T00:00:00+00:00
[2023-02-05 17:58:48,660] {subprocess.py:62} INFO - Tmp dir root location: 
 /tmp
[2023-02-05 17:58:48,660] {subprocess.py:74} INFO - Running command: ['bash', '-c', "sleep 1 && echo 'Task_2'"]
[2023-02-05 17:58:48,668] {subprocess.py:85} INFO - Output:
[2023-02-05 17:58:49,671] {subprocess.py:92} INFO - Task_2
[2023-02-05 17:58:49,671] {subprocess.py:96} INFO - Command exited with return code 0
[2023-02-05 17:58:49,699] {taskinstance.py:1415} INFO - Marking task as SUCCESS. dag_id=orchestration, task_id=task_2, execution_date=20230113T000000, start_date=20230205T225848, end_date=20230205T225849
[2023-02-05 17:58:49,753] {local_task_job.py:156} INFO - Task exited with return code 0
[2023-02-05 17:58:49,806] {local_task_job.py:273} INFO - 2 downstream tasks scheduled from follow-on schedule check
