[2023-02-05 21:20:39,710] {taskinstance.py:1179} INFO - Dependencies all met for <TaskInstance: 06_monitoring.task_3 scheduled__2022-11-07T00:00:00+00:00 [queued]>
[2023-02-05 21:20:39,721] {taskinstance.py:1179} INFO - Dependencies all met for <TaskInstance: 06_monitoring.task_3 scheduled__2022-11-07T00:00:00+00:00 [queued]>
[2023-02-05 21:20:39,722] {taskinstance.py:1376} INFO - 
--------------------------------------------------------------------------------
[2023-02-05 21:20:39,722] {taskinstance.py:1377} INFO - Starting attempt 1 of 1
[2023-02-05 21:20:39,722] {taskinstance.py:1378} INFO - 
--------------------------------------------------------------------------------
[2023-02-05 21:20:39,742] {taskinstance.py:1397} INFO - Executing <Task(BashOperator): task_3> on 2022-11-07 00:00:00+00:00
[2023-02-05 21:20:39,746] {standard_task_runner.py:52} INFO - Started process 35562 to run task
[2023-02-05 21:20:39,751] {standard_task_runner.py:79} INFO - Running: ['airflow', 'tasks', 'run', '06_monitoring', 'task_3', 'scheduled__2022-11-07T00:00:00+00:00', '--job-id', '187', '--raw', '--subdir', 'DAGS_FOLDER/06_monitoring.py', '--cfg-path', '/tmp/tmpjfl164jv', '--error-file', '/tmp/tmptk1uazde']
[2023-02-05 21:20:39,752] {standard_task_runner.py:80} INFO - Job 187: Subtask task_3
[2023-02-05 21:20:39,829] {task_command.py:371} INFO - Running <TaskInstance: 06_monitoring.task_3 scheduled__2022-11-07T00:00:00+00:00 [running]> on host pc.
[2023-02-05 21:20:39,918] {taskinstance.py:1589} INFO - Exporting the following env vars:
AIRFLOW_CTX_DAG_OWNER=airflow
AIRFLOW_CTX_DAG_ID=06_monitoring
AIRFLOW_CTX_TASK_ID=task_3
AIRFLOW_CTX_EXECUTION_DATE=2022-11-07T00:00:00+00:00
AIRFLOW_CTX_TRY_NUMBER=1
AIRFLOW_CTX_DAG_RUN_ID=scheduled__2022-11-07T00:00:00+00:00
[2023-02-05 21:20:39,919] {subprocess.py:62} INFO - Tmp dir root location: 
 /tmp
[2023-02-05 21:20:39,920] {subprocess.py:74} INFO - Running command: ['bash', '-c', "sleep 2 && echo 'Third task!'"]
[2023-02-05 21:20:39,927] {subprocess.py:85} INFO - Output:
[2023-02-05 21:20:41,929] {subprocess.py:92} INFO - Third task!
[2023-02-05 21:20:41,930] {subprocess.py:96} INFO - Command exited with return code 0
[2023-02-05 21:20:44,036] {taskinstance.py:1415} INFO - Marking task as SUCCESS. dag_id=06_monitoring, task_id=task_3, execution_date=20221107T000000, start_date=20230206T022039, end_date=20230206T022044
[2023-02-05 21:20:44,819] {local_task_job.py:156} INFO - Task exited with return code 0
[2023-02-05 21:20:44,858] {local_task_job.py:273} INFO - 1 downstream tasks scheduled from follow-on schedule check
[2023-02-05 21:41:41,143] {taskinstance.py:1179} INFO - Dependencies all met for <TaskInstance: 06_monitoring.task_3 scheduled__2022-11-07T00:00:00+00:00 [queued]>
[2023-02-05 21:41:41,154] {taskinstance.py:1179} INFO - Dependencies all met for <TaskInstance: 06_monitoring.task_3 scheduled__2022-11-07T00:00:00+00:00 [queued]>
[2023-02-05 21:41:41,154] {taskinstance.py:1376} INFO - 
--------------------------------------------------------------------------------
[2023-02-05 21:41:41,154] {taskinstance.py:1377} INFO - Starting attempt 1 of 1
[2023-02-05 21:41:41,154] {taskinstance.py:1378} INFO - 
--------------------------------------------------------------------------------
[2023-02-05 21:41:41,174] {taskinstance.py:1397} INFO - Executing <Task(BashOperator): task_3> on 2022-11-07 00:00:00+00:00
[2023-02-05 21:41:41,178] {standard_task_runner.py:52} INFO - Started process 36479 to run task
[2023-02-05 21:41:41,183] {standard_task_runner.py:79} INFO - Running: ['airflow', 'tasks', 'run', '06_monitoring', 'task_3', 'scheduled__2022-11-07T00:00:00+00:00', '--job-id', '178', '--raw', '--subdir', 'DAGS_FOLDER/06_monitoring.py', '--cfg-path', '/tmp/tmp4p0m1q2e', '--error-file', '/tmp/tmp6cz4omdz']
[2023-02-05 21:41:41,184] {standard_task_runner.py:80} INFO - Job 178: Subtask task_3
[2023-02-05 21:41:41,266] {task_command.py:371} INFO - Running <TaskInstance: 06_monitoring.task_3 scheduled__2022-11-07T00:00:00+00:00 [running]> on host pc.
[2023-02-05 21:41:41,352] {taskinstance.py:1589} INFO - Exporting the following env vars:
AIRFLOW_CTX_DAG_OWNER=airflow
AIRFLOW_CTX_DAG_ID=06_monitoring
AIRFLOW_CTX_TASK_ID=task_3
AIRFLOW_CTX_EXECUTION_DATE=2022-11-07T00:00:00+00:00
AIRFLOW_CTX_TRY_NUMBER=1
AIRFLOW_CTX_DAG_RUN_ID=scheduled__2022-11-07T00:00:00+00:00
[2023-02-05 21:41:41,353] {subprocess.py:62} INFO - Tmp dir root location: 
 /tmp
[2023-02-05 21:41:41,354] {subprocess.py:74} INFO - Running command: ['bash', '-c', "sleep 2 && echo 'Third task!'"]
[2023-02-05 21:41:41,362] {subprocess.py:85} INFO - Output:
[2023-02-05 21:41:43,364] {subprocess.py:92} INFO - Third task!
[2023-02-05 21:41:43,365] {subprocess.py:96} INFO - Command exited with return code 0
[2023-02-05 21:41:43,396] {taskinstance.py:1415} INFO - Marking task as SUCCESS. dag_id=06_monitoring, task_id=task_3, execution_date=20221107T000000, start_date=20230206T024141, end_date=20230206T024143
[2023-02-05 21:41:43,442] {local_task_job.py:156} INFO - Task exited with return code 0
[2023-02-05 21:41:43,488] {local_task_job.py:273} INFO - 1 downstream tasks scheduled from follow-on schedule check
