[2023-02-05 17:45:05,080] {taskinstance.py:1179} INFO - Dependencies all met for <TaskInstance: orchestration.task_2 scheduled__2023-01-04T00:00:00+00:00 [queued]>
[2023-02-05 17:45:05,097] {taskinstance.py:1179} INFO - Dependencies all met for <TaskInstance: orchestration.task_2 scheduled__2023-01-04T00:00:00+00:00 [queued]>
[2023-02-05 17:45:05,098] {taskinstance.py:1376} INFO - 
--------------------------------------------------------------------------------
[2023-02-05 17:45:05,099] {taskinstance.py:1377} INFO - Starting attempt 1 of 1
[2023-02-05 17:45:05,099] {taskinstance.py:1378} INFO - 
--------------------------------------------------------------------------------
[2023-02-05 17:45:05,129] {taskinstance.py:1397} INFO - Executing <Task(BashOperator): task_2> on 2023-01-04 00:00:00+00:00
[2023-02-05 17:45:05,134] {standard_task_runner.py:52} INFO - Started process 29896 to run task
[2023-02-05 17:45:05,140] {standard_task_runner.py:79} INFO - Running: ['airflow', 'tasks', 'run', 'orchestration', 'task_2', 'scheduled__2023-01-04T00:00:00+00:00', '--job-id', '60', '--raw', '--subdir', 'DAGS_FOLDER/5_orchestration_2.py', '--cfg-path', '/tmp/tmp310bsf0g', '--error-file', '/tmp/tmp5cgdn2di']
[2023-02-05 17:45:05,141] {standard_task_runner.py:80} INFO - Job 60: Subtask task_2
[2023-02-05 17:45:05,228] {task_command.py:371} INFO - Running <TaskInstance: orchestration.task_2 scheduled__2023-01-04T00:00:00+00:00 [running]> on host pc.
[2023-02-05 17:45:05,330] {taskinstance.py:1589} INFO - Exporting the following env vars:
AIRFLOW_CTX_DAG_OWNER=airflow
AIRFLOW_CTX_DAG_ID=orchestration
AIRFLOW_CTX_TASK_ID=task_2
AIRFLOW_CTX_EXECUTION_DATE=2023-01-04T00:00:00+00:00
AIRFLOW_CTX_TRY_NUMBER=1
AIRFLOW_CTX_DAG_RUN_ID=scheduled__2023-01-04T00:00:00+00:00
[2023-02-05 17:45:05,331] {subprocess.py:62} INFO - Tmp dir root location: 
 /tmp
[2023-02-05 17:45:05,332] {subprocess.py:74} INFO - Running command: ['bash', '-c', "sleep 2 && echo 'Task_2'"]
[2023-02-05 17:45:05,340] {subprocess.py:85} INFO - Output:
[2023-02-05 17:45:07,342] {subprocess.py:92} INFO - Task_2
[2023-02-05 17:45:07,343] {subprocess.py:96} INFO - Command exited with return code 0
[2023-02-05 17:45:07,373] {taskinstance.py:1415} INFO - Marking task as SUCCESS. dag_id=orchestration, task_id=task_2, execution_date=20230104T000000, start_date=20230205T224505, end_date=20230205T224507
[2023-02-05 17:45:07,401] {local_task_job.py:156} INFO - Task exited with return code 0
[2023-02-05 17:45:07,469] {local_task_job.py:273} INFO - 2 downstream tasks scheduled from follow-on schedule check
[2023-02-05 17:56:14,542] {taskinstance.py:1179} INFO - Dependencies all met for <TaskInstance: orchestration.task_2 scheduled__2023-01-04T00:00:00+00:00 [queued]>
[2023-02-05 17:56:14,555] {taskinstance.py:1179} INFO - Dependencies all met for <TaskInstance: orchestration.task_2 scheduled__2023-01-04T00:00:00+00:00 [queued]>
[2023-02-05 17:56:14,555] {taskinstance.py:1376} INFO - 
--------------------------------------------------------------------------------
[2023-02-05 17:56:14,555] {taskinstance.py:1377} INFO - Starting attempt 1 of 1
[2023-02-05 17:56:14,555] {taskinstance.py:1378} INFO - 
--------------------------------------------------------------------------------
[2023-02-05 17:56:14,575] {taskinstance.py:1397} INFO - Executing <Task(BashOperator): task_2> on 2023-01-04 00:00:00+00:00
[2023-02-05 17:56:14,578] {standard_task_runner.py:52} INFO - Started process 30558 to run task
[2023-02-05 17:56:14,583] {standard_task_runner.py:79} INFO - Running: ['airflow', 'tasks', 'run', 'orchestration', 'task_2', 'scheduled__2023-01-04T00:00:00+00:00', '--job-id', '64', '--raw', '--subdir', 'DAGS_FOLDER/5_orchestration_2.py', '--cfg-path', '/tmp/tmp2uz2br9r', '--error-file', '/tmp/tmp4i0zmmh0']
[2023-02-05 17:56:14,585] {standard_task_runner.py:80} INFO - Job 64: Subtask task_2
[2023-02-05 17:56:14,664] {task_command.py:371} INFO - Running <TaskInstance: orchestration.task_2 scheduled__2023-01-04T00:00:00+00:00 [running]> on host pc.
[2023-02-05 17:56:14,743] {taskinstance.py:1589} INFO - Exporting the following env vars:
AIRFLOW_CTX_DAG_OWNER=airflow
AIRFLOW_CTX_DAG_ID=orchestration
AIRFLOW_CTX_TASK_ID=task_2
AIRFLOW_CTX_EXECUTION_DATE=2023-01-04T00:00:00+00:00
AIRFLOW_CTX_TRY_NUMBER=1
AIRFLOW_CTX_DAG_RUN_ID=scheduled__2023-01-04T00:00:00+00:00
[2023-02-05 17:56:14,745] {subprocess.py:62} INFO - Tmp dir root location: 
 /tmp
[2023-02-05 17:56:14,745] {subprocess.py:74} INFO - Running command: ['bash', '-c', "sleep 1 && echo 'Task_2'"]
[2023-02-05 17:56:14,753] {subprocess.py:85} INFO - Output:
[2023-02-05 17:56:15,755] {subprocess.py:92} INFO - Task_2
[2023-02-05 17:56:15,756] {subprocess.py:96} INFO - Command exited with return code 0
[2023-02-05 17:56:15,812] {taskinstance.py:1415} INFO - Marking task as SUCCESS. dag_id=orchestration, task_id=task_2, execution_date=20230104T000000, start_date=20230205T225614, end_date=20230205T225615
[2023-02-05 17:56:15,845] {local_task_job.py:156} INFO - Task exited with return code 0
[2023-02-05 17:56:15,902] {local_task_job.py:273} INFO - 2 downstream tasks scheduled from follow-on schedule check
