[2023-02-05 17:48:29,847] {taskinstance.py:1179} INFO - Dependencies all met for <TaskInstance: orchestration.task_5 scheduled__2023-01-14T00:00:00+00:00 [queued]>
[2023-02-05 17:48:29,857] {taskinstance.py:1179} INFO - Dependencies all met for <TaskInstance: orchestration.task_5 scheduled__2023-01-14T00:00:00+00:00 [queued]>
[2023-02-05 17:48:29,858] {taskinstance.py:1376} INFO - 
--------------------------------------------------------------------------------
[2023-02-05 17:48:29,858] {taskinstance.py:1377} INFO - Starting attempt 1 of 1
[2023-02-05 17:48:29,858] {taskinstance.py:1378} INFO - 
--------------------------------------------------------------------------------
[2023-02-05 17:48:29,880] {taskinstance.py:1397} INFO - Executing <Task(BashOperator): task_5> on 2023-01-14 00:00:00+00:00
[2023-02-05 17:48:29,883] {standard_task_runner.py:52} INFO - Started process 30125 to run task
[2023-02-05 17:48:29,888] {standard_task_runner.py:79} INFO - Running: ['airflow', 'tasks', 'run', 'orchestration', 'task_5', 'scheduled__2023-01-14T00:00:00+00:00', '--job-id', '107', '--raw', '--subdir', 'DAGS_FOLDER/5_orchestration_2.py', '--cfg-path', '/tmp/tmphngy2vkk', '--error-file', '/tmp/tmpopfberef']
[2023-02-05 17:48:29,890] {standard_task_runner.py:80} INFO - Job 107: Subtask task_5
[2023-02-05 17:48:29,968] {task_command.py:371} INFO - Running <TaskInstance: orchestration.task_5 scheduled__2023-01-14T00:00:00+00:00 [running]> on host pc.
[2023-02-05 17:48:30,059] {taskinstance.py:1589} INFO - Exporting the following env vars:
AIRFLOW_CTX_DAG_OWNER=airflow
AIRFLOW_CTX_DAG_ID=orchestration
AIRFLOW_CTX_TASK_ID=task_5
AIRFLOW_CTX_EXECUTION_DATE=2023-01-14T00:00:00+00:00
AIRFLOW_CTX_TRY_NUMBER=1
AIRFLOW_CTX_DAG_RUN_ID=scheduled__2023-01-14T00:00:00+00:00
[2023-02-05 17:48:30,060] {subprocess.py:62} INFO - Tmp dir root location: 
 /tmp
[2023-02-05 17:48:30,061] {subprocess.py:74} INFO - Running command: ['bash', '-c', "sleep 2 && echo 'Task_5'"]
[2023-02-05 17:48:30,069] {subprocess.py:85} INFO - Output:
[2023-02-05 17:48:32,072] {subprocess.py:92} INFO - Task_5
[2023-02-05 17:48:32,072] {subprocess.py:96} INFO - Command exited with return code 0
[2023-02-05 17:48:32,101] {taskinstance.py:1415} INFO - Marking task as SUCCESS. dag_id=orchestration, task_id=task_5, execution_date=20230114T000000, start_date=20230205T224829, end_date=20230205T224832
[2023-02-05 17:48:32,147] {local_task_job.py:156} INFO - Task exited with return code 0
[2023-02-05 17:48:32,174] {local_task_job.py:273} INFO - 0 downstream tasks scheduled from follow-on schedule check
[2023-02-05 17:59:12,180] {taskinstance.py:1179} INFO - Dependencies all met for <TaskInstance: orchestration.task_5 scheduled__2023-01-14T00:00:00+00:00 [queued]>
[2023-02-05 17:59:12,193] {taskinstance.py:1179} INFO - Dependencies all met for <TaskInstance: orchestration.task_5 scheduled__2023-01-14T00:00:00+00:00 [queued]>
[2023-02-05 17:59:12,194] {taskinstance.py:1376} INFO - 
--------------------------------------------------------------------------------
[2023-02-05 17:59:12,194] {taskinstance.py:1377} INFO - Starting attempt 1 of 1
[2023-02-05 17:59:12,194] {taskinstance.py:1378} INFO - 
--------------------------------------------------------------------------------
[2023-02-05 17:59:12,214] {taskinstance.py:1397} INFO - Executing <Task(BashOperator): task_5> on 2023-01-14 00:00:00+00:00
[2023-02-05 17:59:12,216] {standard_task_runner.py:52} INFO - Started process 30775 to run task
[2023-02-05 17:59:12,222] {standard_task_runner.py:79} INFO - Running: ['airflow', 'tasks', 'run', 'orchestration', 'task_5', 'scheduled__2023-01-14T00:00:00+00:00', '--job-id', '107', '--raw', '--subdir', 'DAGS_FOLDER/5_orchestration_2.py', '--cfg-path', '/tmp/tmpxvc85xzo', '--error-file', '/tmp/tmp5af1t01g']
[2023-02-05 17:59:12,223] {standard_task_runner.py:80} INFO - Job 107: Subtask task_5
[2023-02-05 17:59:12,300] {task_command.py:371} INFO - Running <TaskInstance: orchestration.task_5 scheduled__2023-01-14T00:00:00+00:00 [running]> on host pc.
[2023-02-05 17:59:12,388] {taskinstance.py:1589} INFO - Exporting the following env vars:
AIRFLOW_CTX_DAG_OWNER=airflow
AIRFLOW_CTX_DAG_ID=orchestration
AIRFLOW_CTX_TASK_ID=task_5
AIRFLOW_CTX_EXECUTION_DATE=2023-01-14T00:00:00+00:00
AIRFLOW_CTX_TRY_NUMBER=1
AIRFLOW_CTX_DAG_RUN_ID=scheduled__2023-01-14T00:00:00+00:00
[2023-02-05 17:59:12,390] {subprocess.py:62} INFO - Tmp dir root location: 
 /tmp
[2023-02-05 17:59:12,390] {subprocess.py:74} INFO - Running command: ['bash', '-c', "sleep 1 && echo 'Task_5'"]
[2023-02-05 17:59:12,398] {subprocess.py:85} INFO - Output:
[2023-02-05 17:59:13,400] {subprocess.py:92} INFO - Task_5
[2023-02-05 17:59:13,401] {subprocess.py:96} INFO - Command exited with return code 0
[2023-02-05 17:59:13,476] {taskinstance.py:1415} INFO - Marking task as SUCCESS. dag_id=orchestration, task_id=task_5, execution_date=20230114T000000, start_date=20230205T225912, end_date=20230205T225913
[2023-02-05 17:59:13,516] {local_task_job.py:156} INFO - Task exited with return code 0
[2023-02-05 17:59:13,544] {local_task_job.py:273} INFO - 0 downstream tasks scheduled from follow-on schedule check
