[2023-02-08 00:42:57,970] {taskinstance.py:1179} INFO - Dependencies all met for <TaskInstance: 09_Xcoms.task_3_pull scheduled__2023-01-08T00:00:00+00:00 [queued]>
[2023-02-08 00:42:57,983] {taskinstance.py:1179} INFO - Dependencies all met for <TaskInstance: 09_Xcoms.task_3_pull scheduled__2023-01-08T00:00:00+00:00 [queued]>
[2023-02-08 00:42:57,984] {taskinstance.py:1376} INFO - 
--------------------------------------------------------------------------------
[2023-02-08 00:42:57,984] {taskinstance.py:1377} INFO - Starting attempt 1 of 1
[2023-02-08 00:42:57,984] {taskinstance.py:1378} INFO - 
--------------------------------------------------------------------------------
[2023-02-08 00:42:58,008] {taskinstance.py:1397} INFO - Executing <Task(PythonOperator): task_3_pull> on 2023-01-08 00:00:00+00:00
[2023-02-08 00:42:58,012] {standard_task_runner.py:52} INFO - Started process 53020 to run task
[2023-02-08 00:42:58,019] {standard_task_runner.py:79} INFO - Running: ['airflow', 'tasks', 'run', '09_Xcoms', 'task_3_pull', 'scheduled__2023-01-08T00:00:00+00:00', '--job-id', '1302', '--raw', '--subdir', 'DAGS_FOLDER/09_xcoms.py', '--cfg-path', '/tmp/tmpx4fgzvx_', '--error-file', '/tmp/tmptt_c455p']
[2023-02-08 00:42:58,021] {standard_task_runner.py:80} INFO - Job 1302: Subtask task_3_pull
[2023-02-08 00:42:58,109] {task_command.py:371} INFO - Running <TaskInstance: 09_Xcoms.task_3_pull scheduled__2023-01-08T00:00:00+00:00 [running]> on host pc.
[2023-02-08 00:42:58,212] {taskinstance.py:1589} INFO - Exporting the following env vars:
AIRFLOW_CTX_DAG_OWNER=airflow
AIRFLOW_CTX_DAG_ID=09_Xcoms
AIRFLOW_CTX_TASK_ID=task_3_pull
AIRFLOW_CTX_EXECUTION_DATE=2023-01-08T00:00:00+00:00
AIRFLOW_CTX_TRY_NUMBER=1
AIRFLOW_CTX_DAG_RUN_ID=scheduled__2023-01-08T00:00:00+00:00
[2023-02-08 00:42:58,223] {logging_mixin.py:115} INFO - 9
[2023-02-08 00:42:58,224] {python.py:173} INFO - Done. Returned value was: None
[2023-02-08 00:42:58,291] {taskinstance.py:1415} INFO - Marking task as SUCCESS. dag_id=09_Xcoms, task_id=task_3_pull, execution_date=20230108T000000, start_date=20230208T054257, end_date=20230208T054258
[2023-02-08 00:42:58,350] {local_task_job.py:156} INFO - Task exited with return code 0
[2023-02-08 00:42:58,379] {local_task_job.py:273} INFO - 0 downstream tasks scheduled from follow-on schedule check
