[2023-02-07 22:47:24,998] {taskinstance.py:1179} INFO - Dependencies all met for <TaskInstance: 09_Xcoms.task_1_source scheduled__2022-12-01T00:00:00+00:00 [queued]>
[2023-02-07 22:47:25,009] {taskinstance.py:1179} INFO - Dependencies all met for <TaskInstance: 09_Xcoms.task_1_source scheduled__2022-12-01T00:00:00+00:00 [queued]>
[2023-02-07 22:47:25,009] {taskinstance.py:1376} INFO - 
--------------------------------------------------------------------------------
[2023-02-07 22:47:25,010] {taskinstance.py:1377} INFO - Starting attempt 1 of 1
[2023-02-07 22:47:25,010] {taskinstance.py:1378} INFO - 
--------------------------------------------------------------------------------
[2023-02-07 22:47:25,031] {taskinstance.py:1397} INFO - Executing <Task(BashOperator): task_1_source> on 2022-12-01 00:00:00+00:00
[2023-02-07 22:47:25,035] {standard_task_runner.py:52} INFO - Started process 48720 to run task
[2023-02-07 22:47:25,041] {standard_task_runner.py:79} INFO - Running: ['airflow', 'tasks', 'run', '09_Xcoms', 'task_1_source', 'scheduled__2022-12-01T00:00:00+00:00', '--job-id', '1030', '--raw', '--subdir', 'DAGS_FOLDER/09_xcoms.py', '--cfg-path', '/tmp/tmphcrgq0e8', '--error-file', '/tmp/tmpbvw4xyjj']
[2023-02-07 22:47:25,043] {standard_task_runner.py:80} INFO - Job 1030: Subtask task_1_source
[2023-02-07 22:47:25,130] {task_command.py:371} INFO - Running <TaskInstance: 09_Xcoms.task_1_source scheduled__2022-12-01T00:00:00+00:00 [running]> on host pc.
[2023-02-07 22:47:25,232] {taskinstance.py:1589} INFO - Exporting the following env vars:
AIRFLOW_CTX_DAG_OWNER=airflow
AIRFLOW_CTX_DAG_ID=09_Xcoms
AIRFLOW_CTX_TASK_ID=task_1_source
AIRFLOW_CTX_EXECUTION_DATE=2022-12-01T00:00:00+00:00
AIRFLOW_CTX_TRY_NUMBER=1
AIRFLOW_CTX_DAG_RUN_ID=scheduled__2022-12-01T00:00:00+00:00
[2023-02-07 22:47:25,233] {subprocess.py:62} INFO - Tmp dir root location: 
 /tmp
[2023-02-07 22:47:25,235] {subprocess.py:74} INFO - Running command: ['bash', '-c', 'sleep 5 && $((5 * 3))']
[2023-02-07 22:47:25,244] {subprocess.py:85} INFO - Output:
[2023-02-07 22:47:30,429] {subprocess.py:92} INFO - bash: line 1: 15: command not found
[2023-02-07 22:47:30,430] {subprocess.py:96} INFO - Command exited with return code 127
[2023-02-07 22:47:30,443] {taskinstance.py:1909} ERROR - Task failed with exception
Traceback (most recent call last):
  File "/home/milo/13-airflow/airflowhome/airflowenv/lib/python3.9/site-packages/airflow/operators/bash.py", line 194, in execute
    raise AirflowException(
airflow.exceptions.AirflowException: Bash command failed. The command returned a non-zero exit code 127.
[2023-02-07 22:47:30,447] {taskinstance.py:1415} INFO - Marking task as FAILED. dag_id=09_Xcoms, task_id=task_1_source, execution_date=20221201T000000, start_date=20230208T034724, end_date=20230208T034730
[2023-02-07 22:47:30,470] {standard_task_runner.py:92} ERROR - Failed to execute job 1030 for task task_1_source (Bash command failed. The command returned a non-zero exit code 127.; 48720)
[2023-02-07 22:47:30,478] {local_task_job.py:156} INFO - Task exited with return code 1
[2023-02-07 22:47:30,522] {local_task_job.py:273} INFO - 0 downstream tasks scheduled from follow-on schedule check
