[2023-02-05 17:51:16,295] {taskinstance.py:1179} INFO - Dependencies all met for <TaskInstance: orchestration.task_2 scheduled__2023-01-25T00:00:00+00:00 [queued]>
[2023-02-05 17:51:16,307] {taskinstance.py:1179} INFO - Dependencies all met for <TaskInstance: orchestration.task_2 scheduled__2023-01-25T00:00:00+00:00 [queued]>
[2023-02-05 17:51:16,307] {taskinstance.py:1376} INFO - 
--------------------------------------------------------------------------------
[2023-02-05 17:51:16,307] {taskinstance.py:1377} INFO - Starting attempt 1 of 1
[2023-02-05 17:51:16,307] {taskinstance.py:1378} INFO - 
--------------------------------------------------------------------------------
[2023-02-05 17:51:16,330] {taskinstance.py:1397} INFO - Executing <Task(BashOperator): task_2> on 2023-01-25 00:00:00+00:00
[2023-02-05 17:51:16,333] {standard_task_runner.py:52} INFO - Started process 30296 to run task
[2023-02-05 17:51:16,339] {standard_task_runner.py:79} INFO - Running: ['airflow', 'tasks', 'run', 'orchestration', 'task_2', 'scheduled__2023-01-25T00:00:00+00:00', '--job-id', '144', '--raw', '--subdir', 'DAGS_FOLDER/5_orchestration_2.py', '--cfg-path', '/tmp/tmp11_7fnsm', '--error-file', '/tmp/tmpzlz9stbd']
[2023-02-05 17:51:16,340] {standard_task_runner.py:80} INFO - Job 144: Subtask task_2
[2023-02-05 17:51:16,417] {task_command.py:371} INFO - Running <TaskInstance: orchestration.task_2 scheduled__2023-01-25T00:00:00+00:00 [running]> on host pc.
[2023-02-05 17:51:16,510] {taskinstance.py:1589} INFO - Exporting the following env vars:
AIRFLOW_CTX_DAG_OWNER=airflow
AIRFLOW_CTX_DAG_ID=orchestration
AIRFLOW_CTX_TASK_ID=task_2
AIRFLOW_CTX_EXECUTION_DATE=2023-01-25T00:00:00+00:00
AIRFLOW_CTX_TRY_NUMBER=1
AIRFLOW_CTX_DAG_RUN_ID=scheduled__2023-01-25T00:00:00+00:00
[2023-02-05 17:51:16,511] {subprocess.py:62} INFO - Tmp dir root location: 
 /tmp
[2023-02-05 17:51:16,512] {subprocess.py:74} INFO - Running command: ['bash', '-c', "sleep 2 && echo 'Task_2'"]
[2023-02-05 17:51:16,520] {subprocess.py:85} INFO - Output:
[2023-02-05 17:51:18,522] {subprocess.py:92} INFO - Task_2
[2023-02-05 17:51:18,522] {subprocess.py:96} INFO - Command exited with return code 0
[2023-02-05 17:51:18,634] {taskinstance.py:1415} INFO - Marking task as SUCCESS. dag_id=orchestration, task_id=task_2, execution_date=20230125T000000, start_date=20230205T225116, end_date=20230205T225118
[2023-02-05 17:51:18,679] {local_task_job.py:156} INFO - Task exited with return code 0
[2023-02-05 17:51:18,725] {local_task_job.py:273} INFO - 2 downstream tasks scheduled from follow-on schedule check
