[2023-02-05 17:51:11,364] {taskinstance.py:1179} INFO - Dependencies all met for <TaskInstance: orchestration.task_4 scheduled__2023-01-23T00:00:00+00:00 [queued]>
[2023-02-05 17:51:11,377] {taskinstance.py:1179} INFO - Dependencies all met for <TaskInstance: orchestration.task_4 scheduled__2023-01-23T00:00:00+00:00 [queued]>
[2023-02-05 17:51:11,377] {taskinstance.py:1376} INFO - 
--------------------------------------------------------------------------------
[2023-02-05 17:51:11,377] {taskinstance.py:1377} INFO - Starting attempt 1 of 1
[2023-02-05 17:51:11,377] {taskinstance.py:1378} INFO - 
--------------------------------------------------------------------------------
[2023-02-05 17:51:11,399] {taskinstance.py:1397} INFO - Executing <Task(BashOperator): task_4> on 2023-01-23 00:00:00+00:00
[2023-02-05 17:51:11,402] {standard_task_runner.py:52} INFO - Started process 30291 to run task
[2023-02-05 17:51:11,410] {standard_task_runner.py:79} INFO - Running: ['airflow', 'tasks', 'run', 'orchestration', 'task_4', 'scheduled__2023-01-23T00:00:00+00:00', '--job-id', '143', '--raw', '--subdir', 'DAGS_FOLDER/5_orchestration_2.py', '--cfg-path', '/tmp/tmpa281xs_7', '--error-file', '/tmp/tmpra_9jzd0']
[2023-02-05 17:51:11,411] {standard_task_runner.py:80} INFO - Job 143: Subtask task_4
[2023-02-05 17:51:11,490] {task_command.py:371} INFO - Running <TaskInstance: orchestration.task_4 scheduled__2023-01-23T00:00:00+00:00 [running]> on host pc.
[2023-02-05 17:51:11,578] {taskinstance.py:1589} INFO - Exporting the following env vars:
AIRFLOW_CTX_DAG_OWNER=airflow
AIRFLOW_CTX_DAG_ID=orchestration
AIRFLOW_CTX_TASK_ID=task_4
AIRFLOW_CTX_EXECUTION_DATE=2023-01-23T00:00:00+00:00
AIRFLOW_CTX_TRY_NUMBER=1
AIRFLOW_CTX_DAG_RUN_ID=scheduled__2023-01-23T00:00:00+00:00
[2023-02-05 17:51:11,579] {subprocess.py:62} INFO - Tmp dir root location: 
 /tmp
[2023-02-05 17:51:11,580] {subprocess.py:74} INFO - Running command: ['bash', '-c', "sleep 2 && echo 'Task_4'"]
[2023-02-05 17:51:11,588] {subprocess.py:85} INFO - Output:
[2023-02-05 17:51:13,591] {subprocess.py:92} INFO - Task_4
[2023-02-05 17:51:13,591] {subprocess.py:96} INFO - Command exited with return code 0
[2023-02-05 17:51:13,620] {taskinstance.py:1415} INFO - Marking task as SUCCESS. dag_id=orchestration, task_id=task_4, execution_date=20230123T000000, start_date=20230205T225111, end_date=20230205T225113
[2023-02-05 17:51:13,668] {local_task_job.py:156} INFO - Task exited with return code 0
[2023-02-05 17:51:13,706] {local_task_job.py:273} INFO - 1 downstream tasks scheduled from follow-on schedule check
