[2023-02-08 00:42:08,350] {taskinstance.py:1179} INFO - Dependencies all met for <TaskInstance: 09_Xcoms.task_1_source scheduled__2023-01-06T00:00:00+00:00 [queued]>
[2023-02-08 00:42:08,362] {taskinstance.py:1179} INFO - Dependencies all met for <TaskInstance: 09_Xcoms.task_1_source scheduled__2023-01-06T00:00:00+00:00 [queued]>
[2023-02-08 00:42:08,362] {taskinstance.py:1376} INFO - 
--------------------------------------------------------------------------------
[2023-02-08 00:42:08,362] {taskinstance.py:1377} INFO - Starting attempt 1 of 1
[2023-02-08 00:42:08,362] {taskinstance.py:1378} INFO - 
--------------------------------------------------------------------------------
[2023-02-08 00:42:08,931] {taskinstance.py:1397} INFO - Executing <Task(BashOperator): task_1_source> on 2023-01-06 00:00:00+00:00
[2023-02-08 00:42:08,935] {standard_task_runner.py:52} INFO - Started process 52982 to run task
[2023-02-08 00:42:08,941] {standard_task_runner.py:79} INFO - Running: ['airflow', 'tasks', 'run', '09_Xcoms', 'task_1_source', 'scheduled__2023-01-06T00:00:00+00:00', '--job-id', '1294', '--raw', '--subdir', 'DAGS_FOLDER/09_xcoms.py', '--cfg-path', '/tmp/tmp1jgxe8p3', '--error-file', '/tmp/tmppvnz_1i8']
[2023-02-08 00:42:08,943] {standard_task_runner.py:80} INFO - Job 1294: Subtask task_1_source
[2023-02-08 00:42:09,839] {task_command.py:371} INFO - Running <TaskInstance: 09_Xcoms.task_1_source scheduled__2023-01-06T00:00:00+00:00 [running]> on host pc.
[2023-02-08 00:42:10,301] {taskinstance.py:1589} INFO - Exporting the following env vars:
AIRFLOW_CTX_DAG_OWNER=airflow
AIRFLOW_CTX_DAG_ID=09_Xcoms
AIRFLOW_CTX_TASK_ID=task_1_source
AIRFLOW_CTX_EXECUTION_DATE=2023-01-06T00:00:00+00:00
AIRFLOW_CTX_TRY_NUMBER=1
AIRFLOW_CTX_DAG_RUN_ID=scheduled__2023-01-06T00:00:00+00:00
[2023-02-08 00:42:10,302] {subprocess.py:62} INFO - Tmp dir root location: 
 /tmp
[2023-02-08 00:42:10,303] {subprocess.py:74} INFO - Running command: ['bash', '-c', 'sleep 5 && echo $((5 * 3))']
[2023-02-08 00:42:10,312] {subprocess.py:85} INFO - Output:
[2023-02-08 00:42:15,315] {subprocess.py:92} INFO - 15
[2023-02-08 00:42:15,316] {subprocess.py:96} INFO - Command exited with return code 0
[2023-02-08 00:42:15,875] {taskinstance.py:1415} INFO - Marking task as SUCCESS. dag_id=09_Xcoms, task_id=task_1_source, execution_date=20230106T000000, start_date=20230208T054208, end_date=20230208T054215
[2023-02-08 00:42:15,953] {local_task_job.py:156} INFO - Task exited with return code 0
[2023-02-08 00:42:16,016] {local_task_job.py:273} INFO - 1 downstream tasks scheduled from follow-on schedule check
