[2023-02-05 21:17:35,698] {taskinstance.py:1179} INFO - Dependencies all met for <TaskInstance: 06_monitoring.task_1 scheduled__2022-11-27T00:00:00+00:00 [queued]>
[2023-02-05 21:17:35,710] {taskinstance.py:1179} INFO - Dependencies all met for <TaskInstance: 06_monitoring.task_1 scheduled__2022-11-27T00:00:00+00:00 [queued]>
[2023-02-05 21:17:35,710] {taskinstance.py:1376} INFO - 
--------------------------------------------------------------------------------
[2023-02-05 21:17:35,710] {taskinstance.py:1377} INFO - Starting attempt 1 of 1
[2023-02-05 21:17:35,711] {taskinstance.py:1378} INFO - 
--------------------------------------------------------------------------------
[2023-02-05 21:17:35,736] {taskinstance.py:1397} INFO - Executing <Task(BashOperator): task_1> on 2022-11-27 00:00:00+00:00
[2023-02-05 21:17:35,739] {standard_task_runner.py:52} INFO - Started process 35450 to run task
[2023-02-05 21:17:35,744] {standard_task_runner.py:79} INFO - Running: ['airflow', 'tasks', 'run', '06_monitoring', 'task_1', 'scheduled__2022-11-27T00:00:00+00:00', '--job-id', '175', '--raw', '--subdir', 'DAGS_FOLDER/06_monitoring.py', '--cfg-path', '/tmp/tmp27fqpfqj', '--error-file', '/tmp/tmplzzabh_j']
[2023-02-05 21:17:35,745] {standard_task_runner.py:80} INFO - Job 175: Subtask task_1
[2023-02-05 21:17:35,825] {task_command.py:371} INFO - Running <TaskInstance: 06_monitoring.task_1 scheduled__2022-11-27T00:00:00+00:00 [running]> on host pc.
[2023-02-05 21:17:35,909] {taskinstance.py:1589} INFO - Exporting the following env vars:
AIRFLOW_CTX_DAG_OWNER=airflow
AIRFLOW_CTX_DAG_ID=06_monitoring
AIRFLOW_CTX_TASK_ID=task_1
AIRFLOW_CTX_EXECUTION_DATE=2022-11-27T00:00:00+00:00
AIRFLOW_CTX_TRY_NUMBER=1
AIRFLOW_CTX_DAG_RUN_ID=scheduled__2022-11-27T00:00:00+00:00
[2023-02-05 21:17:35,910] {subprocess.py:62} INFO - Tmp dir root location: 
 /tmp
[2023-02-05 21:17:35,910] {subprocess.py:74} INFO - Running command: ['bash', '-c', "sleep 2 && echo 'First task!'"]
[2023-02-05 21:17:35,918] {subprocess.py:85} INFO - Output:
[2023-02-05 21:17:37,921] {subprocess.py:92} INFO - First task!
[2023-02-05 21:17:37,921] {subprocess.py:96} INFO - Command exited with return code 0
[2023-02-05 21:17:37,952] {taskinstance.py:1415} INFO - Marking task as SUCCESS. dag_id=06_monitoring, task_id=task_1, execution_date=20221127T000000, start_date=20230206T021735, end_date=20230206T021737
[2023-02-05 21:17:38,004] {local_task_job.py:156} INFO - Task exited with return code 0
[2023-02-05 21:17:38,057] {local_task_job.py:273} INFO - 1 downstream tasks scheduled from follow-on schedule check
