[2023-02-22 01:01:49,667] {taskinstance.py:1179} INFO - Dependencies all met for <TaskInstance: steam_dag.fetch_games scheduled__2022-07-01T00:00:00+00:00 [queued]>
[2023-02-22 01:01:49,677] {taskinstance.py:1179} INFO - Dependencies all met for <TaskInstance: steam_dag.fetch_games scheduled__2022-07-01T00:00:00+00:00 [queued]>
[2023-02-22 01:01:49,678] {taskinstance.py:1376} INFO - 
--------------------------------------------------------------------------------
[2023-02-22 01:01:49,678] {taskinstance.py:1377} INFO - Starting attempt 5 of 5
[2023-02-22 01:01:49,678] {taskinstance.py:1378} INFO - 
--------------------------------------------------------------------------------
[2023-02-22 01:01:49,707] {taskinstance.py:1397} INFO - Executing <Task(PythonOperator): fetch_games> on 2022-07-01 00:00:00+00:00
[2023-02-22 01:01:49,711] {standard_task_runner.py:52} INFO - Started process 76623 to run task
[2023-02-22 01:01:49,718] {standard_task_runner.py:79} INFO - Running: ['airflow', 'tasks', 'run', 'steam_dag', 'fetch_games', 'scheduled__2022-07-01T00:00:00+00:00', '--job-id', '1489', '--raw', '--subdir', 'DAGS_FOLDER/steam_dag.py', '--cfg-path', '/tmp/tmpnyzpoe_j', '--error-file', '/tmp/tmp5fepexvi']
[2023-02-22 01:01:49,720] {standard_task_runner.py:80} INFO - Job 1489: Subtask fetch_games
[2023-02-22 01:01:49,806] {task_command.py:371} INFO - Running <TaskInstance: steam_dag.fetch_games scheduled__2022-07-01T00:00:00+00:00 [running]> on host pc.
[2023-02-22 01:01:50,048] {taskinstance.py:1589} INFO - Exporting the following env vars:
AIRFLOW_CTX_DAG_OWNER=airflow
AIRFLOW_CTX_DAG_ID=steam_dag
AIRFLOW_CTX_TASK_ID=fetch_games
AIRFLOW_CTX_EXECUTION_DATE=2022-07-01T00:00:00+00:00
AIRFLOW_CTX_TRY_NUMBER=5
AIRFLOW_CTX_DAG_RUN_ID=scheduled__2022-07-01T00:00:00+00:00
[2023-02-22 01:01:50,773] {logging_mixin.py:115} INFO - {'game': 'Digimon World: Next Order', 'game_url': 'https://store.steampowered.com/app/1530160/Digimon_World_Next_Order/?snr=1_239_new__145', 'tags': 'RPG, Party-Based RPG, Simulation, JRPG', 'platforms': 'Windows', 'final price': 'COL$ 219.900', 'original_price': 'None'}
[2023-02-22 01:01:50,792] {python.py:173} INFO - Done. Returned value was: None
[2023-02-22 01:01:50,805] {taskinstance.py:1415} INFO - Marking task as SUCCESS. dag_id=steam_dag, task_id=fetch_games, execution_date=20220701T000000, start_date=20230222T060149, end_date=20230222T060150
[2023-02-22 01:01:50,851] {local_task_job.py:156} INFO - Task exited with return code 0
[2023-02-22 01:01:51,021] {local_task_job.py:273} INFO - 1 downstream tasks scheduled from follow-on schedule check
