[2023-02-21 05:25:55,303] {taskinstance.py:1179} INFO - Dependencies all met for <TaskInstance: steam_dag.fetch_games scheduled__2022-07-01T00:00:00+00:00 [queued]>
[2023-02-21 05:25:55,313] {taskinstance.py:1179} INFO - Dependencies all met for <TaskInstance: steam_dag.fetch_games scheduled__2022-07-01T00:00:00+00:00 [queued]>
[2023-02-21 05:25:55,313] {taskinstance.py:1376} INFO - 
--------------------------------------------------------------------------------
[2023-02-21 05:25:55,313] {taskinstance.py:1377} INFO - Starting attempt 1 of 1
[2023-02-21 05:25:55,313] {taskinstance.py:1378} INFO - 
--------------------------------------------------------------------------------
[2023-02-21 05:25:55,336] {taskinstance.py:1397} INFO - Executing <Task(PythonOperator): fetch_games> on 2022-07-01 00:00:00+00:00
[2023-02-21 05:25:55,341] {standard_task_runner.py:52} INFO - Started process 63850 to run task
[2023-02-21 05:25:55,346] {standard_task_runner.py:79} INFO - Running: ['airflow', 'tasks', 'run', 'steam_dag', 'fetch_games', 'scheduled__2022-07-01T00:00:00+00:00', '--job-id', '1471', '--raw', '--subdir', 'DAGS_FOLDER/steam_dag.py', '--cfg-path', '/tmp/tmpqoz2n_e3', '--error-file', '/tmp/tmpj0c2_ml8']
[2023-02-21 05:25:55,347] {standard_task_runner.py:80} INFO - Job 1471: Subtask fetch_games
[2023-02-21 05:25:55,428] {task_command.py:371} INFO - Running <TaskInstance: steam_dag.fetch_games scheduled__2022-07-01T00:00:00+00:00 [running]> on host pc.
[2023-02-21 05:25:55,643] {taskinstance.py:1589} INFO - Exporting the following env vars:
AIRFLOW_CTX_DAG_OWNER=airflow
AIRFLOW_CTX_DAG_ID=steam_dag
AIRFLOW_CTX_TASK_ID=fetch_games
AIRFLOW_CTX_EXECUTION_DATE=2022-07-01T00:00:00+00:00
AIRFLOW_CTX_TRY_NUMBER=1
AIRFLOW_CTX_DAG_RUN_ID=scheduled__2022-07-01T00:00:00+00:00
[2023-02-21 05:25:56,398] {python.py:173} INFO - Done. Returned value was: None
[2023-02-21 05:25:56,407] {taskinstance.py:1415} INFO - Marking task as SUCCESS. dag_id=steam_dag, task_id=fetch_games, execution_date=20220701T000000, start_date=20230221T102555, end_date=20230221T102556
[2023-02-21 05:25:56,444] {local_task_job.py:156} INFO - Task exited with return code 0
[2023-02-21 05:25:56,491] {local_task_job.py:273} INFO - 1 downstream tasks scheduled from follow-on schedule check
