[2023-02-21 05:32:02,826] {taskinstance.py:1179} INFO - Dependencies all met for <TaskInstance: steam_dag.fetch_games scheduled__2022-07-01T00:00:00+00:00 [queued]>
[2023-02-21 05:32:02,836] {taskinstance.py:1179} INFO - Dependencies all met for <TaskInstance: steam_dag.fetch_games scheduled__2022-07-01T00:00:00+00:00 [queued]>
[2023-02-21 05:32:02,836] {taskinstance.py:1376} INFO - 
--------------------------------------------------------------------------------
[2023-02-21 05:32:02,836] {taskinstance.py:1377} INFO - Starting attempt 2 of 2
[2023-02-21 05:32:02,836] {taskinstance.py:1378} INFO - 
--------------------------------------------------------------------------------
[2023-02-21 05:32:02,856] {taskinstance.py:1397} INFO - Executing <Task(PythonOperator): fetch_games> on 2022-07-01 00:00:00+00:00
[2023-02-21 05:32:02,866] {standard_task_runner.py:52} INFO - Started process 64108 to run task
[2023-02-21 05:32:02,876] {standard_task_runner.py:79} INFO - Running: ['airflow', 'tasks', 'run', 'steam_dag', 'fetch_games', 'scheduled__2022-07-01T00:00:00+00:00', '--job-id', '1473', '--raw', '--subdir', 'DAGS_FOLDER/steam_dag.py', '--cfg-path', '/tmp/tmpxwafuh15', '--error-file', '/tmp/tmp2n3r262d']
[2023-02-21 05:32:02,878] {standard_task_runner.py:80} INFO - Job 1473: Subtask fetch_games
[2023-02-21 05:32:02,959] {task_command.py:371} INFO - Running <TaskInstance: steam_dag.fetch_games scheduled__2022-07-01T00:00:00+00:00 [running]> on host pc.
[2023-02-21 05:32:03,168] {taskinstance.py:1589} INFO - Exporting the following env vars:
AIRFLOW_CTX_DAG_OWNER=airflow
AIRFLOW_CTX_DAG_ID=steam_dag
AIRFLOW_CTX_TASK_ID=fetch_games
AIRFLOW_CTX_EXECUTION_DATE=2022-07-01T00:00:00+00:00
AIRFLOW_CTX_TRY_NUMBER=2
AIRFLOW_CTX_DAG_RUN_ID=scheduled__2022-07-01T00:00:00+00:00
[2023-02-21 05:32:03,805] {logging_mixin.py:115} INFO - {'game': 'Atomic Heart', 'game_url': 'https://store.steampowered.com/app/668580/Atomic_Heart/?snr=1_239_new__145', 'tags': 'Horror, Mystery, Puzzle, FPS', 'platforms': 'Windows', 'final price': 'COL$ 199.900', 'original_price': 'None'}
[2023-02-21 05:32:03,827] {python.py:173} INFO - Done. Returned value was: None
[2023-02-21 05:32:03,837] {taskinstance.py:1415} INFO - Marking task as SUCCESS. dag_id=steam_dag, task_id=fetch_games, execution_date=20220701T000000, start_date=20230221T103202, end_date=20230221T103203
[2023-02-21 05:32:03,885] {local_task_job.py:156} INFO - Task exited with return code 0
[2023-02-21 05:32:03,921] {local_task_job.py:273} INFO - 1 downstream tasks scheduled from follow-on schedule check
