[2023-02-22 01:07:11,136] {taskinstance.py:1179} INFO - Dependencies all met for <TaskInstance: steam_dag.fetch_games scheduled__2022-07-01T00:00:00+00:00 [queued]>
[2023-02-22 01:07:11,148] {taskinstance.py:1179} INFO - Dependencies all met for <TaskInstance: steam_dag.fetch_games scheduled__2022-07-01T00:00:00+00:00 [queued]>
[2023-02-22 01:07:11,148] {taskinstance.py:1376} INFO - 
--------------------------------------------------------------------------------
[2023-02-22 01:07:11,148] {taskinstance.py:1377} INFO - Starting attempt 6 of 6
[2023-02-22 01:07:11,148] {taskinstance.py:1378} INFO - 
--------------------------------------------------------------------------------
[2023-02-22 01:07:11,182] {taskinstance.py:1397} INFO - Executing <Task(PythonOperator): fetch_games> on 2022-07-01 00:00:00+00:00
[2023-02-22 01:07:11,186] {standard_task_runner.py:52} INFO - Started process 77733 to run task
[2023-02-22 01:07:11,192] {standard_task_runner.py:79} INFO - Running: ['airflow', 'tasks', 'run', 'steam_dag', 'fetch_games', 'scheduled__2022-07-01T00:00:00+00:00', '--job-id', '1494', '--raw', '--subdir', 'DAGS_FOLDER/steam_dag.py', '--cfg-path', '/tmp/tmpyqot3u9g', '--error-file', '/tmp/tmpoq8u_6x_']
[2023-02-22 01:07:11,194] {standard_task_runner.py:80} INFO - Job 1494: Subtask fetch_games
[2023-02-22 01:07:11,305] {task_command.py:371} INFO - Running <TaskInstance: steam_dag.fetch_games scheduled__2022-07-01T00:00:00+00:00 [running]> on host pc.
[2023-02-22 01:07:11,546] {taskinstance.py:1589} INFO - Exporting the following env vars:
AIRFLOW_CTX_DAG_OWNER=airflow
AIRFLOW_CTX_DAG_ID=steam_dag
AIRFLOW_CTX_TASK_ID=fetch_games
AIRFLOW_CTX_EXECUTION_DATE=2022-07-01T00:00:00+00:00
AIRFLOW_CTX_TRY_NUMBER=6
AIRFLOW_CTX_DAG_RUN_ID=scheduled__2022-07-01T00:00:00+00:00
[2023-02-22 01:07:12,307] {logging_mixin.py:115} INFO - {'game': 'Digimon World: Next Order', 'game_url': 'https://store.steampowered.com/app/1530160/Digimon_World_Next_Order/?snr=1_239_new__145', 'tags': 'RPG, Party-Based RPG, Simulation, JRPG', 'platforms': 'Windows', 'final price': 'COL$ 219.900', 'original_price': 'None'}
[2023-02-22 01:07:12,324] {python.py:173} INFO - Done. Returned value was: None
[2023-02-22 01:07:12,336] {taskinstance.py:1415} INFO - Marking task as SUCCESS. dag_id=steam_dag, task_id=fetch_games, execution_date=20220701T000000, start_date=20230222T060711, end_date=20230222T060712
[2023-02-22 01:07:12,377] {local_task_job.py:156} INFO - Task exited with return code 0
[2023-02-22 01:07:12,548] {local_task_job.py:273} INFO - 1 downstream tasks scheduled from follow-on schedule check
