[2023-02-05 17:10:14,424] {taskinstance.py:1179} INFO - Dependencies all met for <TaskInstance: 5_orchestration.task_1 scheduled__2023-02-05T00:00:00+00:00 [queued]>
[2023-02-05 17:10:14,434] {taskinstance.py:1179} INFO - Dependencies all met for <TaskInstance: 5_orchestration.task_1 scheduled__2023-02-05T00:00:00+00:00 [queued]>
[2023-02-05 17:10:14,434] {taskinstance.py:1376} INFO - 
--------------------------------------------------------------------------------
[2023-02-05 17:10:14,434] {taskinstance.py:1377} INFO - Starting attempt 2 of 2
[2023-02-05 17:10:14,434] {taskinstance.py:1378} INFO - 
--------------------------------------------------------------------------------
[2023-02-05 17:10:14,458] {taskinstance.py:1397} INFO - Executing <Task(BashOperator): task_1> on 2023-02-05 00:00:00+00:00
[2023-02-05 17:10:14,461] {standard_task_runner.py:52} INFO - Started process 27663 to run task
[2023-02-05 17:10:14,466] {standard_task_runner.py:79} INFO - Running: ['airflow', 'tasks', 'run', '5_orchestration', 'task_1', 'scheduled__2023-02-05T00:00:00+00:00', '--job-id', '43', '--raw', '--subdir', 'DAGS_FOLDER/5_orquestacion.py', '--cfg-path', '/tmp/tmpw5t73b2_', '--error-file', '/tmp/tmpq26x58sd']
[2023-02-05 17:10:14,468] {standard_task_runner.py:80} INFO - Job 43: Subtask task_1
[2023-02-05 17:10:14,553] {task_command.py:371} INFO - Running <TaskInstance: 5_orchestration.task_1 scheduled__2023-02-05T00:00:00+00:00 [running]> on host pc.
[2023-02-05 17:10:14,635] {taskinstance.py:1589} INFO - Exporting the following env vars:
AIRFLOW_CTX_DAG_OWNER=airflow
AIRFLOW_CTX_DAG_ID=5_orchestration
AIRFLOW_CTX_TASK_ID=task_1
AIRFLOW_CTX_EXECUTION_DATE=2023-02-05T00:00:00+00:00
AIRFLOW_CTX_TRY_NUMBER=2
AIRFLOW_CTX_DAG_RUN_ID=scheduled__2023-02-05T00:00:00+00:00
[2023-02-05 17:10:14,636] {subprocess.py:62} INFO - Tmp dir root location: 
 /tmp
[2023-02-05 17:10:14,637] {subprocess.py:74} INFO - Running command: ['bash', '-c', "sleep 2 && echo 'Task_1"]
[2023-02-05 17:10:14,645] {subprocess.py:85} INFO - Output:
[2023-02-05 17:10:14,646] {subprocess.py:92} INFO - bash: -c: line 1: unexpected EOF while looking for matching `''
[2023-02-05 17:10:14,646] {subprocess.py:92} INFO - bash: -c: line 2: syntax error: unexpected end of file
[2023-02-05 17:10:14,647] {subprocess.py:96} INFO - Command exited with return code 2
[2023-02-05 17:10:14,659] {taskinstance.py:1909} ERROR - Task failed with exception
Traceback (most recent call last):
  File "/home/milo/13-airflow/airflowhome/airflowenv/lib/python3.9/site-packages/airflow/operators/bash.py", line 194, in execute
    raise AirflowException(
airflow.exceptions.AirflowException: Bash command failed. The command returned a non-zero exit code 2.
[2023-02-05 17:10:14,663] {taskinstance.py:1415} INFO - Marking task as FAILED. dag_id=5_orchestration, task_id=task_1, execution_date=20230205T000000, start_date=20230205T221014, end_date=20230205T221014
[2023-02-05 17:10:14,682] {standard_task_runner.py:92} ERROR - Failed to execute job 43 for task task_1 (Bash command failed. The command returned a non-zero exit code 2.; 27663)
[2023-02-05 17:10:14,717] {local_task_job.py:156} INFO - Task exited with return code 1
[2023-02-05 17:10:14,767] {local_task_job.py:273} INFO - 0 downstream tasks scheduled from follow-on schedule check
