[2023-02-05 17:07:37,093] {taskinstance.py:1179} INFO - Dependencies all met for <TaskInstance: 5_orchestration.task_1 scheduled__2023-02-05T00:00:00+00:00 [queued]>
[2023-02-05 17:07:37,103] {taskinstance.py:1179} INFO - Dependencies all met for <TaskInstance: 5_orchestration.task_1 scheduled__2023-02-05T00:00:00+00:00 [queued]>
[2023-02-05 17:07:37,103] {taskinstance.py:1376} INFO - 
--------------------------------------------------------------------------------
[2023-02-05 17:07:37,103] {taskinstance.py:1377} INFO - Starting attempt 1 of 1
[2023-02-05 17:07:37,103] {taskinstance.py:1378} INFO - 
--------------------------------------------------------------------------------
[2023-02-05 17:07:37,130] {taskinstance.py:1397} INFO - Executing <Task(BashOperator): task_1> on 2023-02-05 00:00:00+00:00
[2023-02-05 17:07:37,133] {standard_task_runner.py:52} INFO - Started process 27325 to run task
[2023-02-05 17:07:37,138] {standard_task_runner.py:79} INFO - Running: ['airflow', 'tasks', 'run', '5_orchestration', 'task_1', 'scheduled__2023-02-05T00:00:00+00:00', '--job-id', '42', '--raw', '--subdir', 'DAGS_FOLDER/5_orquestacion.py', '--cfg-path', '/tmp/tmp6p88c0l1', '--error-file', '/tmp/tmp2h4uup4o']
[2023-02-05 17:07:37,139] {standard_task_runner.py:80} INFO - Job 42: Subtask task_1
[2023-02-05 17:07:37,215] {task_command.py:371} INFO - Running <TaskInstance: 5_orchestration.task_1 scheduled__2023-02-05T00:00:00+00:00 [running]> on host pc.
[2023-02-05 17:07:37,301] {taskinstance.py:1589} INFO - Exporting the following env vars:
AIRFLOW_CTX_DAG_OWNER=airflow
AIRFLOW_CTX_DAG_ID=5_orchestration
AIRFLOW_CTX_TASK_ID=task_1
AIRFLOW_CTX_EXECUTION_DATE=2023-02-05T00:00:00+00:00
AIRFLOW_CTX_TRY_NUMBER=1
AIRFLOW_CTX_DAG_RUN_ID=scheduled__2023-02-05T00:00:00+00:00
[2023-02-05 17:07:37,302] {subprocess.py:62} INFO - Tmp dir root location: 
 /tmp
[2023-02-05 17:07:37,303] {subprocess.py:74} INFO - Running command: ['bash', '-c', "sleep 2 && echo 'Task_1"]
[2023-02-05 17:07:37,321] {subprocess.py:85} INFO - Output:
[2023-02-05 17:07:37,332] {subprocess.py:92} INFO - bash: -c: line 1: unexpected EOF while looking for matching `''
[2023-02-05 17:07:37,332] {subprocess.py:92} INFO - bash: -c: line 2: syntax error: unexpected end of file
[2023-02-05 17:07:37,333] {subprocess.py:96} INFO - Command exited with return code 2
[2023-02-05 17:07:37,344] {taskinstance.py:1909} ERROR - Task failed with exception
Traceback (most recent call last):
  File "/home/milo/13-airflow/airflowhome/airflowenv/lib/python3.9/site-packages/airflow/operators/bash.py", line 194, in execute
    raise AirflowException(
airflow.exceptions.AirflowException: Bash command failed. The command returned a non-zero exit code 2.
[2023-02-05 17:07:37,348] {taskinstance.py:1415} INFO - Marking task as FAILED. dag_id=5_orchestration, task_id=task_1, execution_date=20230205T000000, start_date=20230205T220737, end_date=20230205T220737
[2023-02-05 17:07:37,369] {standard_task_runner.py:92} ERROR - Failed to execute job 42 for task task_1 (Bash command failed. The command returned a non-zero exit code 2.; 27325)
[2023-02-05 17:07:37,389] {local_task_job.py:156} INFO - Task exited with return code 1
[2023-02-05 17:07:37,455] {local_task_job.py:273} INFO - 0 downstream tasks scheduled from follow-on schedule check
