[2023-02-05 21:12:17,178] {taskinstance.py:1179} INFO - Dependencies all met for <TaskInstance: 06_monitoring.task_1 scheduled__2022-11-13T00:00:00+00:00 [queued]>
[2023-02-05 21:12:17,188] {taskinstance.py:1179} INFO - Dependencies all met for <TaskInstance: 06_monitoring.task_1 scheduled__2022-11-13T00:00:00+00:00 [queued]>
[2023-02-05 21:12:17,188] {taskinstance.py:1376} INFO - 
--------------------------------------------------------------------------------
[2023-02-05 21:12:17,188] {taskinstance.py:1377} INFO - Starting attempt 1 of 1
[2023-02-05 21:12:17,188] {taskinstance.py:1378} INFO - 
--------------------------------------------------------------------------------
[2023-02-05 21:12:17,209] {taskinstance.py:1397} INFO - Executing <Task(BashOperator): task_1> on 2022-11-13 00:00:00+00:00
[2023-02-05 21:12:17,212] {standard_task_runner.py:52} INFO - Started process 35099 to run task
[2023-02-05 21:12:17,217] {standard_task_runner.py:79} INFO - Running: ['airflow', 'tasks', 'run', '06_monitoring', 'task_1', 'scheduled__2022-11-13T00:00:00+00:00', '--job-id', '154', '--raw', '--subdir', 'DAGS_FOLDER/06_monitoring.py', '--cfg-path', '/tmp/tmp_ogb7a78', '--error-file', '/tmp/tmp7jmmvq3y']
[2023-02-05 21:12:17,218] {standard_task_runner.py:80} INFO - Job 154: Subtask task_1
[2023-02-05 21:12:17,299] {task_command.py:371} INFO - Running <TaskInstance: 06_monitoring.task_1 scheduled__2022-11-13T00:00:00+00:00 [running]> on host pc.
[2023-02-05 21:12:17,384] {taskinstance.py:1589} INFO - Exporting the following env vars:
AIRFLOW_CTX_DAG_OWNER=airflow
AIRFLOW_CTX_DAG_ID=06_monitoring
AIRFLOW_CTX_TASK_ID=task_1
AIRFLOW_CTX_EXECUTION_DATE=2022-11-13T00:00:00+00:00
AIRFLOW_CTX_TRY_NUMBER=1
AIRFLOW_CTX_DAG_RUN_ID=scheduled__2022-11-13T00:00:00+00:00
[2023-02-05 21:12:17,385] {subprocess.py:62} INFO - Tmp dir root location: 
 /tmp
[2023-02-05 21:12:17,386] {subprocess.py:74} INFO - Running command: ['bash', '-c', "sleep 2 && echo 'First task!'"]
[2023-02-05 21:12:17,394] {subprocess.py:85} INFO - Output:
[2023-02-05 21:12:19,397] {subprocess.py:92} INFO - First task!
[2023-02-05 21:12:19,397] {subprocess.py:96} INFO - Command exited with return code 0
[2023-02-05 21:12:19,428] {taskinstance.py:1415} INFO - Marking task as SUCCESS. dag_id=06_monitoring, task_id=task_1, execution_date=20221113T000000, start_date=20230206T021217, end_date=20230206T021219
[2023-02-05 21:12:19,477] {local_task_job.py:156} INFO - Task exited with return code 0
[2023-02-05 21:12:19,527] {local_task_job.py:273} INFO - 1 downstream tasks scheduled from follow-on schedule check
[2023-02-05 21:15:33,071] {taskinstance.py:1179} INFO - Dependencies all met for <TaskInstance: 06_monitoring.task_1 scheduled__2022-11-13T00:00:00+00:00 [queued]>
[2023-02-05 21:15:33,670] {taskinstance.py:1179} INFO - Dependencies all met for <TaskInstance: 06_monitoring.task_1 scheduled__2022-11-13T00:00:00+00:00 [queued]>
[2023-02-05 21:15:33,670] {taskinstance.py:1376} INFO - 
--------------------------------------------------------------------------------
[2023-02-05 21:15:33,670] {taskinstance.py:1377} INFO - Starting attempt 1 of 1
[2023-02-05 21:15:33,670] {taskinstance.py:1378} INFO - 
--------------------------------------------------------------------------------
[2023-02-05 21:15:33,697] {taskinstance.py:1397} INFO - Executing <Task(BashOperator): task_1> on 2022-11-13 00:00:00+00:00
[2023-02-05 21:15:33,703] {standard_task_runner.py:52} INFO - Started process 35314 to run task
[2023-02-05 21:15:33,707] {standard_task_runner.py:79} INFO - Running: ['airflow', 'tasks', 'run', '06_monitoring', 'task_1', 'scheduled__2022-11-13T00:00:00+00:00', '--job-id', '147', '--raw', '--subdir', 'DAGS_FOLDER/06_monitoring.py', '--cfg-path', '/tmp/tmp6k715t2i', '--error-file', '/tmp/tmpctzrsr_y']
[2023-02-05 21:15:33,709] {standard_task_runner.py:80} INFO - Job 147: Subtask task_1
[2023-02-05 21:15:33,789] {task_command.py:371} INFO - Running <TaskInstance: 06_monitoring.task_1 scheduled__2022-11-13T00:00:00+00:00 [running]> on host pc.
[2023-02-05 21:15:33,876] {taskinstance.py:1589} INFO - Exporting the following env vars:
AIRFLOW_CTX_DAG_OWNER=airflow
AIRFLOW_CTX_DAG_ID=06_monitoring
AIRFLOW_CTX_TASK_ID=task_1
AIRFLOW_CTX_EXECUTION_DATE=2022-11-13T00:00:00+00:00
AIRFLOW_CTX_TRY_NUMBER=1
AIRFLOW_CTX_DAG_RUN_ID=scheduled__2022-11-13T00:00:00+00:00
[2023-02-05 21:15:33,877] {subprocess.py:62} INFO - Tmp dir root location: 
 /tmp
[2023-02-05 21:15:33,877] {subprocess.py:74} INFO - Running command: ['bash', '-c', "sleep 2 && echo 'First task!'"]
[2023-02-05 21:15:33,885] {subprocess.py:85} INFO - Output:
[2023-02-05 21:15:35,888] {subprocess.py:92} INFO - First task!
[2023-02-05 21:15:35,888] {subprocess.py:96} INFO - Command exited with return code 0
[2023-02-05 21:15:35,992] {taskinstance.py:1415} INFO - Marking task as SUCCESS. dag_id=06_monitoring, task_id=task_1, execution_date=20221113T000000, start_date=20230206T021533, end_date=20230206T021535
[2023-02-05 21:15:36,050] {local_task_job.py:156} INFO - Task exited with return code 0
[2023-02-05 21:15:36,152] {local_task_job.py:273} INFO - 1 downstream tasks scheduled from follow-on schedule check
[2023-02-05 21:34:35,648] {taskinstance.py:1179} INFO - Dependencies all met for <TaskInstance: 06_monitoring.task_1 scheduled__2022-11-13T00:00:00+00:00 [queued]>
[2023-02-05 21:34:35,660] {taskinstance.py:1179} INFO - Dependencies all met for <TaskInstance: 06_monitoring.task_1 scheduled__2022-11-13T00:00:00+00:00 [queued]>
[2023-02-05 21:34:35,660] {taskinstance.py:1376} INFO - 
--------------------------------------------------------------------------------
[2023-02-05 21:34:35,661] {taskinstance.py:1377} INFO - Starting attempt 1 of 1
[2023-02-05 21:34:35,661] {taskinstance.py:1378} INFO - 
--------------------------------------------------------------------------------
[2023-02-05 21:34:35,681] {taskinstance.py:1397} INFO - Executing <Task(BashOperator): task_1> on 2022-11-13 00:00:00+00:00
[2023-02-05 21:34:35,685] {standard_task_runner.py:52} INFO - Started process 36179 to run task
[2023-02-05 21:34:35,689] {standard_task_runner.py:79} INFO - Running: ['airflow', 'tasks', 'run', '06_monitoring', 'task_1', 'scheduled__2022-11-13T00:00:00+00:00', '--job-id', '147', '--raw', '--subdir', 'DAGS_FOLDER/06_monitoring.py', '--cfg-path', '/tmp/tmpid7s83k6', '--error-file', '/tmp/tmp1lwfax27']
[2023-02-05 21:34:35,690] {standard_task_runner.py:80} INFO - Job 147: Subtask task_1
[2023-02-05 21:34:35,770] {task_command.py:371} INFO - Running <TaskInstance: 06_monitoring.task_1 scheduled__2022-11-13T00:00:00+00:00 [running]> on host pc.
[2023-02-05 21:34:35,857] {taskinstance.py:1589} INFO - Exporting the following env vars:
AIRFLOW_CTX_DAG_OWNER=airflow
AIRFLOW_CTX_DAG_ID=06_monitoring
AIRFLOW_CTX_TASK_ID=task_1
AIRFLOW_CTX_EXECUTION_DATE=2022-11-13T00:00:00+00:00
AIRFLOW_CTX_TRY_NUMBER=1
AIRFLOW_CTX_DAG_RUN_ID=scheduled__2022-11-13T00:00:00+00:00
[2023-02-05 21:34:35,858] {subprocess.py:62} INFO - Tmp dir root location: 
 /tmp
[2023-02-05 21:34:35,859] {subprocess.py:74} INFO - Running command: ['bash', '-c', "sleep 2 && echo 'First task!'"]
[2023-02-05 21:34:35,867] {subprocess.py:85} INFO - Output:
[2023-02-05 21:34:37,869] {subprocess.py:92} INFO - First task!
[2023-02-05 21:34:37,869] {subprocess.py:96} INFO - Command exited with return code 0
[2023-02-05 21:34:39,352] {taskinstance.py:1415} INFO - Marking task as SUCCESS. dag_id=06_monitoring, task_id=task_1, execution_date=20221113T000000, start_date=20230206T023435, end_date=20230206T023439
[2023-02-05 21:34:39,879] {local_task_job.py:156} INFO - Task exited with return code 0
[2023-02-05 21:34:39,931] {local_task_job.py:273} INFO - 1 downstream tasks scheduled from follow-on schedule check
