[2023-02-05 21:27:12,537] {taskinstance.py:1179} INFO - Dependencies all met for <TaskInstance: 06_monitoring.task_1 scheduled__2022-11-13T00:00:00+00:00 [queued]>
[2023-02-05 21:27:12,548] {taskinstance.py:1179} INFO - Dependencies all met for <TaskInstance: 06_monitoring.task_1 scheduled__2022-11-13T00:00:00+00:00 [queued]>
[2023-02-05 21:27:12,548] {taskinstance.py:1376} INFO - 
--------------------------------------------------------------------------------
[2023-02-05 21:27:12,548] {taskinstance.py:1377} INFO - Starting attempt 2 of 2
[2023-02-05 21:27:12,548] {taskinstance.py:1378} INFO - 
--------------------------------------------------------------------------------
[2023-02-05 21:27:12,570] {taskinstance.py:1397} INFO - Executing <Task(BashOperator): task_1> on 2022-11-13 00:00:00+00:00
[2023-02-05 21:27:12,573] {standard_task_runner.py:52} INFO - Started process 35772 to run task
[2023-02-05 21:27:12,579] {standard_task_runner.py:79} INFO - Running: ['airflow', 'tasks', 'run', '06_monitoring', 'task_1', 'scheduled__2022-11-13T00:00:00+00:00', '--job-id', '204', '--raw', '--subdir', 'DAGS_FOLDER/06_monitoring.py', '--cfg-path', '/tmp/tmpemu69bea', '--error-file', '/tmp/tmpfccqg1vv']
[2023-02-05 21:27:12,580] {standard_task_runner.py:80} INFO - Job 204: Subtask task_1
[2023-02-05 21:27:12,656] {task_command.py:371} INFO - Running <TaskInstance: 06_monitoring.task_1 scheduled__2022-11-13T00:00:00+00:00 [running]> on host pc.
[2023-02-05 21:27:12,747] {taskinstance.py:1589} INFO - Exporting the following env vars:
AIRFLOW_CTX_DAG_OWNER=airflow
AIRFLOW_CTX_DAG_ID=06_monitoring
AIRFLOW_CTX_TASK_ID=task_1
AIRFLOW_CTX_EXECUTION_DATE=2022-11-13T00:00:00+00:00
AIRFLOW_CTX_TRY_NUMBER=2
AIRFLOW_CTX_DAG_RUN_ID=scheduled__2022-11-13T00:00:00+00:00
[2023-02-05 21:27:12,748] {subprocess.py:62} INFO - Tmp dir root location: 
 /tmp
[2023-02-05 21:27:12,749] {subprocess.py:74} INFO - Running command: ['bash', '-c', "sleep 2 && echo 'First task!'"]
[2023-02-05 21:27:12,756] {subprocess.py:85} INFO - Output:
[2023-02-05 21:27:14,759] {subprocess.py:92} INFO - First task!
[2023-02-05 21:27:14,759] {subprocess.py:96} INFO - Command exited with return code 0
[2023-02-05 21:27:14,794] {taskinstance.py:1415} INFO - Marking task as SUCCESS. dag_id=06_monitoring, task_id=task_1, execution_date=20221113T000000, start_date=20230206T022712, end_date=20230206T022714
[2023-02-05 21:27:14,840] {local_task_job.py:156} INFO - Task exited with return code 0
[2023-02-05 21:27:14,870] {local_task_job.py:273} INFO - 0 downstream tasks scheduled from follow-on schedule check
[2023-02-05 21:57:04,587] {taskinstance.py:1179} INFO - Dependencies all met for <TaskInstance: 06_monitoring.task_1 scheduled__2022-11-13T00:00:00+00:00 [queued]>
[2023-02-05 21:57:04,602] {taskinstance.py:1179} INFO - Dependencies all met for <TaskInstance: 06_monitoring.task_1 scheduled__2022-11-13T00:00:00+00:00 [queued]>
[2023-02-05 21:57:04,602] {taskinstance.py:1376} INFO - 
--------------------------------------------------------------------------------
[2023-02-05 21:57:04,602] {taskinstance.py:1377} INFO - Starting attempt 2 of 2
[2023-02-05 21:57:04,602] {taskinstance.py:1378} INFO - 
--------------------------------------------------------------------------------
[2023-02-05 21:57:04,626] {taskinstance.py:1397} INFO - Executing <Task(BashOperator): task_1> on 2022-11-13 00:00:00+00:00
[2023-02-05 21:57:04,629] {standard_task_runner.py:52} INFO - Started process 36911 to run task
[2023-02-05 21:57:04,634] {standard_task_runner.py:79} INFO - Running: ['airflow', 'tasks', 'run', '06_monitoring', 'task_1', 'scheduled__2022-11-13T00:00:00+00:00', '--job-id', '227', '--raw', '--subdir', 'DAGS_FOLDER/06_monitoring.py', '--cfg-path', '/tmp/tmpr1tp7vsr', '--error-file', '/tmp/tmphuaf_0o6']
[2023-02-05 21:57:04,635] {standard_task_runner.py:80} INFO - Job 227: Subtask task_1
[2023-02-05 21:57:04,716] {task_command.py:371} INFO - Running <TaskInstance: 06_monitoring.task_1 scheduled__2022-11-13T00:00:00+00:00 [running]> on host pc.
[2023-02-05 21:57:04,805] {taskinstance.py:1589} INFO - Exporting the following env vars:
AIRFLOW_CTX_DAG_OWNER=airflow
AIRFLOW_CTX_DAG_ID=06_monitoring
AIRFLOW_CTX_TASK_ID=task_1
AIRFLOW_CTX_EXECUTION_DATE=2022-11-13T00:00:00+00:00
AIRFLOW_CTX_TRY_NUMBER=2
AIRFLOW_CTX_DAG_RUN_ID=scheduled__2022-11-13T00:00:00+00:00
[2023-02-05 21:57:04,806] {subprocess.py:62} INFO - Tmp dir root location: 
 /tmp
[2023-02-05 21:57:04,808] {subprocess.py:74} INFO - Running command: ['bash', '-c', "sleep 2 && echo 'First task!'"]
[2023-02-05 21:57:04,817] {subprocess.py:85} INFO - Output:
[2023-02-05 21:57:06,819] {subprocess.py:92} INFO - First task!
[2023-02-05 21:57:06,819] {subprocess.py:96} INFO - Command exited with return code 0
[2023-02-05 21:57:08,692] {taskinstance.py:1415} INFO - Marking task as SUCCESS. dag_id=06_monitoring, task_id=task_1, execution_date=20221113T000000, start_date=20230206T025704, end_date=20230206T025708
[2023-02-05 21:57:08,743] {local_task_job.py:156} INFO - Task exited with return code 0
[2023-02-05 21:57:08,828] {local_task_job.py:273} INFO - 1 downstream tasks scheduled from follow-on schedule check
