[2023-02-07 20:02:34,116] {taskinstance.py:1179} INFO - Dependencies all met for <TaskInstance: 07.3_file_sensor.file_task scheduled__2022-12-31T00:00:00+00:00 [queued]>
[2023-02-07 20:02:34,127] {taskinstance.py:1179} INFO - Dependencies all met for <TaskInstance: 07.3_file_sensor.file_task scheduled__2022-12-31T00:00:00+00:00 [queued]>
[2023-02-07 20:02:34,127] {taskinstance.py:1376} INFO - 
--------------------------------------------------------------------------------
[2023-02-07 20:02:34,127] {taskinstance.py:1377} INFO - Starting attempt 1 of 1
[2023-02-07 20:02:34,127] {taskinstance.py:1378} INFO - 
--------------------------------------------------------------------------------
[2023-02-07 20:02:34,152] {taskinstance.py:1397} INFO - Executing <Task(BashOperator): file_task> on 2022-12-31 00:00:00+00:00
[2023-02-07 20:02:34,157] {standard_task_runner.py:52} INFO - Started process 43444 to run task
[2023-02-07 20:02:34,163] {standard_task_runner.py:79} INFO - Running: ['airflow', 'tasks', 'run', '07.3_file_sensor', 'file_task', 'scheduled__2022-12-31T00:00:00+00:00', '--job-id', '899', '--raw', '--subdir', 'DAGS_FOLDER/07.3_file_sensor.py', '--cfg-path', '/tmp/tmpdsdwijer', '--error-file', '/tmp/tmpyeacto9w']
[2023-02-07 20:02:34,164] {standard_task_runner.py:80} INFO - Job 899: Subtask file_task
[2023-02-07 20:02:34,261] {task_command.py:371} INFO - Running <TaskInstance: 07.3_file_sensor.file_task scheduled__2022-12-31T00:00:00+00:00 [running]> on host pc.
[2023-02-07 20:02:34,362] {taskinstance.py:1589} INFO - Exporting the following env vars:
AIRFLOW_CTX_DAG_OWNER=airflow
AIRFLOW_CTX_DAG_ID=07.3_file_sensor
AIRFLOW_CTX_TASK_ID=file_task
AIRFLOW_CTX_EXECUTION_DATE=2022-12-31T00:00:00+00:00
AIRFLOW_CTX_TRY_NUMBER=1
AIRFLOW_CTX_DAG_RUN_ID=scheduled__2022-12-31T00:00:00+00:00
[2023-02-07 20:02:34,364] {subprocess.py:62} INFO - Tmp dir root location: 
 /tmp
[2023-02-07 20:02:34,364] {subprocess.py:74} INFO - Running command: ['bash', '-c', 'sleep 10 && touch /tmp/file.txt']
[2023-02-07 20:02:34,375] {subprocess.py:85} INFO - Output:
[2023-02-07 20:02:44,380] {subprocess.py:96} INFO - Command exited with return code 0
[2023-02-07 20:02:44,413] {taskinstance.py:1415} INFO - Marking task as SUCCESS. dag_id=07.3_file_sensor, task_id=file_task, execution_date=20221231T000000, start_date=20230208T010234, end_date=20230208T010244
[2023-02-07 20:02:44,454] {local_task_job.py:156} INFO - Task exited with return code 0
[2023-02-07 20:02:44,494] {local_task_job.py:273} INFO - 1 downstream tasks scheduled from follow-on schedule check
